[2023-08-01 23:09:12,149] {taskinstance.py:1179} INFO - Dependencies all met for <TaskInstance: vic_investigacion_ETL.semilleros manual__2023-08-01T23:09:08.652177+00:00 [queued]>
[2023-08-01 23:09:12,181] {taskinstance.py:1179} INFO - Dependencies all met for <TaskInstance: vic_investigacion_ETL.semilleros manual__2023-08-01T23:09:08.652177+00:00 [queued]>
[2023-08-01 23:09:12,187] {taskinstance.py:1376} INFO - 
--------------------------------------------------------------------------------
[2023-08-01 23:09:12,192] {taskinstance.py:1377} INFO - Starting attempt 1 of 1
[2023-08-01 23:09:12,198] {taskinstance.py:1378} INFO - 
--------------------------------------------------------------------------------
[2023-08-01 23:09:12,226] {taskinstance.py:1397} INFO - Executing <Task(PrepareSemilleros): semilleros> on 2023-08-01 23:09:08.652177+00:00
[2023-08-01 23:09:12,272] {standard_task_runner.py:52} INFO - Started process 711 to run task
[2023-08-01 23:09:12,280] {standard_task_runner.py:79} INFO - Running: ['***', 'tasks', 'run', 'vic_investigacion_ETL', 'semilleros', 'manual__2023-08-01T23:09:08.652177+00:00', '--job-id', '156', '--raw', '--subdir', 'DAGS_FOLDER/vic_investigacion_dag.py', '--cfg-path', '/tmp/tmpy89i_thi', '--error-file', '/tmp/tmpzfp7d2_f']
[2023-08-01 23:09:12,283] {standard_task_runner.py:80} INFO - Job 156: Subtask semilleros
[2023-08-01 23:09:12,423] {task_command.py:371} INFO - Running <TaskInstance: vic_investigacion_ETL.semilleros manual__2023-08-01T23:09:08.652177+00:00 [running]> on host 6c8a51d4a614
[2023-08-01 23:09:12,603] {taskinstance.py:1591} INFO - Exporting the following env vars:
AIRFLOW_CTX_DAG_OWNER=***
AIRFLOW_CTX_DAG_ID=vic_investigacion_ETL
AIRFLOW_CTX_TASK_ID=semilleros
AIRFLOW_CTX_EXECUTION_DATE=2023-08-01T23:09:08.652177+00:00
AIRFLOW_CTX_TRY_NUMBER=1
AIRFLOW_CTX_DAG_RUN_ID=manual__2023-08-01T23:09:08.652177+00:00
[2023-08-01 23:09:12,611] {logging_mixin.py:115} INFO - Reading Semilleros
[2023-08-01 23:09:15,163] {taskinstance.py:1420} INFO - Marking task as SUCCESS. dag_id=vic_investigacion_ETL, task_id=semilleros, execution_date=20230801T230908, start_date=20230801T230912, end_date=20230801T230915
[2023-08-01 23:09:15,379] {local_task_job.py:156} INFO - Task exited with return code 0
