[2023-08-02 22:32:51,605] {taskinstance.py:1179} INFO - Dependencies all met for <TaskInstance: vic_investigacion_ETL.proyectos manual__2023-08-02T22:32:49.392259+00:00 [queued]>
[2023-08-02 22:32:51,616] {taskinstance.py:1179} INFO - Dependencies all met for <TaskInstance: vic_investigacion_ETL.proyectos manual__2023-08-02T22:32:49.392259+00:00 [queued]>
[2023-08-02 22:32:51,617] {taskinstance.py:1376} INFO - 
--------------------------------------------------------------------------------
[2023-08-02 22:32:51,618] {taskinstance.py:1377} INFO - Starting attempt 1 of 1
[2023-08-02 22:32:51,618] {taskinstance.py:1378} INFO - 
--------------------------------------------------------------------------------
[2023-08-02 22:32:51,630] {taskinstance.py:1397} INFO - Executing <Task(PrepareProyectos): proyectos> on 2023-08-02 22:32:49.392259+00:00
[2023-08-02 22:32:51,639] {standard_task_runner.py:52} INFO - Started process 737 to run task
[2023-08-02 22:32:51,643] {standard_task_runner.py:79} INFO - Running: ['***', 'tasks', 'run', 'vic_investigacion_ETL', 'proyectos', 'manual__2023-08-02T22:32:49.392259+00:00', '--job-id', '217', '--raw', '--subdir', 'DAGS_FOLDER/vic_investigacion_dag.py', '--cfg-path', '/tmp/tmpl3tnxth4', '--error-file', '/tmp/tmpniivpn4u']
[2023-08-02 22:32:51,645] {standard_task_runner.py:80} INFO - Job 217: Subtask proyectos
[2023-08-02 22:32:51,735] {task_command.py:371} INFO - Running <TaskInstance: vic_investigacion_ETL.proyectos manual__2023-08-02T22:32:49.392259+00:00 [running]> on host 6c8a51d4a614
[2023-08-02 22:32:51,892] {taskinstance.py:1591} INFO - Exporting the following env vars:
AIRFLOW_CTX_DAG_OWNER=***
AIRFLOW_CTX_DAG_ID=vic_investigacion_ETL
AIRFLOW_CTX_TASK_ID=proyectos
AIRFLOW_CTX_EXECUTION_DATE=2023-08-02T22:32:49.392259+00:00
AIRFLOW_CTX_TRY_NUMBER=1
AIRFLOW_CTX_DAG_RUN_ID=manual__2023-08-02T22:32:49.392259+00:00
[2023-08-02 22:32:51,899] {logging_mixin.py:115} INFO - Reading Journals
[2023-08-02 22:33:04,565] {taskinstance.py:1420} INFO - Marking task as SUCCESS. dag_id=vic_investigacion_ETL, task_id=proyectos, execution_date=20230802T223249, start_date=20230802T223251, end_date=20230802T223304
[2023-08-02 22:33:04,757] {local_task_job.py:156} INFO - Task exited with return code 0
