[2023-06-01 00:14:33,988] {taskinstance.py:1179} INFO - Dependencies all met for <TaskInstance: vic_investigacion_ETL.prepare_group_lac_data manual__2023-06-01T00:14:31.815409+00:00 [queued]>
[2023-06-01 00:14:34,000] {taskinstance.py:1179} INFO - Dependencies all met for <TaskInstance: vic_investigacion_ETL.prepare_group_lac_data manual__2023-06-01T00:14:31.815409+00:00 [queued]>
[2023-06-01 00:14:34,002] {taskinstance.py:1376} INFO - 
--------------------------------------------------------------------------------
[2023-06-01 00:14:34,003] {taskinstance.py:1377} INFO - Starting attempt 1 of 1
[2023-06-01 00:14:34,006] {taskinstance.py:1378} INFO - 
--------------------------------------------------------------------------------
[2023-06-01 00:14:34,045] {taskinstance.py:1397} INFO - Executing <Task(PrepareGroupLacData): prepare_group_lac_data> on 2023-06-01 00:14:31.815409+00:00
[2023-06-01 00:14:34,070] {standard_task_runner.py:52} INFO - Started process 2448 to run task
[2023-06-01 00:14:34,075] {standard_task_runner.py:79} INFO - Running: ['***', 'tasks', 'run', 'vic_investigacion_ETL', 'prepare_group_lac_data', 'manual__2023-06-01T00:14:31.815409+00:00', '--job-id', '34', '--raw', '--subdir', 'DAGS_FOLDER/vic_investigacion_dag.py', '--cfg-path', '/tmp/tmpuu772eij', '--error-file', '/tmp/tmpro4uk1q6']
[2023-06-01 00:14:34,079] {standard_task_runner.py:80} INFO - Job 34: Subtask prepare_group_lac_data
[2023-06-01 00:14:34,270] {task_command.py:371} INFO - Running <TaskInstance: vic_investigacion_ETL.prepare_group_lac_data manual__2023-06-01T00:14:31.815409+00:00 [running]> on host 5d9ccb732815
[2023-06-01 00:14:34,434] {taskinstance.py:1591} INFO - Exporting the following env vars:
AIRFLOW_CTX_DAG_OWNER=***
AIRFLOW_CTX_DAG_ID=vic_investigacion_ETL
AIRFLOW_CTX_TASK_ID=prepare_group_lac_data
AIRFLOW_CTX_EXECUTION_DATE=2023-06-01T00:14:31.815409+00:00
AIRFLOW_CTX_TRY_NUMBER=1
AIRFLOW_CTX_DAG_RUN_ID=manual__2023-06-01T00:14:31.815409+00:00
[2023-06-01 00:14:34,444] {logging_mixin.py:115} INFO - Preparing group lac Data
[2023-06-01 00:14:34,474] {taskinstance.py:1420} INFO - Marking task as SUCCESS. dag_id=vic_investigacion_ETL, task_id=prepare_group_lac_data, execution_date=20230601T001431, start_date=20230601T001433, end_date=20230601T001434
[2023-06-01 00:14:34,527] {local_task_job.py:156} INFO - Task exited with return code 0
[2023-06-01 00:14:34,823] {local_task_job.py:273} INFO - 0 downstream tasks scheduled from follow-on schedule check
