[2023-07-26 17:30:43,309] {taskinstance.py:1179} INFO - Dependencies all met for <TaskInstance: vic_investigacion_ETL.semilleros manual__2023-07-26T17:30:40.993909+00:00 [queued]>
[2023-07-26 17:30:43,331] {taskinstance.py:1179} INFO - Dependencies all met for <TaskInstance: vic_investigacion_ETL.semilleros manual__2023-07-26T17:30:40.993909+00:00 [queued]>
[2023-07-26 17:30:43,333] {taskinstance.py:1376} INFO - 
--------------------------------------------------------------------------------
[2023-07-26 17:30:43,333] {taskinstance.py:1377} INFO - Starting attempt 1 of 1
[2023-07-26 17:30:43,334] {taskinstance.py:1378} INFO - 
--------------------------------------------------------------------------------
[2023-07-26 17:30:43,358] {taskinstance.py:1397} INFO - Executing <Task(PrepareSemilleros): semilleros> on 2023-07-26 17:30:40.993909+00:00
[2023-07-26 17:30:43,370] {standard_task_runner.py:52} INFO - Started process 771 to run task
[2023-07-26 17:30:43,375] {standard_task_runner.py:79} INFO - Running: ['***', 'tasks', 'run', 'vic_investigacion_ETL', 'semilleros', 'manual__2023-07-26T17:30:40.993909+00:00', '--job-id', '128', '--raw', '--subdir', 'DAGS_FOLDER/vic_investigacion_dag.py', '--cfg-path', '/tmp/tmp_zgy1b72', '--error-file', '/tmp/tmpp25lrs3b']
[2023-07-26 17:30:43,377] {standard_task_runner.py:80} INFO - Job 128: Subtask semilleros
[2023-07-26 17:30:43,492] {task_command.py:371} INFO - Running <TaskInstance: vic_investigacion_ETL.semilleros manual__2023-07-26T17:30:40.993909+00:00 [running]> on host 6c8a51d4a614
[2023-07-26 17:30:43,712] {taskinstance.py:1591} INFO - Exporting the following env vars:
AIRFLOW_CTX_DAG_OWNER=***
AIRFLOW_CTX_DAG_ID=vic_investigacion_ETL
AIRFLOW_CTX_TASK_ID=semilleros
AIRFLOW_CTX_EXECUTION_DATE=2023-07-26T17:30:40.993909+00:00
AIRFLOW_CTX_TRY_NUMBER=1
AIRFLOW_CTX_DAG_RUN_ID=manual__2023-07-26T17:30:40.993909+00:00
[2023-07-26 17:30:43,729] {logging_mixin.py:115} INFO - Reading Semilleros
[2023-07-26 17:30:45,933] {taskinstance.py:1420} INFO - Marking task as SUCCESS. dag_id=vic_investigacion_ETL, task_id=semilleros, execution_date=20230726T173040, start_date=20230726T173043, end_date=20230726T173045
[2023-07-26 17:30:46,102] {local_task_job.py:156} INFO - Task exited with return code 0
