[2023-06-01 02:01:45,061] {taskinstance.py:1179} INFO - Dependencies all met for <TaskInstance: vic_investigacion_ETL.prepare_cv_lac_data manual__2023-06-01T02:01:42.245499+00:00 [queued]>
[2023-06-01 02:01:45,082] {taskinstance.py:1179} INFO - Dependencies all met for <TaskInstance: vic_investigacion_ETL.prepare_cv_lac_data manual__2023-06-01T02:01:42.245499+00:00 [queued]>
[2023-06-01 02:01:45,083] {taskinstance.py:1376} INFO - 
--------------------------------------------------------------------------------
[2023-06-01 02:01:45,085] {taskinstance.py:1377} INFO - Starting attempt 1 of 1
[2023-06-01 02:01:45,086] {taskinstance.py:1378} INFO - 
--------------------------------------------------------------------------------
[2023-06-01 02:01:45,101] {taskinstance.py:1397} INFO - Executing <Task(PrepareCvLacData): prepare_cv_lac_data> on 2023-06-01 02:01:42.245499+00:00
[2023-06-01 02:01:45,119] {standard_task_runner.py:52} INFO - Started process 4859 to run task
[2023-06-01 02:01:45,130] {standard_task_runner.py:79} INFO - Running: ['***', 'tasks', 'run', 'vic_investigacion_ETL', 'prepare_cv_lac_data', 'manual__2023-06-01T02:01:42.245499+00:00', '--job-id', '210', '--raw', '--subdir', 'DAGS_FOLDER/vic_investigacion_dag.py', '--cfg-path', '/tmp/tmp7hakf0jd', '--error-file', '/tmp/tmpl9gsc0qy']
[2023-06-01 02:01:45,135] {standard_task_runner.py:80} INFO - Job 210: Subtask prepare_cv_lac_data
[2023-06-01 02:01:45,284] {task_command.py:371} INFO - Running <TaskInstance: vic_investigacion_ETL.prepare_cv_lac_data manual__2023-06-01T02:01:42.245499+00:00 [running]> on host 5d9ccb732815
[2023-06-01 02:01:45,379] {taskinstance.py:1591} INFO - Exporting the following env vars:
AIRFLOW_CTX_DAG_OWNER=***
AIRFLOW_CTX_DAG_ID=vic_investigacion_ETL
AIRFLOW_CTX_TASK_ID=prepare_cv_lac_data
AIRFLOW_CTX_EXECUTION_DATE=2023-06-01T02:01:42.245499+00:00
AIRFLOW_CTX_TRY_NUMBER=1
AIRFLOW_CTX_DAG_RUN_ID=manual__2023-06-01T02:01:42.245499+00:00
[2023-06-01 02:01:45,383] {logging_mixin.py:115} INFO - Preparing cv lac Data
[2023-06-01 02:01:45,429] {taskinstance.py:1420} INFO - Marking task as SUCCESS. dag_id=vic_investigacion_ETL, task_id=prepare_cv_lac_data, execution_date=20230601T020142, start_date=20230601T020145, end_date=20230601T020145
[2023-06-01 02:01:45,475] {local_task_job.py:156} INFO - Task exited with return code 0
[2023-06-01 02:01:45,532] {local_task_job.py:273} INFO - 0 downstream tasks scheduled from follow-on schedule check
