[2023-04-24 17:39:48,384] {taskinstance.py:1179} INFO - Dependencies all met for <TaskInstance: vic_investigacion_ETL.prepare_wos_data manual__2023-04-24T17:39:43.016828+00:00 [queued]>
[2023-04-24 17:39:48,393] {taskinstance.py:1179} INFO - Dependencies all met for <TaskInstance: vic_investigacion_ETL.prepare_wos_data manual__2023-04-24T17:39:43.016828+00:00 [queued]>
[2023-04-24 17:39:48,394] {taskinstance.py:1376} INFO - 
--------------------------------------------------------------------------------
[2023-04-24 17:39:48,395] {taskinstance.py:1377} INFO - Starting attempt 1 of 1
[2023-04-24 17:39:48,396] {taskinstance.py:1378} INFO - 
--------------------------------------------------------------------------------
[2023-04-24 17:39:48,408] {taskinstance.py:1397} INFO - Executing <Task(PrepareWosData): prepare_wos_data> on 2023-04-24 17:39:43.016828+00:00
[2023-04-24 17:39:48,416] {standard_task_runner.py:52} INFO - Started process 6797 to run task
[2023-04-24 17:39:48,421] {standard_task_runner.py:79} INFO - Running: ['***', 'tasks', 'run', 'vic_investigacion_ETL', 'prepare_wos_data', 'manual__2023-04-24T17:39:43.016828+00:00', '--job-id', '407', '--raw', '--subdir', 'DAGS_FOLDER/vic_investigacion_dag.py', '--cfg-path', '/tmp/tmpk_ad0rvs', '--error-file', '/tmp/tmpxd_63_1n']
[2023-04-24 17:39:48,433] {standard_task_runner.py:80} INFO - Job 407: Subtask prepare_wos_data
[2023-04-24 17:39:48,604] {task_command.py:371} INFO - Running <TaskInstance: vic_investigacion_ETL.prepare_wos_data manual__2023-04-24T17:39:43.016828+00:00 [running]> on host b136a0a45498
[2023-04-24 17:39:48,772] {taskinstance.py:1591} INFO - Exporting the following env vars:
AIRFLOW_CTX_DAG_OWNER=***
AIRFLOW_CTX_DAG_ID=vic_investigacion_ETL
AIRFLOW_CTX_TASK_ID=prepare_wos_data
AIRFLOW_CTX_EXECUTION_DATE=2023-04-24T17:39:43.016828+00:00
AIRFLOW_CTX_TRY_NUMBER=1
AIRFLOW_CTX_DAG_RUN_ID=manual__2023-04-24T17:39:43.016828+00:00
[2023-04-24 17:39:48,775] {logging_mixin.py:115} INFO - Preparing WOS Data
[2023-04-24 17:39:49,320] {taskinstance.py:1420} INFO - Marking task as SUCCESS. dag_id=vic_investigacion_ETL, task_id=prepare_wos_data, execution_date=20230424T173943, start_date=20230424T173948, end_date=20230424T173949
[2023-04-24 17:39:49,424] {local_task_job.py:156} INFO - Task exited with return code 0
