[2023-07-26 16:19:22,347] {taskinstance.py:1179} INFO - Dependencies all met for <TaskInstance: vic_investigacion_ETL.upload_data_big_query manual__2023-07-26T16:18:53.986034+00:00 [queued]>
[2023-07-26 16:19:22,354] {taskinstance.py:1179} INFO - Dependencies all met for <TaskInstance: vic_investigacion_ETL.upload_data_big_query manual__2023-07-26T16:18:53.986034+00:00 [queued]>
[2023-07-26 16:19:22,355] {taskinstance.py:1376} INFO - 
--------------------------------------------------------------------------------
[2023-07-26 16:19:22,355] {taskinstance.py:1377} INFO - Starting attempt 1 of 1
[2023-07-26 16:19:22,356] {taskinstance.py:1378} INFO - 
--------------------------------------------------------------------------------
[2023-07-26 16:19:22,365] {taskinstance.py:1397} INFO - Executing <Task(ExportData): upload_data_big_query> on 2023-07-26 16:18:53.986034+00:00
[2023-07-26 16:19:22,371] {standard_task_runner.py:52} INFO - Started process 2656 to run task
[2023-07-26 16:19:22,376] {standard_task_runner.py:79} INFO - Running: ['***', 'tasks', 'run', 'vic_investigacion_ETL', 'upload_data_big_query', 'manual__2023-07-26T16:18:53.986034+00:00', '--job-id', '92', '--raw', '--subdir', 'DAGS_FOLDER/vic_investigacion_dag.py', '--cfg-path', '/tmp/tmpubsm8scp', '--error-file', '/tmp/tmpfdw51gdi']
[2023-07-26 16:19:22,378] {standard_task_runner.py:80} INFO - Job 92: Subtask upload_data_big_query
[2023-07-26 16:19:22,435] {task_command.py:371} INFO - Running <TaskInstance: vic_investigacion_ETL.upload_data_big_query manual__2023-07-26T16:18:53.986034+00:00 [running]> on host f4f0af373b5a
[2023-07-26 16:19:22,484] {taskinstance.py:1591} INFO - Exporting the following env vars:
AIRFLOW_CTX_DAG_OWNER=***
AIRFLOW_CTX_DAG_ID=vic_investigacion_ETL
AIRFLOW_CTX_TASK_ID=upload_data_big_query
AIRFLOW_CTX_EXECUTION_DATE=2023-07-26T16:18:53.986034+00:00
AIRFLOW_CTX_TRY_NUMBER=1
AIRFLOW_CTX_DAG_RUN_ID=manual__2023-07-26T16:18:53.986034+00:00
[2023-07-26 16:19:22,486] {logging_mixin.py:115} INFO - Exporting Data
[2023-07-26 16:19:22,489] {logging_mixin.py:115} INFO - 📝File name: journals, File Path: $/opt/***/data/to_upload/journals.csv
[2023-07-26 16:19:31,811] {logging_mixin.py:115} INFO - LoadJob<project=viceinvestigacion, location=US, id=03b6856b-54ec-4f44-9dea-0e52534a890c>
[2023-07-26 16:19:31,813] {logging_mixin.py:115} INFO - 📝File name: produccion_validada, File Path: $/opt/***/data/to_upload/produccion_validada.csv
[2023-07-26 16:19:39,428] {logging_mixin.py:115} INFO - LoadJob<project=viceinvestigacion, location=US, id=09e9dedb-0c93-43d3-ad82-005c0f2a2b81>
[2023-07-26 16:19:39,432] {logging_mixin.py:115} INFO - 📝File name: profesores_core_data, File Path: $/opt/***/data/to_upload/profesores_core_data.csv
[2023-07-26 16:19:43,286] {logging_mixin.py:115} INFO - LoadJob<project=viceinvestigacion, location=US, id=52bfc92b-ab5f-4cb3-8f9b-87ec645d7fb8>
[2023-07-26 16:19:43,287] {logging_mixin.py:115} INFO - 📝File name: profesores_formacion, File Path: $/opt/***/data/to_upload/profesores_formacion.csv
[2023-07-26 16:19:48,969] {logging_mixin.py:115} INFO - LoadJob<project=viceinvestigacion, location=US, id=8c6972e8-18ce-4124-a930-e5c53736bda7>
[2023-07-26 16:19:48,978] {logging_mixin.py:115} INFO - 📝File name: profesores_hijos, File Path: $/opt/***/data/to_upload/profesores_hijos.csv
[2023-07-26 16:19:54,273] {logging_mixin.py:115} INFO - LoadJob<project=viceinvestigacion, location=US, id=dfe37504-37a6-4aa3-b486-268626426731>
[2023-07-26 16:19:54,277] {logging_mixin.py:115} INFO - 📝File name: profesores_validados, File Path: $/opt/***/data/to_upload/profesores_validados.csv
[2023-07-26 16:19:57,040] {logging_mixin.py:115} INFO - LoadJob<project=viceinvestigacion, location=US, id=bcf978d8-0fab-4c51-92e6-5d2fadf88415>
[2023-07-26 16:19:57,042] {logging_mixin.py:115} INFO - 📝File name: profesores_validados_scopus_ids, File Path: $/opt/***/data/to_upload/profesores_validados_scopus_ids.csv
[2023-07-26 16:20:00,038] {logging_mixin.py:115} INFO - LoadJob<project=viceinvestigacion, location=US, id=710bb895-7448-4859-8042-a5bcb959612f>
[2023-07-26 16:20:00,042] {logging_mixin.py:115} INFO - 📝File name: respositorio_inst, File Path: $/opt/***/data/to_upload/respositorio_inst.xlsx
[2023-07-26 16:20:31,956] {logging_mixin.py:115} INFO - LoadJob<project=viceinvestigacion, location=US, id=0bf5a92f-f7f8-463a-8ef8-50e8b30add28>
[2023-07-26 16:20:32,264] {taskinstance.py:1420} INFO - Marking task as SUCCESS. dag_id=vic_investigacion_ETL, task_id=upload_data_big_query, execution_date=20230726T161853, start_date=20230726T161922, end_date=20230726T162032
[2023-07-26 16:20:32,497] {local_task_job.py:156} INFO - Task exited with return code 0
[2023-07-26 16:20:32,546] {local_task_job.py:273} INFO - 0 downstream tasks scheduled from follow-on schedule check
