[2023-04-24 15:31:11,360] {taskinstance.py:1179} INFO - Dependencies all met for <TaskInstance: vic_investigacion_ETL.prepare_group_lac_data manual__2023-04-24T15:31:05.253597+00:00 [queued]>
[2023-04-24 15:31:11,373] {taskinstance.py:1179} INFO - Dependencies all met for <TaskInstance: vic_investigacion_ETL.prepare_group_lac_data manual__2023-04-24T15:31:05.253597+00:00 [queued]>
[2023-04-24 15:31:11,374] {taskinstance.py:1376} INFO - 
--------------------------------------------------------------------------------
[2023-04-24 15:31:11,375] {taskinstance.py:1377} INFO - Starting attempt 1 of 1
[2023-04-24 15:31:11,376] {taskinstance.py:1378} INFO - 
--------------------------------------------------------------------------------
[2023-04-24 15:31:11,393] {taskinstance.py:1397} INFO - Executing <Task(PrepareGroupLacData): prepare_group_lac_data> on 2023-04-24 15:31:05.253597+00:00
[2023-04-24 15:31:11,405] {standard_task_runner.py:52} INFO - Started process 311 to run task
[2023-04-24 15:31:11,412] {standard_task_runner.py:79} INFO - Running: ['***', 'tasks', 'run', 'vic_investigacion_ETL', 'prepare_group_lac_data', 'manual__2023-04-24T15:31:05.253597+00:00', '--job-id', '258', '--raw', '--subdir', 'DAGS_FOLDER/vic_investigacion_dag.py', '--cfg-path', '/tmp/tmpgag0q015', '--error-file', '/tmp/tmpa3ahla6u']
[2023-04-24 15:31:11,415] {standard_task_runner.py:80} INFO - Job 258: Subtask prepare_group_lac_data
[2023-04-24 15:31:11,523] {task_command.py:371} INFO - Running <TaskInstance: vic_investigacion_ETL.prepare_group_lac_data manual__2023-04-24T15:31:05.253597+00:00 [running]> on host b136a0a45498
[2023-04-24 15:31:11,603] {taskinstance.py:1591} INFO - Exporting the following env vars:
AIRFLOW_CTX_DAG_OWNER=***
AIRFLOW_CTX_DAG_ID=vic_investigacion_ETL
AIRFLOW_CTX_TASK_ID=prepare_group_lac_data
AIRFLOW_CTX_EXECUTION_DATE=2023-04-24T15:31:05.253597+00:00
AIRFLOW_CTX_TRY_NUMBER=1
AIRFLOW_CTX_DAG_RUN_ID=manual__2023-04-24T15:31:05.253597+00:00
[2023-04-24 15:31:11,605] {logging_mixin.py:115} INFO - Preparing group lac Data
[2023-04-24 15:31:11,618] {taskinstance.py:1420} INFO - Marking task as SUCCESS. dag_id=vic_investigacion_ETL, task_id=prepare_group_lac_data, execution_date=20230424T153105, start_date=20230424T153111, end_date=20230424T153111
[2023-04-24 15:31:11,666] {local_task_job.py:156} INFO - Task exited with return code 0
