[2023-06-01 01:17:21,332] {taskinstance.py:1179} INFO - Dependencies all met for <TaskInstance: vic_investigacion_ETL.prepare_wos_data manual__2023-06-01T01:17:19.306665+00:00 [queued]>
[2023-06-01 01:17:21,347] {taskinstance.py:1179} INFO - Dependencies all met for <TaskInstance: vic_investigacion_ETL.prepare_wos_data manual__2023-06-01T01:17:19.306665+00:00 [queued]>
[2023-06-01 01:17:21,350] {taskinstance.py:1376} INFO - 
--------------------------------------------------------------------------------
[2023-06-01 01:17:21,360] {taskinstance.py:1377} INFO - Starting attempt 1 of 1
[2023-06-01 01:17:21,366] {taskinstance.py:1378} INFO - 
--------------------------------------------------------------------------------
[2023-06-01 01:17:21,386] {taskinstance.py:1397} INFO - Executing <Task(PrepareWosData): prepare_wos_data> on 2023-06-01 01:17:19.306665+00:00
[2023-06-01 01:17:21,395] {standard_task_runner.py:52} INFO - Started process 2459 to run task
[2023-06-01 01:17:21,400] {standard_task_runner.py:79} INFO - Running: ['***', 'tasks', 'run', 'vic_investigacion_ETL', 'prepare_wos_data', 'manual__2023-06-01T01:17:19.306665+00:00', '--job-id', '132', '--raw', '--subdir', 'DAGS_FOLDER/vic_investigacion_dag.py', '--cfg-path', '/tmp/tmp03_j3zeo', '--error-file', '/tmp/tmp_nreilcy']
[2023-06-01 01:17:21,402] {standard_task_runner.py:80} INFO - Job 132: Subtask prepare_wos_data
[2023-06-01 01:17:21,486] {task_command.py:371} INFO - Running <TaskInstance: vic_investigacion_ETL.prepare_wos_data manual__2023-06-01T01:17:19.306665+00:00 [running]> on host 5d9ccb732815
[2023-06-01 01:17:21,564] {taskinstance.py:1591} INFO - Exporting the following env vars:
AIRFLOW_CTX_DAG_OWNER=***
AIRFLOW_CTX_DAG_ID=vic_investigacion_ETL
AIRFLOW_CTX_TASK_ID=prepare_wos_data
AIRFLOW_CTX_EXECUTION_DATE=2023-06-01T01:17:19.306665+00:00
AIRFLOW_CTX_TRY_NUMBER=1
AIRFLOW_CTX_DAG_RUN_ID=manual__2023-06-01T01:17:19.306665+00:00
[2023-06-01 01:17:21,567] {logging_mixin.py:115} INFO - Preparing WOS Data
[2023-06-01 01:17:21,646] {taskinstance.py:1420} INFO - Marking task as SUCCESS. dag_id=vic_investigacion_ETL, task_id=prepare_wos_data, execution_date=20230601T011719, start_date=20230601T011721, end_date=20230601T011721
[2023-06-01 01:17:21,692] {local_task_job.py:156} INFO - Task exited with return code 0
[2023-06-01 01:17:21,748] {local_task_job.py:273} INFO - 0 downstream tasks scheduled from follow-on schedule check
