[2023-05-31 23:39:16,874] {taskinstance.py:1179} INFO - Dependencies all met for <TaskInstance: vic_investigacion_ETL.get_scopus_data manual__2023-05-31T23:39:15.047278+00:00 [queued]>
[2023-05-31 23:39:16,890] {taskinstance.py:1179} INFO - Dependencies all met for <TaskInstance: vic_investigacion_ETL.get_scopus_data manual__2023-05-31T23:39:15.047278+00:00 [queued]>
[2023-05-31 23:39:16,892] {taskinstance.py:1376} INFO - 
--------------------------------------------------------------------------------
[2023-05-31 23:39:16,893] {taskinstance.py:1377} INFO - Starting attempt 1 of 1
[2023-05-31 23:39:16,895] {taskinstance.py:1378} INFO - 
--------------------------------------------------------------------------------
[2023-05-31 23:39:16,912] {taskinstance.py:1397} INFO - Executing <Task(ReadScopus): get_scopus_data> on 2023-05-31 23:39:15.047278+00:00
[2023-05-31 23:39:16,920] {standard_task_runner.py:52} INFO - Started process 681 to run task
[2023-05-31 23:39:16,938] {standard_task_runner.py:79} INFO - Running: ['***', 'tasks', 'run', 'vic_investigacion_ETL', 'get_scopus_data', 'manual__2023-05-31T23:39:15.047278+00:00', '--job-id', '29', '--raw', '--subdir', 'DAGS_FOLDER/vic_investigacion_dag.py', '--cfg-path', '/tmp/tmpyjmz3ax9', '--error-file', '/tmp/tmpqp_qq4wp']
[2023-05-31 23:39:16,942] {standard_task_runner.py:80} INFO - Job 29: Subtask get_scopus_data
[2023-05-31 23:39:17,082] {task_command.py:371} INFO - Running <TaskInstance: vic_investigacion_ETL.get_scopus_data manual__2023-05-31T23:39:15.047278+00:00 [running]> on host 5d9ccb732815
[2023-05-31 23:39:17,191] {taskinstance.py:1591} INFO - Exporting the following env vars:
AIRFLOW_CTX_DAG_OWNER=***
AIRFLOW_CTX_DAG_ID=vic_investigacion_ETL
AIRFLOW_CTX_TASK_ID=get_scopus_data
AIRFLOW_CTX_EXECUTION_DATE=2023-05-31T23:39:15.047278+00:00
AIRFLOW_CTX_TRY_NUMBER=1
AIRFLOW_CTX_DAG_RUN_ID=manual__2023-05-31T23:39:15.047278+00:00
[2023-05-31 23:39:17,194] {logging_mixin.py:115} INFO - Getting Scopus Data
[2023-05-31 23:39:17,195] {logging_mixin.py:115} INFO - The api key is:  640ababb3eaaa3723c7cc11be848250b
[2023-05-31 23:39:17,196] {logging_mixin.py:115} INFO - DAG PATH:  /opt/***
[2023-05-31 23:39:17,597] {logging_mixin.py:115} INFO -        Cedula                            Nombre    Scopus_ID
0  52390079.0       Pomares Quimbaya Alexandra   24832026300
1         NaN       Carlos Andres Parra Acevedo  57212998692
2  39785999.0          Burbano Valente, Johanna  20436581100
3  10141825.0       Santacoloma Giraldo, Andres  24462330500
4  52704428.0  Garcia Padilla, Dennys del Rocio  13403648000
5  52772896.0        Rubio Leon, Diana Carolina  56491243500
[2023-05-31 23:39:17,599] {elsclient.py:109} INFO - Sending GET request to https://api.elsevier.com/content/author/author_id/24832026300
[2023-05-31 23:39:18,140] {elsentity.py:77} INFO - Data loaded for https://api.elsevier.com/content/author/author_id/24832026300
[2023-05-31 23:39:19,140] {elsclient.py:109} INFO - Sending GET request to https://api.elsevier.com/content/search/scopus?query=AU-ID%2824832026300%29
[2023-05-31 23:39:20,438] {utils.py:41} INFO - Converting prism:coverDate
[2023-05-31 23:39:21,435] {elsclient.py:109} INFO - Sending GET request to https://api.elsevier.com/content/author/author_id/57212998692
[2023-05-31 23:39:21,968] {elsentity.py:77} INFO - Data loaded for https://api.elsevier.com/content/author/author_id/57212998692
[2023-05-31 23:39:22,972] {elsclient.py:109} INFO - Sending GET request to https://api.elsevier.com/content/search/scopus?query=AU-ID%2857212998692%29
[2023-05-31 23:39:24,333] {utils.py:41} INFO - Converting prism:coverDate
[2023-05-31 23:39:25,334] {elsclient.py:109} INFO - Sending GET request to https://api.elsevier.com/content/author/author_id/20436581100
[2023-05-31 23:39:25,794] {elsentity.py:77} INFO - Data loaded for https://api.elsevier.com/content/author/author_id/20436581100
[2023-05-31 23:39:26,799] {elsclient.py:109} INFO - Sending GET request to https://api.elsevier.com/content/search/scopus?query=AU-ID%2820436581100%29
[2023-05-31 23:39:27,513] {utils.py:41} INFO - Converting prism:coverDate
[2023-05-31 23:39:28,512] {elsclient.py:109} INFO - Sending GET request to https://api.elsevier.com/content/author/author_id/24462330500
[2023-05-31 23:39:29,035] {elsentity.py:77} INFO - Data loaded for https://api.elsevier.com/content/author/author_id/24462330500
[2023-05-31 23:39:30,036] {elsclient.py:109} INFO - Sending GET request to https://api.elsevier.com/content/search/scopus?query=AU-ID%2824462330500%29
[2023-05-31 23:39:30,616] {utils.py:41} INFO - Converting prism:coverDate
[2023-05-31 23:39:31,608] {elsclient.py:109} INFO - Sending GET request to https://api.elsevier.com/content/author/author_id/13403648000
[2023-05-31 23:39:32,084] {elsentity.py:77} INFO - Data loaded for https://api.elsevier.com/content/author/author_id/13403648000
[2023-05-31 23:39:33,088] {elsclient.py:109} INFO - Sending GET request to https://api.elsevier.com/content/search/scopus?query=AU-ID%2813403648000%29
[2023-05-31 23:39:34,260] {utils.py:41} INFO - Converting prism:coverDate
[2023-05-31 23:39:35,262] {elsclient.py:109} INFO - Sending GET request to https://api.elsevier.com/content/author/author_id/56491243500
[2023-05-31 23:39:35,780] {elsentity.py:77} INFO - Data loaded for https://api.elsevier.com/content/author/author_id/56491243500
[2023-05-31 23:39:36,784] {elsclient.py:109} INFO - Sending GET request to https://api.elsevier.com/content/search/scopus?query=AU-ID%2856491243500%29
[2023-05-31 23:39:37,540] {utils.py:41} INFO - Converting prism:coverDate
[2023-05-31 23:39:37,564] {taskinstance.py:1420} INFO - Marking task as SUCCESS. dag_id=vic_investigacion_ETL, task_id=get_scopus_data, execution_date=20230531T233915, start_date=20230531T233916, end_date=20230531T233937
[2023-05-31 23:39:37,622] {local_task_job.py:156} INFO - Task exited with return code 0
[2023-05-31 23:39:37,648] {local_task_job.py:273} INFO - 0 downstream tasks scheduled from follow-on schedule check
