[2023-04-24 16:30:22,315] {taskinstance.py:1179} INFO - Dependencies all met for <TaskInstance: vic_investigacion_ETL.prepare_group_lac_data manual__2023-04-24T16:30:18.845614+00:00 [queued]>
[2023-04-24 16:30:22,325] {taskinstance.py:1179} INFO - Dependencies all met for <TaskInstance: vic_investigacion_ETL.prepare_group_lac_data manual__2023-04-24T16:30:18.845614+00:00 [queued]>
[2023-04-24 16:30:22,326] {taskinstance.py:1376} INFO - 
--------------------------------------------------------------------------------
[2023-04-24 16:30:22,327] {taskinstance.py:1377} INFO - Starting attempt 1 of 1
[2023-04-24 16:30:22,328] {taskinstance.py:1378} INFO - 
--------------------------------------------------------------------------------
[2023-04-24 16:30:22,341] {taskinstance.py:1397} INFO - Executing <Task(PrepareGroupLacData): prepare_group_lac_data> on 2023-04-24 16:30:18.845614+00:00
[2023-04-24 16:30:22,349] {standard_task_runner.py:52} INFO - Started process 3344 to run task
[2023-04-24 16:30:22,353] {standard_task_runner.py:79} INFO - Running: ['***', 'tasks', 'run', 'vic_investigacion_ETL', 'prepare_group_lac_data', 'manual__2023-04-24T16:30:18.845614+00:00', '--job-id', '330', '--raw', '--subdir', 'DAGS_FOLDER/vic_investigacion_dag.py', '--cfg-path', '/tmp/tmp2pmuaftt', '--error-file', '/tmp/tmpx__8kmbu']
[2023-04-24 16:30:22,356] {standard_task_runner.py:80} INFO - Job 330: Subtask prepare_group_lac_data
[2023-04-24 16:30:22,474] {task_command.py:371} INFO - Running <TaskInstance: vic_investigacion_ETL.prepare_group_lac_data manual__2023-04-24T16:30:18.845614+00:00 [running]> on host b136a0a45498
[2023-04-24 16:30:22,574] {taskinstance.py:1591} INFO - Exporting the following env vars:
AIRFLOW_CTX_DAG_OWNER=***
AIRFLOW_CTX_DAG_ID=vic_investigacion_ETL
AIRFLOW_CTX_TASK_ID=prepare_group_lac_data
AIRFLOW_CTX_EXECUTION_DATE=2023-04-24T16:30:18.845614+00:00
AIRFLOW_CTX_TRY_NUMBER=1
AIRFLOW_CTX_DAG_RUN_ID=manual__2023-04-24T16:30:18.845614+00:00
[2023-04-24 16:30:22,578] {logging_mixin.py:115} INFO - Preparing group lac Data
[2023-04-24 16:30:22,604] {taskinstance.py:1420} INFO - Marking task as SUCCESS. dag_id=vic_investigacion_ETL, task_id=prepare_group_lac_data, execution_date=20230424T163018, start_date=20230424T163022, end_date=20230424T163022
[2023-04-24 16:30:22,656] {local_task_job.py:156} INFO - Task exited with return code 0
