[2023-06-01 01:12:26,471] {taskinstance.py:1179} INFO - Dependencies all met for <TaskInstance: vic_investigacion_ETL.get_group_lac_data manual__2023-06-01T01:12:24.758736+00:00 [queued]>
[2023-06-01 01:12:26,486] {taskinstance.py:1179} INFO - Dependencies all met for <TaskInstance: vic_investigacion_ETL.get_group_lac_data manual__2023-06-01T01:12:24.758736+00:00 [queued]>
[2023-06-01 01:12:26,490] {taskinstance.py:1376} INFO - 
--------------------------------------------------------------------------------
[2023-06-01 01:12:26,493] {taskinstance.py:1377} INFO - Starting attempt 1 of 1
[2023-06-01 01:12:26,495] {taskinstance.py:1378} INFO - 
--------------------------------------------------------------------------------
[2023-06-01 01:12:26,519] {taskinstance.py:1397} INFO - Executing <Task(ReadGroupLAC): get_group_lac_data> on 2023-06-01 01:12:24.758736+00:00
[2023-06-01 01:12:26,542] {standard_task_runner.py:52} INFO - Started process 2161 to run task
[2023-06-01 01:12:26,553] {standard_task_runner.py:79} INFO - Running: ['***', 'tasks', 'run', 'vic_investigacion_ETL', 'get_group_lac_data', 'manual__2023-06-01T01:12:24.758736+00:00', '--job-id', '114', '--raw', '--subdir', 'DAGS_FOLDER/vic_investigacion_dag.py', '--cfg-path', '/tmp/tmp09yc9vuz', '--error-file', '/tmp/tmpjp5kygj2']
[2023-06-01 01:12:26,557] {standard_task_runner.py:80} INFO - Job 114: Subtask get_group_lac_data
[2023-06-01 01:12:26,659] {task_command.py:371} INFO - Running <TaskInstance: vic_investigacion_ETL.get_group_lac_data manual__2023-06-01T01:12:24.758736+00:00 [running]> on host 5d9ccb732815
[2023-06-01 01:12:26,776] {taskinstance.py:1591} INFO - Exporting the following env vars:
AIRFLOW_CTX_DAG_OWNER=***
AIRFLOW_CTX_DAG_ID=vic_investigacion_ETL
AIRFLOW_CTX_TASK_ID=get_group_lac_data
AIRFLOW_CTX_EXECUTION_DATE=2023-06-01T01:12:24.758736+00:00
AIRFLOW_CTX_TRY_NUMBER=1
AIRFLOW_CTX_DAG_RUN_ID=manual__2023-06-01T01:12:24.758736+00:00
[2023-06-01 01:12:26,779] {logging_mixin.py:115} INFO - Getting Group LAC Data
[2023-06-01 01:12:26,873] {taskinstance.py:1420} INFO - Marking task as SUCCESS. dag_id=vic_investigacion_ETL, task_id=get_group_lac_data, execution_date=20230601T011224, start_date=20230601T011226, end_date=20230601T011226
[2023-06-01 01:12:26,936] {local_task_job.py:156} INFO - Task exited with return code 0
[2023-06-01 01:12:26,991] {local_task_job.py:273} INFO - 0 downstream tasks scheduled from follow-on schedule check
