[2023-04-29 00:00:24,928] {processor.py:153} INFO - Started process (PID=11080) to work on /opt/airflow/dags/prepare_cv_lac_data_operator.py
[2023-04-29 00:00:24,929] {processor.py:641} INFO - Processing file /opt/airflow/dags/prepare_cv_lac_data_operator.py for tasks to queue
[2023-04-29 00:00:24,931] {logging_mixin.py:115} INFO - [2023-04-29 00:00:24,931] {dagbag.py:508} INFO - Filling up the DagBag from /opt/airflow/dags/prepare_cv_lac_data_operator.py
[2023-04-29 00:00:25,077] {processor.py:653} WARNING - No viable dags retrieved from /opt/airflow/dags/prepare_cv_lac_data_operator.py
[2023-04-29 00:00:25,091] {processor.py:161} INFO - Processing /opt/airflow/dags/prepare_cv_lac_data_operator.py took 0.167 seconds
[2023-04-29 00:00:55,529] {processor.py:153} INFO - Started process (PID=11114) to work on /opt/airflow/dags/prepare_cv_lac_data_operator.py
[2023-04-29 00:00:55,530] {processor.py:641} INFO - Processing file /opt/airflow/dags/prepare_cv_lac_data_operator.py for tasks to queue
[2023-04-29 00:00:55,531] {logging_mixin.py:115} INFO - [2023-04-29 00:00:55,531] {dagbag.py:508} INFO - Filling up the DagBag from /opt/airflow/dags/prepare_cv_lac_data_operator.py
[2023-04-29 00:00:55,667] {processor.py:653} WARNING - No viable dags retrieved from /opt/airflow/dags/prepare_cv_lac_data_operator.py
[2023-04-29 00:00:55,682] {processor.py:161} INFO - Processing /opt/airflow/dags/prepare_cv_lac_data_operator.py took 0.157 seconds
[2023-04-29 00:01:25,837] {processor.py:153} INFO - Started process (PID=11158) to work on /opt/airflow/dags/prepare_cv_lac_data_operator.py
[2023-04-29 00:01:25,838] {processor.py:641} INFO - Processing file /opt/airflow/dags/prepare_cv_lac_data_operator.py for tasks to queue
[2023-04-29 00:01:25,839] {logging_mixin.py:115} INFO - [2023-04-29 00:01:25,839] {dagbag.py:508} INFO - Filling up the DagBag from /opt/airflow/dags/prepare_cv_lac_data_operator.py
[2023-04-29 00:01:25,974] {processor.py:653} WARNING - No viable dags retrieved from /opt/airflow/dags/prepare_cv_lac_data_operator.py
[2023-04-29 00:01:25,992] {processor.py:161} INFO - Processing /opt/airflow/dags/prepare_cv_lac_data_operator.py took 0.158 seconds
[2023-04-29 00:01:57,313] {processor.py:153} INFO - Started process (PID=11201) to work on /opt/airflow/dags/prepare_cv_lac_data_operator.py
[2023-04-29 00:01:57,315] {processor.py:641} INFO - Processing file /opt/airflow/dags/prepare_cv_lac_data_operator.py for tasks to queue
[2023-04-29 00:01:57,316] {logging_mixin.py:115} INFO - [2023-04-29 00:01:57,315] {dagbag.py:508} INFO - Filling up the DagBag from /opt/airflow/dags/prepare_cv_lac_data_operator.py
[2023-04-29 00:01:57,453] {processor.py:653} WARNING - No viable dags retrieved from /opt/airflow/dags/prepare_cv_lac_data_operator.py
[2023-04-29 00:01:57,466] {processor.py:161} INFO - Processing /opt/airflow/dags/prepare_cv_lac_data_operator.py took 0.155 seconds
[2023-04-29 00:02:27,973] {processor.py:153} INFO - Started process (PID=11244) to work on /opt/airflow/dags/prepare_cv_lac_data_operator.py
[2023-04-29 00:02:27,974] {processor.py:641} INFO - Processing file /opt/airflow/dags/prepare_cv_lac_data_operator.py for tasks to queue
[2023-04-29 00:02:27,975] {logging_mixin.py:115} INFO - [2023-04-29 00:02:27,975] {dagbag.py:508} INFO - Filling up the DagBag from /opt/airflow/dags/prepare_cv_lac_data_operator.py
[2023-04-29 00:02:28,139] {processor.py:653} WARNING - No viable dags retrieved from /opt/airflow/dags/prepare_cv_lac_data_operator.py
[2023-04-29 00:02:28,156] {processor.py:161} INFO - Processing /opt/airflow/dags/prepare_cv_lac_data_operator.py took 0.187 seconds
[2023-04-29 00:02:58,518] {processor.py:153} INFO - Started process (PID=11278) to work on /opt/airflow/dags/prepare_cv_lac_data_operator.py
[2023-04-29 00:02:58,520] {processor.py:641} INFO - Processing file /opt/airflow/dags/prepare_cv_lac_data_operator.py for tasks to queue
[2023-04-29 00:02:58,521] {logging_mixin.py:115} INFO - [2023-04-29 00:02:58,521] {dagbag.py:508} INFO - Filling up the DagBag from /opt/airflow/dags/prepare_cv_lac_data_operator.py
[2023-04-29 00:02:58,672] {processor.py:653} WARNING - No viable dags retrieved from /opt/airflow/dags/prepare_cv_lac_data_operator.py
[2023-04-29 00:02:58,687] {processor.py:161} INFO - Processing /opt/airflow/dags/prepare_cv_lac_data_operator.py took 0.178 seconds
[2023-04-29 00:03:29,014] {processor.py:153} INFO - Started process (PID=11321) to work on /opt/airflow/dags/prepare_cv_lac_data_operator.py
[2023-04-29 00:03:29,016] {processor.py:641} INFO - Processing file /opt/airflow/dags/prepare_cv_lac_data_operator.py for tasks to queue
[2023-04-29 00:03:29,019] {logging_mixin.py:115} INFO - [2023-04-29 00:03:29,019] {dagbag.py:508} INFO - Filling up the DagBag from /opt/airflow/dags/prepare_cv_lac_data_operator.py
[2023-04-29 00:03:29,158] {processor.py:653} WARNING - No viable dags retrieved from /opt/airflow/dags/prepare_cv_lac_data_operator.py
[2023-04-29 00:03:29,173] {processor.py:161} INFO - Processing /opt/airflow/dags/prepare_cv_lac_data_operator.py took 0.170 seconds
[2023-04-29 00:04:50,199] {processor.py:153} INFO - Started process (PID=11364) to work on /opt/airflow/dags/prepare_cv_lac_data_operator.py
[2023-04-29 00:04:50,202] {processor.py:641} INFO - Processing file /opt/airflow/dags/prepare_cv_lac_data_operator.py for tasks to queue
[2023-04-29 00:04:50,203] {logging_mixin.py:115} INFO - [2023-04-29 00:04:50,203] {dagbag.py:508} INFO - Filling up the DagBag from /opt/airflow/dags/prepare_cv_lac_data_operator.py
[2023-04-29 00:04:50,341] {processor.py:653} WARNING - No viable dags retrieved from /opt/airflow/dags/prepare_cv_lac_data_operator.py
[2023-04-29 00:04:50,357] {processor.py:161} INFO - Processing /opt/airflow/dags/prepare_cv_lac_data_operator.py took 0.164 seconds
[2023-04-29 00:05:45,184] {processor.py:153} INFO - Started process (PID=11397) to work on /opt/airflow/dags/prepare_cv_lac_data_operator.py
[2023-04-29 00:05:45,186] {processor.py:641} INFO - Processing file /opt/airflow/dags/prepare_cv_lac_data_operator.py for tasks to queue
[2023-04-29 00:05:45,188] {logging_mixin.py:115} INFO - [2023-04-29 00:05:45,188] {dagbag.py:508} INFO - Filling up the DagBag from /opt/airflow/dags/prepare_cv_lac_data_operator.py
[2023-04-29 00:05:45,341] {processor.py:653} WARNING - No viable dags retrieved from /opt/airflow/dags/prepare_cv_lac_data_operator.py
[2023-04-29 00:05:45,359] {processor.py:161} INFO - Processing /opt/airflow/dags/prepare_cv_lac_data_operator.py took 0.179 seconds
[2023-04-29 00:36:37,684] {processor.py:153} INFO - Started process (PID=11440) to work on /opt/airflow/dags/prepare_cv_lac_data_operator.py
[2023-04-29 00:36:37,696] {processor.py:641} INFO - Processing file /opt/airflow/dags/prepare_cv_lac_data_operator.py for tasks to queue
[2023-04-29 00:36:37,698] {logging_mixin.py:115} INFO - [2023-04-29 00:36:37,698] {dagbag.py:508} INFO - Filling up the DagBag from /opt/airflow/dags/prepare_cv_lac_data_operator.py
[2023-04-29 00:36:37,943] {processor.py:653} WARNING - No viable dags retrieved from /opt/airflow/dags/prepare_cv_lac_data_operator.py
[2023-04-29 00:36:37,967] {processor.py:161} INFO - Processing /opt/airflow/dags/prepare_cv_lac_data_operator.py took 0.288 seconds
[2023-04-29 01:44:02,812] {processor.py:153} INFO - Started process (PID=11484) to work on /opt/airflow/dags/prepare_cv_lac_data_operator.py
[2023-04-29 01:44:02,816] {processor.py:641} INFO - Processing file /opt/airflow/dags/prepare_cv_lac_data_operator.py for tasks to queue
[2023-04-29 01:44:02,817] {logging_mixin.py:115} INFO - [2023-04-29 01:44:02,817] {dagbag.py:508} INFO - Filling up the DagBag from /opt/airflow/dags/prepare_cv_lac_data_operator.py
[2023-04-29 01:44:03,076] {processor.py:653} WARNING - No viable dags retrieved from /opt/airflow/dags/prepare_cv_lac_data_operator.py
[2023-04-29 01:44:03,100] {processor.py:161} INFO - Processing /opt/airflow/dags/prepare_cv_lac_data_operator.py took 0.304 seconds
[2023-04-29 02:11:58,684] {processor.py:153} INFO - Started process (PID=11517) to work on /opt/airflow/dags/prepare_cv_lac_data_operator.py
[2023-04-29 02:11:58,687] {processor.py:641} INFO - Processing file /opt/airflow/dags/prepare_cv_lac_data_operator.py for tasks to queue
[2023-04-29 02:11:58,700] {logging_mixin.py:115} INFO - [2023-04-29 02:11:58,700] {dagbag.py:508} INFO - Filling up the DagBag from /opt/airflow/dags/prepare_cv_lac_data_operator.py
[2023-04-29 02:11:58,892] {processor.py:653} WARNING - No viable dags retrieved from /opt/airflow/dags/prepare_cv_lac_data_operator.py
[2023-04-29 02:11:58,907] {processor.py:161} INFO - Processing /opt/airflow/dags/prepare_cv_lac_data_operator.py took 0.227 seconds
[2023-04-29 02:12:28,962] {processor.py:153} INFO - Started process (PID=11559) to work on /opt/airflow/dags/prepare_cv_lac_data_operator.py
[2023-04-29 02:12:28,963] {processor.py:641} INFO - Processing file /opt/airflow/dags/prepare_cv_lac_data_operator.py for tasks to queue
[2023-04-29 02:12:28,964] {logging_mixin.py:115} INFO - [2023-04-29 02:12:28,963] {dagbag.py:508} INFO - Filling up the DagBag from /opt/airflow/dags/prepare_cv_lac_data_operator.py
[2023-04-29 02:12:29,086] {processor.py:653} WARNING - No viable dags retrieved from /opt/airflow/dags/prepare_cv_lac_data_operator.py
[2023-04-29 02:12:29,100] {processor.py:161} INFO - Processing /opt/airflow/dags/prepare_cv_lac_data_operator.py took 0.141 seconds
[2023-04-29 02:14:34,340] {processor.py:153} INFO - Started process (PID=11593) to work on /opt/airflow/dags/prepare_cv_lac_data_operator.py
[2023-04-29 02:14:34,342] {processor.py:641} INFO - Processing file /opt/airflow/dags/prepare_cv_lac_data_operator.py for tasks to queue
[2023-04-29 02:14:34,343] {logging_mixin.py:115} INFO - [2023-04-29 02:14:34,343] {dagbag.py:508} INFO - Filling up the DagBag from /opt/airflow/dags/prepare_cv_lac_data_operator.py
[2023-04-29 02:14:34,471] {processor.py:653} WARNING - No viable dags retrieved from /opt/airflow/dags/prepare_cv_lac_data_operator.py
[2023-04-29 02:14:34,485] {processor.py:161} INFO - Processing /opt/airflow/dags/prepare_cv_lac_data_operator.py took 0.150 seconds
[2023-04-29 02:16:04,849] {processor.py:153} INFO - Started process (PID=11636) to work on /opt/airflow/dags/prepare_cv_lac_data_operator.py
[2023-04-29 02:16:04,850] {processor.py:641} INFO - Processing file /opt/airflow/dags/prepare_cv_lac_data_operator.py for tasks to queue
[2023-04-29 02:16:04,851] {logging_mixin.py:115} INFO - [2023-04-29 02:16:04,851] {dagbag.py:508} INFO - Filling up the DagBag from /opt/airflow/dags/prepare_cv_lac_data_operator.py
[2023-04-29 02:16:04,977] {processor.py:653} WARNING - No viable dags retrieved from /opt/airflow/dags/prepare_cv_lac_data_operator.py
[2023-04-29 02:16:04,990] {processor.py:161} INFO - Processing /opt/airflow/dags/prepare_cv_lac_data_operator.py took 0.144 seconds
[2023-04-29 02:33:20,685] {processor.py:153} INFO - Started process (PID=11678) to work on /opt/airflow/dags/prepare_cv_lac_data_operator.py
[2023-04-29 02:33:20,701] {processor.py:641} INFO - Processing file /opt/airflow/dags/prepare_cv_lac_data_operator.py for tasks to queue
[2023-04-29 02:33:20,704] {logging_mixin.py:115} INFO - [2023-04-29 02:33:20,703] {dagbag.py:508} INFO - Filling up the DagBag from /opt/airflow/dags/prepare_cv_lac_data_operator.py
[2023-04-29 02:33:20,974] {processor.py:653} WARNING - No viable dags retrieved from /opt/airflow/dags/prepare_cv_lac_data_operator.py
[2023-04-29 02:33:21,019] {processor.py:161} INFO - Processing /opt/airflow/dags/prepare_cv_lac_data_operator.py took 0.340 seconds
[2023-04-29 02:34:08,276] {processor.py:153} INFO - Started process (PID=11711) to work on /opt/airflow/dags/prepare_cv_lac_data_operator.py
[2023-04-29 02:34:08,277] {processor.py:641} INFO - Processing file /opt/airflow/dags/prepare_cv_lac_data_operator.py for tasks to queue
[2023-04-29 02:34:08,278] {logging_mixin.py:115} INFO - [2023-04-29 02:34:08,278] {dagbag.py:508} INFO - Filling up the DagBag from /opt/airflow/dags/prepare_cv_lac_data_operator.py
[2023-04-29 02:34:08,410] {processor.py:653} WARNING - No viable dags retrieved from /opt/airflow/dags/prepare_cv_lac_data_operator.py
[2023-04-29 02:34:08,424] {processor.py:161} INFO - Processing /opt/airflow/dags/prepare_cv_lac_data_operator.py took 0.151 seconds
[2023-04-29 03:29:33,968] {processor.py:153} INFO - Started process (PID=11755) to work on /opt/airflow/dags/prepare_cv_lac_data_operator.py
[2023-04-29 03:29:33,971] {processor.py:641} INFO - Processing file /opt/airflow/dags/prepare_cv_lac_data_operator.py for tasks to queue
[2023-04-29 03:29:33,974] {logging_mixin.py:115} INFO - [2023-04-29 03:29:33,974] {dagbag.py:508} INFO - Filling up the DagBag from /opt/airflow/dags/prepare_cv_lac_data_operator.py
[2023-04-29 03:29:34,185] {processor.py:653} WARNING - No viable dags retrieved from /opt/airflow/dags/prepare_cv_lac_data_operator.py
[2023-04-29 03:29:34,212] {processor.py:161} INFO - Processing /opt/airflow/dags/prepare_cv_lac_data_operator.py took 0.247 seconds
[2023-04-29 03:45:28,193] {processor.py:153} INFO - Started process (PID=11797) to work on /opt/airflow/dags/prepare_cv_lac_data_operator.py
[2023-04-29 03:45:28,195] {processor.py:641} INFO - Processing file /opt/airflow/dags/prepare_cv_lac_data_operator.py for tasks to queue
[2023-04-29 03:45:28,198] {logging_mixin.py:115} INFO - [2023-04-29 03:45:28,198] {dagbag.py:508} INFO - Filling up the DagBag from /opt/airflow/dags/prepare_cv_lac_data_operator.py
[2023-04-29 03:45:28,536] {processor.py:653} WARNING - No viable dags retrieved from /opt/airflow/dags/prepare_cv_lac_data_operator.py
[2023-04-29 03:45:28,567] {processor.py:161} INFO - Processing /opt/airflow/dags/prepare_cv_lac_data_operator.py took 0.380 seconds
[2023-04-29 04:54:18,497] {processor.py:153} INFO - Started process (PID=11831) to work on /opt/airflow/dags/prepare_cv_lac_data_operator.py
[2023-04-29 04:54:18,499] {processor.py:641} INFO - Processing file /opt/airflow/dags/prepare_cv_lac_data_operator.py for tasks to queue
[2023-04-29 04:54:18,500] {logging_mixin.py:115} INFO - [2023-04-29 04:54:18,500] {dagbag.py:508} INFO - Filling up the DagBag from /opt/airflow/dags/prepare_cv_lac_data_operator.py
[2023-04-29 04:54:18,804] {processor.py:653} WARNING - No viable dags retrieved from /opt/airflow/dags/prepare_cv_lac_data_operator.py
[2023-04-29 04:54:18,842] {processor.py:161} INFO - Processing /opt/airflow/dags/prepare_cv_lac_data_operator.py took 0.354 seconds
[2023-04-29 05:57:21,821] {processor.py:153} INFO - Started process (PID=11872) to work on /opt/airflow/dags/prepare_cv_lac_data_operator.py
[2023-04-29 05:57:21,823] {processor.py:641} INFO - Processing file /opt/airflow/dags/prepare_cv_lac_data_operator.py for tasks to queue
[2023-04-29 05:57:21,825] {logging_mixin.py:115} INFO - [2023-04-29 05:57:21,825] {dagbag.py:508} INFO - Filling up the DagBag from /opt/airflow/dags/prepare_cv_lac_data_operator.py
[2023-04-29 05:57:22,243] {processor.py:653} WARNING - No viable dags retrieved from /opt/airflow/dags/prepare_cv_lac_data_operator.py
[2023-04-29 05:57:22,287] {processor.py:161} INFO - Processing /opt/airflow/dags/prepare_cv_lac_data_operator.py took 0.475 seconds
[2023-04-29 07:03:34,654] {processor.py:153} INFO - Started process (PID=11916) to work on /opt/airflow/dags/prepare_cv_lac_data_operator.py
[2023-04-29 07:03:34,658] {processor.py:641} INFO - Processing file /opt/airflow/dags/prepare_cv_lac_data_operator.py for tasks to queue
[2023-04-29 07:03:34,660] {logging_mixin.py:115} INFO - [2023-04-29 07:03:34,660] {dagbag.py:508} INFO - Filling up the DagBag from /opt/airflow/dags/prepare_cv_lac_data_operator.py
[2023-04-29 07:03:34,848] {processor.py:653} WARNING - No viable dags retrieved from /opt/airflow/dags/prepare_cv_lac_data_operator.py
[2023-04-29 07:03:34,866] {processor.py:161} INFO - Processing /opt/airflow/dags/prepare_cv_lac_data_operator.py took 0.216 seconds
[2023-04-29 08:27:11,691] {processor.py:153} INFO - Started process (PID=11949) to work on /opt/airflow/dags/prepare_cv_lac_data_operator.py
[2023-04-29 08:27:11,693] {processor.py:641} INFO - Processing file /opt/airflow/dags/prepare_cv_lac_data_operator.py for tasks to queue
[2023-04-29 08:27:11,695] {logging_mixin.py:115} INFO - [2023-04-29 08:27:11,695] {dagbag.py:508} INFO - Filling up the DagBag from /opt/airflow/dags/prepare_cv_lac_data_operator.py
[2023-04-29 08:27:12,140] {processor.py:653} WARNING - No viable dags retrieved from /opt/airflow/dags/prepare_cv_lac_data_operator.py
[2023-04-29 08:27:12,199] {processor.py:161} INFO - Processing /opt/airflow/dags/prepare_cv_lac_data_operator.py took 0.515 seconds
[2023-04-29 09:31:18,876] {processor.py:153} INFO - Started process (PID=11992) to work on /opt/airflow/dags/prepare_cv_lac_data_operator.py
[2023-04-29 09:31:18,877] {processor.py:641} INFO - Processing file /opt/airflow/dags/prepare_cv_lac_data_operator.py for tasks to queue
[2023-04-29 09:31:18,878] {logging_mixin.py:115} INFO - [2023-04-29 09:31:18,878] {dagbag.py:508} INFO - Filling up the DagBag from /opt/airflow/dags/prepare_cv_lac_data_operator.py
[2023-04-29 09:31:19,049] {processor.py:653} WARNING - No viable dags retrieved from /opt/airflow/dags/prepare_cv_lac_data_operator.py
[2023-04-29 09:31:19,065] {processor.py:161} INFO - Processing /opt/airflow/dags/prepare_cv_lac_data_operator.py took 0.194 seconds
[2023-04-29 10:15:42,262] {processor.py:153} INFO - Started process (PID=12026) to work on /opt/airflow/dags/prepare_cv_lac_data_operator.py
[2023-04-29 10:15:42,263] {processor.py:641} INFO - Processing file /opt/airflow/dags/prepare_cv_lac_data_operator.py for tasks to queue
[2023-04-29 10:15:42,264] {logging_mixin.py:115} INFO - [2023-04-29 10:15:42,264] {dagbag.py:508} INFO - Filling up the DagBag from /opt/airflow/dags/prepare_cv_lac_data_operator.py
[2023-04-29 10:15:42,390] {processor.py:653} WARNING - No viable dags retrieved from /opt/airflow/dags/prepare_cv_lac_data_operator.py
[2023-04-29 10:15:42,403] {processor.py:161} INFO - Processing /opt/airflow/dags/prepare_cv_lac_data_operator.py took 0.143 seconds
[2023-04-29 10:47:18,614] {processor.py:153} INFO - Started process (PID=12069) to work on /opt/airflow/dags/prepare_cv_lac_data_operator.py
[2023-04-29 10:47:18,615] {processor.py:641} INFO - Processing file /opt/airflow/dags/prepare_cv_lac_data_operator.py for tasks to queue
[2023-04-29 10:47:18,633] {logging_mixin.py:115} INFO - [2023-04-29 10:47:18,633] {dagbag.py:508} INFO - Filling up the DagBag from /opt/airflow/dags/prepare_cv_lac_data_operator.py
[2023-04-29 10:47:18,854] {processor.py:653} WARNING - No viable dags retrieved from /opt/airflow/dags/prepare_cv_lac_data_operator.py
[2023-04-29 10:47:18,873] {processor.py:161} INFO - Processing /opt/airflow/dags/prepare_cv_lac_data_operator.py took 0.266 seconds
[2023-04-29 11:52:17,163] {processor.py:153} INFO - Started process (PID=12112) to work on /opt/airflow/dags/prepare_cv_lac_data_operator.py
[2023-04-29 11:52:17,164] {processor.py:641} INFO - Processing file /opt/airflow/dags/prepare_cv_lac_data_operator.py for tasks to queue
[2023-04-29 11:52:17,166] {logging_mixin.py:115} INFO - [2023-04-29 11:52:17,166] {dagbag.py:508} INFO - Filling up the DagBag from /opt/airflow/dags/prepare_cv_lac_data_operator.py
[2023-04-29 11:52:17,380] {processor.py:653} WARNING - No viable dags retrieved from /opt/airflow/dags/prepare_cv_lac_data_operator.py
[2023-04-29 11:52:17,409] {processor.py:161} INFO - Processing /opt/airflow/dags/prepare_cv_lac_data_operator.py took 0.249 seconds
[2023-04-29 12:58:48,959] {processor.py:153} INFO - Started process (PID=12146) to work on /opt/airflow/dags/prepare_cv_lac_data_operator.py
[2023-04-29 12:58:48,963] {processor.py:641} INFO - Processing file /opt/airflow/dags/prepare_cv_lac_data_operator.py for tasks to queue
[2023-04-29 12:58:48,972] {logging_mixin.py:115} INFO - [2023-04-29 12:58:48,972] {dagbag.py:508} INFO - Filling up the DagBag from /opt/airflow/dags/prepare_cv_lac_data_operator.py
[2023-04-29 12:58:49,167] {processor.py:653} WARNING - No viable dags retrieved from /opt/airflow/dags/prepare_cv_lac_data_operator.py
[2023-04-29 12:58:49,196] {processor.py:161} INFO - Processing /opt/airflow/dags/prepare_cv_lac_data_operator.py took 0.241 seconds
[2023-04-29 13:16:56,499] {processor.py:153} INFO - Started process (PID=12189) to work on /opt/airflow/dags/prepare_cv_lac_data_operator.py
[2023-04-29 13:16:56,502] {processor.py:641} INFO - Processing file /opt/airflow/dags/prepare_cv_lac_data_operator.py for tasks to queue
[2023-04-29 13:16:56,503] {logging_mixin.py:115} INFO - [2023-04-29 13:16:56,503] {dagbag.py:508} INFO - Filling up the DagBag from /opt/airflow/dags/prepare_cv_lac_data_operator.py
[2023-04-29 13:16:56,653] {processor.py:653} WARNING - No viable dags retrieved from /opt/airflow/dags/prepare_cv_lac_data_operator.py
[2023-04-29 13:16:56,673] {processor.py:161} INFO - Processing /opt/airflow/dags/prepare_cv_lac_data_operator.py took 0.177 seconds
[2023-04-29 13:17:28,233] {processor.py:153} INFO - Started process (PID=12233) to work on /opt/airflow/dags/prepare_cv_lac_data_operator.py
[2023-04-29 13:17:28,235] {processor.py:641} INFO - Processing file /opt/airflow/dags/prepare_cv_lac_data_operator.py for tasks to queue
[2023-04-29 13:17:28,236] {logging_mixin.py:115} INFO - [2023-04-29 13:17:28,236] {dagbag.py:508} INFO - Filling up the DagBag from /opt/airflow/dags/prepare_cv_lac_data_operator.py
[2023-04-29 13:17:28,430] {processor.py:653} WARNING - No viable dags retrieved from /opt/airflow/dags/prepare_cv_lac_data_operator.py
[2023-04-29 13:17:28,446] {processor.py:161} INFO - Processing /opt/airflow/dags/prepare_cv_lac_data_operator.py took 0.218 seconds
[2023-04-29 13:17:58,893] {processor.py:153} INFO - Started process (PID=12276) to work on /opt/airflow/dags/prepare_cv_lac_data_operator.py
[2023-04-29 13:17:58,895] {processor.py:641} INFO - Processing file /opt/airflow/dags/prepare_cv_lac_data_operator.py for tasks to queue
[2023-04-29 13:17:58,896] {logging_mixin.py:115} INFO - [2023-04-29 13:17:58,896] {dagbag.py:508} INFO - Filling up the DagBag from /opt/airflow/dags/prepare_cv_lac_data_operator.py
[2023-04-29 13:17:59,053] {processor.py:653} WARNING - No viable dags retrieved from /opt/airflow/dags/prepare_cv_lac_data_operator.py
[2023-04-29 13:17:59,068] {processor.py:161} INFO - Processing /opt/airflow/dags/prepare_cv_lac_data_operator.py took 0.178 seconds
[2023-04-29 13:18:29,120] {processor.py:153} INFO - Started process (PID=12309) to work on /opt/airflow/dags/prepare_cv_lac_data_operator.py
[2023-04-29 13:18:29,121] {processor.py:641} INFO - Processing file /opt/airflow/dags/prepare_cv_lac_data_operator.py for tasks to queue
[2023-04-29 13:18:29,121] {logging_mixin.py:115} INFO - [2023-04-29 13:18:29,121] {dagbag.py:508} INFO - Filling up the DagBag from /opt/airflow/dags/prepare_cv_lac_data_operator.py
[2023-04-29 13:18:29,247] {processor.py:653} WARNING - No viable dags retrieved from /opt/airflow/dags/prepare_cv_lac_data_operator.py
[2023-04-29 13:18:29,263] {processor.py:161} INFO - Processing /opt/airflow/dags/prepare_cv_lac_data_operator.py took 0.146 seconds
[2023-04-29 13:18:59,334] {processor.py:153} INFO - Started process (PID=12351) to work on /opt/airflow/dags/prepare_cv_lac_data_operator.py
[2023-04-29 13:18:59,336] {processor.py:641} INFO - Processing file /opt/airflow/dags/prepare_cv_lac_data_operator.py for tasks to queue
[2023-04-29 13:18:59,337] {logging_mixin.py:115} INFO - [2023-04-29 13:18:59,337] {dagbag.py:508} INFO - Filling up the DagBag from /opt/airflow/dags/prepare_cv_lac_data_operator.py
[2023-04-29 13:18:59,453] {processor.py:653} WARNING - No viable dags retrieved from /opt/airflow/dags/prepare_cv_lac_data_operator.py
[2023-04-29 13:18:59,466] {processor.py:161} INFO - Processing /opt/airflow/dags/prepare_cv_lac_data_operator.py took 0.134 seconds
[2023-04-29 13:19:29,996] {processor.py:153} INFO - Started process (PID=12396) to work on /opt/airflow/dags/prepare_cv_lac_data_operator.py
[2023-04-29 13:19:29,998] {processor.py:641} INFO - Processing file /opt/airflow/dags/prepare_cv_lac_data_operator.py for tasks to queue
[2023-04-29 13:19:29,998] {logging_mixin.py:115} INFO - [2023-04-29 13:19:29,998] {dagbag.py:508} INFO - Filling up the DagBag from /opt/airflow/dags/prepare_cv_lac_data_operator.py
[2023-04-29 13:19:30,147] {processor.py:653} WARNING - No viable dags retrieved from /opt/airflow/dags/prepare_cv_lac_data_operator.py
[2023-04-29 13:19:30,164] {processor.py:161} INFO - Processing /opt/airflow/dags/prepare_cv_lac_data_operator.py took 0.171 seconds
[2023-04-29 13:20:00,489] {processor.py:153} INFO - Started process (PID=12439) to work on /opt/airflow/dags/prepare_cv_lac_data_operator.py
[2023-04-29 13:20:00,491] {processor.py:641} INFO - Processing file /opt/airflow/dags/prepare_cv_lac_data_operator.py for tasks to queue
[2023-04-29 13:20:00,491] {logging_mixin.py:115} INFO - [2023-04-29 13:20:00,491] {dagbag.py:508} INFO - Filling up the DagBag from /opt/airflow/dags/prepare_cv_lac_data_operator.py
[2023-04-29 13:20:00,630] {processor.py:653} WARNING - No viable dags retrieved from /opt/airflow/dags/prepare_cv_lac_data_operator.py
[2023-04-29 13:20:00,643] {processor.py:161} INFO - Processing /opt/airflow/dags/prepare_cv_lac_data_operator.py took 0.160 seconds
[2023-04-29 13:20:30,905] {processor.py:153} INFO - Started process (PID=12473) to work on /opt/airflow/dags/prepare_cv_lac_data_operator.py
[2023-04-29 13:20:30,907] {processor.py:641} INFO - Processing file /opt/airflow/dags/prepare_cv_lac_data_operator.py for tasks to queue
[2023-04-29 13:20:30,907] {logging_mixin.py:115} INFO - [2023-04-29 13:20:30,907] {dagbag.py:508} INFO - Filling up the DagBag from /opt/airflow/dags/prepare_cv_lac_data_operator.py
[2023-04-29 13:20:31,035] {processor.py:653} WARNING - No viable dags retrieved from /opt/airflow/dags/prepare_cv_lac_data_operator.py
[2023-04-29 13:20:31,048] {processor.py:161} INFO - Processing /opt/airflow/dags/prepare_cv_lac_data_operator.py took 0.146 seconds
[2023-04-29 13:21:02,008] {processor.py:153} INFO - Started process (PID=12514) to work on /opt/airflow/dags/prepare_cv_lac_data_operator.py
[2023-04-29 13:21:02,009] {processor.py:641} INFO - Processing file /opt/airflow/dags/prepare_cv_lac_data_operator.py for tasks to queue
[2023-04-29 13:21:02,009] {logging_mixin.py:115} INFO - [2023-04-29 13:21:02,009] {dagbag.py:508} INFO - Filling up the DagBag from /opt/airflow/dags/prepare_cv_lac_data_operator.py
[2023-04-29 13:21:02,156] {processor.py:653} WARNING - No viable dags retrieved from /opt/airflow/dags/prepare_cv_lac_data_operator.py
[2023-04-29 13:21:02,172] {processor.py:161} INFO - Processing /opt/airflow/dags/prepare_cv_lac_data_operator.py took 0.168 seconds
[2023-04-29 13:21:33,981] {processor.py:153} INFO - Started process (PID=12557) to work on /opt/airflow/dags/prepare_cv_lac_data_operator.py
[2023-04-29 13:21:33,989] {processor.py:641} INFO - Processing file /opt/airflow/dags/prepare_cv_lac_data_operator.py for tasks to queue
[2023-04-29 13:21:33,993] {logging_mixin.py:115} INFO - [2023-04-29 13:21:33,992] {dagbag.py:508} INFO - Filling up the DagBag from /opt/airflow/dags/prepare_cv_lac_data_operator.py
[2023-04-29 13:21:34,326] {processor.py:653} WARNING - No viable dags retrieved from /opt/airflow/dags/prepare_cv_lac_data_operator.py
[2023-04-29 13:21:34,353] {processor.py:161} INFO - Processing /opt/airflow/dags/prepare_cv_lac_data_operator.py took 0.378 seconds
[2023-04-29 13:22:05,310] {processor.py:153} INFO - Started process (PID=12600) to work on /opt/airflow/dags/prepare_cv_lac_data_operator.py
[2023-04-29 13:22:05,311] {processor.py:641} INFO - Processing file /opt/airflow/dags/prepare_cv_lac_data_operator.py for tasks to queue
[2023-04-29 13:22:05,312] {logging_mixin.py:115} INFO - [2023-04-29 13:22:05,312] {dagbag.py:508} INFO - Filling up the DagBag from /opt/airflow/dags/prepare_cv_lac_data_operator.py
[2023-04-29 13:22:05,443] {processor.py:653} WARNING - No viable dags retrieved from /opt/airflow/dags/prepare_cv_lac_data_operator.py
[2023-04-29 13:22:05,460] {processor.py:161} INFO - Processing /opt/airflow/dags/prepare_cv_lac_data_operator.py took 0.154 seconds
[2023-04-29 13:22:35,530] {processor.py:153} INFO - Started process (PID=12644) to work on /opt/airflow/dags/prepare_cv_lac_data_operator.py
[2023-04-29 13:22:35,531] {processor.py:641} INFO - Processing file /opt/airflow/dags/prepare_cv_lac_data_operator.py for tasks to queue
[2023-04-29 13:22:35,532] {logging_mixin.py:115} INFO - [2023-04-29 13:22:35,532] {dagbag.py:508} INFO - Filling up the DagBag from /opt/airflow/dags/prepare_cv_lac_data_operator.py
[2023-04-29 13:22:35,665] {processor.py:653} WARNING - No viable dags retrieved from /opt/airflow/dags/prepare_cv_lac_data_operator.py
[2023-04-29 13:22:35,680] {processor.py:161} INFO - Processing /opt/airflow/dags/prepare_cv_lac_data_operator.py took 0.153 seconds
[2023-04-29 13:23:06,032] {processor.py:153} INFO - Started process (PID=12678) to work on /opt/airflow/dags/prepare_cv_lac_data_operator.py
[2023-04-29 13:23:06,034] {processor.py:641} INFO - Processing file /opt/airflow/dags/prepare_cv_lac_data_operator.py for tasks to queue
[2023-04-29 13:23:06,035] {logging_mixin.py:115} INFO - [2023-04-29 13:23:06,035] {dagbag.py:508} INFO - Filling up the DagBag from /opt/airflow/dags/prepare_cv_lac_data_operator.py
[2023-04-29 13:23:06,181] {processor.py:653} WARNING - No viable dags retrieved from /opt/airflow/dags/prepare_cv_lac_data_operator.py
[2023-04-29 13:23:06,196] {processor.py:161} INFO - Processing /opt/airflow/dags/prepare_cv_lac_data_operator.py took 0.167 seconds
[2023-04-29 13:23:37,092] {processor.py:153} INFO - Started process (PID=12722) to work on /opt/airflow/dags/prepare_cv_lac_data_operator.py
[2023-04-29 13:23:37,093] {processor.py:641} INFO - Processing file /opt/airflow/dags/prepare_cv_lac_data_operator.py for tasks to queue
[2023-04-29 13:23:37,094] {logging_mixin.py:115} INFO - [2023-04-29 13:23:37,094] {dagbag.py:508} INFO - Filling up the DagBag from /opt/airflow/dags/prepare_cv_lac_data_operator.py
[2023-04-29 13:23:37,232] {processor.py:653} WARNING - No viable dags retrieved from /opt/airflow/dags/prepare_cv_lac_data_operator.py
[2023-04-29 13:23:37,246] {processor.py:161} INFO - Processing /opt/airflow/dags/prepare_cv_lac_data_operator.py took 0.157 seconds
[2023-04-29 13:24:08,219] {processor.py:153} INFO - Started process (PID=12764) to work on /opt/airflow/dags/prepare_cv_lac_data_operator.py
[2023-04-29 13:24:08,220] {processor.py:641} INFO - Processing file /opt/airflow/dags/prepare_cv_lac_data_operator.py for tasks to queue
[2023-04-29 13:24:08,221] {logging_mixin.py:115} INFO - [2023-04-29 13:24:08,221] {dagbag.py:508} INFO - Filling up the DagBag from /opt/airflow/dags/prepare_cv_lac_data_operator.py
[2023-04-29 13:24:08,348] {processor.py:653} WARNING - No viable dags retrieved from /opt/airflow/dags/prepare_cv_lac_data_operator.py
[2023-04-29 13:24:08,361] {processor.py:161} INFO - Processing /opt/airflow/dags/prepare_cv_lac_data_operator.py took 0.145 seconds
[2023-04-29 13:24:39,237] {processor.py:153} INFO - Started process (PID=12807) to work on /opt/airflow/dags/prepare_cv_lac_data_operator.py
[2023-04-29 13:24:39,238] {processor.py:641} INFO - Processing file /opt/airflow/dags/prepare_cv_lac_data_operator.py for tasks to queue
[2023-04-29 13:24:39,239] {logging_mixin.py:115} INFO - [2023-04-29 13:24:39,239] {dagbag.py:508} INFO - Filling up the DagBag from /opt/airflow/dags/prepare_cv_lac_data_operator.py
[2023-04-29 13:24:39,383] {processor.py:653} WARNING - No viable dags retrieved from /opt/airflow/dags/prepare_cv_lac_data_operator.py
[2023-04-29 13:24:39,397] {processor.py:161} INFO - Processing /opt/airflow/dags/prepare_cv_lac_data_operator.py took 0.163 seconds
[2023-04-29 13:25:09,653] {processor.py:153} INFO - Started process (PID=12850) to work on /opt/airflow/dags/prepare_cv_lac_data_operator.py
[2023-04-29 13:25:09,654] {processor.py:641} INFO - Processing file /opt/airflow/dags/prepare_cv_lac_data_operator.py for tasks to queue
[2023-04-29 13:25:09,654] {logging_mixin.py:115} INFO - [2023-04-29 13:25:09,654] {dagbag.py:508} INFO - Filling up the DagBag from /opt/airflow/dags/prepare_cv_lac_data_operator.py
[2023-04-29 13:25:09,787] {processor.py:653} WARNING - No viable dags retrieved from /opt/airflow/dags/prepare_cv_lac_data_operator.py
[2023-04-29 13:25:09,801] {processor.py:161} INFO - Processing /opt/airflow/dags/prepare_cv_lac_data_operator.py took 0.151 seconds
[2023-04-29 13:25:40,078] {processor.py:153} INFO - Started process (PID=12883) to work on /opt/airflow/dags/prepare_cv_lac_data_operator.py
[2023-04-29 13:25:40,080] {processor.py:641} INFO - Processing file /opt/airflow/dags/prepare_cv_lac_data_operator.py for tasks to queue
[2023-04-29 13:25:40,081] {logging_mixin.py:115} INFO - [2023-04-29 13:25:40,081] {dagbag.py:508} INFO - Filling up the DagBag from /opt/airflow/dags/prepare_cv_lac_data_operator.py
[2023-04-29 13:25:40,206] {processor.py:653} WARNING - No viable dags retrieved from /opt/airflow/dags/prepare_cv_lac_data_operator.py
[2023-04-29 13:25:40,221] {processor.py:161} INFO - Processing /opt/airflow/dags/prepare_cv_lac_data_operator.py took 0.145 seconds
[2023-04-29 13:26:10,479] {processor.py:153} INFO - Started process (PID=12926) to work on /opt/airflow/dags/prepare_cv_lac_data_operator.py
[2023-04-29 13:26:10,480] {processor.py:641} INFO - Processing file /opt/airflow/dags/prepare_cv_lac_data_operator.py for tasks to queue
[2023-04-29 13:26:10,480] {logging_mixin.py:115} INFO - [2023-04-29 13:26:10,480] {dagbag.py:508} INFO - Filling up the DagBag from /opt/airflow/dags/prepare_cv_lac_data_operator.py
[2023-04-29 13:26:10,600] {processor.py:653} WARNING - No viable dags retrieved from /opt/airflow/dags/prepare_cv_lac_data_operator.py
[2023-04-29 13:26:10,614] {processor.py:161} INFO - Processing /opt/airflow/dags/prepare_cv_lac_data_operator.py took 0.139 seconds
[2023-04-29 13:26:41,776] {processor.py:153} INFO - Started process (PID=12970) to work on /opt/airflow/dags/prepare_cv_lac_data_operator.py
[2023-04-29 13:26:41,777] {processor.py:641} INFO - Processing file /opt/airflow/dags/prepare_cv_lac_data_operator.py for tasks to queue
[2023-04-29 13:26:41,778] {logging_mixin.py:115} INFO - [2023-04-29 13:26:41,778] {dagbag.py:508} INFO - Filling up the DagBag from /opt/airflow/dags/prepare_cv_lac_data_operator.py
[2023-04-29 13:26:41,929] {processor.py:653} WARNING - No viable dags retrieved from /opt/airflow/dags/prepare_cv_lac_data_operator.py
[2023-04-29 13:26:41,942] {processor.py:161} INFO - Processing /opt/airflow/dags/prepare_cv_lac_data_operator.py took 0.169 seconds
[2023-04-29 13:27:13,199] {processor.py:153} INFO - Started process (PID=13013) to work on /opt/airflow/dags/prepare_cv_lac_data_operator.py
[2023-04-29 13:27:13,200] {processor.py:641} INFO - Processing file /opt/airflow/dags/prepare_cv_lac_data_operator.py for tasks to queue
[2023-04-29 13:27:13,201] {logging_mixin.py:115} INFO - [2023-04-29 13:27:13,200] {dagbag.py:508} INFO - Filling up the DagBag from /opt/airflow/dags/prepare_cv_lac_data_operator.py
[2023-04-29 13:27:13,330] {processor.py:653} WARNING - No viable dags retrieved from /opt/airflow/dags/prepare_cv_lac_data_operator.py
[2023-04-29 13:27:13,344] {processor.py:161} INFO - Processing /opt/airflow/dags/prepare_cv_lac_data_operator.py took 0.149 seconds
[2023-04-29 13:27:45,052] {processor.py:153} INFO - Started process (PID=13054) to work on /opt/airflow/dags/prepare_cv_lac_data_operator.py
[2023-04-29 13:27:45,053] {processor.py:641} INFO - Processing file /opt/airflow/dags/prepare_cv_lac_data_operator.py for tasks to queue
[2023-04-29 13:27:45,054] {logging_mixin.py:115} INFO - [2023-04-29 13:27:45,054] {dagbag.py:508} INFO - Filling up the DagBag from /opt/airflow/dags/prepare_cv_lac_data_operator.py
[2023-04-29 13:27:45,280] {processor.py:653} WARNING - No viable dags retrieved from /opt/airflow/dags/prepare_cv_lac_data_operator.py
[2023-04-29 13:27:45,298] {processor.py:161} INFO - Processing /opt/airflow/dags/prepare_cv_lac_data_operator.py took 0.249 seconds
[2023-04-29 13:28:15,574] {processor.py:153} INFO - Started process (PID=13089) to work on /opt/airflow/dags/prepare_cv_lac_data_operator.py
[2023-04-29 13:28:15,575] {processor.py:641} INFO - Processing file /opt/airflow/dags/prepare_cv_lac_data_operator.py for tasks to queue
[2023-04-29 13:28:15,576] {logging_mixin.py:115} INFO - [2023-04-29 13:28:15,576] {dagbag.py:508} INFO - Filling up the DagBag from /opt/airflow/dags/prepare_cv_lac_data_operator.py
[2023-04-29 13:28:15,706] {processor.py:653} WARNING - No viable dags retrieved from /opt/airflow/dags/prepare_cv_lac_data_operator.py
[2023-04-29 13:28:15,721] {processor.py:161} INFO - Processing /opt/airflow/dags/prepare_cv_lac_data_operator.py took 0.150 seconds
[2023-04-29 13:28:46,023] {processor.py:153} INFO - Started process (PID=13133) to work on /opt/airflow/dags/prepare_cv_lac_data_operator.py
[2023-04-29 13:28:46,024] {processor.py:641} INFO - Processing file /opt/airflow/dags/prepare_cv_lac_data_operator.py for tasks to queue
[2023-04-29 13:28:46,024] {logging_mixin.py:115} INFO - [2023-04-29 13:28:46,024] {dagbag.py:508} INFO - Filling up the DagBag from /opt/airflow/dags/prepare_cv_lac_data_operator.py
[2023-04-29 13:28:46,151] {processor.py:653} WARNING - No viable dags retrieved from /opt/airflow/dags/prepare_cv_lac_data_operator.py
[2023-04-29 13:28:46,164] {processor.py:161} INFO - Processing /opt/airflow/dags/prepare_cv_lac_data_operator.py took 0.145 seconds
[2023-04-29 13:29:17,281] {processor.py:153} INFO - Started process (PID=13175) to work on /opt/airflow/dags/prepare_cv_lac_data_operator.py
[2023-04-29 13:29:17,282] {processor.py:641} INFO - Processing file /opt/airflow/dags/prepare_cv_lac_data_operator.py for tasks to queue
[2023-04-29 13:29:17,283] {logging_mixin.py:115} INFO - [2023-04-29 13:29:17,283] {dagbag.py:508} INFO - Filling up the DagBag from /opt/airflow/dags/prepare_cv_lac_data_operator.py
[2023-04-29 13:29:17,412] {processor.py:653} WARNING - No viable dags retrieved from /opt/airflow/dags/prepare_cv_lac_data_operator.py
[2023-04-29 13:29:17,428] {processor.py:161} INFO - Processing /opt/airflow/dags/prepare_cv_lac_data_operator.py took 0.150 seconds
[2023-04-29 13:29:48,437] {processor.py:153} INFO - Started process (PID=13219) to work on /opt/airflow/dags/prepare_cv_lac_data_operator.py
[2023-04-29 13:29:48,438] {processor.py:641} INFO - Processing file /opt/airflow/dags/prepare_cv_lac_data_operator.py for tasks to queue
[2023-04-29 13:29:48,439] {logging_mixin.py:115} INFO - [2023-04-29 13:29:48,439] {dagbag.py:508} INFO - Filling up the DagBag from /opt/airflow/dags/prepare_cv_lac_data_operator.py
[2023-04-29 13:29:48,567] {processor.py:653} WARNING - No viable dags retrieved from /opt/airflow/dags/prepare_cv_lac_data_operator.py
[2023-04-29 13:29:48,580] {processor.py:161} INFO - Processing /opt/airflow/dags/prepare_cv_lac_data_operator.py took 0.146 seconds
[2023-04-29 13:30:19,456] {processor.py:153} INFO - Started process (PID=13262) to work on /opt/airflow/dags/prepare_cv_lac_data_operator.py
[2023-04-29 13:30:19,457] {processor.py:641} INFO - Processing file /opt/airflow/dags/prepare_cv_lac_data_operator.py for tasks to queue
[2023-04-29 13:30:19,458] {logging_mixin.py:115} INFO - [2023-04-29 13:30:19,458] {dagbag.py:508} INFO - Filling up the DagBag from /opt/airflow/dags/prepare_cv_lac_data_operator.py
[2023-04-29 13:30:19,591] {processor.py:653} WARNING - No viable dags retrieved from /opt/airflow/dags/prepare_cv_lac_data_operator.py
[2023-04-29 13:30:19,605] {processor.py:161} INFO - Processing /opt/airflow/dags/prepare_cv_lac_data_operator.py took 0.152 seconds
[2023-04-29 13:30:50,706] {processor.py:153} INFO - Started process (PID=13304) to work on /opt/airflow/dags/prepare_cv_lac_data_operator.py
[2023-04-29 13:30:50,707] {processor.py:641} INFO - Processing file /opt/airflow/dags/prepare_cv_lac_data_operator.py for tasks to queue
[2023-04-29 13:30:50,708] {logging_mixin.py:115} INFO - [2023-04-29 13:30:50,708] {dagbag.py:508} INFO - Filling up the DagBag from /opt/airflow/dags/prepare_cv_lac_data_operator.py
[2023-04-29 13:30:50,861] {processor.py:653} WARNING - No viable dags retrieved from /opt/airflow/dags/prepare_cv_lac_data_operator.py
[2023-04-29 13:30:50,874] {processor.py:161} INFO - Processing /opt/airflow/dags/prepare_cv_lac_data_operator.py took 0.172 seconds
[2023-04-29 13:31:21,030] {processor.py:153} INFO - Started process (PID=13339) to work on /opt/airflow/dags/prepare_cv_lac_data_operator.py
[2023-04-29 13:31:21,031] {processor.py:641} INFO - Processing file /opt/airflow/dags/prepare_cv_lac_data_operator.py for tasks to queue
[2023-04-29 13:31:21,032] {logging_mixin.py:115} INFO - [2023-04-29 13:31:21,032] {dagbag.py:508} INFO - Filling up the DagBag from /opt/airflow/dags/prepare_cv_lac_data_operator.py
[2023-04-29 13:31:21,163] {processor.py:653} WARNING - No viable dags retrieved from /opt/airflow/dags/prepare_cv_lac_data_operator.py
[2023-04-29 13:31:21,176] {processor.py:161} INFO - Processing /opt/airflow/dags/prepare_cv_lac_data_operator.py took 0.148 seconds
[2023-04-29 13:31:52,076] {processor.py:153} INFO - Started process (PID=13382) to work on /opt/airflow/dags/prepare_cv_lac_data_operator.py
[2023-04-29 13:31:52,077] {processor.py:641} INFO - Processing file /opt/airflow/dags/prepare_cv_lac_data_operator.py for tasks to queue
[2023-04-29 13:31:52,077] {logging_mixin.py:115} INFO - [2023-04-29 13:31:52,077] {dagbag.py:508} INFO - Filling up the DagBag from /opt/airflow/dags/prepare_cv_lac_data_operator.py
[2023-04-29 13:31:52,207] {processor.py:653} WARNING - No viable dags retrieved from /opt/airflow/dags/prepare_cv_lac_data_operator.py
[2023-04-29 13:31:52,221] {processor.py:161} INFO - Processing /opt/airflow/dags/prepare_cv_lac_data_operator.py took 0.148 seconds
[2023-04-29 13:32:23,284] {processor.py:153} INFO - Started process (PID=13425) to work on /opt/airflow/dags/prepare_cv_lac_data_operator.py
[2023-04-29 13:32:23,285] {processor.py:641} INFO - Processing file /opt/airflow/dags/prepare_cv_lac_data_operator.py for tasks to queue
[2023-04-29 13:32:23,286] {logging_mixin.py:115} INFO - [2023-04-29 13:32:23,286] {dagbag.py:508} INFO - Filling up the DagBag from /opt/airflow/dags/prepare_cv_lac_data_operator.py
[2023-04-29 13:32:23,409] {processor.py:653} WARNING - No viable dags retrieved from /opt/airflow/dags/prepare_cv_lac_data_operator.py
[2023-04-29 13:32:23,423] {processor.py:161} INFO - Processing /opt/airflow/dags/prepare_cv_lac_data_operator.py took 0.141 seconds
[2023-04-29 13:32:54,611] {processor.py:153} INFO - Started process (PID=13468) to work on /opt/airflow/dags/prepare_cv_lac_data_operator.py
[2023-04-29 13:32:54,612] {processor.py:641} INFO - Processing file /opt/airflow/dags/prepare_cv_lac_data_operator.py for tasks to queue
[2023-04-29 13:32:54,613] {logging_mixin.py:115} INFO - [2023-04-29 13:32:54,613] {dagbag.py:508} INFO - Filling up the DagBag from /opt/airflow/dags/prepare_cv_lac_data_operator.py
[2023-04-29 13:32:54,743] {processor.py:653} WARNING - No viable dags retrieved from /opt/airflow/dags/prepare_cv_lac_data_operator.py
[2023-04-29 13:32:54,758] {processor.py:161} INFO - Processing /opt/airflow/dags/prepare_cv_lac_data_operator.py took 0.151 seconds
