[2023-04-29 00:00:24,518] {processor.py:153} INFO - Started process (PID=11074) to work on /opt/airflow/dags/prepare_wos_data_operator.py
[2023-04-29 00:00:24,519] {processor.py:641} INFO - Processing file /opt/airflow/dags/prepare_wos_data_operator.py for tasks to queue
[2023-04-29 00:00:24,520] {logging_mixin.py:115} INFO - [2023-04-29 00:00:24,520] {dagbag.py:508} INFO - Filling up the DagBag from /opt/airflow/dags/prepare_wos_data_operator.py
[2023-04-29 00:00:24,664] {processor.py:653} WARNING - No viable dags retrieved from /opt/airflow/dags/prepare_wos_data_operator.py
[2023-04-29 00:00:24,678] {processor.py:161} INFO - Processing /opt/airflow/dags/prepare_wos_data_operator.py took 0.164 seconds
[2023-04-29 00:00:55,125] {processor.py:153} INFO - Started process (PID=11108) to work on /opt/airflow/dags/prepare_wos_data_operator.py
[2023-04-29 00:00:55,126] {processor.py:641} INFO - Processing file /opt/airflow/dags/prepare_wos_data_operator.py for tasks to queue
[2023-04-29 00:00:55,127] {logging_mixin.py:115} INFO - [2023-04-29 00:00:55,127] {dagbag.py:508} INFO - Filling up the DagBag from /opt/airflow/dags/prepare_wos_data_operator.py
[2023-04-29 00:00:55,294] {processor.py:653} WARNING - No viable dags retrieved from /opt/airflow/dags/prepare_wos_data_operator.py
[2023-04-29 00:00:55,308] {processor.py:161} INFO - Processing /opt/airflow/dags/prepare_wos_data_operator.py took 0.186 seconds
[2023-04-29 00:01:25,548] {processor.py:153} INFO - Started process (PID=11152) to work on /opt/airflow/dags/prepare_wos_data_operator.py
[2023-04-29 00:01:25,549] {processor.py:641} INFO - Processing file /opt/airflow/dags/prepare_wos_data_operator.py for tasks to queue
[2023-04-29 00:01:25,550] {logging_mixin.py:115} INFO - [2023-04-29 00:01:25,550] {dagbag.py:508} INFO - Filling up the DagBag from /opt/airflow/dags/prepare_wos_data_operator.py
[2023-04-29 00:01:25,692] {processor.py:653} WARNING - No viable dags retrieved from /opt/airflow/dags/prepare_wos_data_operator.py
[2023-04-29 00:01:25,705] {processor.py:161} INFO - Processing /opt/airflow/dags/prepare_wos_data_operator.py took 0.161 seconds
[2023-04-29 00:01:57,119] {processor.py:153} INFO - Started process (PID=11197) to work on /opt/airflow/dags/prepare_wos_data_operator.py
[2023-04-29 00:01:57,121] {processor.py:641} INFO - Processing file /opt/airflow/dags/prepare_wos_data_operator.py for tasks to queue
[2023-04-29 00:01:57,121] {logging_mixin.py:115} INFO - [2023-04-29 00:01:57,121] {dagbag.py:508} INFO - Filling up the DagBag from /opt/airflow/dags/prepare_wos_data_operator.py
[2023-04-29 00:01:57,262] {processor.py:653} WARNING - No viable dags retrieved from /opt/airflow/dags/prepare_wos_data_operator.py
[2023-04-29 00:01:57,281] {processor.py:161} INFO - Processing /opt/airflow/dags/prepare_wos_data_operator.py took 0.164 seconds
[2023-04-29 00:02:27,625] {processor.py:153} INFO - Started process (PID=11239) to work on /opt/airflow/dags/prepare_wos_data_operator.py
[2023-04-29 00:02:27,626] {processor.py:641} INFO - Processing file /opt/airflow/dags/prepare_wos_data_operator.py for tasks to queue
[2023-04-29 00:02:27,627] {logging_mixin.py:115} INFO - [2023-04-29 00:02:27,627] {dagbag.py:508} INFO - Filling up the DagBag from /opt/airflow/dags/prepare_wos_data_operator.py
[2023-04-29 00:02:27,819] {processor.py:653} WARNING - No viable dags retrieved from /opt/airflow/dags/prepare_wos_data_operator.py
[2023-04-29 00:02:27,835] {processor.py:161} INFO - Processing /opt/airflow/dags/prepare_wos_data_operator.py took 0.216 seconds
[2023-04-29 00:02:58,179] {processor.py:153} INFO - Started process (PID=11273) to work on /opt/airflow/dags/prepare_wos_data_operator.py
[2023-04-29 00:02:58,180] {processor.py:641} INFO - Processing file /opt/airflow/dags/prepare_wos_data_operator.py for tasks to queue
[2023-04-29 00:02:58,181] {logging_mixin.py:115} INFO - [2023-04-29 00:02:58,181] {dagbag.py:508} INFO - Filling up the DagBag from /opt/airflow/dags/prepare_wos_data_operator.py
[2023-04-29 00:02:58,306] {processor.py:653} WARNING - No viable dags retrieved from /opt/airflow/dags/prepare_wos_data_operator.py
[2023-04-29 00:02:58,339] {processor.py:161} INFO - Processing /opt/airflow/dags/prepare_wos_data_operator.py took 0.163 seconds
[2023-04-29 00:03:28,654] {processor.py:153} INFO - Started process (PID=11316) to work on /opt/airflow/dags/prepare_wos_data_operator.py
[2023-04-29 00:03:28,655] {processor.py:641} INFO - Processing file /opt/airflow/dags/prepare_wos_data_operator.py for tasks to queue
[2023-04-29 00:03:28,656] {logging_mixin.py:115} INFO - [2023-04-29 00:03:28,656] {dagbag.py:508} INFO - Filling up the DagBag from /opt/airflow/dags/prepare_wos_data_operator.py
[2023-04-29 00:03:28,780] {processor.py:653} WARNING - No viable dags retrieved from /opt/airflow/dags/prepare_wos_data_operator.py
[2023-04-29 00:03:28,795] {processor.py:161} INFO - Processing /opt/airflow/dags/prepare_wos_data_operator.py took 0.145 seconds
[2023-04-29 00:04:49,717] {processor.py:153} INFO - Started process (PID=11360) to work on /opt/airflow/dags/prepare_wos_data_operator.py
[2023-04-29 00:04:49,722] {processor.py:641} INFO - Processing file /opt/airflow/dags/prepare_wos_data_operator.py for tasks to queue
[2023-04-29 00:04:49,731] {logging_mixin.py:115} INFO - [2023-04-29 00:04:49,730] {dagbag.py:508} INFO - Filling up the DagBag from /opt/airflow/dags/prepare_wos_data_operator.py
[2023-04-29 00:04:49,962] {processor.py:653} WARNING - No viable dags retrieved from /opt/airflow/dags/prepare_wos_data_operator.py
[2023-04-29 00:04:49,988] {processor.py:161} INFO - Processing /opt/airflow/dags/prepare_wos_data_operator.py took 0.276 seconds
[2023-04-29 00:05:44,913] {processor.py:153} INFO - Started process (PID=11394) to work on /opt/airflow/dags/prepare_wos_data_operator.py
[2023-04-29 00:05:44,915] {processor.py:641} INFO - Processing file /opt/airflow/dags/prepare_wos_data_operator.py for tasks to queue
[2023-04-29 00:05:44,916] {logging_mixin.py:115} INFO - [2023-04-29 00:05:44,916] {dagbag.py:508} INFO - Filling up the DagBag from /opt/airflow/dags/prepare_wos_data_operator.py
[2023-04-29 00:05:45,118] {processor.py:653} WARNING - No viable dags retrieved from /opt/airflow/dags/prepare_wos_data_operator.py
[2023-04-29 00:05:45,144] {processor.py:161} INFO - Processing /opt/airflow/dags/prepare_wos_data_operator.py took 0.234 seconds
[2023-04-29 00:36:37,113] {processor.py:153} INFO - Started process (PID=11437) to work on /opt/airflow/dags/prepare_wos_data_operator.py
[2023-04-29 00:36:37,114] {processor.py:641} INFO - Processing file /opt/airflow/dags/prepare_wos_data_operator.py for tasks to queue
[2023-04-29 00:36:37,116] {logging_mixin.py:115} INFO - [2023-04-29 00:36:37,116] {dagbag.py:508} INFO - Filling up the DagBag from /opt/airflow/dags/prepare_wos_data_operator.py
[2023-04-29 00:36:37,425] {processor.py:653} WARNING - No viable dags retrieved from /opt/airflow/dags/prepare_wos_data_operator.py
[2023-04-29 00:36:37,458] {processor.py:161} INFO - Processing /opt/airflow/dags/prepare_wos_data_operator.py took 0.350 seconds
[2023-04-29 01:44:02,073] {processor.py:153} INFO - Started process (PID=11478) to work on /opt/airflow/dags/prepare_wos_data_operator.py
[2023-04-29 01:44:02,087] {processor.py:641} INFO - Processing file /opt/airflow/dags/prepare_wos_data_operator.py for tasks to queue
[2023-04-29 01:44:02,091] {logging_mixin.py:115} INFO - [2023-04-29 01:44:02,091] {dagbag.py:508} INFO - Filling up the DagBag from /opt/airflow/dags/prepare_wos_data_operator.py
[2023-04-29 01:44:02,424] {processor.py:653} WARNING - No viable dags retrieved from /opt/airflow/dags/prepare_wos_data_operator.py
[2023-04-29 01:44:02,460] {processor.py:161} INFO - Processing /opt/airflow/dags/prepare_wos_data_operator.py took 0.424 seconds
[2023-04-29 02:11:58,344] {processor.py:153} INFO - Started process (PID=11514) to work on /opt/airflow/dags/prepare_wos_data_operator.py
[2023-04-29 02:11:58,346] {processor.py:641} INFO - Processing file /opt/airflow/dags/prepare_wos_data_operator.py for tasks to queue
[2023-04-29 02:11:58,348] {logging_mixin.py:115} INFO - [2023-04-29 02:11:58,348] {dagbag.py:508} INFO - Filling up the DagBag from /opt/airflow/dags/prepare_wos_data_operator.py
[2023-04-29 02:11:58,583] {processor.py:653} WARNING - No viable dags retrieved from /opt/airflow/dags/prepare_wos_data_operator.py
[2023-04-29 02:11:58,611] {processor.py:161} INFO - Processing /opt/airflow/dags/prepare_wos_data_operator.py took 0.271 seconds
[2023-04-29 02:12:28,685] {processor.py:153} INFO - Started process (PID=11555) to work on /opt/airflow/dags/prepare_wos_data_operator.py
[2023-04-29 02:12:28,686] {processor.py:641} INFO - Processing file /opt/airflow/dags/prepare_wos_data_operator.py for tasks to queue
[2023-04-29 02:12:28,687] {logging_mixin.py:115} INFO - [2023-04-29 02:12:28,687] {dagbag.py:508} INFO - Filling up the DagBag from /opt/airflow/dags/prepare_wos_data_operator.py
[2023-04-29 02:12:28,809] {processor.py:653} WARNING - No viable dags retrieved from /opt/airflow/dags/prepare_wos_data_operator.py
[2023-04-29 02:12:28,823] {processor.py:161} INFO - Processing /opt/airflow/dags/prepare_wos_data_operator.py took 0.141 seconds
[2023-04-29 02:14:34,054] {processor.py:153} INFO - Started process (PID=11588) to work on /opt/airflow/dags/prepare_wos_data_operator.py
[2023-04-29 02:14:34,055] {processor.py:641} INFO - Processing file /opt/airflow/dags/prepare_wos_data_operator.py for tasks to queue
[2023-04-29 02:14:34,057] {logging_mixin.py:115} INFO - [2023-04-29 02:14:34,057] {dagbag.py:508} INFO - Filling up the DagBag from /opt/airflow/dags/prepare_wos_data_operator.py
[2023-04-29 02:14:34,191] {processor.py:653} WARNING - No viable dags retrieved from /opt/airflow/dags/prepare_wos_data_operator.py
[2023-04-29 02:14:34,205] {processor.py:161} INFO - Processing /opt/airflow/dags/prepare_wos_data_operator.py took 0.157 seconds
[2023-04-29 02:16:04,618] {processor.py:153} INFO - Started process (PID=11632) to work on /opt/airflow/dags/prepare_wos_data_operator.py
[2023-04-29 02:16:04,619] {processor.py:641} INFO - Processing file /opt/airflow/dags/prepare_wos_data_operator.py for tasks to queue
[2023-04-29 02:16:04,619] {logging_mixin.py:115} INFO - [2023-04-29 02:16:04,619] {dagbag.py:508} INFO - Filling up the DagBag from /opt/airflow/dags/prepare_wos_data_operator.py
[2023-04-29 02:16:04,742] {processor.py:653} WARNING - No viable dags retrieved from /opt/airflow/dags/prepare_wos_data_operator.py
[2023-04-29 02:16:04,757] {processor.py:161} INFO - Processing /opt/airflow/dags/prepare_wos_data_operator.py took 0.142 seconds
[2023-04-29 02:33:19,818] {processor.py:153} INFO - Started process (PID=11673) to work on /opt/airflow/dags/prepare_wos_data_operator.py
[2023-04-29 02:33:19,831] {processor.py:641} INFO - Processing file /opt/airflow/dags/prepare_wos_data_operator.py for tasks to queue
[2023-04-29 02:33:19,853] {logging_mixin.py:115} INFO - [2023-04-29 02:33:19,852] {dagbag.py:508} INFO - Filling up the DagBag from /opt/airflow/dags/prepare_wos_data_operator.py
[2023-04-29 02:33:20,406] {processor.py:653} WARNING - No viable dags retrieved from /opt/airflow/dags/prepare_wos_data_operator.py
[2023-04-29 02:33:20,454] {processor.py:161} INFO - Processing /opt/airflow/dags/prepare_wos_data_operator.py took 0.639 seconds
[2023-04-29 02:34:08,023] {processor.py:153} INFO - Started process (PID=11708) to work on /opt/airflow/dags/prepare_wos_data_operator.py
[2023-04-29 02:34:08,026] {processor.py:641} INFO - Processing file /opt/airflow/dags/prepare_wos_data_operator.py for tasks to queue
[2023-04-29 02:34:08,027] {logging_mixin.py:115} INFO - [2023-04-29 02:34:08,027] {dagbag.py:508} INFO - Filling up the DagBag from /opt/airflow/dags/prepare_wos_data_operator.py
[2023-04-29 02:34:08,184] {processor.py:653} WARNING - No viable dags retrieved from /opt/airflow/dags/prepare_wos_data_operator.py
[2023-04-29 02:34:08,204] {processor.py:161} INFO - Processing /opt/airflow/dags/prepare_wos_data_operator.py took 0.184 seconds
[2023-04-29 03:29:33,473] {processor.py:153} INFO - Started process (PID=11750) to work on /opt/airflow/dags/prepare_wos_data_operator.py
[2023-04-29 03:29:33,480] {processor.py:641} INFO - Processing file /opt/airflow/dags/prepare_wos_data_operator.py for tasks to queue
[2023-04-29 03:29:33,484] {logging_mixin.py:115} INFO - [2023-04-29 03:29:33,483] {dagbag.py:508} INFO - Filling up the DagBag from /opt/airflow/dags/prepare_wos_data_operator.py
[2023-04-29 03:29:33,663] {processor.py:653} WARNING - No viable dags retrieved from /opt/airflow/dags/prepare_wos_data_operator.py
[2023-04-29 03:29:33,693] {processor.py:161} INFO - Processing /opt/airflow/dags/prepare_wos_data_operator.py took 0.225 seconds
[2023-04-29 03:45:27,659] {processor.py:153} INFO - Started process (PID=11792) to work on /opt/airflow/dags/prepare_wos_data_operator.py
[2023-04-29 03:45:27,663] {processor.py:641} INFO - Processing file /opt/airflow/dags/prepare_wos_data_operator.py for tasks to queue
[2023-04-29 03:45:27,677] {logging_mixin.py:115} INFO - [2023-04-29 03:45:27,677] {dagbag.py:508} INFO - Filling up the DagBag from /opt/airflow/dags/prepare_wos_data_operator.py
[2023-04-29 03:45:27,938] {processor.py:653} WARNING - No viable dags retrieved from /opt/airflow/dags/prepare_wos_data_operator.py
[2023-04-29 03:45:27,957] {processor.py:161} INFO - Processing /opt/airflow/dags/prepare_wos_data_operator.py took 0.303 seconds
[2023-04-29 04:54:17,742] {processor.py:153} INFO - Started process (PID=11826) to work on /opt/airflow/dags/prepare_wos_data_operator.py
[2023-04-29 04:54:17,746] {processor.py:641} INFO - Processing file /opt/airflow/dags/prepare_wos_data_operator.py for tasks to queue
[2023-04-29 04:54:17,752] {logging_mixin.py:115} INFO - [2023-04-29 04:54:17,752] {dagbag.py:508} INFO - Filling up the DagBag from /opt/airflow/dags/prepare_wos_data_operator.py
[2023-04-29 04:54:18,108] {processor.py:653} WARNING - No viable dags retrieved from /opt/airflow/dags/prepare_wos_data_operator.py
[2023-04-29 04:54:18,147] {processor.py:161} INFO - Processing /opt/airflow/dags/prepare_wos_data_operator.py took 0.417 seconds
[2023-04-29 05:57:21,512] {processor.py:153} INFO - Started process (PID=11869) to work on /opt/airflow/dags/prepare_wos_data_operator.py
[2023-04-29 05:57:21,513] {processor.py:641} INFO - Processing file /opt/airflow/dags/prepare_wos_data_operator.py for tasks to queue
[2023-04-29 05:57:21,514] {logging_mixin.py:115} INFO - [2023-04-29 05:57:21,514] {dagbag.py:508} INFO - Filling up the DagBag from /opt/airflow/dags/prepare_wos_data_operator.py
[2023-04-29 05:57:21,646] {processor.py:653} WARNING - No viable dags retrieved from /opt/airflow/dags/prepare_wos_data_operator.py
[2023-04-29 05:57:21,667] {processor.py:161} INFO - Processing /opt/airflow/dags/prepare_wos_data_operator.py took 0.158 seconds
[2023-04-29 07:03:33,660] {processor.py:153} INFO - Started process (PID=11911) to work on /opt/airflow/dags/prepare_wos_data_operator.py
[2023-04-29 07:03:33,664] {processor.py:641} INFO - Processing file /opt/airflow/dags/prepare_wos_data_operator.py for tasks to queue
[2023-04-29 07:03:33,667] {logging_mixin.py:115} INFO - [2023-04-29 07:03:33,667] {dagbag.py:508} INFO - Filling up the DagBag from /opt/airflow/dags/prepare_wos_data_operator.py
[2023-04-29 07:03:33,896] {processor.py:653} WARNING - No viable dags retrieved from /opt/airflow/dags/prepare_wos_data_operator.py
[2023-04-29 07:03:33,957] {processor.py:161} INFO - Processing /opt/airflow/dags/prepare_wos_data_operator.py took 0.302 seconds
[2023-04-29 08:27:11,195] {processor.py:153} INFO - Started process (PID=11944) to work on /opt/airflow/dags/prepare_wos_data_operator.py
[2023-04-29 08:27:11,197] {processor.py:641} INFO - Processing file /opt/airflow/dags/prepare_wos_data_operator.py for tasks to queue
[2023-04-29 08:27:11,199] {logging_mixin.py:115} INFO - [2023-04-29 08:27:11,199] {dagbag.py:508} INFO - Filling up the DagBag from /opt/airflow/dags/prepare_wos_data_operator.py
[2023-04-29 08:27:11,393] {processor.py:653} WARNING - No viable dags retrieved from /opt/airflow/dags/prepare_wos_data_operator.py
[2023-04-29 08:27:11,412] {processor.py:161} INFO - Processing /opt/airflow/dags/prepare_wos_data_operator.py took 0.220 seconds
[2023-04-29 09:31:18,441] {processor.py:153} INFO - Started process (PID=11987) to work on /opt/airflow/dags/prepare_wos_data_operator.py
[2023-04-29 09:31:18,445] {processor.py:641} INFO - Processing file /opt/airflow/dags/prepare_wos_data_operator.py for tasks to queue
[2023-04-29 09:31:18,446] {logging_mixin.py:115} INFO - [2023-04-29 09:31:18,446] {dagbag.py:508} INFO - Filling up the DagBag from /opt/airflow/dags/prepare_wos_data_operator.py
[2023-04-29 09:31:18,672] {processor.py:653} WARNING - No viable dags retrieved from /opt/airflow/dags/prepare_wos_data_operator.py
[2023-04-29 09:31:18,712] {processor.py:161} INFO - Processing /opt/airflow/dags/prepare_wos_data_operator.py took 0.275 seconds
[2023-04-29 10:15:42,078] {processor.py:153} INFO - Started process (PID=12022) to work on /opt/airflow/dags/prepare_wos_data_operator.py
[2023-04-29 10:15:42,079] {processor.py:641} INFO - Processing file /opt/airflow/dags/prepare_wos_data_operator.py for tasks to queue
[2023-04-29 10:15:42,080] {logging_mixin.py:115} INFO - [2023-04-29 10:15:42,080] {dagbag.py:508} INFO - Filling up the DagBag from /opt/airflow/dags/prepare_wos_data_operator.py
[2023-04-29 10:15:42,220] {processor.py:653} WARNING - No viable dags retrieved from /opt/airflow/dags/prepare_wos_data_operator.py
[2023-04-29 10:15:42,234] {processor.py:161} INFO - Processing /opt/airflow/dags/prepare_wos_data_operator.py took 0.159 seconds
[2023-04-29 10:47:18,241] {processor.py:153} INFO - Started process (PID=12064) to work on /opt/airflow/dags/prepare_wos_data_operator.py
[2023-04-29 10:47:18,245] {processor.py:641} INFO - Processing file /opt/airflow/dags/prepare_wos_data_operator.py for tasks to queue
[2023-04-29 10:47:18,252] {logging_mixin.py:115} INFO - [2023-04-29 10:47:18,252] {dagbag.py:508} INFO - Filling up the DagBag from /opt/airflow/dags/prepare_wos_data_operator.py
[2023-04-29 10:47:18,451] {processor.py:653} WARNING - No viable dags retrieved from /opt/airflow/dags/prepare_wos_data_operator.py
[2023-04-29 10:47:18,477] {processor.py:161} INFO - Processing /opt/airflow/dags/prepare_wos_data_operator.py took 0.243 seconds
[2023-04-29 11:52:16,817] {processor.py:153} INFO - Started process (PID=12107) to work on /opt/airflow/dags/prepare_wos_data_operator.py
[2023-04-29 11:52:16,818] {processor.py:641} INFO - Processing file /opt/airflow/dags/prepare_wos_data_operator.py for tasks to queue
[2023-04-29 11:52:16,819] {logging_mixin.py:115} INFO - [2023-04-29 11:52:16,819] {dagbag.py:508} INFO - Filling up the DagBag from /opt/airflow/dags/prepare_wos_data_operator.py
[2023-04-29 11:52:16,975] {processor.py:653} WARNING - No viable dags retrieved from /opt/airflow/dags/prepare_wos_data_operator.py
[2023-04-29 11:52:16,993] {processor.py:161} INFO - Processing /opt/airflow/dags/prepare_wos_data_operator.py took 0.180 seconds
[2023-04-29 12:58:48,527] {processor.py:153} INFO - Started process (PID=12141) to work on /opt/airflow/dags/prepare_wos_data_operator.py
[2023-04-29 12:58:48,529] {processor.py:641} INFO - Processing file /opt/airflow/dags/prepare_wos_data_operator.py for tasks to queue
[2023-04-29 12:58:48,531] {logging_mixin.py:115} INFO - [2023-04-29 12:58:48,531] {dagbag.py:508} INFO - Filling up the DagBag from /opt/airflow/dags/prepare_wos_data_operator.py
[2023-04-29 12:58:48,719] {processor.py:653} WARNING - No viable dags retrieved from /opt/airflow/dags/prepare_wos_data_operator.py
[2023-04-29 12:58:48,743] {processor.py:161} INFO - Processing /opt/airflow/dags/prepare_wos_data_operator.py took 0.219 seconds
[2023-04-29 13:16:56,136] {processor.py:153} INFO - Started process (PID=12185) to work on /opt/airflow/dags/prepare_wos_data_operator.py
[2023-04-29 13:16:56,138] {processor.py:641} INFO - Processing file /opt/airflow/dags/prepare_wos_data_operator.py for tasks to queue
[2023-04-29 13:16:56,139] {logging_mixin.py:115} INFO - [2023-04-29 13:16:56,139] {dagbag.py:508} INFO - Filling up the DagBag from /opt/airflow/dags/prepare_wos_data_operator.py
[2023-04-29 13:16:56,331] {processor.py:653} WARNING - No viable dags retrieved from /opt/airflow/dags/prepare_wos_data_operator.py
[2023-04-29 13:16:56,353] {processor.py:161} INFO - Processing /opt/airflow/dags/prepare_wos_data_operator.py took 0.225 seconds
[2023-04-29 13:17:26,944] {processor.py:153} INFO - Started process (PID=12228) to work on /opt/airflow/dags/prepare_wos_data_operator.py
[2023-04-29 13:17:26,946] {processor.py:641} INFO - Processing file /opt/airflow/dags/prepare_wos_data_operator.py for tasks to queue
[2023-04-29 13:17:26,947] {logging_mixin.py:115} INFO - [2023-04-29 13:17:26,947] {dagbag.py:508} INFO - Filling up the DagBag from /opt/airflow/dags/prepare_wos_data_operator.py
[2023-04-29 13:17:27,156] {processor.py:653} WARNING - No viable dags retrieved from /opt/airflow/dags/prepare_wos_data_operator.py
[2023-04-29 13:17:27,197] {processor.py:161} INFO - Processing /opt/airflow/dags/prepare_wos_data_operator.py took 0.257 seconds
[2023-04-29 13:17:57,645] {processor.py:153} INFO - Started process (PID=12270) to work on /opt/airflow/dags/prepare_wos_data_operator.py
[2023-04-29 13:17:57,647] {processor.py:641} INFO - Processing file /opt/airflow/dags/prepare_wos_data_operator.py for tasks to queue
[2023-04-29 13:17:57,648] {logging_mixin.py:115} INFO - [2023-04-29 13:17:57,648] {dagbag.py:508} INFO - Filling up the DagBag from /opt/airflow/dags/prepare_wos_data_operator.py
[2023-04-29 13:17:57,828] {processor.py:653} WARNING - No viable dags retrieved from /opt/airflow/dags/prepare_wos_data_operator.py
[2023-04-29 13:17:57,847] {processor.py:161} INFO - Processing /opt/airflow/dags/prepare_wos_data_operator.py took 0.207 seconds
[2023-04-29 13:18:27,913] {processor.py:153} INFO - Started process (PID=12303) to work on /opt/airflow/dags/prepare_wos_data_operator.py
[2023-04-29 13:18:27,915] {processor.py:641} INFO - Processing file /opt/airflow/dags/prepare_wos_data_operator.py for tasks to queue
[2023-04-29 13:18:27,916] {logging_mixin.py:115} INFO - [2023-04-29 13:18:27,915] {dagbag.py:508} INFO - Filling up the DagBag from /opt/airflow/dags/prepare_wos_data_operator.py
[2023-04-29 13:18:28,053] {processor.py:653} WARNING - No viable dags retrieved from /opt/airflow/dags/prepare_wos_data_operator.py
[2023-04-29 13:18:28,072] {processor.py:161} INFO - Processing /opt/airflow/dags/prepare_wos_data_operator.py took 0.163 seconds
[2023-04-29 13:18:59,085] {processor.py:153} INFO - Started process (PID=12347) to work on /opt/airflow/dags/prepare_wos_data_operator.py
[2023-04-29 13:18:59,086] {processor.py:641} INFO - Processing file /opt/airflow/dags/prepare_wos_data_operator.py for tasks to queue
[2023-04-29 13:18:59,087] {logging_mixin.py:115} INFO - [2023-04-29 13:18:59,087] {dagbag.py:508} INFO - Filling up the DagBag from /opt/airflow/dags/prepare_wos_data_operator.py
[2023-04-29 13:18:59,221] {processor.py:653} WARNING - No viable dags retrieved from /opt/airflow/dags/prepare_wos_data_operator.py
[2023-04-29 13:18:59,234] {processor.py:161} INFO - Processing /opt/airflow/dags/prepare_wos_data_operator.py took 0.153 seconds
[2023-04-29 13:19:29,599] {processor.py:153} INFO - Started process (PID=12389) to work on /opt/airflow/dags/prepare_wos_data_operator.py
[2023-04-29 13:19:29,600] {processor.py:641} INFO - Processing file /opt/airflow/dags/prepare_wos_data_operator.py for tasks to queue
[2023-04-29 13:19:29,601] {logging_mixin.py:115} INFO - [2023-04-29 13:19:29,601] {dagbag.py:508} INFO - Filling up the DagBag from /opt/airflow/dags/prepare_wos_data_operator.py
[2023-04-29 13:19:29,768] {processor.py:653} WARNING - No viable dags retrieved from /opt/airflow/dags/prepare_wos_data_operator.py
[2023-04-29 13:19:29,786] {processor.py:161} INFO - Processing /opt/airflow/dags/prepare_wos_data_operator.py took 0.189 seconds
[2023-04-29 13:19:59,981] {processor.py:153} INFO - Started process (PID=12432) to work on /opt/airflow/dags/prepare_wos_data_operator.py
[2023-04-29 13:19:59,983] {processor.py:641} INFO - Processing file /opt/airflow/dags/prepare_wos_data_operator.py for tasks to queue
[2023-04-29 13:19:59,990] {logging_mixin.py:115} INFO - [2023-04-29 13:19:59,990] {dagbag.py:508} INFO - Filling up the DagBag from /opt/airflow/dags/prepare_wos_data_operator.py
[2023-04-29 13:20:00,197] {processor.py:653} WARNING - No viable dags retrieved from /opt/airflow/dags/prepare_wos_data_operator.py
[2023-04-29 13:20:00,221] {processor.py:161} INFO - Processing /opt/airflow/dags/prepare_wos_data_operator.py took 0.243 seconds
[2023-04-29 13:20:30,538] {processor.py:153} INFO - Started process (PID=12467) to work on /opt/airflow/dags/prepare_wos_data_operator.py
[2023-04-29 13:20:30,540] {processor.py:641} INFO - Processing file /opt/airflow/dags/prepare_wos_data_operator.py for tasks to queue
[2023-04-29 13:20:30,541] {logging_mixin.py:115} INFO - [2023-04-29 13:20:30,541] {dagbag.py:508} INFO - Filling up the DagBag from /opt/airflow/dags/prepare_wos_data_operator.py
[2023-04-29 13:20:30,679] {processor.py:653} WARNING - No viable dags retrieved from /opt/airflow/dags/prepare_wos_data_operator.py
[2023-04-29 13:20:30,695] {processor.py:161} INFO - Processing /opt/airflow/dags/prepare_wos_data_operator.py took 0.161 seconds
[2023-04-29 13:21:01,762] {processor.py:153} INFO - Started process (PID=12511) to work on /opt/airflow/dags/prepare_wos_data_operator.py
[2023-04-29 13:21:01,764] {processor.py:641} INFO - Processing file /opt/airflow/dags/prepare_wos_data_operator.py for tasks to queue
[2023-04-29 13:21:01,764] {logging_mixin.py:115} INFO - [2023-04-29 13:21:01,764] {dagbag.py:508} INFO - Filling up the DagBag from /opt/airflow/dags/prepare_wos_data_operator.py
[2023-04-29 13:21:01,894] {processor.py:653} WARNING - No viable dags retrieved from /opt/airflow/dags/prepare_wos_data_operator.py
[2023-04-29 13:21:01,911] {processor.py:161} INFO - Processing /opt/airflow/dags/prepare_wos_data_operator.py took 0.152 seconds
[2023-04-29 13:21:33,684] {processor.py:153} INFO - Started process (PID=12554) to work on /opt/airflow/dags/prepare_wos_data_operator.py
[2023-04-29 13:21:33,686] {processor.py:641} INFO - Processing file /opt/airflow/dags/prepare_wos_data_operator.py for tasks to queue
[2023-04-29 13:21:33,686] {logging_mixin.py:115} INFO - [2023-04-29 13:21:33,686] {dagbag.py:508} INFO - Filling up the DagBag from /opt/airflow/dags/prepare_wos_data_operator.py
[2023-04-29 13:21:33,858] {processor.py:653} WARNING - No viable dags retrieved from /opt/airflow/dags/prepare_wos_data_operator.py
[2023-04-29 13:21:33,893] {processor.py:161} INFO - Processing /opt/airflow/dags/prepare_wos_data_operator.py took 0.213 seconds
[2023-04-29 13:22:04,121] {processor.py:153} INFO - Started process (PID=12597) to work on /opt/airflow/dags/prepare_wos_data_operator.py
[2023-04-29 13:22:04,122] {processor.py:641} INFO - Processing file /opt/airflow/dags/prepare_wos_data_operator.py for tasks to queue
[2023-04-29 13:22:04,123] {logging_mixin.py:115} INFO - [2023-04-29 13:22:04,123] {dagbag.py:508} INFO - Filling up the DagBag from /opt/airflow/dags/prepare_wos_data_operator.py
[2023-04-29 13:22:04,245] {processor.py:653} WARNING - No viable dags retrieved from /opt/airflow/dags/prepare_wos_data_operator.py
[2023-04-29 13:22:04,258] {processor.py:161} INFO - Processing /opt/airflow/dags/prepare_wos_data_operator.py took 0.140 seconds
[2023-04-29 13:22:35,203] {processor.py:153} INFO - Started process (PID=12641) to work on /opt/airflow/dags/prepare_wos_data_operator.py
[2023-04-29 13:22:35,204] {processor.py:641} INFO - Processing file /opt/airflow/dags/prepare_wos_data_operator.py for tasks to queue
[2023-04-29 13:22:35,205] {logging_mixin.py:115} INFO - [2023-04-29 13:22:35,205] {dagbag.py:508} INFO - Filling up the DagBag from /opt/airflow/dags/prepare_wos_data_operator.py
[2023-04-29 13:22:35,391] {processor.py:653} WARNING - No viable dags retrieved from /opt/airflow/dags/prepare_wos_data_operator.py
[2023-04-29 13:22:35,421] {processor.py:161} INFO - Processing /opt/airflow/dags/prepare_wos_data_operator.py took 0.221 seconds
[2023-04-29 13:23:05,519] {processor.py:153} INFO - Started process (PID=12673) to work on /opt/airflow/dags/prepare_wos_data_operator.py
[2023-04-29 13:23:05,520] {processor.py:641} INFO - Processing file /opt/airflow/dags/prepare_wos_data_operator.py for tasks to queue
[2023-04-29 13:23:05,521] {logging_mixin.py:115} INFO - [2023-04-29 13:23:05,521] {dagbag.py:508} INFO - Filling up the DagBag from /opt/airflow/dags/prepare_wos_data_operator.py
[2023-04-29 13:23:05,643] {processor.py:653} WARNING - No viable dags retrieved from /opt/airflow/dags/prepare_wos_data_operator.py
[2023-04-29 13:23:05,657] {processor.py:161} INFO - Processing /opt/airflow/dags/prepare_wos_data_operator.py took 0.142 seconds
[2023-04-29 13:23:35,746] {processor.py:153} INFO - Started process (PID=12716) to work on /opt/airflow/dags/prepare_wos_data_operator.py
[2023-04-29 13:23:35,747] {processor.py:641} INFO - Processing file /opt/airflow/dags/prepare_wos_data_operator.py for tasks to queue
[2023-04-29 13:23:35,748] {logging_mixin.py:115} INFO - [2023-04-29 13:23:35,748] {dagbag.py:508} INFO - Filling up the DagBag from /opt/airflow/dags/prepare_wos_data_operator.py
[2023-04-29 13:23:35,891] {processor.py:653} WARNING - No viable dags retrieved from /opt/airflow/dags/prepare_wos_data_operator.py
[2023-04-29 13:23:35,909] {processor.py:161} INFO - Processing /opt/airflow/dags/prepare_wos_data_operator.py took 0.166 seconds
[2023-04-29 13:24:06,906] {processor.py:153} INFO - Started process (PID=12758) to work on /opt/airflow/dags/prepare_wos_data_operator.py
[2023-04-29 13:24:06,907] {processor.py:641} INFO - Processing file /opt/airflow/dags/prepare_wos_data_operator.py for tasks to queue
[2023-04-29 13:24:06,908] {logging_mixin.py:115} INFO - [2023-04-29 13:24:06,908] {dagbag.py:508} INFO - Filling up the DagBag from /opt/airflow/dags/prepare_wos_data_operator.py
[2023-04-29 13:24:07,033] {processor.py:653} WARNING - No viable dags retrieved from /opt/airflow/dags/prepare_wos_data_operator.py
[2023-04-29 13:24:07,046] {processor.py:161} INFO - Processing /opt/airflow/dags/prepare_wos_data_operator.py took 0.143 seconds
[2023-04-29 13:24:37,964] {processor.py:153} INFO - Started process (PID=12801) to work on /opt/airflow/dags/prepare_wos_data_operator.py
[2023-04-29 13:24:37,965] {processor.py:641} INFO - Processing file /opt/airflow/dags/prepare_wos_data_operator.py for tasks to queue
[2023-04-29 13:24:37,966] {logging_mixin.py:115} INFO - [2023-04-29 13:24:37,966] {dagbag.py:508} INFO - Filling up the DagBag from /opt/airflow/dags/prepare_wos_data_operator.py
[2023-04-29 13:24:38,092] {processor.py:653} WARNING - No viable dags retrieved from /opt/airflow/dags/prepare_wos_data_operator.py
[2023-04-29 13:24:38,106] {processor.py:161} INFO - Processing /opt/airflow/dags/prepare_wos_data_operator.py took 0.145 seconds
[2023-04-29 13:25:09,249] {processor.py:153} INFO - Started process (PID=12843) to work on /opt/airflow/dags/prepare_wos_data_operator.py
[2023-04-29 13:25:09,251] {processor.py:641} INFO - Processing file /opt/airflow/dags/prepare_wos_data_operator.py for tasks to queue
[2023-04-29 13:25:09,252] {logging_mixin.py:115} INFO - [2023-04-29 13:25:09,252] {dagbag.py:508} INFO - Filling up the DagBag from /opt/airflow/dags/prepare_wos_data_operator.py
[2023-04-29 13:25:09,432] {processor.py:653} WARNING - No viable dags retrieved from /opt/airflow/dags/prepare_wos_data_operator.py
[2023-04-29 13:25:09,445] {processor.py:161} INFO - Processing /opt/airflow/dags/prepare_wos_data_operator.py took 0.199 seconds
[2023-04-29 13:25:39,751] {processor.py:153} INFO - Started process (PID=12877) to work on /opt/airflow/dags/prepare_wos_data_operator.py
[2023-04-29 13:25:39,752] {processor.py:641} INFO - Processing file /opt/airflow/dags/prepare_wos_data_operator.py for tasks to queue
[2023-04-29 13:25:39,753] {logging_mixin.py:115} INFO - [2023-04-29 13:25:39,753] {dagbag.py:508} INFO - Filling up the DagBag from /opt/airflow/dags/prepare_wos_data_operator.py
[2023-04-29 13:25:39,872] {processor.py:653} WARNING - No viable dags retrieved from /opt/airflow/dags/prepare_wos_data_operator.py
[2023-04-29 13:25:39,885] {processor.py:161} INFO - Processing /opt/airflow/dags/prepare_wos_data_operator.py took 0.138 seconds
[2023-04-29 13:26:10,147] {processor.py:153} INFO - Started process (PID=12920) to work on /opt/airflow/dags/prepare_wos_data_operator.py
[2023-04-29 13:26:10,148] {processor.py:641} INFO - Processing file /opt/airflow/dags/prepare_wos_data_operator.py for tasks to queue
[2023-04-29 13:26:10,149] {logging_mixin.py:115} INFO - [2023-04-29 13:26:10,149] {dagbag.py:508} INFO - Filling up the DagBag from /opt/airflow/dags/prepare_wos_data_operator.py
[2023-04-29 13:26:10,265] {processor.py:653} WARNING - No viable dags retrieved from /opt/airflow/dags/prepare_wos_data_operator.py
[2023-04-29 13:26:10,280] {processor.py:161} INFO - Processing /opt/airflow/dags/prepare_wos_data_operator.py took 0.136 seconds
[2023-04-29 13:26:41,599] {processor.py:153} INFO - Started process (PID=12966) to work on /opt/airflow/dags/prepare_wos_data_operator.py
[2023-04-29 13:26:41,600] {processor.py:641} INFO - Processing file /opt/airflow/dags/prepare_wos_data_operator.py for tasks to queue
[2023-04-29 13:26:41,601] {logging_mixin.py:115} INFO - [2023-04-29 13:26:41,601] {dagbag.py:508} INFO - Filling up the DagBag from /opt/airflow/dags/prepare_wos_data_operator.py
[2023-04-29 13:26:41,735] {processor.py:653} WARNING - No viable dags retrieved from /opt/airflow/dags/prepare_wos_data_operator.py
[2023-04-29 13:26:41,748] {processor.py:161} INFO - Processing /opt/airflow/dags/prepare_wos_data_operator.py took 0.152 seconds
[2023-04-29 13:27:13,014] {processor.py:153} INFO - Started process (PID=13009) to work on /opt/airflow/dags/prepare_wos_data_operator.py
[2023-04-29 13:27:13,015] {processor.py:641} INFO - Processing file /opt/airflow/dags/prepare_wos_data_operator.py for tasks to queue
[2023-04-29 13:27:13,016] {logging_mixin.py:115} INFO - [2023-04-29 13:27:13,016] {dagbag.py:508} INFO - Filling up the DagBag from /opt/airflow/dags/prepare_wos_data_operator.py
[2023-04-29 13:27:13,156] {processor.py:653} WARNING - No viable dags retrieved from /opt/airflow/dags/prepare_wos_data_operator.py
[2023-04-29 13:27:13,170] {processor.py:161} INFO - Processing /opt/airflow/dags/prepare_wos_data_operator.py took 0.162 seconds
[2023-04-29 13:27:44,855] {processor.py:153} INFO - Started process (PID=13051) to work on /opt/airflow/dags/prepare_wos_data_operator.py
[2023-04-29 13:27:44,857] {processor.py:641} INFO - Processing file /opt/airflow/dags/prepare_wos_data_operator.py for tasks to queue
[2023-04-29 13:27:44,858] {logging_mixin.py:115} INFO - [2023-04-29 13:27:44,858] {dagbag.py:508} INFO - Filling up the DagBag from /opt/airflow/dags/prepare_wos_data_operator.py
[2023-04-29 13:27:45,008] {processor.py:653} WARNING - No viable dags retrieved from /opt/airflow/dags/prepare_wos_data_operator.py
[2023-04-29 13:27:45,022] {processor.py:161} INFO - Processing /opt/airflow/dags/prepare_wos_data_operator.py took 0.169 seconds
[2023-04-29 13:28:15,389] {processor.py:153} INFO - Started process (PID=13086) to work on /opt/airflow/dags/prepare_wos_data_operator.py
[2023-04-29 13:28:15,390] {processor.py:641} INFO - Processing file /opt/airflow/dags/prepare_wos_data_operator.py for tasks to queue
[2023-04-29 13:28:15,391] {logging_mixin.py:115} INFO - [2023-04-29 13:28:15,391] {dagbag.py:508} INFO - Filling up the DagBag from /opt/airflow/dags/prepare_wos_data_operator.py
[2023-04-29 13:28:15,531] {processor.py:653} WARNING - No viable dags retrieved from /opt/airflow/dags/prepare_wos_data_operator.py
[2023-04-29 13:28:15,545] {processor.py:161} INFO - Processing /opt/airflow/dags/prepare_wos_data_operator.py took 0.159 seconds
[2023-04-29 13:28:45,837] {processor.py:153} INFO - Started process (PID=13129) to work on /opt/airflow/dags/prepare_wos_data_operator.py
[2023-04-29 13:28:45,838] {processor.py:641} INFO - Processing file /opt/airflow/dags/prepare_wos_data_operator.py for tasks to queue
[2023-04-29 13:28:45,839] {logging_mixin.py:115} INFO - [2023-04-29 13:28:45,839] {dagbag.py:508} INFO - Filling up the DagBag from /opt/airflow/dags/prepare_wos_data_operator.py
[2023-04-29 13:28:45,980] {processor.py:653} WARNING - No viable dags retrieved from /opt/airflow/dags/prepare_wos_data_operator.py
[2023-04-29 13:28:45,994] {processor.py:161} INFO - Processing /opt/airflow/dags/prepare_wos_data_operator.py took 0.161 seconds
[2023-04-29 13:29:17,096] {processor.py:153} INFO - Started process (PID=13172) to work on /opt/airflow/dags/prepare_wos_data_operator.py
[2023-04-29 13:29:17,097] {processor.py:641} INFO - Processing file /opt/airflow/dags/prepare_wos_data_operator.py for tasks to queue
[2023-04-29 13:29:17,097] {logging_mixin.py:115} INFO - [2023-04-29 13:29:17,097] {dagbag.py:508} INFO - Filling up the DagBag from /opt/airflow/dags/prepare_wos_data_operator.py
[2023-04-29 13:29:17,238] {processor.py:653} WARNING - No viable dags retrieved from /opt/airflow/dags/prepare_wos_data_operator.py
[2023-04-29 13:29:17,251] {processor.py:161} INFO - Processing /opt/airflow/dags/prepare_wos_data_operator.py took 0.159 seconds
[2023-04-29 13:29:48,210] {processor.py:153} INFO - Started process (PID=13215) to work on /opt/airflow/dags/prepare_wos_data_operator.py
[2023-04-29 13:29:48,211] {processor.py:641} INFO - Processing file /opt/airflow/dags/prepare_wos_data_operator.py for tasks to queue
[2023-04-29 13:29:48,212] {logging_mixin.py:115} INFO - [2023-04-29 13:29:48,212] {dagbag.py:508} INFO - Filling up the DagBag from /opt/airflow/dags/prepare_wos_data_operator.py
[2023-04-29 13:29:48,337] {processor.py:653} WARNING - No viable dags retrieved from /opt/airflow/dags/prepare_wos_data_operator.py
[2023-04-29 13:29:48,352] {processor.py:161} INFO - Processing /opt/airflow/dags/prepare_wos_data_operator.py took 0.145 seconds
[2023-04-29 13:30:19,226] {processor.py:153} INFO - Started process (PID=13258) to work on /opt/airflow/dags/prepare_wos_data_operator.py
[2023-04-29 13:30:19,227] {processor.py:641} INFO - Processing file /opt/airflow/dags/prepare_wos_data_operator.py for tasks to queue
[2023-04-29 13:30:19,227] {logging_mixin.py:115} INFO - [2023-04-29 13:30:19,227] {dagbag.py:508} INFO - Filling up the DagBag from /opt/airflow/dags/prepare_wos_data_operator.py
[2023-04-29 13:30:19,350] {processor.py:653} WARNING - No viable dags retrieved from /opt/airflow/dags/prepare_wos_data_operator.py
[2023-04-29 13:30:19,363] {processor.py:161} INFO - Processing /opt/airflow/dags/prepare_wos_data_operator.py took 0.141 seconds
[2023-04-29 13:30:50,497] {processor.py:153} INFO - Started process (PID=13301) to work on /opt/airflow/dags/prepare_wos_data_operator.py
[2023-04-29 13:30:50,499] {processor.py:641} INFO - Processing file /opt/airflow/dags/prepare_wos_data_operator.py for tasks to queue
[2023-04-29 13:30:50,500] {logging_mixin.py:115} INFO - [2023-04-29 13:30:50,500] {dagbag.py:508} INFO - Filling up the DagBag from /opt/airflow/dags/prepare_wos_data_operator.py
[2023-04-29 13:30:50,661] {processor.py:653} WARNING - No viable dags retrieved from /opt/airflow/dags/prepare_wos_data_operator.py
[2023-04-29 13:30:50,677] {processor.py:161} INFO - Processing /opt/airflow/dags/prepare_wos_data_operator.py took 0.185 seconds
[2023-04-29 13:31:20,751] {processor.py:153} INFO - Started process (PID=13334) to work on /opt/airflow/dags/prepare_wos_data_operator.py
[2023-04-29 13:31:20,752] {processor.py:641} INFO - Processing file /opt/airflow/dags/prepare_wos_data_operator.py for tasks to queue
[2023-04-29 13:31:20,753] {logging_mixin.py:115} INFO - [2023-04-29 13:31:20,753] {dagbag.py:508} INFO - Filling up the DagBag from /opt/airflow/dags/prepare_wos_data_operator.py
[2023-04-29 13:31:20,872] {processor.py:653} WARNING - No viable dags retrieved from /opt/airflow/dags/prepare_wos_data_operator.py
[2023-04-29 13:31:20,887] {processor.py:161} INFO - Processing /opt/airflow/dags/prepare_wos_data_operator.py took 0.139 seconds
[2023-04-29 13:31:51,838] {processor.py:153} INFO - Started process (PID=13378) to work on /opt/airflow/dags/prepare_wos_data_operator.py
[2023-04-29 13:31:51,839] {processor.py:641} INFO - Processing file /opt/airflow/dags/prepare_wos_data_operator.py for tasks to queue
[2023-04-29 13:31:51,840] {logging_mixin.py:115} INFO - [2023-04-29 13:31:51,840] {dagbag.py:508} INFO - Filling up the DagBag from /opt/airflow/dags/prepare_wos_data_operator.py
[2023-04-29 13:31:51,970] {processor.py:653} WARNING - No viable dags retrieved from /opt/airflow/dags/prepare_wos_data_operator.py
[2023-04-29 13:31:51,984] {processor.py:161} INFO - Processing /opt/airflow/dags/prepare_wos_data_operator.py took 0.149 seconds
[2023-04-29 13:32:23,112] {processor.py:153} INFO - Started process (PID=13421) to work on /opt/airflow/dags/prepare_wos_data_operator.py
[2023-04-29 13:32:23,113] {processor.py:641} INFO - Processing file /opt/airflow/dags/prepare_wos_data_operator.py for tasks to queue
[2023-04-29 13:32:23,114] {logging_mixin.py:115} INFO - [2023-04-29 13:32:23,114] {dagbag.py:508} INFO - Filling up the DagBag from /opt/airflow/dags/prepare_wos_data_operator.py
[2023-04-29 13:32:23,243] {processor.py:653} WARNING - No viable dags retrieved from /opt/airflow/dags/prepare_wos_data_operator.py
[2023-04-29 13:32:23,256] {processor.py:161} INFO - Processing /opt/airflow/dags/prepare_wos_data_operator.py took 0.147 seconds
[2023-04-29 13:32:54,430] {processor.py:153} INFO - Started process (PID=13464) to work on /opt/airflow/dags/prepare_wos_data_operator.py
[2023-04-29 13:32:54,431] {processor.py:641} INFO - Processing file /opt/airflow/dags/prepare_wos_data_operator.py for tasks to queue
[2023-04-29 13:32:54,432] {logging_mixin.py:115} INFO - [2023-04-29 13:32:54,432] {dagbag.py:508} INFO - Filling up the DagBag from /opt/airflow/dags/prepare_wos_data_operator.py
[2023-04-29 13:32:54,567] {processor.py:653} WARNING - No viable dags retrieved from /opt/airflow/dags/prepare_wos_data_operator.py
[2023-04-29 13:32:54,580] {processor.py:161} INFO - Processing /opt/airflow/dags/prepare_wos_data_operator.py took 0.153 seconds
