[2023-04-29 00:00:24,605] {processor.py:153} INFO - Started process (PID=11076) to work on /opt/airflow/dags/vic_investigacion_dag.py
[2023-04-29 00:00:24,606] {processor.py:641} INFO - Processing file /opt/airflow/dags/vic_investigacion_dag.py for tasks to queue
[2023-04-29 00:00:24,607] {logging_mixin.py:115} INFO - [2023-04-29 00:00:24,607] {dagbag.py:508} INFO - Filling up the DagBag from /opt/airflow/dags/vic_investigacion_dag.py
[2023-04-29 00:00:24,616] {logging_mixin.py:115} INFO - [2023-04-29 00:00:24,615] {log_util.py:40} INFO - Module loaded.
[2023-04-29 00:00:24,761] {logging_mixin.py:115} INFO - [2023-04-29 00:00:24,761] {log_util.py:40} INFO - Module loaded.
[2023-04-29 00:00:24,765] {logging_mixin.py:115} INFO - [2023-04-29 00:00:24,764] {log_util.py:40} INFO - Module loaded.
[2023-04-29 00:00:24,767] {logging_mixin.py:115} INFO - [2023-04-29 00:00:24,767] {log_util.py:40} INFO - Module loaded.
[2023-04-29 00:00:24,770] {logging_mixin.py:115} INFO - [2023-04-29 00:00:24,770] {log_util.py:40} INFO - Module loaded.
[2023-04-29 00:00:24,844] {processor.py:651} INFO - DAG(s) dict_keys(['vic_investigacion_ETL']) retrieved from /opt/airflow/dags/vic_investigacion_dag.py
[2023-04-29 00:00:24,871] {logging_mixin.py:115} INFO - [2023-04-29 00:00:24,871] {dag.py:2420} INFO - Sync 1 DAGs
[2023-04-29 00:00:24,897] {logging_mixin.py:115} INFO - [2023-04-29 00:00:24,897] {dag.py:2972} INFO - Setting next_dagrun for vic_investigacion_ETL to None, run_after=None
[2023-04-29 00:00:24,917] {processor.py:161} INFO - Processing /opt/airflow/dags/vic_investigacion_dag.py took 0.314 seconds
[2023-04-29 00:00:55,267] {processor.py:153} INFO - Started process (PID=11110) to work on /opt/airflow/dags/vic_investigacion_dag.py
[2023-04-29 00:00:55,268] {processor.py:641} INFO - Processing file /opt/airflow/dags/vic_investigacion_dag.py for tasks to queue
[2023-04-29 00:00:55,269] {logging_mixin.py:115} INFO - [2023-04-29 00:00:55,269] {dagbag.py:508} INFO - Filling up the DagBag from /opt/airflow/dags/vic_investigacion_dag.py
[2023-04-29 00:00:55,278] {logging_mixin.py:115} INFO - [2023-04-29 00:00:55,278] {log_util.py:40} INFO - Module loaded.
[2023-04-29 00:00:55,425] {logging_mixin.py:115} INFO - [2023-04-29 00:00:55,425] {log_util.py:40} INFO - Module loaded.
[2023-04-29 00:00:55,428] {logging_mixin.py:115} INFO - [2023-04-29 00:00:55,427] {log_util.py:40} INFO - Module loaded.
[2023-04-29 00:00:55,431] {logging_mixin.py:115} INFO - [2023-04-29 00:00:55,430] {log_util.py:40} INFO - Module loaded.
[2023-04-29 00:00:55,434] {logging_mixin.py:115} INFO - [2023-04-29 00:00:55,433] {log_util.py:40} INFO - Module loaded.
[2023-04-29 00:00:55,515] {processor.py:651} INFO - DAG(s) dict_keys(['vic_investigacion_ETL']) retrieved from /opt/airflow/dags/vic_investigacion_dag.py
[2023-04-29 00:00:55,539] {logging_mixin.py:115} INFO - [2023-04-29 00:00:55,538] {dag.py:2420} INFO - Sync 1 DAGs
[2023-04-29 00:00:55,555] {logging_mixin.py:115} INFO - [2023-04-29 00:00:55,555] {dag.py:2972} INFO - Setting next_dagrun for vic_investigacion_ETL to None, run_after=None
[2023-04-29 00:00:55,564] {processor.py:161} INFO - Processing /opt/airflow/dags/vic_investigacion_dag.py took 0.300 seconds
[2023-04-29 00:01:25,735] {processor.py:153} INFO - Started process (PID=11156) to work on /opt/airflow/dags/vic_investigacion_dag.py
[2023-04-29 00:01:25,736] {processor.py:641} INFO - Processing file /opt/airflow/dags/vic_investigacion_dag.py for tasks to queue
[2023-04-29 00:01:25,737] {logging_mixin.py:115} INFO - [2023-04-29 00:01:25,737] {dagbag.py:508} INFO - Filling up the DagBag from /opt/airflow/dags/vic_investigacion_dag.py
[2023-04-29 00:01:25,745] {logging_mixin.py:115} INFO - [2023-04-29 00:01:25,745] {log_util.py:40} INFO - Module loaded.
[2023-04-29 00:01:25,874] {logging_mixin.py:115} INFO - [2023-04-29 00:01:25,873] {log_util.py:40} INFO - Module loaded.
[2023-04-29 00:01:25,876] {logging_mixin.py:115} INFO - [2023-04-29 00:01:25,876] {log_util.py:40} INFO - Module loaded.
[2023-04-29 00:01:25,879] {logging_mixin.py:115} INFO - [2023-04-29 00:01:25,878] {log_util.py:40} INFO - Module loaded.
[2023-04-29 00:01:25,882] {logging_mixin.py:115} INFO - [2023-04-29 00:01:25,881] {log_util.py:40} INFO - Module loaded.
[2023-04-29 00:01:25,960] {processor.py:651} INFO - DAG(s) dict_keys(['vic_investigacion_ETL']) retrieved from /opt/airflow/dags/vic_investigacion_dag.py
[2023-04-29 00:01:25,990] {logging_mixin.py:115} INFO - [2023-04-29 00:01:25,990] {dag.py:2420} INFO - Sync 1 DAGs
[2023-04-29 00:01:26,021] {logging_mixin.py:115} INFO - [2023-04-29 00:01:26,021] {dag.py:2972} INFO - Setting next_dagrun for vic_investigacion_ETL to None, run_after=None
[2023-04-29 00:01:26,030] {processor.py:161} INFO - Processing /opt/airflow/dags/vic_investigacion_dag.py took 0.298 seconds
[2023-04-29 00:01:56,927] {processor.py:153} INFO - Started process (PID=11194) to work on /opt/airflow/dags/vic_investigacion_dag.py
[2023-04-29 00:01:56,928] {processor.py:641} INFO - Processing file /opt/airflow/dags/vic_investigacion_dag.py for tasks to queue
[2023-04-29 00:01:56,929] {logging_mixin.py:115} INFO - [2023-04-29 00:01:56,929] {dagbag.py:508} INFO - Filling up the DagBag from /opt/airflow/dags/vic_investigacion_dag.py
[2023-04-29 00:01:56,937] {logging_mixin.py:115} INFO - [2023-04-29 00:01:56,936] {log_util.py:40} INFO - Module loaded.
[2023-04-29 00:01:57,077] {logging_mixin.py:115} INFO - [2023-04-29 00:01:57,076] {log_util.py:40} INFO - Module loaded.
[2023-04-29 00:01:57,079] {logging_mixin.py:115} INFO - [2023-04-29 00:01:57,079] {log_util.py:40} INFO - Module loaded.
[2023-04-29 00:01:57,082] {logging_mixin.py:115} INFO - [2023-04-29 00:01:57,081] {log_util.py:40} INFO - Module loaded.
[2023-04-29 00:01:57,085] {logging_mixin.py:115} INFO - [2023-04-29 00:01:57,084] {log_util.py:40} INFO - Module loaded.
[2023-04-29 00:01:57,164] {processor.py:651} INFO - DAG(s) dict_keys(['vic_investigacion_ETL']) retrieved from /opt/airflow/dags/vic_investigacion_dag.py
[2023-04-29 00:01:57,185] {logging_mixin.py:115} INFO - [2023-04-29 00:01:57,185] {dag.py:2420} INFO - Sync 1 DAGs
[2023-04-29 00:01:57,201] {logging_mixin.py:115} INFO - [2023-04-29 00:01:57,201] {dag.py:2972} INFO - Setting next_dagrun for vic_investigacion_ETL to None, run_after=None
[2023-04-29 00:01:57,209] {processor.py:161} INFO - Processing /opt/airflow/dags/vic_investigacion_dag.py took 0.285 seconds
[2023-04-29 00:02:27,558] {processor.py:153} INFO - Started process (PID=11238) to work on /opt/airflow/dags/vic_investigacion_dag.py
[2023-04-29 00:02:27,559] {processor.py:641} INFO - Processing file /opt/airflow/dags/vic_investigacion_dag.py for tasks to queue
[2023-04-29 00:02:27,560] {logging_mixin.py:115} INFO - [2023-04-29 00:02:27,560] {dagbag.py:508} INFO - Filling up the DagBag from /opt/airflow/dags/vic_investigacion_dag.py
[2023-04-29 00:02:27,574] {logging_mixin.py:115} INFO - [2023-04-29 00:02:27,573] {log_util.py:40} INFO - Module loaded.
[2023-04-29 00:02:27,759] {logging_mixin.py:115} INFO - [2023-04-29 00:02:27,759] {log_util.py:40} INFO - Module loaded.
[2023-04-29 00:02:27,763] {logging_mixin.py:115} INFO - [2023-04-29 00:02:27,763] {log_util.py:40} INFO - Module loaded.
[2023-04-29 00:02:27,765] {logging_mixin.py:115} INFO - [2023-04-29 00:02:27,765] {log_util.py:40} INFO - Module loaded.
[2023-04-29 00:02:27,768] {logging_mixin.py:115} INFO - [2023-04-29 00:02:27,768] {log_util.py:40} INFO - Module loaded.
[2023-04-29 00:02:27,877] {processor.py:651} INFO - DAG(s) dict_keys(['vic_investigacion_ETL']) retrieved from /opt/airflow/dags/vic_investigacion_dag.py
[2023-04-29 00:02:27,907] {logging_mixin.py:115} INFO - [2023-04-29 00:02:27,906] {dag.py:2420} INFO - Sync 1 DAGs
[2023-04-29 00:02:27,925] {logging_mixin.py:115} INFO - [2023-04-29 00:02:27,925] {dag.py:2972} INFO - Setting next_dagrun for vic_investigacion_ETL to None, run_after=None
[2023-04-29 00:02:27,936] {processor.py:161} INFO - Processing /opt/airflow/dags/vic_investigacion_dag.py took 0.382 seconds
[2023-04-29 00:02:58,179] {processor.py:153} INFO - Started process (PID=11272) to work on /opt/airflow/dags/vic_investigacion_dag.py
[2023-04-29 00:02:58,180] {processor.py:641} INFO - Processing file /opt/airflow/dags/vic_investigacion_dag.py for tasks to queue
[2023-04-29 00:02:58,181] {logging_mixin.py:115} INFO - [2023-04-29 00:02:58,181] {dagbag.py:508} INFO - Filling up the DagBag from /opt/airflow/dags/vic_investigacion_dag.py
[2023-04-29 00:02:58,188] {logging_mixin.py:115} INFO - [2023-04-29 00:02:58,188] {log_util.py:40} INFO - Module loaded.
[2023-04-29 00:02:58,309] {logging_mixin.py:115} INFO - [2023-04-29 00:02:58,308] {log_util.py:40} INFO - Module loaded.
[2023-04-29 00:02:58,312] {logging_mixin.py:115} INFO - [2023-04-29 00:02:58,311] {log_util.py:40} INFO - Module loaded.
[2023-04-29 00:02:58,326] {logging_mixin.py:115} INFO - [2023-04-29 00:02:58,325] {log_util.py:40} INFO - Module loaded.
[2023-04-29 00:02:58,332] {logging_mixin.py:115} INFO - [2023-04-29 00:02:58,329] {log_util.py:40} INFO - Module loaded.
[2023-04-29 00:02:58,411] {processor.py:651} INFO - DAG(s) dict_keys(['vic_investigacion_ETL']) retrieved from /opt/airflow/dags/vic_investigacion_dag.py
[2023-04-29 00:02:58,434] {logging_mixin.py:115} INFO - [2023-04-29 00:02:58,434] {dag.py:2420} INFO - Sync 1 DAGs
[2023-04-29 00:02:58,452] {logging_mixin.py:115} INFO - [2023-04-29 00:02:58,452] {dag.py:2972} INFO - Setting next_dagrun for vic_investigacion_ETL to None, run_after=None
[2023-04-29 00:02:58,464] {processor.py:161} INFO - Processing /opt/airflow/dags/vic_investigacion_dag.py took 0.289 seconds
[2023-04-29 00:03:28,652] {processor.py:153} INFO - Started process (PID=11315) to work on /opt/airflow/dags/vic_investigacion_dag.py
[2023-04-29 00:03:28,653] {processor.py:641} INFO - Processing file /opt/airflow/dags/vic_investigacion_dag.py for tasks to queue
[2023-04-29 00:03:28,654] {logging_mixin.py:115} INFO - [2023-04-29 00:03:28,654] {dagbag.py:508} INFO - Filling up the DagBag from /opt/airflow/dags/vic_investigacion_dag.py
[2023-04-29 00:03:28,662] {logging_mixin.py:115} INFO - [2023-04-29 00:03:28,661] {log_util.py:40} INFO - Module loaded.
[2023-04-29 00:03:28,781] {logging_mixin.py:115} INFO - [2023-04-29 00:03:28,781] {log_util.py:40} INFO - Module loaded.
[2023-04-29 00:03:28,784] {logging_mixin.py:115} INFO - [2023-04-29 00:03:28,784] {log_util.py:40} INFO - Module loaded.
[2023-04-29 00:03:28,787] {logging_mixin.py:115} INFO - [2023-04-29 00:03:28,786] {log_util.py:40} INFO - Module loaded.
[2023-04-29 00:03:28,789] {logging_mixin.py:115} INFO - [2023-04-29 00:03:28,788] {log_util.py:40} INFO - Module loaded.
[2023-04-29 00:03:28,873] {processor.py:651} INFO - DAG(s) dict_keys(['vic_investigacion_ETL']) retrieved from /opt/airflow/dags/vic_investigacion_dag.py
[2023-04-29 00:03:28,918] {logging_mixin.py:115} INFO - [2023-04-29 00:03:28,918] {dag.py:2420} INFO - Sync 1 DAGs
[2023-04-29 00:03:28,955] {logging_mixin.py:115} INFO - [2023-04-29 00:03:28,955] {dag.py:2972} INFO - Setting next_dagrun for vic_investigacion_ETL to None, run_after=None
[2023-04-29 00:03:28,963] {processor.py:161} INFO - Processing /opt/airflow/dags/vic_investigacion_dag.py took 0.315 seconds
[2023-04-29 00:04:49,428] {processor.py:153} INFO - Started process (PID=11357) to work on /opt/airflow/dags/vic_investigacion_dag.py
[2023-04-29 00:04:49,430] {processor.py:641} INFO - Processing file /opt/airflow/dags/vic_investigacion_dag.py for tasks to queue
[2023-04-29 00:04:49,432] {logging_mixin.py:115} INFO - [2023-04-29 00:04:49,432] {dagbag.py:508} INFO - Filling up the DagBag from /opt/airflow/dags/vic_investigacion_dag.py
[2023-04-29 00:04:49,441] {logging_mixin.py:115} INFO - [2023-04-29 00:04:49,441] {log_util.py:40} INFO - Module loaded.
[2023-04-29 00:04:49,622] {logging_mixin.py:115} INFO - [2023-04-29 00:04:49,616] {log_util.py:40} INFO - Module loaded.
[2023-04-29 00:04:49,630] {logging_mixin.py:115} INFO - [2023-04-29 00:04:49,627] {log_util.py:40} INFO - Module loaded.
[2023-04-29 00:04:49,639] {logging_mixin.py:115} INFO - [2023-04-29 00:04:49,638] {log_util.py:40} INFO - Module loaded.
[2023-04-29 00:04:49,644] {logging_mixin.py:115} INFO - [2023-04-29 00:04:49,644] {log_util.py:40} INFO - Module loaded.
[2023-04-29 00:04:49,866] {processor.py:651} INFO - DAG(s) dict_keys(['vic_investigacion_ETL']) retrieved from /opt/airflow/dags/vic_investigacion_dag.py
[2023-04-29 00:04:49,943] {logging_mixin.py:115} INFO - [2023-04-29 00:04:49,943] {dag.py:2420} INFO - Sync 1 DAGs
[2023-04-29 00:04:49,975] {logging_mixin.py:115} INFO - [2023-04-29 00:04:49,975] {dag.py:2972} INFO - Setting next_dagrun for vic_investigacion_ETL to None, run_after=None
[2023-04-29 00:04:49,987] {processor.py:161} INFO - Processing /opt/airflow/dags/vic_investigacion_dag.py took 0.563 seconds
[2023-04-29 00:05:44,739] {processor.py:153} INFO - Started process (PID=11391) to work on /opt/airflow/dags/vic_investigacion_dag.py
[2023-04-29 00:05:44,741] {processor.py:641} INFO - Processing file /opt/airflow/dags/vic_investigacion_dag.py for tasks to queue
[2023-04-29 00:05:44,742] {logging_mixin.py:115} INFO - [2023-04-29 00:05:44,741] {dagbag.py:508} INFO - Filling up the DagBag from /opt/airflow/dags/vic_investigacion_dag.py
[2023-04-29 00:05:44,752] {logging_mixin.py:115} INFO - [2023-04-29 00:05:44,751] {log_util.py:40} INFO - Module loaded.
[2023-04-29 00:05:44,879] {logging_mixin.py:115} INFO - [2023-04-29 00:05:44,879] {log_util.py:40} INFO - Module loaded.
[2023-04-29 00:05:44,882] {logging_mixin.py:115} INFO - [2023-04-29 00:05:44,881] {log_util.py:40} INFO - Module loaded.
[2023-04-29 00:05:44,884] {logging_mixin.py:115} INFO - [2023-04-29 00:05:44,884] {log_util.py:40} INFO - Module loaded.
[2023-04-29 00:05:44,887] {logging_mixin.py:115} INFO - [2023-04-29 00:05:44,886] {log_util.py:40} INFO - Module loaded.
[2023-04-29 00:05:44,980] {processor.py:651} INFO - DAG(s) dict_keys(['vic_investigacion_ETL']) retrieved from /opt/airflow/dags/vic_investigacion_dag.py
[2023-04-29 00:05:45,034] {logging_mixin.py:115} INFO - [2023-04-29 00:05:45,034] {dag.py:2420} INFO - Sync 1 DAGs
[2023-04-29 00:05:45,074] {logging_mixin.py:115} INFO - [2023-04-29 00:05:45,073] {dag.py:2972} INFO - Setting next_dagrun for vic_investigacion_ETL to None, run_after=None
[2023-04-29 00:05:45,096] {processor.py:161} INFO - Processing /opt/airflow/dags/vic_investigacion_dag.py took 0.360 seconds
[2023-04-29 00:36:36,849] {processor.py:153} INFO - Started process (PID=11435) to work on /opt/airflow/dags/vic_investigacion_dag.py
[2023-04-29 00:36:36,851] {processor.py:641} INFO - Processing file /opt/airflow/dags/vic_investigacion_dag.py for tasks to queue
[2023-04-29 00:36:36,853] {logging_mixin.py:115} INFO - [2023-04-29 00:36:36,853] {dagbag.py:508} INFO - Filling up the DagBag from /opt/airflow/dags/vic_investigacion_dag.py
[2023-04-29 00:36:36,874] {logging_mixin.py:115} INFO - [2023-04-29 00:36:36,872] {log_util.py:40} INFO - Module loaded.
[2023-04-29 00:36:37,172] {logging_mixin.py:115} INFO - [2023-04-29 00:36:37,171] {log_util.py:40} INFO - Module loaded.
[2023-04-29 00:36:37,178] {logging_mixin.py:115} INFO - [2023-04-29 00:36:37,177] {log_util.py:40} INFO - Module loaded.
[2023-04-29 00:36:37,182] {logging_mixin.py:115} INFO - [2023-04-29 00:36:37,181] {log_util.py:40} INFO - Module loaded.
[2023-04-29 00:36:37,185] {logging_mixin.py:115} INFO - [2023-04-29 00:36:37,184] {log_util.py:40} INFO - Module loaded.
[2023-04-29 00:36:37,359] {processor.py:651} INFO - DAG(s) dict_keys(['vic_investigacion_ETL']) retrieved from /opt/airflow/dags/vic_investigacion_dag.py
[2023-04-29 00:36:37,437] {logging_mixin.py:115} INFO - [2023-04-29 00:36:37,436] {dag.py:2420} INFO - Sync 1 DAGs
[2023-04-29 00:36:37,540] {logging_mixin.py:115} INFO - [2023-04-29 00:36:37,540] {dag.py:2972} INFO - Setting next_dagrun for vic_investigacion_ETL to None, run_after=None
[2023-04-29 00:36:37,578] {processor.py:161} INFO - Processing /opt/airflow/dags/vic_investigacion_dag.py took 0.738 seconds
[2023-04-29 01:44:01,724] {processor.py:153} INFO - Started process (PID=11470) to work on /opt/airflow/dags/vic_investigacion_dag.py
[2023-04-29 01:44:01,745] {processor.py:641} INFO - Processing file /opt/airflow/dags/vic_investigacion_dag.py for tasks to queue
[2023-04-29 01:44:01,752] {logging_mixin.py:115} INFO - [2023-04-29 01:44:01,752] {dagbag.py:508} INFO - Filling up the DagBag from /opt/airflow/dags/vic_investigacion_dag.py
[2023-04-29 01:44:01,823] {logging_mixin.py:115} INFO - [2023-04-29 01:44:01,817] {log_util.py:40} INFO - Module loaded.
[2023-04-29 01:44:02,212] {logging_mixin.py:115} INFO - [2023-04-29 01:44:02,210] {log_util.py:40} INFO - Module loaded.
[2023-04-29 01:44:02,231] {logging_mixin.py:115} INFO - [2023-04-29 01:44:02,228] {log_util.py:40} INFO - Module loaded.
[2023-04-29 01:44:02,247] {logging_mixin.py:115} INFO - [2023-04-29 01:44:02,245] {log_util.py:40} INFO - Module loaded.
[2023-04-29 01:44:02,256] {logging_mixin.py:115} INFO - [2023-04-29 01:44:02,254] {log_util.py:40} INFO - Module loaded.
[2023-04-29 01:44:02,414] {processor.py:651} INFO - DAG(s) dict_keys(['vic_investigacion_ETL']) retrieved from /opt/airflow/dags/vic_investigacion_dag.py
[2023-04-29 01:44:02,460] {logging_mixin.py:115} INFO - [2023-04-29 01:44:02,459] {dag.py:2420} INFO - Sync 1 DAGs
[2023-04-29 01:44:02,526] {logging_mixin.py:115} INFO - [2023-04-29 01:44:02,525] {dag.py:2972} INFO - Setting next_dagrun for vic_investigacion_ETL to None, run_after=None
[2023-04-29 01:44:02,586] {processor.py:161} INFO - Processing /opt/airflow/dags/vic_investigacion_dag.py took 0.881 seconds
[2023-04-29 02:11:58,232] {processor.py:153} INFO - Started process (PID=11512) to work on /opt/airflow/dags/vic_investigacion_dag.py
[2023-04-29 02:11:58,233] {processor.py:641} INFO - Processing file /opt/airflow/dags/vic_investigacion_dag.py for tasks to queue
[2023-04-29 02:11:58,234] {logging_mixin.py:115} INFO - [2023-04-29 02:11:58,234] {dagbag.py:508} INFO - Filling up the DagBag from /opt/airflow/dags/vic_investigacion_dag.py
[2023-04-29 02:11:58,242] {logging_mixin.py:115} INFO - [2023-04-29 02:11:58,242] {log_util.py:40} INFO - Module loaded.
[2023-04-29 02:11:58,419] {logging_mixin.py:115} INFO - [2023-04-29 02:11:58,417] {log_util.py:40} INFO - Module loaded.
[2023-04-29 02:11:58,427] {logging_mixin.py:115} INFO - [2023-04-29 02:11:58,425] {log_util.py:40} INFO - Module loaded.
[2023-04-29 02:11:58,434] {logging_mixin.py:115} INFO - [2023-04-29 02:11:58,432] {log_util.py:40} INFO - Module loaded.
[2023-04-29 02:11:58,439] {logging_mixin.py:115} INFO - [2023-04-29 02:11:58,439] {log_util.py:40} INFO - Module loaded.
[2023-04-29 02:11:58,536] {processor.py:651} INFO - DAG(s) dict_keys(['vic_investigacion_ETL']) retrieved from /opt/airflow/dags/vic_investigacion_dag.py
[2023-04-29 02:11:58,578] {logging_mixin.py:115} INFO - [2023-04-29 02:11:58,578] {dag.py:2420} INFO - Sync 1 DAGs
[2023-04-29 02:11:58,604] {logging_mixin.py:115} INFO - [2023-04-29 02:11:58,604] {dag.py:2972} INFO - Setting next_dagrun for vic_investigacion_ETL to None, run_after=None
[2023-04-29 02:11:58,624] {processor.py:161} INFO - Processing /opt/airflow/dags/vic_investigacion_dag.py took 0.396 seconds
[2023-04-29 02:12:28,683] {processor.py:153} INFO - Started process (PID=11554) to work on /opt/airflow/dags/vic_investigacion_dag.py
[2023-04-29 02:12:28,686] {processor.py:641} INFO - Processing file /opt/airflow/dags/vic_investigacion_dag.py for tasks to queue
[2023-04-29 02:12:28,687] {logging_mixin.py:115} INFO - [2023-04-29 02:12:28,687] {dagbag.py:508} INFO - Filling up the DagBag from /opt/airflow/dags/vic_investigacion_dag.py
[2023-04-29 02:12:28,695] {logging_mixin.py:115} INFO - [2023-04-29 02:12:28,695] {log_util.py:40} INFO - Module loaded.
[2023-04-29 02:12:28,810] {logging_mixin.py:115} INFO - [2023-04-29 02:12:28,810] {log_util.py:40} INFO - Module loaded.
[2023-04-29 02:12:28,813] {logging_mixin.py:115} INFO - [2023-04-29 02:12:28,812] {log_util.py:40} INFO - Module loaded.
[2023-04-29 02:12:28,815] {logging_mixin.py:115} INFO - [2023-04-29 02:12:28,815] {log_util.py:40} INFO - Module loaded.
[2023-04-29 02:12:28,818] {logging_mixin.py:115} INFO - [2023-04-29 02:12:28,817] {log_util.py:40} INFO - Module loaded.
[2023-04-29 02:12:28,887] {processor.py:651} INFO - DAG(s) dict_keys(['vic_investigacion_ETL']) retrieved from /opt/airflow/dags/vic_investigacion_dag.py
[2023-04-29 02:12:28,907] {logging_mixin.py:115} INFO - [2023-04-29 02:12:28,907] {dag.py:2420} INFO - Sync 1 DAGs
[2023-04-29 02:12:28,922] {logging_mixin.py:115} INFO - [2023-04-29 02:12:28,922] {dag.py:2972} INFO - Setting next_dagrun for vic_investigacion_ETL to None, run_after=None
[2023-04-29 02:12:28,929] {processor.py:161} INFO - Processing /opt/airflow/dags/vic_investigacion_dag.py took 0.249 seconds
[2023-04-29 02:14:34,011] {processor.py:153} INFO - Started process (PID=11587) to work on /opt/airflow/dags/vic_investigacion_dag.py
[2023-04-29 02:14:34,012] {processor.py:641} INFO - Processing file /opt/airflow/dags/vic_investigacion_dag.py for tasks to queue
[2023-04-29 02:14:34,013] {logging_mixin.py:115} INFO - [2023-04-29 02:14:34,012] {dagbag.py:508} INFO - Filling up the DagBag from /opt/airflow/dags/vic_investigacion_dag.py
[2023-04-29 02:14:34,023] {logging_mixin.py:115} INFO - [2023-04-29 02:14:34,022] {log_util.py:40} INFO - Module loaded.
[2023-04-29 02:14:34,165] {logging_mixin.py:115} INFO - [2023-04-29 02:14:34,164] {log_util.py:40} INFO - Module loaded.
[2023-04-29 02:14:34,167] {logging_mixin.py:115} INFO - [2023-04-29 02:14:34,167] {log_util.py:40} INFO - Module loaded.
[2023-04-29 02:14:34,169] {logging_mixin.py:115} INFO - [2023-04-29 02:14:34,169] {log_util.py:40} INFO - Module loaded.
[2023-04-29 02:14:34,172] {logging_mixin.py:115} INFO - [2023-04-29 02:14:34,171] {log_util.py:40} INFO - Module loaded.
[2023-04-29 02:14:34,248] {processor.py:651} INFO - DAG(s) dict_keys(['vic_investigacion_ETL']) retrieved from /opt/airflow/dags/vic_investigacion_dag.py
[2023-04-29 02:14:34,270] {logging_mixin.py:115} INFO - [2023-04-29 02:14:34,269] {dag.py:2420} INFO - Sync 1 DAGs
[2023-04-29 02:14:34,286] {logging_mixin.py:115} INFO - [2023-04-29 02:14:34,286] {dag.py:2972} INFO - Setting next_dagrun for vic_investigacion_ETL to None, run_after=None
[2023-04-29 02:14:34,294] {processor.py:161} INFO - Processing /opt/airflow/dags/vic_investigacion_dag.py took 0.287 seconds
[2023-04-29 02:16:04,538] {processor.py:153} INFO - Started process (PID=11630) to work on /opt/airflow/dags/vic_investigacion_dag.py
[2023-04-29 02:16:04,539] {processor.py:641} INFO - Processing file /opt/airflow/dags/vic_investigacion_dag.py for tasks to queue
[2023-04-29 02:16:04,540] {logging_mixin.py:115} INFO - [2023-04-29 02:16:04,540] {dagbag.py:508} INFO - Filling up the DagBag from /opt/airflow/dags/vic_investigacion_dag.py
[2023-04-29 02:16:04,548] {logging_mixin.py:115} INFO - [2023-04-29 02:16:04,547] {log_util.py:40} INFO - Module loaded.
[2023-04-29 02:16:04,675] {logging_mixin.py:115} INFO - [2023-04-29 02:16:04,674] {log_util.py:40} INFO - Module loaded.
[2023-04-29 02:16:04,677] {logging_mixin.py:115} INFO - [2023-04-29 02:16:04,677] {log_util.py:40} INFO - Module loaded.
[2023-04-29 02:16:04,680] {logging_mixin.py:115} INFO - [2023-04-29 02:16:04,679] {log_util.py:40} INFO - Module loaded.
[2023-04-29 02:16:04,683] {logging_mixin.py:115} INFO - [2023-04-29 02:16:04,682] {log_util.py:40} INFO - Module loaded.
[2023-04-29 02:16:04,752] {processor.py:651} INFO - DAG(s) dict_keys(['vic_investigacion_ETL']) retrieved from /opt/airflow/dags/vic_investigacion_dag.py
[2023-04-29 02:16:04,791] {logging_mixin.py:115} INFO - [2023-04-29 02:16:04,791] {dag.py:2420} INFO - Sync 1 DAGs
[2023-04-29 02:16:04,809] {logging_mixin.py:115} INFO - [2023-04-29 02:16:04,808] {dag.py:2972} INFO - Setting next_dagrun for vic_investigacion_ETL to None, run_after=None
[2023-04-29 02:16:04,816] {processor.py:161} INFO - Processing /opt/airflow/dags/vic_investigacion_dag.py took 0.281 seconds
[2023-04-29 02:33:19,674] {processor.py:153} INFO - Started process (PID=11672) to work on /opt/airflow/dags/vic_investigacion_dag.py
[2023-04-29 02:33:19,679] {processor.py:641} INFO - Processing file /opt/airflow/dags/vic_investigacion_dag.py for tasks to queue
[2023-04-29 02:33:19,680] {logging_mixin.py:115} INFO - [2023-04-29 02:33:19,680] {dagbag.py:508} INFO - Filling up the DagBag from /opt/airflow/dags/vic_investigacion_dag.py
[2023-04-29 02:33:19,711] {logging_mixin.py:115} INFO - [2023-04-29 02:33:19,709] {log_util.py:40} INFO - Module loaded.
[2023-04-29 02:33:20,061] {logging_mixin.py:115} INFO - [2023-04-29 02:33:20,060] {log_util.py:40} INFO - Module loaded.
[2023-04-29 02:33:20,125] {logging_mixin.py:115} INFO - [2023-04-29 02:33:20,109] {log_util.py:40} INFO - Module loaded.
[2023-04-29 02:33:20,181] {logging_mixin.py:115} INFO - [2023-04-29 02:33:20,165] {log_util.py:40} INFO - Module loaded.
[2023-04-29 02:33:20,187] {logging_mixin.py:115} INFO - [2023-04-29 02:33:20,185] {log_util.py:40} INFO - Module loaded.
[2023-04-29 02:33:20,384] {processor.py:651} INFO - DAG(s) dict_keys(['vic_investigacion_ETL']) retrieved from /opt/airflow/dags/vic_investigacion_dag.py
[2023-04-29 02:33:20,482] {logging_mixin.py:115} INFO - [2023-04-29 02:33:20,481] {dag.py:2420} INFO - Sync 1 DAGs
[2023-04-29 02:33:20,529] {logging_mixin.py:115} INFO - [2023-04-29 02:33:20,529] {dag.py:2972} INFO - Setting next_dagrun for vic_investigacion_ETL to None, run_after=None
[2023-04-29 02:33:20,591] {processor.py:161} INFO - Processing /opt/airflow/dags/vic_investigacion_dag.py took 0.921 seconds
[2023-04-29 02:34:07,917] {processor.py:153} INFO - Started process (PID=11706) to work on /opt/airflow/dags/vic_investigacion_dag.py
[2023-04-29 02:34:07,919] {processor.py:641} INFO - Processing file /opt/airflow/dags/vic_investigacion_dag.py for tasks to queue
[2023-04-29 02:34:07,920] {logging_mixin.py:115} INFO - [2023-04-29 02:34:07,919] {dagbag.py:508} INFO - Filling up the DagBag from /opt/airflow/dags/vic_investigacion_dag.py
[2023-04-29 02:34:07,928] {logging_mixin.py:115} INFO - [2023-04-29 02:34:07,928] {log_util.py:40} INFO - Module loaded.
[2023-04-29 02:34:08,089] {logging_mixin.py:115} INFO - [2023-04-29 02:34:08,089] {log_util.py:40} INFO - Module loaded.
[2023-04-29 02:34:08,092] {logging_mixin.py:115} INFO - [2023-04-29 02:34:08,091] {log_util.py:40} INFO - Module loaded.
[2023-04-29 02:34:08,094] {logging_mixin.py:115} INFO - [2023-04-29 02:34:08,094] {log_util.py:40} INFO - Module loaded.
[2023-04-29 02:34:08,097] {logging_mixin.py:115} INFO - [2023-04-29 02:34:08,096] {log_util.py:40} INFO - Module loaded.
[2023-04-29 02:34:08,188] {processor.py:651} INFO - DAG(s) dict_keys(['vic_investigacion_ETL']) retrieved from /opt/airflow/dags/vic_investigacion_dag.py
[2023-04-29 02:34:08,215] {logging_mixin.py:115} INFO - [2023-04-29 02:34:08,214] {dag.py:2420} INFO - Sync 1 DAGs
[2023-04-29 02:34:08,234] {logging_mixin.py:115} INFO - [2023-04-29 02:34:08,234] {dag.py:2972} INFO - Setting next_dagrun for vic_investigacion_ETL to None, run_after=None
[2023-04-29 02:34:08,243] {processor.py:161} INFO - Processing /opt/airflow/dags/vic_investigacion_dag.py took 0.329 seconds
[2023-04-29 03:29:33,373] {processor.py:153} INFO - Started process (PID=11749) to work on /opt/airflow/dags/vic_investigacion_dag.py
[2023-04-29 03:29:33,375] {processor.py:641} INFO - Processing file /opt/airflow/dags/vic_investigacion_dag.py for tasks to queue
[2023-04-29 03:29:33,377] {logging_mixin.py:115} INFO - [2023-04-29 03:29:33,377] {dagbag.py:508} INFO - Filling up the DagBag from /opt/airflow/dags/vic_investigacion_dag.py
[2023-04-29 03:29:33,424] {logging_mixin.py:115} INFO - [2023-04-29 03:29:33,423] {log_util.py:40} INFO - Module loaded.
[2023-04-29 03:29:33,627] {logging_mixin.py:115} INFO - [2023-04-29 03:29:33,623] {log_util.py:40} INFO - Module loaded.
[2023-04-29 03:29:33,640] {logging_mixin.py:115} INFO - [2023-04-29 03:29:33,639] {log_util.py:40} INFO - Module loaded.
[2023-04-29 03:29:33,649] {logging_mixin.py:115} INFO - [2023-04-29 03:29:33,647] {log_util.py:40} INFO - Module loaded.
[2023-04-29 03:29:33,656] {logging_mixin.py:115} INFO - [2023-04-29 03:29:33,655] {log_util.py:40} INFO - Module loaded.
[2023-04-29 03:29:33,799] {processor.py:651} INFO - DAG(s) dict_keys(['vic_investigacion_ETL']) retrieved from /opt/airflow/dags/vic_investigacion_dag.py
[2023-04-29 03:29:33,846] {logging_mixin.py:115} INFO - [2023-04-29 03:29:33,845] {dag.py:2420} INFO - Sync 1 DAGs
[2023-04-29 03:29:33,883] {logging_mixin.py:115} INFO - [2023-04-29 03:29:33,883] {dag.py:2972} INFO - Setting next_dagrun for vic_investigacion_ETL to None, run_after=None
[2023-04-29 03:29:33,906] {processor.py:161} INFO - Processing /opt/airflow/dags/vic_investigacion_dag.py took 0.537 seconds
[2023-04-29 03:45:27,565] {processor.py:153} INFO - Started process (PID=11791) to work on /opt/airflow/dags/vic_investigacion_dag.py
[2023-04-29 03:45:27,576] {processor.py:641} INFO - Processing file /opt/airflow/dags/vic_investigacion_dag.py for tasks to queue
[2023-04-29 03:45:27,579] {logging_mixin.py:115} INFO - [2023-04-29 03:45:27,579] {dagbag.py:508} INFO - Filling up the DagBag from /opt/airflow/dags/vic_investigacion_dag.py
[2023-04-29 03:45:27,612] {logging_mixin.py:115} INFO - [2023-04-29 03:45:27,608] {log_util.py:40} INFO - Module loaded.
[2023-04-29 03:45:27,837] {logging_mixin.py:115} INFO - [2023-04-29 03:45:27,836] {log_util.py:40} INFO - Module loaded.
[2023-04-29 03:45:27,865] {logging_mixin.py:115} INFO - [2023-04-29 03:45:27,864] {log_util.py:40} INFO - Module loaded.
[2023-04-29 03:45:27,870] {logging_mixin.py:115} INFO - [2023-04-29 03:45:27,869] {log_util.py:40} INFO - Module loaded.
[2023-04-29 03:45:27,876] {logging_mixin.py:115} INFO - [2023-04-29 03:45:27,874] {log_util.py:40} INFO - Module loaded.
[2023-04-29 03:45:27,994] {processor.py:651} INFO - DAG(s) dict_keys(['vic_investigacion_ETL']) retrieved from /opt/airflow/dags/vic_investigacion_dag.py
[2023-04-29 03:45:28,038] {logging_mixin.py:115} INFO - [2023-04-29 03:45:28,037] {dag.py:2420} INFO - Sync 1 DAGs
[2023-04-29 03:45:28,068] {logging_mixin.py:115} INFO - [2023-04-29 03:45:28,068] {dag.py:2972} INFO - Setting next_dagrun for vic_investigacion_ETL to None, run_after=None
[2023-04-29 03:45:28,082] {processor.py:161} INFO - Processing /opt/airflow/dags/vic_investigacion_dag.py took 0.529 seconds
[2023-04-29 04:54:17,660] {processor.py:153} INFO - Started process (PID=11825) to work on /opt/airflow/dags/vic_investigacion_dag.py
[2023-04-29 04:54:17,663] {processor.py:641} INFO - Processing file /opt/airflow/dags/vic_investigacion_dag.py for tasks to queue
[2023-04-29 04:54:17,666] {logging_mixin.py:115} INFO - [2023-04-29 04:54:17,666] {dagbag.py:508} INFO - Filling up the DagBag from /opt/airflow/dags/vic_investigacion_dag.py
[2023-04-29 04:54:17,713] {logging_mixin.py:115} INFO - [2023-04-29 04:54:17,711] {log_util.py:40} INFO - Module loaded.
[2023-04-29 04:54:18,087] {logging_mixin.py:115} INFO - [2023-04-29 04:54:18,086] {log_util.py:40} INFO - Module loaded.
[2023-04-29 04:54:18,120] {logging_mixin.py:115} INFO - [2023-04-29 04:54:18,110] {log_util.py:40} INFO - Module loaded.
[2023-04-29 04:54:18,129] {logging_mixin.py:115} INFO - [2023-04-29 04:54:18,127] {log_util.py:40} INFO - Module loaded.
[2023-04-29 04:54:18,135] {logging_mixin.py:115} INFO - [2023-04-29 04:54:18,134] {log_util.py:40} INFO - Module loaded.
[2023-04-29 04:54:18,264] {processor.py:651} INFO - DAG(s) dict_keys(['vic_investigacion_ETL']) retrieved from /opt/airflow/dags/vic_investigacion_dag.py
[2023-04-29 04:54:18,361] {logging_mixin.py:115} INFO - [2023-04-29 04:54:18,361] {dag.py:2420} INFO - Sync 1 DAGs
[2023-04-29 04:54:18,398] {logging_mixin.py:115} INFO - [2023-04-29 04:54:18,398] {dag.py:2972} INFO - Setting next_dagrun for vic_investigacion_ETL to None, run_after=None
[2023-04-29 04:54:18,426] {processor.py:161} INFO - Processing /opt/airflow/dags/vic_investigacion_dag.py took 0.770 seconds
[2023-04-29 05:57:21,362] {processor.py:153} INFO - Started process (PID=11867) to work on /opt/airflow/dags/vic_investigacion_dag.py
[2023-04-29 05:57:21,363] {processor.py:641} INFO - Processing file /opt/airflow/dags/vic_investigacion_dag.py for tasks to queue
[2023-04-29 05:57:21,364] {logging_mixin.py:115} INFO - [2023-04-29 05:57:21,364] {dagbag.py:508} INFO - Filling up the DagBag from /opt/airflow/dags/vic_investigacion_dag.py
[2023-04-29 05:57:21,373] {logging_mixin.py:115} INFO - [2023-04-29 05:57:21,372] {log_util.py:40} INFO - Module loaded.
[2023-04-29 05:57:21,555] {logging_mixin.py:115} INFO - [2023-04-29 05:57:21,555] {log_util.py:40} INFO - Module loaded.
[2023-04-29 05:57:21,558] {logging_mixin.py:115} INFO - [2023-04-29 05:57:21,557] {log_util.py:40} INFO - Module loaded.
[2023-04-29 05:57:21,560] {logging_mixin.py:115} INFO - [2023-04-29 05:57:21,560] {log_util.py:40} INFO - Module loaded.
[2023-04-29 05:57:21,562] {logging_mixin.py:115} INFO - [2023-04-29 05:57:21,562] {log_util.py:40} INFO - Module loaded.
[2023-04-29 05:57:21,640] {processor.py:651} INFO - DAG(s) dict_keys(['vic_investigacion_ETL']) retrieved from /opt/airflow/dags/vic_investigacion_dag.py
[2023-04-29 05:57:21,670] {logging_mixin.py:115} INFO - [2023-04-29 05:57:21,669] {dag.py:2420} INFO - Sync 1 DAGs
[2023-04-29 05:57:21,695] {logging_mixin.py:115} INFO - [2023-04-29 05:57:21,695] {dag.py:2972} INFO - Setting next_dagrun for vic_investigacion_ETL to None, run_after=None
[2023-04-29 05:57:21,704] {processor.py:161} INFO - Processing /opt/airflow/dags/vic_investigacion_dag.py took 0.345 seconds
[2023-04-29 07:03:33,635] {processor.py:153} INFO - Started process (PID=11910) to work on /opt/airflow/dags/vic_investigacion_dag.py
[2023-04-29 07:03:33,639] {processor.py:641} INFO - Processing file /opt/airflow/dags/vic_investigacion_dag.py for tasks to queue
[2023-04-29 07:03:33,644] {logging_mixin.py:115} INFO - [2023-04-29 07:03:33,643] {dagbag.py:508} INFO - Filling up the DagBag from /opt/airflow/dags/vic_investigacion_dag.py
[2023-04-29 07:03:33,665] {logging_mixin.py:115} INFO - [2023-04-29 07:03:33,663] {log_util.py:40} INFO - Module loaded.
[2023-04-29 07:03:33,968] {logging_mixin.py:115} INFO - [2023-04-29 07:03:33,964] {log_util.py:40} INFO - Module loaded.
[2023-04-29 07:03:33,987] {logging_mixin.py:115} INFO - [2023-04-29 07:03:33,984] {log_util.py:40} INFO - Module loaded.
[2023-04-29 07:03:34,007] {logging_mixin.py:115} INFO - [2023-04-29 07:03:34,004] {log_util.py:40} INFO - Module loaded.
[2023-04-29 07:03:34,028] {logging_mixin.py:115} INFO - [2023-04-29 07:03:34,022] {log_util.py:40} INFO - Module loaded.
[2023-04-29 07:03:34,425] {processor.py:651} INFO - DAG(s) dict_keys(['vic_investigacion_ETL']) retrieved from /opt/airflow/dags/vic_investigacion_dag.py
[2023-04-29 07:03:34,511] {logging_mixin.py:115} INFO - [2023-04-29 07:03:34,510] {dag.py:2420} INFO - Sync 1 DAGs
[2023-04-29 07:03:34,557] {logging_mixin.py:115} INFO - [2023-04-29 07:03:34,557] {dag.py:2972} INFO - Setting next_dagrun for vic_investigacion_ETL to None, run_after=None
[2023-04-29 07:03:34,586] {processor.py:161} INFO - Processing /opt/airflow/dags/vic_investigacion_dag.py took 0.954 seconds
[2023-04-29 08:27:11,128] {processor.py:153} INFO - Started process (PID=11943) to work on /opt/airflow/dags/vic_investigacion_dag.py
[2023-04-29 08:27:11,131] {processor.py:641} INFO - Processing file /opt/airflow/dags/vic_investigacion_dag.py for tasks to queue
[2023-04-29 08:27:11,134] {logging_mixin.py:115} INFO - [2023-04-29 08:27:11,134] {dagbag.py:508} INFO - Filling up the DagBag from /opt/airflow/dags/vic_investigacion_dag.py
[2023-04-29 08:27:11,163] {logging_mixin.py:115} INFO - [2023-04-29 08:27:11,161] {log_util.py:40} INFO - Module loaded.
[2023-04-29 08:27:11,350] {logging_mixin.py:115} INFO - [2023-04-29 08:27:11,348] {log_util.py:40} INFO - Module loaded.
[2023-04-29 08:27:11,370] {logging_mixin.py:115} INFO - [2023-04-29 08:27:11,367] {log_util.py:40} INFO - Module loaded.
[2023-04-29 08:27:11,375] {logging_mixin.py:115} INFO - [2023-04-29 08:27:11,374] {log_util.py:40} INFO - Module loaded.
[2023-04-29 08:27:11,380] {logging_mixin.py:115} INFO - [2023-04-29 08:27:11,379] {log_util.py:40} INFO - Module loaded.
[2023-04-29 08:27:11,546] {processor.py:651} INFO - DAG(s) dict_keys(['vic_investigacion_ETL']) retrieved from /opt/airflow/dags/vic_investigacion_dag.py
[2023-04-29 08:27:11,578] {logging_mixin.py:115} INFO - [2023-04-29 08:27:11,578] {dag.py:2420} INFO - Sync 1 DAGs
[2023-04-29 08:27:11,598] {logging_mixin.py:115} INFO - [2023-04-29 08:27:11,598] {dag.py:2972} INFO - Setting next_dagrun for vic_investigacion_ETL to None, run_after=None
[2023-04-29 08:27:11,632] {processor.py:161} INFO - Processing /opt/airflow/dags/vic_investigacion_dag.py took 0.513 seconds
[2023-04-29 09:31:18,356] {processor.py:153} INFO - Started process (PID=11986) to work on /opt/airflow/dags/vic_investigacion_dag.py
[2023-04-29 09:31:18,367] {processor.py:641} INFO - Processing file /opt/airflow/dags/vic_investigacion_dag.py for tasks to queue
[2023-04-29 09:31:18,369] {logging_mixin.py:115} INFO - [2023-04-29 09:31:18,368] {dagbag.py:508} INFO - Filling up the DagBag from /opt/airflow/dags/vic_investigacion_dag.py
[2023-04-29 09:31:18,406] {logging_mixin.py:115} INFO - [2023-04-29 09:31:18,405] {log_util.py:40} INFO - Module loaded.
[2023-04-29 09:31:18,612] {logging_mixin.py:115} INFO - [2023-04-29 09:31:18,611] {log_util.py:40} INFO - Module loaded.
[2023-04-29 09:31:18,617] {logging_mixin.py:115} INFO - [2023-04-29 09:31:18,616] {log_util.py:40} INFO - Module loaded.
[2023-04-29 09:31:18,622] {logging_mixin.py:115} INFO - [2023-04-29 09:31:18,621] {log_util.py:40} INFO - Module loaded.
[2023-04-29 09:31:18,630] {logging_mixin.py:115} INFO - [2023-04-29 09:31:18,626] {log_util.py:40} INFO - Module loaded.
[2023-04-29 09:31:18,769] {processor.py:651} INFO - DAG(s) dict_keys(['vic_investigacion_ETL']) retrieved from /opt/airflow/dags/vic_investigacion_dag.py
[2023-04-29 09:31:18,799] {logging_mixin.py:115} INFO - [2023-04-29 09:31:18,799] {dag.py:2420} INFO - Sync 1 DAGs
[2023-04-29 09:31:18,817] {logging_mixin.py:115} INFO - [2023-04-29 09:31:18,817] {dag.py:2972} INFO - Setting next_dagrun for vic_investigacion_ETL to None, run_after=None
[2023-04-29 09:31:18,834] {processor.py:161} INFO - Processing /opt/airflow/dags/vic_investigacion_dag.py took 0.484 seconds
[2023-04-29 10:15:41,909] {processor.py:153} INFO - Started process (PID=12019) to work on /opt/airflow/dags/vic_investigacion_dag.py
[2023-04-29 10:15:41,911] {processor.py:641} INFO - Processing file /opt/airflow/dags/vic_investigacion_dag.py for tasks to queue
[2023-04-29 10:15:41,911] {logging_mixin.py:115} INFO - [2023-04-29 10:15:41,911] {dagbag.py:508} INFO - Filling up the DagBag from /opt/airflow/dags/vic_investigacion_dag.py
[2023-04-29 10:15:41,919] {logging_mixin.py:115} INFO - [2023-04-29 10:15:41,919] {log_util.py:40} INFO - Module loaded.
[2023-04-29 10:15:42,039] {logging_mixin.py:115} INFO - [2023-04-29 10:15:42,038] {log_util.py:40} INFO - Module loaded.
[2023-04-29 10:15:42,041] {logging_mixin.py:115} INFO - [2023-04-29 10:15:42,041] {log_util.py:40} INFO - Module loaded.
[2023-04-29 10:15:42,043] {logging_mixin.py:115} INFO - [2023-04-29 10:15:42,043] {log_util.py:40} INFO - Module loaded.
[2023-04-29 10:15:42,046] {logging_mixin.py:115} INFO - [2023-04-29 10:15:42,045] {log_util.py:40} INFO - Module loaded.
[2023-04-29 10:15:42,121] {processor.py:651} INFO - DAG(s) dict_keys(['vic_investigacion_ETL']) retrieved from /opt/airflow/dags/vic_investigacion_dag.py
[2023-04-29 10:15:42,141] {logging_mixin.py:115} INFO - [2023-04-29 10:15:42,140] {dag.py:2420} INFO - Sync 1 DAGs
[2023-04-29 10:15:42,159] {logging_mixin.py:115} INFO - [2023-04-29 10:15:42,159] {dag.py:2972} INFO - Setting next_dagrun for vic_investigacion_ETL to None, run_after=None
[2023-04-29 10:15:42,169] {processor.py:161} INFO - Processing /opt/airflow/dags/vic_investigacion_dag.py took 0.263 seconds
[2023-04-29 10:47:18,150] {processor.py:153} INFO - Started process (PID=12063) to work on /opt/airflow/dags/vic_investigacion_dag.py
[2023-04-29 10:47:18,153] {processor.py:641} INFO - Processing file /opt/airflow/dags/vic_investigacion_dag.py for tasks to queue
[2023-04-29 10:47:18,155] {logging_mixin.py:115} INFO - [2023-04-29 10:47:18,155] {dagbag.py:508} INFO - Filling up the DagBag from /opt/airflow/dags/vic_investigacion_dag.py
[2023-04-29 10:47:18,197] {logging_mixin.py:115} INFO - [2023-04-29 10:47:18,192] {log_util.py:40} INFO - Module loaded.
[2023-04-29 10:47:18,353] {logging_mixin.py:115} INFO - [2023-04-29 10:47:18,353] {log_util.py:40} INFO - Module loaded.
[2023-04-29 10:47:18,358] {logging_mixin.py:115} INFO - [2023-04-29 10:47:18,358] {log_util.py:40} INFO - Module loaded.
[2023-04-29 10:47:18,370] {logging_mixin.py:115} INFO - [2023-04-29 10:47:18,363] {log_util.py:40} INFO - Module loaded.
[2023-04-29 10:47:18,377] {logging_mixin.py:115} INFO - [2023-04-29 10:47:18,374] {log_util.py:40} INFO - Module loaded.
[2023-04-29 10:47:18,479] {processor.py:651} INFO - DAG(s) dict_keys(['vic_investigacion_ETL']) retrieved from /opt/airflow/dags/vic_investigacion_dag.py
[2023-04-29 10:47:18,509] {logging_mixin.py:115} INFO - [2023-04-29 10:47:18,509] {dag.py:2420} INFO - Sync 1 DAGs
[2023-04-29 10:47:18,529] {logging_mixin.py:115} INFO - [2023-04-29 10:47:18,529] {dag.py:2972} INFO - Setting next_dagrun for vic_investigacion_ETL to None, run_after=None
[2023-04-29 10:47:18,542] {processor.py:161} INFO - Processing /opt/airflow/dags/vic_investigacion_dag.py took 0.396 seconds
[2023-04-29 11:52:16,727] {processor.py:153} INFO - Started process (PID=12106) to work on /opt/airflow/dags/vic_investigacion_dag.py
[2023-04-29 11:52:16,730] {processor.py:641} INFO - Processing file /opt/airflow/dags/vic_investigacion_dag.py for tasks to queue
[2023-04-29 11:52:16,731] {logging_mixin.py:115} INFO - [2023-04-29 11:52:16,731] {dagbag.py:508} INFO - Filling up the DagBag from /opt/airflow/dags/vic_investigacion_dag.py
[2023-04-29 11:52:16,759] {logging_mixin.py:115} INFO - [2023-04-29 11:52:16,757] {log_util.py:40} INFO - Module loaded.
[2023-04-29 11:52:16,925] {logging_mixin.py:115} INFO - [2023-04-29 11:52:16,924] {log_util.py:40} INFO - Module loaded.
[2023-04-29 11:52:16,928] {logging_mixin.py:115} INFO - [2023-04-29 11:52:16,928] {log_util.py:40} INFO - Module loaded.
[2023-04-29 11:52:16,932] {logging_mixin.py:115} INFO - [2023-04-29 11:52:16,931] {log_util.py:40} INFO - Module loaded.
[2023-04-29 11:52:16,935] {logging_mixin.py:115} INFO - [2023-04-29 11:52:16,935] {log_util.py:40} INFO - Module loaded.
[2023-04-29 11:52:17,041] {processor.py:651} INFO - DAG(s) dict_keys(['vic_investigacion_ETL']) retrieved from /opt/airflow/dags/vic_investigacion_dag.py
[2023-04-29 11:52:17,085] {logging_mixin.py:115} INFO - [2023-04-29 11:52:17,085] {dag.py:2420} INFO - Sync 1 DAGs
[2023-04-29 11:52:17,108] {logging_mixin.py:115} INFO - [2023-04-29 11:52:17,108] {dag.py:2972} INFO - Setting next_dagrun for vic_investigacion_ETL to None, run_after=None
[2023-04-29 11:52:17,119] {processor.py:161} INFO - Processing /opt/airflow/dags/vic_investigacion_dag.py took 0.398 seconds
[2023-04-29 12:58:48,478] {processor.py:153} INFO - Started process (PID=12140) to work on /opt/airflow/dags/vic_investigacion_dag.py
[2023-04-29 12:58:48,486] {processor.py:641} INFO - Processing file /opt/airflow/dags/vic_investigacion_dag.py for tasks to queue
[2023-04-29 12:58:48,488] {logging_mixin.py:115} INFO - [2023-04-29 12:58:48,488] {dagbag.py:508} INFO - Filling up the DagBag from /opt/airflow/dags/vic_investigacion_dag.py
[2023-04-29 12:58:48,527] {logging_mixin.py:115} INFO - [2023-04-29 12:58:48,524] {log_util.py:40} INFO - Module loaded.
[2023-04-29 12:58:48,680] {logging_mixin.py:115} INFO - [2023-04-29 12:58:48,677] {log_util.py:40} INFO - Module loaded.
[2023-04-29 12:58:48,695] {logging_mixin.py:115} INFO - [2023-04-29 12:58:48,694] {log_util.py:40} INFO - Module loaded.
[2023-04-29 12:58:48,715] {logging_mixin.py:115} INFO - [2023-04-29 12:58:48,712] {log_util.py:40} INFO - Module loaded.
[2023-04-29 12:58:48,728] {logging_mixin.py:115} INFO - [2023-04-29 12:58:48,727] {log_util.py:40} INFO - Module loaded.
[2023-04-29 12:58:48,827] {processor.py:651} INFO - DAG(s) dict_keys(['vic_investigacion_ETL']) retrieved from /opt/airflow/dags/vic_investigacion_dag.py
[2023-04-29 12:58:48,854] {logging_mixin.py:115} INFO - [2023-04-29 12:58:48,853] {dag.py:2420} INFO - Sync 1 DAGs
[2023-04-29 12:58:48,872] {logging_mixin.py:115} INFO - [2023-04-29 12:58:48,872] {dag.py:2972} INFO - Setting next_dagrun for vic_investigacion_ETL to None, run_after=None
[2023-04-29 12:58:48,891] {processor.py:161} INFO - Processing /opt/airflow/dags/vic_investigacion_dag.py took 0.417 seconds
[2023-04-29 13:16:56,002] {processor.py:153} INFO - Started process (PID=12183) to work on /opt/airflow/dags/vic_investigacion_dag.py
[2023-04-29 13:16:56,004] {processor.py:641} INFO - Processing file /opt/airflow/dags/vic_investigacion_dag.py for tasks to queue
[2023-04-29 13:16:56,005] {logging_mixin.py:115} INFO - [2023-04-29 13:16:56,005] {dagbag.py:508} INFO - Filling up the DagBag from /opt/airflow/dags/vic_investigacion_dag.py
[2023-04-29 13:16:56,021] {logging_mixin.py:115} INFO - [2023-04-29 13:16:56,019] {log_util.py:40} INFO - Module loaded.
[2023-04-29 13:16:56,242] {logging_mixin.py:115} INFO - [2023-04-29 13:16:56,240] {log_util.py:40} INFO - Module loaded.
[2023-04-29 13:16:56,248] {logging_mixin.py:115} INFO - [2023-04-29 13:16:56,247] {log_util.py:40} INFO - Module loaded.
[2023-04-29 13:16:56,253] {logging_mixin.py:115} INFO - [2023-04-29 13:16:56,252] {log_util.py:40} INFO - Module loaded.
[2023-04-29 13:16:56,257] {logging_mixin.py:115} INFO - [2023-04-29 13:16:56,256] {log_util.py:40} INFO - Module loaded.
[2023-04-29 13:16:56,367] {processor.py:651} INFO - DAG(s) dict_keys(['vic_investigacion_ETL']) retrieved from /opt/airflow/dags/vic_investigacion_dag.py
[2023-04-29 13:16:56,405] {logging_mixin.py:115} INFO - [2023-04-29 13:16:56,405] {dag.py:2420} INFO - Sync 1 DAGs
[2023-04-29 13:16:56,443] {logging_mixin.py:115} INFO - [2023-04-29 13:16:56,443] {dag.py:2972} INFO - Setting next_dagrun for vic_investigacion_ETL to None, run_after=None
[2023-04-29 13:16:56,455] {processor.py:161} INFO - Processing /opt/airflow/dags/vic_investigacion_dag.py took 0.457 seconds
[2023-04-29 13:17:26,939] {processor.py:153} INFO - Started process (PID=12227) to work on /opt/airflow/dags/vic_investigacion_dag.py
[2023-04-29 13:17:26,941] {processor.py:641} INFO - Processing file /opt/airflow/dags/vic_investigacion_dag.py for tasks to queue
[2023-04-29 13:17:26,942] {logging_mixin.py:115} INFO - [2023-04-29 13:17:26,941] {dagbag.py:508} INFO - Filling up the DagBag from /opt/airflow/dags/vic_investigacion_dag.py
[2023-04-29 13:17:26,955] {logging_mixin.py:115} INFO - [2023-04-29 13:17:26,954] {log_util.py:40} INFO - Module loaded.
[2023-04-29 13:17:27,169] {logging_mixin.py:115} INFO - [2023-04-29 13:17:27,164] {log_util.py:40} INFO - Module loaded.
[2023-04-29 13:17:27,180] {logging_mixin.py:115} INFO - [2023-04-29 13:17:27,178] {log_util.py:40} INFO - Module loaded.
[2023-04-29 13:17:27,186] {logging_mixin.py:115} INFO - [2023-04-29 13:17:27,186] {log_util.py:40} INFO - Module loaded.
[2023-04-29 13:17:27,198] {logging_mixin.py:115} INFO - [2023-04-29 13:17:27,195] {log_util.py:40} INFO - Module loaded.
[2023-04-29 13:17:27,542] {processor.py:651} INFO - DAG(s) dict_keys(['vic_investigacion_ETL']) retrieved from /opt/airflow/dags/vic_investigacion_dag.py
[2023-04-29 13:17:27,863] {logging_mixin.py:115} INFO - [2023-04-29 13:17:27,861] {dag.py:2420} INFO - Sync 1 DAGs
[2023-04-29 13:17:27,908] {logging_mixin.py:115} INFO - [2023-04-29 13:17:27,908] {dag.py:2972} INFO - Setting next_dagrun for vic_investigacion_ETL to None, run_after=None
[2023-04-29 13:17:27,984] {processor.py:161} INFO - Processing /opt/airflow/dags/vic_investigacion_dag.py took 1.048 seconds
[2023-04-29 13:17:58,675] {processor.py:153} INFO - Started process (PID=12272) to work on /opt/airflow/dags/vic_investigacion_dag.py
[2023-04-29 13:17:58,678] {processor.py:641} INFO - Processing file /opt/airflow/dags/vic_investigacion_dag.py for tasks to queue
[2023-04-29 13:17:58,680] {logging_mixin.py:115} INFO - [2023-04-29 13:17:58,679] {dagbag.py:508} INFO - Filling up the DagBag from /opt/airflow/dags/vic_investigacion_dag.py
[2023-04-29 13:17:58,695] {logging_mixin.py:115} INFO - [2023-04-29 13:17:58,694] {log_util.py:40} INFO - Module loaded.
[2023-04-29 13:17:58,845] {logging_mixin.py:115} INFO - [2023-04-29 13:17:58,845] {log_util.py:40} INFO - Module loaded.
[2023-04-29 13:17:58,850] {logging_mixin.py:115} INFO - [2023-04-29 13:17:58,849] {log_util.py:40} INFO - Module loaded.
[2023-04-29 13:17:58,854] {logging_mixin.py:115} INFO - [2023-04-29 13:17:58,853] {log_util.py:40} INFO - Module loaded.
[2023-04-29 13:17:58,858] {logging_mixin.py:115} INFO - [2023-04-29 13:17:58,857] {log_util.py:40} INFO - Module loaded.
[2023-04-29 13:17:58,947] {processor.py:651} INFO - DAG(s) dict_keys(['vic_investigacion_ETL']) retrieved from /opt/airflow/dags/vic_investigacion_dag.py
[2023-04-29 13:17:58,969] {logging_mixin.py:115} INFO - [2023-04-29 13:17:58,969] {dag.py:2420} INFO - Sync 1 DAGs
[2023-04-29 13:17:59,007] {logging_mixin.py:115} INFO - [2023-04-29 13:17:59,006] {dag.py:2972} INFO - Setting next_dagrun for vic_investigacion_ETL to None, run_after=None
[2023-04-29 13:17:59,017] {processor.py:161} INFO - Processing /opt/airflow/dags/vic_investigacion_dag.py took 0.352 seconds
[2023-04-29 13:18:29,108] {processor.py:153} INFO - Started process (PID=12308) to work on /opt/airflow/dags/vic_investigacion_dag.py
[2023-04-29 13:18:29,109] {processor.py:641} INFO - Processing file /opt/airflow/dags/vic_investigacion_dag.py for tasks to queue
[2023-04-29 13:18:29,110] {logging_mixin.py:115} INFO - [2023-04-29 13:18:29,110] {dagbag.py:508} INFO - Filling up the DagBag from /opt/airflow/dags/vic_investigacion_dag.py
[2023-04-29 13:18:29,119] {logging_mixin.py:115} INFO - [2023-04-29 13:18:29,118] {log_util.py:40} INFO - Module loaded.
[2023-04-29 13:18:29,247] {logging_mixin.py:115} INFO - [2023-04-29 13:18:29,246] {log_util.py:40} INFO - Module loaded.
[2023-04-29 13:18:29,249] {logging_mixin.py:115} INFO - [2023-04-29 13:18:29,249] {log_util.py:40} INFO - Module loaded.
[2023-04-29 13:18:29,253] {logging_mixin.py:115} INFO - [2023-04-29 13:18:29,251] {log_util.py:40} INFO - Module loaded.
[2023-04-29 13:18:29,255] {logging_mixin.py:115} INFO - [2023-04-29 13:18:29,255] {log_util.py:40} INFO - Module loaded.
[2023-04-29 13:18:29,329] {processor.py:651} INFO - DAG(s) dict_keys(['vic_investigacion_ETL']) retrieved from /opt/airflow/dags/vic_investigacion_dag.py
[2023-04-29 13:18:29,349] {logging_mixin.py:115} INFO - [2023-04-29 13:18:29,349] {dag.py:2420} INFO - Sync 1 DAGs
[2023-04-29 13:18:29,364] {logging_mixin.py:115} INFO - [2023-04-29 13:18:29,364] {dag.py:2972} INFO - Setting next_dagrun for vic_investigacion_ETL to None, run_after=None
[2023-04-29 13:18:29,371] {processor.py:161} INFO - Processing /opt/airflow/dags/vic_investigacion_dag.py took 0.267 seconds
[2023-04-29 13:18:59,493] {processor.py:153} INFO - Started process (PID=12353) to work on /opt/airflow/dags/vic_investigacion_dag.py
[2023-04-29 13:18:59,495] {processor.py:641} INFO - Processing file /opt/airflow/dags/vic_investigacion_dag.py for tasks to queue
[2023-04-29 13:18:59,496] {logging_mixin.py:115} INFO - [2023-04-29 13:18:59,496] {dagbag.py:508} INFO - Filling up the DagBag from /opt/airflow/dags/vic_investigacion_dag.py
[2023-04-29 13:18:59,505] {logging_mixin.py:115} INFO - [2023-04-29 13:18:59,504] {log_util.py:40} INFO - Module loaded.
[2023-04-29 13:18:59,623] {logging_mixin.py:115} INFO - [2023-04-29 13:18:59,622] {log_util.py:40} INFO - Module loaded.
[2023-04-29 13:18:59,625] {logging_mixin.py:115} INFO - [2023-04-29 13:18:59,625] {log_util.py:40} INFO - Module loaded.
[2023-04-29 13:18:59,628] {logging_mixin.py:115} INFO - [2023-04-29 13:18:59,627] {log_util.py:40} INFO - Module loaded.
[2023-04-29 13:18:59,630] {logging_mixin.py:115} INFO - [2023-04-29 13:18:59,629] {log_util.py:40} INFO - Module loaded.
[2023-04-29 13:18:59,702] {processor.py:651} INFO - DAG(s) dict_keys(['vic_investigacion_ETL']) retrieved from /opt/airflow/dags/vic_investigacion_dag.py
[2023-04-29 13:18:59,722] {logging_mixin.py:115} INFO - [2023-04-29 13:18:59,722] {dag.py:2420} INFO - Sync 1 DAGs
[2023-04-29 13:18:59,737] {logging_mixin.py:115} INFO - [2023-04-29 13:18:59,737] {dag.py:2972} INFO - Setting next_dagrun for vic_investigacion_ETL to None, run_after=None
[2023-04-29 13:18:59,744] {processor.py:161} INFO - Processing /opt/airflow/dags/vic_investigacion_dag.py took 0.254 seconds
[2023-04-29 13:19:29,818] {processor.py:153} INFO - Started process (PID=12392) to work on /opt/airflow/dags/vic_investigacion_dag.py
[2023-04-29 13:19:29,820] {processor.py:641} INFO - Processing file /opt/airflow/dags/vic_investigacion_dag.py for tasks to queue
[2023-04-29 13:19:29,821] {logging_mixin.py:115} INFO - [2023-04-29 13:19:29,821] {dagbag.py:508} INFO - Filling up the DagBag from /opt/airflow/dags/vic_investigacion_dag.py
[2023-04-29 13:19:29,832] {logging_mixin.py:115} INFO - [2023-04-29 13:19:29,831] {log_util.py:40} INFO - Module loaded.
[2023-04-29 13:19:29,954] {logging_mixin.py:115} INFO - [2023-04-29 13:19:29,954] {log_util.py:40} INFO - Module loaded.
[2023-04-29 13:19:29,957] {logging_mixin.py:115} INFO - [2023-04-29 13:19:29,957] {log_util.py:40} INFO - Module loaded.
[2023-04-29 13:19:29,960] {logging_mixin.py:115} INFO - [2023-04-29 13:19:29,959] {log_util.py:40} INFO - Module loaded.
[2023-04-29 13:19:29,962] {logging_mixin.py:115} INFO - [2023-04-29 13:19:29,962] {log_util.py:40} INFO - Module loaded.
[2023-04-29 13:19:30,039] {processor.py:651} INFO - DAG(s) dict_keys(['vic_investigacion_ETL']) retrieved from /opt/airflow/dags/vic_investigacion_dag.py
[2023-04-29 13:19:30,065] {logging_mixin.py:115} INFO - [2023-04-29 13:19:30,065] {dag.py:2420} INFO - Sync 1 DAGs
[2023-04-29 13:19:30,082] {logging_mixin.py:115} INFO - [2023-04-29 13:19:30,082] {dag.py:2972} INFO - Setting next_dagrun for vic_investigacion_ETL to None, run_after=None
[2023-04-29 13:19:30,091] {processor.py:161} INFO - Processing /opt/airflow/dags/vic_investigacion_dag.py took 0.276 seconds
[2023-04-29 13:20:00,275] {processor.py:153} INFO - Started process (PID=12435) to work on /opt/airflow/dags/vic_investigacion_dag.py
[2023-04-29 13:20:00,277] {processor.py:641} INFO - Processing file /opt/airflow/dags/vic_investigacion_dag.py for tasks to queue
[2023-04-29 13:20:00,278] {logging_mixin.py:115} INFO - [2023-04-29 13:20:00,278] {dagbag.py:508} INFO - Filling up the DagBag from /opt/airflow/dags/vic_investigacion_dag.py
[2023-04-29 13:20:00,289] {logging_mixin.py:115} INFO - [2023-04-29 13:20:00,288] {log_util.py:40} INFO - Module loaded.
[2023-04-29 13:20:00,429] {logging_mixin.py:115} INFO - [2023-04-29 13:20:00,427] {log_util.py:40} INFO - Module loaded.
[2023-04-29 13:20:00,432] {logging_mixin.py:115} INFO - [2023-04-29 13:20:00,432] {log_util.py:40} INFO - Module loaded.
[2023-04-29 13:20:00,435] {logging_mixin.py:115} INFO - [2023-04-29 13:20:00,434] {log_util.py:40} INFO - Module loaded.
[2023-04-29 13:20:00,440] {logging_mixin.py:115} INFO - [2023-04-29 13:20:00,439] {log_util.py:40} INFO - Module loaded.
[2023-04-29 13:20:00,528] {processor.py:651} INFO - DAG(s) dict_keys(['vic_investigacion_ETL']) retrieved from /opt/airflow/dags/vic_investigacion_dag.py
[2023-04-29 13:20:00,550] {logging_mixin.py:115} INFO - [2023-04-29 13:20:00,550] {dag.py:2420} INFO - Sync 1 DAGs
[2023-04-29 13:20:00,567] {logging_mixin.py:115} INFO - [2023-04-29 13:20:00,567] {dag.py:2972} INFO - Setting next_dagrun for vic_investigacion_ETL to None, run_after=None
[2023-04-29 13:20:00,577] {processor.py:161} INFO - Processing /opt/airflow/dags/vic_investigacion_dag.py took 0.305 seconds
[2023-04-29 13:20:30,614] {processor.py:153} INFO - Started process (PID=12469) to work on /opt/airflow/dags/vic_investigacion_dag.py
[2023-04-29 13:20:30,615] {processor.py:641} INFO - Processing file /opt/airflow/dags/vic_investigacion_dag.py for tasks to queue
[2023-04-29 13:20:30,616] {logging_mixin.py:115} INFO - [2023-04-29 13:20:30,616] {dagbag.py:508} INFO - Filling up the DagBag from /opt/airflow/dags/vic_investigacion_dag.py
[2023-04-29 13:20:30,627] {logging_mixin.py:115} INFO - [2023-04-29 13:20:30,625] {log_util.py:40} INFO - Module loaded.
[2023-04-29 13:20:30,768] {logging_mixin.py:115} INFO - [2023-04-29 13:20:30,767] {log_util.py:40} INFO - Module loaded.
[2023-04-29 13:20:30,771] {logging_mixin.py:115} INFO - [2023-04-29 13:20:30,770] {log_util.py:40} INFO - Module loaded.
[2023-04-29 13:20:30,773] {logging_mixin.py:115} INFO - [2023-04-29 13:20:30,773] {log_util.py:40} INFO - Module loaded.
[2023-04-29 13:20:30,776] {logging_mixin.py:115} INFO - [2023-04-29 13:20:30,775] {log_util.py:40} INFO - Module loaded.
[2023-04-29 13:20:30,846] {processor.py:651} INFO - DAG(s) dict_keys(['vic_investigacion_ETL']) retrieved from /opt/airflow/dags/vic_investigacion_dag.py
[2023-04-29 13:20:30,870] {logging_mixin.py:115} INFO - [2023-04-29 13:20:30,869] {dag.py:2420} INFO - Sync 1 DAGs
[2023-04-29 13:20:30,886] {logging_mixin.py:115} INFO - [2023-04-29 13:20:30,886] {dag.py:2972} INFO - Setting next_dagrun for vic_investigacion_ETL to None, run_after=None
[2023-04-29 13:20:30,894] {processor.py:161} INFO - Processing /opt/airflow/dags/vic_investigacion_dag.py took 0.283 seconds
[2023-04-29 13:21:01,671] {processor.py:153} INFO - Started process (PID=12509) to work on /opt/airflow/dags/vic_investigacion_dag.py
[2023-04-29 13:21:01,673] {processor.py:641} INFO - Processing file /opt/airflow/dags/vic_investigacion_dag.py for tasks to queue
[2023-04-29 13:21:01,674] {logging_mixin.py:115} INFO - [2023-04-29 13:21:01,674] {dagbag.py:508} INFO - Filling up the DagBag from /opt/airflow/dags/vic_investigacion_dag.py
[2023-04-29 13:21:01,683] {logging_mixin.py:115} INFO - [2023-04-29 13:21:01,682] {log_util.py:40} INFO - Module loaded.
[2023-04-29 13:21:01,824] {logging_mixin.py:115} INFO - [2023-04-29 13:21:01,824] {log_util.py:40} INFO - Module loaded.
[2023-04-29 13:21:01,827] {logging_mixin.py:115} INFO - [2023-04-29 13:21:01,826] {log_util.py:40} INFO - Module loaded.
[2023-04-29 13:21:01,829] {logging_mixin.py:115} INFO - [2023-04-29 13:21:01,829] {log_util.py:40} INFO - Module loaded.
[2023-04-29 13:21:01,832] {logging_mixin.py:115} INFO - [2023-04-29 13:21:01,831] {log_util.py:40} INFO - Module loaded.
[2023-04-29 13:21:01,906] {processor.py:651} INFO - DAG(s) dict_keys(['vic_investigacion_ETL']) retrieved from /opt/airflow/dags/vic_investigacion_dag.py
[2023-04-29 13:21:01,933] {logging_mixin.py:115} INFO - [2023-04-29 13:21:01,933] {dag.py:2420} INFO - Sync 1 DAGs
[2023-04-29 13:21:01,953] {logging_mixin.py:115} INFO - [2023-04-29 13:21:01,953] {dag.py:2972} INFO - Setting next_dagrun for vic_investigacion_ETL to None, run_after=None
[2023-04-29 13:21:01,962] {processor.py:161} INFO - Processing /opt/airflow/dags/vic_investigacion_dag.py took 0.296 seconds
[2023-04-29 13:21:33,487] {processor.py:153} INFO - Started process (PID=12551) to work on /opt/airflow/dags/vic_investigacion_dag.py
[2023-04-29 13:21:33,489] {processor.py:641} INFO - Processing file /opt/airflow/dags/vic_investigacion_dag.py for tasks to queue
[2023-04-29 13:21:33,491] {logging_mixin.py:115} INFO - [2023-04-29 13:21:33,490] {dagbag.py:508} INFO - Filling up the DagBag from /opt/airflow/dags/vic_investigacion_dag.py
[2023-04-29 13:21:33,503] {logging_mixin.py:115} INFO - [2023-04-29 13:21:33,502] {log_util.py:40} INFO - Module loaded.
[2023-04-29 13:21:33,686] {logging_mixin.py:115} INFO - [2023-04-29 13:21:33,685] {log_util.py:40} INFO - Module loaded.
[2023-04-29 13:21:33,689] {logging_mixin.py:115} INFO - [2023-04-29 13:21:33,689] {log_util.py:40} INFO - Module loaded.
[2023-04-29 13:21:33,692] {logging_mixin.py:115} INFO - [2023-04-29 13:21:33,691] {log_util.py:40} INFO - Module loaded.
[2023-04-29 13:21:33,695] {logging_mixin.py:115} INFO - [2023-04-29 13:21:33,694] {log_util.py:40} INFO - Module loaded.
[2023-04-29 13:21:33,787] {processor.py:651} INFO - DAG(s) dict_keys(['vic_investigacion_ETL']) retrieved from /opt/airflow/dags/vic_investigacion_dag.py
[2023-04-29 13:21:33,810] {logging_mixin.py:115} INFO - [2023-04-29 13:21:33,809] {dag.py:2420} INFO - Sync 1 DAGs
[2023-04-29 13:21:33,825] {logging_mixin.py:115} INFO - [2023-04-29 13:21:33,825] {dag.py:2972} INFO - Setting next_dagrun for vic_investigacion_ETL to None, run_after=None
[2023-04-29 13:21:33,838] {processor.py:161} INFO - Processing /opt/airflow/dags/vic_investigacion_dag.py took 0.361 seconds
[2023-04-29 13:22:04,056] {processor.py:153} INFO - Started process (PID=12595) to work on /opt/airflow/dags/vic_investigacion_dag.py
[2023-04-29 13:22:04,057] {processor.py:641} INFO - Processing file /opt/airflow/dags/vic_investigacion_dag.py for tasks to queue
[2023-04-29 13:22:04,058] {logging_mixin.py:115} INFO - [2023-04-29 13:22:04,058] {dagbag.py:508} INFO - Filling up the DagBag from /opt/airflow/dags/vic_investigacion_dag.py
[2023-04-29 13:22:04,066] {logging_mixin.py:115} INFO - [2023-04-29 13:22:04,065] {log_util.py:40} INFO - Module loaded.
[2023-04-29 13:22:04,193] {logging_mixin.py:115} INFO - [2023-04-29 13:22:04,193] {log_util.py:40} INFO - Module loaded.
[2023-04-29 13:22:04,196] {logging_mixin.py:115} INFO - [2023-04-29 13:22:04,196] {log_util.py:40} INFO - Module loaded.
[2023-04-29 13:22:04,199] {logging_mixin.py:115} INFO - [2023-04-29 13:22:04,198] {log_util.py:40} INFO - Module loaded.
[2023-04-29 13:22:04,201] {logging_mixin.py:115} INFO - [2023-04-29 13:22:04,201] {log_util.py:40} INFO - Module loaded.
[2023-04-29 13:22:04,270] {processor.py:651} INFO - DAG(s) dict_keys(['vic_investigacion_ETL']) retrieved from /opt/airflow/dags/vic_investigacion_dag.py
[2023-04-29 13:22:04,291] {logging_mixin.py:115} INFO - [2023-04-29 13:22:04,290] {dag.py:2420} INFO - Sync 1 DAGs
[2023-04-29 13:22:04,306] {logging_mixin.py:115} INFO - [2023-04-29 13:22:04,306] {dag.py:2972} INFO - Setting next_dagrun for vic_investigacion_ETL to None, run_after=None
[2023-04-29 13:22:04,314] {processor.py:161} INFO - Processing /opt/airflow/dags/vic_investigacion_dag.py took 0.261 seconds
[2023-04-29 13:22:35,124] {processor.py:153} INFO - Started process (PID=12639) to work on /opt/airflow/dags/vic_investigacion_dag.py
[2023-04-29 13:22:35,125] {processor.py:641} INFO - Processing file /opt/airflow/dags/vic_investigacion_dag.py for tasks to queue
[2023-04-29 13:22:35,126] {logging_mixin.py:115} INFO - [2023-04-29 13:22:35,126] {dagbag.py:508} INFO - Filling up the DagBag from /opt/airflow/dags/vic_investigacion_dag.py
[2023-04-29 13:22:35,138] {logging_mixin.py:115} INFO - [2023-04-29 13:22:35,138] {log_util.py:40} INFO - Module loaded.
[2023-04-29 13:22:35,280] {logging_mixin.py:115} INFO - [2023-04-29 13:22:35,280] {log_util.py:40} INFO - Module loaded.
[2023-04-29 13:22:35,283] {logging_mixin.py:115} INFO - [2023-04-29 13:22:35,283] {log_util.py:40} INFO - Module loaded.
[2023-04-29 13:22:35,286] {logging_mixin.py:115} INFO - [2023-04-29 13:22:35,286] {log_util.py:40} INFO - Module loaded.
[2023-04-29 13:22:35,289] {logging_mixin.py:115} INFO - [2023-04-29 13:22:35,288] {log_util.py:40} INFO - Module loaded.
[2023-04-29 13:22:35,441] {processor.py:651} INFO - DAG(s) dict_keys(['vic_investigacion_ETL']) retrieved from /opt/airflow/dags/vic_investigacion_dag.py
[2023-04-29 13:22:35,466] {logging_mixin.py:115} INFO - [2023-04-29 13:22:35,466] {dag.py:2420} INFO - Sync 1 DAGs
[2023-04-29 13:22:35,486] {logging_mixin.py:115} INFO - [2023-04-29 13:22:35,486] {dag.py:2972} INFO - Setting next_dagrun for vic_investigacion_ETL to None, run_after=None
[2023-04-29 13:22:35,494] {processor.py:161} INFO - Processing /opt/airflow/dags/vic_investigacion_dag.py took 0.373 seconds
[2023-04-29 13:23:05,684] {processor.py:153} INFO - Started process (PID=12675) to work on /opt/airflow/dags/vic_investigacion_dag.py
[2023-04-29 13:23:05,685] {processor.py:641} INFO - Processing file /opt/airflow/dags/vic_investigacion_dag.py for tasks to queue
[2023-04-29 13:23:05,686] {logging_mixin.py:115} INFO - [2023-04-29 13:23:05,686] {dagbag.py:508} INFO - Filling up the DagBag from /opt/airflow/dags/vic_investigacion_dag.py
[2023-04-29 13:23:05,693] {logging_mixin.py:115} INFO - [2023-04-29 13:23:05,693] {log_util.py:40} INFO - Module loaded.
[2023-04-29 13:23:05,844] {logging_mixin.py:115} INFO - [2023-04-29 13:23:05,843] {log_util.py:40} INFO - Module loaded.
[2023-04-29 13:23:05,847] {logging_mixin.py:115} INFO - [2023-04-29 13:23:05,846] {log_util.py:40} INFO - Module loaded.
[2023-04-29 13:23:05,851] {logging_mixin.py:115} INFO - [2023-04-29 13:23:05,850] {log_util.py:40} INFO - Module loaded.
[2023-04-29 13:23:05,855] {logging_mixin.py:115} INFO - [2023-04-29 13:23:05,854] {log_util.py:40} INFO - Module loaded.
[2023-04-29 13:23:05,944] {processor.py:651} INFO - DAG(s) dict_keys(['vic_investigacion_ETL']) retrieved from /opt/airflow/dags/vic_investigacion_dag.py
[2023-04-29 13:23:05,968] {logging_mixin.py:115} INFO - [2023-04-29 13:23:05,968] {dag.py:2420} INFO - Sync 1 DAGs
[2023-04-29 13:23:05,986] {logging_mixin.py:115} INFO - [2023-04-29 13:23:05,985] {dag.py:2972} INFO - Setting next_dagrun for vic_investigacion_ETL to None, run_after=None
[2023-04-29 13:23:05,993] {processor.py:161} INFO - Processing /opt/airflow/dags/vic_investigacion_dag.py took 0.312 seconds
[2023-04-29 13:23:36,921] {processor.py:153} INFO - Started process (PID=12718) to work on /opt/airflow/dags/vic_investigacion_dag.py
[2023-04-29 13:23:36,922] {processor.py:641} INFO - Processing file /opt/airflow/dags/vic_investigacion_dag.py for tasks to queue
[2023-04-29 13:23:36,923] {logging_mixin.py:115} INFO - [2023-04-29 13:23:36,923] {dagbag.py:508} INFO - Filling up the DagBag from /opt/airflow/dags/vic_investigacion_dag.py
[2023-04-29 13:23:36,931] {logging_mixin.py:115} INFO - [2023-04-29 13:23:36,931] {log_util.py:40} INFO - Module loaded.
[2023-04-29 13:23:37,052] {logging_mixin.py:115} INFO - [2023-04-29 13:23:37,052] {log_util.py:40} INFO - Module loaded.
[2023-04-29 13:23:37,055] {logging_mixin.py:115} INFO - [2023-04-29 13:23:37,055] {log_util.py:40} INFO - Module loaded.
[2023-04-29 13:23:37,058] {logging_mixin.py:115} INFO - [2023-04-29 13:23:37,057] {log_util.py:40} INFO - Module loaded.
[2023-04-29 13:23:37,060] {logging_mixin.py:115} INFO - [2023-04-29 13:23:37,059] {log_util.py:40} INFO - Module loaded.
[2023-04-29 13:23:37,133] {processor.py:651} INFO - DAG(s) dict_keys(['vic_investigacion_ETL']) retrieved from /opt/airflow/dags/vic_investigacion_dag.py
[2023-04-29 13:23:37,153] {logging_mixin.py:115} INFO - [2023-04-29 13:23:37,153] {dag.py:2420} INFO - Sync 1 DAGs
[2023-04-29 13:23:37,169] {logging_mixin.py:115} INFO - [2023-04-29 13:23:37,169] {dag.py:2972} INFO - Setting next_dagrun for vic_investigacion_ETL to None, run_after=None
[2023-04-29 13:23:37,184] {processor.py:161} INFO - Processing /opt/airflow/dags/vic_investigacion_dag.py took 0.266 seconds
[2023-04-29 13:24:08,031] {processor.py:153} INFO - Started process (PID=12760) to work on /opt/airflow/dags/vic_investigacion_dag.py
[2023-04-29 13:24:08,033] {processor.py:641} INFO - Processing file /opt/airflow/dags/vic_investigacion_dag.py for tasks to queue
[2023-04-29 13:24:08,035] {logging_mixin.py:115} INFO - [2023-04-29 13:24:08,035] {dagbag.py:508} INFO - Filling up the DagBag from /opt/airflow/dags/vic_investigacion_dag.py
[2023-04-29 13:24:08,048] {logging_mixin.py:115} INFO - [2023-04-29 13:24:08,048] {log_util.py:40} INFO - Module loaded.
[2023-04-29 13:24:08,177] {logging_mixin.py:115} INFO - [2023-04-29 13:24:08,177] {log_util.py:40} INFO - Module loaded.
[2023-04-29 13:24:08,180] {logging_mixin.py:115} INFO - [2023-04-29 13:24:08,179] {log_util.py:40} INFO - Module loaded.
[2023-04-29 13:24:08,182] {logging_mixin.py:115} INFO - [2023-04-29 13:24:08,182] {log_util.py:40} INFO - Module loaded.
[2023-04-29 13:24:08,184] {logging_mixin.py:115} INFO - [2023-04-29 13:24:08,184] {log_util.py:40} INFO - Module loaded.
[2023-04-29 13:24:08,259] {processor.py:651} INFO - DAG(s) dict_keys(['vic_investigacion_ETL']) retrieved from /opt/airflow/dags/vic_investigacion_dag.py
[2023-04-29 13:24:08,279] {logging_mixin.py:115} INFO - [2023-04-29 13:24:08,278] {dag.py:2420} INFO - Sync 1 DAGs
[2023-04-29 13:24:08,294] {logging_mixin.py:115} INFO - [2023-04-29 13:24:08,294] {dag.py:2972} INFO - Setting next_dagrun for vic_investigacion_ETL to None, run_after=None
[2023-04-29 13:24:08,302] {processor.py:161} INFO - Processing /opt/airflow/dags/vic_investigacion_dag.py took 0.278 seconds
[2023-04-29 13:24:39,062] {processor.py:153} INFO - Started process (PID=12803) to work on /opt/airflow/dags/vic_investigacion_dag.py
[2023-04-29 13:24:39,063] {processor.py:641} INFO - Processing file /opt/airflow/dags/vic_investigacion_dag.py for tasks to queue
[2023-04-29 13:24:39,064] {logging_mixin.py:115} INFO - [2023-04-29 13:24:39,064] {dagbag.py:508} INFO - Filling up the DagBag from /opt/airflow/dags/vic_investigacion_dag.py
[2023-04-29 13:24:39,074] {logging_mixin.py:115} INFO - [2023-04-29 13:24:39,073] {log_util.py:40} INFO - Module loaded.
[2023-04-29 13:24:39,198] {logging_mixin.py:115} INFO - [2023-04-29 13:24:39,197] {log_util.py:40} INFO - Module loaded.
[2023-04-29 13:24:39,201] {logging_mixin.py:115} INFO - [2023-04-29 13:24:39,200] {log_util.py:40} INFO - Module loaded.
[2023-04-29 13:24:39,203] {logging_mixin.py:115} INFO - [2023-04-29 13:24:39,203] {log_util.py:40} INFO - Module loaded.
[2023-04-29 13:24:39,206] {logging_mixin.py:115} INFO - [2023-04-29 13:24:39,206] {log_util.py:40} INFO - Module loaded.
[2023-04-29 13:24:39,285] {processor.py:651} INFO - DAG(s) dict_keys(['vic_investigacion_ETL']) retrieved from /opt/airflow/dags/vic_investigacion_dag.py
[2023-04-29 13:24:39,313] {logging_mixin.py:115} INFO - [2023-04-29 13:24:39,312] {dag.py:2420} INFO - Sync 1 DAGs
[2023-04-29 13:24:39,334] {logging_mixin.py:115} INFO - [2023-04-29 13:24:39,334] {dag.py:2972} INFO - Setting next_dagrun for vic_investigacion_ETL to None, run_after=None
[2023-04-29 13:24:39,343] {processor.py:161} INFO - Processing /opt/airflow/dags/vic_investigacion_dag.py took 0.284 seconds
[2023-04-29 13:25:09,469] {processor.py:153} INFO - Started process (PID=12846) to work on /opt/airflow/dags/vic_investigacion_dag.py
[2023-04-29 13:25:09,470] {processor.py:641} INFO - Processing file /opt/airflow/dags/vic_investigacion_dag.py for tasks to queue
[2023-04-29 13:25:09,470] {logging_mixin.py:115} INFO - [2023-04-29 13:25:09,470] {dagbag.py:508} INFO - Filling up the DagBag from /opt/airflow/dags/vic_investigacion_dag.py
[2023-04-29 13:25:09,478] {logging_mixin.py:115} INFO - [2023-04-29 13:25:09,477] {log_util.py:40} INFO - Module loaded.
[2023-04-29 13:25:09,611] {logging_mixin.py:115} INFO - [2023-04-29 13:25:09,610] {log_util.py:40} INFO - Module loaded.
[2023-04-29 13:25:09,614] {logging_mixin.py:115} INFO - [2023-04-29 13:25:09,613] {log_util.py:40} INFO - Module loaded.
[2023-04-29 13:25:09,617] {logging_mixin.py:115} INFO - [2023-04-29 13:25:09,616] {log_util.py:40} INFO - Module loaded.
[2023-04-29 13:25:09,619] {logging_mixin.py:115} INFO - [2023-04-29 13:25:09,619] {log_util.py:40} INFO - Module loaded.
[2023-04-29 13:25:09,699] {processor.py:651} INFO - DAG(s) dict_keys(['vic_investigacion_ETL']) retrieved from /opt/airflow/dags/vic_investigacion_dag.py
[2023-04-29 13:25:09,721] {logging_mixin.py:115} INFO - [2023-04-29 13:25:09,721] {dag.py:2420} INFO - Sync 1 DAGs
[2023-04-29 13:25:09,737] {logging_mixin.py:115} INFO - [2023-04-29 13:25:09,737] {dag.py:2972} INFO - Setting next_dagrun for vic_investigacion_ETL to None, run_after=None
[2023-04-29 13:25:09,745] {processor.py:161} INFO - Processing /opt/airflow/dags/vic_investigacion_dag.py took 0.279 seconds
[2023-04-29 13:25:40,076] {processor.py:153} INFO - Started process (PID=12882) to work on /opt/airflow/dags/vic_investigacion_dag.py
[2023-04-29 13:25:40,077] {processor.py:641} INFO - Processing file /opt/airflow/dags/vic_investigacion_dag.py for tasks to queue
[2023-04-29 13:25:40,078] {logging_mixin.py:115} INFO - [2023-04-29 13:25:40,078] {dagbag.py:508} INFO - Filling up the DagBag from /opt/airflow/dags/vic_investigacion_dag.py
[2023-04-29 13:25:40,086] {logging_mixin.py:115} INFO - [2023-04-29 13:25:40,086] {log_util.py:40} INFO - Module loaded.
[2023-04-29 13:25:40,208] {logging_mixin.py:115} INFO - [2023-04-29 13:25:40,208] {log_util.py:40} INFO - Module loaded.
[2023-04-29 13:25:40,211] {logging_mixin.py:115} INFO - [2023-04-29 13:25:40,211] {log_util.py:40} INFO - Module loaded.
[2023-04-29 13:25:40,213] {logging_mixin.py:115} INFO - [2023-04-29 13:25:40,213] {log_util.py:40} INFO - Module loaded.
[2023-04-29 13:25:40,218] {logging_mixin.py:115} INFO - [2023-04-29 13:25:40,215] {log_util.py:40} INFO - Module loaded.
[2023-04-29 13:25:40,296] {processor.py:651} INFO - DAG(s) dict_keys(['vic_investigacion_ETL']) retrieved from /opt/airflow/dags/vic_investigacion_dag.py
[2023-04-29 13:25:40,317] {logging_mixin.py:115} INFO - [2023-04-29 13:25:40,317] {dag.py:2420} INFO - Sync 1 DAGs
[2023-04-29 13:25:40,333] {logging_mixin.py:115} INFO - [2023-04-29 13:25:40,333] {dag.py:2972} INFO - Setting next_dagrun for vic_investigacion_ETL to None, run_after=None
[2023-04-29 13:25:40,339] {processor.py:161} INFO - Processing /opt/airflow/dags/vic_investigacion_dag.py took 0.266 seconds
[2023-04-29 13:26:10,476] {processor.py:153} INFO - Started process (PID=12925) to work on /opt/airflow/dags/vic_investigacion_dag.py
[2023-04-29 13:26:10,477] {processor.py:641} INFO - Processing file /opt/airflow/dags/vic_investigacion_dag.py for tasks to queue
[2023-04-29 13:26:10,478] {logging_mixin.py:115} INFO - [2023-04-29 13:26:10,478] {dagbag.py:508} INFO - Filling up the DagBag from /opt/airflow/dags/vic_investigacion_dag.py
[2023-04-29 13:26:10,486] {logging_mixin.py:115} INFO - [2023-04-29 13:26:10,485] {log_util.py:40} INFO - Module loaded.
[2023-04-29 13:26:10,602] {logging_mixin.py:115} INFO - [2023-04-29 13:26:10,601] {log_util.py:40} INFO - Module loaded.
[2023-04-29 13:26:10,604] {logging_mixin.py:115} INFO - [2023-04-29 13:26:10,604] {log_util.py:40} INFO - Module loaded.
[2023-04-29 13:26:10,607] {logging_mixin.py:115} INFO - [2023-04-29 13:26:10,606] {log_util.py:40} INFO - Module loaded.
[2023-04-29 13:26:10,610] {logging_mixin.py:115} INFO - [2023-04-29 13:26:10,608] {log_util.py:40} INFO - Module loaded.
[2023-04-29 13:26:10,679] {processor.py:651} INFO - DAG(s) dict_keys(['vic_investigacion_ETL']) retrieved from /opt/airflow/dags/vic_investigacion_dag.py
[2023-04-29 13:26:10,700] {logging_mixin.py:115} INFO - [2023-04-29 13:26:10,700] {dag.py:2420} INFO - Sync 1 DAGs
[2023-04-29 13:26:10,716] {logging_mixin.py:115} INFO - [2023-04-29 13:26:10,716] {dag.py:2972} INFO - Setting next_dagrun for vic_investigacion_ETL to None, run_after=None
[2023-04-29 13:26:10,723] {processor.py:161} INFO - Processing /opt/airflow/dags/vic_investigacion_dag.py took 0.250 seconds
[2023-04-29 13:26:41,425] {processor.py:153} INFO - Started process (PID=12963) to work on /opt/airflow/dags/vic_investigacion_dag.py
[2023-04-29 13:26:41,426] {processor.py:641} INFO - Processing file /opt/airflow/dags/vic_investigacion_dag.py for tasks to queue
[2023-04-29 13:26:41,427] {logging_mixin.py:115} INFO - [2023-04-29 13:26:41,427] {dagbag.py:508} INFO - Filling up the DagBag from /opt/airflow/dags/vic_investigacion_dag.py
[2023-04-29 13:26:41,435] {logging_mixin.py:115} INFO - [2023-04-29 13:26:41,434] {log_util.py:40} INFO - Module loaded.
[2023-04-29 13:26:41,558] {logging_mixin.py:115} INFO - [2023-04-29 13:26:41,557] {log_util.py:40} INFO - Module loaded.
[2023-04-29 13:26:41,561] {logging_mixin.py:115} INFO - [2023-04-29 13:26:41,560] {log_util.py:40} INFO - Module loaded.
[2023-04-29 13:26:41,564] {logging_mixin.py:115} INFO - [2023-04-29 13:26:41,563] {log_util.py:40} INFO - Module loaded.
[2023-04-29 13:26:41,566] {logging_mixin.py:115} INFO - [2023-04-29 13:26:41,566] {log_util.py:40} INFO - Module loaded.
[2023-04-29 13:26:41,644] {processor.py:651} INFO - DAG(s) dict_keys(['vic_investigacion_ETL']) retrieved from /opt/airflow/dags/vic_investigacion_dag.py
[2023-04-29 13:26:41,666] {logging_mixin.py:115} INFO - [2023-04-29 13:26:41,666] {dag.py:2420} INFO - Sync 1 DAGs
[2023-04-29 13:26:41,682] {logging_mixin.py:115} INFO - [2023-04-29 13:26:41,682] {dag.py:2972} INFO - Setting next_dagrun for vic_investigacion_ETL to None, run_after=None
[2023-04-29 13:26:41,690] {processor.py:161} INFO - Processing /opt/airflow/dags/vic_investigacion_dag.py took 0.268 seconds
[2023-04-29 13:27:12,817] {processor.py:153} INFO - Started process (PID=13006) to work on /opt/airflow/dags/vic_investigacion_dag.py
[2023-04-29 13:27:12,818] {processor.py:641} INFO - Processing file /opt/airflow/dags/vic_investigacion_dag.py for tasks to queue
[2023-04-29 13:27:12,819] {logging_mixin.py:115} INFO - [2023-04-29 13:27:12,819] {dagbag.py:508} INFO - Filling up the DagBag from /opt/airflow/dags/vic_investigacion_dag.py
[2023-04-29 13:27:12,827] {logging_mixin.py:115} INFO - [2023-04-29 13:27:12,826] {log_util.py:40} INFO - Module loaded.
[2023-04-29 13:27:12,969] {logging_mixin.py:115} INFO - [2023-04-29 13:27:12,968] {log_util.py:40} INFO - Module loaded.
[2023-04-29 13:27:12,973] {logging_mixin.py:115} INFO - [2023-04-29 13:27:12,971] {log_util.py:40} INFO - Module loaded.
[2023-04-29 13:27:12,976] {logging_mixin.py:115} INFO - [2023-04-29 13:27:12,975] {log_util.py:40} INFO - Module loaded.
[2023-04-29 13:27:12,979] {logging_mixin.py:115} INFO - [2023-04-29 13:27:12,978] {log_util.py:40} INFO - Module loaded.
[2023-04-29 13:27:13,066] {processor.py:651} INFO - DAG(s) dict_keys(['vic_investigacion_ETL']) retrieved from /opt/airflow/dags/vic_investigacion_dag.py
[2023-04-29 13:27:13,088] {logging_mixin.py:115} INFO - [2023-04-29 13:27:13,088] {dag.py:2420} INFO - Sync 1 DAGs
[2023-04-29 13:27:13,104] {logging_mixin.py:115} INFO - [2023-04-29 13:27:13,104] {dag.py:2972} INFO - Setting next_dagrun for vic_investigacion_ETL to None, run_after=None
[2023-04-29 13:27:13,114] {processor.py:161} INFO - Processing /opt/airflow/dags/vic_investigacion_dag.py took 0.300 seconds
[2023-04-29 13:27:44,581] {processor.py:153} INFO - Started process (PID=13048) to work on /opt/airflow/dags/vic_investigacion_dag.py
[2023-04-29 13:27:44,582] {processor.py:641} INFO - Processing file /opt/airflow/dags/vic_investigacion_dag.py for tasks to queue
[2023-04-29 13:27:44,583] {logging_mixin.py:115} INFO - [2023-04-29 13:27:44,583] {dagbag.py:508} INFO - Filling up the DagBag from /opt/airflow/dags/vic_investigacion_dag.py
[2023-04-29 13:27:44,600] {logging_mixin.py:115} INFO - [2023-04-29 13:27:44,599] {log_util.py:40} INFO - Module loaded.
[2023-04-29 13:27:44,818] {logging_mixin.py:115} INFO - [2023-04-29 13:27:44,817] {log_util.py:40} INFO - Module loaded.
[2023-04-29 13:27:44,821] {logging_mixin.py:115} INFO - [2023-04-29 13:27:44,821] {log_util.py:40} INFO - Module loaded.
[2023-04-29 13:27:44,825] {logging_mixin.py:115} INFO - [2023-04-29 13:27:44,823] {log_util.py:40} INFO - Module loaded.
[2023-04-29 13:27:44,828] {logging_mixin.py:115} INFO - [2023-04-29 13:27:44,828] {log_util.py:40} INFO - Module loaded.
[2023-04-29 13:27:44,918] {processor.py:651} INFO - DAG(s) dict_keys(['vic_investigacion_ETL']) retrieved from /opt/airflow/dags/vic_investigacion_dag.py
[2023-04-29 13:27:44,945] {logging_mixin.py:115} INFO - [2023-04-29 13:27:44,945] {dag.py:2420} INFO - Sync 1 DAGs
[2023-04-29 13:27:44,964] {logging_mixin.py:115} INFO - [2023-04-29 13:27:44,963] {dag.py:2972} INFO - Setting next_dagrun for vic_investigacion_ETL to None, run_after=None
[2023-04-29 13:27:44,974] {processor.py:161} INFO - Processing /opt/airflow/dags/vic_investigacion_dag.py took 0.408 seconds
[2023-04-29 13:28:15,200] {processor.py:153} INFO - Started process (PID=13083) to work on /opt/airflow/dags/vic_investigacion_dag.py
[2023-04-29 13:28:15,204] {processor.py:641} INFO - Processing file /opt/airflow/dags/vic_investigacion_dag.py for tasks to queue
[2023-04-29 13:28:15,206] {logging_mixin.py:115} INFO - [2023-04-29 13:28:15,206] {dagbag.py:508} INFO - Filling up the DagBag from /opt/airflow/dags/vic_investigacion_dag.py
[2023-04-29 13:28:15,214] {logging_mixin.py:115} INFO - [2023-04-29 13:28:15,214] {log_util.py:40} INFO - Module loaded.
[2023-04-29 13:28:15,349] {logging_mixin.py:115} INFO - [2023-04-29 13:28:15,348] {log_util.py:40} INFO - Module loaded.
[2023-04-29 13:28:15,352] {logging_mixin.py:115} INFO - [2023-04-29 13:28:15,351] {log_util.py:40} INFO - Module loaded.
[2023-04-29 13:28:15,354] {logging_mixin.py:115} INFO - [2023-04-29 13:28:15,353] {log_util.py:40} INFO - Module loaded.
[2023-04-29 13:28:15,356] {logging_mixin.py:115} INFO - [2023-04-29 13:28:15,356] {log_util.py:40} INFO - Module loaded.
[2023-04-29 13:28:15,438] {processor.py:651} INFO - DAG(s) dict_keys(['vic_investigacion_ETL']) retrieved from /opt/airflow/dags/vic_investigacion_dag.py
[2023-04-29 13:28:15,459] {logging_mixin.py:115} INFO - [2023-04-29 13:28:15,459] {dag.py:2420} INFO - Sync 1 DAGs
[2023-04-29 13:28:15,484] {logging_mixin.py:115} INFO - [2023-04-29 13:28:15,484] {dag.py:2972} INFO - Setting next_dagrun for vic_investigacion_ETL to None, run_after=None
[2023-04-29 13:28:15,494] {processor.py:161} INFO - Processing /opt/airflow/dags/vic_investigacion_dag.py took 0.297 seconds
[2023-04-29 13:28:45,629] {processor.py:153} INFO - Started process (PID=13126) to work on /opt/airflow/dags/vic_investigacion_dag.py
[2023-04-29 13:28:45,630] {processor.py:641} INFO - Processing file /opt/airflow/dags/vic_investigacion_dag.py for tasks to queue
[2023-04-29 13:28:45,632] {logging_mixin.py:115} INFO - [2023-04-29 13:28:45,632] {dagbag.py:508} INFO - Filling up the DagBag from /opt/airflow/dags/vic_investigacion_dag.py
[2023-04-29 13:28:45,645] {logging_mixin.py:115} INFO - [2023-04-29 13:28:45,645] {log_util.py:40} INFO - Module loaded.
[2023-04-29 13:28:45,794] {logging_mixin.py:115} INFO - [2023-04-29 13:28:45,793] {log_util.py:40} INFO - Module loaded.
[2023-04-29 13:28:45,798] {logging_mixin.py:115} INFO - [2023-04-29 13:28:45,796] {log_util.py:40} INFO - Module loaded.
[2023-04-29 13:28:45,800] {logging_mixin.py:115} INFO - [2023-04-29 13:28:45,800] {log_util.py:40} INFO - Module loaded.
[2023-04-29 13:28:45,804] {logging_mixin.py:115} INFO - [2023-04-29 13:28:45,803] {log_util.py:40} INFO - Module loaded.
[2023-04-29 13:28:45,883] {processor.py:651} INFO - DAG(s) dict_keys(['vic_investigacion_ETL']) retrieved from /opt/airflow/dags/vic_investigacion_dag.py
[2023-04-29 13:28:45,905] {logging_mixin.py:115} INFO - [2023-04-29 13:28:45,905] {dag.py:2420} INFO - Sync 1 DAGs
[2023-04-29 13:28:45,922] {logging_mixin.py:115} INFO - [2023-04-29 13:28:45,922] {dag.py:2972} INFO - Setting next_dagrun for vic_investigacion_ETL to None, run_after=None
[2023-04-29 13:28:45,930] {processor.py:161} INFO - Processing /opt/airflow/dags/vic_investigacion_dag.py took 0.305 seconds
[2023-04-29 13:29:16,919] {processor.py:153} INFO - Started process (PID=13169) to work on /opt/airflow/dags/vic_investigacion_dag.py
[2023-04-29 13:29:16,921] {processor.py:641} INFO - Processing file /opt/airflow/dags/vic_investigacion_dag.py for tasks to queue
[2023-04-29 13:29:16,923] {logging_mixin.py:115} INFO - [2023-04-29 13:29:16,923] {dagbag.py:508} INFO - Filling up the DagBag from /opt/airflow/dags/vic_investigacion_dag.py
[2023-04-29 13:29:16,936] {logging_mixin.py:115} INFO - [2023-04-29 13:29:16,936] {log_util.py:40} INFO - Module loaded.
[2023-04-29 13:29:17,062] {logging_mixin.py:115} INFO - [2023-04-29 13:29:17,061] {log_util.py:40} INFO - Module loaded.
[2023-04-29 13:29:17,065] {logging_mixin.py:115} INFO - [2023-04-29 13:29:17,064] {log_util.py:40} INFO - Module loaded.
[2023-04-29 13:29:17,067] {logging_mixin.py:115} INFO - [2023-04-29 13:29:17,066] {log_util.py:40} INFO - Module loaded.
[2023-04-29 13:29:17,069] {logging_mixin.py:115} INFO - [2023-04-29 13:29:17,069] {log_util.py:40} INFO - Module loaded.
[2023-04-29 13:29:17,146] {processor.py:651} INFO - DAG(s) dict_keys(['vic_investigacion_ETL']) retrieved from /opt/airflow/dags/vic_investigacion_dag.py
[2023-04-29 13:29:17,168] {logging_mixin.py:115} INFO - [2023-04-29 13:29:17,168] {dag.py:2420} INFO - Sync 1 DAGs
[2023-04-29 13:29:17,187] {logging_mixin.py:115} INFO - [2023-04-29 13:29:17,187] {dag.py:2972} INFO - Setting next_dagrun for vic_investigacion_ETL to None, run_after=None
[2023-04-29 13:29:17,197] {processor.py:161} INFO - Processing /opt/airflow/dags/vic_investigacion_dag.py took 0.287 seconds
[2023-04-29 13:29:48,124] {processor.py:153} INFO - Started process (PID=13213) to work on /opt/airflow/dags/vic_investigacion_dag.py
[2023-04-29 13:29:48,125] {processor.py:641} INFO - Processing file /opt/airflow/dags/vic_investigacion_dag.py for tasks to queue
[2023-04-29 13:29:48,126] {logging_mixin.py:115} INFO - [2023-04-29 13:29:48,126] {dagbag.py:508} INFO - Filling up the DagBag from /opt/airflow/dags/vic_investigacion_dag.py
[2023-04-29 13:29:48,135] {logging_mixin.py:115} INFO - [2023-04-29 13:29:48,135] {log_util.py:40} INFO - Module loaded.
[2023-04-29 13:29:48,272] {logging_mixin.py:115} INFO - [2023-04-29 13:29:48,272] {log_util.py:40} INFO - Module loaded.
[2023-04-29 13:29:48,276] {logging_mixin.py:115} INFO - [2023-04-29 13:29:48,275] {log_util.py:40} INFO - Module loaded.
[2023-04-29 13:29:48,278] {logging_mixin.py:115} INFO - [2023-04-29 13:29:48,278] {log_util.py:40} INFO - Module loaded.
[2023-04-29 13:29:48,281] {logging_mixin.py:115} INFO - [2023-04-29 13:29:48,280] {log_util.py:40} INFO - Module loaded.
[2023-04-29 13:29:48,353] {processor.py:651} INFO - DAG(s) dict_keys(['vic_investigacion_ETL']) retrieved from /opt/airflow/dags/vic_investigacion_dag.py
[2023-04-29 13:29:48,377] {logging_mixin.py:115} INFO - [2023-04-29 13:29:48,377] {dag.py:2420} INFO - Sync 1 DAGs
[2023-04-29 13:29:48,395] {logging_mixin.py:115} INFO - [2023-04-29 13:29:48,394] {dag.py:2972} INFO - Setting next_dagrun for vic_investigacion_ETL to None, run_after=None
[2023-04-29 13:29:48,402] {processor.py:161} INFO - Processing /opt/airflow/dags/vic_investigacion_dag.py took 0.281 seconds
[2023-04-29 13:30:19,176] {processor.py:153} INFO - Started process (PID=13256) to work on /opt/airflow/dags/vic_investigacion_dag.py
[2023-04-29 13:30:19,177] {processor.py:641} INFO - Processing file /opt/airflow/dags/vic_investigacion_dag.py for tasks to queue
[2023-04-29 13:30:19,178] {logging_mixin.py:115} INFO - [2023-04-29 13:30:19,178] {dagbag.py:508} INFO - Filling up the DagBag from /opt/airflow/dags/vic_investigacion_dag.py
[2023-04-29 13:30:19,185] {logging_mixin.py:115} INFO - [2023-04-29 13:30:19,184] {log_util.py:40} INFO - Module loaded.
[2023-04-29 13:30:19,309] {logging_mixin.py:115} INFO - [2023-04-29 13:30:19,309] {log_util.py:40} INFO - Module loaded.
[2023-04-29 13:30:19,312] {logging_mixin.py:115} INFO - [2023-04-29 13:30:19,312] {log_util.py:40} INFO - Module loaded.
[2023-04-29 13:30:19,315] {logging_mixin.py:115} INFO - [2023-04-29 13:30:19,314] {log_util.py:40} INFO - Module loaded.
[2023-04-29 13:30:19,317] {logging_mixin.py:115} INFO - [2023-04-29 13:30:19,316] {log_util.py:40} INFO - Module loaded.
[2023-04-29 13:30:19,385] {processor.py:651} INFO - DAG(s) dict_keys(['vic_investigacion_ETL']) retrieved from /opt/airflow/dags/vic_investigacion_dag.py
[2023-04-29 13:30:19,404] {logging_mixin.py:115} INFO - [2023-04-29 13:30:19,404] {dag.py:2420} INFO - Sync 1 DAGs
[2023-04-29 13:30:19,416] {logging_mixin.py:115} INFO - [2023-04-29 13:30:19,416] {dag.py:2972} INFO - Setting next_dagrun for vic_investigacion_ETL to None, run_after=None
[2023-04-29 13:30:19,423] {processor.py:161} INFO - Processing /opt/airflow/dags/vic_investigacion_dag.py took 0.251 seconds
[2023-04-29 13:30:50,273] {processor.py:153} INFO - Started process (PID=13298) to work on /opt/airflow/dags/vic_investigacion_dag.py
[2023-04-29 13:30:50,274] {processor.py:641} INFO - Processing file /opt/airflow/dags/vic_investigacion_dag.py for tasks to queue
[2023-04-29 13:30:50,275] {logging_mixin.py:115} INFO - [2023-04-29 13:30:50,275] {dagbag.py:508} INFO - Filling up the DagBag from /opt/airflow/dags/vic_investigacion_dag.py
[2023-04-29 13:30:50,285] {logging_mixin.py:115} INFO - [2023-04-29 13:30:50,284] {log_util.py:40} INFO - Module loaded.
[2023-04-29 13:30:50,461] {logging_mixin.py:115} INFO - [2023-04-29 13:30:50,461] {log_util.py:40} INFO - Module loaded.
[2023-04-29 13:30:50,465] {logging_mixin.py:115} INFO - [2023-04-29 13:30:50,464] {log_util.py:40} INFO - Module loaded.
[2023-04-29 13:30:50,468] {logging_mixin.py:115} INFO - [2023-04-29 13:30:50,468] {log_util.py:40} INFO - Module loaded.
[2023-04-29 13:30:50,471] {logging_mixin.py:115} INFO - [2023-04-29 13:30:50,470] {log_util.py:40} INFO - Module loaded.
[2023-04-29 13:30:50,566] {processor.py:651} INFO - DAG(s) dict_keys(['vic_investigacion_ETL']) retrieved from /opt/airflow/dags/vic_investigacion_dag.py
[2023-04-29 13:30:50,601] {logging_mixin.py:115} INFO - [2023-04-29 13:30:50,600] {dag.py:2420} INFO - Sync 1 DAGs
[2023-04-29 13:30:50,622] {logging_mixin.py:115} INFO - [2023-04-29 13:30:50,622] {dag.py:2972} INFO - Setting next_dagrun for vic_investigacion_ETL to None, run_after=None
[2023-04-29 13:30:50,632] {processor.py:161} INFO - Processing /opt/airflow/dags/vic_investigacion_dag.py took 0.363 seconds
[2023-04-29 13:31:20,747] {processor.py:153} INFO - Started process (PID=13333) to work on /opt/airflow/dags/vic_investigacion_dag.py
[2023-04-29 13:31:20,748] {processor.py:641} INFO - Processing file /opt/airflow/dags/vic_investigacion_dag.py for tasks to queue
[2023-04-29 13:31:20,749] {logging_mixin.py:115} INFO - [2023-04-29 13:31:20,749] {dagbag.py:508} INFO - Filling up the DagBag from /opt/airflow/dags/vic_investigacion_dag.py
[2023-04-29 13:31:20,756] {logging_mixin.py:115} INFO - [2023-04-29 13:31:20,756] {log_util.py:40} INFO - Module loaded.
[2023-04-29 13:31:20,875] {logging_mixin.py:115} INFO - [2023-04-29 13:31:20,874] {log_util.py:40} INFO - Module loaded.
[2023-04-29 13:31:20,878] {logging_mixin.py:115} INFO - [2023-04-29 13:31:20,878] {log_util.py:40} INFO - Module loaded.
[2023-04-29 13:31:20,881] {logging_mixin.py:115} INFO - [2023-04-29 13:31:20,880] {log_util.py:40} INFO - Module loaded.
[2023-04-29 13:31:20,883] {logging_mixin.py:115} INFO - [2023-04-29 13:31:20,883] {log_util.py:40} INFO - Module loaded.
[2023-04-29 13:31:20,955] {processor.py:651} INFO - DAG(s) dict_keys(['vic_investigacion_ETL']) retrieved from /opt/airflow/dags/vic_investigacion_dag.py
[2023-04-29 13:31:20,975] {logging_mixin.py:115} INFO - [2023-04-29 13:31:20,974] {dag.py:2420} INFO - Sync 1 DAGs
[2023-04-29 13:31:20,989] {logging_mixin.py:115} INFO - [2023-04-29 13:31:20,989] {dag.py:2972} INFO - Setting next_dagrun for vic_investigacion_ETL to None, run_after=None
[2023-04-29 13:31:20,996] {processor.py:161} INFO - Processing /opt/airflow/dags/vic_investigacion_dag.py took 0.252 seconds
[2023-04-29 13:31:51,773] {processor.py:153} INFO - Started process (PID=13376) to work on /opt/airflow/dags/vic_investigacion_dag.py
[2023-04-29 13:31:51,775] {processor.py:641} INFO - Processing file /opt/airflow/dags/vic_investigacion_dag.py for tasks to queue
[2023-04-29 13:31:51,776] {logging_mixin.py:115} INFO - [2023-04-29 13:31:51,776] {dagbag.py:508} INFO - Filling up the DagBag from /opt/airflow/dags/vic_investigacion_dag.py
[2023-04-29 13:31:51,783] {logging_mixin.py:115} INFO - [2023-04-29 13:31:51,783] {log_util.py:40} INFO - Module loaded.
[2023-04-29 13:31:51,923] {logging_mixin.py:115} INFO - [2023-04-29 13:31:51,923] {log_util.py:40} INFO - Module loaded.
[2023-04-29 13:31:51,925] {logging_mixin.py:115} INFO - [2023-04-29 13:31:51,925] {log_util.py:40} INFO - Module loaded.
[2023-04-29 13:31:51,928] {logging_mixin.py:115} INFO - [2023-04-29 13:31:51,927] {log_util.py:40} INFO - Module loaded.
[2023-04-29 13:31:51,930] {logging_mixin.py:115} INFO - [2023-04-29 13:31:51,930] {log_util.py:40} INFO - Module loaded.
[2023-04-29 13:31:52,003] {processor.py:651} INFO - DAG(s) dict_keys(['vic_investigacion_ETL']) retrieved from /opt/airflow/dags/vic_investigacion_dag.py
[2023-04-29 13:31:52,024] {logging_mixin.py:115} INFO - [2023-04-29 13:31:52,023] {dag.py:2420} INFO - Sync 1 DAGs
[2023-04-29 13:31:52,037] {logging_mixin.py:115} INFO - [2023-04-29 13:31:52,037] {dag.py:2972} INFO - Setting next_dagrun for vic_investigacion_ETL to None, run_after=None
[2023-04-29 13:31:52,044] {processor.py:161} INFO - Processing /opt/airflow/dags/vic_investigacion_dag.py took 0.274 seconds
[2023-04-29 13:32:22,950] {processor.py:153} INFO - Started process (PID=13418) to work on /opt/airflow/dags/vic_investigacion_dag.py
[2023-04-29 13:32:22,951] {processor.py:641} INFO - Processing file /opt/airflow/dags/vic_investigacion_dag.py for tasks to queue
[2023-04-29 13:32:22,952] {logging_mixin.py:115} INFO - [2023-04-29 13:32:22,952] {dagbag.py:508} INFO - Filling up the DagBag from /opt/airflow/dags/vic_investigacion_dag.py
[2023-04-29 13:32:22,959] {logging_mixin.py:115} INFO - [2023-04-29 13:32:22,958] {log_util.py:40} INFO - Module loaded.
[2023-04-29 13:32:23,078] {logging_mixin.py:115} INFO - [2023-04-29 13:32:23,077] {log_util.py:40} INFO - Module loaded.
[2023-04-29 13:32:23,080] {logging_mixin.py:115} INFO - [2023-04-29 13:32:23,080] {log_util.py:40} INFO - Module loaded.
[2023-04-29 13:32:23,083] {logging_mixin.py:115} INFO - [2023-04-29 13:32:23,082] {log_util.py:40} INFO - Module loaded.
[2023-04-29 13:32:23,086] {logging_mixin.py:115} INFO - [2023-04-29 13:32:23,085] {log_util.py:40} INFO - Module loaded.
[2023-04-29 13:32:23,158] {processor.py:651} INFO - DAG(s) dict_keys(['vic_investigacion_ETL']) retrieved from /opt/airflow/dags/vic_investigacion_dag.py
[2023-04-29 13:32:23,179] {logging_mixin.py:115} INFO - [2023-04-29 13:32:23,179] {dag.py:2420} INFO - Sync 1 DAGs
[2023-04-29 13:32:23,194] {logging_mixin.py:115} INFO - [2023-04-29 13:32:23,194] {dag.py:2972} INFO - Setting next_dagrun for vic_investigacion_ETL to None, run_after=None
[2023-04-29 13:32:23,202] {processor.py:161} INFO - Processing /opt/airflow/dags/vic_investigacion_dag.py took 0.255 seconds
[2023-04-29 13:32:54,237] {processor.py:153} INFO - Started process (PID=13461) to work on /opt/airflow/dags/vic_investigacion_dag.py
[2023-04-29 13:32:54,238] {processor.py:641} INFO - Processing file /opt/airflow/dags/vic_investigacion_dag.py for tasks to queue
[2023-04-29 13:32:54,238] {logging_mixin.py:115} INFO - [2023-04-29 13:32:54,238] {dagbag.py:508} INFO - Filling up the DagBag from /opt/airflow/dags/vic_investigacion_dag.py
[2023-04-29 13:32:54,247] {logging_mixin.py:115} INFO - [2023-04-29 13:32:54,247] {log_util.py:40} INFO - Module loaded.
[2023-04-29 13:32:54,390] {logging_mixin.py:115} INFO - [2023-04-29 13:32:54,390] {log_util.py:40} INFO - Module loaded.
[2023-04-29 13:32:54,393] {logging_mixin.py:115} INFO - [2023-04-29 13:32:54,392] {log_util.py:40} INFO - Module loaded.
[2023-04-29 13:32:54,395] {logging_mixin.py:115} INFO - [2023-04-29 13:32:54,394] {log_util.py:40} INFO - Module loaded.
[2023-04-29 13:32:54,397] {logging_mixin.py:115} INFO - [2023-04-29 13:32:54,397] {log_util.py:40} INFO - Module loaded.
[2023-04-29 13:32:54,475] {processor.py:651} INFO - DAG(s) dict_keys(['vic_investigacion_ETL']) retrieved from /opt/airflow/dags/vic_investigacion_dag.py
[2023-04-29 13:32:54,496] {logging_mixin.py:115} INFO - [2023-04-29 13:32:54,496] {dag.py:2420} INFO - Sync 1 DAGs
[2023-04-29 13:32:54,513] {logging_mixin.py:115} INFO - [2023-04-29 13:32:54,513] {dag.py:2972} INFO - Setting next_dagrun for vic_investigacion_ETL to None, run_after=None
[2023-04-29 13:32:54,521] {processor.py:161} INFO - Processing /opt/airflow/dags/vic_investigacion_dag.py took 0.288 seconds
