[2023-04-24 14:42:03,155] {processor.py:153} INFO - Started process (PID=1596) to work on /opt/airflow/dags/prepare_group_lac_data.py
[2023-04-24 14:42:03,156] {processor.py:641} INFO - Processing file /opt/airflow/dags/prepare_group_lac_data.py for tasks to queue
[2023-04-24 14:42:03,157] {logging_mixin.py:115} INFO - [2023-04-24 14:42:03,157] {dagbag.py:508} INFO - Filling up the DagBag from /opt/airflow/dags/prepare_group_lac_data.py
[2023-04-24 14:42:03,343] {processor.py:653} WARNING - No viable dags retrieved from /opt/airflow/dags/prepare_group_lac_data.py
[2023-04-24 14:42:03,369] {processor.py:161} INFO - Processing /opt/airflow/dags/prepare_group_lac_data.py took 0.218 seconds
[2023-04-24 14:42:33,561] {processor.py:153} INFO - Started process (PID=1637) to work on /opt/airflow/dags/prepare_group_lac_data.py
[2023-04-24 14:42:33,563] {processor.py:641} INFO - Processing file /opt/airflow/dags/prepare_group_lac_data.py for tasks to queue
[2023-04-24 14:42:33,565] {logging_mixin.py:115} INFO - [2023-04-24 14:42:33,565] {dagbag.py:508} INFO - Filling up the DagBag from /opt/airflow/dags/prepare_group_lac_data.py
[2023-04-24 14:42:33,718] {processor.py:653} WARNING - No viable dags retrieved from /opt/airflow/dags/prepare_group_lac_data.py
[2023-04-24 14:42:33,732] {processor.py:161} INFO - Processing /opt/airflow/dags/prepare_group_lac_data.py took 0.176 seconds
[2023-04-24 14:43:04,536] {processor.py:153} INFO - Started process (PID=1668) to work on /opt/airflow/dags/prepare_group_lac_data.py
[2023-04-24 14:43:04,539] {processor.py:641} INFO - Processing file /opt/airflow/dags/prepare_group_lac_data.py for tasks to queue
[2023-04-24 14:43:04,540] {logging_mixin.py:115} INFO - [2023-04-24 14:43:04,540] {dagbag.py:508} INFO - Filling up the DagBag from /opt/airflow/dags/prepare_group_lac_data.py
[2023-04-24 14:43:04,694] {processor.py:653} WARNING - No viable dags retrieved from /opt/airflow/dags/prepare_group_lac_data.py
[2023-04-24 14:43:04,709] {processor.py:161} INFO - Processing /opt/airflow/dags/prepare_group_lac_data.py took 0.178 seconds
[2023-04-24 14:43:35,371] {processor.py:153} INFO - Started process (PID=1711) to work on /opt/airflow/dags/prepare_group_lac_data.py
[2023-04-24 14:43:35,373] {processor.py:641} INFO - Processing file /opt/airflow/dags/prepare_group_lac_data.py for tasks to queue
[2023-04-24 14:43:35,374] {logging_mixin.py:115} INFO - [2023-04-24 14:43:35,374] {dagbag.py:508} INFO - Filling up the DagBag from /opt/airflow/dags/prepare_group_lac_data.py
[2023-04-24 14:43:35,521] {processor.py:653} WARNING - No viable dags retrieved from /opt/airflow/dags/prepare_group_lac_data.py
[2023-04-24 14:43:35,535] {processor.py:161} INFO - Processing /opt/airflow/dags/prepare_group_lac_data.py took 0.168 seconds
[2023-04-24 14:44:06,052] {processor.py:153} INFO - Started process (PID=1752) to work on /opt/airflow/dags/prepare_group_lac_data.py
[2023-04-24 14:44:06,054] {processor.py:641} INFO - Processing file /opt/airflow/dags/prepare_group_lac_data.py for tasks to queue
[2023-04-24 14:44:06,056] {logging_mixin.py:115} INFO - [2023-04-24 14:44:06,055] {dagbag.py:508} INFO - Filling up the DagBag from /opt/airflow/dags/prepare_group_lac_data.py
[2023-04-24 14:44:06,318] {processor.py:653} WARNING - No viable dags retrieved from /opt/airflow/dags/prepare_group_lac_data.py
[2023-04-24 14:44:06,342] {processor.py:161} INFO - Processing /opt/airflow/dags/prepare_group_lac_data.py took 0.299 seconds
