[2023-04-17 15:09:21,029] {taskinstance.py:1179} INFO - Dependencies all met for <TaskInstance: vic_investigacion_ETL.get_group_lac_data manual__2023-04-17T15:09:19.303170+00:00 [queued]>
[2023-04-17 15:09:21,035] {taskinstance.py:1179} INFO - Dependencies all met for <TaskInstance: vic_investigacion_ETL.get_group_lac_data manual__2023-04-17T15:09:19.303170+00:00 [queued]>
[2023-04-17 15:09:21,036] {taskinstance.py:1376} INFO - 
--------------------------------------------------------------------------------
[2023-04-17 15:09:21,036] {taskinstance.py:1377} INFO - Starting attempt 1 of 1
[2023-04-17 15:09:21,037] {taskinstance.py:1378} INFO - 
--------------------------------------------------------------------------------
[2023-04-17 15:09:21,045] {taskinstance.py:1397} INFO - Executing <Task(PythonOperator): get_group_lac_data> on 2023-04-17 15:09:19.303170+00:00
[2023-04-17 15:09:21,050] {standard_task_runner.py:52} INFO - Started process 683 to run task
[2023-04-17 15:09:21,053] {standard_task_runner.py:79} INFO - Running: ['***', 'tasks', 'run', 'vic_investigacion_ETL', 'get_group_lac_data', 'manual__2023-04-17T15:09:19.303170+00:00', '--job-id', '189', '--raw', '--subdir', 'DAGS_FOLDER/vic_investigacion_dag.py', '--cfg-path', '/tmp/tmps_dzsrrm', '--error-file', '/tmp/tmp6lwr7xcl']
[2023-04-17 15:09:21,055] {standard_task_runner.py:80} INFO - Job 189: Subtask get_group_lac_data
[2023-04-17 15:09:21,127] {task_command.py:371} INFO - Running <TaskInstance: vic_investigacion_ETL.get_group_lac_data manual__2023-04-17T15:09:19.303170+00:00 [running]> on host 6051ec54e0cc
[2023-04-17 15:09:21,193] {taskinstance.py:1591} INFO - Exporting the following env vars:
AIRFLOW_CTX_DAG_OWNER=***
AIRFLOW_CTX_DAG_ID=vic_investigacion_ETL
AIRFLOW_CTX_TASK_ID=get_group_lac_data
AIRFLOW_CTX_EXECUTION_DATE=2023-04-17T15:09:19.303170+00:00
AIRFLOW_CTX_TRY_NUMBER=1
AIRFLOW_CTX_DAG_RUN_ID=manual__2023-04-17T15:09:19.303170+00:00
[2023-04-17 15:09:21,195] {logging_mixin.py:115} INFO - Getting GROUP LAC Data
[2023-04-17 15:09:21,196] {python.py:173} INFO - Done. Returned value was: None
[2023-04-17 15:09:21,213] {taskinstance.py:1420} INFO - Marking task as SUCCESS. dag_id=vic_investigacion_ETL, task_id=get_group_lac_data, execution_date=20230417T150919, start_date=20230417T150921, end_date=20230417T150921
[2023-04-17 15:09:21,266] {local_task_job.py:156} INFO - Task exited with return code 0
[2023-04-17 15:09:21,295] {local_task_job.py:273} INFO - 0 downstream tasks scheduled from follow-on schedule check
