[2023-04-24 17:08:32,408] {taskinstance.py:1179} INFO - Dependencies all met for <TaskInstance: vic_investigacion_ETL.get_group_lac_data manual__2023-04-24T17:08:28.639289+00:00 [queued]>
[2023-04-24 17:08:32,428] {taskinstance.py:1179} INFO - Dependencies all met for <TaskInstance: vic_investigacion_ETL.get_group_lac_data manual__2023-04-24T17:08:28.639289+00:00 [queued]>
[2023-04-24 17:08:32,429] {taskinstance.py:1376} INFO - 
--------------------------------------------------------------------------------
[2023-04-24 17:08:32,433] {taskinstance.py:1377} INFO - Starting attempt 1 of 1
[2023-04-24 17:08:32,434] {taskinstance.py:1378} INFO - 
--------------------------------------------------------------------------------
[2023-04-24 17:08:32,449] {taskinstance.py:1397} INFO - Executing <Task(ReadGroupLAC): get_group_lac_data> on 2023-04-24 17:08:28.639289+00:00
[2023-04-24 17:08:32,459] {standard_task_runner.py:52} INFO - Started process 5217 to run task
[2023-04-24 17:08:32,466] {standard_task_runner.py:79} INFO - Running: ['***', 'tasks', 'run', 'vic_investigacion_ETL', 'get_group_lac_data', 'manual__2023-04-24T17:08:28.639289+00:00', '--job-id', '354', '--raw', '--subdir', 'DAGS_FOLDER/vic_investigacion_dag.py', '--cfg-path', '/tmp/tmpod_2dlk8', '--error-file', '/tmp/tmp5tittgss']
[2023-04-24 17:08:32,468] {standard_task_runner.py:80} INFO - Job 354: Subtask get_group_lac_data
[2023-04-24 17:08:32,593] {task_command.py:371} INFO - Running <TaskInstance: vic_investigacion_ETL.get_group_lac_data manual__2023-04-24T17:08:28.639289+00:00 [running]> on host b136a0a45498
[2023-04-24 17:08:32,697] {taskinstance.py:1591} INFO - Exporting the following env vars:
AIRFLOW_CTX_DAG_OWNER=***
AIRFLOW_CTX_DAG_ID=vic_investigacion_ETL
AIRFLOW_CTX_TASK_ID=get_group_lac_data
AIRFLOW_CTX_EXECUTION_DATE=2023-04-24T17:08:28.639289+00:00
AIRFLOW_CTX_TRY_NUMBER=1
AIRFLOW_CTX_DAG_RUN_ID=manual__2023-04-24T17:08:28.639289+00:00
[2023-04-24 17:08:32,702] {logging_mixin.py:115} INFO - Getting Group LAC Data
[2023-04-24 17:08:33,506] {taskinstance.py:1420} INFO - Marking task as SUCCESS. dag_id=vic_investigacion_ETL, task_id=get_group_lac_data, execution_date=20230424T170828, start_date=20230424T170832, end_date=20230424T170833
[2023-04-24 17:08:33,542] {local_task_job.py:156} INFO - Task exited with return code 0
