[2023-04-17 15:09:20,977] {taskinstance.py:1179} INFO - Dependencies all met for <TaskInstance: vic_investigacion_ETL.get_cv_lac_data manual__2023-04-17T15:09:19.303170+00:00 [queued]>
[2023-04-17 15:09:20,985] {taskinstance.py:1179} INFO - Dependencies all met for <TaskInstance: vic_investigacion_ETL.get_cv_lac_data manual__2023-04-17T15:09:19.303170+00:00 [queued]>
[2023-04-17 15:09:20,985] {taskinstance.py:1376} INFO - 
--------------------------------------------------------------------------------
[2023-04-17 15:09:20,986] {taskinstance.py:1377} INFO - Starting attempt 1 of 1
[2023-04-17 15:09:20,986] {taskinstance.py:1378} INFO - 
--------------------------------------------------------------------------------
[2023-04-17 15:09:20,997] {taskinstance.py:1397} INFO - Executing <Task(PythonOperator): get_cv_lac_data> on 2023-04-17 15:09:19.303170+00:00
[2023-04-17 15:09:21,002] {standard_task_runner.py:52} INFO - Started process 681 to run task
[2023-04-17 15:09:21,006] {standard_task_runner.py:79} INFO - Running: ['***', 'tasks', 'run', 'vic_investigacion_ETL', 'get_cv_lac_data', 'manual__2023-04-17T15:09:19.303170+00:00', '--job-id', '187', '--raw', '--subdir', 'DAGS_FOLDER/vic_investigacion_dag.py', '--cfg-path', '/tmp/tmp45d89_y5', '--error-file', '/tmp/tmp1g2tqpn4']
[2023-04-17 15:09:21,008] {standard_task_runner.py:80} INFO - Job 187: Subtask get_cv_lac_data
[2023-04-17 15:09:21,071] {task_command.py:371} INFO - Running <TaskInstance: vic_investigacion_ETL.get_cv_lac_data manual__2023-04-17T15:09:19.303170+00:00 [running]> on host 6051ec54e0cc
[2023-04-17 15:09:21,138] {taskinstance.py:1591} INFO - Exporting the following env vars:
AIRFLOW_CTX_DAG_OWNER=***
AIRFLOW_CTX_DAG_ID=vic_investigacion_ETL
AIRFLOW_CTX_TASK_ID=get_cv_lac_data
AIRFLOW_CTX_EXECUTION_DATE=2023-04-17T15:09:19.303170+00:00
AIRFLOW_CTX_TRY_NUMBER=1
AIRFLOW_CTX_DAG_RUN_ID=manual__2023-04-17T15:09:19.303170+00:00
[2023-04-17 15:09:21,142] {logging_mixin.py:115} INFO - Getting CV_LAC Data
[2023-04-17 15:09:21,143] {python.py:173} INFO - Done. Returned value was: None
[2023-04-17 15:09:21,158] {taskinstance.py:1420} INFO - Marking task as SUCCESS. dag_id=vic_investigacion_ETL, task_id=get_cv_lac_data, execution_date=20230417T150919, start_date=20230417T150920, end_date=20230417T150921
[2023-04-17 15:09:21,178] {local_task_job.py:156} INFO - Task exited with return code 0
[2023-04-17 15:09:21,212] {local_task_job.py:273} INFO - 0 downstream tasks scheduled from follow-on schedule check
