[2023-04-17 15:08:46,811] {taskinstance.py:1179} INFO - Dependencies all met for <TaskInstance: vic_investigacion_ETL.get_scopus_data manual__2023-04-17T15:08:45.337646+00:00 [queued]>
[2023-04-17 15:08:46,819] {taskinstance.py:1179} INFO - Dependencies all met for <TaskInstance: vic_investigacion_ETL.get_scopus_data manual__2023-04-17T15:08:45.337646+00:00 [queued]>
[2023-04-17 15:08:46,819] {taskinstance.py:1376} INFO - 
--------------------------------------------------------------------------------
[2023-04-17 15:08:46,820] {taskinstance.py:1377} INFO - Starting attempt 1 of 1
[2023-04-17 15:08:46,821] {taskinstance.py:1378} INFO - 
--------------------------------------------------------------------------------
[2023-04-17 15:08:46,830] {taskinstance.py:1397} INFO - Executing <Task(ReadScopus): get_scopus_data> on 2023-04-17 15:08:45.337646+00:00
[2023-04-17 15:08:46,839] {standard_task_runner.py:52} INFO - Started process 636 to run task
[2023-04-17 15:08:46,845] {standard_task_runner.py:79} INFO - Running: ['***', 'tasks', 'run', 'vic_investigacion_ETL', 'get_scopus_data', 'manual__2023-04-17T15:08:45.337646+00:00', '--job-id', '181', '--raw', '--subdir', 'DAGS_FOLDER/vic_investigacion_dag.py', '--cfg-path', '/tmp/tmpdyrz8m0s', '--error-file', '/tmp/tmpv4re_j9w']
[2023-04-17 15:08:46,848] {standard_task_runner.py:80} INFO - Job 181: Subtask get_scopus_data
[2023-04-17 15:08:46,961] {task_command.py:371} INFO - Running <TaskInstance: vic_investigacion_ETL.get_scopus_data manual__2023-04-17T15:08:45.337646+00:00 [running]> on host 6051ec54e0cc
[2023-04-17 15:08:47,035] {taskinstance.py:1591} INFO - Exporting the following env vars:
AIRFLOW_CTX_DAG_OWNER=***
AIRFLOW_CTX_DAG_ID=vic_investigacion_ETL
AIRFLOW_CTX_TASK_ID=get_scopus_data
AIRFLOW_CTX_EXECUTION_DATE=2023-04-17T15:08:45.337646+00:00
AIRFLOW_CTX_TRY_NUMBER=1
AIRFLOW_CTX_DAG_RUN_ID=manual__2023-04-17T15:08:45.337646+00:00
[2023-04-17 15:08:47,037] {logging_mixin.py:115} INFO - Getting Scopus Data
[2023-04-17 15:08:47,038] {logging_mixin.py:115} INFO - The api key is:  640ababb3eaaa3723c7cc11be848250b
[2023-04-17 15:08:47,039] {logging_mixin.py:115} INFO - DAG PATH:  /opt/***
[2023-04-17 15:08:47,173] {logging_mixin.py:115} INFO -        Cedula                       Nombre    Scopus_ID
0  52390079.0  Pomares Quimbaya Alexandra   24832026300
1         NaN  Carlos Andres Parra Acevedo  57212998692
[2023-04-17 15:08:47,389] {taskinstance.py:1420} INFO - Marking task as SUCCESS. dag_id=vic_investigacion_ETL, task_id=get_scopus_data, execution_date=20230417T150845, start_date=20230417T150846, end_date=20230417T150847
[2023-04-17 15:08:47,429] {local_task_job.py:156} INFO - Task exited with return code 0
[2023-04-17 15:08:47,463] {local_task_job.py:273} INFO - 1 downstream tasks scheduled from follow-on schedule check
