[2023-04-17 21:18:51,485] {taskinstance.py:1179} INFO - Dependencies all met for <TaskInstance: vic_investigacion_ETL.get_wos_data manual__2023-04-17T21:18:49.262525+00:00 [queued]>
[2023-04-17 21:18:51,495] {taskinstance.py:1179} INFO - Dependencies all met for <TaskInstance: vic_investigacion_ETL.get_wos_data manual__2023-04-17T21:18:49.262525+00:00 [queued]>
[2023-04-17 21:18:51,497] {taskinstance.py:1376} INFO - 
--------------------------------------------------------------------------------
[2023-04-17 21:18:51,498] {taskinstance.py:1377} INFO - Starting attempt 1 of 1
[2023-04-17 21:18:51,499] {taskinstance.py:1378} INFO - 
--------------------------------------------------------------------------------
[2023-04-17 21:18:51,509] {taskinstance.py:1397} INFO - Executing <Task(ReadWOS): get_wos_data> on 2023-04-17 21:18:49.262525+00:00
[2023-04-17 21:18:51,515] {standard_task_runner.py:52} INFO - Started process 361 to run task
[2023-04-17 21:18:51,521] {standard_task_runner.py:79} INFO - Running: ['***', 'tasks', 'run', 'vic_investigacion_ETL', 'get_wos_data', 'manual__2023-04-17T21:18:49.262525+00:00', '--job-id', '229', '--raw', '--subdir', 'DAGS_FOLDER/vic_investigacion_dag.py', '--cfg-path', '/tmp/tmp2au619jz', '--error-file', '/tmp/tmpesuhhfim']
[2023-04-17 21:18:51,524] {standard_task_runner.py:80} INFO - Job 229: Subtask get_wos_data
[2023-04-17 21:18:51,616] {task_command.py:371} INFO - Running <TaskInstance: vic_investigacion_ETL.get_wos_data manual__2023-04-17T21:18:49.262525+00:00 [running]> on host 6071715564b2
[2023-04-17 21:18:51,680] {taskinstance.py:1591} INFO - Exporting the following env vars:
AIRFLOW_CTX_DAG_OWNER=***
AIRFLOW_CTX_DAG_ID=vic_investigacion_ETL
AIRFLOW_CTX_TASK_ID=get_wos_data
AIRFLOW_CTX_EXECUTION_DATE=2023-04-17T21:18:49.262525+00:00
AIRFLOW_CTX_TRY_NUMBER=1
AIRFLOW_CTX_DAG_RUN_ID=manual__2023-04-17T21:18:49.262525+00:00
[2023-04-17 21:18:51,681] {logging_mixin.py:115} INFO - Getting WOS Data
[2023-04-17 21:18:51,696] {taskinstance.py:1420} INFO - Marking task as SUCCESS. dag_id=vic_investigacion_ETL, task_id=get_wos_data, execution_date=20230417T211849, start_date=20230417T211851, end_date=20230417T211851
[2023-04-17 21:18:51,732] {local_task_job.py:156} INFO - Task exited with return code 0
