[2023-08-01 23:09:12,322] {taskinstance.py:1179} INFO - Dependencies all met for <TaskInstance: vic_investigacion_ETL.revistas manual__2023-08-01T23:09:08.652177+00:00 [queued]>
[2023-08-01 23:09:12,335] {taskinstance.py:1179} INFO - Dependencies all met for <TaskInstance: vic_investigacion_ETL.revistas manual__2023-08-01T23:09:08.652177+00:00 [queued]>
[2023-08-01 23:09:12,337] {taskinstance.py:1376} INFO - 
--------------------------------------------------------------------------------
[2023-08-01 23:09:12,338] {taskinstance.py:1377} INFO - Starting attempt 1 of 1
[2023-08-01 23:09:12,340] {taskinstance.py:1378} INFO - 
--------------------------------------------------------------------------------
[2023-08-01 23:09:12,357] {taskinstance.py:1397} INFO - Executing <Task(PrepareRevistas): revistas> on 2023-08-01 23:09:08.652177+00:00
[2023-08-01 23:09:12,385] {standard_task_runner.py:52} INFO - Started process 713 to run task
[2023-08-01 23:09:12,397] {standard_task_runner.py:79} INFO - Running: ['***', 'tasks', 'run', 'vic_investigacion_ETL', 'revistas', 'manual__2023-08-01T23:09:08.652177+00:00', '--job-id', '155', '--raw', '--subdir', 'DAGS_FOLDER/vic_investigacion_dag.py', '--cfg-path', '/tmp/tmpabfnvx1m', '--error-file', '/tmp/tmpz80zpufz']
[2023-08-01 23:09:12,406] {standard_task_runner.py:80} INFO - Job 155: Subtask revistas
[2023-08-01 23:09:12,590] {task_command.py:371} INFO - Running <TaskInstance: vic_investigacion_ETL.revistas manual__2023-08-01T23:09:08.652177+00:00 [running]> on host 6c8a51d4a614
[2023-08-01 23:09:12,840] {taskinstance.py:1591} INFO - Exporting the following env vars:
AIRFLOW_CTX_DAG_OWNER=***
AIRFLOW_CTX_DAG_ID=vic_investigacion_ETL
AIRFLOW_CTX_TASK_ID=revistas
AIRFLOW_CTX_EXECUTION_DATE=2023-08-01T23:09:08.652177+00:00
AIRFLOW_CTX_TRY_NUMBER=1
AIRFLOW_CTX_DAG_RUN_ID=manual__2023-08-01T23:09:08.652177+00:00
[2023-08-01 23:09:12,851] {logging_mixin.py:115} INFO - Reading Revistas
[2023-08-01 23:09:50,420] {taskinstance.py:1420} INFO - Marking task as SUCCESS. dag_id=vic_investigacion_ETL, task_id=revistas, execution_date=20230801T230908, start_date=20230801T230912, end_date=20230801T230950
[2023-08-01 23:09:50,610] {local_task_job.py:156} INFO - Task exited with return code 0
