[2023-07-26 16:05:49,722] {taskinstance.py:1179} INFO - Dependencies all met for <TaskInstance: vic_investigacion_ETL.upload_data_big_query manual__2023-07-26T16:05:21.071069+00:00 [queued]>
[2023-07-26 16:05:49,729] {taskinstance.py:1179} INFO - Dependencies all met for <TaskInstance: vic_investigacion_ETL.upload_data_big_query manual__2023-07-26T16:05:21.071069+00:00 [queued]>
[2023-07-26 16:05:49,729] {taskinstance.py:1376} INFO - 
--------------------------------------------------------------------------------
[2023-07-26 16:05:49,730] {taskinstance.py:1377} INFO - Starting attempt 1 of 1
[2023-07-26 16:05:49,730] {taskinstance.py:1378} INFO - 
--------------------------------------------------------------------------------
[2023-07-26 16:05:49,739] {taskinstance.py:1397} INFO - Executing <Task(ExportData): upload_data_big_query> on 2023-07-26 16:05:21.071069+00:00
[2023-07-26 16:05:49,745] {standard_task_runner.py:52} INFO - Started process 1975 to run task
[2023-07-26 16:05:49,751] {standard_task_runner.py:79} INFO - Running: ['***', 'tasks', 'run', 'vic_investigacion_ETL', 'upload_data_big_query', 'manual__2023-07-26T16:05:21.071069+00:00', '--job-id', '87', '--raw', '--subdir', 'DAGS_FOLDER/vic_investigacion_dag.py', '--cfg-path', '/tmp/tmpg7e59p10', '--error-file', '/tmp/tmpwcawilva']
[2023-07-26 16:05:49,753] {standard_task_runner.py:80} INFO - Job 87: Subtask upload_data_big_query
[2023-07-26 16:05:49,818] {task_command.py:371} INFO - Running <TaskInstance: vic_investigacion_ETL.upload_data_big_query manual__2023-07-26T16:05:21.071069+00:00 [running]> on host f4f0af373b5a
[2023-07-26 16:05:49,869] {taskinstance.py:1591} INFO - Exporting the following env vars:
AIRFLOW_CTX_DAG_OWNER=***
AIRFLOW_CTX_DAG_ID=vic_investigacion_ETL
AIRFLOW_CTX_TASK_ID=upload_data_big_query
AIRFLOW_CTX_EXECUTION_DATE=2023-07-26T16:05:21.071069+00:00
AIRFLOW_CTX_TRY_NUMBER=1
AIRFLOW_CTX_DAG_RUN_ID=manual__2023-07-26T16:05:21.071069+00:00
[2023-07-26 16:05:49,871] {logging_mixin.py:115} INFO - Exporting Data
[2023-07-26 16:05:49,872] {logging_mixin.py:115} INFO - 📝File name: journals, File Path: $/opt/***/data/to_upload/journals.csv
[2023-07-26 16:06:03,229] {logging_mixin.py:115} INFO - LoadJob<project=viceinvestigacion, location=US, id=877bf116-b26e-4fa7-afca-1cc94f53f77a>
[2023-07-26 16:06:03,236] {logging_mixin.py:115} INFO - 📝File name: produccion_validada, File Path: $/opt/***/data/to_upload/produccion_validada.csv
[2023-07-26 16:06:07,470] {logging_mixin.py:115} INFO - LoadJob<project=viceinvestigacion, location=US, id=e207e3e2-4ca4-46de-b7e8-0831e83d5dbd>
[2023-07-26 16:06:07,479] {logging_mixin.py:115} INFO - 📝File name: profesores_core_data, File Path: $/opt/***/data/to_upload/profesores_core_data.csv
[2023-07-26 16:06:12,509] {logging_mixin.py:115} INFO - LoadJob<project=viceinvestigacion, location=US, id=63ddeccb-f4ce-46c8-921e-a10753d3976c>
[2023-07-26 16:06:12,512] {logging_mixin.py:115} INFO - 📝File name: profesores_formacion, File Path: $/opt/***/data/to_upload/profesores_formacion.csv
[2023-07-26 16:06:12,689] {warnings.py:110} WARNING - /opt/***/dags/export_data_operator.py:28: DtypeWarning: Columns (2) have mixed types.Specify dtype option on import or set low_memory=False.
  self.export_data()

[2023-07-26 16:06:12,711] {logging_mixin.py:115} INFO - --
[2023-07-26 16:06:12,712] {logging_mixin.py:115} INFO - 📝File name: profesores_hijos, File Path: $/opt/***/data/to_upload/profesores_hijos.csv
[2023-07-26 16:06:16,401] {logging_mixin.py:115} INFO - LoadJob<project=viceinvestigacion, location=US, id=f1abfe8b-1c67-4251-b863-b6739d98101d>
[2023-07-26 16:06:16,406] {logging_mixin.py:115} INFO - 📝File name: profesores_validados, File Path: $/opt/***/data/to_upload/profesores_validados.csv
[2023-07-26 16:06:22,720] {logging_mixin.py:115} INFO - LoadJob<project=viceinvestigacion, location=US, id=5e7c8334-ed2d-49d8-b6a5-50f05dc8ea93>
[2023-07-26 16:06:22,727] {logging_mixin.py:115} INFO - 📝File name: profesores_validados_scopus_ids, File Path: $/opt/***/data/to_upload/profesores_validados_scopus_ids.csv
[2023-07-26 16:06:28,391] {logging_mixin.py:115} INFO - LoadJob<project=viceinvestigacion, location=US, id=d885323a-1ded-4281-86fe-bc0248d1ff02>
[2023-07-26 16:06:28,396] {logging_mixin.py:115} INFO - 📝File name: respositorio_inst, File Path: $/opt/***/data/to_upload/respositorio_inst.xlsx
[2023-07-26 16:06:54,517] {logging_mixin.py:115} INFO - LoadJob<project=viceinvestigacion, location=US, id=3c247138-c0e2-4874-977a-064cf7051cd0>
[2023-07-26 16:06:54,902] {taskinstance.py:1420} INFO - Marking task as SUCCESS. dag_id=vic_investigacion_ETL, task_id=upload_data_big_query, execution_date=20230726T160521, start_date=20230726T160549, end_date=20230726T160654
[2023-07-26 16:06:55,224] {local_task_job.py:156} INFO - Task exited with return code 0
[2023-07-26 16:06:55,255] {local_task_job.py:273} INFO - 0 downstream tasks scheduled from follow-on schedule check
