[2023-04-24 20:29:29,807] {taskinstance.py:1179} INFO - Dependencies all met for <TaskInstance: vic_investigacion_ETL.get_cv_lac_data manual__2023-04-24T20:29:27.815112+00:00 [queued]>
[2023-04-24 20:29:29,818] {taskinstance.py:1179} INFO - Dependencies all met for <TaskInstance: vic_investigacion_ETL.get_cv_lac_data manual__2023-04-24T20:29:27.815112+00:00 [queued]>
[2023-04-24 20:29:29,819] {taskinstance.py:1376} INFO - 
--------------------------------------------------------------------------------
[2023-04-24 20:29:29,820] {taskinstance.py:1377} INFO - Starting attempt 1 of 1
[2023-04-24 20:29:29,820] {taskinstance.py:1378} INFO - 
--------------------------------------------------------------------------------
[2023-04-24 20:29:29,831] {taskinstance.py:1397} INFO - Executing <Task(ReadCvLAC): get_cv_lac_data> on 2023-04-24 20:29:27.815112+00:00
[2023-04-24 20:29:29,839] {standard_task_runner.py:52} INFO - Started process 12195 to run task
[2023-04-24 20:29:29,847] {standard_task_runner.py:79} INFO - Running: ['***', 'tasks', 'run', 'vic_investigacion_ETL', 'get_cv_lac_data', 'manual__2023-04-24T20:29:27.815112+00:00', '--job-id', '431', '--raw', '--subdir', 'DAGS_FOLDER/vic_investigacion_dag.py', '--cfg-path', '/tmp/tmpnuxztl2c', '--error-file', '/tmp/tmpy2sk8f9s']
[2023-04-24 20:29:29,850] {standard_task_runner.py:80} INFO - Job 431: Subtask get_cv_lac_data
[2023-04-24 20:29:29,973] {task_command.py:371} INFO - Running <TaskInstance: vic_investigacion_ETL.get_cv_lac_data manual__2023-04-24T20:29:27.815112+00:00 [running]> on host b136a0a45498
[2023-04-24 20:29:30,483] {taskinstance.py:1591} INFO - Exporting the following env vars:
AIRFLOW_CTX_DAG_OWNER=***
AIRFLOW_CTX_DAG_ID=vic_investigacion_ETL
AIRFLOW_CTX_TASK_ID=get_cv_lac_data
AIRFLOW_CTX_EXECUTION_DATE=2023-04-24T20:29:27.815112+00:00
AIRFLOW_CTX_TRY_NUMBER=1
AIRFLOW_CTX_DAG_RUN_ID=manual__2023-04-24T20:29:27.815112+00:00
[2023-04-24 20:29:30,485] {logging_mixin.py:115} INFO - Getting CV LAC Data
[2023-04-24 20:29:30,642] {taskinstance.py:1420} INFO - Marking task as SUCCESS. dag_id=vic_investigacion_ETL, task_id=get_cv_lac_data, execution_date=20230424T202927, start_date=20230424T202929, end_date=20230424T202930
[2023-04-24 20:29:30,709] {local_task_job.py:156} INFO - Task exited with return code 0
