[2023-04-14 17:17:36,580] {taskinstance.py:1179} INFO - Dependencies all met for <TaskInstance: vic_investigacion_ETL.get_scopus_data manual__2023-04-14T17:17:35.292496+00:00 [queued]>
[2023-04-14 17:17:36,587] {taskinstance.py:1179} INFO - Dependencies all met for <TaskInstance: vic_investigacion_ETL.get_scopus_data manual__2023-04-14T17:17:35.292496+00:00 [queued]>
[2023-04-14 17:17:36,587] {taskinstance.py:1376} INFO - 
--------------------------------------------------------------------------------
[2023-04-14 17:17:36,588] {taskinstance.py:1377} INFO - Starting attempt 1 of 1
[2023-04-14 17:17:36,589] {taskinstance.py:1378} INFO - 
--------------------------------------------------------------------------------
[2023-04-14 17:17:36,596] {taskinstance.py:1397} INFO - Executing <Task(ReadScopus): get_scopus_data> on 2023-04-14 17:17:35.292496+00:00
[2023-04-14 17:17:36,601] {standard_task_runner.py:52} INFO - Started process 1102 to run task
[2023-04-14 17:17:36,606] {standard_task_runner.py:79} INFO - Running: ['***', 'tasks', 'run', 'vic_investigacion_ETL', 'get_scopus_data', 'manual__2023-04-14T17:17:35.292496+00:00', '--job-id', '112', '--raw', '--subdir', 'DAGS_FOLDER/vic_investigacion_dag.py', '--cfg-path', '/tmp/tmpvkh2pdhv', '--error-file', '/tmp/tmpyxjbvxli']
[2023-04-14 17:17:36,607] {standard_task_runner.py:80} INFO - Job 112: Subtask get_scopus_data
[2023-04-14 17:17:36,683] {task_command.py:371} INFO - Running <TaskInstance: vic_investigacion_ETL.get_scopus_data manual__2023-04-14T17:17:35.292496+00:00 [running]> on host d014c8b814c7
[2023-04-14 17:17:36,741] {taskinstance.py:1591} INFO - Exporting the following env vars:
AIRFLOW_CTX_DAG_OWNER=***
AIRFLOW_CTX_DAG_ID=vic_investigacion_ETL
AIRFLOW_CTX_TASK_ID=get_scopus_data
AIRFLOW_CTX_EXECUTION_DATE=2023-04-14T17:17:35.292496+00:00
AIRFLOW_CTX_TRY_NUMBER=1
AIRFLOW_CTX_DAG_RUN_ID=manual__2023-04-14T17:17:35.292496+00:00
[2023-04-14 17:17:36,743] {logging_mixin.py:115} INFO - Getting Scopus Data
[2023-04-14 17:17:36,743] {logging_mixin.py:115} INFO - The api key is:  640ababb3eaaa3723c7cc11be848250b
[2023-04-14 17:17:36,744] {logging_mixin.py:115} INFO - READIINGGGGGGGGGGG!!!!
[2023-04-14 17:17:36,745] {logging_mixin.py:115} INFO - DAG PATH:  /opt/***
[2023-04-14 17:17:36,747] {taskinstance.py:1909} ERROR - Task failed with exception
Traceback (most recent call last):
  File "/opt/airflow/dags/read_scopus_operator.py", line 28, in execute
    self.saveData()
  File "/opt/airflow/dags/read_scopus_operator.py", line 34, in saveData
    authors_ids_data= pd.read_excel(f"{dag_path}/raw_data/authors_ids.xlsx")
  File "/home/airflow/.local/lib/python3.7/site-packages/pandas/util/_decorators.py", line 311, in wrapper
    return func(*args, **kwargs)
  File "/home/airflow/.local/lib/python3.7/site-packages/pandas/io/excel/_base.py", line 364, in read_excel
    io = ExcelFile(io, storage_options=storage_options, engine=engine)
  File "/home/airflow/.local/lib/python3.7/site-packages/pandas/io/excel/_base.py", line 1192, in __init__
    content_or_path=path_or_buffer, storage_options=storage_options
  File "/home/airflow/.local/lib/python3.7/site-packages/pandas/io/excel/_base.py", line 1071, in inspect_excel_format
    content_or_path, "rb", storage_options=storage_options, is_text=False
  File "/home/airflow/.local/lib/python3.7/site-packages/pandas/io/common.py", line 711, in get_handle
    handle = open(handle, ioargs.mode)
FileNotFoundError: [Errno 2] No such file or directory: '/opt/airflow/raw_data/authors_ids.xlsx'
[2023-04-14 17:17:36,760] {taskinstance.py:1420} INFO - Marking task as FAILED. dag_id=vic_investigacion_ETL, task_id=get_scopus_data, execution_date=20230414T171735, start_date=20230414T171736, end_date=20230414T171736
[2023-04-14 17:17:36,767] {standard_task_runner.py:97} ERROR - Failed to execute job 112 for task get_scopus_data ([Errno 2] No such file or directory: '/opt/airflow/raw_data/authors_ids.xlsx'; 1102)
[2023-04-14 17:17:36,778] {local_task_job.py:156} INFO - Task exited with return code 1
[2023-04-14 17:17:36,812] {local_task_job.py:273} INFO - 0 downstream tasks scheduled from follow-on schedule check
