[2023-04-14 17:18:57,954] {taskinstance.py:1179} INFO - Dependencies all met for <TaskInstance: vic_investigacion_ETL.get_group_lac_data manual__2023-04-14T17:18:56.458727+00:00 [queued]>
[2023-04-14 17:18:57,959] {taskinstance.py:1179} INFO - Dependencies all met for <TaskInstance: vic_investigacion_ETL.get_group_lac_data manual__2023-04-14T17:18:56.458727+00:00 [queued]>
[2023-04-14 17:18:57,960] {taskinstance.py:1376} INFO - 
--------------------------------------------------------------------------------
[2023-04-14 17:18:57,961] {taskinstance.py:1377} INFO - Starting attempt 1 of 1
[2023-04-14 17:18:57,961] {taskinstance.py:1378} INFO - 
--------------------------------------------------------------------------------
[2023-04-14 17:18:57,969] {taskinstance.py:1397} INFO - Executing <Task(PythonOperator): get_group_lac_data> on 2023-04-14 17:18:56.458727+00:00
[2023-04-14 17:18:57,974] {standard_task_runner.py:52} INFO - Started process 107 to run task
[2023-04-14 17:18:57,977] {standard_task_runner.py:79} INFO - Running: ['***', 'tasks', 'run', 'vic_investigacion_ETL', 'get_group_lac_data', 'manual__2023-04-14T17:18:56.458727+00:00', '--job-id', '127', '--raw', '--subdir', 'DAGS_FOLDER/vic_investigacion_dag.py', '--cfg-path', '/tmp/tmplhuly1lx', '--error-file', '/tmp/tmpt3w9sd2p']
[2023-04-14 17:18:57,979] {standard_task_runner.py:80} INFO - Job 127: Subtask get_group_lac_data
[2023-04-14 17:18:58,054] {task_command.py:371} INFO - Running <TaskInstance: vic_investigacion_ETL.get_group_lac_data manual__2023-04-14T17:18:56.458727+00:00 [running]> on host 9a187b96ec59
[2023-04-14 17:18:58,129] {taskinstance.py:1591} INFO - Exporting the following env vars:
AIRFLOW_CTX_DAG_OWNER=***
AIRFLOW_CTX_DAG_ID=vic_investigacion_ETL
AIRFLOW_CTX_TASK_ID=get_group_lac_data
AIRFLOW_CTX_EXECUTION_DATE=2023-04-14T17:18:56.458727+00:00
AIRFLOW_CTX_TRY_NUMBER=1
AIRFLOW_CTX_DAG_RUN_ID=manual__2023-04-14T17:18:56.458727+00:00
[2023-04-14 17:18:58,130] {logging_mixin.py:115} INFO - Getting GROUP LAC Data
[2023-04-14 17:18:58,131] {python.py:173} INFO - Done. Returned value was: None
[2023-04-14 17:18:58,145] {taskinstance.py:1420} INFO - Marking task as SUCCESS. dag_id=vic_investigacion_ETL, task_id=get_group_lac_data, execution_date=20230414T171856, start_date=20230414T171857, end_date=20230414T171858
[2023-04-14 17:18:58,189] {local_task_job.py:156} INFO - Task exited with return code 0
[2023-04-14 17:18:58,222] {local_task_job.py:273} INFO - 0 downstream tasks scheduled from follow-on schedule check
