[2023-06-01 00:49:14,893] {taskinstance.py:1179} INFO - Dependencies all met for <TaskInstance: vic_investigacion_ETL.get_group_lac_data manual__2023-06-01T00:49:12.901499+00:00 [queued]>
[2023-06-01 00:49:14,902] {taskinstance.py:1179} INFO - Dependencies all met for <TaskInstance: vic_investigacion_ETL.get_group_lac_data manual__2023-06-01T00:49:12.901499+00:00 [queued]>
[2023-06-01 00:49:14,903] {taskinstance.py:1376} INFO - 
--------------------------------------------------------------------------------
[2023-06-01 00:49:14,903] {taskinstance.py:1377} INFO - Starting attempt 1 of 1
[2023-06-01 00:49:14,904] {taskinstance.py:1378} INFO - 
--------------------------------------------------------------------------------
[2023-06-01 00:49:14,915] {taskinstance.py:1397} INFO - Executing <Task(ReadGroupLAC): get_group_lac_data> on 2023-06-01 00:49:12.901499+00:00
[2023-06-01 00:49:14,926] {standard_task_runner.py:52} INFO - Started process 990 to run task
[2023-06-01 00:49:14,930] {standard_task_runner.py:79} INFO - Running: ['***', 'tasks', 'run', 'vic_investigacion_ETL', 'get_group_lac_data', 'manual__2023-06-01T00:49:12.901499+00:00', '--job-id', '109', '--raw', '--subdir', 'DAGS_FOLDER/vic_investigacion_dag.py', '--cfg-path', '/tmp/tmprh73mn2r', '--error-file', '/tmp/tmpzq2htbsg']
[2023-06-01 00:49:14,933] {standard_task_runner.py:80} INFO - Job 109: Subtask get_group_lac_data
[2023-06-01 00:49:15,055] {task_command.py:371} INFO - Running <TaskInstance: vic_investigacion_ETL.get_group_lac_data manual__2023-06-01T00:49:12.901499+00:00 [running]> on host 5d9ccb732815
[2023-06-01 00:49:15,277] {taskinstance.py:1591} INFO - Exporting the following env vars:
AIRFLOW_CTX_DAG_OWNER=***
AIRFLOW_CTX_DAG_ID=vic_investigacion_ETL
AIRFLOW_CTX_TASK_ID=get_group_lac_data
AIRFLOW_CTX_EXECUTION_DATE=2023-06-01T00:49:12.901499+00:00
AIRFLOW_CTX_TRY_NUMBER=1
AIRFLOW_CTX_DAG_RUN_ID=manual__2023-06-01T00:49:12.901499+00:00
[2023-06-01 00:49:15,289] {logging_mixin.py:115} INFO - Getting Group LAC Data
[2023-06-01 00:49:15,386] {taskinstance.py:1420} INFO - Marking task as SUCCESS. dag_id=vic_investigacion_ETL, task_id=get_group_lac_data, execution_date=20230601T004912, start_date=20230601T004914, end_date=20230601T004915
[2023-06-01 00:49:15,461] {local_task_job.py:156} INFO - Task exited with return code 0
[2023-06-01 00:49:15,659] {local_task_job.py:273} INFO - 0 downstream tasks scheduled from follow-on schedule check
