[2023-06-01 01:23:04,506] {taskinstance.py:1179} INFO - Dependencies all met for <TaskInstance: vic_investigacion_ETL.get_cv_lac_data manual__2023-06-01T01:23:01.908550+00:00 [queued]>
[2023-06-01 01:23:04,517] {taskinstance.py:1179} INFO - Dependencies all met for <TaskInstance: vic_investigacion_ETL.get_cv_lac_data manual__2023-06-01T01:23:01.908550+00:00 [queued]>
[2023-06-01 01:23:04,518] {taskinstance.py:1376} INFO - 
--------------------------------------------------------------------------------
[2023-06-01 01:23:04,519] {taskinstance.py:1377} INFO - Starting attempt 1 of 1
[2023-06-01 01:23:04,520] {taskinstance.py:1378} INFO - 
--------------------------------------------------------------------------------
[2023-06-01 01:23:04,530] {taskinstance.py:1397} INFO - Executing <Task(ReadCvLAC): get_cv_lac_data> on 2023-06-01 01:23:01.908550+00:00
[2023-06-01 01:23:04,542] {standard_task_runner.py:52} INFO - Started process 2848 to run task
[2023-06-01 01:23:04,547] {standard_task_runner.py:79} INFO - Running: ['***', 'tasks', 'run', 'vic_investigacion_ETL', 'get_cv_lac_data', 'manual__2023-06-01T01:23:01.908550+00:00', '--job-id', '170', '--raw', '--subdir', 'DAGS_FOLDER/vic_investigacion_dag.py', '--cfg-path', '/tmp/tmplkjey_rr', '--error-file', '/tmp/tmpn4owuy2o']
[2023-06-01 01:23:04,558] {standard_task_runner.py:80} INFO - Job 170: Subtask get_cv_lac_data
[2023-06-01 01:23:04,706] {task_command.py:371} INFO - Running <TaskInstance: vic_investigacion_ETL.get_cv_lac_data manual__2023-06-01T01:23:01.908550+00:00 [running]> on host 5d9ccb732815
[2023-06-01 01:23:04,857] {taskinstance.py:1591} INFO - Exporting the following env vars:
AIRFLOW_CTX_DAG_OWNER=***
AIRFLOW_CTX_DAG_ID=vic_investigacion_ETL
AIRFLOW_CTX_TASK_ID=get_cv_lac_data
AIRFLOW_CTX_EXECUTION_DATE=2023-06-01T01:23:01.908550+00:00
AIRFLOW_CTX_TRY_NUMBER=1
AIRFLOW_CTX_DAG_RUN_ID=manual__2023-06-01T01:23:01.908550+00:00
[2023-06-01 01:23:04,861] {logging_mixin.py:115} INFO - Getting CV LAC Data
[2023-06-01 01:23:04,886] {taskinstance.py:1420} INFO - Marking task as SUCCESS. dag_id=vic_investigacion_ETL, task_id=get_cv_lac_data, execution_date=20230601T012301, start_date=20230601T012304, end_date=20230601T012304
[2023-06-01 01:23:04,939] {local_task_job.py:156} INFO - Task exited with return code 0
[2023-06-01 01:23:05,000] {local_task_job.py:273} INFO - 0 downstream tasks scheduled from follow-on schedule check
