[2023-06-07 14:53:10,782] {taskinstance.py:1179} INFO - Dependencies all met for <TaskInstance: vic_investigacion_ETL.upload_data_big_query manual__2023-06-07T14:53:07.385835+00:00 [queued]>
[2023-06-07 14:53:10,789] {taskinstance.py:1179} INFO - Dependencies all met for <TaskInstance: vic_investigacion_ETL.upload_data_big_query manual__2023-06-07T14:53:07.385835+00:00 [queued]>
[2023-06-07 14:53:10,789] {taskinstance.py:1376} INFO - 
--------------------------------------------------------------------------------
[2023-06-07 14:53:10,790] {taskinstance.py:1377} INFO - Starting attempt 1 of 1
[2023-06-07 14:53:10,790] {taskinstance.py:1378} INFO - 
--------------------------------------------------------------------------------
[2023-06-07 14:53:10,802] {taskinstance.py:1397} INFO - Executing <Task(ExportData): upload_data_big_query> on 2023-06-07 14:53:07.385835+00:00
[2023-06-07 14:53:10,811] {standard_task_runner.py:52} INFO - Started process 4184 to run task
[2023-06-07 14:53:10,815] {standard_task_runner.py:79} INFO - Running: ['***', 'tasks', 'run', 'vic_investigacion_ETL', 'upload_data_big_query', 'manual__2023-06-07T14:53:07.385835+00:00', '--job-id', '333', '--raw', '--subdir', 'DAGS_FOLDER/vic_investigacion_dag.py', '--cfg-path', '/tmp/tmpwdacn31c', '--error-file', '/tmp/tmpz0axhrxz']
[2023-06-07 14:53:10,817] {standard_task_runner.py:80} INFO - Job 333: Subtask upload_data_big_query
[2023-06-07 14:53:10,884] {task_command.py:371} INFO - Running <TaskInstance: vic_investigacion_ETL.upload_data_big_query manual__2023-06-07T14:53:07.385835+00:00 [running]> on host ad8fd2023d13
[2023-06-07 14:53:10,944] {taskinstance.py:1591} INFO - Exporting the following env vars:
AIRFLOW_CTX_DAG_OWNER=***
AIRFLOW_CTX_DAG_ID=vic_investigacion_ETL
AIRFLOW_CTX_TASK_ID=upload_data_big_query
AIRFLOW_CTX_EXECUTION_DATE=2023-06-07T14:53:07.385835+00:00
AIRFLOW_CTX_TRY_NUMBER=1
AIRFLOW_CTX_DAG_RUN_ID=manual__2023-06-07T14:53:07.385835+00:00
[2023-06-07 14:53:10,945] {logging_mixin.py:115} INFO - Exporting Data
[2023-06-07 14:53:10,948] {logging_mixin.py:115} INFO - /opt/***/data/scopus/to_upload_data/core_data.csv
[2023-06-07 14:53:15,440] {logging_mixin.py:115} INFO - LoadJob<project=viceinvestigacion, location=US, id=d92a35b2-5ca6-4ed4-83df-e390df66e621>
[2023-06-07 14:53:15,445] {logging_mixin.py:115} INFO - /opt/***/data/scopus/to_upload_data/products.csv
[2023-06-07 14:53:18,501] {logging_mixin.py:115} INFO - LoadJob<project=viceinvestigacion, location=US, id=88cd1025-25d8-43a8-b38b-cd8c10a8a032>
[2023-06-07 14:53:18,502] {logging_mixin.py:115} INFO - /opt/***/data/scopus/to_upload_data/subject_areas.csv
[2023-06-07 14:53:23,340] {logging_mixin.py:115} INFO - LoadJob<project=viceinvestigacion, location=US, id=275f9522-d44c-4d38-853a-5fb7d4386791>
[2023-06-07 14:53:23,383] {taskinstance.py:1420} INFO - Marking task as SUCCESS. dag_id=vic_investigacion_ETL, task_id=upload_data_big_query, execution_date=20230607T145307, start_date=20230607T145310, end_date=20230607T145323
[2023-06-07 14:53:23,459] {local_task_job.py:156} INFO - Task exited with return code 0
[2023-06-07 14:53:23,481] {local_task_job.py:273} INFO - 0 downstream tasks scheduled from follow-on schedule check
