[2023-07-04 21:58:36,900] {taskinstance.py:1179} INFO - Dependencies all met for <TaskInstance: vic_investigacion_ETL.upload_data_big_query manual__2023-07-04T21:58:35.245581+00:00 [queued]>
[2023-07-04 21:58:36,906] {taskinstance.py:1179} INFO - Dependencies all met for <TaskInstance: vic_investigacion_ETL.upload_data_big_query manual__2023-07-04T21:58:35.245581+00:00 [queued]>
[2023-07-04 21:58:36,906] {taskinstance.py:1376} INFO - 
--------------------------------------------------------------------------------
[2023-07-04 21:58:36,907] {taskinstance.py:1377} INFO - Starting attempt 1 of 1
[2023-07-04 21:58:36,907] {taskinstance.py:1378} INFO - 
--------------------------------------------------------------------------------
[2023-07-04 21:58:36,914] {taskinstance.py:1397} INFO - Executing <Task(ExportData): upload_data_big_query> on 2023-07-04 21:58:35.245581+00:00
[2023-07-04 21:58:36,918] {standard_task_runner.py:52} INFO - Started process 3163 to run task
[2023-07-04 21:58:36,922] {standard_task_runner.py:79} INFO - Running: ['***', 'tasks', 'run', 'vic_investigacion_ETL', 'upload_data_big_query', 'manual__2023-07-04T21:58:35.245581+00:00', '--job-id', '16', '--raw', '--subdir', 'DAGS_FOLDER/vic_investigacion_dag.py', '--cfg-path', '/tmp/tmpy8glhlfe', '--error-file', '/tmp/tmpcnz9fkqe']
[2023-07-04 21:58:36,924] {standard_task_runner.py:80} INFO - Job 16: Subtask upload_data_big_query
[2023-07-04 21:58:36,979] {task_command.py:371} INFO - Running <TaskInstance: vic_investigacion_ETL.upload_data_big_query manual__2023-07-04T21:58:35.245581+00:00 [running]> on host f4f0af373b5a
[2023-07-04 21:58:37,028] {taskinstance.py:1591} INFO - Exporting the following env vars:
AIRFLOW_CTX_DAG_OWNER=***
AIRFLOW_CTX_DAG_ID=vic_investigacion_ETL
AIRFLOW_CTX_TASK_ID=upload_data_big_query
AIRFLOW_CTX_EXECUTION_DATE=2023-07-04T21:58:35.245581+00:00
AIRFLOW_CTX_TRY_NUMBER=1
AIRFLOW_CTX_DAG_RUN_ID=manual__2023-07-04T21:58:35.245581+00:00
[2023-07-04 21:58:37,030] {logging_mixin.py:115} INFO - Exporting Data
[2023-07-04 21:58:37,031] {logging_mixin.py:115} INFO - /opt/***/data/to_upload/journals.xlsx
[2023-07-04 21:58:45,090] {logging_mixin.py:115} INFO - LoadJob<project=viceinvestigacion, location=US, id=9cc616e8-8bca-4adb-913c-56015666f389>
[2023-07-04 21:58:45,091] {logging_mixin.py:115} INFO - /opt/***/data/to_upload/profesores_validados.csv
[2023-07-04 21:58:51,175] {logging_mixin.py:115} INFO - LoadJob<project=viceinvestigacion, location=US, id=845d9d5a-56ce-4f17-b3cf-9a980a77aa0b>
[2023-07-04 21:58:51,184] {logging_mixin.py:115} INFO - /opt/***/data/to_upload/profesores_validados_scopus_ids.csv
[2023-07-04 21:58:54,107] {logging_mixin.py:115} INFO - LoadJob<project=viceinvestigacion, location=US, id=d271a1ca-fbcc-454b-b4e3-7625035e4ae8>
[2023-07-04 21:58:54,182] {taskinstance.py:1420} INFO - Marking task as SUCCESS. dag_id=vic_investigacion_ETL, task_id=upload_data_big_query, execution_date=20230704T215835, start_date=20230704T215836, end_date=20230704T215854
[2023-07-04 21:58:54,399] {local_task_job.py:156} INFO - Task exited with return code 0
[2023-07-04 21:58:54,427] {local_task_job.py:273} INFO - 0 downstream tasks scheduled from follow-on schedule check
