[2023-06-26 12:23:02,166] {taskinstance.py:1179} INFO - Dependencies all met for <TaskInstance: vic_investigacion_ETL.prepare_repositorio_inst manual__2023-06-26T12:22:58.538209+00:00 [queued]>
[2023-06-26 12:23:02,173] {taskinstance.py:1179} INFO - Dependencies all met for <TaskInstance: vic_investigacion_ETL.prepare_repositorio_inst manual__2023-06-26T12:22:58.538209+00:00 [queued]>
[2023-06-26 12:23:02,175] {taskinstance.py:1376} INFO - 
--------------------------------------------------------------------------------
[2023-06-26 12:23:02,175] {taskinstance.py:1377} INFO - Starting attempt 1 of 1
[2023-06-26 12:23:02,176] {taskinstance.py:1378} INFO - 
--------------------------------------------------------------------------------
[2023-06-26 12:23:02,183] {taskinstance.py:1397} INFO - Executing <Task(PrepareRepositorioInstitucional): prepare_repositorio_inst> on 2023-06-26 12:22:58.538209+00:00
[2023-06-26 12:23:02,188] {standard_task_runner.py:52} INFO - Started process 2186 to run task
[2023-06-26 12:23:02,192] {standard_task_runner.py:79} INFO - Running: ['***', 'tasks', 'run', 'vic_investigacion_ETL', 'prepare_repositorio_inst', 'manual__2023-06-26T12:22:58.538209+00:00', '--job-id', '6', '--raw', '--subdir', 'DAGS_FOLDER/vic_investigacion_dag.py', '--cfg-path', '/tmp/tmprdqmy3mx', '--error-file', '/tmp/tmpmncf75rn']
[2023-06-26 12:23:02,193] {standard_task_runner.py:80} INFO - Job 6: Subtask prepare_repositorio_inst
[2023-06-26 12:23:02,246] {task_command.py:371} INFO - Running <TaskInstance: vic_investigacion_ETL.prepare_repositorio_inst manual__2023-06-26T12:22:58.538209+00:00 [running]> on host ce13f1e72365
[2023-06-26 12:23:02,294] {taskinstance.py:1591} INFO - Exporting the following env vars:
AIRFLOW_CTX_DAG_OWNER=***
AIRFLOW_CTX_DAG_ID=vic_investigacion_ETL
AIRFLOW_CTX_TASK_ID=prepare_repositorio_inst
AIRFLOW_CTX_EXECUTION_DATE=2023-06-26T12:22:58.538209+00:00
AIRFLOW_CTX_TRY_NUMBER=1
AIRFLOW_CTX_DAG_RUN_ID=manual__2023-06-26T12:22:58.538209+00:00
[2023-06-26 12:23:02,295] {logging_mixin.py:115} INFO - Preparing Repositorio Institucional
[2023-06-26 12:23:28,920] {taskinstance.py:1420} INFO - Marking task as SUCCESS. dag_id=vic_investigacion_ETL, task_id=prepare_repositorio_inst, execution_date=20230626T122258, start_date=20230626T122302, end_date=20230626T122328
[2023-06-26 12:23:29,531] {local_task_job.py:156} INFO - Task exited with return code 0
