[2023-07-05 00:07:50,149] {taskinstance.py:1179} INFO - Dependencies all met for <TaskInstance: vic_investigacion_ETL.upload_data_big_query manual__2023-07-05T00:07:46.397285+00:00 [queued]>
[2023-07-05 00:07:50,154] {taskinstance.py:1179} INFO - Dependencies all met for <TaskInstance: vic_investigacion_ETL.upload_data_big_query manual__2023-07-05T00:07:46.397285+00:00 [queued]>
[2023-07-05 00:07:50,155] {taskinstance.py:1376} INFO - 
--------------------------------------------------------------------------------
[2023-07-05 00:07:50,155] {taskinstance.py:1377} INFO - Starting attempt 1 of 1
[2023-07-05 00:07:50,155] {taskinstance.py:1378} INFO - 
--------------------------------------------------------------------------------
[2023-07-05 00:07:50,163] {taskinstance.py:1397} INFO - Executing <Task(ExportData): upload_data_big_query> on 2023-07-05 00:07:46.397285+00:00
[2023-07-05 00:07:50,168] {standard_task_runner.py:52} INFO - Started process 3415 to run task
[2023-07-05 00:07:50,171] {standard_task_runner.py:79} INFO - Running: ['***', 'tasks', 'run', 'vic_investigacion_ETL', 'upload_data_big_query', 'manual__2023-07-05T00:07:46.397285+00:00', '--job-id', '50', '--raw', '--subdir', 'DAGS_FOLDER/vic_investigacion_dag.py', '--cfg-path', '/tmp/tmp084bipqg', '--error-file', '/tmp/tmpus6esa5n']
[2023-07-05 00:07:50,173] {standard_task_runner.py:80} INFO - Job 50: Subtask upload_data_big_query
[2023-07-05 00:07:50,223] {task_command.py:371} INFO - Running <TaskInstance: vic_investigacion_ETL.upload_data_big_query manual__2023-07-05T00:07:46.397285+00:00 [running]> on host f4f0af373b5a
[2023-07-05 00:07:50,270] {taskinstance.py:1591} INFO - Exporting the following env vars:
AIRFLOW_CTX_DAG_OWNER=***
AIRFLOW_CTX_DAG_ID=vic_investigacion_ETL
AIRFLOW_CTX_TASK_ID=upload_data_big_query
AIRFLOW_CTX_EXECUTION_DATE=2023-07-05T00:07:46.397285+00:00
AIRFLOW_CTX_TRY_NUMBER=1
AIRFLOW_CTX_DAG_RUN_ID=manual__2023-07-05T00:07:46.397285+00:00
[2023-07-05 00:07:50,271] {logging_mixin.py:115} INFO - Exporting Data
[2023-07-05 00:07:50,272] {logging_mixin.py:115} INFO - /opt/***/data/to_upload/journals.xlsx
[2023-07-05 00:07:50,272] {logging_mixin.py:115} INFO - FileName: journals
[2023-07-05 00:07:50,611] {logging_mixin.py:115} INFO -        ISSN                              Name  ... Category Vigencia Minciencias
0  14741741         Nature Reviews Immunology  ...      NaN                  NaN
1  17401534       Nature Reviews Microbiology  ...      NaN                  NaN
2  17483395             Nature Nanotechnology  ...      NaN                  NaN
3  17545706  Energy and Environmental Science  ...      NaN                  NaN
4  0147006X     Annual Review of Neuroscience  ...      NaN                  NaN

[5 rows x 9 columns]
[2023-07-05 00:07:58,485] {logging_mixin.py:115} INFO - LoadJob<project=viceinvestigacion, location=US, id=45c2d87c-efb7-47d2-a109-36e4d987674a>
[2023-07-05 00:07:58,487] {logging_mixin.py:115} INFO - /opt/***/data/to_upload/produccion_validada.csv
[2023-07-05 00:07:58,488] {logging_mixin.py:115} INFO - FileName: produccion_validada
[2023-07-05 00:07:58,663] {logging_mixin.py:115} INFO -                     Programa_de_creacion  ... Afiliacion_Citantes_Google_Scholar
0  Pregrado en Ciencia de la Información  ...                                NaN
1  Pregrado en Ciencia de la Información  ...                                NaN
2  Pregrado en Ciencia de la Información  ...                                NaN
3  Pregrado en Ciencia de la Información  ...                                NaN
4  Pregrado en Ciencia de la Información  ...                                NaN

[5 rows x 27 columns]
[2023-07-05 00:08:03,765] {logging_mixin.py:115} INFO - LoadJob<project=viceinvestigacion, location=US, id=c0d24be0-375f-4f78-9eeb-e0dbf6d5d755>
[2023-07-05 00:08:03,766] {logging_mixin.py:115} INFO - /opt/***/data/to_upload/profesores_validados.csv
[2023-07-05 00:08:03,767] {logging_mixin.py:115} INFO - FileName: profesores_validados
[2023-07-05 00:08:03,778] {logging_mixin.py:115} INFO -   Observaciones                        Nombre  ... Tipo ID_Clínico
0           NaN         Juliana Atuesta Ortiz  ...  NaN        NaN
1           NaN  José Alejandro Convers Elias  ...  NaN        NaN
2           NaN   Catalina del Castillo Silva  ...  NaN        NaN
3           NaN    Sara Regina Fonseca García  ...  NaN        NaN
4           NaN       Eloisa Jaramillo Arango  ...  NaN        NaN

[5 rows x 15 columns]
[2023-07-05 00:08:07,327] {logging_mixin.py:115} INFO - LoadJob<project=viceinvestigacion, location=US, id=83556066-7fc1-48aa-a73e-1a051486d87a>
[2023-07-05 00:08:07,328] {logging_mixin.py:115} INFO - /opt/***/data/to_upload/profesores_validados_scopus_ids.csv
[2023-07-05 00:08:07,328] {logging_mixin.py:115} INFO - FileName: profesores_validados_scopus_ids
[2023-07-05 00:08:07,334] {logging_mixin.py:115} INFO -       Scopus_ID  ID_documento
0  1.340983e+10      79378553
1  1.404559e+10      19444788
2  1.502611e+10      39786577
3  1.503012e+10      74380875
4  1.575824e+10      98494191
[2023-07-05 00:08:09,932] {logging_mixin.py:115} INFO - LoadJob<project=viceinvestigacion, location=US, id=f5ba3c94-7063-4313-bcb7-f6b457ffd300>
[2023-07-05 00:08:09,985] {taskinstance.py:1420} INFO - Marking task as SUCCESS. dag_id=vic_investigacion_ETL, task_id=upload_data_big_query, execution_date=20230705T000746, start_date=20230705T000750, end_date=20230705T000809
[2023-07-05 00:08:10,169] {local_task_job.py:156} INFO - Task exited with return code 0
[2023-07-05 00:08:10,194] {local_task_job.py:273} INFO - 0 downstream tasks scheduled from follow-on schedule check
