[2023-04-14 16:17:00,770] {taskinstance.py:1179} INFO - Dependencies all met for <TaskInstance: vic_investigacion_ETL.get_group_lac_data scheduled__2023-04-14T00:00:00+00:00 [queued]>
[2023-04-14 16:17:00,778] {taskinstance.py:1179} INFO - Dependencies all met for <TaskInstance: vic_investigacion_ETL.get_group_lac_data scheduled__2023-04-14T00:00:00+00:00 [queued]>
[2023-04-14 16:17:00,780] {taskinstance.py:1376} INFO - 
--------------------------------------------------------------------------------
[2023-04-14 16:17:00,781] {taskinstance.py:1377} INFO - Starting attempt 1 of 1
[2023-04-14 16:17:00,781] {taskinstance.py:1378} INFO - 
--------------------------------------------------------------------------------
[2023-04-14 16:17:00,795] {taskinstance.py:1397} INFO - Executing <Task(PythonOperator): get_group_lac_data> on 2023-04-14 00:00:00+00:00
[2023-04-14 16:17:00,804] {standard_task_runner.py:52} INFO - Started process 259 to run task
[2023-04-14 16:17:00,812] {standard_task_runner.py:79} INFO - Running: ['***', 'tasks', 'run', 'vic_investigacion_ETL', 'get_group_lac_data', 'scheduled__2023-04-14T00:00:00+00:00', '--job-id', '46', '--raw', '--subdir', 'DAGS_FOLDER/vic_investigacion_dag.py', '--cfg-path', '/tmp/tmp7l8p1oq0', '--error-file', '/tmp/tmpd0g0okuk']
[2023-04-14 16:17:00,816] {standard_task_runner.py:80} INFO - Job 46: Subtask get_group_lac_data
[2023-04-14 16:17:00,915] {task_command.py:371} INFO - Running <TaskInstance: vic_investigacion_ETL.get_group_lac_data scheduled__2023-04-14T00:00:00+00:00 [running]> on host c91627f658c0
[2023-04-14 16:17:01,005] {taskinstance.py:1591} INFO - Exporting the following env vars:
AIRFLOW_CTX_DAG_OWNER=***
AIRFLOW_CTX_DAG_ID=vic_investigacion_ETL
AIRFLOW_CTX_TASK_ID=get_group_lac_data
AIRFLOW_CTX_EXECUTION_DATE=2023-04-14T00:00:00+00:00
AIRFLOW_CTX_TRY_NUMBER=1
AIRFLOW_CTX_DAG_RUN_ID=scheduled__2023-04-14T00:00:00+00:00
[2023-04-14 16:17:01,007] {logging_mixin.py:115} INFO - Getting GROUP LAC Data
[2023-04-14 16:17:01,008] {python.py:173} INFO - Done. Returned value was: None
[2023-04-14 16:17:01,022] {taskinstance.py:1420} INFO - Marking task as SUCCESS. dag_id=vic_investigacion_ETL, task_id=get_group_lac_data, execution_date=20230414T000000, start_date=20230414T161700, end_date=20230414T161701
[2023-04-14 16:17:01,068] {local_task_job.py:156} INFO - Task exited with return code 0
[2023-04-14 16:17:01,096] {local_task_job.py:273} INFO - 0 downstream tasks scheduled from follow-on schedule check
[2023-04-14 16:39:37,596] {taskinstance.py:1179} INFO - Dependencies all met for <TaskInstance: vic_investigacion_ETL.get_group_lac_data scheduled__2023-04-14T00:00:00+00:00 [queued]>
[2023-04-14 16:39:37,606] {taskinstance.py:1179} INFO - Dependencies all met for <TaskInstance: vic_investigacion_ETL.get_group_lac_data scheduled__2023-04-14T00:00:00+00:00 [queued]>
[2023-04-14 16:39:37,607] {taskinstance.py:1376} INFO - 
--------------------------------------------------------------------------------
[2023-04-14 16:39:37,608] {taskinstance.py:1377} INFO - Starting attempt 1 of 1
[2023-04-14 16:39:37,610] {taskinstance.py:1378} INFO - 
--------------------------------------------------------------------------------
[2023-04-14 16:39:37,621] {taskinstance.py:1397} INFO - Executing <Task(PythonOperator): get_group_lac_data> on 2023-04-14 00:00:00+00:00
[2023-04-14 16:39:37,636] {standard_task_runner.py:52} INFO - Started process 97 to run task
[2023-04-14 16:39:37,644] {standard_task_runner.py:79} INFO - Running: ['***', 'tasks', 'run', 'vic_investigacion_ETL', 'get_group_lac_data', 'scheduled__2023-04-14T00:00:00+00:00', '--job-id', '57', '--raw', '--subdir', 'DAGS_FOLDER/vic_investigacion_dag.py', '--cfg-path', '/tmp/tmp65kekzqd', '--error-file', '/tmp/tmpbpx9id01']
[2023-04-14 16:39:37,648] {standard_task_runner.py:80} INFO - Job 57: Subtask get_group_lac_data
[2023-04-14 16:39:37,739] {task_command.py:371} INFO - Running <TaskInstance: vic_investigacion_ETL.get_group_lac_data scheduled__2023-04-14T00:00:00+00:00 [running]> on host d1b5acf00b55
[2023-04-14 16:39:37,798] {taskinstance.py:1591} INFO - Exporting the following env vars:
AIRFLOW_CTX_DAG_OWNER=***
AIRFLOW_CTX_DAG_ID=vic_investigacion_ETL
AIRFLOW_CTX_TASK_ID=get_group_lac_data
AIRFLOW_CTX_EXECUTION_DATE=2023-04-14T00:00:00+00:00
AIRFLOW_CTX_TRY_NUMBER=1
AIRFLOW_CTX_DAG_RUN_ID=scheduled__2023-04-14T00:00:00+00:00
[2023-04-14 16:39:37,800] {logging_mixin.py:115} INFO - Getting GROUP LAC Data
[2023-04-14 16:39:37,801] {python.py:173} INFO - Done. Returned value was: None
[2023-04-14 16:39:37,812] {taskinstance.py:1420} INFO - Marking task as SUCCESS. dag_id=vic_investigacion_ETL, task_id=get_group_lac_data, execution_date=20230414T000000, start_date=20230414T163937, end_date=20230414T163937
[2023-04-14 16:39:37,858] {local_task_job.py:156} INFO - Task exited with return code 0
[2023-04-14 16:39:37,891] {local_task_job.py:273} INFO - 0 downstream tasks scheduled from follow-on schedule check
[2023-04-14 16:55:52,196] {taskinstance.py:1179} INFO - Dependencies all met for <TaskInstance: vic_investigacion_ETL.get_group_lac_data scheduled__2023-04-14T00:00:00+00:00 [queued]>
[2023-04-14 16:55:52,203] {taskinstance.py:1179} INFO - Dependencies all met for <TaskInstance: vic_investigacion_ETL.get_group_lac_data scheduled__2023-04-14T00:00:00+00:00 [queued]>
[2023-04-14 16:55:52,203] {taskinstance.py:1376} INFO - 
--------------------------------------------------------------------------------
[2023-04-14 16:55:52,204] {taskinstance.py:1377} INFO - Starting attempt 1 of 1
[2023-04-14 16:55:52,205] {taskinstance.py:1378} INFO - 
--------------------------------------------------------------------------------
[2023-04-14 16:55:52,212] {taskinstance.py:1397} INFO - Executing <Task(PythonOperator): get_group_lac_data> on 2023-04-14 00:00:00+00:00
[2023-04-14 16:55:52,218] {standard_task_runner.py:52} INFO - Started process 88 to run task
[2023-04-14 16:55:52,222] {standard_task_runner.py:79} INFO - Running: ['***', 'tasks', 'run', 'vic_investigacion_ETL', 'get_group_lac_data', 'scheduled__2023-04-14T00:00:00+00:00', '--job-id', '66', '--raw', '--subdir', 'DAGS_FOLDER/vic_investigacion_dag.py', '--cfg-path', '/tmp/tmphx_dvxtm', '--error-file', '/tmp/tmp7rlwgrdv']
[2023-04-14 16:55:52,223] {standard_task_runner.py:80} INFO - Job 66: Subtask get_group_lac_data
[2023-04-14 16:55:52,288] {task_command.py:371} INFO - Running <TaskInstance: vic_investigacion_ETL.get_group_lac_data scheduled__2023-04-14T00:00:00+00:00 [running]> on host 51874f25fd7b
[2023-04-14 16:55:52,342] {taskinstance.py:1591} INFO - Exporting the following env vars:
AIRFLOW_CTX_DAG_OWNER=***
AIRFLOW_CTX_DAG_ID=vic_investigacion_ETL
AIRFLOW_CTX_TASK_ID=get_group_lac_data
AIRFLOW_CTX_EXECUTION_DATE=2023-04-14T00:00:00+00:00
AIRFLOW_CTX_TRY_NUMBER=1
AIRFLOW_CTX_DAG_RUN_ID=scheduled__2023-04-14T00:00:00+00:00
[2023-04-14 16:55:52,344] {logging_mixin.py:115} INFO - Getting GROUP LAC Data
[2023-04-14 16:55:52,344] {python.py:173} INFO - Done. Returned value was: None
[2023-04-14 16:55:52,354] {taskinstance.py:1420} INFO - Marking task as SUCCESS. dag_id=vic_investigacion_ETL, task_id=get_group_lac_data, execution_date=20230414T000000, start_date=20230414T165552, end_date=20230414T165552
[2023-04-14 16:55:52,393] {local_task_job.py:156} INFO - Task exited with return code 0
[2023-04-14 16:55:52,426] {local_task_job.py:273} INFO - 0 downstream tasks scheduled from follow-on schedule check
[2023-05-31 23:29:31,571] {taskinstance.py:1179} INFO - Dependencies all met for <TaskInstance: vic_investigacion_ETL.get_group_lac_data scheduled__2023-04-14T00:00:00+00:00 [queued]>
[2023-05-31 23:29:31,578] {taskinstance.py:1179} INFO - Dependencies all met for <TaskInstance: vic_investigacion_ETL.get_group_lac_data scheduled__2023-04-14T00:00:00+00:00 [queued]>
[2023-05-31 23:29:31,579] {taskinstance.py:1376} INFO - 
--------------------------------------------------------------------------------
[2023-05-31 23:29:31,579] {taskinstance.py:1377} INFO - Starting attempt 1 of 1
[2023-05-31 23:29:31,580] {taskinstance.py:1378} INFO - 
--------------------------------------------------------------------------------
[2023-05-31 23:29:31,589] {taskinstance.py:1397} INFO - Executing <Task(ReadGroupLAC): get_group_lac_data> on 2023-04-14 00:00:00+00:00
[2023-05-31 23:29:31,595] {standard_task_runner.py:52} INFO - Started process 123 to run task
[2023-05-31 23:29:31,600] {standard_task_runner.py:79} INFO - Running: ['***', 'tasks', 'run', 'vic_investigacion_ETL', 'get_group_lac_data', 'scheduled__2023-04-14T00:00:00+00:00', '--job-id', '5', '--raw', '--subdir', 'DAGS_FOLDER/vic_investigacion_dag.py', '--cfg-path', '/tmp/tmpd2dxo1hs', '--error-file', '/tmp/tmpzbv5wb1_']
[2023-05-31 23:29:31,602] {standard_task_runner.py:80} INFO - Job 5: Subtask get_group_lac_data
[2023-05-31 23:29:31,682] {task_command.py:371} INFO - Running <TaskInstance: vic_investigacion_ETL.get_group_lac_data scheduled__2023-04-14T00:00:00+00:00 [running]> on host 5d9ccb732815
[2023-05-31 23:29:31,757] {taskinstance.py:1591} INFO - Exporting the following env vars:
AIRFLOW_CTX_DAG_OWNER=***
AIRFLOW_CTX_DAG_ID=vic_investigacion_ETL
AIRFLOW_CTX_TASK_ID=get_group_lac_data
AIRFLOW_CTX_EXECUTION_DATE=2023-04-14T00:00:00+00:00
AIRFLOW_CTX_TRY_NUMBER=1
AIRFLOW_CTX_DAG_RUN_ID=scheduled__2023-04-14T00:00:00+00:00
[2023-05-31 23:29:31,759] {logging_mixin.py:115} INFO - Getting Group LAC Data
[2023-05-31 23:29:32,058] {taskinstance.py:1420} INFO - Marking task as SUCCESS. dag_id=vic_investigacion_ETL, task_id=get_group_lac_data, execution_date=20230414T000000, start_date=20230531T232931, end_date=20230531T232932
[2023-05-31 23:29:32,299] {local_task_job.py:156} INFO - Task exited with return code 0
