[2023-07-05 01:11:49,211] {taskinstance.py:1179} INFO - Dependencies all met for <TaskInstance: vic_investigacion_ETL.upload_data_big_query manual__2023-07-05T01:11:44.701845+00:00 [queued]>
[2023-07-05 01:11:49,218] {taskinstance.py:1179} INFO - Dependencies all met for <TaskInstance: vic_investigacion_ETL.upload_data_big_query manual__2023-07-05T01:11:44.701845+00:00 [queued]>
[2023-07-05 01:11:49,218] {taskinstance.py:1376} INFO - 
--------------------------------------------------------------------------------
[2023-07-05 01:11:49,219] {taskinstance.py:1377} INFO - Starting attempt 1 of 1
[2023-07-05 01:11:49,219] {taskinstance.py:1378} INFO - 
--------------------------------------------------------------------------------
[2023-07-05 01:11:49,227] {taskinstance.py:1397} INFO - Executing <Task(ExportData): upload_data_big_query> on 2023-07-05 01:11:44.701845+00:00
[2023-07-05 01:11:49,232] {standard_task_runner.py:52} INFO - Started process 6591 to run task
[2023-07-05 01:11:49,235] {standard_task_runner.py:79} INFO - Running: ['***', 'tasks', 'run', 'vic_investigacion_ETL', 'upload_data_big_query', 'manual__2023-07-05T01:11:44.701845+00:00', '--job-id', '53', '--raw', '--subdir', 'DAGS_FOLDER/vic_investigacion_dag.py', '--cfg-path', '/tmp/tmpen3m0imp', '--error-file', '/tmp/tmpt4uifjkj']
[2023-07-05 01:11:49,237] {standard_task_runner.py:80} INFO - Job 53: Subtask upload_data_big_query
[2023-07-05 01:11:49,288] {task_command.py:371} INFO - Running <TaskInstance: vic_investigacion_ETL.upload_data_big_query manual__2023-07-05T01:11:44.701845+00:00 [running]> on host f4f0af373b5a
[2023-07-05 01:11:49,335] {taskinstance.py:1591} INFO - Exporting the following env vars:
AIRFLOW_CTX_DAG_OWNER=***
AIRFLOW_CTX_DAG_ID=vic_investigacion_ETL
AIRFLOW_CTX_TASK_ID=upload_data_big_query
AIRFLOW_CTX_EXECUTION_DATE=2023-07-05T01:11:44.701845+00:00
AIRFLOW_CTX_TRY_NUMBER=1
AIRFLOW_CTX_DAG_RUN_ID=manual__2023-07-05T01:11:44.701845+00:00
[2023-07-05 01:11:49,336] {logging_mixin.py:115} INFO - Exporting Data
[2023-07-05 01:11:49,337] {logging_mixin.py:115} INFO - /opt/***/data/to_upload/journals.xlsx
[2023-07-05 01:11:49,337] {logging_mixin.py:115} INFO - FileName: journals
[2023-07-05 01:11:49,793] {logging_mixin.py:115} INFO -        ISSN                              Name  ... Category Vigencia Minciencias
0  14741741         Nature Reviews Immunology  ...      NaN                  NaN
1  17401534       Nature Reviews Microbiology  ...      NaN                  NaN
2  17483395             Nature Nanotechnology  ...      NaN                  NaN
3  17545706  Energy and Environmental Science  ...      NaN                  NaN
4  0147006X     Annual Review of Neuroscience  ...      NaN                  NaN

[5 rows x 9 columns]
[2023-07-05 01:11:58,166] {logging_mixin.py:115} INFO - LoadJob<project=viceinvestigacion, location=US, id=4272999b-731f-41c0-b205-2e74679048f5>
[2023-07-05 01:11:58,173] {logging_mixin.py:115} INFO - /opt/***/data/to_upload/produccion_validada.csv
[2023-07-05 01:11:58,174] {logging_mixin.py:115} INFO - FileName: produccion_validada
[2023-07-05 01:11:58,410] {logging_mixin.py:115} INFO -                     Programa_de_creacion  ... Afiliacion_Citantes_Google_Scholar
0  Pregrado en Ciencia de la Información  ...                                NaN
1  Pregrado en Ciencia de la Información  ...                                NaN
2  Pregrado en Ciencia de la Información  ...                                NaN
3  Pregrado en Ciencia de la Información  ...                                NaN
4  Pregrado en Ciencia de la Información  ...                                NaN

[5 rows x 27 columns]
[2023-07-05 01:12:04,791] {logging_mixin.py:115} INFO - LoadJob<project=viceinvestigacion, location=US, id=6cb757e6-29f6-4980-9217-55fce91f1dd1>
[2023-07-05 01:12:04,793] {logging_mixin.py:115} INFO - /opt/***/data/to_upload/profesores_validados.csv
[2023-07-05 01:12:04,793] {logging_mixin.py:115} INFO - FileName: profesores_validados
[2023-07-05 01:12:04,805] {logging_mixin.py:115} INFO -   Observaciones                        Nombre  ... Tipo ID_Clínico
0           NaN         Juliana Atuesta Ortiz  ...  NaN        NaN
1           NaN  José Alejandro Convers Elias  ...  NaN        NaN
2           NaN   Catalina del Castillo Silva  ...  NaN        NaN
3           NaN    Sara Regina Fonseca García  ...  NaN        NaN
4           NaN       Eloisa Jaramillo Arango  ...  NaN        NaN

[5 rows x 15 columns]
[2023-07-05 01:12:07,919] {logging_mixin.py:115} INFO - LoadJob<project=viceinvestigacion, location=US, id=4afdee7e-5746-4eb9-8884-a60eb8426d12>
[2023-07-05 01:12:07,922] {logging_mixin.py:115} INFO - /opt/***/data/to_upload/profesores_validados_scopus_ids.csv
[2023-07-05 01:12:07,924] {logging_mixin.py:115} INFO - FileName: profesores_validados_scopus_ids
[2023-07-05 01:12:07,939] {logging_mixin.py:115} INFO -       Scopus_ID  ID_documento
0  1.340983e+10      79378553
1  1.404559e+10      19444788
2  1.502611e+10      39786577
3  1.503012e+10      74380875
4  1.575824e+10      98494191
[2023-07-05 01:12:12,695] {logging_mixin.py:115} INFO - LoadJob<project=viceinvestigacion, location=US, id=8b536a24-63d2-47f3-9476-efaf2bd52109>
[2023-07-05 01:12:12,735] {taskinstance.py:1420} INFO - Marking task as SUCCESS. dag_id=vic_investigacion_ETL, task_id=upload_data_big_query, execution_date=20230705T011144, start_date=20230705T011149, end_date=20230705T011212
[2023-07-05 01:12:12,922] {local_task_job.py:156} INFO - Task exited with return code 0
[2023-07-05 01:12:12,950] {local_task_job.py:273} INFO - 0 downstream tasks scheduled from follow-on schedule check
