[2023-04-17 14:58:58,309] {taskinstance.py:1179} INFO - Dependencies all met for <TaskInstance: vic_investigacion_ETL.get_scopus_data manual__2023-04-17T14:58:56.829852+00:00 [queued]>
[2023-04-17 14:58:58,316] {taskinstance.py:1179} INFO - Dependencies all met for <TaskInstance: vic_investigacion_ETL.get_scopus_data manual__2023-04-17T14:58:56.829852+00:00 [queued]>
[2023-04-17 14:58:58,316] {taskinstance.py:1376} INFO - 
--------------------------------------------------------------------------------
[2023-04-17 14:58:58,317] {taskinstance.py:1377} INFO - Starting attempt 1 of 1
[2023-04-17 14:58:58,317] {taskinstance.py:1378} INFO - 
--------------------------------------------------------------------------------
[2023-04-17 14:58:58,327] {taskinstance.py:1397} INFO - Executing <Task(ReadScopus): get_scopus_data> on 2023-04-17 14:58:56.829852+00:00
[2023-04-17 14:58:58,334] {standard_task_runner.py:52} INFO - Started process 96 to run task
[2023-04-17 14:58:58,342] {standard_task_runner.py:79} INFO - Running: ['***', 'tasks', 'run', 'vic_investigacion_ETL', 'get_scopus_data', 'manual__2023-04-17T14:58:56.829852+00:00', '--job-id', '162', '--raw', '--subdir', 'DAGS_FOLDER/vic_investigacion_dag.py', '--cfg-path', '/tmp/tmpf0keoayu', '--error-file', '/tmp/tmpgtrwpvpr']
[2023-04-17 14:58:58,348] {standard_task_runner.py:80} INFO - Job 162: Subtask get_scopus_data
[2023-04-17 14:58:58,473] {task_command.py:371} INFO - Running <TaskInstance: vic_investigacion_ETL.get_scopus_data manual__2023-04-17T14:58:56.829852+00:00 [running]> on host 6051ec54e0cc
[2023-04-17 14:58:58,548] {taskinstance.py:1591} INFO - Exporting the following env vars:
AIRFLOW_CTX_DAG_OWNER=***
AIRFLOW_CTX_DAG_ID=vic_investigacion_ETL
AIRFLOW_CTX_TASK_ID=get_scopus_data
AIRFLOW_CTX_EXECUTION_DATE=2023-04-17T14:58:56.829852+00:00
AIRFLOW_CTX_TRY_NUMBER=1
AIRFLOW_CTX_DAG_RUN_ID=manual__2023-04-17T14:58:56.829852+00:00
[2023-04-17 14:58:58,550] {logging_mixin.py:115} INFO - Getting Scopus Data
[2023-04-17 14:58:58,551] {logging_mixin.py:115} INFO - The api key is:  640ababb3eaaa3723c7cc11be848250b
[2023-04-17 14:58:58,552] {logging_mixin.py:115} INFO - DAG PATH:  /opt/***
[2023-04-17 14:58:58,857] {logging_mixin.py:115} INFO -        Cedula                       Nombre    Scopus_ID
0  52390079.0  Pomares Quimbaya Alexandra   24832026300
1         NaN  Carlos Andres Parra Acevedo  57212998692
[2023-04-17 14:58:59,114] {taskinstance.py:1420} INFO - Marking task as SUCCESS. dag_id=vic_investigacion_ETL, task_id=get_scopus_data, execution_date=20230417T145856, start_date=20230417T145858, end_date=20230417T145859
[2023-04-17 14:58:59,169] {local_task_job.py:156} INFO - Task exited with return code 0
[2023-04-17 14:58:59,206] {local_task_job.py:273} INFO - 1 downstream tasks scheduled from follow-on schedule check
