[2023-07-26 16:34:23,411] {taskinstance.py:1179} INFO - Dependencies all met for <TaskInstance: vic_investigacion_ETL.profesores_core_data manual__2023-07-26T16:34:21.319792+00:00 [queued]>
[2023-07-26 16:34:23,419] {taskinstance.py:1179} INFO - Dependencies all met for <TaskInstance: vic_investigacion_ETL.profesores_core_data manual__2023-07-26T16:34:21.319792+00:00 [queued]>
[2023-07-26 16:34:23,420] {taskinstance.py:1376} INFO - 
--------------------------------------------------------------------------------
[2023-07-26 16:34:23,420] {taskinstance.py:1377} INFO - Starting attempt 1 of 1
[2023-07-26 16:34:23,421] {taskinstance.py:1378} INFO - 
--------------------------------------------------------------------------------
[2023-07-26 16:34:23,429] {taskinstance.py:1397} INFO - Executing <Task(PrepareProfesoresData): profesores_core_data> on 2023-07-26 16:34:21.319792+00:00
[2023-07-26 16:34:23,439] {standard_task_runner.py:52} INFO - Started process 134 to run task
[2023-07-26 16:34:23,443] {standard_task_runner.py:79} INFO - Running: ['***', 'tasks', 'run', 'vic_investigacion_ETL', 'profesores_core_data', 'manual__2023-07-26T16:34:21.319792+00:00', '--job-id', '102', '--raw', '--subdir', 'DAGS_FOLDER/vic_investigacion_dag.py', '--cfg-path', '/tmp/tmpu6kgqz5l', '--error-file', '/tmp/tmph1pz_lkt']
[2023-07-26 16:34:23,446] {standard_task_runner.py:80} INFO - Job 102: Subtask profesores_core_data
[2023-07-26 16:34:23,547] {task_command.py:371} INFO - Running <TaskInstance: vic_investigacion_ETL.profesores_core_data manual__2023-07-26T16:34:21.319792+00:00 [running]> on host 6c8a51d4a614
[2023-07-26 16:34:23,621] {taskinstance.py:1591} INFO - Exporting the following env vars:
AIRFLOW_CTX_DAG_OWNER=***
AIRFLOW_CTX_DAG_ID=vic_investigacion_ETL
AIRFLOW_CTX_TASK_ID=profesores_core_data
AIRFLOW_CTX_EXECUTION_DATE=2023-07-26T16:34:21.319792+00:00
AIRFLOW_CTX_TRY_NUMBER=1
AIRFLOW_CTX_DAG_RUN_ID=manual__2023-07-26T16:34:21.319792+00:00
[2023-07-26 16:34:23,623] {logging_mixin.py:115} INFO - Preparing Profesores Core Data
[2023-07-26 16:34:31,402] {taskinstance.py:1420} INFO - Marking task as SUCCESS. dag_id=vic_investigacion_ETL, task_id=profesores_core_data, execution_date=20230726T163421, start_date=20230726T163423, end_date=20230726T163431
[2023-07-26 16:34:31,486] {local_task_job.py:156} INFO - Task exited with return code 0
