[2023-04-24 16:14:27,136] {taskinstance.py:1179} INFO - Dependencies all met for <TaskInstance: vic_investigacion_ETL.get_group_lac_data manual__2023-04-24T16:14:25.389972+00:00 [queued]>
[2023-04-24 16:14:27,143] {taskinstance.py:1179} INFO - Dependencies all met for <TaskInstance: vic_investigacion_ETL.get_group_lac_data manual__2023-04-24T16:14:25.389972+00:00 [queued]>
[2023-04-24 16:14:27,144] {taskinstance.py:1376} INFO - 
--------------------------------------------------------------------------------
[2023-04-24 16:14:27,145] {taskinstance.py:1377} INFO - Starting attempt 1 of 1
[2023-04-24 16:14:27,145] {taskinstance.py:1378} INFO - 
--------------------------------------------------------------------------------
[2023-04-24 16:14:27,155] {taskinstance.py:1397} INFO - Executing <Task(ReadGroupLAC): get_group_lac_data> on 2023-04-24 16:14:25.389972+00:00
[2023-04-24 16:14:27,250] {standard_task_runner.py:52} INFO - Started process 2457 to run task
[2023-04-24 16:14:27,348] {standard_task_runner.py:79} INFO - Running: ['***', 'tasks', 'run', 'vic_investigacion_ETL', 'get_group_lac_data', 'manual__2023-04-24T16:14:25.389972+00:00', '--job-id', '284', '--raw', '--subdir', 'DAGS_FOLDER/vic_investigacion_dag.py', '--cfg-path', '/tmp/tmp_k5qzw2p', '--error-file', '/tmp/tmp3aqx1syo']
[2023-04-24 16:14:27,390] {standard_task_runner.py:80} INFO - Job 284: Subtask get_group_lac_data
[2023-04-24 16:14:27,654] {task_command.py:371} INFO - Running <TaskInstance: vic_investigacion_ETL.get_group_lac_data manual__2023-04-24T16:14:25.389972+00:00 [running]> on host b136a0a45498
[2023-04-24 16:14:27,767] {taskinstance.py:1591} INFO - Exporting the following env vars:
AIRFLOW_CTX_DAG_OWNER=***
AIRFLOW_CTX_DAG_ID=vic_investigacion_ETL
AIRFLOW_CTX_TASK_ID=get_group_lac_data
AIRFLOW_CTX_EXECUTION_DATE=2023-04-24T16:14:25.389972+00:00
AIRFLOW_CTX_TRY_NUMBER=1
AIRFLOW_CTX_DAG_RUN_ID=manual__2023-04-24T16:14:25.389972+00:00
[2023-04-24 16:14:27,771] {logging_mixin.py:115} INFO - Getting Group LAC Data
[2023-04-24 16:14:27,789] {taskinstance.py:1420} INFO - Marking task as SUCCESS. dag_id=vic_investigacion_ETL, task_id=get_group_lac_data, execution_date=20230424T161425, start_date=20230424T161427, end_date=20230424T161427
[2023-04-24 16:14:27,821] {local_task_job.py:156} INFO - Task exited with return code 0
