[2023-04-17 15:06:57,288] {taskinstance.py:1179} INFO - Dependencies all met for <TaskInstance: vic_investigacion_ETL.get_wos_data manual__2023-04-17T15:06:56.158157+00:00 [queued]>
[2023-04-17 15:06:57,296] {taskinstance.py:1179} INFO - Dependencies all met for <TaskInstance: vic_investigacion_ETL.get_wos_data manual__2023-04-17T15:06:56.158157+00:00 [queued]>
[2023-04-17 15:06:57,296] {taskinstance.py:1376} INFO - 
--------------------------------------------------------------------------------
[2023-04-17 15:06:57,297] {taskinstance.py:1377} INFO - Starting attempt 1 of 1
[2023-04-17 15:06:57,298] {taskinstance.py:1378} INFO - 
--------------------------------------------------------------------------------
[2023-04-17 15:06:57,309] {taskinstance.py:1397} INFO - Executing <Task(PythonOperator): get_wos_data> on 2023-04-17 15:06:56.158157+00:00
[2023-04-17 15:06:57,327] {standard_task_runner.py:52} INFO - Started process 529 to run task
[2023-04-17 15:06:57,333] {standard_task_runner.py:79} INFO - Running: ['***', 'tasks', 'run', 'vic_investigacion_ETL', 'get_wos_data', 'manual__2023-04-17T15:06:56.158157+00:00', '--job-id', '176', '--raw', '--subdir', 'DAGS_FOLDER/vic_investigacion_dag.py', '--cfg-path', '/tmp/tmpoecmw5fd', '--error-file', '/tmp/tmp385t03di']
[2023-04-17 15:06:57,336] {standard_task_runner.py:80} INFO - Job 176: Subtask get_wos_data
[2023-04-17 15:06:57,459] {task_command.py:371} INFO - Running <TaskInstance: vic_investigacion_ETL.get_wos_data manual__2023-04-17T15:06:56.158157+00:00 [running]> on host 6051ec54e0cc
[2023-04-17 15:06:57,537] {taskinstance.py:1591} INFO - Exporting the following env vars:
AIRFLOW_CTX_DAG_OWNER=***
AIRFLOW_CTX_DAG_ID=vic_investigacion_ETL
AIRFLOW_CTX_TASK_ID=get_wos_data
AIRFLOW_CTX_EXECUTION_DATE=2023-04-17T15:06:56.158157+00:00
AIRFLOW_CTX_TRY_NUMBER=1
AIRFLOW_CTX_DAG_RUN_ID=manual__2023-04-17T15:06:56.158157+00:00
[2023-04-17 15:06:57,538] {logging_mixin.py:115} INFO - Getting WOS Data
[2023-04-17 15:06:57,539] {python.py:173} INFO - Done. Returned value was: None
[2023-04-17 15:06:57,558] {taskinstance.py:1420} INFO - Marking task as SUCCESS. dag_id=vic_investigacion_ETL, task_id=get_wos_data, execution_date=20230417T150656, start_date=20230417T150657, end_date=20230417T150657
[2023-04-17 15:06:57,587] {local_task_job.py:156} INFO - Task exited with return code 0
[2023-04-17 15:06:57,629] {local_task_job.py:273} INFO - 0 downstream tasks scheduled from follow-on schedule check
