[2023-06-01 00:49:15,000] {taskinstance.py:1179} INFO - Dependencies all met for <TaskInstance: vic_investigacion_ETL.upload_data_big_query manual__2023-06-01T00:49:12.901499+00:00 [queued]>
[2023-06-01 00:49:15,015] {taskinstance.py:1179} INFO - Dependencies all met for <TaskInstance: vic_investigacion_ETL.upload_data_big_query manual__2023-06-01T00:49:12.901499+00:00 [queued]>
[2023-06-01 00:49:15,017] {taskinstance.py:1376} INFO - 
--------------------------------------------------------------------------------
[2023-06-01 00:49:15,019] {taskinstance.py:1377} INFO - Starting attempt 1 of 1
[2023-06-01 00:49:15,019] {taskinstance.py:1378} INFO - 
--------------------------------------------------------------------------------
[2023-06-01 00:49:15,036] {taskinstance.py:1397} INFO - Executing <Task(ExportData): upload_data_big_query> on 2023-06-01 00:49:12.901499+00:00
[2023-06-01 00:49:15,045] {standard_task_runner.py:52} INFO - Started process 993 to run task
[2023-06-01 00:49:15,051] {standard_task_runner.py:79} INFO - Running: ['***', 'tasks', 'run', 'vic_investigacion_ETL', 'upload_data_big_query', 'manual__2023-06-01T00:49:12.901499+00:00', '--job-id', '110', '--raw', '--subdir', 'DAGS_FOLDER/vic_investigacion_dag.py', '--cfg-path', '/tmp/tmpngbxvwfq', '--error-file', '/tmp/tmppeuilouw']
[2023-06-01 00:49:15,055] {standard_task_runner.py:80} INFO - Job 110: Subtask upload_data_big_query
[2023-06-01 00:49:15,313] {task_command.py:371} INFO - Running <TaskInstance: vic_investigacion_ETL.upload_data_big_query manual__2023-06-01T00:49:12.901499+00:00 [running]> on host 5d9ccb732815
[2023-06-01 00:49:15,453] {taskinstance.py:1591} INFO - Exporting the following env vars:
AIRFLOW_CTX_DAG_OWNER=***
AIRFLOW_CTX_DAG_ID=vic_investigacion_ETL
AIRFLOW_CTX_TASK_ID=upload_data_big_query
AIRFLOW_CTX_EXECUTION_DATE=2023-06-01T00:49:12.901499+00:00
AIRFLOW_CTX_TRY_NUMBER=1
AIRFLOW_CTX_DAG_RUN_ID=manual__2023-06-01T00:49:12.901499+00:00
[2023-06-01 00:49:15,455] {logging_mixin.py:115} INFO - Exporting Data
[2023-06-01 00:49:15,460] {logging_mixin.py:115} INFO - /opt/***/data/scopus/to_upload_data/authors_join.csv
[2023-06-01 00:49:19,300] {logging_mixin.py:115} INFO - LoadJob<project=viceinvestigacion, location=US, id=751c0009-1f68-4e3c-b1cf-28a7d17ff78b>
[2023-06-01 00:49:19,302] {logging_mixin.py:115} INFO - /opt/***/data/scopus/to_upload_data/subject_areas.csv
[2023-06-01 00:49:25,027] {logging_mixin.py:115} INFO - LoadJob<project=viceinvestigacion, location=US, id=e35381fa-80a4-40ad-aadc-73f2f071853a>
[2023-06-01 00:49:25,236] {taskinstance.py:1420} INFO - Marking task as SUCCESS. dag_id=vic_investigacion_ETL, task_id=upload_data_big_query, execution_date=20230601T004912, start_date=20230601T004915, end_date=20230601T004925
[2023-06-01 00:49:25,313] {local_task_job.py:156} INFO - Task exited with return code 0
[2023-06-01 00:49:25,336] {local_task_job.py:273} INFO - 0 downstream tasks scheduled from follow-on schedule check
