[2023-06-01 01:59:01,745] {taskinstance.py:1179} INFO - Dependencies all met for <TaskInstance: vic_investigacion_ETL.get_wos_data manual__2023-06-01T01:58:59.752934+00:00 [queued]>
[2023-06-01 01:59:01,758] {taskinstance.py:1179} INFO - Dependencies all met for <TaskInstance: vic_investigacion_ETL.get_wos_data manual__2023-06-01T01:58:59.752934+00:00 [queued]>
[2023-06-01 01:59:01,760] {taskinstance.py:1376} INFO - 
--------------------------------------------------------------------------------
[2023-06-01 01:59:01,761] {taskinstance.py:1377} INFO - Starting attempt 1 of 1
[2023-06-01 01:59:01,763] {taskinstance.py:1378} INFO - 
--------------------------------------------------------------------------------
[2023-06-01 01:59:01,776] {taskinstance.py:1397} INFO - Executing <Task(ReadWOS): get_wos_data> on 2023-06-01 01:58:59.752934+00:00
[2023-06-01 01:59:01,782] {standard_task_runner.py:52} INFO - Started process 4637 to run task
[2023-06-01 01:59:01,787] {standard_task_runner.py:79} INFO - Running: ['***', 'tasks', 'run', 'vic_investigacion_ETL', 'get_wos_data', 'manual__2023-06-01T01:58:59.752934+00:00', '--job-id', '178', '--raw', '--subdir', 'DAGS_FOLDER/vic_investigacion_dag.py', '--cfg-path', '/tmp/tmp2wwf2ga_', '--error-file', '/tmp/tmpi3kxb4_x']
[2023-06-01 01:59:01,789] {standard_task_runner.py:80} INFO - Job 178: Subtask get_wos_data
[2023-06-01 01:59:01,896] {task_command.py:371} INFO - Running <TaskInstance: vic_investigacion_ETL.get_wos_data manual__2023-06-01T01:58:59.752934+00:00 [running]> on host 5d9ccb732815
[2023-06-01 01:59:02,036] {taskinstance.py:1591} INFO - Exporting the following env vars:
AIRFLOW_CTX_DAG_OWNER=***
AIRFLOW_CTX_DAG_ID=vic_investigacion_ETL
AIRFLOW_CTX_TASK_ID=get_wos_data
AIRFLOW_CTX_EXECUTION_DATE=2023-06-01T01:58:59.752934+00:00
AIRFLOW_CTX_TRY_NUMBER=1
AIRFLOW_CTX_DAG_RUN_ID=manual__2023-06-01T01:58:59.752934+00:00
[2023-06-01 01:59:02,041] {logging_mixin.py:115} INFO - Getting WOS Data
[2023-06-01 01:59:02,087] {taskinstance.py:1420} INFO - Marking task as SUCCESS. dag_id=vic_investigacion_ETL, task_id=get_wos_data, execution_date=20230601T015859, start_date=20230601T015901, end_date=20230601T015902
[2023-06-01 01:59:02,123] {local_task_job.py:156} INFO - Task exited with return code 0
[2023-06-01 01:59:02,175] {local_task_job.py:273} INFO - 0 downstream tasks scheduled from follow-on schedule check
