[2023-06-07 13:34:35,911] {taskinstance.py:1179} INFO - Dependencies all met for <TaskInstance: vic_investigacion_ETL.get_scopus_data manual__2023-06-07T13:34:33.516806+00:00 [queued]>
[2023-06-07 13:34:35,918] {taskinstance.py:1179} INFO - Dependencies all met for <TaskInstance: vic_investigacion_ETL.get_scopus_data manual__2023-06-07T13:34:33.516806+00:00 [queued]>
[2023-06-07 13:34:35,919] {taskinstance.py:1376} INFO - 
--------------------------------------------------------------------------------
[2023-06-07 13:34:35,919] {taskinstance.py:1377} INFO - Starting attempt 1 of 1
[2023-06-07 13:34:35,920] {taskinstance.py:1378} INFO - 
--------------------------------------------------------------------------------
[2023-06-07 13:34:35,928] {taskinstance.py:1397} INFO - Executing <Task(ReadScopus): get_scopus_data> on 2023-06-07 13:34:33.516806+00:00
[2023-06-07 13:34:35,936] {standard_task_runner.py:52} INFO - Started process 242 to run task
[2023-06-07 13:34:35,945] {standard_task_runner.py:79} INFO - Running: ['***', 'tasks', 'run', 'vic_investigacion_ETL', 'get_scopus_data', 'manual__2023-06-07T13:34:33.516806+00:00', '--job-id', '314', '--raw', '--subdir', 'DAGS_FOLDER/vic_investigacion_dag.py', '--cfg-path', '/tmp/tmpktirwv_t', '--error-file', '/tmp/tmpglnk75mk']
[2023-06-07 13:34:35,947] {standard_task_runner.py:80} INFO - Job 314: Subtask get_scopus_data
[2023-06-07 13:34:36,034] {task_command.py:371} INFO - Running <TaskInstance: vic_investigacion_ETL.get_scopus_data manual__2023-06-07T13:34:33.516806+00:00 [running]> on host ad8fd2023d13
[2023-06-07 13:34:36,085] {taskinstance.py:1591} INFO - Exporting the following env vars:
AIRFLOW_CTX_DAG_OWNER=***
AIRFLOW_CTX_DAG_ID=vic_investigacion_ETL
AIRFLOW_CTX_TASK_ID=get_scopus_data
AIRFLOW_CTX_EXECUTION_DATE=2023-06-07T13:34:33.516806+00:00
AIRFLOW_CTX_TRY_NUMBER=1
AIRFLOW_CTX_DAG_RUN_ID=manual__2023-06-07T13:34:33.516806+00:00
[2023-06-07 13:34:36,086] {logging_mixin.py:115} INFO - Getting Scopus Data
[2023-06-07 13:34:36,087] {logging_mixin.py:115} INFO - The api key is:  640ababb3eaaa3723c7cc11be848250b
[2023-06-07 13:34:36,098] {taskinstance.py:1420} INFO - Marking task as SUCCESS. dag_id=vic_investigacion_ETL, task_id=get_scopus_data, execution_date=20230607T133433, start_date=20230607T133435, end_date=20230607T133436
[2023-06-07 13:34:36,118] {local_task_job.py:156} INFO - Task exited with return code 0
