[2023-08-01 22:56:10,418] {processor.py:153} INFO - Started process (PID=65) to work on /opt/airflow/dags/export_data_operator.py
[2023-08-01 22:56:10,423] {processor.py:641} INFO - Processing file /opt/airflow/dags/export_data_operator.py for tasks to queue
[2023-08-01 22:56:10,446] {logging_mixin.py:115} INFO - [2023-08-01 22:56:10,446] {dagbag.py:508} INFO - Filling up the DagBag from /opt/airflow/dags/export_data_operator.py
[2023-08-01 22:56:11,292] {processor.py:653} WARNING - No viable dags retrieved from /opt/airflow/dags/export_data_operator.py
[2023-08-01 22:56:11,336] {processor.py:161} INFO - Processing /opt/airflow/dags/export_data_operator.py took 0.922 seconds
[2023-08-01 22:56:41,975] {processor.py:153} INFO - Started process (PID=122) to work on /opt/airflow/dags/export_data_operator.py
[2023-08-01 22:56:41,977] {processor.py:641} INFO - Processing file /opt/airflow/dags/export_data_operator.py for tasks to queue
[2023-08-01 22:56:41,978] {logging_mixin.py:115} INFO - [2023-08-01 22:56:41,978] {dagbag.py:508} INFO - Filling up the DagBag from /opt/airflow/dags/export_data_operator.py
[2023-08-01 22:56:42,249] {processor.py:653} WARNING - No viable dags retrieved from /opt/airflow/dags/export_data_operator.py
[2023-08-01 22:56:42,261] {processor.py:161} INFO - Processing /opt/airflow/dags/export_data_operator.py took 0.289 seconds
[2023-08-01 22:57:12,448] {processor.py:153} INFO - Started process (PID=179) to work on /opt/airflow/dags/export_data_operator.py
[2023-08-01 22:57:12,449] {processor.py:641} INFO - Processing file /opt/airflow/dags/export_data_operator.py for tasks to queue
[2023-08-01 22:57:12,450] {logging_mixin.py:115} INFO - [2023-08-01 22:57:12,450] {dagbag.py:508} INFO - Filling up the DagBag from /opt/airflow/dags/export_data_operator.py
[2023-08-01 22:57:12,761] {processor.py:653} WARNING - No viable dags retrieved from /opt/airflow/dags/export_data_operator.py
[2023-08-01 22:57:12,773] {processor.py:161} INFO - Processing /opt/airflow/dags/export_data_operator.py took 0.328 seconds
[2023-08-01 22:57:43,219] {processor.py:153} INFO - Started process (PID=236) to work on /opt/airflow/dags/export_data_operator.py
[2023-08-01 22:57:43,220] {processor.py:641} INFO - Processing file /opt/airflow/dags/export_data_operator.py for tasks to queue
[2023-08-01 22:57:43,221] {logging_mixin.py:115} INFO - [2023-08-01 22:57:43,221] {dagbag.py:508} INFO - Filling up the DagBag from /opt/airflow/dags/export_data_operator.py
[2023-08-01 22:57:43,600] {processor.py:653} WARNING - No viable dags retrieved from /opt/airflow/dags/export_data_operator.py
[2023-08-01 22:57:43,616] {processor.py:161} INFO - Processing /opt/airflow/dags/export_data_operator.py took 0.400 seconds
[2023-08-01 22:58:13,895] {processor.py:153} INFO - Started process (PID=284) to work on /opt/airflow/dags/export_data_operator.py
[2023-08-01 22:58:13,897] {processor.py:641} INFO - Processing file /opt/airflow/dags/export_data_operator.py for tasks to queue
[2023-08-01 22:58:13,898] {logging_mixin.py:115} INFO - [2023-08-01 22:58:13,898] {dagbag.py:508} INFO - Filling up the DagBag from /opt/airflow/dags/export_data_operator.py
[2023-08-01 22:58:14,200] {processor.py:653} WARNING - No viable dags retrieved from /opt/airflow/dags/export_data_operator.py
[2023-08-01 22:58:14,213] {processor.py:161} INFO - Processing /opt/airflow/dags/export_data_operator.py took 0.322 seconds
[2023-08-01 22:58:44,916] {processor.py:153} INFO - Started process (PID=342) to work on /opt/airflow/dags/export_data_operator.py
[2023-08-01 22:58:44,917] {processor.py:641} INFO - Processing file /opt/airflow/dags/export_data_operator.py for tasks to queue
[2023-08-01 22:58:44,918] {logging_mixin.py:115} INFO - [2023-08-01 22:58:44,918] {dagbag.py:508} INFO - Filling up the DagBag from /opt/airflow/dags/export_data_operator.py
[2023-08-01 22:58:45,356] {processor.py:653} WARNING - No viable dags retrieved from /opt/airflow/dags/export_data_operator.py
[2023-08-01 22:58:45,372] {processor.py:161} INFO - Processing /opt/airflow/dags/export_data_operator.py took 0.460 seconds
[2023-08-01 22:59:15,803] {processor.py:153} INFO - Started process (PID=399) to work on /opt/airflow/dags/export_data_operator.py
[2023-08-01 22:59:15,804] {processor.py:641} INFO - Processing file /opt/airflow/dags/export_data_operator.py for tasks to queue
[2023-08-01 22:59:15,805] {logging_mixin.py:115} INFO - [2023-08-01 22:59:15,805] {dagbag.py:508} INFO - Filling up the DagBag from /opt/airflow/dags/export_data_operator.py
[2023-08-01 22:59:16,360] {processor.py:653} WARNING - No viable dags retrieved from /opt/airflow/dags/export_data_operator.py
[2023-08-01 22:59:16,381] {processor.py:161} INFO - Processing /opt/airflow/dags/export_data_operator.py took 0.582 seconds
[2023-08-01 22:59:46,671] {processor.py:153} INFO - Started process (PID=456) to work on /opt/airflow/dags/export_data_operator.py
[2023-08-01 22:59:46,672] {processor.py:641} INFO - Processing file /opt/airflow/dags/export_data_operator.py for tasks to queue
[2023-08-01 22:59:46,673] {logging_mixin.py:115} INFO - [2023-08-01 22:59:46,673] {dagbag.py:508} INFO - Filling up the DagBag from /opt/airflow/dags/export_data_operator.py
[2023-08-01 22:59:47,236] {processor.py:653} WARNING - No viable dags retrieved from /opt/airflow/dags/export_data_operator.py
[2023-08-01 22:59:47,258] {processor.py:161} INFO - Processing /opt/airflow/dags/export_data_operator.py took 0.590 seconds
[2023-08-01 23:00:17,718] {processor.py:153} INFO - Started process (PID=504) to work on /opt/airflow/dags/export_data_operator.py
[2023-08-01 23:00:17,719] {processor.py:641} INFO - Processing file /opt/airflow/dags/export_data_operator.py for tasks to queue
[2023-08-01 23:00:17,721] {logging_mixin.py:115} INFO - [2023-08-01 23:00:17,720] {dagbag.py:508} INFO - Filling up the DagBag from /opt/airflow/dags/export_data_operator.py
[2023-08-01 23:00:18,022] {processor.py:653} WARNING - No viable dags retrieved from /opt/airflow/dags/export_data_operator.py
[2023-08-01 23:00:18,033] {processor.py:161} INFO - Processing /opt/airflow/dags/export_data_operator.py took 0.320 seconds
[2023-08-01 23:00:48,402] {processor.py:153} INFO - Started process (PID=561) to work on /opt/airflow/dags/export_data_operator.py
[2023-08-01 23:00:48,403] {processor.py:641} INFO - Processing file /opt/airflow/dags/export_data_operator.py for tasks to queue
[2023-08-01 23:00:48,404] {logging_mixin.py:115} INFO - [2023-08-01 23:00:48,404] {dagbag.py:508} INFO - Filling up the DagBag from /opt/airflow/dags/export_data_operator.py
[2023-08-01 23:00:48,698] {processor.py:653} WARNING - No viable dags retrieved from /opt/airflow/dags/export_data_operator.py
[2023-08-01 23:00:48,711] {processor.py:161} INFO - Processing /opt/airflow/dags/export_data_operator.py took 0.313 seconds
[2023-08-01 23:01:19,002] {processor.py:153} INFO - Started process (PID=619) to work on /opt/airflow/dags/export_data_operator.py
[2023-08-01 23:01:19,003] {processor.py:641} INFO - Processing file /opt/airflow/dags/export_data_operator.py for tasks to queue
[2023-08-01 23:01:19,005] {logging_mixin.py:115} INFO - [2023-08-01 23:01:19,005] {dagbag.py:508} INFO - Filling up the DagBag from /opt/airflow/dags/export_data_operator.py
[2023-08-01 23:01:19,276] {processor.py:653} WARNING - No viable dags retrieved from /opt/airflow/dags/export_data_operator.py
[2023-08-01 23:01:19,287] {processor.py:161} INFO - Processing /opt/airflow/dags/export_data_operator.py took 0.287 seconds
[2023-08-01 23:01:49,469] {processor.py:153} INFO - Started process (PID=677) to work on /opt/airflow/dags/export_data_operator.py
[2023-08-01 23:01:49,470] {processor.py:641} INFO - Processing file /opt/airflow/dags/export_data_operator.py for tasks to queue
[2023-08-01 23:01:49,471] {logging_mixin.py:115} INFO - [2023-08-01 23:01:49,471] {dagbag.py:508} INFO - Filling up the DagBag from /opt/airflow/dags/export_data_operator.py
[2023-08-01 23:01:49,751] {processor.py:653} WARNING - No viable dags retrieved from /opt/airflow/dags/export_data_operator.py
[2023-08-01 23:01:49,762] {processor.py:161} INFO - Processing /opt/airflow/dags/export_data_operator.py took 0.295 seconds
[2023-08-01 23:02:20,366] {processor.py:153} INFO - Started process (PID=725) to work on /opt/airflow/dags/export_data_operator.py
[2023-08-01 23:02:20,367] {processor.py:641} INFO - Processing file /opt/airflow/dags/export_data_operator.py for tasks to queue
[2023-08-01 23:02:20,368] {logging_mixin.py:115} INFO - [2023-08-01 23:02:20,368] {dagbag.py:508} INFO - Filling up the DagBag from /opt/airflow/dags/export_data_operator.py
[2023-08-01 23:02:20,668] {processor.py:653} WARNING - No viable dags retrieved from /opt/airflow/dags/export_data_operator.py
[2023-08-01 23:02:20,679] {processor.py:161} INFO - Processing /opt/airflow/dags/export_data_operator.py took 0.315 seconds
[2023-08-01 23:02:51,425] {processor.py:153} INFO - Started process (PID=783) to work on /opt/airflow/dags/export_data_operator.py
[2023-08-01 23:02:51,426] {processor.py:641} INFO - Processing file /opt/airflow/dags/export_data_operator.py for tasks to queue
[2023-08-01 23:02:51,427] {logging_mixin.py:115} INFO - [2023-08-01 23:02:51,427] {dagbag.py:508} INFO - Filling up the DagBag from /opt/airflow/dags/export_data_operator.py
[2023-08-01 23:02:51,690] {processor.py:653} WARNING - No viable dags retrieved from /opt/airflow/dags/export_data_operator.py
[2023-08-01 23:02:51,701] {processor.py:161} INFO - Processing /opt/airflow/dags/export_data_operator.py took 0.278 seconds
[2023-08-01 23:03:22,333] {processor.py:153} INFO - Started process (PID=841) to work on /opt/airflow/dags/export_data_operator.py
[2023-08-01 23:03:22,334] {processor.py:641} INFO - Processing file /opt/airflow/dags/export_data_operator.py for tasks to queue
[2023-08-01 23:03:22,335] {logging_mixin.py:115} INFO - [2023-08-01 23:03:22,335] {dagbag.py:508} INFO - Filling up the DagBag from /opt/airflow/dags/export_data_operator.py
[2023-08-01 23:03:22,597] {processor.py:653} WARNING - No viable dags retrieved from /opt/airflow/dags/export_data_operator.py
[2023-08-01 23:03:22,609] {processor.py:161} INFO - Processing /opt/airflow/dags/export_data_operator.py took 0.278 seconds
[2023-08-01 23:03:53,944] {processor.py:153} INFO - Started process (PID=898) to work on /opt/airflow/dags/export_data_operator.py
[2023-08-01 23:03:53,945] {processor.py:641} INFO - Processing file /opt/airflow/dags/export_data_operator.py for tasks to queue
[2023-08-01 23:03:53,946] {logging_mixin.py:115} INFO - [2023-08-01 23:03:53,946] {dagbag.py:508} INFO - Filling up the DagBag from /opt/airflow/dags/export_data_operator.py
[2023-08-01 23:03:54,211] {processor.py:653} WARNING - No viable dags retrieved from /opt/airflow/dags/export_data_operator.py
[2023-08-01 23:03:54,222] {processor.py:161} INFO - Processing /opt/airflow/dags/export_data_operator.py took 0.281 seconds
[2023-08-01 23:04:25,509] {processor.py:153} INFO - Started process (PID=956) to work on /opt/airflow/dags/export_data_operator.py
[2023-08-01 23:04:25,510] {processor.py:641} INFO - Processing file /opt/airflow/dags/export_data_operator.py for tasks to queue
[2023-08-01 23:04:25,511] {logging_mixin.py:115} INFO - [2023-08-01 23:04:25,511] {dagbag.py:508} INFO - Filling up the DagBag from /opt/airflow/dags/export_data_operator.py
[2023-08-01 23:04:25,799] {processor.py:653} WARNING - No viable dags retrieved from /opt/airflow/dags/export_data_operator.py
[2023-08-01 23:04:25,813] {processor.py:161} INFO - Processing /opt/airflow/dags/export_data_operator.py took 0.307 seconds
[2023-08-01 23:04:56,772] {processor.py:153} INFO - Started process (PID=1010) to work on /opt/airflow/dags/export_data_operator.py
[2023-08-01 23:04:56,774] {processor.py:641} INFO - Processing file /opt/airflow/dags/export_data_operator.py for tasks to queue
[2023-08-01 23:04:56,775] {logging_mixin.py:115} INFO - [2023-08-01 23:04:56,774] {dagbag.py:508} INFO - Filling up the DagBag from /opt/airflow/dags/export_data_operator.py
[2023-08-01 23:04:57,156] {processor.py:653} WARNING - No viable dags retrieved from /opt/airflow/dags/export_data_operator.py
[2023-08-01 23:04:57,178] {processor.py:161} INFO - Processing /opt/airflow/dags/export_data_operator.py took 0.408 seconds
[2023-08-01 23:05:28,078] {processor.py:153} INFO - Started process (PID=1067) to work on /opt/airflow/dags/export_data_operator.py
[2023-08-01 23:05:28,080] {processor.py:641} INFO - Processing file /opt/airflow/dags/export_data_operator.py for tasks to queue
[2023-08-01 23:05:28,082] {logging_mixin.py:115} INFO - [2023-08-01 23:05:28,082] {dagbag.py:508} INFO - Filling up the DagBag from /opt/airflow/dags/export_data_operator.py
[2023-08-01 23:05:28,431] {processor.py:653} WARNING - No viable dags retrieved from /opt/airflow/dags/export_data_operator.py
[2023-08-01 23:05:28,447] {processor.py:161} INFO - Processing /opt/airflow/dags/export_data_operator.py took 0.372 seconds
[2023-08-01 23:05:59,142] {processor.py:153} INFO - Started process (PID=1116) to work on /opt/airflow/dags/export_data_operator.py
[2023-08-01 23:05:59,143] {processor.py:641} INFO - Processing file /opt/airflow/dags/export_data_operator.py for tasks to queue
[2023-08-01 23:05:59,144] {logging_mixin.py:115} INFO - [2023-08-01 23:05:59,144] {dagbag.py:508} INFO - Filling up the DagBag from /opt/airflow/dags/export_data_operator.py
[2023-08-01 23:05:59,425] {processor.py:653} WARNING - No viable dags retrieved from /opt/airflow/dags/export_data_operator.py
[2023-08-01 23:05:59,437] {processor.py:161} INFO - Processing /opt/airflow/dags/export_data_operator.py took 0.298 seconds
[2023-08-01 23:06:30,033] {processor.py:153} INFO - Started process (PID=1173) to work on /opt/airflow/dags/export_data_operator.py
[2023-08-01 23:06:30,034] {processor.py:641} INFO - Processing file /opt/airflow/dags/export_data_operator.py for tasks to queue
[2023-08-01 23:06:30,035] {logging_mixin.py:115} INFO - [2023-08-01 23:06:30,035] {dagbag.py:508} INFO - Filling up the DagBag from /opt/airflow/dags/export_data_operator.py
[2023-08-01 23:06:30,336] {processor.py:653} WARNING - No viable dags retrieved from /opt/airflow/dags/export_data_operator.py
[2023-08-01 23:06:30,348] {processor.py:161} INFO - Processing /opt/airflow/dags/export_data_operator.py took 0.318 seconds
[2023-08-01 23:07:00,860] {processor.py:153} INFO - Started process (PID=1232) to work on /opt/airflow/dags/export_data_operator.py
[2023-08-01 23:07:00,862] {processor.py:641} INFO - Processing file /opt/airflow/dags/export_data_operator.py for tasks to queue
[2023-08-01 23:07:00,862] {logging_mixin.py:115} INFO - [2023-08-01 23:07:00,862] {dagbag.py:508} INFO - Filling up the DagBag from /opt/airflow/dags/export_data_operator.py
[2023-08-01 23:07:01,173] {processor.py:653} WARNING - No viable dags retrieved from /opt/airflow/dags/export_data_operator.py
[2023-08-01 23:07:01,184] {processor.py:161} INFO - Processing /opt/airflow/dags/export_data_operator.py took 0.327 seconds
[2023-08-01 23:07:31,823] {processor.py:153} INFO - Started process (PID=1289) to work on /opt/airflow/dags/export_data_operator.py
[2023-08-01 23:07:31,824] {processor.py:641} INFO - Processing file /opt/airflow/dags/export_data_operator.py for tasks to queue
[2023-08-01 23:07:31,825] {logging_mixin.py:115} INFO - [2023-08-01 23:07:31,825] {dagbag.py:508} INFO - Filling up the DagBag from /opt/airflow/dags/export_data_operator.py
[2023-08-01 23:07:32,110] {processor.py:653} WARNING - No viable dags retrieved from /opt/airflow/dags/export_data_operator.py
[2023-08-01 23:07:32,123] {processor.py:161} INFO - Processing /opt/airflow/dags/export_data_operator.py took 0.304 seconds
[2023-08-01 23:08:03,547] {processor.py:153} INFO - Started process (PID=1346) to work on /opt/airflow/dags/export_data_operator.py
[2023-08-01 23:08:03,549] {processor.py:641} INFO - Processing file /opt/airflow/dags/export_data_operator.py for tasks to queue
[2023-08-01 23:08:03,550] {logging_mixin.py:115} INFO - [2023-08-01 23:08:03,550] {dagbag.py:508} INFO - Filling up the DagBag from /opt/airflow/dags/export_data_operator.py
[2023-08-01 23:08:03,954] {processor.py:653} WARNING - No viable dags retrieved from /opt/airflow/dags/export_data_operator.py
[2023-08-01 23:08:03,989] {processor.py:161} INFO - Processing /opt/airflow/dags/export_data_operator.py took 0.444 seconds
[2023-08-01 23:08:34,219] {processor.py:153} INFO - Started process (PID=1394) to work on /opt/airflow/dags/export_data_operator.py
[2023-08-01 23:08:34,220] {processor.py:641} INFO - Processing file /opt/airflow/dags/export_data_operator.py for tasks to queue
[2023-08-01 23:08:34,220] {logging_mixin.py:115} INFO - [2023-08-01 23:08:34,220] {dagbag.py:508} INFO - Filling up the DagBag from /opt/airflow/dags/export_data_operator.py
[2023-08-01 23:08:34,543] {processor.py:653} WARNING - No viable dags retrieved from /opt/airflow/dags/export_data_operator.py
[2023-08-01 23:08:34,556] {processor.py:161} INFO - Processing /opt/airflow/dags/export_data_operator.py took 0.340 seconds
[2023-08-01 23:09:05,365] {processor.py:153} INFO - Started process (PID=1455) to work on /opt/airflow/dags/export_data_operator.py
[2023-08-01 23:09:05,367] {processor.py:641} INFO - Processing file /opt/airflow/dags/export_data_operator.py for tasks to queue
[2023-08-01 23:09:05,367] {logging_mixin.py:115} INFO - [2023-08-01 23:09:05,367] {dagbag.py:508} INFO - Filling up the DagBag from /opt/airflow/dags/export_data_operator.py
[2023-08-01 23:09:05,704] {processor.py:653} WARNING - No viable dags retrieved from /opt/airflow/dags/export_data_operator.py
[2023-08-01 23:09:05,720] {processor.py:161} INFO - Processing /opt/airflow/dags/export_data_operator.py took 0.357 seconds
[2023-08-01 23:09:36,776] {processor.py:153} INFO - Started process (PID=1522) to work on /opt/airflow/dags/export_data_operator.py
[2023-08-01 23:09:36,777] {processor.py:641} INFO - Processing file /opt/airflow/dags/export_data_operator.py for tasks to queue
[2023-08-01 23:09:36,779] {logging_mixin.py:115} INFO - [2023-08-01 23:09:36,778] {dagbag.py:508} INFO - Filling up the DagBag from /opt/airflow/dags/export_data_operator.py
[2023-08-01 23:09:37,276] {processor.py:653} WARNING - No viable dags retrieved from /opt/airflow/dags/export_data_operator.py
[2023-08-01 23:09:37,295] {processor.py:161} INFO - Processing /opt/airflow/dags/export_data_operator.py took 0.528 seconds
[2023-08-01 23:10:07,414] {processor.py:153} INFO - Started process (PID=1570) to work on /opt/airflow/dags/export_data_operator.py
[2023-08-01 23:10:07,415] {processor.py:641} INFO - Processing file /opt/airflow/dags/export_data_operator.py for tasks to queue
[2023-08-01 23:10:07,416] {logging_mixin.py:115} INFO - [2023-08-01 23:10:07,416] {dagbag.py:508} INFO - Filling up the DagBag from /opt/airflow/dags/export_data_operator.py
[2023-08-01 23:10:07,710] {processor.py:653} WARNING - No viable dags retrieved from /opt/airflow/dags/export_data_operator.py
[2023-08-01 23:10:07,721] {processor.py:161} INFO - Processing /opt/airflow/dags/export_data_operator.py took 0.310 seconds
[2023-08-01 23:10:38,386] {processor.py:153} INFO - Started process (PID=1627) to work on /opt/airflow/dags/export_data_operator.py
[2023-08-01 23:10:38,388] {processor.py:641} INFO - Processing file /opt/airflow/dags/export_data_operator.py for tasks to queue
[2023-08-01 23:10:38,389] {logging_mixin.py:115} INFO - [2023-08-01 23:10:38,389] {dagbag.py:508} INFO - Filling up the DagBag from /opt/airflow/dags/export_data_operator.py
[2023-08-01 23:10:38,792] {processor.py:653} WARNING - No viable dags retrieved from /opt/airflow/dags/export_data_operator.py
[2023-08-01 23:10:38,808] {processor.py:161} INFO - Processing /opt/airflow/dags/export_data_operator.py took 0.431 seconds
[2023-08-01 23:11:09,184] {processor.py:153} INFO - Started process (PID=1683) to work on /opt/airflow/dags/export_data_operator.py
[2023-08-01 23:11:09,185] {processor.py:641} INFO - Processing file /opt/airflow/dags/export_data_operator.py for tasks to queue
[2023-08-01 23:11:09,185] {logging_mixin.py:115} INFO - [2023-08-01 23:11:09,185] {dagbag.py:508} INFO - Filling up the DagBag from /opt/airflow/dags/export_data_operator.py
[2023-08-01 23:11:09,484] {processor.py:653} WARNING - No viable dags retrieved from /opt/airflow/dags/export_data_operator.py
[2023-08-01 23:11:09,496] {processor.py:161} INFO - Processing /opt/airflow/dags/export_data_operator.py took 0.315 seconds
[2023-08-01 23:11:40,044] {processor.py:153} INFO - Started process (PID=1741) to work on /opt/airflow/dags/export_data_operator.py
[2023-08-01 23:11:40,046] {processor.py:641} INFO - Processing file /opt/airflow/dags/export_data_operator.py for tasks to queue
[2023-08-01 23:11:40,047] {logging_mixin.py:115} INFO - [2023-08-01 23:11:40,047] {dagbag.py:508} INFO - Filling up the DagBag from /opt/airflow/dags/export_data_operator.py
[2023-08-01 23:11:40,398] {processor.py:653} WARNING - No viable dags retrieved from /opt/airflow/dags/export_data_operator.py
[2023-08-01 23:11:40,410] {processor.py:161} INFO - Processing /opt/airflow/dags/export_data_operator.py took 0.369 seconds
[2023-08-01 23:12:11,526] {processor.py:153} INFO - Started process (PID=1790) to work on /opt/airflow/dags/export_data_operator.py
[2023-08-01 23:12:11,527] {processor.py:641} INFO - Processing file /opt/airflow/dags/export_data_operator.py for tasks to queue
[2023-08-01 23:12:11,527] {logging_mixin.py:115} INFO - [2023-08-01 23:12:11,527] {dagbag.py:508} INFO - Filling up the DagBag from /opt/airflow/dags/export_data_operator.py
[2023-08-01 23:12:11,896] {processor.py:653} WARNING - No viable dags retrieved from /opt/airflow/dags/export_data_operator.py
[2023-08-01 23:12:11,910] {processor.py:161} INFO - Processing /opt/airflow/dags/export_data_operator.py took 0.387 seconds
[2023-08-01 23:12:42,571] {processor.py:153} INFO - Started process (PID=1847) to work on /opt/airflow/dags/export_data_operator.py
[2023-08-01 23:12:42,572] {processor.py:641} INFO - Processing file /opt/airflow/dags/export_data_operator.py for tasks to queue
[2023-08-01 23:12:42,573] {logging_mixin.py:115} INFO - [2023-08-01 23:12:42,573] {dagbag.py:508} INFO - Filling up the DagBag from /opt/airflow/dags/export_data_operator.py
[2023-08-01 23:12:42,898] {processor.py:653} WARNING - No viable dags retrieved from /opt/airflow/dags/export_data_operator.py
[2023-08-01 23:12:42,912] {processor.py:161} INFO - Processing /opt/airflow/dags/export_data_operator.py took 0.344 seconds
[2023-08-01 23:13:13,611] {processor.py:153} INFO - Started process (PID=1904) to work on /opt/airflow/dags/export_data_operator.py
[2023-08-01 23:13:13,612] {processor.py:641} INFO - Processing file /opt/airflow/dags/export_data_operator.py for tasks to queue
[2023-08-01 23:13:13,613] {logging_mixin.py:115} INFO - [2023-08-01 23:13:13,613] {dagbag.py:508} INFO - Filling up the DagBag from /opt/airflow/dags/export_data_operator.py
[2023-08-01 23:13:13,932] {processor.py:653} WARNING - No viable dags retrieved from /opt/airflow/dags/export_data_operator.py
[2023-08-01 23:13:13,946] {processor.py:161} INFO - Processing /opt/airflow/dags/export_data_operator.py took 0.339 seconds
[2023-08-01 23:13:44,468] {processor.py:153} INFO - Started process (PID=1961) to work on /opt/airflow/dags/export_data_operator.py
[2023-08-01 23:13:44,469] {processor.py:641} INFO - Processing file /opt/airflow/dags/export_data_operator.py for tasks to queue
[2023-08-01 23:13:44,470] {logging_mixin.py:115} INFO - [2023-08-01 23:13:44,470] {dagbag.py:508} INFO - Filling up the DagBag from /opt/airflow/dags/export_data_operator.py
[2023-08-01 23:13:44,788] {processor.py:653} WARNING - No viable dags retrieved from /opt/airflow/dags/export_data_operator.py
[2023-08-01 23:13:44,804] {processor.py:161} INFO - Processing /opt/airflow/dags/export_data_operator.py took 0.342 seconds
[2023-08-01 23:14:15,136] {processor.py:153} INFO - Started process (PID=2019) to work on /opt/airflow/dags/export_data_operator.py
[2023-08-01 23:14:15,137] {processor.py:641} INFO - Processing file /opt/airflow/dags/export_data_operator.py for tasks to queue
[2023-08-01 23:14:15,138] {logging_mixin.py:115} INFO - [2023-08-01 23:14:15,138] {dagbag.py:508} INFO - Filling up the DagBag from /opt/airflow/dags/export_data_operator.py
[2023-08-01 23:14:15,429] {processor.py:653} WARNING - No viable dags retrieved from /opt/airflow/dags/export_data_operator.py
[2023-08-01 23:14:15,440] {processor.py:161} INFO - Processing /opt/airflow/dags/export_data_operator.py took 0.309 seconds
[2023-08-01 23:14:45,537] {processor.py:153} INFO - Started process (PID=2066) to work on /opt/airflow/dags/export_data_operator.py
[2023-08-01 23:14:45,538] {processor.py:641} INFO - Processing file /opt/airflow/dags/export_data_operator.py for tasks to queue
[2023-08-01 23:14:45,539] {logging_mixin.py:115} INFO - [2023-08-01 23:14:45,539] {dagbag.py:508} INFO - Filling up the DagBag from /opt/airflow/dags/export_data_operator.py
[2023-08-01 23:14:45,849] {processor.py:653} WARNING - No viable dags retrieved from /opt/airflow/dags/export_data_operator.py
[2023-08-01 23:14:45,860] {processor.py:161} INFO - Processing /opt/airflow/dags/export_data_operator.py took 0.328 seconds
[2023-08-01 23:15:16,671] {processor.py:153} INFO - Started process (PID=2122) to work on /opt/airflow/dags/export_data_operator.py
[2023-08-01 23:15:16,672] {processor.py:641} INFO - Processing file /opt/airflow/dags/export_data_operator.py for tasks to queue
[2023-08-01 23:15:16,673] {logging_mixin.py:115} INFO - [2023-08-01 23:15:16,673] {dagbag.py:508} INFO - Filling up the DagBag from /opt/airflow/dags/export_data_operator.py
[2023-08-01 23:15:16,950] {processor.py:653} WARNING - No viable dags retrieved from /opt/airflow/dags/export_data_operator.py
[2023-08-01 23:15:16,961] {processor.py:161} INFO - Processing /opt/airflow/dags/export_data_operator.py took 0.293 seconds
[2023-08-01 23:15:47,499] {processor.py:153} INFO - Started process (PID=2180) to work on /opt/airflow/dags/export_data_operator.py
[2023-08-01 23:15:47,500] {processor.py:641} INFO - Processing file /opt/airflow/dags/export_data_operator.py for tasks to queue
[2023-08-01 23:15:47,501] {logging_mixin.py:115} INFO - [2023-08-01 23:15:47,501] {dagbag.py:508} INFO - Filling up the DagBag from /opt/airflow/dags/export_data_operator.py
[2023-08-01 23:15:47,794] {processor.py:653} WARNING - No viable dags retrieved from /opt/airflow/dags/export_data_operator.py
[2023-08-01 23:15:47,805] {processor.py:161} INFO - Processing /opt/airflow/dags/export_data_operator.py took 0.309 seconds
[2023-08-01 23:16:18,407] {processor.py:153} INFO - Started process (PID=2234) to work on /opt/airflow/dags/export_data_operator.py
[2023-08-01 23:16:18,408] {processor.py:641} INFO - Processing file /opt/airflow/dags/export_data_operator.py for tasks to queue
[2023-08-01 23:16:18,409] {logging_mixin.py:115} INFO - [2023-08-01 23:16:18,408] {dagbag.py:508} INFO - Filling up the DagBag from /opt/airflow/dags/export_data_operator.py
[2023-08-01 23:16:18,701] {processor.py:653} WARNING - No viable dags retrieved from /opt/airflow/dags/export_data_operator.py
[2023-08-01 23:16:18,712] {processor.py:161} INFO - Processing /opt/airflow/dags/export_data_operator.py took 0.309 seconds
[2023-08-01 23:16:49,114] {processor.py:153} INFO - Started process (PID=2283) to work on /opt/airflow/dags/export_data_operator.py
[2023-08-01 23:16:49,115] {processor.py:641} INFO - Processing file /opt/airflow/dags/export_data_operator.py for tasks to queue
[2023-08-01 23:16:49,116] {logging_mixin.py:115} INFO - [2023-08-01 23:16:49,116] {dagbag.py:508} INFO - Filling up the DagBag from /opt/airflow/dags/export_data_operator.py
[2023-08-01 23:16:49,424] {processor.py:653} WARNING - No viable dags retrieved from /opt/airflow/dags/export_data_operator.py
[2023-08-01 23:16:49,436] {processor.py:161} INFO - Processing /opt/airflow/dags/export_data_operator.py took 0.325 seconds
[2023-08-01 23:17:20,184] {processor.py:153} INFO - Started process (PID=2340) to work on /opt/airflow/dags/export_data_operator.py
[2023-08-01 23:17:20,185] {processor.py:641} INFO - Processing file /opt/airflow/dags/export_data_operator.py for tasks to queue
[2023-08-01 23:17:20,185] {logging_mixin.py:115} INFO - [2023-08-01 23:17:20,185] {dagbag.py:508} INFO - Filling up the DagBag from /opt/airflow/dags/export_data_operator.py
[2023-08-01 23:17:20,466] {processor.py:653} WARNING - No viable dags retrieved from /opt/airflow/dags/export_data_operator.py
[2023-08-01 23:17:20,477] {processor.py:161} INFO - Processing /opt/airflow/dags/export_data_operator.py took 0.295 seconds
[2023-08-01 23:17:51,075] {processor.py:153} INFO - Started process (PID=2397) to work on /opt/airflow/dags/export_data_operator.py
[2023-08-01 23:17:51,076] {processor.py:641} INFO - Processing file /opt/airflow/dags/export_data_operator.py for tasks to queue
[2023-08-01 23:17:51,077] {logging_mixin.py:115} INFO - [2023-08-01 23:17:51,077] {dagbag.py:508} INFO - Filling up the DagBag from /opt/airflow/dags/export_data_operator.py
[2023-08-01 23:17:51,364] {processor.py:653} WARNING - No viable dags retrieved from /opt/airflow/dags/export_data_operator.py
[2023-08-01 23:17:51,376] {processor.py:161} INFO - Processing /opt/airflow/dags/export_data_operator.py took 0.304 seconds
[2023-08-01 23:18:22,192] {processor.py:153} INFO - Started process (PID=2454) to work on /opt/airflow/dags/export_data_operator.py
[2023-08-01 23:18:22,193] {processor.py:641} INFO - Processing file /opt/airflow/dags/export_data_operator.py for tasks to queue
[2023-08-01 23:18:22,195] {logging_mixin.py:115} INFO - [2023-08-01 23:18:22,195] {dagbag.py:508} INFO - Filling up the DagBag from /opt/airflow/dags/export_data_operator.py
[2023-08-01 23:18:22,488] {processor.py:653} WARNING - No viable dags retrieved from /opt/airflow/dags/export_data_operator.py
[2023-08-01 23:18:22,499] {processor.py:161} INFO - Processing /opt/airflow/dags/export_data_operator.py took 0.311 seconds
[2023-08-01 23:18:53,810] {processor.py:153} INFO - Started process (PID=2511) to work on /opt/airflow/dags/export_data_operator.py
[2023-08-01 23:18:53,812] {processor.py:641} INFO - Processing file /opt/airflow/dags/export_data_operator.py for tasks to queue
[2023-08-01 23:18:53,812] {logging_mixin.py:115} INFO - [2023-08-01 23:18:53,812] {dagbag.py:508} INFO - Filling up the DagBag from /opt/airflow/dags/export_data_operator.py
[2023-08-01 23:18:54,260] {processor.py:653} WARNING - No viable dags retrieved from /opt/airflow/dags/export_data_operator.py
[2023-08-01 23:18:54,280] {processor.py:161} INFO - Processing /opt/airflow/dags/export_data_operator.py took 0.473 seconds
[2023-08-01 23:19:25,223] {processor.py:153} INFO - Started process (PID=2559) to work on /opt/airflow/dags/export_data_operator.py
[2023-08-01 23:19:25,226] {processor.py:641} INFO - Processing file /opt/airflow/dags/export_data_operator.py for tasks to queue
[2023-08-01 23:19:25,228] {logging_mixin.py:115} INFO - [2023-08-01 23:19:25,227] {dagbag.py:508} INFO - Filling up the DagBag from /opt/airflow/dags/export_data_operator.py
[2023-08-01 23:19:25,742] {processor.py:653} WARNING - No viable dags retrieved from /opt/airflow/dags/export_data_operator.py
[2023-08-01 23:19:25,761] {processor.py:161} INFO - Processing /opt/airflow/dags/export_data_operator.py took 0.541 seconds
[2023-08-01 23:19:56,022] {processor.py:153} INFO - Started process (PID=2616) to work on /opt/airflow/dags/export_data_operator.py
[2023-08-01 23:19:56,023] {processor.py:641} INFO - Processing file /opt/airflow/dags/export_data_operator.py for tasks to queue
[2023-08-01 23:19:56,024] {logging_mixin.py:115} INFO - [2023-08-01 23:19:56,024] {dagbag.py:508} INFO - Filling up the DagBag from /opt/airflow/dags/export_data_operator.py
[2023-08-01 23:19:56,313] {processor.py:653} WARNING - No viable dags retrieved from /opt/airflow/dags/export_data_operator.py
[2023-08-01 23:19:56,324] {processor.py:161} INFO - Processing /opt/airflow/dags/export_data_operator.py took 0.305 seconds
[2023-08-01 23:20:27,708] {processor.py:153} INFO - Started process (PID=2672) to work on /opt/airflow/dags/export_data_operator.py
[2023-08-01 23:20:27,710] {processor.py:641} INFO - Processing file /opt/airflow/dags/export_data_operator.py for tasks to queue
[2023-08-01 23:20:27,712] {logging_mixin.py:115} INFO - [2023-08-01 23:20:27,712] {dagbag.py:508} INFO - Filling up the DagBag from /opt/airflow/dags/export_data_operator.py
[2023-08-01 23:20:28,148] {processor.py:653} WARNING - No viable dags retrieved from /opt/airflow/dags/export_data_operator.py
[2023-08-01 23:20:28,164] {processor.py:161} INFO - Processing /opt/airflow/dags/export_data_operator.py took 0.460 seconds
[2023-08-01 23:20:59,081] {processor.py:153} INFO - Started process (PID=2720) to work on /opt/airflow/dags/export_data_operator.py
[2023-08-01 23:20:59,082] {processor.py:641} INFO - Processing file /opt/airflow/dags/export_data_operator.py for tasks to queue
[2023-08-01 23:20:59,083] {logging_mixin.py:115} INFO - [2023-08-01 23:20:59,083] {dagbag.py:508} INFO - Filling up the DagBag from /opt/airflow/dags/export_data_operator.py
[2023-08-01 23:20:59,552] {processor.py:653} WARNING - No viable dags retrieved from /opt/airflow/dags/export_data_operator.py
[2023-08-01 23:20:59,574] {processor.py:161} INFO - Processing /opt/airflow/dags/export_data_operator.py took 0.496 seconds
[2023-08-01 23:21:30,007] {processor.py:153} INFO - Started process (PID=2778) to work on /opt/airflow/dags/export_data_operator.py
[2023-08-01 23:21:30,009] {processor.py:641} INFO - Processing file /opt/airflow/dags/export_data_operator.py for tasks to queue
[2023-08-01 23:21:30,010] {logging_mixin.py:115} INFO - [2023-08-01 23:21:30,010] {dagbag.py:508} INFO - Filling up the DagBag from /opt/airflow/dags/export_data_operator.py
[2023-08-01 23:21:30,191] {processor.py:653} WARNING - No viable dags retrieved from /opt/airflow/dags/export_data_operator.py
[2023-08-01 23:21:30,204] {processor.py:161} INFO - Processing /opt/airflow/dags/export_data_operator.py took 0.316 seconds
[2023-08-01 23:22:00,811] {processor.py:153} INFO - Started process (PID=2836) to work on /opt/airflow/dags/export_data_operator.py
[2023-08-01 23:22:00,812] {processor.py:641} INFO - Processing file /opt/airflow/dags/export_data_operator.py for tasks to queue
[2023-08-01 23:22:00,813] {logging_mixin.py:115} INFO - [2023-08-01 23:22:00,813] {dagbag.py:508} INFO - Filling up the DagBag from /opt/airflow/dags/export_data_operator.py
[2023-08-01 23:22:01,016] {processor.py:653} WARNING - No viable dags retrieved from /opt/airflow/dags/export_data_operator.py
[2023-08-01 23:22:01,027] {processor.py:161} INFO - Processing /opt/airflow/dags/export_data_operator.py took 0.322 seconds
[2023-08-01 23:22:31,612] {processor.py:153} INFO - Started process (PID=2892) to work on /opt/airflow/dags/export_data_operator.py
[2023-08-01 23:22:31,614] {processor.py:641} INFO - Processing file /opt/airflow/dags/export_data_operator.py for tasks to queue
[2023-08-01 23:22:31,614] {logging_mixin.py:115} INFO - [2023-08-01 23:22:31,614] {dagbag.py:508} INFO - Filling up the DagBag from /opt/airflow/dags/export_data_operator.py
[2023-08-01 23:22:31,792] {processor.py:653} WARNING - No viable dags retrieved from /opt/airflow/dags/export_data_operator.py
[2023-08-01 23:22:31,802] {processor.py:161} INFO - Processing /opt/airflow/dags/export_data_operator.py took 0.291 seconds
[2023-08-01 23:23:02,242] {processor.py:153} INFO - Started process (PID=2941) to work on /opt/airflow/dags/export_data_operator.py
[2023-08-01 23:23:02,243] {processor.py:641} INFO - Processing file /opt/airflow/dags/export_data_operator.py for tasks to queue
[2023-08-01 23:23:02,244] {logging_mixin.py:115} INFO - [2023-08-01 23:23:02,244] {dagbag.py:508} INFO - Filling up the DagBag from /opt/airflow/dags/export_data_operator.py
[2023-08-01 23:23:02,461] {processor.py:653} WARNING - No viable dags retrieved from /opt/airflow/dags/export_data_operator.py
[2023-08-01 23:23:02,477] {processor.py:161} INFO - Processing /opt/airflow/dags/export_data_operator.py took 0.238 seconds
[2023-08-01 23:23:32,821] {processor.py:153} INFO - Started process (PID=2996) to work on /opt/airflow/dags/export_data_operator.py
[2023-08-01 23:23:32,823] {processor.py:641} INFO - Processing file /opt/airflow/dags/export_data_operator.py for tasks to queue
[2023-08-01 23:23:32,825] {logging_mixin.py:115} INFO - [2023-08-01 23:23:32,825] {dagbag.py:508} INFO - Filling up the DagBag from /opt/airflow/dags/export_data_operator.py
[2023-08-01 23:23:33,110] {processor.py:653} WARNING - No viable dags retrieved from /opt/airflow/dags/export_data_operator.py
[2023-08-01 23:23:33,127] {processor.py:161} INFO - Processing /opt/airflow/dags/export_data_operator.py took 0.312 seconds
[2023-08-01 23:24:03,409] {processor.py:153} INFO - Started process (PID=3053) to work on /opt/airflow/dags/export_data_operator.py
[2023-08-01 23:24:03,410] {processor.py:641} INFO - Processing file /opt/airflow/dags/export_data_operator.py for tasks to queue
[2023-08-01 23:24:03,411] {logging_mixin.py:115} INFO - [2023-08-01 23:24:03,411] {dagbag.py:508} INFO - Filling up the DagBag from /opt/airflow/dags/export_data_operator.py
[2023-08-01 23:24:03,636] {processor.py:653} WARNING - No viable dags retrieved from /opt/airflow/dags/export_data_operator.py
[2023-08-01 23:24:03,651] {processor.py:161} INFO - Processing /opt/airflow/dags/export_data_operator.py took 0.245 seconds
[2023-08-01 23:24:34,093] {processor.py:153} INFO - Started process (PID=3110) to work on /opt/airflow/dags/export_data_operator.py
[2023-08-01 23:24:34,094] {processor.py:641} INFO - Processing file /opt/airflow/dags/export_data_operator.py for tasks to queue
[2023-08-01 23:24:34,095] {logging_mixin.py:115} INFO - [2023-08-01 23:24:34,095] {dagbag.py:508} INFO - Filling up the DagBag from /opt/airflow/dags/export_data_operator.py
[2023-08-01 23:24:34,302] {processor.py:653} WARNING - No viable dags retrieved from /opt/airflow/dags/export_data_operator.py
[2023-08-01 23:24:34,317] {processor.py:161} INFO - Processing /opt/airflow/dags/export_data_operator.py took 0.227 seconds
[2023-08-01 23:25:04,799] {processor.py:153} INFO - Started process (PID=3158) to work on /opt/airflow/dags/export_data_operator.py
[2023-08-01 23:25:04,800] {processor.py:641} INFO - Processing file /opt/airflow/dags/export_data_operator.py for tasks to queue
[2023-08-01 23:25:04,800] {logging_mixin.py:115} INFO - [2023-08-01 23:25:04,800] {dagbag.py:508} INFO - Filling up the DagBag from /opt/airflow/dags/export_data_operator.py
[2023-08-01 23:25:05,023] {processor.py:653} WARNING - No viable dags retrieved from /opt/airflow/dags/export_data_operator.py
[2023-08-01 23:25:05,038] {processor.py:161} INFO - Processing /opt/airflow/dags/export_data_operator.py took 0.242 seconds
[2023-08-01 23:25:35,880] {processor.py:153} INFO - Started process (PID=3216) to work on /opt/airflow/dags/export_data_operator.py
[2023-08-01 23:25:35,882] {processor.py:641} INFO - Processing file /opt/airflow/dags/export_data_operator.py for tasks to queue
[2023-08-01 23:25:35,883] {logging_mixin.py:115} INFO - [2023-08-01 23:25:35,883] {dagbag.py:508} INFO - Filling up the DagBag from /opt/airflow/dags/export_data_operator.py
[2023-08-01 23:25:36,094] {processor.py:653} WARNING - No viable dags retrieved from /opt/airflow/dags/export_data_operator.py
[2023-08-01 23:25:36,124] {processor.py:161} INFO - Processing /opt/airflow/dags/export_data_operator.py took 0.246 seconds
[2023-08-01 23:26:06,472] {processor.py:153} INFO - Started process (PID=3273) to work on /opt/airflow/dags/export_data_operator.py
[2023-08-01 23:26:06,473] {processor.py:641} INFO - Processing file /opt/airflow/dags/export_data_operator.py for tasks to queue
[2023-08-01 23:26:06,474] {logging_mixin.py:115} INFO - [2023-08-01 23:26:06,474] {dagbag.py:508} INFO - Filling up the DagBag from /opt/airflow/dags/export_data_operator.py
[2023-08-01 23:26:06,675] {processor.py:653} WARNING - No viable dags retrieved from /opt/airflow/dags/export_data_operator.py
[2023-08-01 23:26:06,689] {processor.py:161} INFO - Processing /opt/airflow/dags/export_data_operator.py took 0.220 seconds
[2023-08-01 23:26:36,951] {processor.py:153} INFO - Started process (PID=3330) to work on /opt/airflow/dags/export_data_operator.py
[2023-08-01 23:26:36,952] {processor.py:641} INFO - Processing file /opt/airflow/dags/export_data_operator.py for tasks to queue
[2023-08-01 23:26:36,953] {logging_mixin.py:115} INFO - [2023-08-01 23:26:36,953] {dagbag.py:508} INFO - Filling up the DagBag from /opt/airflow/dags/export_data_operator.py
[2023-08-01 23:26:37,149] {processor.py:653} WARNING - No viable dags retrieved from /opt/airflow/dags/export_data_operator.py
[2023-08-01 23:26:37,164] {processor.py:161} INFO - Processing /opt/airflow/dags/export_data_operator.py took 0.216 seconds
[2023-08-01 23:27:11,346] {processor.py:153} INFO - Started process (PID=3397) to work on /opt/airflow/dags/export_data_operator.py
[2023-08-01 23:27:11,349] {processor.py:641} INFO - Processing file /opt/airflow/dags/export_data_operator.py for tasks to queue
[2023-08-01 23:27:11,357] {logging_mixin.py:115} INFO - [2023-08-01 23:27:11,357] {dagbag.py:508} INFO - Filling up the DagBag from /opt/airflow/dags/export_data_operator.py
[2023-08-01 23:27:12,131] {processor.py:653} WARNING - No viable dags retrieved from /opt/airflow/dags/export_data_operator.py
[2023-08-01 23:27:12,239] {processor.py:161} INFO - Processing /opt/airflow/dags/export_data_operator.py took 0.917 seconds
[2023-08-01 23:27:42,786] {processor.py:153} INFO - Started process (PID=3445) to work on /opt/airflow/dags/export_data_operator.py
[2023-08-01 23:27:42,789] {processor.py:641} INFO - Processing file /opt/airflow/dags/export_data_operator.py for tasks to queue
[2023-08-01 23:27:42,791] {logging_mixin.py:115} INFO - [2023-08-01 23:27:42,791] {dagbag.py:508} INFO - Filling up the DagBag from /opt/airflow/dags/export_data_operator.py
[2023-08-01 23:27:43,182] {processor.py:653} WARNING - No viable dags retrieved from /opt/airflow/dags/export_data_operator.py
[2023-08-01 23:27:43,198] {processor.py:161} INFO - Processing /opt/airflow/dags/export_data_operator.py took 0.416 seconds
[2023-08-01 23:28:13,366] {processor.py:153} INFO - Started process (PID=3504) to work on /opt/airflow/dags/export_data_operator.py
[2023-08-01 23:28:13,368] {processor.py:641} INFO - Processing file /opt/airflow/dags/export_data_operator.py for tasks to queue
[2023-08-01 23:28:13,369] {logging_mixin.py:115} INFO - [2023-08-01 23:28:13,369] {dagbag.py:508} INFO - Filling up the DagBag from /opt/airflow/dags/export_data_operator.py
[2023-08-01 23:28:13,580] {processor.py:653} WARNING - No viable dags retrieved from /opt/airflow/dags/export_data_operator.py
[2023-08-01 23:28:13,594] {processor.py:161} INFO - Processing /opt/airflow/dags/export_data_operator.py took 0.234 seconds
[2023-08-01 23:28:43,906] {processor.py:153} INFO - Started process (PID=3560) to work on /opt/airflow/dags/export_data_operator.py
[2023-08-01 23:28:43,907] {processor.py:641} INFO - Processing file /opt/airflow/dags/export_data_operator.py for tasks to queue
[2023-08-01 23:28:43,908] {logging_mixin.py:115} INFO - [2023-08-01 23:28:43,908] {dagbag.py:508} INFO - Filling up the DagBag from /opt/airflow/dags/export_data_operator.py
[2023-08-01 23:28:44,127] {processor.py:653} WARNING - No viable dags retrieved from /opt/airflow/dags/export_data_operator.py
[2023-08-01 23:28:44,141] {processor.py:161} INFO - Processing /opt/airflow/dags/export_data_operator.py took 0.239 seconds
[2023-08-01 23:29:14,705] {processor.py:153} INFO - Started process (PID=3608) to work on /opt/airflow/dags/export_data_operator.py
[2023-08-01 23:29:14,707] {processor.py:641} INFO - Processing file /opt/airflow/dags/export_data_operator.py for tasks to queue
[2023-08-01 23:29:14,708] {logging_mixin.py:115} INFO - [2023-08-01 23:29:14,708] {dagbag.py:508} INFO - Filling up the DagBag from /opt/airflow/dags/export_data_operator.py
[2023-08-01 23:29:14,917] {processor.py:653} WARNING - No viable dags retrieved from /opt/airflow/dags/export_data_operator.py
[2023-08-01 23:29:14,930] {processor.py:161} INFO - Processing /opt/airflow/dags/export_data_operator.py took 0.232 seconds
[2023-08-01 23:29:45,226] {processor.py:153} INFO - Started process (PID=3665) to work on /opt/airflow/dags/export_data_operator.py
[2023-08-01 23:29:45,228] {processor.py:641} INFO - Processing file /opt/airflow/dags/export_data_operator.py for tasks to queue
[2023-08-01 23:29:45,229] {logging_mixin.py:115} INFO - [2023-08-01 23:29:45,228] {dagbag.py:508} INFO - Filling up the DagBag from /opt/airflow/dags/export_data_operator.py
[2023-08-01 23:29:45,474] {processor.py:653} WARNING - No viable dags retrieved from /opt/airflow/dags/export_data_operator.py
[2023-08-01 23:29:45,488] {processor.py:161} INFO - Processing /opt/airflow/dags/export_data_operator.py took 0.267 seconds
[2023-08-01 23:30:15,990] {processor.py:153} INFO - Started process (PID=3723) to work on /opt/airflow/dags/export_data_operator.py
[2023-08-01 23:30:15,992] {processor.py:641} INFO - Processing file /opt/airflow/dags/export_data_operator.py for tasks to queue
[2023-08-01 23:30:15,994] {logging_mixin.py:115} INFO - [2023-08-01 23:30:15,994] {dagbag.py:508} INFO - Filling up the DagBag from /opt/airflow/dags/export_data_operator.py
[2023-08-01 23:30:16,255] {processor.py:653} WARNING - No viable dags retrieved from /opt/airflow/dags/export_data_operator.py
[2023-08-01 23:30:16,270] {processor.py:161} INFO - Processing /opt/airflow/dags/export_data_operator.py took 0.283 seconds
[2023-08-01 23:30:46,595] {processor.py:153} INFO - Started process (PID=3780) to work on /opt/airflow/dags/export_data_operator.py
[2023-08-01 23:30:46,596] {processor.py:641} INFO - Processing file /opt/airflow/dags/export_data_operator.py for tasks to queue
[2023-08-01 23:30:46,597] {logging_mixin.py:115} INFO - [2023-08-01 23:30:46,597] {dagbag.py:508} INFO - Filling up the DagBag from /opt/airflow/dags/export_data_operator.py
[2023-08-01 23:30:46,848] {processor.py:653} WARNING - No viable dags retrieved from /opt/airflow/dags/export_data_operator.py
[2023-08-01 23:30:46,862] {processor.py:161} INFO - Processing /opt/airflow/dags/export_data_operator.py took 0.271 seconds
[2023-08-01 23:31:17,008] {processor.py:153} INFO - Started process (PID=3828) to work on /opt/airflow/dags/export_data_operator.py
[2023-08-01 23:31:17,009] {processor.py:641} INFO - Processing file /opt/airflow/dags/export_data_operator.py for tasks to queue
[2023-08-01 23:31:17,010] {logging_mixin.py:115} INFO - [2023-08-01 23:31:17,010] {dagbag.py:508} INFO - Filling up the DagBag from /opt/airflow/dags/export_data_operator.py
[2023-08-01 23:31:17,223] {processor.py:653} WARNING - No viable dags retrieved from /opt/airflow/dags/export_data_operator.py
[2023-08-01 23:31:17,236] {processor.py:161} INFO - Processing /opt/airflow/dags/export_data_operator.py took 0.233 seconds
[2023-08-01 23:31:47,521] {processor.py:153} INFO - Started process (PID=3885) to work on /opt/airflow/dags/export_data_operator.py
[2023-08-01 23:31:47,524] {processor.py:641} INFO - Processing file /opt/airflow/dags/export_data_operator.py for tasks to queue
[2023-08-01 23:31:47,527] {logging_mixin.py:115} INFO - [2023-08-01 23:31:47,525] {dagbag.py:508} INFO - Filling up the DagBag from /opt/airflow/dags/export_data_operator.py
[2023-08-01 23:31:48,016] {processor.py:653} WARNING - No viable dags retrieved from /opt/airflow/dags/export_data_operator.py
[2023-08-01 23:31:48,034] {processor.py:161} INFO - Processing /opt/airflow/dags/export_data_operator.py took 0.521 seconds
[2023-08-01 23:32:21,907] {processor.py:153} INFO - Started process (PID=3952) to work on /opt/airflow/dags/export_data_operator.py
[2023-08-01 23:32:21,909] {processor.py:641} INFO - Processing file /opt/airflow/dags/export_data_operator.py for tasks to queue
[2023-08-01 23:32:21,911] {logging_mixin.py:115} INFO - [2023-08-01 23:32:21,911] {dagbag.py:508} INFO - Filling up the DagBag from /opt/airflow/dags/export_data_operator.py
[2023-08-01 23:32:23,140] {processor.py:653} WARNING - No viable dags retrieved from /opt/airflow/dags/export_data_operator.py
[2023-08-01 23:32:23,269] {processor.py:161} INFO - Processing /opt/airflow/dags/export_data_operator.py took 1.374 seconds
[2023-08-01 23:32:53,903] {processor.py:153} INFO - Started process (PID=4007) to work on /opt/airflow/dags/export_data_operator.py
[2023-08-01 23:32:53,907] {processor.py:641} INFO - Processing file /opt/airflow/dags/export_data_operator.py for tasks to queue
[2023-08-01 23:32:53,910] {logging_mixin.py:115} INFO - [2023-08-01 23:32:53,910] {dagbag.py:508} INFO - Filling up the DagBag from /opt/airflow/dags/export_data_operator.py
[2023-08-01 23:32:54,606] {processor.py:653} WARNING - No viable dags retrieved from /opt/airflow/dags/export_data_operator.py
[2023-08-01 23:32:54,665] {processor.py:161} INFO - Processing /opt/airflow/dags/export_data_operator.py took 0.784 seconds
[2023-08-01 23:33:25,511] {processor.py:153} INFO - Started process (PID=4057) to work on /opt/airflow/dags/export_data_operator.py
[2023-08-01 23:33:25,514] {processor.py:641} INFO - Processing file /opt/airflow/dags/export_data_operator.py for tasks to queue
[2023-08-01 23:33:25,516] {logging_mixin.py:115} INFO - [2023-08-01 23:33:25,516] {dagbag.py:508} INFO - Filling up the DagBag from /opt/airflow/dags/export_data_operator.py
[2023-08-01 23:33:25,840] {processor.py:653} WARNING - No viable dags retrieved from /opt/airflow/dags/export_data_operator.py
[2023-08-01 23:33:25,859] {processor.py:161} INFO - Processing /opt/airflow/dags/export_data_operator.py took 0.351 seconds
[2023-08-01 23:33:56,130] {processor.py:153} INFO - Started process (PID=4114) to work on /opt/airflow/dags/export_data_operator.py
[2023-08-01 23:33:56,132] {processor.py:641} INFO - Processing file /opt/airflow/dags/export_data_operator.py for tasks to queue
[2023-08-01 23:33:56,133] {logging_mixin.py:115} INFO - [2023-08-01 23:33:56,133] {dagbag.py:508} INFO - Filling up the DagBag from /opt/airflow/dags/export_data_operator.py
[2023-08-01 23:33:56,467] {processor.py:653} WARNING - No viable dags retrieved from /opt/airflow/dags/export_data_operator.py
[2023-08-01 23:33:56,488] {processor.py:161} INFO - Processing /opt/airflow/dags/export_data_operator.py took 0.362 seconds
[2023-08-01 23:34:26,578] {processor.py:153} INFO - Started process (PID=4171) to work on /opt/airflow/dags/export_data_operator.py
[2023-08-01 23:34:26,579] {processor.py:641} INFO - Processing file /opt/airflow/dags/export_data_operator.py for tasks to queue
[2023-08-01 23:34:26,581] {logging_mixin.py:115} INFO - [2023-08-01 23:34:26,580] {dagbag.py:508} INFO - Filling up the DagBag from /opt/airflow/dags/export_data_operator.py
[2023-08-01 23:34:26,808] {processor.py:653} WARNING - No viable dags retrieved from /opt/airflow/dags/export_data_operator.py
[2023-08-01 23:34:26,825] {processor.py:161} INFO - Processing /opt/airflow/dags/export_data_operator.py took 0.251 seconds
[2023-08-01 23:34:57,420] {processor.py:153} INFO - Started process (PID=4221) to work on /opt/airflow/dags/export_data_operator.py
[2023-08-01 23:34:57,422] {processor.py:641} INFO - Processing file /opt/airflow/dags/export_data_operator.py for tasks to queue
[2023-08-01 23:34:57,424] {logging_mixin.py:115} INFO - [2023-08-01 23:34:57,424] {dagbag.py:508} INFO - Filling up the DagBag from /opt/airflow/dags/export_data_operator.py
[2023-08-01 23:34:57,932] {processor.py:653} WARNING - No viable dags retrieved from /opt/airflow/dags/export_data_operator.py
[2023-08-01 23:34:57,957] {processor.py:161} INFO - Processing /opt/airflow/dags/export_data_operator.py took 0.542 seconds
[2023-08-01 23:35:28,622] {processor.py:153} INFO - Started process (PID=4278) to work on /opt/airflow/dags/export_data_operator.py
[2023-08-01 23:35:28,625] {processor.py:641} INFO - Processing file /opt/airflow/dags/export_data_operator.py for tasks to queue
[2023-08-01 23:35:28,627] {logging_mixin.py:115} INFO - [2023-08-01 23:35:28,627] {dagbag.py:508} INFO - Filling up the DagBag from /opt/airflow/dags/export_data_operator.py
[2023-08-01 23:35:29,004] {processor.py:653} WARNING - No viable dags retrieved from /opt/airflow/dags/export_data_operator.py
[2023-08-01 23:35:29,024] {processor.py:161} INFO - Processing /opt/airflow/dags/export_data_operator.py took 0.411 seconds
[2023-08-01 23:35:59,216] {processor.py:153} INFO - Started process (PID=4335) to work on /opt/airflow/dags/export_data_operator.py
[2023-08-01 23:35:59,217] {processor.py:641} INFO - Processing file /opt/airflow/dags/export_data_operator.py for tasks to queue
[2023-08-01 23:35:59,218] {logging_mixin.py:115} INFO - [2023-08-01 23:35:59,218] {dagbag.py:508} INFO - Filling up the DagBag from /opt/airflow/dags/export_data_operator.py
[2023-08-01 23:35:59,618] {processor.py:653} WARNING - No viable dags retrieved from /opt/airflow/dags/export_data_operator.py
[2023-08-01 23:35:59,636] {processor.py:161} INFO - Processing /opt/airflow/dags/export_data_operator.py took 0.427 seconds
[2023-08-01 23:36:29,985] {processor.py:153} INFO - Started process (PID=4392) to work on /opt/airflow/dags/export_data_operator.py
[2023-08-01 23:36:29,990] {processor.py:641} INFO - Processing file /opt/airflow/dags/export_data_operator.py for tasks to queue
[2023-08-01 23:36:30,017] {logging_mixin.py:115} INFO - [2023-08-01 23:36:30,017] {dagbag.py:508} INFO - Filling up the DagBag from /opt/airflow/dags/export_data_operator.py
[2023-08-01 23:36:30,349] {processor.py:653} WARNING - No viable dags retrieved from /opt/airflow/dags/export_data_operator.py
[2023-08-01 23:36:30,363] {processor.py:161} INFO - Processing /opt/airflow/dags/export_data_operator.py took 0.385 seconds
[2023-08-01 23:37:00,562] {processor.py:153} INFO - Started process (PID=4442) to work on /opt/airflow/dags/export_data_operator.py
[2023-08-01 23:37:00,568] {processor.py:641} INFO - Processing file /opt/airflow/dags/export_data_operator.py for tasks to queue
[2023-08-01 23:37:00,569] {logging_mixin.py:115} INFO - [2023-08-01 23:37:00,569] {dagbag.py:508} INFO - Filling up the DagBag from /opt/airflow/dags/export_data_operator.py
[2023-08-01 23:37:00,859] {processor.py:653} WARNING - No viable dags retrieved from /opt/airflow/dags/export_data_operator.py
[2023-08-01 23:37:00,877] {processor.py:161} INFO - Processing /opt/airflow/dags/export_data_operator.py took 0.320 seconds
[2023-08-01 23:37:31,684] {processor.py:153} INFO - Started process (PID=4500) to work on /opt/airflow/dags/export_data_operator.py
[2023-08-01 23:37:31,685] {processor.py:641} INFO - Processing file /opt/airflow/dags/export_data_operator.py for tasks to queue
[2023-08-01 23:37:31,685] {logging_mixin.py:115} INFO - [2023-08-01 23:37:31,685] {dagbag.py:508} INFO - Filling up the DagBag from /opt/airflow/dags/export_data_operator.py
[2023-08-01 23:37:31,959] {processor.py:653} WARNING - No viable dags retrieved from /opt/airflow/dags/export_data_operator.py
[2023-08-01 23:37:31,977] {processor.py:161} INFO - Processing /opt/airflow/dags/export_data_operator.py took 0.298 seconds
[2023-08-01 23:38:02,265] {processor.py:153} INFO - Started process (PID=4557) to work on /opt/airflow/dags/export_data_operator.py
[2023-08-01 23:38:02,267] {processor.py:641} INFO - Processing file /opt/airflow/dags/export_data_operator.py for tasks to queue
[2023-08-01 23:38:02,268] {logging_mixin.py:115} INFO - [2023-08-01 23:38:02,268] {dagbag.py:508} INFO - Filling up the DagBag from /opt/airflow/dags/export_data_operator.py
[2023-08-01 23:38:02,503] {processor.py:653} WARNING - No viable dags retrieved from /opt/airflow/dags/export_data_operator.py
[2023-08-01 23:38:02,517] {processor.py:161} INFO - Processing /opt/airflow/dags/export_data_operator.py took 0.256 seconds
[2023-08-01 23:38:32,591] {processor.py:153} INFO - Started process (PID=4614) to work on /opt/airflow/dags/export_data_operator.py
[2023-08-01 23:38:32,593] {processor.py:641} INFO - Processing file /opt/airflow/dags/export_data_operator.py for tasks to queue
[2023-08-01 23:38:32,594] {logging_mixin.py:115} INFO - [2023-08-01 23:38:32,594] {dagbag.py:508} INFO - Filling up the DagBag from /opt/airflow/dags/export_data_operator.py
[2023-08-01 23:38:32,801] {processor.py:653} WARNING - No viable dags retrieved from /opt/airflow/dags/export_data_operator.py
[2023-08-01 23:38:32,815] {processor.py:161} INFO - Processing /opt/airflow/dags/export_data_operator.py took 0.228 seconds
[2023-08-01 23:39:03,615] {processor.py:153} INFO - Started process (PID=4669) to work on /opt/airflow/dags/export_data_operator.py
[2023-08-01 23:39:03,616] {processor.py:641} INFO - Processing file /opt/airflow/dags/export_data_operator.py for tasks to queue
[2023-08-01 23:39:03,619] {logging_mixin.py:115} INFO - [2023-08-01 23:39:03,619] {dagbag.py:508} INFO - Filling up the DagBag from /opt/airflow/dags/export_data_operator.py
[2023-08-01 23:39:03,888] {processor.py:653} WARNING - No viable dags retrieved from /opt/airflow/dags/export_data_operator.py
[2023-08-01 23:39:03,903] {processor.py:161} INFO - Processing /opt/airflow/dags/export_data_operator.py took 0.293 seconds
[2023-08-01 23:39:34,465] {processor.py:153} INFO - Started process (PID=4719) to work on /opt/airflow/dags/export_data_operator.py
[2023-08-01 23:39:34,466] {processor.py:641} INFO - Processing file /opt/airflow/dags/export_data_operator.py for tasks to queue
[2023-08-01 23:39:34,467] {logging_mixin.py:115} INFO - [2023-08-01 23:39:34,467] {dagbag.py:508} INFO - Filling up the DagBag from /opt/airflow/dags/export_data_operator.py
[2023-08-01 23:39:34,709] {processor.py:653} WARNING - No viable dags retrieved from /opt/airflow/dags/export_data_operator.py
[2023-08-01 23:39:34,723] {processor.py:161} INFO - Processing /opt/airflow/dags/export_data_operator.py took 0.261 seconds
[2023-08-01 23:40:05,085] {processor.py:153} INFO - Started process (PID=4776) to work on /opt/airflow/dags/export_data_operator.py
[2023-08-01 23:40:05,088] {processor.py:641} INFO - Processing file /opt/airflow/dags/export_data_operator.py for tasks to queue
[2023-08-01 23:40:05,089] {logging_mixin.py:115} INFO - [2023-08-01 23:40:05,089] {dagbag.py:508} INFO - Filling up the DagBag from /opt/airflow/dags/export_data_operator.py
[2023-08-01 23:40:05,431] {processor.py:653} WARNING - No viable dags retrieved from /opt/airflow/dags/export_data_operator.py
[2023-08-01 23:40:05,447] {processor.py:161} INFO - Processing /opt/airflow/dags/export_data_operator.py took 0.366 seconds
[2023-08-01 23:40:35,606] {processor.py:153} INFO - Started process (PID=4834) to work on /opt/airflow/dags/export_data_operator.py
[2023-08-01 23:40:35,607] {processor.py:641} INFO - Processing file /opt/airflow/dags/export_data_operator.py for tasks to queue
[2023-08-01 23:40:35,609] {logging_mixin.py:115} INFO - [2023-08-01 23:40:35,609] {dagbag.py:508} INFO - Filling up the DagBag from /opt/airflow/dags/export_data_operator.py
[2023-08-01 23:40:35,876] {processor.py:653} WARNING - No viable dags retrieved from /opt/airflow/dags/export_data_operator.py
[2023-08-01 23:40:35,891] {processor.py:161} INFO - Processing /opt/airflow/dags/export_data_operator.py took 0.290 seconds
[2023-08-01 23:41:06,138] {processor.py:153} INFO - Started process (PID=4885) to work on /opt/airflow/dags/export_data_operator.py
[2023-08-01 23:41:06,140] {processor.py:641} INFO - Processing file /opt/airflow/dags/export_data_operator.py for tasks to queue
[2023-08-01 23:41:06,142] {logging_mixin.py:115} INFO - [2023-08-01 23:41:06,142] {dagbag.py:508} INFO - Filling up the DagBag from /opt/airflow/dags/export_data_operator.py
[2023-08-01 23:41:06,416] {processor.py:653} WARNING - No viable dags retrieved from /opt/airflow/dags/export_data_operator.py
[2023-08-01 23:41:06,436] {processor.py:161} INFO - Processing /opt/airflow/dags/export_data_operator.py took 0.301 seconds
[2023-08-01 23:41:37,092] {processor.py:153} INFO - Started process (PID=4945) to work on /opt/airflow/dags/export_data_operator.py
[2023-08-01 23:41:37,095] {processor.py:641} INFO - Processing file /opt/airflow/dags/export_data_operator.py for tasks to queue
[2023-08-01 23:41:37,098] {logging_mixin.py:115} INFO - [2023-08-01 23:41:37,098] {dagbag.py:508} INFO - Filling up the DagBag from /opt/airflow/dags/export_data_operator.py
[2023-08-01 23:41:37,530] {processor.py:653} WARNING - No viable dags retrieved from /opt/airflow/dags/export_data_operator.py
[2023-08-01 23:41:37,545] {processor.py:161} INFO - Processing /opt/airflow/dags/export_data_operator.py took 0.464 seconds
[2023-08-01 23:42:07,747] {processor.py:153} INFO - Started process (PID=5009) to work on /opt/airflow/dags/export_data_operator.py
[2023-08-01 23:42:07,749] {processor.py:641} INFO - Processing file /opt/airflow/dags/export_data_operator.py for tasks to queue
[2023-08-01 23:42:07,751] {logging_mixin.py:115} INFO - [2023-08-01 23:42:07,751] {dagbag.py:508} INFO - Filling up the DagBag from /opt/airflow/dags/export_data_operator.py
[2023-08-01 23:42:08,111] {processor.py:653} WARNING - No viable dags retrieved from /opt/airflow/dags/export_data_operator.py
[2023-08-01 23:42:08,128] {processor.py:161} INFO - Processing /opt/airflow/dags/export_data_operator.py took 0.385 seconds
[2023-08-01 23:42:38,381] {processor.py:153} INFO - Started process (PID=5060) to work on /opt/airflow/dags/export_data_operator.py
[2023-08-01 23:42:38,383] {processor.py:641} INFO - Processing file /opt/airflow/dags/export_data_operator.py for tasks to queue
[2023-08-01 23:42:38,384] {logging_mixin.py:115} INFO - [2023-08-01 23:42:38,384] {dagbag.py:508} INFO - Filling up the DagBag from /opt/airflow/dags/export_data_operator.py
[2023-08-01 23:42:38,642] {processor.py:653} WARNING - No viable dags retrieved from /opt/airflow/dags/export_data_operator.py
[2023-08-01 23:42:38,655] {processor.py:161} INFO - Processing /opt/airflow/dags/export_data_operator.py took 0.279 seconds
[2023-08-01 23:43:09,288] {processor.py:153} INFO - Started process (PID=5121) to work on /opt/airflow/dags/export_data_operator.py
[2023-08-01 23:43:09,290] {processor.py:641} INFO - Processing file /opt/airflow/dags/export_data_operator.py for tasks to queue
[2023-08-01 23:43:09,292] {logging_mixin.py:115} INFO - [2023-08-01 23:43:09,292] {dagbag.py:508} INFO - Filling up the DagBag from /opt/airflow/dags/export_data_operator.py
[2023-08-01 23:43:09,907] {processor.py:653} WARNING - No viable dags retrieved from /opt/airflow/dags/export_data_operator.py
[2023-08-01 23:43:09,953] {processor.py:161} INFO - Processing /opt/airflow/dags/export_data_operator.py took 0.674 seconds
[2023-08-01 23:43:40,193] {processor.py:153} INFO - Started process (PID=5177) to work on /opt/airflow/dags/export_data_operator.py
[2023-08-01 23:43:40,196] {processor.py:641} INFO - Processing file /opt/airflow/dags/export_data_operator.py for tasks to queue
[2023-08-01 23:43:40,197] {logging_mixin.py:115} INFO - [2023-08-01 23:43:40,197] {dagbag.py:508} INFO - Filling up the DagBag from /opt/airflow/dags/export_data_operator.py
[2023-08-01 23:43:40,452] {processor.py:653} WARNING - No viable dags retrieved from /opt/airflow/dags/export_data_operator.py
[2023-08-01 23:43:40,468] {processor.py:161} INFO - Processing /opt/airflow/dags/export_data_operator.py took 0.280 seconds
[2023-08-01 23:44:10,705] {processor.py:153} INFO - Started process (PID=5225) to work on /opt/airflow/dags/export_data_operator.py
[2023-08-01 23:44:10,707] {processor.py:641} INFO - Processing file /opt/airflow/dags/export_data_operator.py for tasks to queue
[2023-08-01 23:44:10,708] {logging_mixin.py:115} INFO - [2023-08-01 23:44:10,708] {dagbag.py:508} INFO - Filling up the DagBag from /opt/airflow/dags/export_data_operator.py
[2023-08-01 23:44:10,968] {processor.py:653} WARNING - No viable dags retrieved from /opt/airflow/dags/export_data_operator.py
[2023-08-01 23:44:10,987] {processor.py:161} INFO - Processing /opt/airflow/dags/export_data_operator.py took 0.289 seconds
[2023-08-01 23:44:41,911] {processor.py:153} INFO - Started process (PID=5284) to work on /opt/airflow/dags/export_data_operator.py
[2023-08-01 23:44:41,913] {processor.py:641} INFO - Processing file /opt/airflow/dags/export_data_operator.py for tasks to queue
[2023-08-01 23:44:41,913] {logging_mixin.py:115} INFO - [2023-08-01 23:44:41,913] {dagbag.py:508} INFO - Filling up the DagBag from /opt/airflow/dags/export_data_operator.py
[2023-08-01 23:44:42,278] {processor.py:653} WARNING - No viable dags retrieved from /opt/airflow/dags/export_data_operator.py
[2023-08-01 23:44:42,295] {processor.py:161} INFO - Processing /opt/airflow/dags/export_data_operator.py took 0.388 seconds
[2023-08-01 23:45:12,422] {processor.py:153} INFO - Started process (PID=5340) to work on /opt/airflow/dags/export_data_operator.py
[2023-08-01 23:45:12,424] {processor.py:641} INFO - Processing file /opt/airflow/dags/export_data_operator.py for tasks to queue
[2023-08-01 23:45:12,425] {logging_mixin.py:115} INFO - [2023-08-01 23:45:12,425] {dagbag.py:508} INFO - Filling up the DagBag from /opt/airflow/dags/export_data_operator.py
[2023-08-01 23:45:12,781] {processor.py:653} WARNING - No viable dags retrieved from /opt/airflow/dags/export_data_operator.py
[2023-08-01 23:45:12,807] {processor.py:161} INFO - Processing /opt/airflow/dags/export_data_operator.py took 0.395 seconds
[2023-08-01 23:45:45,569] {processor.py:153} INFO - Started process (PID=5409) to work on /opt/airflow/dags/export_data_operator.py
[2023-08-01 23:45:45,580] {processor.py:641} INFO - Processing file /opt/airflow/dags/export_data_operator.py for tasks to queue
[2023-08-01 23:45:45,583] {logging_mixin.py:115} INFO - [2023-08-01 23:45:45,583] {dagbag.py:508} INFO - Filling up the DagBag from /opt/airflow/dags/export_data_operator.py
[2023-08-01 23:45:46,695] {processor.py:653} WARNING - No viable dags retrieved from /opt/airflow/dags/export_data_operator.py
[2023-08-01 23:45:46,804] {processor.py:161} INFO - Processing /opt/airflow/dags/export_data_operator.py took 1.274 seconds
[2023-08-01 23:46:17,708] {processor.py:153} INFO - Started process (PID=5456) to work on /opt/airflow/dags/export_data_operator.py
[2023-08-01 23:46:17,709] {processor.py:641} INFO - Processing file /opt/airflow/dags/export_data_operator.py for tasks to queue
[2023-08-01 23:46:17,710] {logging_mixin.py:115} INFO - [2023-08-01 23:46:17,710] {dagbag.py:508} INFO - Filling up the DagBag from /opt/airflow/dags/export_data_operator.py
[2023-08-01 23:46:18,067] {processor.py:653} WARNING - No viable dags retrieved from /opt/airflow/dags/export_data_operator.py
[2023-08-01 23:46:18,085] {processor.py:161} INFO - Processing /opt/airflow/dags/export_data_operator.py took 0.382 seconds
[2023-08-01 23:46:48,311] {processor.py:153} INFO - Started process (PID=5513) to work on /opt/airflow/dags/export_data_operator.py
[2023-08-01 23:46:48,312] {processor.py:641} INFO - Processing file /opt/airflow/dags/export_data_operator.py for tasks to queue
[2023-08-01 23:46:48,313] {logging_mixin.py:115} INFO - [2023-08-01 23:46:48,313] {dagbag.py:508} INFO - Filling up the DagBag from /opt/airflow/dags/export_data_operator.py
[2023-08-01 23:46:48,604] {processor.py:653} WARNING - No viable dags retrieved from /opt/airflow/dags/export_data_operator.py
[2023-08-01 23:46:48,622] {processor.py:161} INFO - Processing /opt/airflow/dags/export_data_operator.py took 0.317 seconds
[2023-08-01 23:47:18,702] {processor.py:153} INFO - Started process (PID=5570) to work on /opt/airflow/dags/export_data_operator.py
[2023-08-01 23:47:18,704] {processor.py:641} INFO - Processing file /opt/airflow/dags/export_data_operator.py for tasks to queue
[2023-08-01 23:47:18,706] {logging_mixin.py:115} INFO - [2023-08-01 23:47:18,706] {dagbag.py:508} INFO - Filling up the DagBag from /opt/airflow/dags/export_data_operator.py
[2023-08-01 23:47:19,022] {processor.py:653} WARNING - No viable dags retrieved from /opt/airflow/dags/export_data_operator.py
[2023-08-01 23:47:19,043] {processor.py:161} INFO - Processing /opt/airflow/dags/export_data_operator.py took 0.356 seconds
[2023-08-01 23:47:49,410] {processor.py:153} INFO - Started process (PID=5627) to work on /opt/airflow/dags/export_data_operator.py
[2023-08-01 23:47:49,411] {processor.py:641} INFO - Processing file /opt/airflow/dags/export_data_operator.py for tasks to queue
[2023-08-01 23:47:49,412] {logging_mixin.py:115} INFO - [2023-08-01 23:47:49,412] {dagbag.py:508} INFO - Filling up the DagBag from /opt/airflow/dags/export_data_operator.py
[2023-08-01 23:47:49,649] {processor.py:653} WARNING - No viable dags retrieved from /opt/airflow/dags/export_data_operator.py
[2023-08-01 23:47:49,664] {processor.py:161} INFO - Processing /opt/airflow/dags/export_data_operator.py took 0.259 seconds
[2023-08-01 23:48:19,973] {processor.py:153} INFO - Started process (PID=5676) to work on /opt/airflow/dags/export_data_operator.py
[2023-08-01 23:48:19,975] {processor.py:641} INFO - Processing file /opt/airflow/dags/export_data_operator.py for tasks to queue
[2023-08-01 23:48:19,976] {logging_mixin.py:115} INFO - [2023-08-01 23:48:19,976] {dagbag.py:508} INFO - Filling up the DagBag from /opt/airflow/dags/export_data_operator.py
[2023-08-01 23:48:20,204] {processor.py:653} WARNING - No viable dags retrieved from /opt/airflow/dags/export_data_operator.py
[2023-08-01 23:48:20,220] {processor.py:161} INFO - Processing /opt/airflow/dags/export_data_operator.py took 0.251 seconds
[2023-08-01 23:48:50,424] {processor.py:153} INFO - Started process (PID=5735) to work on /opt/airflow/dags/export_data_operator.py
[2023-08-01 23:48:50,425] {processor.py:641} INFO - Processing file /opt/airflow/dags/export_data_operator.py for tasks to queue
[2023-08-01 23:48:50,426] {logging_mixin.py:115} INFO - [2023-08-01 23:48:50,426] {dagbag.py:508} INFO - Filling up the DagBag from /opt/airflow/dags/export_data_operator.py
[2023-08-01 23:48:50,652] {processor.py:653} WARNING - No viable dags retrieved from /opt/airflow/dags/export_data_operator.py
[2023-08-01 23:48:50,672] {processor.py:161} INFO - Processing /opt/airflow/dags/export_data_operator.py took 0.251 seconds
[2023-08-01 23:49:21,009] {processor.py:153} INFO - Started process (PID=5792) to work on /opt/airflow/dags/export_data_operator.py
[2023-08-01 23:49:21,011] {processor.py:641} INFO - Processing file /opt/airflow/dags/export_data_operator.py for tasks to queue
[2023-08-01 23:49:21,012] {logging_mixin.py:115} INFO - [2023-08-01 23:49:21,011] {dagbag.py:508} INFO - Filling up the DagBag from /opt/airflow/dags/export_data_operator.py
[2023-08-01 23:49:21,325] {processor.py:653} WARNING - No viable dags retrieved from /opt/airflow/dags/export_data_operator.py
[2023-08-01 23:49:21,364] {processor.py:161} INFO - Processing /opt/airflow/dags/export_data_operator.py took 0.361 seconds
[2023-08-01 23:49:52,248] {processor.py:153} INFO - Started process (PID=5850) to work on /opt/airflow/dags/export_data_operator.py
[2023-08-01 23:49:52,250] {processor.py:641} INFO - Processing file /opt/airflow/dags/export_data_operator.py for tasks to queue
[2023-08-01 23:49:52,252] {logging_mixin.py:115} INFO - [2023-08-01 23:49:52,252] {dagbag.py:508} INFO - Filling up the DagBag from /opt/airflow/dags/export_data_operator.py
[2023-08-01 23:49:52,552] {processor.py:653} WARNING - No viable dags retrieved from /opt/airflow/dags/export_data_operator.py
[2023-08-01 23:49:52,571] {processor.py:161} INFO - Processing /opt/airflow/dags/export_data_operator.py took 0.329 seconds
[2023-08-01 23:50:23,149] {processor.py:153} INFO - Started process (PID=5905) to work on /opt/airflow/dags/export_data_operator.py
[2023-08-01 23:50:23,150] {processor.py:641} INFO - Processing file /opt/airflow/dags/export_data_operator.py for tasks to queue
[2023-08-01 23:50:23,151] {logging_mixin.py:115} INFO - [2023-08-01 23:50:23,151] {dagbag.py:508} INFO - Filling up the DagBag from /opt/airflow/dags/export_data_operator.py
[2023-08-01 23:50:23,455] {processor.py:653} WARNING - No viable dags retrieved from /opt/airflow/dags/export_data_operator.py
[2023-08-01 23:50:23,500] {processor.py:161} INFO - Processing /opt/airflow/dags/export_data_operator.py took 0.355 seconds
[2023-08-01 23:50:53,612] {processor.py:153} INFO - Started process (PID=5954) to work on /opt/airflow/dags/export_data_operator.py
[2023-08-01 23:50:53,613] {processor.py:641} INFO - Processing file /opt/airflow/dags/export_data_operator.py for tasks to queue
[2023-08-01 23:50:53,614] {logging_mixin.py:115} INFO - [2023-08-01 23:50:53,614] {dagbag.py:508} INFO - Filling up the DagBag from /opt/airflow/dags/export_data_operator.py
[2023-08-01 23:50:53,859] {processor.py:653} WARNING - No viable dags retrieved from /opt/airflow/dags/export_data_operator.py
[2023-08-01 23:50:53,875] {processor.py:161} INFO - Processing /opt/airflow/dags/export_data_operator.py took 0.268 seconds
[2023-08-01 23:51:24,556] {processor.py:153} INFO - Started process (PID=6012) to work on /opt/airflow/dags/export_data_operator.py
[2023-08-01 23:51:24,557] {processor.py:641} INFO - Processing file /opt/airflow/dags/export_data_operator.py for tasks to queue
[2023-08-01 23:51:24,558] {logging_mixin.py:115} INFO - [2023-08-01 23:51:24,558] {dagbag.py:508} INFO - Filling up the DagBag from /opt/airflow/dags/export_data_operator.py
[2023-08-01 23:51:24,837] {processor.py:653} WARNING - No viable dags retrieved from /opt/airflow/dags/export_data_operator.py
[2023-08-01 23:51:24,854] {processor.py:161} INFO - Processing /opt/airflow/dags/export_data_operator.py took 0.303 seconds
[2023-08-01 23:51:55,097] {processor.py:153} INFO - Started process (PID=6069) to work on /opt/airflow/dags/export_data_operator.py
[2023-08-01 23:51:55,099] {processor.py:641} INFO - Processing file /opt/airflow/dags/export_data_operator.py for tasks to queue
[2023-08-01 23:51:55,099] {logging_mixin.py:115} INFO - [2023-08-01 23:51:55,099] {dagbag.py:508} INFO - Filling up the DagBag from /opt/airflow/dags/export_data_operator.py
[2023-08-01 23:51:55,356] {processor.py:653} WARNING - No viable dags retrieved from /opt/airflow/dags/export_data_operator.py
[2023-08-01 23:51:55,372] {processor.py:161} INFO - Processing /opt/airflow/dags/export_data_operator.py took 0.279 seconds
[2023-08-01 23:52:26,157] {processor.py:153} INFO - Started process (PID=6117) to work on /opt/airflow/dags/export_data_operator.py
[2023-08-01 23:52:26,158] {processor.py:641} INFO - Processing file /opt/airflow/dags/export_data_operator.py for tasks to queue
[2023-08-01 23:52:26,159] {logging_mixin.py:115} INFO - [2023-08-01 23:52:26,159] {dagbag.py:508} INFO - Filling up the DagBag from /opt/airflow/dags/export_data_operator.py
[2023-08-01 23:52:26,494] {processor.py:653} WARNING - No viable dags retrieved from /opt/airflow/dags/export_data_operator.py
[2023-08-01 23:52:26,558] {processor.py:161} INFO - Processing /opt/airflow/dags/export_data_operator.py took 0.404 seconds
[2023-08-01 23:52:57,518] {processor.py:153} INFO - Started process (PID=6174) to work on /opt/airflow/dags/export_data_operator.py
[2023-08-01 23:52:57,520] {processor.py:641} INFO - Processing file /opt/airflow/dags/export_data_operator.py for tasks to queue
[2023-08-01 23:52:57,521] {logging_mixin.py:115} INFO - [2023-08-01 23:52:57,520] {dagbag.py:508} INFO - Filling up the DagBag from /opt/airflow/dags/export_data_operator.py
[2023-08-01 23:52:57,895] {processor.py:653} WARNING - No viable dags retrieved from /opt/airflow/dags/export_data_operator.py
[2023-08-01 23:52:57,918] {processor.py:161} INFO - Processing /opt/airflow/dags/export_data_operator.py took 0.407 seconds
[2023-08-01 23:53:28,390] {processor.py:153} INFO - Started process (PID=6231) to work on /opt/airflow/dags/export_data_operator.py
[2023-08-01 23:53:28,391] {processor.py:641} INFO - Processing file /opt/airflow/dags/export_data_operator.py for tasks to queue
[2023-08-01 23:53:28,392] {logging_mixin.py:115} INFO - [2023-08-01 23:53:28,392] {dagbag.py:508} INFO - Filling up the DagBag from /opt/airflow/dags/export_data_operator.py
[2023-08-01 23:53:28,715] {processor.py:653} WARNING - No viable dags retrieved from /opt/airflow/dags/export_data_operator.py
[2023-08-01 23:53:28,735] {processor.py:161} INFO - Processing /opt/airflow/dags/export_data_operator.py took 0.351 seconds
[2023-08-01 23:53:59,033] {processor.py:153} INFO - Started process (PID=6287) to work on /opt/airflow/dags/export_data_operator.py
[2023-08-01 23:53:59,035] {processor.py:641} INFO - Processing file /opt/airflow/dags/export_data_operator.py for tasks to queue
[2023-08-01 23:53:59,038] {logging_mixin.py:115} INFO - [2023-08-01 23:53:59,038] {dagbag.py:508} INFO - Filling up the DagBag from /opt/airflow/dags/export_data_operator.py
[2023-08-01 23:53:59,557] {processor.py:653} WARNING - No viable dags retrieved from /opt/airflow/dags/export_data_operator.py
[2023-08-01 23:53:59,587] {processor.py:161} INFO - Processing /opt/airflow/dags/export_data_operator.py took 0.566 seconds
[2023-08-01 23:54:29,729] {processor.py:153} INFO - Started process (PID=6344) to work on /opt/airflow/dags/export_data_operator.py
[2023-08-01 23:54:29,730] {processor.py:641} INFO - Processing file /opt/airflow/dags/export_data_operator.py for tasks to queue
[2023-08-01 23:54:29,731] {logging_mixin.py:115} INFO - [2023-08-01 23:54:29,731] {dagbag.py:508} INFO - Filling up the DagBag from /opt/airflow/dags/export_data_operator.py
[2023-08-01 23:54:30,010] {processor.py:653} WARNING - No viable dags retrieved from /opt/airflow/dags/export_data_operator.py
[2023-08-01 23:54:30,050] {processor.py:161} INFO - Processing /opt/airflow/dags/export_data_operator.py took 0.325 seconds
[2023-08-01 23:55:00,130] {processor.py:153} INFO - Started process (PID=6392) to work on /opt/airflow/dags/export_data_operator.py
[2023-08-01 23:55:00,131] {processor.py:641} INFO - Processing file /opt/airflow/dags/export_data_operator.py for tasks to queue
[2023-08-01 23:55:00,132] {logging_mixin.py:115} INFO - [2023-08-01 23:55:00,132] {dagbag.py:508} INFO - Filling up the DagBag from /opt/airflow/dags/export_data_operator.py
[2023-08-01 23:55:00,382] {processor.py:653} WARNING - No viable dags retrieved from /opt/airflow/dags/export_data_operator.py
[2023-08-01 23:55:00,406] {processor.py:161} INFO - Processing /opt/airflow/dags/export_data_operator.py took 0.283 seconds
[2023-08-01 23:55:30,559] {processor.py:153} INFO - Started process (PID=6450) to work on /opt/airflow/dags/export_data_operator.py
[2023-08-01 23:55:30,561] {processor.py:641} INFO - Processing file /opt/airflow/dags/export_data_operator.py for tasks to queue
[2023-08-01 23:55:30,562] {logging_mixin.py:115} INFO - [2023-08-01 23:55:30,562] {dagbag.py:508} INFO - Filling up the DagBag from /opt/airflow/dags/export_data_operator.py
[2023-08-01 23:55:30,823] {processor.py:653} WARNING - No viable dags retrieved from /opt/airflow/dags/export_data_operator.py
[2023-08-01 23:55:30,837] {processor.py:161} INFO - Processing /opt/airflow/dags/export_data_operator.py took 0.284 seconds
[2023-08-01 23:56:00,903] {processor.py:153} INFO - Started process (PID=6507) to work on /opt/airflow/dags/export_data_operator.py
[2023-08-01 23:56:00,905] {processor.py:641} INFO - Processing file /opt/airflow/dags/export_data_operator.py for tasks to queue
[2023-08-01 23:56:00,908] {logging_mixin.py:115} INFO - [2023-08-01 23:56:00,908] {dagbag.py:508} INFO - Filling up the DagBag from /opt/airflow/dags/export_data_operator.py
[2023-08-01 23:56:01,243] {processor.py:653} WARNING - No viable dags retrieved from /opt/airflow/dags/export_data_operator.py
[2023-08-01 23:56:01,266] {processor.py:161} INFO - Processing /opt/airflow/dags/export_data_operator.py took 0.370 seconds
[2023-08-01 23:56:31,459] {processor.py:153} INFO - Started process (PID=6557) to work on /opt/airflow/dags/export_data_operator.py
[2023-08-01 23:56:31,460] {processor.py:641} INFO - Processing file /opt/airflow/dags/export_data_operator.py for tasks to queue
[2023-08-01 23:56:31,461] {logging_mixin.py:115} INFO - [2023-08-01 23:56:31,461] {dagbag.py:508} INFO - Filling up the DagBag from /opt/airflow/dags/export_data_operator.py
[2023-08-01 23:56:31,669] {processor.py:653} WARNING - No viable dags retrieved from /opt/airflow/dags/export_data_operator.py
[2023-08-01 23:56:31,688] {processor.py:161} INFO - Processing /opt/airflow/dags/export_data_operator.py took 0.232 seconds
[2023-08-01 23:57:01,806] {processor.py:153} INFO - Started process (PID=6614) to work on /opt/airflow/dags/export_data_operator.py
[2023-08-01 23:57:01,807] {processor.py:641} INFO - Processing file /opt/airflow/dags/export_data_operator.py for tasks to queue
[2023-08-01 23:57:01,808] {logging_mixin.py:115} INFO - [2023-08-01 23:57:01,808] {dagbag.py:508} INFO - Filling up the DagBag from /opt/airflow/dags/export_data_operator.py
[2023-08-01 23:57:02,036] {processor.py:653} WARNING - No viable dags retrieved from /opt/airflow/dags/export_data_operator.py
[2023-08-01 23:57:02,050] {processor.py:161} INFO - Processing /opt/airflow/dags/export_data_operator.py took 0.247 seconds
[2023-08-01 23:57:32,180] {processor.py:153} INFO - Started process (PID=6672) to work on /opt/airflow/dags/export_data_operator.py
[2023-08-01 23:57:32,181] {processor.py:641} INFO - Processing file /opt/airflow/dags/export_data_operator.py for tasks to queue
[2023-08-01 23:57:32,182] {logging_mixin.py:115} INFO - [2023-08-01 23:57:32,182] {dagbag.py:508} INFO - Filling up the DagBag from /opt/airflow/dags/export_data_operator.py
[2023-08-01 23:57:32,485] {processor.py:653} WARNING - No viable dags retrieved from /opt/airflow/dags/export_data_operator.py
[2023-08-01 23:57:32,513] {processor.py:161} INFO - Processing /opt/airflow/dags/export_data_operator.py took 0.336 seconds
[2023-08-01 23:58:02,674] {processor.py:153} INFO - Started process (PID=6729) to work on /opt/airflow/dags/export_data_operator.py
[2023-08-01 23:58:02,675] {processor.py:641} INFO - Processing file /opt/airflow/dags/export_data_operator.py for tasks to queue
[2023-08-01 23:58:02,676] {logging_mixin.py:115} INFO - [2023-08-01 23:58:02,676] {dagbag.py:508} INFO - Filling up the DagBag from /opt/airflow/dags/export_data_operator.py
[2023-08-01 23:58:02,949] {processor.py:653} WARNING - No viable dags retrieved from /opt/airflow/dags/export_data_operator.py
[2023-08-01 23:58:02,965] {processor.py:161} INFO - Processing /opt/airflow/dags/export_data_operator.py took 0.294 seconds
[2023-08-01 23:58:33,025] {processor.py:153} INFO - Started process (PID=6777) to work on /opt/airflow/dags/export_data_operator.py
[2023-08-01 23:58:33,026] {processor.py:641} INFO - Processing file /opt/airflow/dags/export_data_operator.py for tasks to queue
[2023-08-01 23:58:33,027] {logging_mixin.py:115} INFO - [2023-08-01 23:58:33,027] {dagbag.py:508} INFO - Filling up the DagBag from /opt/airflow/dags/export_data_operator.py
[2023-08-01 23:58:33,239] {processor.py:653} WARNING - No viable dags retrieved from /opt/airflow/dags/export_data_operator.py
[2023-08-01 23:58:33,254] {processor.py:161} INFO - Processing /opt/airflow/dags/export_data_operator.py took 0.231 seconds
[2023-08-01 23:59:03,292] {processor.py:153} INFO - Started process (PID=6833) to work on /opt/airflow/dags/export_data_operator.py
[2023-08-01 23:59:03,293] {processor.py:641} INFO - Processing file /opt/airflow/dags/export_data_operator.py for tasks to queue
[2023-08-01 23:59:03,294] {logging_mixin.py:115} INFO - [2023-08-01 23:59:03,294] {dagbag.py:508} INFO - Filling up the DagBag from /opt/airflow/dags/export_data_operator.py
[2023-08-01 23:59:03,499] {processor.py:653} WARNING - No viable dags retrieved from /opt/airflow/dags/export_data_operator.py
[2023-08-01 23:59:03,514] {processor.py:161} INFO - Processing /opt/airflow/dags/export_data_operator.py took 0.225 seconds
[2023-08-01 23:59:33,880] {processor.py:153} INFO - Started process (PID=6890) to work on /opt/airflow/dags/export_data_operator.py
[2023-08-01 23:59:33,882] {processor.py:641} INFO - Processing file /opt/airflow/dags/export_data_operator.py for tasks to queue
[2023-08-01 23:59:33,882] {logging_mixin.py:115} INFO - [2023-08-01 23:59:33,882] {dagbag.py:508} INFO - Filling up the DagBag from /opt/airflow/dags/export_data_operator.py
[2023-08-01 23:59:34,128] {processor.py:653} WARNING - No viable dags retrieved from /opt/airflow/dags/export_data_operator.py
[2023-08-01 23:59:34,148] {processor.py:161} INFO - Processing /opt/airflow/dags/export_data_operator.py took 0.270 seconds
