[2023-08-01 22:56:08,709] {processor.py:153} INFO - Started process (PID=57) to work on /opt/airflow/dags/prepare_semilleros_operator.py
[2023-08-01 22:56:08,713] {processor.py:641} INFO - Processing file /opt/airflow/dags/prepare_semilleros_operator.py for tasks to queue
[2023-08-01 22:56:08,718] {logging_mixin.py:115} INFO - [2023-08-01 22:56:08,717] {dagbag.py:508} INFO - Filling up the DagBag from /opt/airflow/dags/prepare_semilleros_operator.py
[2023-08-01 22:56:09,369] {processor.py:653} WARNING - No viable dags retrieved from /opt/airflow/dags/prepare_semilleros_operator.py
[2023-08-01 22:56:09,414] {processor.py:161} INFO - Processing /opt/airflow/dags/prepare_semilleros_operator.py took 0.710 seconds
[2023-08-01 22:56:39,591] {processor.py:153} INFO - Started process (PID=115) to work on /opt/airflow/dags/prepare_semilleros_operator.py
[2023-08-01 22:56:39,592] {processor.py:641} INFO - Processing file /opt/airflow/dags/prepare_semilleros_operator.py for tasks to queue
[2023-08-01 22:56:39,593] {logging_mixin.py:115} INFO - [2023-08-01 22:56:39,593] {dagbag.py:508} INFO - Filling up the DagBag from /opt/airflow/dags/prepare_semilleros_operator.py
[2023-08-01 22:56:39,800] {processor.py:653} WARNING - No viable dags retrieved from /opt/airflow/dags/prepare_semilleros_operator.py
[2023-08-01 22:56:39,811] {processor.py:161} INFO - Processing /opt/airflow/dags/prepare_semilleros_operator.py took 0.223 seconds
[2023-08-01 22:57:10,130] {processor.py:153} INFO - Started process (PID=172) to work on /opt/airflow/dags/prepare_semilleros_operator.py
[2023-08-01 22:57:10,132] {processor.py:641} INFO - Processing file /opt/airflow/dags/prepare_semilleros_operator.py for tasks to queue
[2023-08-01 22:57:10,134] {logging_mixin.py:115} INFO - [2023-08-01 22:57:10,134] {dagbag.py:508} INFO - Filling up the DagBag from /opt/airflow/dags/prepare_semilleros_operator.py
[2023-08-01 22:57:10,381] {processor.py:653} WARNING - No viable dags retrieved from /opt/airflow/dags/prepare_semilleros_operator.py
[2023-08-01 22:57:10,394] {processor.py:161} INFO - Processing /opt/airflow/dags/prepare_semilleros_operator.py took 0.267 seconds
[2023-08-01 22:57:40,930] {processor.py:153} INFO - Started process (PID=219) to work on /opt/airflow/dags/prepare_semilleros_operator.py
[2023-08-01 22:57:40,931] {processor.py:641} INFO - Processing file /opt/airflow/dags/prepare_semilleros_operator.py for tasks to queue
[2023-08-01 22:57:40,931] {logging_mixin.py:115} INFO - [2023-08-01 22:57:40,931] {dagbag.py:508} INFO - Filling up the DagBag from /opt/airflow/dags/prepare_semilleros_operator.py
[2023-08-01 22:57:41,148] {processor.py:653} WARNING - No viable dags retrieved from /opt/airflow/dags/prepare_semilleros_operator.py
[2023-08-01 22:57:41,165] {processor.py:161} INFO - Processing /opt/airflow/dags/prepare_semilleros_operator.py took 0.239 seconds
[2023-08-01 22:58:11,560] {processor.py:153} INFO - Started process (PID=277) to work on /opt/airflow/dags/prepare_semilleros_operator.py
[2023-08-01 22:58:11,561] {processor.py:641} INFO - Processing file /opt/airflow/dags/prepare_semilleros_operator.py for tasks to queue
[2023-08-01 22:58:11,562] {logging_mixin.py:115} INFO - [2023-08-01 22:58:11,562] {dagbag.py:508} INFO - Filling up the DagBag from /opt/airflow/dags/prepare_semilleros_operator.py
[2023-08-01 22:58:11,799] {processor.py:653} WARNING - No viable dags retrieved from /opt/airflow/dags/prepare_semilleros_operator.py
[2023-08-01 22:58:11,815] {processor.py:161} INFO - Processing /opt/airflow/dags/prepare_semilleros_operator.py took 0.258 seconds
[2023-08-01 22:58:42,424] {processor.py:153} INFO - Started process (PID=335) to work on /opt/airflow/dags/prepare_semilleros_operator.py
[2023-08-01 22:58:42,428] {processor.py:641} INFO - Processing file /opt/airflow/dags/prepare_semilleros_operator.py for tasks to queue
[2023-08-01 22:58:42,431] {logging_mixin.py:115} INFO - [2023-08-01 22:58:42,431] {dagbag.py:508} INFO - Filling up the DagBag from /opt/airflow/dags/prepare_semilleros_operator.py
[2023-08-01 22:58:42,828] {processor.py:653} WARNING - No viable dags retrieved from /opt/airflow/dags/prepare_semilleros_operator.py
[2023-08-01 22:58:42,844] {processor.py:161} INFO - Processing /opt/airflow/dags/prepare_semilleros_operator.py took 0.425 seconds
[2023-08-01 22:59:13,481] {processor.py:153} INFO - Started process (PID=392) to work on /opt/airflow/dags/prepare_semilleros_operator.py
[2023-08-01 22:59:13,482] {processor.py:641} INFO - Processing file /opt/airflow/dags/prepare_semilleros_operator.py for tasks to queue
[2023-08-01 22:59:13,483] {logging_mixin.py:115} INFO - [2023-08-01 22:59:13,483] {dagbag.py:508} INFO - Filling up the DagBag from /opt/airflow/dags/prepare_semilleros_operator.py
[2023-08-01 22:59:13,715] {processor.py:653} WARNING - No viable dags retrieved from /opt/airflow/dags/prepare_semilleros_operator.py
[2023-08-01 22:59:13,730] {processor.py:161} INFO - Processing /opt/airflow/dags/prepare_semilleros_operator.py took 0.252 seconds
[2023-08-01 22:59:44,328] {processor.py:153} INFO - Started process (PID=440) to work on /opt/airflow/dags/prepare_semilleros_operator.py
[2023-08-01 22:59:44,329] {processor.py:641} INFO - Processing file /opt/airflow/dags/prepare_semilleros_operator.py for tasks to queue
[2023-08-01 22:59:44,331] {logging_mixin.py:115} INFO - [2023-08-01 22:59:44,331] {dagbag.py:508} INFO - Filling up the DagBag from /opt/airflow/dags/prepare_semilleros_operator.py
[2023-08-01 22:59:44,602] {processor.py:653} WARNING - No viable dags retrieved from /opt/airflow/dags/prepare_semilleros_operator.py
[2023-08-01 22:59:44,616] {processor.py:161} INFO - Processing /opt/airflow/dags/prepare_semilleros_operator.py took 0.291 seconds
[2023-08-01 23:00:16,192] {processor.py:153} INFO - Started process (PID=497) to work on /opt/airflow/dags/prepare_semilleros_operator.py
[2023-08-01 23:00:16,193] {processor.py:641} INFO - Processing file /opt/airflow/dags/prepare_semilleros_operator.py for tasks to queue
[2023-08-01 23:00:16,194] {logging_mixin.py:115} INFO - [2023-08-01 23:00:16,194] {dagbag.py:508} INFO - Filling up the DagBag from /opt/airflow/dags/prepare_semilleros_operator.py
[2023-08-01 23:00:16,441] {processor.py:653} WARNING - No viable dags retrieved from /opt/airflow/dags/prepare_semilleros_operator.py
[2023-08-01 23:00:16,455] {processor.py:161} INFO - Processing /opt/airflow/dags/prepare_semilleros_operator.py took 0.267 seconds
[2023-08-01 23:00:46,826] {processor.py:153} INFO - Started process (PID=553) to work on /opt/airflow/dags/prepare_semilleros_operator.py
[2023-08-01 23:00:46,827] {processor.py:641} INFO - Processing file /opt/airflow/dags/prepare_semilleros_operator.py for tasks to queue
[2023-08-01 23:00:46,828] {logging_mixin.py:115} INFO - [2023-08-01 23:00:46,828] {dagbag.py:508} INFO - Filling up the DagBag from /opt/airflow/dags/prepare_semilleros_operator.py
[2023-08-01 23:00:47,075] {processor.py:653} WARNING - No viable dags retrieved from /opt/airflow/dags/prepare_semilleros_operator.py
[2023-08-01 23:00:47,087] {processor.py:161} INFO - Processing /opt/airflow/dags/prepare_semilleros_operator.py took 0.263 seconds
[2023-08-01 23:01:18,030] {processor.py:153} INFO - Started process (PID=610) to work on /opt/airflow/dags/prepare_semilleros_operator.py
[2023-08-01 23:01:18,032] {processor.py:641} INFO - Processing file /opt/airflow/dags/prepare_semilleros_operator.py for tasks to queue
[2023-08-01 23:01:18,033] {logging_mixin.py:115} INFO - [2023-08-01 23:01:18,033] {dagbag.py:508} INFO - Filling up the DagBag from /opt/airflow/dags/prepare_semilleros_operator.py
[2023-08-01 23:01:18,320] {processor.py:653} WARNING - No viable dags retrieved from /opt/airflow/dags/prepare_semilleros_operator.py
[2023-08-01 23:01:18,339] {processor.py:161} INFO - Processing /opt/airflow/dags/prepare_semilleros_operator.py took 0.312 seconds
[2023-08-01 23:01:48,907] {processor.py:153} INFO - Started process (PID=669) to work on /opt/airflow/dags/prepare_semilleros_operator.py
[2023-08-01 23:01:48,908] {processor.py:641} INFO - Processing file /opt/airflow/dags/prepare_semilleros_operator.py for tasks to queue
[2023-08-01 23:01:48,910] {logging_mixin.py:115} INFO - [2023-08-01 23:01:48,910] {dagbag.py:508} INFO - Filling up the DagBag from /opt/airflow/dags/prepare_semilleros_operator.py
[2023-08-01 23:01:49,129] {processor.py:653} WARNING - No viable dags retrieved from /opt/airflow/dags/prepare_semilleros_operator.py
[2023-08-01 23:01:49,141] {processor.py:161} INFO - Processing /opt/airflow/dags/prepare_semilleros_operator.py took 0.236 seconds
[2023-08-01 23:02:19,774] {processor.py:153} INFO - Started process (PID=717) to work on /opt/airflow/dags/prepare_semilleros_operator.py
[2023-08-01 23:02:19,775] {processor.py:641} INFO - Processing file /opt/airflow/dags/prepare_semilleros_operator.py for tasks to queue
[2023-08-01 23:02:19,776] {logging_mixin.py:115} INFO - [2023-08-01 23:02:19,776] {dagbag.py:508} INFO - Filling up the DagBag from /opt/airflow/dags/prepare_semilleros_operator.py
[2023-08-01 23:02:20,008] {processor.py:653} WARNING - No viable dags retrieved from /opt/airflow/dags/prepare_semilleros_operator.py
[2023-08-01 23:02:20,019] {processor.py:161} INFO - Processing /opt/airflow/dags/prepare_semilleros_operator.py took 0.248 seconds
[2023-08-01 23:02:50,850] {processor.py:153} INFO - Started process (PID=775) to work on /opt/airflow/dags/prepare_semilleros_operator.py
[2023-08-01 23:02:50,852] {processor.py:641} INFO - Processing file /opt/airflow/dags/prepare_semilleros_operator.py for tasks to queue
[2023-08-01 23:02:50,853] {logging_mixin.py:115} INFO - [2023-08-01 23:02:50,853] {dagbag.py:508} INFO - Filling up the DagBag from /opt/airflow/dags/prepare_semilleros_operator.py
[2023-08-01 23:02:51,074] {processor.py:653} WARNING - No viable dags retrieved from /opt/airflow/dags/prepare_semilleros_operator.py
[2023-08-01 23:02:51,096] {processor.py:161} INFO - Processing /opt/airflow/dags/prepare_semilleros_operator.py took 0.248 seconds
[2023-08-01 23:03:21,741] {processor.py:153} INFO - Started process (PID=833) to work on /opt/airflow/dags/prepare_semilleros_operator.py
[2023-08-01 23:03:21,742] {processor.py:641} INFO - Processing file /opt/airflow/dags/prepare_semilleros_operator.py for tasks to queue
[2023-08-01 23:03:21,743] {logging_mixin.py:115} INFO - [2023-08-01 23:03:21,743] {dagbag.py:508} INFO - Filling up the DagBag from /opt/airflow/dags/prepare_semilleros_operator.py
[2023-08-01 23:03:21,979] {processor.py:653} WARNING - No viable dags retrieved from /opt/airflow/dags/prepare_semilleros_operator.py
[2023-08-01 23:03:21,991] {processor.py:161} INFO - Processing /opt/airflow/dags/prepare_semilleros_operator.py took 0.253 seconds
[2023-08-01 23:03:53,376] {processor.py:153} INFO - Started process (PID=890) to work on /opt/airflow/dags/prepare_semilleros_operator.py
[2023-08-01 23:03:53,377] {processor.py:641} INFO - Processing file /opt/airflow/dags/prepare_semilleros_operator.py for tasks to queue
[2023-08-01 23:03:53,378] {logging_mixin.py:115} INFO - [2023-08-01 23:03:53,378] {dagbag.py:508} INFO - Filling up the DagBag from /opt/airflow/dags/prepare_semilleros_operator.py
[2023-08-01 23:03:53,594] {processor.py:653} WARNING - No viable dags retrieved from /opt/airflow/dags/prepare_semilleros_operator.py
[2023-08-01 23:03:53,605] {processor.py:161} INFO - Processing /opt/airflow/dags/prepare_semilleros_operator.py took 0.232 seconds
[2023-08-01 23:04:24,912] {processor.py:153} INFO - Started process (PID=948) to work on /opt/airflow/dags/prepare_semilleros_operator.py
[2023-08-01 23:04:24,913] {processor.py:641} INFO - Processing file /opt/airflow/dags/prepare_semilleros_operator.py for tasks to queue
[2023-08-01 23:04:24,914] {logging_mixin.py:115} INFO - [2023-08-01 23:04:24,914] {dagbag.py:508} INFO - Filling up the DagBag from /opt/airflow/dags/prepare_semilleros_operator.py
[2023-08-01 23:04:25,151] {processor.py:653} WARNING - No viable dags retrieved from /opt/airflow/dags/prepare_semilleros_operator.py
[2023-08-01 23:04:25,163] {processor.py:161} INFO - Processing /opt/airflow/dags/prepare_semilleros_operator.py took 0.254 seconds
[2023-08-01 23:04:56,133] {processor.py:153} INFO - Started process (PID=1003) to work on /opt/airflow/dags/prepare_semilleros_operator.py
[2023-08-01 23:04:56,134] {processor.py:641} INFO - Processing file /opt/airflow/dags/prepare_semilleros_operator.py for tasks to queue
[2023-08-01 23:04:56,135] {logging_mixin.py:115} INFO - [2023-08-01 23:04:56,135] {dagbag.py:508} INFO - Filling up the DagBag from /opt/airflow/dags/prepare_semilleros_operator.py
[2023-08-01 23:04:56,363] {processor.py:653} WARNING - No viable dags retrieved from /opt/airflow/dags/prepare_semilleros_operator.py
[2023-08-01 23:04:56,376] {processor.py:161} INFO - Processing /opt/airflow/dags/prepare_semilleros_operator.py took 0.246 seconds
[2023-08-01 23:05:27,420] {processor.py:153} INFO - Started process (PID=1052) to work on /opt/airflow/dags/prepare_semilleros_operator.py
[2023-08-01 23:05:27,422] {processor.py:641} INFO - Processing file /opt/airflow/dags/prepare_semilleros_operator.py for tasks to queue
[2023-08-01 23:05:27,423] {logging_mixin.py:115} INFO - [2023-08-01 23:05:27,423] {dagbag.py:508} INFO - Filling up the DagBag from /opt/airflow/dags/prepare_semilleros_operator.py
[2023-08-01 23:05:27,671] {processor.py:653} WARNING - No viable dags retrieved from /opt/airflow/dags/prepare_semilleros_operator.py
[2023-08-01 23:05:27,683] {processor.py:161} INFO - Processing /opt/airflow/dags/prepare_semilleros_operator.py took 0.277 seconds
[2023-08-01 23:05:58,563] {processor.py:153} INFO - Started process (PID=1108) to work on /opt/airflow/dags/prepare_semilleros_operator.py
[2023-08-01 23:05:58,564] {processor.py:641} INFO - Processing file /opt/airflow/dags/prepare_semilleros_operator.py for tasks to queue
[2023-08-01 23:05:58,565] {logging_mixin.py:115} INFO - [2023-08-01 23:05:58,565] {dagbag.py:508} INFO - Filling up the DagBag from /opt/airflow/dags/prepare_semilleros_operator.py
[2023-08-01 23:05:58,799] {processor.py:653} WARNING - No viable dags retrieved from /opt/airflow/dags/prepare_semilleros_operator.py
[2023-08-01 23:05:58,810] {processor.py:161} INFO - Processing /opt/airflow/dags/prepare_semilleros_operator.py took 0.250 seconds
[2023-08-01 23:06:29,452] {processor.py:153} INFO - Started process (PID=1165) to work on /opt/airflow/dags/prepare_semilleros_operator.py
[2023-08-01 23:06:29,454] {processor.py:641} INFO - Processing file /opt/airflow/dags/prepare_semilleros_operator.py for tasks to queue
[2023-08-01 23:06:29,455] {logging_mixin.py:115} INFO - [2023-08-01 23:06:29,455] {dagbag.py:508} INFO - Filling up the DagBag from /opt/airflow/dags/prepare_semilleros_operator.py
[2023-08-01 23:06:29,682] {processor.py:653} WARNING - No viable dags retrieved from /opt/airflow/dags/prepare_semilleros_operator.py
[2023-08-01 23:06:29,694] {processor.py:161} INFO - Processing /opt/airflow/dags/prepare_semilleros_operator.py took 0.244 seconds
[2023-08-01 23:07:00,294] {processor.py:153} INFO - Started process (PID=1224) to work on /opt/airflow/dags/prepare_semilleros_operator.py
[2023-08-01 23:07:00,295] {processor.py:641} INFO - Processing file /opt/airflow/dags/prepare_semilleros_operator.py for tasks to queue
[2023-08-01 23:07:00,296] {logging_mixin.py:115} INFO - [2023-08-01 23:07:00,296] {dagbag.py:508} INFO - Filling up the DagBag from /opt/airflow/dags/prepare_semilleros_operator.py
[2023-08-01 23:07:00,520] {processor.py:653} WARNING - No viable dags retrieved from /opt/airflow/dags/prepare_semilleros_operator.py
[2023-08-01 23:07:00,533] {processor.py:161} INFO - Processing /opt/airflow/dags/prepare_semilleros_operator.py took 0.242 seconds
[2023-08-01 23:07:31,240] {processor.py:153} INFO - Started process (PID=1281) to work on /opt/airflow/dags/prepare_semilleros_operator.py
[2023-08-01 23:07:31,241] {processor.py:641} INFO - Processing file /opt/airflow/dags/prepare_semilleros_operator.py for tasks to queue
[2023-08-01 23:07:31,241] {logging_mixin.py:115} INFO - [2023-08-01 23:07:31,241] {dagbag.py:508} INFO - Filling up the DagBag from /opt/airflow/dags/prepare_semilleros_operator.py
[2023-08-01 23:07:31,466] {processor.py:653} WARNING - No viable dags retrieved from /opt/airflow/dags/prepare_semilleros_operator.py
[2023-08-01 23:07:31,478] {processor.py:161} INFO - Processing /opt/airflow/dags/prepare_semilleros_operator.py took 0.241 seconds
[2023-08-01 23:08:02,580] {processor.py:153} INFO - Started process (PID=1329) to work on /opt/airflow/dags/prepare_semilleros_operator.py
[2023-08-01 23:08:02,581] {processor.py:641} INFO - Processing file /opt/airflow/dags/prepare_semilleros_operator.py for tasks to queue
[2023-08-01 23:08:02,582] {logging_mixin.py:115} INFO - [2023-08-01 23:08:02,581] {dagbag.py:508} INFO - Filling up the DagBag from /opt/airflow/dags/prepare_semilleros_operator.py
[2023-08-01 23:08:03,019] {processor.py:653} WARNING - No viable dags retrieved from /opt/airflow/dags/prepare_semilleros_operator.py
[2023-08-01 23:08:03,033] {processor.py:161} INFO - Processing /opt/airflow/dags/prepare_semilleros_operator.py took 0.457 seconds
[2023-08-01 23:08:33,575] {processor.py:153} INFO - Started process (PID=1386) to work on /opt/airflow/dags/prepare_semilleros_operator.py
[2023-08-01 23:08:33,576] {processor.py:641} INFO - Processing file /opt/airflow/dags/prepare_semilleros_operator.py for tasks to queue
[2023-08-01 23:08:33,577] {logging_mixin.py:115} INFO - [2023-08-01 23:08:33,577] {dagbag.py:508} INFO - Filling up the DagBag from /opt/airflow/dags/prepare_semilleros_operator.py
[2023-08-01 23:08:33,838] {processor.py:653} WARNING - No viable dags retrieved from /opt/airflow/dags/prepare_semilleros_operator.py
[2023-08-01 23:08:33,853] {processor.py:161} INFO - Processing /opt/airflow/dags/prepare_semilleros_operator.py took 0.281 seconds
[2023-08-01 23:09:04,646] {processor.py:153} INFO - Started process (PID=1448) to work on /opt/airflow/dags/prepare_semilleros_operator.py
[2023-08-01 23:09:04,647] {processor.py:641} INFO - Processing file /opt/airflow/dags/prepare_semilleros_operator.py for tasks to queue
[2023-08-01 23:09:04,648] {logging_mixin.py:115} INFO - [2023-08-01 23:09:04,648] {dagbag.py:508} INFO - Filling up the DagBag from /opt/airflow/dags/prepare_semilleros_operator.py
[2023-08-01 23:09:04,984] {processor.py:653} WARNING - No viable dags retrieved from /opt/airflow/dags/prepare_semilleros_operator.py
[2023-08-01 23:09:04,996] {processor.py:161} INFO - Processing /opt/airflow/dags/prepare_semilleros_operator.py took 0.354 seconds
[2023-08-01 23:09:35,861] {processor.py:153} INFO - Started process (PID=1514) to work on /opt/airflow/dags/prepare_semilleros_operator.py
[2023-08-01 23:09:35,862] {processor.py:641} INFO - Processing file /opt/airflow/dags/prepare_semilleros_operator.py for tasks to queue
[2023-08-01 23:09:35,863] {logging_mixin.py:115} INFO - [2023-08-01 23:09:35,863] {dagbag.py:508} INFO - Filling up the DagBag from /opt/airflow/dags/prepare_semilleros_operator.py
[2023-08-01 23:09:36,131] {processor.py:653} WARNING - No viable dags retrieved from /opt/airflow/dags/prepare_semilleros_operator.py
[2023-08-01 23:09:36,145] {processor.py:161} INFO - Processing /opt/airflow/dags/prepare_semilleros_operator.py took 0.288 seconds
[2023-08-01 23:10:06,814] {processor.py:153} INFO - Started process (PID=1562) to work on /opt/airflow/dags/prepare_semilleros_operator.py
[2023-08-01 23:10:06,815] {processor.py:641} INFO - Processing file /opt/airflow/dags/prepare_semilleros_operator.py for tasks to queue
[2023-08-01 23:10:06,816] {logging_mixin.py:115} INFO - [2023-08-01 23:10:06,816] {dagbag.py:508} INFO - Filling up the DagBag from /opt/airflow/dags/prepare_semilleros_operator.py
[2023-08-01 23:10:07,055] {processor.py:653} WARNING - No viable dags retrieved from /opt/airflow/dags/prepare_semilleros_operator.py
[2023-08-01 23:10:07,066] {processor.py:161} INFO - Processing /opt/airflow/dags/prepare_semilleros_operator.py took 0.255 seconds
[2023-08-01 23:10:37,369] {processor.py:153} INFO - Started process (PID=1618) to work on /opt/airflow/dags/prepare_semilleros_operator.py
[2023-08-01 23:10:37,370] {processor.py:641} INFO - Processing file /opt/airflow/dags/prepare_semilleros_operator.py for tasks to queue
[2023-08-01 23:10:37,370] {logging_mixin.py:115} INFO - [2023-08-01 23:10:37,370] {dagbag.py:508} INFO - Filling up the DagBag from /opt/airflow/dags/prepare_semilleros_operator.py
[2023-08-01 23:10:37,731] {processor.py:653} WARNING - No viable dags retrieved from /opt/airflow/dags/prepare_semilleros_operator.py
[2023-08-01 23:10:37,746] {processor.py:161} INFO - Processing /opt/airflow/dags/prepare_semilleros_operator.py took 0.381 seconds
[2023-08-01 23:11:08,333] {processor.py:153} INFO - Started process (PID=1675) to work on /opt/airflow/dags/prepare_semilleros_operator.py
[2023-08-01 23:11:08,334] {processor.py:641} INFO - Processing file /opt/airflow/dags/prepare_semilleros_operator.py for tasks to queue
[2023-08-01 23:11:08,335] {logging_mixin.py:115} INFO - [2023-08-01 23:11:08,335] {dagbag.py:508} INFO - Filling up the DagBag from /opt/airflow/dags/prepare_semilleros_operator.py
[2023-08-01 23:11:08,586] {processor.py:653} WARNING - No viable dags retrieved from /opt/airflow/dags/prepare_semilleros_operator.py
[2023-08-01 23:11:08,601] {processor.py:161} INFO - Processing /opt/airflow/dags/prepare_semilleros_operator.py took 0.271 seconds
[2023-08-01 23:11:39,214] {processor.py:153} INFO - Started process (PID=1733) to work on /opt/airflow/dags/prepare_semilleros_operator.py
[2023-08-01 23:11:39,215] {processor.py:641} INFO - Processing file /opt/airflow/dags/prepare_semilleros_operator.py for tasks to queue
[2023-08-01 23:11:39,216] {logging_mixin.py:115} INFO - [2023-08-01 23:11:39,216] {dagbag.py:508} INFO - Filling up the DagBag from /opt/airflow/dags/prepare_semilleros_operator.py
[2023-08-01 23:11:39,514] {processor.py:653} WARNING - No viable dags retrieved from /opt/airflow/dags/prepare_semilleros_operator.py
[2023-08-01 23:11:39,529] {processor.py:161} INFO - Processing /opt/airflow/dags/prepare_semilleros_operator.py took 0.318 seconds
[2023-08-01 23:12:10,576] {processor.py:153} INFO - Started process (PID=1782) to work on /opt/airflow/dags/prepare_semilleros_operator.py
[2023-08-01 23:12:10,577] {processor.py:641} INFO - Processing file /opt/airflow/dags/prepare_semilleros_operator.py for tasks to queue
[2023-08-01 23:12:10,578] {logging_mixin.py:115} INFO - [2023-08-01 23:12:10,578] {dagbag.py:508} INFO - Filling up the DagBag from /opt/airflow/dags/prepare_semilleros_operator.py
[2023-08-01 23:12:10,821] {processor.py:653} WARNING - No viable dags retrieved from /opt/airflow/dags/prepare_semilleros_operator.py
[2023-08-01 23:12:10,838] {processor.py:161} INFO - Processing /opt/airflow/dags/prepare_semilleros_operator.py took 0.265 seconds
[2023-08-01 23:12:41,256] {processor.py:153} INFO - Started process (PID=1839) to work on /opt/airflow/dags/prepare_semilleros_operator.py
[2023-08-01 23:12:41,257] {processor.py:641} INFO - Processing file /opt/airflow/dags/prepare_semilleros_operator.py for tasks to queue
[2023-08-01 23:12:41,257] {logging_mixin.py:115} INFO - [2023-08-01 23:12:41,257] {dagbag.py:508} INFO - Filling up the DagBag from /opt/airflow/dags/prepare_semilleros_operator.py
[2023-08-01 23:12:41,491] {processor.py:653} WARNING - No viable dags retrieved from /opt/airflow/dags/prepare_semilleros_operator.py
[2023-08-01 23:12:41,504] {processor.py:161} INFO - Processing /opt/airflow/dags/prepare_semilleros_operator.py took 0.251 seconds
[2023-08-01 23:13:11,831] {processor.py:153} INFO - Started process (PID=1895) to work on /opt/airflow/dags/prepare_semilleros_operator.py
[2023-08-01 23:13:11,840] {processor.py:641} INFO - Processing file /opt/airflow/dags/prepare_semilleros_operator.py for tasks to queue
[2023-08-01 23:13:11,843] {logging_mixin.py:115} INFO - [2023-08-01 23:13:11,843] {dagbag.py:508} INFO - Filling up the DagBag from /opt/airflow/dags/prepare_semilleros_operator.py
[2023-08-01 23:13:12,090] {processor.py:653} WARNING - No viable dags retrieved from /opt/airflow/dags/prepare_semilleros_operator.py
[2023-08-01 23:13:12,103] {processor.py:161} INFO - Processing /opt/airflow/dags/prepare_semilleros_operator.py took 0.277 seconds
[2023-08-01 23:13:42,675] {processor.py:153} INFO - Started process (PID=1952) to work on /opt/airflow/dags/prepare_semilleros_operator.py
[2023-08-01 23:13:42,676] {processor.py:641} INFO - Processing file /opt/airflow/dags/prepare_semilleros_operator.py for tasks to queue
[2023-08-01 23:13:42,677] {logging_mixin.py:115} INFO - [2023-08-01 23:13:42,677] {dagbag.py:508} INFO - Filling up the DagBag from /opt/airflow/dags/prepare_semilleros_operator.py
[2023-08-01 23:13:42,910] {processor.py:653} WARNING - No viable dags retrieved from /opt/airflow/dags/prepare_semilleros_operator.py
[2023-08-01 23:13:42,927] {processor.py:161} INFO - Processing /opt/airflow/dags/prepare_semilleros_operator.py took 0.255 seconds
[2023-08-01 23:14:13,780] {processor.py:153} INFO - Started process (PID=2008) to work on /opt/airflow/dags/prepare_semilleros_operator.py
[2023-08-01 23:14:13,782] {processor.py:641} INFO - Processing file /opt/airflow/dags/prepare_semilleros_operator.py for tasks to queue
[2023-08-01 23:14:13,783] {logging_mixin.py:115} INFO - [2023-08-01 23:14:13,783] {dagbag.py:508} INFO - Filling up the DagBag from /opt/airflow/dags/prepare_semilleros_operator.py
[2023-08-01 23:14:14,043] {processor.py:653} WARNING - No viable dags retrieved from /opt/airflow/dags/prepare_semilleros_operator.py
[2023-08-01 23:14:14,059] {processor.py:161} INFO - Processing /opt/airflow/dags/prepare_semilleros_operator.py took 0.282 seconds
[2023-08-01 23:14:44,545] {processor.py:153} INFO - Started process (PID=2055) to work on /opt/airflow/dags/prepare_semilleros_operator.py
[2023-08-01 23:14:44,553] {processor.py:641} INFO - Processing file /opt/airflow/dags/prepare_semilleros_operator.py for tasks to queue
[2023-08-01 23:14:44,554] {logging_mixin.py:115} INFO - [2023-08-01 23:14:44,554] {dagbag.py:508} INFO - Filling up the DagBag from /opt/airflow/dags/prepare_semilleros_operator.py
[2023-08-01 23:14:44,840] {processor.py:653} WARNING - No viable dags retrieved from /opt/airflow/dags/prepare_semilleros_operator.py
[2023-08-01 23:14:44,855] {processor.py:161} INFO - Processing /opt/airflow/dags/prepare_semilleros_operator.py took 0.316 seconds
[2023-08-01 23:15:15,694] {processor.py:153} INFO - Started process (PID=2111) to work on /opt/airflow/dags/prepare_semilleros_operator.py
[2023-08-01 23:15:15,696] {processor.py:641} INFO - Processing file /opt/airflow/dags/prepare_semilleros_operator.py for tasks to queue
[2023-08-01 23:15:15,696] {logging_mixin.py:115} INFO - [2023-08-01 23:15:15,696] {dagbag.py:508} INFO - Filling up the DagBag from /opt/airflow/dags/prepare_semilleros_operator.py
[2023-08-01 23:15:15,951] {processor.py:653} WARNING - No viable dags retrieved from /opt/airflow/dags/prepare_semilleros_operator.py
[2023-08-01 23:15:15,970] {processor.py:161} INFO - Processing /opt/airflow/dags/prepare_semilleros_operator.py took 0.279 seconds
[2023-08-01 23:15:46,550] {processor.py:153} INFO - Started process (PID=2169) to work on /opt/airflow/dags/prepare_semilleros_operator.py
[2023-08-01 23:15:46,551] {processor.py:641} INFO - Processing file /opt/airflow/dags/prepare_semilleros_operator.py for tasks to queue
[2023-08-01 23:15:46,553] {logging_mixin.py:115} INFO - [2023-08-01 23:15:46,553] {dagbag.py:508} INFO - Filling up the DagBag from /opt/airflow/dags/prepare_semilleros_operator.py
[2023-08-01 23:15:46,785] {processor.py:653} WARNING - No viable dags retrieved from /opt/airflow/dags/prepare_semilleros_operator.py
[2023-08-01 23:15:46,801] {processor.py:161} INFO - Processing /opt/airflow/dags/prepare_semilleros_operator.py took 0.255 seconds
[2023-08-01 23:16:17,609] {processor.py:153} INFO - Started process (PID=2226) to work on /opt/airflow/dags/prepare_semilleros_operator.py
[2023-08-01 23:16:17,610] {processor.py:641} INFO - Processing file /opt/airflow/dags/prepare_semilleros_operator.py for tasks to queue
[2023-08-01 23:16:17,611] {logging_mixin.py:115} INFO - [2023-08-01 23:16:17,611] {dagbag.py:508} INFO - Filling up the DagBag from /opt/airflow/dags/prepare_semilleros_operator.py
[2023-08-01 23:16:17,844] {processor.py:653} WARNING - No viable dags retrieved from /opt/airflow/dags/prepare_semilleros_operator.py
[2023-08-01 23:16:17,860] {processor.py:161} INFO - Processing /opt/airflow/dags/prepare_semilleros_operator.py took 0.254 seconds
[2023-08-01 23:16:48,361] {processor.py:153} INFO - Started process (PID=2274) to work on /opt/airflow/dags/prepare_semilleros_operator.py
[2023-08-01 23:16:48,362] {processor.py:641} INFO - Processing file /opt/airflow/dags/prepare_semilleros_operator.py for tasks to queue
[2023-08-01 23:16:48,363] {logging_mixin.py:115} INFO - [2023-08-01 23:16:48,363] {dagbag.py:508} INFO - Filling up the DagBag from /opt/airflow/dags/prepare_semilleros_operator.py
[2023-08-01 23:16:48,574] {processor.py:653} WARNING - No viable dags retrieved from /opt/airflow/dags/prepare_semilleros_operator.py
[2023-08-01 23:16:48,587] {processor.py:161} INFO - Processing /opt/airflow/dags/prepare_semilleros_operator.py took 0.229 seconds
[2023-08-01 23:17:19,380] {processor.py:153} INFO - Started process (PID=2330) to work on /opt/airflow/dags/prepare_semilleros_operator.py
[2023-08-01 23:17:19,382] {processor.py:641} INFO - Processing file /opt/airflow/dags/prepare_semilleros_operator.py for tasks to queue
[2023-08-01 23:17:19,382] {logging_mixin.py:115} INFO - [2023-08-01 23:17:19,382] {dagbag.py:508} INFO - Filling up the DagBag from /opt/airflow/dags/prepare_semilleros_operator.py
[2023-08-01 23:17:19,649] {processor.py:653} WARNING - No viable dags retrieved from /opt/airflow/dags/prepare_semilleros_operator.py
[2023-08-01 23:17:19,660] {processor.py:161} INFO - Processing /opt/airflow/dags/prepare_semilleros_operator.py took 0.284 seconds
[2023-08-01 23:17:50,279] {processor.py:153} INFO - Started process (PID=2388) to work on /opt/airflow/dags/prepare_semilleros_operator.py
[2023-08-01 23:17:50,280] {processor.py:641} INFO - Processing file /opt/airflow/dags/prepare_semilleros_operator.py for tasks to queue
[2023-08-01 23:17:50,281] {logging_mixin.py:115} INFO - [2023-08-01 23:17:50,281] {dagbag.py:508} INFO - Filling up the DagBag from /opt/airflow/dags/prepare_semilleros_operator.py
[2023-08-01 23:17:50,511] {processor.py:653} WARNING - No viable dags retrieved from /opt/airflow/dags/prepare_semilleros_operator.py
[2023-08-01 23:17:50,524] {processor.py:161} INFO - Processing /opt/airflow/dags/prepare_semilleros_operator.py took 0.248 seconds
[2023-08-01 23:18:21,401] {processor.py:153} INFO - Started process (PID=2444) to work on /opt/airflow/dags/prepare_semilleros_operator.py
[2023-08-01 23:18:21,402] {processor.py:641} INFO - Processing file /opt/airflow/dags/prepare_semilleros_operator.py for tasks to queue
[2023-08-01 23:18:21,403] {logging_mixin.py:115} INFO - [2023-08-01 23:18:21,403] {dagbag.py:508} INFO - Filling up the DagBag from /opt/airflow/dags/prepare_semilleros_operator.py
[2023-08-01 23:18:21,639] {processor.py:653} WARNING - No viable dags retrieved from /opt/airflow/dags/prepare_semilleros_operator.py
[2023-08-01 23:18:21,652] {processor.py:161} INFO - Processing /opt/airflow/dags/prepare_semilleros_operator.py took 0.253 seconds
[2023-08-01 23:18:52,836] {processor.py:153} INFO - Started process (PID=2492) to work on /opt/airflow/dags/prepare_semilleros_operator.py
[2023-08-01 23:18:52,839] {processor.py:641} INFO - Processing file /opt/airflow/dags/prepare_semilleros_operator.py for tasks to queue
[2023-08-01 23:18:52,840] {logging_mixin.py:115} INFO - [2023-08-01 23:18:52,840] {dagbag.py:508} INFO - Filling up the DagBag from /opt/airflow/dags/prepare_semilleros_operator.py
[2023-08-01 23:18:53,113] {processor.py:653} WARNING - No viable dags retrieved from /opt/airflow/dags/prepare_semilleros_operator.py
[2023-08-01 23:18:53,134] {processor.py:161} INFO - Processing /opt/airflow/dags/prepare_semilleros_operator.py took 0.300 seconds
[2023-08-01 23:19:24,096] {processor.py:153} INFO - Started process (PID=2550) to work on /opt/airflow/dags/prepare_semilleros_operator.py
[2023-08-01 23:19:24,101] {processor.py:641} INFO - Processing file /opt/airflow/dags/prepare_semilleros_operator.py for tasks to queue
[2023-08-01 23:19:24,102] {logging_mixin.py:115} INFO - [2023-08-01 23:19:24,102] {dagbag.py:508} INFO - Filling up the DagBag from /opt/airflow/dags/prepare_semilleros_operator.py
[2023-08-01 23:19:24,376] {processor.py:653} WARNING - No viable dags retrieved from /opt/airflow/dags/prepare_semilleros_operator.py
[2023-08-01 23:19:24,395] {processor.py:161} INFO - Processing /opt/airflow/dags/prepare_semilleros_operator.py took 0.302 seconds
[2023-08-01 23:19:55,065] {processor.py:153} INFO - Started process (PID=2606) to work on /opt/airflow/dags/prepare_semilleros_operator.py
[2023-08-01 23:19:55,067] {processor.py:641} INFO - Processing file /opt/airflow/dags/prepare_semilleros_operator.py for tasks to queue
[2023-08-01 23:19:55,069] {logging_mixin.py:115} INFO - [2023-08-01 23:19:55,068] {dagbag.py:508} INFO - Filling up the DagBag from /opt/airflow/dags/prepare_semilleros_operator.py
[2023-08-01 23:19:55,383] {processor.py:653} WARNING - No viable dags retrieved from /opt/airflow/dags/prepare_semilleros_operator.py
[2023-08-01 23:19:55,396] {processor.py:161} INFO - Processing /opt/airflow/dags/prepare_semilleros_operator.py took 0.334 seconds
[2023-08-01 23:20:26,404] {processor.py:153} INFO - Started process (PID=2663) to work on /opt/airflow/dags/prepare_semilleros_operator.py
[2023-08-01 23:20:26,405] {processor.py:641} INFO - Processing file /opt/airflow/dags/prepare_semilleros_operator.py for tasks to queue
[2023-08-01 23:20:26,406] {logging_mixin.py:115} INFO - [2023-08-01 23:20:26,406] {dagbag.py:508} INFO - Filling up the DagBag from /opt/airflow/dags/prepare_semilleros_operator.py
[2023-08-01 23:20:26,766] {processor.py:653} WARNING - No viable dags retrieved from /opt/airflow/dags/prepare_semilleros_operator.py
[2023-08-01 23:20:26,790] {processor.py:161} INFO - Processing /opt/airflow/dags/prepare_semilleros_operator.py took 0.390 seconds
[2023-08-01 23:20:57,636] {processor.py:153} INFO - Started process (PID=2711) to work on /opt/airflow/dags/prepare_semilleros_operator.py
[2023-08-01 23:20:57,637] {processor.py:641} INFO - Processing file /opt/airflow/dags/prepare_semilleros_operator.py for tasks to queue
[2023-08-01 23:20:57,638] {logging_mixin.py:115} INFO - [2023-08-01 23:20:57,638] {dagbag.py:508} INFO - Filling up the DagBag from /opt/airflow/dags/prepare_semilleros_operator.py
[2023-08-01 23:20:57,897] {processor.py:653} WARNING - No viable dags retrieved from /opt/airflow/dags/prepare_semilleros_operator.py
[2023-08-01 23:20:57,914] {processor.py:161} INFO - Processing /opt/airflow/dags/prepare_semilleros_operator.py took 0.284 seconds
[2023-08-01 23:21:29,030] {processor.py:153} INFO - Started process (PID=2768) to work on /opt/airflow/dags/prepare_semilleros_operator.py
[2023-08-01 23:21:29,032] {processor.py:641} INFO - Processing file /opt/airflow/dags/prepare_semilleros_operator.py for tasks to queue
[2023-08-01 23:21:29,033] {logging_mixin.py:115} INFO - [2023-08-01 23:21:29,032] {dagbag.py:508} INFO - Filling up the DagBag from /opt/airflow/dags/prepare_semilleros_operator.py
[2023-08-01 23:21:29,168] {processor.py:653} WARNING - No viable dags retrieved from /opt/airflow/dags/prepare_semilleros_operator.py
[2023-08-01 23:21:29,181] {processor.py:161} INFO - Processing /opt/airflow/dags/prepare_semilleros_operator.py took 0.275 seconds
[2023-08-01 23:21:59,879] {processor.py:153} INFO - Started process (PID=2825) to work on /opt/airflow/dags/prepare_semilleros_operator.py
[2023-08-01 23:21:59,880] {processor.py:641} INFO - Processing file /opt/airflow/dags/prepare_semilleros_operator.py for tasks to queue
[2023-08-01 23:21:59,881] {logging_mixin.py:115} INFO - [2023-08-01 23:21:59,881] {dagbag.py:508} INFO - Filling up the DagBag from /opt/airflow/dags/prepare_semilleros_operator.py
[2023-08-01 23:22:00,009] {processor.py:653} WARNING - No viable dags retrieved from /opt/airflow/dags/prepare_semilleros_operator.py
[2023-08-01 23:22:00,022] {processor.py:161} INFO - Processing /opt/airflow/dags/prepare_semilleros_operator.py took 0.253 seconds
[2023-08-01 23:22:30,836] {processor.py:153} INFO - Started process (PID=2883) to work on /opt/airflow/dags/prepare_semilleros_operator.py
[2023-08-01 23:22:30,838] {processor.py:641} INFO - Processing file /opt/airflow/dags/prepare_semilleros_operator.py for tasks to queue
[2023-08-01 23:22:30,839] {logging_mixin.py:115} INFO - [2023-08-01 23:22:30,839] {dagbag.py:508} INFO - Filling up the DagBag from /opt/airflow/dags/prepare_semilleros_operator.py
[2023-08-01 23:22:30,973] {processor.py:653} WARNING - No viable dags retrieved from /opt/airflow/dags/prepare_semilleros_operator.py
[2023-08-01 23:22:30,989] {processor.py:161} INFO - Processing /opt/airflow/dags/prepare_semilleros_operator.py took 0.274 seconds
[2023-08-01 23:23:01,466] {processor.py:153} INFO - Started process (PID=2932) to work on /opt/airflow/dags/prepare_semilleros_operator.py
[2023-08-01 23:23:01,468] {processor.py:641} INFO - Processing file /opt/airflow/dags/prepare_semilleros_operator.py for tasks to queue
[2023-08-01 23:23:01,468] {logging_mixin.py:115} INFO - [2023-08-01 23:23:01,468] {dagbag.py:508} INFO - Filling up the DagBag from /opt/airflow/dags/prepare_semilleros_operator.py
[2023-08-01 23:23:01,605] {processor.py:653} WARNING - No viable dags retrieved from /opt/airflow/dags/prepare_semilleros_operator.py
[2023-08-01 23:23:01,623] {processor.py:161} INFO - Processing /opt/airflow/dags/prepare_semilleros_operator.py took 0.160 seconds
[2023-08-01 23:23:32,101] {processor.py:153} INFO - Started process (PID=2987) to work on /opt/airflow/dags/prepare_semilleros_operator.py
[2023-08-01 23:23:32,102] {processor.py:641} INFO - Processing file /opt/airflow/dags/prepare_semilleros_operator.py for tasks to queue
[2023-08-01 23:23:32,102] {logging_mixin.py:115} INFO - [2023-08-01 23:23:32,102] {dagbag.py:508} INFO - Filling up the DagBag from /opt/airflow/dags/prepare_semilleros_operator.py
[2023-08-01 23:23:32,230] {processor.py:653} WARNING - No viable dags retrieved from /opt/airflow/dags/prepare_semilleros_operator.py
[2023-08-01 23:23:32,244] {processor.py:161} INFO - Processing /opt/airflow/dags/prepare_semilleros_operator.py took 0.146 seconds
[2023-08-01 23:24:02,805] {processor.py:153} INFO - Started process (PID=3044) to work on /opt/airflow/dags/prepare_semilleros_operator.py
[2023-08-01 23:24:02,806] {processor.py:641} INFO - Processing file /opt/airflow/dags/prepare_semilleros_operator.py for tasks to queue
[2023-08-01 23:24:02,809] {logging_mixin.py:115} INFO - [2023-08-01 23:24:02,809] {dagbag.py:508} INFO - Filling up the DagBag from /opt/airflow/dags/prepare_semilleros_operator.py
[2023-08-01 23:24:02,952] {processor.py:653} WARNING - No viable dags retrieved from /opt/airflow/dags/prepare_semilleros_operator.py
[2023-08-01 23:24:02,967] {processor.py:161} INFO - Processing /opt/airflow/dags/prepare_semilleros_operator.py took 0.165 seconds
[2023-08-01 23:24:33,650] {processor.py:153} INFO - Started process (PID=3103) to work on /opt/airflow/dags/prepare_semilleros_operator.py
[2023-08-01 23:24:33,653] {processor.py:641} INFO - Processing file /opt/airflow/dags/prepare_semilleros_operator.py for tasks to queue
[2023-08-01 23:24:33,655] {logging_mixin.py:115} INFO - [2023-08-01 23:24:33,655] {dagbag.py:508} INFO - Filling up the DagBag from /opt/airflow/dags/prepare_semilleros_operator.py
[2023-08-01 23:24:33,836] {processor.py:653} WARNING - No viable dags retrieved from /opt/airflow/dags/prepare_semilleros_operator.py
[2023-08-01 23:24:33,852] {processor.py:161} INFO - Processing /opt/airflow/dags/prepare_semilleros_operator.py took 0.206 seconds
[2023-08-01 23:25:04,350] {processor.py:153} INFO - Started process (PID=3151) to work on /opt/airflow/dags/prepare_semilleros_operator.py
[2023-08-01 23:25:04,352] {processor.py:641} INFO - Processing file /opt/airflow/dags/prepare_semilleros_operator.py for tasks to queue
[2023-08-01 23:25:04,354] {logging_mixin.py:115} INFO - [2023-08-01 23:25:04,353] {dagbag.py:508} INFO - Filling up the DagBag from /opt/airflow/dags/prepare_semilleros_operator.py
[2023-08-01 23:25:04,518] {processor.py:653} WARNING - No viable dags retrieved from /opt/airflow/dags/prepare_semilleros_operator.py
[2023-08-01 23:25:04,535] {processor.py:161} INFO - Processing /opt/airflow/dags/prepare_semilleros_operator.py took 0.188 seconds
[2023-08-01 23:25:35,478] {processor.py:153} INFO - Started process (PID=3208) to work on /opt/airflow/dags/prepare_semilleros_operator.py
[2023-08-01 23:25:35,479] {processor.py:641} INFO - Processing file /opt/airflow/dags/prepare_semilleros_operator.py for tasks to queue
[2023-08-01 23:25:35,481] {logging_mixin.py:115} INFO - [2023-08-01 23:25:35,481] {dagbag.py:508} INFO - Filling up the DagBag from /opt/airflow/dags/prepare_semilleros_operator.py
[2023-08-01 23:25:35,615] {processor.py:653} WARNING - No viable dags retrieved from /opt/airflow/dags/prepare_semilleros_operator.py
[2023-08-01 23:25:35,630] {processor.py:161} INFO - Processing /opt/airflow/dags/prepare_semilleros_operator.py took 0.155 seconds
[2023-08-01 23:26:05,859] {processor.py:153} INFO - Started process (PID=3265) to work on /opt/airflow/dags/prepare_semilleros_operator.py
[2023-08-01 23:26:05,860] {processor.py:641} INFO - Processing file /opt/airflow/dags/prepare_semilleros_operator.py for tasks to queue
[2023-08-01 23:26:05,861] {logging_mixin.py:115} INFO - [2023-08-01 23:26:05,861] {dagbag.py:508} INFO - Filling up the DagBag from /opt/airflow/dags/prepare_semilleros_operator.py
[2023-08-01 23:26:06,019] {processor.py:653} WARNING - No viable dags retrieved from /opt/airflow/dags/prepare_semilleros_operator.py
[2023-08-01 23:26:06,035] {processor.py:161} INFO - Processing /opt/airflow/dags/prepare_semilleros_operator.py took 0.180 seconds
[2023-08-01 23:26:36,279] {processor.py:153} INFO - Started process (PID=3322) to work on /opt/airflow/dags/prepare_semilleros_operator.py
[2023-08-01 23:26:36,281] {processor.py:641} INFO - Processing file /opt/airflow/dags/prepare_semilleros_operator.py for tasks to queue
[2023-08-01 23:26:36,283] {logging_mixin.py:115} INFO - [2023-08-01 23:26:36,282] {dagbag.py:508} INFO - Filling up the DagBag from /opt/airflow/dags/prepare_semilleros_operator.py
[2023-08-01 23:26:36,467] {processor.py:653} WARNING - No viable dags retrieved from /opt/airflow/dags/prepare_semilleros_operator.py
[2023-08-01 23:26:36,487] {processor.py:161} INFO - Processing /opt/airflow/dags/prepare_semilleros_operator.py took 0.213 seconds
[2023-08-01 23:27:07,548] {processor.py:153} INFO - Started process (PID=3379) to work on /opt/airflow/dags/prepare_semilleros_operator.py
[2023-08-01 23:27:07,556] {processor.py:641} INFO - Processing file /opt/airflow/dags/prepare_semilleros_operator.py for tasks to queue
[2023-08-01 23:27:07,564] {logging_mixin.py:115} INFO - [2023-08-01 23:27:07,564] {dagbag.py:508} INFO - Filling up the DagBag from /opt/airflow/dags/prepare_semilleros_operator.py
[2023-08-01 23:27:08,660] {processor.py:653} WARNING - No viable dags retrieved from /opt/airflow/dags/prepare_semilleros_operator.py
[2023-08-01 23:27:08,884] {processor.py:161} INFO - Processing /opt/airflow/dags/prepare_semilleros_operator.py took 1.344 seconds
[2023-08-01 23:27:39,671] {processor.py:153} INFO - Started process (PID=3435) to work on /opt/airflow/dags/prepare_semilleros_operator.py
[2023-08-01 23:27:39,673] {processor.py:641} INFO - Processing file /opt/airflow/dags/prepare_semilleros_operator.py for tasks to queue
[2023-08-01 23:27:39,675] {logging_mixin.py:115} INFO - [2023-08-01 23:27:39,675] {dagbag.py:508} INFO - Filling up the DagBag from /opt/airflow/dags/prepare_semilleros_operator.py
[2023-08-01 23:27:39,933] {processor.py:653} WARNING - No viable dags retrieved from /opt/airflow/dags/prepare_semilleros_operator.py
[2023-08-01 23:27:39,961] {processor.py:161} INFO - Processing /opt/airflow/dags/prepare_semilleros_operator.py took 0.296 seconds
[2023-08-01 23:28:10,405] {processor.py:153} INFO - Started process (PID=3492) to work on /opt/airflow/dags/prepare_semilleros_operator.py
[2023-08-01 23:28:10,406] {processor.py:641} INFO - Processing file /opt/airflow/dags/prepare_semilleros_operator.py for tasks to queue
[2023-08-01 23:28:10,407] {logging_mixin.py:115} INFO - [2023-08-01 23:28:10,407] {dagbag.py:508} INFO - Filling up the DagBag from /opt/airflow/dags/prepare_semilleros_operator.py
[2023-08-01 23:28:10,556] {processor.py:653} WARNING - No viable dags retrieved from /opt/airflow/dags/prepare_semilleros_operator.py
[2023-08-01 23:28:10,570] {processor.py:161} INFO - Processing /opt/airflow/dags/prepare_semilleros_operator.py took 0.170 seconds
[2023-08-01 23:28:41,406] {processor.py:153} INFO - Started process (PID=3542) to work on /opt/airflow/dags/prepare_semilleros_operator.py
[2023-08-01 23:28:41,408] {processor.py:641} INFO - Processing file /opt/airflow/dags/prepare_semilleros_operator.py for tasks to queue
[2023-08-01 23:28:41,409] {logging_mixin.py:115} INFO - [2023-08-01 23:28:41,409] {dagbag.py:508} INFO - Filling up the DagBag from /opt/airflow/dags/prepare_semilleros_operator.py
[2023-08-01 23:28:41,577] {processor.py:653} WARNING - No viable dags retrieved from /opt/airflow/dags/prepare_semilleros_operator.py
[2023-08-01 23:28:41,598] {processor.py:161} INFO - Processing /opt/airflow/dags/prepare_semilleros_operator.py took 0.197 seconds
[2023-08-01 23:29:12,112] {processor.py:153} INFO - Started process (PID=3599) to work on /opt/airflow/dags/prepare_semilleros_operator.py
[2023-08-01 23:29:12,114] {processor.py:641} INFO - Processing file /opt/airflow/dags/prepare_semilleros_operator.py for tasks to queue
[2023-08-01 23:29:12,115] {logging_mixin.py:115} INFO - [2023-08-01 23:29:12,115] {dagbag.py:508} INFO - Filling up the DagBag from /opt/airflow/dags/prepare_semilleros_operator.py
[2023-08-01 23:29:12,358] {processor.py:653} WARNING - No viable dags retrieved from /opt/airflow/dags/prepare_semilleros_operator.py
[2023-08-01 23:29:12,390] {processor.py:161} INFO - Processing /opt/airflow/dags/prepare_semilleros_operator.py took 0.284 seconds
[2023-08-01 23:29:42,697] {processor.py:153} INFO - Started process (PID=3656) to work on /opt/airflow/dags/prepare_semilleros_operator.py
[2023-08-01 23:29:42,698] {processor.py:641} INFO - Processing file /opt/airflow/dags/prepare_semilleros_operator.py for tasks to queue
[2023-08-01 23:29:42,699] {logging_mixin.py:115} INFO - [2023-08-01 23:29:42,699] {dagbag.py:508} INFO - Filling up the DagBag from /opt/airflow/dags/prepare_semilleros_operator.py
[2023-08-01 23:29:42,868] {processor.py:653} WARNING - No viable dags retrieved from /opt/airflow/dags/prepare_semilleros_operator.py
[2023-08-01 23:29:42,887] {processor.py:161} INFO - Processing /opt/airflow/dags/prepare_semilleros_operator.py took 0.197 seconds
[2023-08-01 23:30:13,930] {processor.py:153} INFO - Started process (PID=3714) to work on /opt/airflow/dags/prepare_semilleros_operator.py
[2023-08-01 23:30:13,932] {processor.py:641} INFO - Processing file /opt/airflow/dags/prepare_semilleros_operator.py for tasks to queue
[2023-08-01 23:30:13,932] {logging_mixin.py:115} INFO - [2023-08-01 23:30:13,932] {dagbag.py:508} INFO - Filling up the DagBag from /opt/airflow/dags/prepare_semilleros_operator.py
[2023-08-01 23:30:14,091] {processor.py:653} WARNING - No viable dags retrieved from /opt/airflow/dags/prepare_semilleros_operator.py
[2023-08-01 23:30:14,110] {processor.py:161} INFO - Processing /opt/airflow/dags/prepare_semilleros_operator.py took 0.183 seconds
[2023-08-01 23:30:44,917] {processor.py:153} INFO - Started process (PID=3762) to work on /opt/airflow/dags/prepare_semilleros_operator.py
[2023-08-01 23:30:44,918] {processor.py:641} INFO - Processing file /opt/airflow/dags/prepare_semilleros_operator.py for tasks to queue
[2023-08-01 23:30:44,919] {logging_mixin.py:115} INFO - [2023-08-01 23:30:44,919] {dagbag.py:508} INFO - Filling up the DagBag from /opt/airflow/dags/prepare_semilleros_operator.py
[2023-08-01 23:30:45,066] {processor.py:653} WARNING - No viable dags retrieved from /opt/airflow/dags/prepare_semilleros_operator.py
[2023-08-01 23:30:45,086] {processor.py:161} INFO - Processing /opt/airflow/dags/prepare_semilleros_operator.py took 0.176 seconds
[2023-08-01 23:31:15,247] {processor.py:153} INFO - Started process (PID=3818) to work on /opt/airflow/dags/prepare_semilleros_operator.py
[2023-08-01 23:31:15,249] {processor.py:641} INFO - Processing file /opt/airflow/dags/prepare_semilleros_operator.py for tasks to queue
[2023-08-01 23:31:15,251] {logging_mixin.py:115} INFO - [2023-08-01 23:31:15,251] {dagbag.py:508} INFO - Filling up the DagBag from /opt/airflow/dags/prepare_semilleros_operator.py
[2023-08-01 23:31:15,413] {processor.py:653} WARNING - No viable dags retrieved from /opt/airflow/dags/prepare_semilleros_operator.py
[2023-08-01 23:31:15,432] {processor.py:161} INFO - Processing /opt/airflow/dags/prepare_semilleros_operator.py took 0.189 seconds
[2023-08-01 23:31:45,827] {processor.py:153} INFO - Started process (PID=3875) to work on /opt/airflow/dags/prepare_semilleros_operator.py
[2023-08-01 23:31:45,828] {processor.py:641} INFO - Processing file /opt/airflow/dags/prepare_semilleros_operator.py for tasks to queue
[2023-08-01 23:31:45,830] {logging_mixin.py:115} INFO - [2023-08-01 23:31:45,829] {dagbag.py:508} INFO - Filling up the DagBag from /opt/airflow/dags/prepare_semilleros_operator.py
[2023-08-01 23:31:45,974] {processor.py:653} WARNING - No viable dags retrieved from /opt/airflow/dags/prepare_semilleros_operator.py
[2023-08-01 23:31:45,992] {processor.py:161} INFO - Processing /opt/airflow/dags/prepare_semilleros_operator.py took 0.169 seconds
[2023-08-01 23:32:16,755] {processor.py:153} INFO - Started process (PID=3940) to work on /opt/airflow/dags/prepare_semilleros_operator.py
[2023-08-01 23:32:16,762] {processor.py:641} INFO - Processing file /opt/airflow/dags/prepare_semilleros_operator.py for tasks to queue
[2023-08-01 23:32:16,768] {logging_mixin.py:115} INFO - [2023-08-01 23:32:16,768] {dagbag.py:508} INFO - Filling up the DagBag from /opt/airflow/dags/prepare_semilleros_operator.py
[2023-08-01 23:32:18,536] {processor.py:653} WARNING - No viable dags retrieved from /opt/airflow/dags/prepare_semilleros_operator.py
[2023-08-01 23:32:18,699] {processor.py:161} INFO - Processing /opt/airflow/dags/prepare_semilleros_operator.py took 1.957 seconds
[2023-08-01 23:32:49,759] {processor.py:153} INFO - Started process (PID=3989) to work on /opt/airflow/dags/prepare_semilleros_operator.py
[2023-08-01 23:32:49,760] {processor.py:641} INFO - Processing file /opt/airflow/dags/prepare_semilleros_operator.py for tasks to queue
[2023-08-01 23:32:49,762] {logging_mixin.py:115} INFO - [2023-08-01 23:32:49,762] {dagbag.py:508} INFO - Filling up the DagBag from /opt/airflow/dags/prepare_semilleros_operator.py
[2023-08-01 23:32:50,089] {processor.py:653} WARNING - No viable dags retrieved from /opt/airflow/dags/prepare_semilleros_operator.py
[2023-08-01 23:32:50,116] {processor.py:161} INFO - Processing /opt/airflow/dags/prepare_semilleros_operator.py took 0.365 seconds
[2023-08-01 23:33:20,397] {processor.py:153} INFO - Started process (PID=4045) to work on /opt/airflow/dags/prepare_semilleros_operator.py
[2023-08-01 23:33:20,398] {processor.py:641} INFO - Processing file /opt/airflow/dags/prepare_semilleros_operator.py for tasks to queue
[2023-08-01 23:33:20,399] {logging_mixin.py:115} INFO - [2023-08-01 23:33:20,399] {dagbag.py:508} INFO - Filling up the DagBag from /opt/airflow/dags/prepare_semilleros_operator.py
[2023-08-01 23:33:20,612] {processor.py:653} WARNING - No viable dags retrieved from /opt/airflow/dags/prepare_semilleros_operator.py
[2023-08-01 23:33:20,634] {processor.py:161} INFO - Processing /opt/airflow/dags/prepare_semilleros_operator.py took 0.243 seconds
[2023-08-01 23:33:50,973] {processor.py:153} INFO - Started process (PID=4102) to work on /opt/airflow/dags/prepare_semilleros_operator.py
[2023-08-01 23:33:50,975] {processor.py:641} INFO - Processing file /opt/airflow/dags/prepare_semilleros_operator.py for tasks to queue
[2023-08-01 23:33:50,976] {logging_mixin.py:115} INFO - [2023-08-01 23:33:50,976] {dagbag.py:508} INFO - Filling up the DagBag from /opt/airflow/dags/prepare_semilleros_operator.py
[2023-08-01 23:33:51,384] {processor.py:653} WARNING - No viable dags retrieved from /opt/airflow/dags/prepare_semilleros_operator.py
[2023-08-01 23:33:51,418] {processor.py:161} INFO - Processing /opt/airflow/dags/prepare_semilleros_operator.py took 0.452 seconds
[2023-08-01 23:34:21,737] {processor.py:153} INFO - Started process (PID=4150) to work on /opt/airflow/dags/prepare_semilleros_operator.py
[2023-08-01 23:34:21,740] {processor.py:641} INFO - Processing file /opt/airflow/dags/prepare_semilleros_operator.py for tasks to queue
[2023-08-01 23:34:21,742] {logging_mixin.py:115} INFO - [2023-08-01 23:34:21,741] {dagbag.py:508} INFO - Filling up the DagBag from /opt/airflow/dags/prepare_semilleros_operator.py
[2023-08-01 23:34:21,956] {processor.py:653} WARNING - No viable dags retrieved from /opt/airflow/dags/prepare_semilleros_operator.py
[2023-08-01 23:34:21,978] {processor.py:161} INFO - Processing /opt/airflow/dags/prepare_semilleros_operator.py took 0.252 seconds
[2023-08-01 23:34:52,499] {processor.py:153} INFO - Started process (PID=4207) to work on /opt/airflow/dags/prepare_semilleros_operator.py
[2023-08-01 23:34:52,510] {processor.py:641} INFO - Processing file /opt/airflow/dags/prepare_semilleros_operator.py for tasks to queue
[2023-08-01 23:34:52,515] {logging_mixin.py:115} INFO - [2023-08-01 23:34:52,515] {dagbag.py:508} INFO - Filling up the DagBag from /opt/airflow/dags/prepare_semilleros_operator.py
[2023-08-01 23:34:52,935] {processor.py:653} WARNING - No viable dags retrieved from /opt/airflow/dags/prepare_semilleros_operator.py
[2023-08-01 23:34:52,990] {processor.py:161} INFO - Processing /opt/airflow/dags/prepare_semilleros_operator.py took 0.505 seconds
[2023-08-01 23:35:23,167] {processor.py:153} INFO - Started process (PID=4264) to work on /opt/airflow/dags/prepare_semilleros_operator.py
[2023-08-01 23:35:23,168] {processor.py:641} INFO - Processing file /opt/airflow/dags/prepare_semilleros_operator.py for tasks to queue
[2023-08-01 23:35:23,169] {logging_mixin.py:115} INFO - [2023-08-01 23:35:23,169] {dagbag.py:508} INFO - Filling up the DagBag from /opt/airflow/dags/prepare_semilleros_operator.py
[2023-08-01 23:35:23,329] {processor.py:653} WARNING - No viable dags retrieved from /opt/airflow/dags/prepare_semilleros_operator.py
[2023-08-01 23:35:23,346] {processor.py:161} INFO - Processing /opt/airflow/dags/prepare_semilleros_operator.py took 0.183 seconds
[2023-08-01 23:35:53,997] {processor.py:153} INFO - Started process (PID=4312) to work on /opt/airflow/dags/prepare_semilleros_operator.py
[2023-08-01 23:35:53,998] {processor.py:641} INFO - Processing file /opt/airflow/dags/prepare_semilleros_operator.py for tasks to queue
[2023-08-01 23:35:54,000] {logging_mixin.py:115} INFO - [2023-08-01 23:35:53,999] {dagbag.py:508} INFO - Filling up the DagBag from /opt/airflow/dags/prepare_semilleros_operator.py
[2023-08-01 23:35:54,167] {processor.py:653} WARNING - No viable dags retrieved from /opt/airflow/dags/prepare_semilleros_operator.py
[2023-08-01 23:35:54,193] {processor.py:161} INFO - Processing /opt/airflow/dags/prepare_semilleros_operator.py took 0.201 seconds
[2023-08-01 23:36:24,743] {processor.py:153} INFO - Started process (PID=4369) to work on /opt/airflow/dags/prepare_semilleros_operator.py
[2023-08-01 23:36:24,746] {processor.py:641} INFO - Processing file /opt/airflow/dags/prepare_semilleros_operator.py for tasks to queue
[2023-08-01 23:36:24,747] {logging_mixin.py:115} INFO - [2023-08-01 23:36:24,747] {dagbag.py:508} INFO - Filling up the DagBag from /opt/airflow/dags/prepare_semilleros_operator.py
[2023-08-01 23:36:24,910] {processor.py:653} WARNING - No viable dags retrieved from /opt/airflow/dags/prepare_semilleros_operator.py
[2023-08-01 23:36:24,934] {processor.py:161} INFO - Processing /opt/airflow/dags/prepare_semilleros_operator.py took 0.197 seconds
[2023-08-01 23:36:55,290] {processor.py:153} INFO - Started process (PID=4426) to work on /opt/airflow/dags/prepare_semilleros_operator.py
[2023-08-01 23:36:55,291] {processor.py:641} INFO - Processing file /opt/airflow/dags/prepare_semilleros_operator.py for tasks to queue
[2023-08-01 23:36:55,292] {logging_mixin.py:115} INFO - [2023-08-01 23:36:55,292] {dagbag.py:508} INFO - Filling up the DagBag from /opt/airflow/dags/prepare_semilleros_operator.py
[2023-08-01 23:36:55,517] {processor.py:653} WARNING - No viable dags retrieved from /opt/airflow/dags/prepare_semilleros_operator.py
[2023-08-01 23:36:55,544] {processor.py:161} INFO - Processing /opt/airflow/dags/prepare_semilleros_operator.py took 0.259 seconds
[2023-08-01 23:37:26,208] {processor.py:153} INFO - Started process (PID=4484) to work on /opt/airflow/dags/prepare_semilleros_operator.py
[2023-08-01 23:37:26,210] {processor.py:641} INFO - Processing file /opt/airflow/dags/prepare_semilleros_operator.py for tasks to queue
[2023-08-01 23:37:26,211] {logging_mixin.py:115} INFO - [2023-08-01 23:37:26,211] {dagbag.py:508} INFO - Filling up the DagBag from /opt/airflow/dags/prepare_semilleros_operator.py
[2023-08-01 23:37:26,447] {processor.py:653} WARNING - No viable dags retrieved from /opt/airflow/dags/prepare_semilleros_operator.py
[2023-08-01 23:37:26,482] {processor.py:161} INFO - Processing /opt/airflow/dags/prepare_semilleros_operator.py took 0.279 seconds
[2023-08-01 23:37:57,056] {processor.py:153} INFO - Started process (PID=4539) to work on /opt/airflow/dags/prepare_semilleros_operator.py
[2023-08-01 23:37:57,057] {processor.py:641} INFO - Processing file /opt/airflow/dags/prepare_semilleros_operator.py for tasks to queue
[2023-08-01 23:37:57,058] {logging_mixin.py:115} INFO - [2023-08-01 23:37:57,058] {dagbag.py:508} INFO - Filling up the DagBag from /opt/airflow/dags/prepare_semilleros_operator.py
[2023-08-01 23:37:57,251] {processor.py:653} WARNING - No viable dags retrieved from /opt/airflow/dags/prepare_semilleros_operator.py
[2023-08-01 23:37:57,276] {processor.py:161} INFO - Processing /opt/airflow/dags/prepare_semilleros_operator.py took 0.225 seconds
[2023-08-01 23:38:27,564] {processor.py:153} INFO - Started process (PID=4589) to work on /opt/airflow/dags/prepare_semilleros_operator.py
[2023-08-01 23:38:27,565] {processor.py:641} INFO - Processing file /opt/airflow/dags/prepare_semilleros_operator.py for tasks to queue
[2023-08-01 23:38:27,566] {logging_mixin.py:115} INFO - [2023-08-01 23:38:27,566] {dagbag.py:508} INFO - Filling up the DagBag from /opt/airflow/dags/prepare_semilleros_operator.py
[2023-08-01 23:38:27,818] {processor.py:653} WARNING - No viable dags retrieved from /opt/airflow/dags/prepare_semilleros_operator.py
[2023-08-01 23:38:27,845] {processor.py:161} INFO - Processing /opt/airflow/dags/prepare_semilleros_operator.py took 0.284 seconds
[2023-08-01 23:38:58,516] {processor.py:153} INFO - Started process (PID=4646) to work on /opt/airflow/dags/prepare_semilleros_operator.py
[2023-08-01 23:38:58,519] {processor.py:641} INFO - Processing file /opt/airflow/dags/prepare_semilleros_operator.py for tasks to queue
[2023-08-01 23:38:58,521] {logging_mixin.py:115} INFO - [2023-08-01 23:38:58,520] {dagbag.py:508} INFO - Filling up the DagBag from /opt/airflow/dags/prepare_semilleros_operator.py
[2023-08-01 23:38:58,737] {processor.py:653} WARNING - No viable dags retrieved from /opt/airflow/dags/prepare_semilleros_operator.py
[2023-08-01 23:38:58,788] {processor.py:161} INFO - Processing /opt/airflow/dags/prepare_semilleros_operator.py took 0.279 seconds
[2023-08-01 23:39:29,033] {processor.py:153} INFO - Started process (PID=4703) to work on /opt/airflow/dags/prepare_semilleros_operator.py
[2023-08-01 23:39:29,035] {processor.py:641} INFO - Processing file /opt/airflow/dags/prepare_semilleros_operator.py for tasks to queue
[2023-08-01 23:39:29,037] {logging_mixin.py:115} INFO - [2023-08-01 23:39:29,037] {dagbag.py:508} INFO - Filling up the DagBag from /opt/airflow/dags/prepare_semilleros_operator.py
[2023-08-01 23:39:29,371] {processor.py:653} WARNING - No viable dags retrieved from /opt/airflow/dags/prepare_semilleros_operator.py
[2023-08-01 23:39:29,400] {processor.py:161} INFO - Processing /opt/airflow/dags/prepare_semilleros_operator.py took 0.376 seconds
[2023-08-01 23:39:59,726] {processor.py:153} INFO - Started process (PID=4760) to work on /opt/airflow/dags/prepare_semilleros_operator.py
[2023-08-01 23:39:59,727] {processor.py:641} INFO - Processing file /opt/airflow/dags/prepare_semilleros_operator.py for tasks to queue
[2023-08-01 23:39:59,729] {logging_mixin.py:115} INFO - [2023-08-01 23:39:59,729] {dagbag.py:508} INFO - Filling up the DagBag from /opt/airflow/dags/prepare_semilleros_operator.py
[2023-08-01 23:39:59,953] {processor.py:653} WARNING - No viable dags retrieved from /opt/airflow/dags/prepare_semilleros_operator.py
[2023-08-01 23:39:59,978] {processor.py:161} INFO - Processing /opt/airflow/dags/prepare_semilleros_operator.py took 0.258 seconds
[2023-08-01 23:40:30,533] {processor.py:153} INFO - Started process (PID=4809) to work on /opt/airflow/dags/prepare_semilleros_operator.py
[2023-08-01 23:40:30,537] {processor.py:641} INFO - Processing file /opt/airflow/dags/prepare_semilleros_operator.py for tasks to queue
[2023-08-01 23:40:30,541] {logging_mixin.py:115} INFO - [2023-08-01 23:40:30,540] {dagbag.py:508} INFO - Filling up the DagBag from /opt/airflow/dags/prepare_semilleros_operator.py
[2023-08-01 23:40:30,757] {processor.py:653} WARNING - No viable dags retrieved from /opt/airflow/dags/prepare_semilleros_operator.py
[2023-08-01 23:40:30,793] {processor.py:161} INFO - Processing /opt/airflow/dags/prepare_semilleros_operator.py took 0.277 seconds
[2023-08-01 23:41:01,006] {processor.py:153} INFO - Started process (PID=4867) to work on /opt/airflow/dags/prepare_semilleros_operator.py
[2023-08-01 23:41:01,007] {processor.py:641} INFO - Processing file /opt/airflow/dags/prepare_semilleros_operator.py for tasks to queue
[2023-08-01 23:41:01,008] {logging_mixin.py:115} INFO - [2023-08-01 23:41:01,008] {dagbag.py:508} INFO - Filling up the DagBag from /opt/airflow/dags/prepare_semilleros_operator.py
[2023-08-01 23:41:01,219] {processor.py:653} WARNING - No viable dags retrieved from /opt/airflow/dags/prepare_semilleros_operator.py
[2023-08-01 23:41:01,247] {processor.py:161} INFO - Processing /opt/airflow/dags/prepare_semilleros_operator.py took 0.246 seconds
[2023-08-01 23:41:31,974] {processor.py:153} INFO - Started process (PID=4929) to work on /opt/airflow/dags/prepare_semilleros_operator.py
[2023-08-01 23:41:31,975] {processor.py:641} INFO - Processing file /opt/airflow/dags/prepare_semilleros_operator.py for tasks to queue
[2023-08-01 23:41:31,977] {logging_mixin.py:115} INFO - [2023-08-01 23:41:31,977] {dagbag.py:508} INFO - Filling up the DagBag from /opt/airflow/dags/prepare_semilleros_operator.py
[2023-08-01 23:41:32,191] {processor.py:653} WARNING - No viable dags retrieved from /opt/airflow/dags/prepare_semilleros_operator.py
[2023-08-01 23:41:32,214] {processor.py:161} INFO - Processing /opt/airflow/dags/prepare_semilleros_operator.py took 0.245 seconds
[2023-08-01 23:42:02,857] {processor.py:153} INFO - Started process (PID=4985) to work on /opt/airflow/dags/prepare_semilleros_operator.py
[2023-08-01 23:42:02,858] {processor.py:641} INFO - Processing file /opt/airflow/dags/prepare_semilleros_operator.py for tasks to queue
[2023-08-01 23:42:02,859] {logging_mixin.py:115} INFO - [2023-08-01 23:42:02,859] {dagbag.py:508} INFO - Filling up the DagBag from /opt/airflow/dags/prepare_semilleros_operator.py
[2023-08-01 23:42:03,021] {processor.py:653} WARNING - No viable dags retrieved from /opt/airflow/dags/prepare_semilleros_operator.py
[2023-08-01 23:42:03,041] {processor.py:161} INFO - Processing /opt/airflow/dags/prepare_semilleros_operator.py took 0.187 seconds
[2023-08-01 23:42:33,163] {processor.py:153} INFO - Started process (PID=5042) to work on /opt/airflow/dags/prepare_semilleros_operator.py
[2023-08-01 23:42:33,165] {processor.py:641} INFO - Processing file /opt/airflow/dags/prepare_semilleros_operator.py for tasks to queue
[2023-08-01 23:42:33,167] {logging_mixin.py:115} INFO - [2023-08-01 23:42:33,167] {dagbag.py:508} INFO - Filling up the DagBag from /opt/airflow/dags/prepare_semilleros_operator.py
[2023-08-01 23:42:33,325] {processor.py:653} WARNING - No viable dags retrieved from /opt/airflow/dags/prepare_semilleros_operator.py
[2023-08-01 23:42:33,346] {processor.py:161} INFO - Processing /opt/airflow/dags/prepare_semilleros_operator.py took 0.189 seconds
[2023-08-01 23:43:04,197] {processor.py:153} INFO - Started process (PID=5106) to work on /opt/airflow/dags/prepare_semilleros_operator.py
[2023-08-01 23:43:04,204] {processor.py:641} INFO - Processing file /opt/airflow/dags/prepare_semilleros_operator.py for tasks to queue
[2023-08-01 23:43:04,210] {logging_mixin.py:115} INFO - [2023-08-01 23:43:04,210] {dagbag.py:508} INFO - Filling up the DagBag from /opt/airflow/dags/prepare_semilleros_operator.py
[2023-08-01 23:43:04,709] {processor.py:653} WARNING - No viable dags retrieved from /opt/airflow/dags/prepare_semilleros_operator.py
[2023-08-01 23:43:04,778] {processor.py:161} INFO - Processing /opt/airflow/dags/prepare_semilleros_operator.py took 0.593 seconds
[2023-08-01 23:43:35,158] {processor.py:153} INFO - Started process (PID=5154) to work on /opt/airflow/dags/prepare_semilleros_operator.py
[2023-08-01 23:43:35,159] {processor.py:641} INFO - Processing file /opt/airflow/dags/prepare_semilleros_operator.py for tasks to queue
[2023-08-01 23:43:35,160] {logging_mixin.py:115} INFO - [2023-08-01 23:43:35,160] {dagbag.py:508} INFO - Filling up the DagBag from /opt/airflow/dags/prepare_semilleros_operator.py
[2023-08-01 23:43:35,307] {processor.py:653} WARNING - No viable dags retrieved from /opt/airflow/dags/prepare_semilleros_operator.py
[2023-08-01 23:43:35,328] {processor.py:161} INFO - Processing /opt/airflow/dags/prepare_semilleros_operator.py took 0.174 seconds
[2023-08-01 23:44:05,650] {processor.py:153} INFO - Started process (PID=5211) to work on /opt/airflow/dags/prepare_semilleros_operator.py
[2023-08-01 23:44:05,651] {processor.py:641} INFO - Processing file /opt/airflow/dags/prepare_semilleros_operator.py for tasks to queue
[2023-08-01 23:44:05,652] {logging_mixin.py:115} INFO - [2023-08-01 23:44:05,652] {dagbag.py:508} INFO - Filling up the DagBag from /opt/airflow/dags/prepare_semilleros_operator.py
[2023-08-01 23:44:05,811] {processor.py:653} WARNING - No viable dags retrieved from /opt/airflow/dags/prepare_semilleros_operator.py
[2023-08-01 23:44:05,830] {processor.py:161} INFO - Processing /opt/airflow/dags/prepare_semilleros_operator.py took 0.184 seconds
[2023-08-01 23:44:36,024] {processor.py:153} INFO - Started process (PID=5269) to work on /opt/airflow/dags/prepare_semilleros_operator.py
[2023-08-01 23:44:36,026] {processor.py:641} INFO - Processing file /opt/airflow/dags/prepare_semilleros_operator.py for tasks to queue
[2023-08-01 23:44:36,027] {logging_mixin.py:115} INFO - [2023-08-01 23:44:36,026] {dagbag.py:508} INFO - Filling up the DagBag from /opt/airflow/dags/prepare_semilleros_operator.py
[2023-08-01 23:44:36,172] {processor.py:653} WARNING - No viable dags retrieved from /opt/airflow/dags/prepare_semilleros_operator.py
[2023-08-01 23:44:36,189] {processor.py:161} INFO - Processing /opt/airflow/dags/prepare_semilleros_operator.py took 0.168 seconds
[2023-08-01 23:45:06,358] {processor.py:153} INFO - Started process (PID=5317) to work on /opt/airflow/dags/prepare_semilleros_operator.py
[2023-08-01 23:45:06,359] {processor.py:641} INFO - Processing file /opt/airflow/dags/prepare_semilleros_operator.py for tasks to queue
[2023-08-01 23:45:06,360] {logging_mixin.py:115} INFO - [2023-08-01 23:45:06,360] {dagbag.py:508} INFO - Filling up the DagBag from /opt/airflow/dags/prepare_semilleros_operator.py
[2023-08-01 23:45:06,507] {processor.py:653} WARNING - No viable dags retrieved from /opt/airflow/dags/prepare_semilleros_operator.py
[2023-08-01 23:45:06,531] {processor.py:161} INFO - Processing /opt/airflow/dags/prepare_semilleros_operator.py took 0.176 seconds
[2023-08-01 23:45:38,234] {processor.py:153} INFO - Started process (PID=5386) to work on /opt/airflow/dags/prepare_semilleros_operator.py
[2023-08-01 23:45:38,236] {processor.py:641} INFO - Processing file /opt/airflow/dags/prepare_semilleros_operator.py for tasks to queue
[2023-08-01 23:45:38,241] {logging_mixin.py:115} INFO - [2023-08-01 23:45:38,241] {dagbag.py:508} INFO - Filling up the DagBag from /opt/airflow/dags/prepare_semilleros_operator.py
[2023-08-01 23:45:38,606] {processor.py:653} WARNING - No viable dags retrieved from /opt/airflow/dags/prepare_semilleros_operator.py
[2023-08-01 23:45:38,660] {processor.py:161} INFO - Processing /opt/airflow/dags/prepare_semilleros_operator.py took 0.439 seconds
[2023-08-01 23:46:09,114] {processor.py:153} INFO - Started process (PID=5442) to work on /opt/airflow/dags/prepare_semilleros_operator.py
[2023-08-01 23:46:09,115] {processor.py:641} INFO - Processing file /opt/airflow/dags/prepare_semilleros_operator.py for tasks to queue
[2023-08-01 23:46:09,116] {logging_mixin.py:115} INFO - [2023-08-01 23:46:09,116] {dagbag.py:508} INFO - Filling up the DagBag from /opt/airflow/dags/prepare_semilleros_operator.py
[2023-08-01 23:46:09,291] {processor.py:653} WARNING - No viable dags retrieved from /opt/airflow/dags/prepare_semilleros_operator.py
[2023-08-01 23:46:09,322] {processor.py:161} INFO - Processing /opt/airflow/dags/prepare_semilleros_operator.py took 0.212 seconds
[2023-08-01 23:46:40,326] {processor.py:153} INFO - Started process (PID=5490) to work on /opt/airflow/dags/prepare_semilleros_operator.py
[2023-08-01 23:46:40,327] {processor.py:641} INFO - Processing file /opt/airflow/dags/prepare_semilleros_operator.py for tasks to queue
[2023-08-01 23:46:40,328] {logging_mixin.py:115} INFO - [2023-08-01 23:46:40,328] {dagbag.py:508} INFO - Filling up the DagBag from /opt/airflow/dags/prepare_semilleros_operator.py
[2023-08-01 23:46:40,464] {processor.py:653} WARNING - No viable dags retrieved from /opt/airflow/dags/prepare_semilleros_operator.py
[2023-08-01 23:46:40,480] {processor.py:161} INFO - Processing /opt/airflow/dags/prepare_semilleros_operator.py took 0.157 seconds
[2023-08-01 23:47:10,741] {processor.py:153} INFO - Started process (PID=5547) to work on /opt/airflow/dags/prepare_semilleros_operator.py
[2023-08-01 23:47:10,742] {processor.py:641} INFO - Processing file /opt/airflow/dags/prepare_semilleros_operator.py for tasks to queue
[2023-08-01 23:47:10,743] {logging_mixin.py:115} INFO - [2023-08-01 23:47:10,743] {dagbag.py:508} INFO - Filling up the DagBag from /opt/airflow/dags/prepare_semilleros_operator.py
[2023-08-01 23:47:10,887] {processor.py:653} WARNING - No viable dags retrieved from /opt/airflow/dags/prepare_semilleros_operator.py
[2023-08-01 23:47:10,906] {processor.py:161} INFO - Processing /opt/airflow/dags/prepare_semilleros_operator.py took 0.167 seconds
[2023-08-01 23:47:41,451] {processor.py:153} INFO - Started process (PID=5604) to work on /opt/airflow/dags/prepare_semilleros_operator.py
[2023-08-01 23:47:41,452] {processor.py:641} INFO - Processing file /opt/airflow/dags/prepare_semilleros_operator.py for tasks to queue
[2023-08-01 23:47:41,453] {logging_mixin.py:115} INFO - [2023-08-01 23:47:41,453] {dagbag.py:508} INFO - Filling up the DagBag from /opt/airflow/dags/prepare_semilleros_operator.py
[2023-08-01 23:47:41,600] {processor.py:653} WARNING - No viable dags retrieved from /opt/airflow/dags/prepare_semilleros_operator.py
[2023-08-01 23:47:41,615] {processor.py:161} INFO - Processing /opt/airflow/dags/prepare_semilleros_operator.py took 0.168 seconds
[2023-08-01 23:48:12,299] {processor.py:153} INFO - Started process (PID=5662) to work on /opt/airflow/dags/prepare_semilleros_operator.py
[2023-08-01 23:48:12,301] {processor.py:641} INFO - Processing file /opt/airflow/dags/prepare_semilleros_operator.py for tasks to queue
[2023-08-01 23:48:12,302] {logging_mixin.py:115} INFO - [2023-08-01 23:48:12,301] {dagbag.py:508} INFO - Filling up the DagBag from /opt/airflow/dags/prepare_semilleros_operator.py
[2023-08-01 23:48:12,452] {processor.py:653} WARNING - No viable dags retrieved from /opt/airflow/dags/prepare_semilleros_operator.py
[2023-08-01 23:48:12,470] {processor.py:161} INFO - Processing /opt/airflow/dags/prepare_semilleros_operator.py took 0.174 seconds
[2023-08-01 23:48:43,028] {processor.py:153} INFO - Started process (PID=5710) to work on /opt/airflow/dags/prepare_semilleros_operator.py
[2023-08-01 23:48:43,029] {processor.py:641} INFO - Processing file /opt/airflow/dags/prepare_semilleros_operator.py for tasks to queue
[2023-08-01 23:48:43,030] {logging_mixin.py:115} INFO - [2023-08-01 23:48:43,030] {dagbag.py:508} INFO - Filling up the DagBag from /opt/airflow/dags/prepare_semilleros_operator.py
[2023-08-01 23:48:43,227] {processor.py:653} WARNING - No viable dags retrieved from /opt/airflow/dags/prepare_semilleros_operator.py
[2023-08-01 23:48:43,245] {processor.py:161} INFO - Processing /opt/airflow/dags/prepare_semilleros_operator.py took 0.220 seconds
[2023-08-01 23:49:13,517] {processor.py:153} INFO - Started process (PID=5767) to work on /opt/airflow/dags/prepare_semilleros_operator.py
[2023-08-01 23:49:13,518] {processor.py:641} INFO - Processing file /opt/airflow/dags/prepare_semilleros_operator.py for tasks to queue
[2023-08-01 23:49:13,519] {logging_mixin.py:115} INFO - [2023-08-01 23:49:13,519] {dagbag.py:508} INFO - Filling up the DagBag from /opt/airflow/dags/prepare_semilleros_operator.py
[2023-08-01 23:49:13,660] {processor.py:653} WARNING - No viable dags retrieved from /opt/airflow/dags/prepare_semilleros_operator.py
[2023-08-01 23:49:13,674] {processor.py:161} INFO - Processing /opt/airflow/dags/prepare_semilleros_operator.py took 0.160 seconds
[2023-08-01 23:49:44,374] {processor.py:153} INFO - Started process (PID=5824) to work on /opt/airflow/dags/prepare_semilleros_operator.py
[2023-08-01 23:49:44,376] {processor.py:641} INFO - Processing file /opt/airflow/dags/prepare_semilleros_operator.py for tasks to queue
[2023-08-01 23:49:44,377] {logging_mixin.py:115} INFO - [2023-08-01 23:49:44,376] {dagbag.py:508} INFO - Filling up the DagBag from /opt/airflow/dags/prepare_semilleros_operator.py
[2023-08-01 23:49:44,512] {processor.py:653} WARNING - No viable dags retrieved from /opt/airflow/dags/prepare_semilleros_operator.py
[2023-08-01 23:49:44,528] {processor.py:161} INFO - Processing /opt/airflow/dags/prepare_semilleros_operator.py took 0.158 seconds
[2023-08-01 23:50:15,310] {processor.py:153} INFO - Started process (PID=5881) to work on /opt/airflow/dags/prepare_semilleros_operator.py
[2023-08-01 23:50:15,311] {processor.py:641} INFO - Processing file /opt/airflow/dags/prepare_semilleros_operator.py for tasks to queue
[2023-08-01 23:50:15,313] {logging_mixin.py:115} INFO - [2023-08-01 23:50:15,312] {dagbag.py:508} INFO - Filling up the DagBag from /opt/airflow/dags/prepare_semilleros_operator.py
[2023-08-01 23:50:15,443] {processor.py:653} WARNING - No viable dags retrieved from /opt/airflow/dags/prepare_semilleros_operator.py
[2023-08-01 23:50:15,457] {processor.py:161} INFO - Processing /opt/airflow/dags/prepare_semilleros_operator.py took 0.151 seconds
[2023-08-01 23:50:45,600] {processor.py:153} INFO - Started process (PID=5938) to work on /opt/airflow/dags/prepare_semilleros_operator.py
[2023-08-01 23:50:45,601] {processor.py:641} INFO - Processing file /opt/airflow/dags/prepare_semilleros_operator.py for tasks to queue
[2023-08-01 23:50:45,604] {logging_mixin.py:115} INFO - [2023-08-01 23:50:45,603] {dagbag.py:508} INFO - Filling up the DagBag from /opt/airflow/dags/prepare_semilleros_operator.py
[2023-08-01 23:50:45,761] {processor.py:653} WARNING - No viable dags retrieved from /opt/airflow/dags/prepare_semilleros_operator.py
[2023-08-01 23:50:45,778] {processor.py:161} INFO - Processing /opt/airflow/dags/prepare_semilleros_operator.py took 0.182 seconds
[2023-08-01 23:51:16,556] {processor.py:153} INFO - Started process (PID=5986) to work on /opt/airflow/dags/prepare_semilleros_operator.py
[2023-08-01 23:51:16,557] {processor.py:641} INFO - Processing file /opt/airflow/dags/prepare_semilleros_operator.py for tasks to queue
[2023-08-01 23:51:16,558] {logging_mixin.py:115} INFO - [2023-08-01 23:51:16,558] {dagbag.py:508} INFO - Filling up the DagBag from /opt/airflow/dags/prepare_semilleros_operator.py
[2023-08-01 23:51:16,699] {processor.py:653} WARNING - No viable dags retrieved from /opt/airflow/dags/prepare_semilleros_operator.py
[2023-08-01 23:51:16,714] {processor.py:161} INFO - Processing /opt/airflow/dags/prepare_semilleros_operator.py took 0.160 seconds
[2023-08-01 23:51:46,805] {processor.py:153} INFO - Started process (PID=6043) to work on /opt/airflow/dags/prepare_semilleros_operator.py
[2023-08-01 23:51:46,811] {processor.py:641} INFO - Processing file /opt/airflow/dags/prepare_semilleros_operator.py for tasks to queue
[2023-08-01 23:51:46,812] {logging_mixin.py:115} INFO - [2023-08-01 23:51:46,812] {dagbag.py:508} INFO - Filling up the DagBag from /opt/airflow/dags/prepare_semilleros_operator.py
[2023-08-01 23:51:46,970] {processor.py:653} WARNING - No viable dags retrieved from /opt/airflow/dags/prepare_semilleros_operator.py
[2023-08-01 23:51:46,984] {processor.py:161} INFO - Processing /opt/airflow/dags/prepare_semilleros_operator.py took 0.183 seconds
[2023-08-01 23:52:17,096] {processor.py:153} INFO - Started process (PID=6100) to work on /opt/airflow/dags/prepare_semilleros_operator.py
[2023-08-01 23:52:17,097] {processor.py:641} INFO - Processing file /opt/airflow/dags/prepare_semilleros_operator.py for tasks to queue
[2023-08-01 23:52:17,098] {logging_mixin.py:115} INFO - [2023-08-01 23:52:17,098] {dagbag.py:508} INFO - Filling up the DagBag from /opt/airflow/dags/prepare_semilleros_operator.py
[2023-08-01 23:52:17,240] {processor.py:653} WARNING - No viable dags retrieved from /opt/airflow/dags/prepare_semilleros_operator.py
[2023-08-01 23:52:17,256] {processor.py:161} INFO - Processing /opt/airflow/dags/prepare_semilleros_operator.py took 0.163 seconds
[2023-08-01 23:52:47,657] {processor.py:153} INFO - Started process (PID=6148) to work on /opt/airflow/dags/prepare_semilleros_operator.py
[2023-08-01 23:52:47,659] {processor.py:641} INFO - Processing file /opt/airflow/dags/prepare_semilleros_operator.py for tasks to queue
[2023-08-01 23:52:47,659] {logging_mixin.py:115} INFO - [2023-08-01 23:52:47,659] {dagbag.py:508} INFO - Filling up the DagBag from /opt/airflow/dags/prepare_semilleros_operator.py
[2023-08-01 23:52:47,817] {processor.py:653} WARNING - No viable dags retrieved from /opt/airflow/dags/prepare_semilleros_operator.py
[2023-08-01 23:52:47,834] {processor.py:161} INFO - Processing /opt/airflow/dags/prepare_semilleros_operator.py took 0.181 seconds
[2023-08-01 23:53:18,153] {processor.py:153} INFO - Started process (PID=6205) to work on /opt/airflow/dags/prepare_semilleros_operator.py
[2023-08-01 23:53:18,162] {processor.py:641} INFO - Processing file /opt/airflow/dags/prepare_semilleros_operator.py for tasks to queue
[2023-08-01 23:53:18,163] {logging_mixin.py:115} INFO - [2023-08-01 23:53:18,163] {dagbag.py:508} INFO - Filling up the DagBag from /opt/airflow/dags/prepare_semilleros_operator.py
[2023-08-01 23:53:18,335] {processor.py:653} WARNING - No viable dags retrieved from /opt/airflow/dags/prepare_semilleros_operator.py
[2023-08-01 23:53:18,350] {processor.py:161} INFO - Processing /opt/airflow/dags/prepare_semilleros_operator.py took 0.202 seconds
[2023-08-01 23:53:48,551] {processor.py:153} INFO - Started process (PID=6262) to work on /opt/airflow/dags/prepare_semilleros_operator.py
[2023-08-01 23:53:48,552] {processor.py:641} INFO - Processing file /opt/airflow/dags/prepare_semilleros_operator.py for tasks to queue
[2023-08-01 23:53:48,553] {logging_mixin.py:115} INFO - [2023-08-01 23:53:48,553] {dagbag.py:508} INFO - Filling up the DagBag from /opt/airflow/dags/prepare_semilleros_operator.py
[2023-08-01 23:53:48,732] {processor.py:653} WARNING - No viable dags retrieved from /opt/airflow/dags/prepare_semilleros_operator.py
[2023-08-01 23:53:48,760] {processor.py:161} INFO - Processing /opt/airflow/dags/prepare_semilleros_operator.py took 0.215 seconds
[2023-08-01 23:54:19,379] {processor.py:153} INFO - Started process (PID=6318) to work on /opt/airflow/dags/prepare_semilleros_operator.py
[2023-08-01 23:54:19,383] {processor.py:641} INFO - Processing file /opt/airflow/dags/prepare_semilleros_operator.py for tasks to queue
[2023-08-01 23:54:19,384] {logging_mixin.py:115} INFO - [2023-08-01 23:54:19,384] {dagbag.py:508} INFO - Filling up the DagBag from /opt/airflow/dags/prepare_semilleros_operator.py
[2023-08-01 23:54:19,568] {processor.py:653} WARNING - No viable dags retrieved from /opt/airflow/dags/prepare_semilleros_operator.py
[2023-08-01 23:54:19,594] {processor.py:161} INFO - Processing /opt/airflow/dags/prepare_semilleros_operator.py took 0.220 seconds
[2023-08-01 23:54:50,228] {processor.py:153} INFO - Started process (PID=6367) to work on /opt/airflow/dags/prepare_semilleros_operator.py
[2023-08-01 23:54:50,232] {processor.py:641} INFO - Processing file /opt/airflow/dags/prepare_semilleros_operator.py for tasks to queue
[2023-08-01 23:54:50,233] {logging_mixin.py:115} INFO - [2023-08-01 23:54:50,233] {dagbag.py:508} INFO - Filling up the DagBag from /opt/airflow/dags/prepare_semilleros_operator.py
[2023-08-01 23:54:50,391] {processor.py:653} WARNING - No viable dags retrieved from /opt/airflow/dags/prepare_semilleros_operator.py
[2023-08-01 23:54:50,412] {processor.py:161} INFO - Processing /opt/airflow/dags/prepare_semilleros_operator.py took 0.187 seconds
[2023-08-01 23:55:20,477] {processor.py:153} INFO - Started process (PID=6424) to work on /opt/airflow/dags/prepare_semilleros_operator.py
[2023-08-01 23:55:20,478] {processor.py:641} INFO - Processing file /opt/airflow/dags/prepare_semilleros_operator.py for tasks to queue
[2023-08-01 23:55:20,479] {logging_mixin.py:115} INFO - [2023-08-01 23:55:20,479] {dagbag.py:508} INFO - Filling up the DagBag from /opt/airflow/dags/prepare_semilleros_operator.py
[2023-08-01 23:55:20,611] {processor.py:653} WARNING - No viable dags retrieved from /opt/airflow/dags/prepare_semilleros_operator.py
[2023-08-01 23:55:20,626] {processor.py:161} INFO - Processing /opt/airflow/dags/prepare_semilleros_operator.py took 0.153 seconds
[2023-08-01 23:55:51,222] {processor.py:153} INFO - Started process (PID=6482) to work on /opt/airflow/dags/prepare_semilleros_operator.py
[2023-08-01 23:55:51,224] {processor.py:641} INFO - Processing file /opt/airflow/dags/prepare_semilleros_operator.py for tasks to queue
[2023-08-01 23:55:51,225] {logging_mixin.py:115} INFO - [2023-08-01 23:55:51,225] {dagbag.py:508} INFO - Filling up the DagBag from /opt/airflow/dags/prepare_semilleros_operator.py
[2023-08-01 23:55:51,391] {processor.py:653} WARNING - No viable dags retrieved from /opt/airflow/dags/prepare_semilleros_operator.py
[2023-08-01 23:55:51,408] {processor.py:161} INFO - Processing /opt/airflow/dags/prepare_semilleros_operator.py took 0.189 seconds
[2023-08-01 23:56:21,880] {processor.py:153} INFO - Started process (PID=6539) to work on /opt/airflow/dags/prepare_semilleros_operator.py
[2023-08-01 23:56:21,882] {processor.py:641} INFO - Processing file /opt/airflow/dags/prepare_semilleros_operator.py for tasks to queue
[2023-08-01 23:56:21,883] {logging_mixin.py:115} INFO - [2023-08-01 23:56:21,883] {dagbag.py:508} INFO - Filling up the DagBag from /opt/airflow/dags/prepare_semilleros_operator.py
[2023-08-01 23:56:22,103] {processor.py:653} WARNING - No viable dags retrieved from /opt/airflow/dags/prepare_semilleros_operator.py
[2023-08-01 23:56:22,127] {processor.py:161} INFO - Processing /opt/airflow/dags/prepare_semilleros_operator.py took 0.250 seconds
[2023-08-01 23:56:52,279] {processor.py:153} INFO - Started process (PID=6587) to work on /opt/airflow/dags/prepare_semilleros_operator.py
[2023-08-01 23:56:52,281] {processor.py:641} INFO - Processing file /opt/airflow/dags/prepare_semilleros_operator.py for tasks to queue
[2023-08-01 23:56:52,281] {logging_mixin.py:115} INFO - [2023-08-01 23:56:52,281] {dagbag.py:508} INFO - Filling up the DagBag from /opt/airflow/dags/prepare_semilleros_operator.py
[2023-08-01 23:56:52,444] {processor.py:653} WARNING - No viable dags retrieved from /opt/airflow/dags/prepare_semilleros_operator.py
[2023-08-01 23:56:52,480] {processor.py:161} INFO - Processing /opt/airflow/dags/prepare_semilleros_operator.py took 0.204 seconds
[2023-08-01 23:57:23,609] {processor.py:153} INFO - Started process (PID=6644) to work on /opt/airflow/dags/prepare_semilleros_operator.py
[2023-08-01 23:57:23,610] {processor.py:641} INFO - Processing file /opt/airflow/dags/prepare_semilleros_operator.py for tasks to queue
[2023-08-01 23:57:23,612] {logging_mixin.py:115} INFO - [2023-08-01 23:57:23,612] {dagbag.py:508} INFO - Filling up the DagBag from /opt/airflow/dags/prepare_semilleros_operator.py
[2023-08-01 23:57:23,765] {processor.py:653} WARNING - No viable dags retrieved from /opt/airflow/dags/prepare_semilleros_operator.py
[2023-08-01 23:57:23,781] {processor.py:161} INFO - Processing /opt/airflow/dags/prepare_semilleros_operator.py took 0.175 seconds
[2023-08-01 23:57:54,211] {processor.py:153} INFO - Started process (PID=6702) to work on /opt/airflow/dags/prepare_semilleros_operator.py
[2023-08-01 23:57:54,212] {processor.py:641} INFO - Processing file /opt/airflow/dags/prepare_semilleros_operator.py for tasks to queue
[2023-08-01 23:57:54,213] {logging_mixin.py:115} INFO - [2023-08-01 23:57:54,213] {dagbag.py:508} INFO - Filling up the DagBag from /opt/airflow/dags/prepare_semilleros_operator.py
[2023-08-01 23:57:54,366] {processor.py:653} WARNING - No viable dags retrieved from /opt/airflow/dags/prepare_semilleros_operator.py
[2023-08-01 23:57:54,384] {processor.py:161} INFO - Processing /opt/airflow/dags/prepare_semilleros_operator.py took 0.177 seconds
[2023-08-01 23:58:24,722] {processor.py:153} INFO - Started process (PID=6759) to work on /opt/airflow/dags/prepare_semilleros_operator.py
[2023-08-01 23:58:24,723] {processor.py:641} INFO - Processing file /opt/airflow/dags/prepare_semilleros_operator.py for tasks to queue
[2023-08-01 23:58:24,724] {logging_mixin.py:115} INFO - [2023-08-01 23:58:24,724] {dagbag.py:508} INFO - Filling up the DagBag from /opt/airflow/dags/prepare_semilleros_operator.py
[2023-08-01 23:58:24,893] {processor.py:653} WARNING - No viable dags retrieved from /opt/airflow/dags/prepare_semilleros_operator.py
[2023-08-01 23:58:24,916] {processor.py:161} INFO - Processing /opt/airflow/dags/prepare_semilleros_operator.py took 0.197 seconds
[2023-08-01 23:58:55,857] {processor.py:153} INFO - Started process (PID=6807) to work on /opt/airflow/dags/prepare_semilleros_operator.py
[2023-08-01 23:58:55,858] {processor.py:641} INFO - Processing file /opt/airflow/dags/prepare_semilleros_operator.py for tasks to queue
[2023-08-01 23:58:55,859] {logging_mixin.py:115} INFO - [2023-08-01 23:58:55,859] {dagbag.py:508} INFO - Filling up the DagBag from /opt/airflow/dags/prepare_semilleros_operator.py
[2023-08-01 23:58:56,015] {processor.py:653} WARNING - No viable dags retrieved from /opt/airflow/dags/prepare_semilleros_operator.py
[2023-08-01 23:58:56,031] {processor.py:161} INFO - Processing /opt/airflow/dags/prepare_semilleros_operator.py took 0.177 seconds
[2023-08-01 23:59:26,413] {processor.py:153} INFO - Started process (PID=6863) to work on /opt/airflow/dags/prepare_semilleros_operator.py
[2023-08-01 23:59:26,413] {processor.py:641} INFO - Processing file /opt/airflow/dags/prepare_semilleros_operator.py for tasks to queue
[2023-08-01 23:59:26,414] {logging_mixin.py:115} INFO - [2023-08-01 23:59:26,414] {dagbag.py:508} INFO - Filling up the DagBag from /opt/airflow/dags/prepare_semilleros_operator.py
[2023-08-01 23:59:26,577] {processor.py:653} WARNING - No viable dags retrieved from /opt/airflow/dags/prepare_semilleros_operator.py
[2023-08-01 23:59:26,596] {processor.py:161} INFO - Processing /opt/airflow/dags/prepare_semilleros_operator.py took 0.187 seconds
[2023-08-01 23:59:56,944] {processor.py:153} INFO - Started process (PID=6920) to work on /opt/airflow/dags/prepare_semilleros_operator.py
[2023-08-01 23:59:56,945] {processor.py:641} INFO - Processing file /opt/airflow/dags/prepare_semilleros_operator.py for tasks to queue
[2023-08-01 23:59:56,947] {logging_mixin.py:115} INFO - [2023-08-01 23:59:56,947] {dagbag.py:508} INFO - Filling up the DagBag from /opt/airflow/dags/prepare_semilleros_operator.py
[2023-08-01 23:59:57,182] {processor.py:653} WARNING - No viable dags retrieved from /opt/airflow/dags/prepare_semilleros_operator.py
[2023-08-01 23:59:57,212] {processor.py:161} INFO - Processing /opt/airflow/dags/prepare_semilleros_operator.py took 0.272 seconds
