[2023-08-01 22:56:12,418] {processor.py:153} INFO - Started process (PID=74) to work on /opt/airflow/dags/prepare_wos_data_operator.py
[2023-08-01 22:56:12,432] {processor.py:641} INFO - Processing file /opt/airflow/dags/prepare_wos_data_operator.py for tasks to queue
[2023-08-01 22:56:12,435] {logging_mixin.py:115} INFO - [2023-08-01 22:56:12,435] {dagbag.py:508} INFO - Filling up the DagBag from /opt/airflow/dags/prepare_wos_data_operator.py
[2023-08-01 22:56:12,858] {processor.py:653} WARNING - No viable dags retrieved from /opt/airflow/dags/prepare_wos_data_operator.py
[2023-08-01 22:56:12,885] {processor.py:161} INFO - Processing /opt/airflow/dags/prepare_wos_data_operator.py took 0.471 seconds
[2023-08-01 22:56:43,583] {processor.py:153} INFO - Started process (PID=131) to work on /opt/airflow/dags/prepare_wos_data_operator.py
[2023-08-01 22:56:43,585] {processor.py:641} INFO - Processing file /opt/airflow/dags/prepare_wos_data_operator.py for tasks to queue
[2023-08-01 22:56:43,586] {logging_mixin.py:115} INFO - [2023-08-01 22:56:43,586] {dagbag.py:508} INFO - Filling up the DagBag from /opt/airflow/dags/prepare_wos_data_operator.py
[2023-08-01 22:56:43,836] {processor.py:653} WARNING - No viable dags retrieved from /opt/airflow/dags/prepare_wos_data_operator.py
[2023-08-01 22:56:43,848] {processor.py:161} INFO - Processing /opt/airflow/dags/prepare_wos_data_operator.py took 0.269 seconds
[2023-08-01 22:57:14,096] {processor.py:153} INFO - Started process (PID=188) to work on /opt/airflow/dags/prepare_wos_data_operator.py
[2023-08-01 22:57:14,098] {processor.py:641} INFO - Processing file /opt/airflow/dags/prepare_wos_data_operator.py for tasks to queue
[2023-08-01 22:57:14,099] {logging_mixin.py:115} INFO - [2023-08-01 22:57:14,099] {dagbag.py:508} INFO - Filling up the DagBag from /opt/airflow/dags/prepare_wos_data_operator.py
[2023-08-01 22:57:14,487] {processor.py:653} WARNING - No viable dags retrieved from /opt/airflow/dags/prepare_wos_data_operator.py
[2023-08-01 22:57:14,509] {processor.py:161} INFO - Processing /opt/airflow/dags/prepare_wos_data_operator.py took 0.418 seconds
[2023-08-01 22:57:44,983] {processor.py:153} INFO - Started process (PID=245) to work on /opt/airflow/dags/prepare_wos_data_operator.py
[2023-08-01 22:57:44,984] {processor.py:641} INFO - Processing file /opt/airflow/dags/prepare_wos_data_operator.py for tasks to queue
[2023-08-01 22:57:44,985] {logging_mixin.py:115} INFO - [2023-08-01 22:57:44,985] {dagbag.py:508} INFO - Filling up the DagBag from /opt/airflow/dags/prepare_wos_data_operator.py
[2023-08-01 22:57:45,390] {processor.py:653} WARNING - No viable dags retrieved from /opt/airflow/dags/prepare_wos_data_operator.py
[2023-08-01 22:57:45,406] {processor.py:161} INFO - Processing /opt/airflow/dags/prepare_wos_data_operator.py took 0.427 seconds
[2023-08-01 22:58:15,564] {processor.py:153} INFO - Started process (PID=293) to work on /opt/airflow/dags/prepare_wos_data_operator.py
[2023-08-01 22:58:15,566] {processor.py:641} INFO - Processing file /opt/airflow/dags/prepare_wos_data_operator.py for tasks to queue
[2023-08-01 22:58:15,568] {logging_mixin.py:115} INFO - [2023-08-01 22:58:15,568] {dagbag.py:508} INFO - Filling up the DagBag from /opt/airflow/dags/prepare_wos_data_operator.py
[2023-08-01 22:58:15,801] {processor.py:653} WARNING - No viable dags retrieved from /opt/airflow/dags/prepare_wos_data_operator.py
[2023-08-01 22:58:15,813] {processor.py:161} INFO - Processing /opt/airflow/dags/prepare_wos_data_operator.py took 0.253 seconds
[2023-08-01 22:58:46,091] {processor.py:153} INFO - Started process (PID=351) to work on /opt/airflow/dags/prepare_wos_data_operator.py
[2023-08-01 22:58:46,093] {processor.py:641} INFO - Processing file /opt/airflow/dags/prepare_wos_data_operator.py for tasks to queue
[2023-08-01 22:58:46,094] {logging_mixin.py:115} INFO - [2023-08-01 22:58:46,094] {dagbag.py:508} INFO - Filling up the DagBag from /opt/airflow/dags/prepare_wos_data_operator.py
[2023-08-01 22:58:46,341] {processor.py:653} WARNING - No viable dags retrieved from /opt/airflow/dags/prepare_wos_data_operator.py
[2023-08-01 22:58:46,360] {processor.py:161} INFO - Processing /opt/airflow/dags/prepare_wos_data_operator.py took 0.272 seconds
[2023-08-01 22:59:17,023] {processor.py:153} INFO - Started process (PID=407) to work on /opt/airflow/dags/prepare_wos_data_operator.py
[2023-08-01 22:59:17,024] {processor.py:641} INFO - Processing file /opt/airflow/dags/prepare_wos_data_operator.py for tasks to queue
[2023-08-01 22:59:17,025] {logging_mixin.py:115} INFO - [2023-08-01 22:59:17,025] {dagbag.py:508} INFO - Filling up the DagBag from /opt/airflow/dags/prepare_wos_data_operator.py
[2023-08-01 22:59:17,294] {processor.py:653} WARNING - No viable dags retrieved from /opt/airflow/dags/prepare_wos_data_operator.py
[2023-08-01 22:59:17,308] {processor.py:161} INFO - Processing /opt/airflow/dags/prepare_wos_data_operator.py took 0.288 seconds
[2023-08-01 22:59:48,151] {processor.py:153} INFO - Started process (PID=464) to work on /opt/airflow/dags/prepare_wos_data_operator.py
[2023-08-01 22:59:48,153] {processor.py:641} INFO - Processing file /opt/airflow/dags/prepare_wos_data_operator.py for tasks to queue
[2023-08-01 22:59:48,154] {logging_mixin.py:115} INFO - [2023-08-01 22:59:48,154] {dagbag.py:508} INFO - Filling up the DagBag from /opt/airflow/dags/prepare_wos_data_operator.py
[2023-08-01 22:59:48,418] {processor.py:653} WARNING - No viable dags retrieved from /opt/airflow/dags/prepare_wos_data_operator.py
[2023-08-01 22:59:48,431] {processor.py:161} INFO - Processing /opt/airflow/dags/prepare_wos_data_operator.py took 0.287 seconds
[2023-08-01 23:00:19,475] {processor.py:153} INFO - Started process (PID=521) to work on /opt/airflow/dags/prepare_wos_data_operator.py
[2023-08-01 23:00:19,476] {processor.py:641} INFO - Processing file /opt/airflow/dags/prepare_wos_data_operator.py for tasks to queue
[2023-08-01 23:00:19,477] {logging_mixin.py:115} INFO - [2023-08-01 23:00:19,477] {dagbag.py:508} INFO - Filling up the DagBag from /opt/airflow/dags/prepare_wos_data_operator.py
[2023-08-01 23:00:19,726] {processor.py:653} WARNING - No viable dags retrieved from /opt/airflow/dags/prepare_wos_data_operator.py
[2023-08-01 23:00:19,742] {processor.py:161} INFO - Processing /opt/airflow/dags/prepare_wos_data_operator.py took 0.269 seconds
[2023-08-01 23:00:50,047] {processor.py:153} INFO - Started process (PID=569) to work on /opt/airflow/dags/prepare_wos_data_operator.py
[2023-08-01 23:00:50,048] {processor.py:641} INFO - Processing file /opt/airflow/dags/prepare_wos_data_operator.py for tasks to queue
[2023-08-01 23:00:50,049] {logging_mixin.py:115} INFO - [2023-08-01 23:00:50,049] {dagbag.py:508} INFO - Filling up the DagBag from /opt/airflow/dags/prepare_wos_data_operator.py
[2023-08-01 23:00:50,258] {processor.py:653} WARNING - No viable dags retrieved from /opt/airflow/dags/prepare_wos_data_operator.py
[2023-08-01 23:00:50,270] {processor.py:161} INFO - Processing /opt/airflow/dags/prepare_wos_data_operator.py took 0.225 seconds
[2023-08-01 23:01:20,896] {processor.py:153} INFO - Started process (PID=626) to work on /opt/airflow/dags/prepare_wos_data_operator.py
[2023-08-01 23:01:20,898] {processor.py:641} INFO - Processing file /opt/airflow/dags/prepare_wos_data_operator.py for tasks to queue
[2023-08-01 23:01:20,900] {logging_mixin.py:115} INFO - [2023-08-01 23:01:20,900] {dagbag.py:508} INFO - Filling up the DagBag from /opt/airflow/dags/prepare_wos_data_operator.py
[2023-08-01 23:01:21,171] {processor.py:653} WARNING - No viable dags retrieved from /opt/airflow/dags/prepare_wos_data_operator.py
[2023-08-01 23:01:21,191] {processor.py:161} INFO - Processing /opt/airflow/dags/prepare_wos_data_operator.py took 0.300 seconds
[2023-08-01 23:01:51,949] {processor.py:153} INFO - Started process (PID=685) to work on /opt/airflow/dags/prepare_wos_data_operator.py
[2023-08-01 23:01:51,950] {processor.py:641} INFO - Processing file /opt/airflow/dags/prepare_wos_data_operator.py for tasks to queue
[2023-08-01 23:01:51,952] {logging_mixin.py:115} INFO - [2023-08-01 23:01:51,952] {dagbag.py:508} INFO - Filling up the DagBag from /opt/airflow/dags/prepare_wos_data_operator.py
[2023-08-01 23:01:52,196] {processor.py:653} WARNING - No viable dags retrieved from /opt/airflow/dags/prepare_wos_data_operator.py
[2023-08-01 23:01:52,209] {processor.py:161} INFO - Processing /opt/airflow/dags/prepare_wos_data_operator.py took 0.264 seconds
[2023-08-01 23:02:22,924] {processor.py:153} INFO - Started process (PID=742) to work on /opt/airflow/dags/prepare_wos_data_operator.py
[2023-08-01 23:02:22,926] {processor.py:641} INFO - Processing file /opt/airflow/dags/prepare_wos_data_operator.py for tasks to queue
[2023-08-01 23:02:22,927] {logging_mixin.py:115} INFO - [2023-08-01 23:02:22,927] {dagbag.py:508} INFO - Filling up the DagBag from /opt/airflow/dags/prepare_wos_data_operator.py
[2023-08-01 23:02:23,205] {processor.py:653} WARNING - No viable dags retrieved from /opt/airflow/dags/prepare_wos_data_operator.py
[2023-08-01 23:02:23,218] {processor.py:161} INFO - Processing /opt/airflow/dags/prepare_wos_data_operator.py took 0.297 seconds
[2023-08-01 23:02:53,970] {processor.py:153} INFO - Started process (PID=800) to work on /opt/airflow/dags/prepare_wos_data_operator.py
[2023-08-01 23:02:53,972] {processor.py:641} INFO - Processing file /opt/airflow/dags/prepare_wos_data_operator.py for tasks to queue
[2023-08-01 23:02:53,973] {logging_mixin.py:115} INFO - [2023-08-01 23:02:53,973] {dagbag.py:508} INFO - Filling up the DagBag from /opt/airflow/dags/prepare_wos_data_operator.py
[2023-08-01 23:02:54,245] {processor.py:653} WARNING - No viable dags retrieved from /opt/airflow/dags/prepare_wos_data_operator.py
[2023-08-01 23:02:54,260] {processor.py:161} INFO - Processing /opt/airflow/dags/prepare_wos_data_operator.py took 0.294 seconds
[2023-08-01 23:03:24,800] {processor.py:153} INFO - Started process (PID=848) to work on /opt/airflow/dags/prepare_wos_data_operator.py
[2023-08-01 23:03:24,802] {processor.py:641} INFO - Processing file /opt/airflow/dags/prepare_wos_data_operator.py for tasks to queue
[2023-08-01 23:03:24,802] {logging_mixin.py:115} INFO - [2023-08-01 23:03:24,802] {dagbag.py:508} INFO - Filling up the DagBag from /opt/airflow/dags/prepare_wos_data_operator.py
[2023-08-01 23:03:25,129] {processor.py:653} WARNING - No viable dags retrieved from /opt/airflow/dags/prepare_wos_data_operator.py
[2023-08-01 23:03:25,180] {processor.py:161} INFO - Processing /opt/airflow/dags/prepare_wos_data_operator.py took 0.383 seconds
[2023-08-01 23:03:55,415] {processor.py:153} INFO - Started process (PID=906) to work on /opt/airflow/dags/prepare_wos_data_operator.py
[2023-08-01 23:03:55,417] {processor.py:641} INFO - Processing file /opt/airflow/dags/prepare_wos_data_operator.py for tasks to queue
[2023-08-01 23:03:55,418] {logging_mixin.py:115} INFO - [2023-08-01 23:03:55,418] {dagbag.py:508} INFO - Filling up the DagBag from /opt/airflow/dags/prepare_wos_data_operator.py
[2023-08-01 23:03:55,633] {processor.py:653} WARNING - No viable dags retrieved from /opt/airflow/dags/prepare_wos_data_operator.py
[2023-08-01 23:03:55,646] {processor.py:161} INFO - Processing /opt/airflow/dags/prepare_wos_data_operator.py took 0.234 seconds
[2023-08-01 23:04:26,155] {processor.py:153} INFO - Started process (PID=964) to work on /opt/airflow/dags/prepare_wos_data_operator.py
[2023-08-01 23:04:26,156] {processor.py:641} INFO - Processing file /opt/airflow/dags/prepare_wos_data_operator.py for tasks to queue
[2023-08-01 23:04:26,157] {logging_mixin.py:115} INFO - [2023-08-01 23:04:26,157] {dagbag.py:508} INFO - Filling up the DagBag from /opt/airflow/dags/prepare_wos_data_operator.py
[2023-08-01 23:04:26,393] {processor.py:653} WARNING - No viable dags retrieved from /opt/airflow/dags/prepare_wos_data_operator.py
[2023-08-01 23:04:26,404] {processor.py:161} INFO - Processing /opt/airflow/dags/prepare_wos_data_operator.py took 0.252 seconds
[2023-08-01 23:04:57,574] {processor.py:153} INFO - Started process (PID=1019) to work on /opt/airflow/dags/prepare_wos_data_operator.py
[2023-08-01 23:04:57,576] {processor.py:641} INFO - Processing file /opt/airflow/dags/prepare_wos_data_operator.py for tasks to queue
[2023-08-01 23:04:57,577] {logging_mixin.py:115} INFO - [2023-08-01 23:04:57,577] {dagbag.py:508} INFO - Filling up the DagBag from /opt/airflow/dags/prepare_wos_data_operator.py
[2023-08-01 23:04:57,826] {processor.py:653} WARNING - No viable dags retrieved from /opt/airflow/dags/prepare_wos_data_operator.py
[2023-08-01 23:04:57,838] {processor.py:161} INFO - Processing /opt/airflow/dags/prepare_wos_data_operator.py took 0.266 seconds
[2023-08-01 23:05:28,886] {processor.py:153} INFO - Started process (PID=1077) to work on /opt/airflow/dags/prepare_wos_data_operator.py
[2023-08-01 23:05:28,888] {processor.py:641} INFO - Processing file /opt/airflow/dags/prepare_wos_data_operator.py for tasks to queue
[2023-08-01 23:05:28,888] {logging_mixin.py:115} INFO - [2023-08-01 23:05:28,888] {dagbag.py:508} INFO - Filling up the DagBag from /opt/airflow/dags/prepare_wos_data_operator.py
[2023-08-01 23:05:29,169] {processor.py:653} WARNING - No viable dags retrieved from /opt/airflow/dags/prepare_wos_data_operator.py
[2023-08-01 23:05:29,185] {processor.py:161} INFO - Processing /opt/airflow/dags/prepare_wos_data_operator.py took 0.301 seconds
[2023-08-01 23:05:59,742] {processor.py:153} INFO - Started process (PID=1125) to work on /opt/airflow/dags/prepare_wos_data_operator.py
[2023-08-01 23:05:59,743] {processor.py:641} INFO - Processing file /opt/airflow/dags/prepare_wos_data_operator.py for tasks to queue
[2023-08-01 23:05:59,744] {logging_mixin.py:115} INFO - [2023-08-01 23:05:59,744] {dagbag.py:508} INFO - Filling up the DagBag from /opt/airflow/dags/prepare_wos_data_operator.py
[2023-08-01 23:05:59,962] {processor.py:653} WARNING - No viable dags retrieved from /opt/airflow/dags/prepare_wos_data_operator.py
[2023-08-01 23:05:59,974] {processor.py:161} INFO - Processing /opt/airflow/dags/prepare_wos_data_operator.py took 0.234 seconds
[2023-08-01 23:06:30,713] {processor.py:153} INFO - Started process (PID=1182) to work on /opt/airflow/dags/prepare_wos_data_operator.py
[2023-08-01 23:06:30,714] {processor.py:641} INFO - Processing file /opt/airflow/dags/prepare_wos_data_operator.py for tasks to queue
[2023-08-01 23:06:30,715] {logging_mixin.py:115} INFO - [2023-08-01 23:06:30,715] {dagbag.py:508} INFO - Filling up the DagBag from /opt/airflow/dags/prepare_wos_data_operator.py
[2023-08-01 23:06:30,938] {processor.py:653} WARNING - No viable dags retrieved from /opt/airflow/dags/prepare_wos_data_operator.py
[2023-08-01 23:06:30,950] {processor.py:161} INFO - Processing /opt/airflow/dags/prepare_wos_data_operator.py took 0.240 seconds
[2023-08-01 23:07:01,506] {processor.py:153} INFO - Started process (PID=1240) to work on /opt/airflow/dags/prepare_wos_data_operator.py
[2023-08-01 23:07:01,507] {processor.py:641} INFO - Processing file /opt/airflow/dags/prepare_wos_data_operator.py for tasks to queue
[2023-08-01 23:07:01,507] {logging_mixin.py:115} INFO - [2023-08-01 23:07:01,507] {dagbag.py:508} INFO - Filling up the DagBag from /opt/airflow/dags/prepare_wos_data_operator.py
[2023-08-01 23:07:01,733] {processor.py:653} WARNING - No viable dags retrieved from /opt/airflow/dags/prepare_wos_data_operator.py
[2023-08-01 23:07:01,744] {processor.py:161} INFO - Processing /opt/airflow/dags/prepare_wos_data_operator.py took 0.241 seconds
[2023-08-01 23:07:32,537] {processor.py:153} INFO - Started process (PID=1297) to work on /opt/airflow/dags/prepare_wos_data_operator.py
[2023-08-01 23:07:32,538] {processor.py:641} INFO - Processing file /opt/airflow/dags/prepare_wos_data_operator.py for tasks to queue
[2023-08-01 23:07:32,539] {logging_mixin.py:115} INFO - [2023-08-01 23:07:32,539] {dagbag.py:508} INFO - Filling up the DagBag from /opt/airflow/dags/prepare_wos_data_operator.py
[2023-08-01 23:07:32,800] {processor.py:653} WARNING - No viable dags retrieved from /opt/airflow/dags/prepare_wos_data_operator.py
[2023-08-01 23:07:32,813] {processor.py:161} INFO - Processing /opt/airflow/dags/prepare_wos_data_operator.py took 0.279 seconds
[2023-08-01 23:08:04,554] {processor.py:153} INFO - Started process (PID=1354) to work on /opt/airflow/dags/prepare_wos_data_operator.py
[2023-08-01 23:08:04,560] {processor.py:641} INFO - Processing file /opt/airflow/dags/prepare_wos_data_operator.py for tasks to queue
[2023-08-01 23:08:04,563] {logging_mixin.py:115} INFO - [2023-08-01 23:08:04,562] {dagbag.py:508} INFO - Filling up the DagBag from /opt/airflow/dags/prepare_wos_data_operator.py
[2023-08-01 23:08:04,803] {processor.py:653} WARNING - No viable dags retrieved from /opt/airflow/dags/prepare_wos_data_operator.py
[2023-08-01 23:08:04,815] {processor.py:161} INFO - Processing /opt/airflow/dags/prepare_wos_data_operator.py took 0.265 seconds
[2023-08-01 23:08:34,886] {processor.py:153} INFO - Started process (PID=1402) to work on /opt/airflow/dags/prepare_wos_data_operator.py
[2023-08-01 23:08:34,887] {processor.py:641} INFO - Processing file /opt/airflow/dags/prepare_wos_data_operator.py for tasks to queue
[2023-08-01 23:08:34,888] {logging_mixin.py:115} INFO - [2023-08-01 23:08:34,888] {dagbag.py:508} INFO - Filling up the DagBag from /opt/airflow/dags/prepare_wos_data_operator.py
[2023-08-01 23:08:35,128] {processor.py:653} WARNING - No viable dags retrieved from /opt/airflow/dags/prepare_wos_data_operator.py
[2023-08-01 23:08:35,138] {processor.py:161} INFO - Processing /opt/airflow/dags/prepare_wos_data_operator.py took 0.255 seconds
[2023-08-01 23:09:06,102] {processor.py:153} INFO - Started process (PID=1464) to work on /opt/airflow/dags/prepare_wos_data_operator.py
[2023-08-01 23:09:06,104] {processor.py:641} INFO - Processing file /opt/airflow/dags/prepare_wos_data_operator.py for tasks to queue
[2023-08-01 23:09:06,104] {logging_mixin.py:115} INFO - [2023-08-01 23:09:06,104] {dagbag.py:508} INFO - Filling up the DagBag from /opt/airflow/dags/prepare_wos_data_operator.py
[2023-08-01 23:09:06,379] {processor.py:653} WARNING - No viable dags retrieved from /opt/airflow/dags/prepare_wos_data_operator.py
[2023-08-01 23:09:06,427] {processor.py:161} INFO - Processing /opt/airflow/dags/prepare_wos_data_operator.py took 0.328 seconds
[2023-08-01 23:09:37,971] {processor.py:153} INFO - Started process (PID=1530) to work on /opt/airflow/dags/prepare_wos_data_operator.py
[2023-08-01 23:09:37,972] {processor.py:641} INFO - Processing file /opt/airflow/dags/prepare_wos_data_operator.py for tasks to queue
[2023-08-01 23:09:37,973] {logging_mixin.py:115} INFO - [2023-08-01 23:09:37,973] {dagbag.py:508} INFO - Filling up the DagBag from /opt/airflow/dags/prepare_wos_data_operator.py
[2023-08-01 23:09:38,241] {processor.py:653} WARNING - No viable dags retrieved from /opt/airflow/dags/prepare_wos_data_operator.py
[2023-08-01 23:09:38,255] {processor.py:161} INFO - Processing /opt/airflow/dags/prepare_wos_data_operator.py took 0.289 seconds
[2023-08-01 23:10:09,588] {processor.py:153} INFO - Started process (PID=1587) to work on /opt/airflow/dags/prepare_wos_data_operator.py
[2023-08-01 23:10:09,591] {processor.py:641} INFO - Processing file /opt/airflow/dags/prepare_wos_data_operator.py for tasks to queue
[2023-08-01 23:10:09,596] {logging_mixin.py:115} INFO - [2023-08-01 23:10:09,596] {dagbag.py:508} INFO - Filling up the DagBag from /opt/airflow/dags/prepare_wos_data_operator.py
[2023-08-01 23:10:10,249] {processor.py:653} WARNING - No viable dags retrieved from /opt/airflow/dags/prepare_wos_data_operator.py
[2023-08-01 23:10:10,268] {processor.py:161} INFO - Processing /opt/airflow/dags/prepare_wos_data_operator.py took 0.689 seconds
[2023-08-01 23:10:40,536] {processor.py:153} INFO - Started process (PID=1635) to work on /opt/airflow/dags/prepare_wos_data_operator.py
[2023-08-01 23:10:40,537] {processor.py:641} INFO - Processing file /opt/airflow/dags/prepare_wos_data_operator.py for tasks to queue
[2023-08-01 23:10:40,538] {logging_mixin.py:115} INFO - [2023-08-01 23:10:40,538] {dagbag.py:508} INFO - Filling up the DagBag from /opt/airflow/dags/prepare_wos_data_operator.py
[2023-08-01 23:10:40,834] {processor.py:653} WARNING - No viable dags retrieved from /opt/airflow/dags/prepare_wos_data_operator.py
[2023-08-01 23:10:40,852] {processor.py:161} INFO - Processing /opt/airflow/dags/prepare_wos_data_operator.py took 0.319 seconds
[2023-08-01 23:11:11,715] {processor.py:153} INFO - Started process (PID=1692) to work on /opt/airflow/dags/prepare_wos_data_operator.py
[2023-08-01 23:11:11,716] {processor.py:641} INFO - Processing file /opt/airflow/dags/prepare_wos_data_operator.py for tasks to queue
[2023-08-01 23:11:11,717] {logging_mixin.py:115} INFO - [2023-08-01 23:11:11,717] {dagbag.py:508} INFO - Filling up the DagBag from /opt/airflow/dags/prepare_wos_data_operator.py
[2023-08-01 23:11:11,954] {processor.py:653} WARNING - No viable dags retrieved from /opt/airflow/dags/prepare_wos_data_operator.py
[2023-08-01 23:11:11,967] {processor.py:161} INFO - Processing /opt/airflow/dags/prepare_wos_data_operator.py took 0.256 seconds
[2023-08-01 23:11:42,572] {processor.py:153} INFO - Started process (PID=1750) to work on /opt/airflow/dags/prepare_wos_data_operator.py
[2023-08-01 23:11:42,576] {processor.py:641} INFO - Processing file /opt/airflow/dags/prepare_wos_data_operator.py for tasks to queue
[2023-08-01 23:11:42,577] {logging_mixin.py:115} INFO - [2023-08-01 23:11:42,577] {dagbag.py:508} INFO - Filling up the DagBag from /opt/airflow/dags/prepare_wos_data_operator.py
[2023-08-01 23:11:42,824] {processor.py:653} WARNING - No viable dags retrieved from /opt/airflow/dags/prepare_wos_data_operator.py
[2023-08-01 23:11:42,835] {processor.py:161} INFO - Processing /opt/airflow/dags/prepare_wos_data_operator.py took 0.265 seconds
[2023-08-01 23:12:13,320] {processor.py:153} INFO - Started process (PID=1807) to work on /opt/airflow/dags/prepare_wos_data_operator.py
[2023-08-01 23:12:13,322] {processor.py:641} INFO - Processing file /opt/airflow/dags/prepare_wos_data_operator.py for tasks to queue
[2023-08-01 23:12:13,324] {logging_mixin.py:115} INFO - [2023-08-01 23:12:13,324] {dagbag.py:508} INFO - Filling up the DagBag from /opt/airflow/dags/prepare_wos_data_operator.py
[2023-08-01 23:12:13,629] {processor.py:653} WARNING - No viable dags retrieved from /opt/airflow/dags/prepare_wos_data_operator.py
[2023-08-01 23:12:13,641] {processor.py:161} INFO - Processing /opt/airflow/dags/prepare_wos_data_operator.py took 0.326 seconds
[2023-08-01 23:12:44,255] {processor.py:153} INFO - Started process (PID=1855) to work on /opt/airflow/dags/prepare_wos_data_operator.py
[2023-08-01 23:12:44,256] {processor.py:641} INFO - Processing file /opt/airflow/dags/prepare_wos_data_operator.py for tasks to queue
[2023-08-01 23:12:44,257] {logging_mixin.py:115} INFO - [2023-08-01 23:12:44,257] {dagbag.py:508} INFO - Filling up the DagBag from /opt/airflow/dags/prepare_wos_data_operator.py
[2023-08-01 23:12:44,482] {processor.py:653} WARNING - No viable dags retrieved from /opt/airflow/dags/prepare_wos_data_operator.py
[2023-08-01 23:12:44,495] {processor.py:161} INFO - Processing /opt/airflow/dags/prepare_wos_data_operator.py took 0.245 seconds
[2023-08-01 23:13:15,269] {processor.py:153} INFO - Started process (PID=1912) to work on /opt/airflow/dags/prepare_wos_data_operator.py
[2023-08-01 23:13:15,270] {processor.py:641} INFO - Processing file /opt/airflow/dags/prepare_wos_data_operator.py for tasks to queue
[2023-08-01 23:13:15,271] {logging_mixin.py:115} INFO - [2023-08-01 23:13:15,271] {dagbag.py:508} INFO - Filling up the DagBag from /opt/airflow/dags/prepare_wos_data_operator.py
[2023-08-01 23:13:15,521] {processor.py:653} WARNING - No viable dags retrieved from /opt/airflow/dags/prepare_wos_data_operator.py
[2023-08-01 23:13:15,534] {processor.py:161} INFO - Processing /opt/airflow/dags/prepare_wos_data_operator.py took 0.268 seconds
[2023-08-01 23:13:46,135] {processor.py:153} INFO - Started process (PID=1969) to work on /opt/airflow/dags/prepare_wos_data_operator.py
[2023-08-01 23:13:46,137] {processor.py:641} INFO - Processing file /opt/airflow/dags/prepare_wos_data_operator.py for tasks to queue
[2023-08-01 23:13:46,138] {logging_mixin.py:115} INFO - [2023-08-01 23:13:46,138] {dagbag.py:508} INFO - Filling up the DagBag from /opt/airflow/dags/prepare_wos_data_operator.py
[2023-08-01 23:13:46,368] {processor.py:653} WARNING - No viable dags retrieved from /opt/airflow/dags/prepare_wos_data_operator.py
[2023-08-01 23:13:46,379] {processor.py:161} INFO - Processing /opt/airflow/dags/prepare_wos_data_operator.py took 0.247 seconds
[2023-08-01 23:14:16,529] {processor.py:153} INFO - Started process (PID=2025) to work on /opt/airflow/dags/prepare_wos_data_operator.py
[2023-08-01 23:14:16,530] {processor.py:641} INFO - Processing file /opt/airflow/dags/prepare_wos_data_operator.py for tasks to queue
[2023-08-01 23:14:16,531] {logging_mixin.py:115} INFO - [2023-08-01 23:14:16,531] {dagbag.py:508} INFO - Filling up the DagBag from /opt/airflow/dags/prepare_wos_data_operator.py
[2023-08-01 23:14:16,786] {processor.py:653} WARNING - No viable dags retrieved from /opt/airflow/dags/prepare_wos_data_operator.py
[2023-08-01 23:14:16,797] {processor.py:161} INFO - Processing /opt/airflow/dags/prepare_wos_data_operator.py took 0.273 seconds
[2023-08-01 23:14:46,993] {processor.py:153} INFO - Started process (PID=2082) to work on /opt/airflow/dags/prepare_wos_data_operator.py
[2023-08-01 23:14:46,995] {processor.py:641} INFO - Processing file /opt/airflow/dags/prepare_wos_data_operator.py for tasks to queue
[2023-08-01 23:14:46,996] {logging_mixin.py:115} INFO - [2023-08-01 23:14:46,996] {dagbag.py:508} INFO - Filling up the DagBag from /opt/airflow/dags/prepare_wos_data_operator.py
[2023-08-01 23:14:47,361] {processor.py:653} WARNING - No viable dags retrieved from /opt/airflow/dags/prepare_wos_data_operator.py
[2023-08-01 23:14:47,377] {processor.py:161} INFO - Processing /opt/airflow/dags/prepare_wos_data_operator.py took 0.390 seconds
[2023-08-01 23:15:18,157] {processor.py:153} INFO - Started process (PID=2129) to work on /opt/airflow/dags/prepare_wos_data_operator.py
[2023-08-01 23:15:18,159] {processor.py:641} INFO - Processing file /opt/airflow/dags/prepare_wos_data_operator.py for tasks to queue
[2023-08-01 23:15:18,160] {logging_mixin.py:115} INFO - [2023-08-01 23:15:18,160] {dagbag.py:508} INFO - Filling up the DagBag from /opt/airflow/dags/prepare_wos_data_operator.py
[2023-08-01 23:15:18,398] {processor.py:653} WARNING - No viable dags retrieved from /opt/airflow/dags/prepare_wos_data_operator.py
[2023-08-01 23:15:18,410] {processor.py:161} INFO - Processing /opt/airflow/dags/prepare_wos_data_operator.py took 0.257 seconds
[2023-08-01 23:15:48,965] {processor.py:153} INFO - Started process (PID=2186) to work on /opt/airflow/dags/prepare_wos_data_operator.py
[2023-08-01 23:15:48,966] {processor.py:641} INFO - Processing file /opt/airflow/dags/prepare_wos_data_operator.py for tasks to queue
[2023-08-01 23:15:48,967] {logging_mixin.py:115} INFO - [2023-08-01 23:15:48,967] {dagbag.py:508} INFO - Filling up the DagBag from /opt/airflow/dags/prepare_wos_data_operator.py
[2023-08-01 23:15:49,199] {processor.py:653} WARNING - No viable dags retrieved from /opt/airflow/dags/prepare_wos_data_operator.py
[2023-08-01 23:15:49,211] {processor.py:161} INFO - Processing /opt/airflow/dags/prepare_wos_data_operator.py took 0.250 seconds
[2023-08-01 23:16:20,073] {processor.py:153} INFO - Started process (PID=2243) to work on /opt/airflow/dags/prepare_wos_data_operator.py
[2023-08-01 23:16:20,074] {processor.py:641} INFO - Processing file /opt/airflow/dags/prepare_wos_data_operator.py for tasks to queue
[2023-08-01 23:16:20,075] {logging_mixin.py:115} INFO - [2023-08-01 23:16:20,075] {dagbag.py:508} INFO - Filling up the DagBag from /opt/airflow/dags/prepare_wos_data_operator.py
[2023-08-01 23:16:20,300] {processor.py:653} WARNING - No viable dags retrieved from /opt/airflow/dags/prepare_wos_data_operator.py
[2023-08-01 23:16:20,312] {processor.py:161} INFO - Processing /opt/airflow/dags/prepare_wos_data_operator.py took 0.243 seconds
[2023-08-01 23:16:50,785] {processor.py:153} INFO - Started process (PID=2300) to work on /opt/airflow/dags/prepare_wos_data_operator.py
[2023-08-01 23:16:50,786] {processor.py:641} INFO - Processing file /opt/airflow/dags/prepare_wos_data_operator.py for tasks to queue
[2023-08-01 23:16:50,788] {logging_mixin.py:115} INFO - [2023-08-01 23:16:50,788] {dagbag.py:508} INFO - Filling up the DagBag from /opt/airflow/dags/prepare_wos_data_operator.py
[2023-08-01 23:16:51,030] {processor.py:653} WARNING - No viable dags retrieved from /opt/airflow/dags/prepare_wos_data_operator.py
[2023-08-01 23:16:51,044] {processor.py:161} INFO - Processing /opt/airflow/dags/prepare_wos_data_operator.py took 0.262 seconds
[2023-08-01 23:17:21,824] {processor.py:153} INFO - Started process (PID=2348) to work on /opt/airflow/dags/prepare_wos_data_operator.py
[2023-08-01 23:17:21,826] {processor.py:641} INFO - Processing file /opt/airflow/dags/prepare_wos_data_operator.py for tasks to queue
[2023-08-01 23:17:21,826] {logging_mixin.py:115} INFO - [2023-08-01 23:17:21,826] {dagbag.py:508} INFO - Filling up the DagBag from /opt/airflow/dags/prepare_wos_data_operator.py
[2023-08-01 23:17:22,086] {processor.py:653} WARNING - No viable dags retrieved from /opt/airflow/dags/prepare_wos_data_operator.py
[2023-08-01 23:17:22,103] {processor.py:161} INFO - Processing /opt/airflow/dags/prepare_wos_data_operator.py took 0.283 seconds
[2023-08-01 23:17:52,754] {processor.py:153} INFO - Started process (PID=2405) to work on /opt/airflow/dags/prepare_wos_data_operator.py
[2023-08-01 23:17:52,755] {processor.py:641} INFO - Processing file /opt/airflow/dags/prepare_wos_data_operator.py for tasks to queue
[2023-08-01 23:17:52,756] {logging_mixin.py:115} INFO - [2023-08-01 23:17:52,756] {dagbag.py:508} INFO - Filling up the DagBag from /opt/airflow/dags/prepare_wos_data_operator.py
[2023-08-01 23:17:53,043] {processor.py:653} WARNING - No viable dags retrieved from /opt/airflow/dags/prepare_wos_data_operator.py
[2023-08-01 23:17:53,058] {processor.py:161} INFO - Processing /opt/airflow/dags/prepare_wos_data_operator.py took 0.309 seconds
[2023-08-01 23:18:23,922] {processor.py:153} INFO - Started process (PID=2462) to work on /opt/airflow/dags/prepare_wos_data_operator.py
[2023-08-01 23:18:23,924] {processor.py:641} INFO - Processing file /opt/airflow/dags/prepare_wos_data_operator.py for tasks to queue
[2023-08-01 23:18:23,925] {logging_mixin.py:115} INFO - [2023-08-01 23:18:23,925] {dagbag.py:508} INFO - Filling up the DagBag from /opt/airflow/dags/prepare_wos_data_operator.py
[2023-08-01 23:18:24,213] {processor.py:653} WARNING - No viable dags retrieved from /opt/airflow/dags/prepare_wos_data_operator.py
[2023-08-01 23:18:24,230] {processor.py:161} INFO - Processing /opt/airflow/dags/prepare_wos_data_operator.py took 0.312 seconds
[2023-08-01 23:18:54,904] {processor.py:153} INFO - Started process (PID=2519) to work on /opt/airflow/dags/prepare_wos_data_operator.py
[2023-08-01 23:18:54,905] {processor.py:641} INFO - Processing file /opt/airflow/dags/prepare_wos_data_operator.py for tasks to queue
[2023-08-01 23:18:54,907] {logging_mixin.py:115} INFO - [2023-08-01 23:18:54,907] {dagbag.py:508} INFO - Filling up the DagBag from /opt/airflow/dags/prepare_wos_data_operator.py
[2023-08-01 23:18:55,255] {processor.py:653} WARNING - No viable dags retrieved from /opt/airflow/dags/prepare_wos_data_operator.py
[2023-08-01 23:18:55,270] {processor.py:161} INFO - Processing /opt/airflow/dags/prepare_wos_data_operator.py took 0.370 seconds
[2023-08-01 23:19:26,223] {processor.py:153} INFO - Started process (PID=2567) to work on /opt/airflow/dags/prepare_wos_data_operator.py
[2023-08-01 23:19:26,224] {processor.py:641} INFO - Processing file /opt/airflow/dags/prepare_wos_data_operator.py for tasks to queue
[2023-08-01 23:19:26,225] {logging_mixin.py:115} INFO - [2023-08-01 23:19:26,225] {dagbag.py:508} INFO - Filling up the DagBag from /opt/airflow/dags/prepare_wos_data_operator.py
[2023-08-01 23:19:26,538] {processor.py:653} WARNING - No viable dags retrieved from /opt/airflow/dags/prepare_wos_data_operator.py
[2023-08-01 23:19:26,604] {processor.py:161} INFO - Processing /opt/airflow/dags/prepare_wos_data_operator.py took 0.384 seconds
[2023-08-01 23:19:56,686] {processor.py:153} INFO - Started process (PID=2624) to work on /opt/airflow/dags/prepare_wos_data_operator.py
[2023-08-01 23:19:56,688] {processor.py:641} INFO - Processing file /opt/airflow/dags/prepare_wos_data_operator.py for tasks to queue
[2023-08-01 23:19:56,689] {logging_mixin.py:115} INFO - [2023-08-01 23:19:56,689] {dagbag.py:508} INFO - Filling up the DagBag from /opt/airflow/dags/prepare_wos_data_operator.py
[2023-08-01 23:19:56,915] {processor.py:653} WARNING - No viable dags retrieved from /opt/airflow/dags/prepare_wos_data_operator.py
[2023-08-01 23:19:56,928] {processor.py:161} INFO - Processing /opt/airflow/dags/prepare_wos_data_operator.py took 0.244 seconds
[2023-08-01 23:20:28,593] {processor.py:153} INFO - Started process (PID=2680) to work on /opt/airflow/dags/prepare_wos_data_operator.py
[2023-08-01 23:20:28,595] {processor.py:641} INFO - Processing file /opt/airflow/dags/prepare_wos_data_operator.py for tasks to queue
[2023-08-01 23:20:28,596] {logging_mixin.py:115} INFO - [2023-08-01 23:20:28,596] {dagbag.py:508} INFO - Filling up the DagBag from /opt/airflow/dags/prepare_wos_data_operator.py
[2023-08-01 23:20:28,859] {processor.py:653} WARNING - No viable dags retrieved from /opt/airflow/dags/prepare_wos_data_operator.py
[2023-08-01 23:20:28,874] {processor.py:161} INFO - Processing /opt/airflow/dags/prepare_wos_data_operator.py took 0.284 seconds
[2023-08-01 23:20:59,997] {processor.py:153} INFO - Started process (PID=2738) to work on /opt/airflow/dags/prepare_wos_data_operator.py
[2023-08-01 23:21:00,000] {processor.py:641} INFO - Processing file /opt/airflow/dags/prepare_wos_data_operator.py for tasks to queue
[2023-08-01 23:21:00,001] {logging_mixin.py:115} INFO - [2023-08-01 23:21:00,001] {dagbag.py:508} INFO - Filling up the DagBag from /opt/airflow/dags/prepare_wos_data_operator.py
[2023-08-01 23:21:00,378] {processor.py:653} WARNING - No viable dags retrieved from /opt/airflow/dags/prepare_wos_data_operator.py
[2023-08-01 23:21:00,407] {processor.py:161} INFO - Processing /opt/airflow/dags/prepare_wos_data_operator.py took 0.419 seconds
[2023-08-01 23:21:30,614] {processor.py:153} INFO - Started process (PID=2786) to work on /opt/airflow/dags/prepare_wos_data_operator.py
[2023-08-01 23:21:30,616] {processor.py:641} INFO - Processing file /opt/airflow/dags/prepare_wos_data_operator.py for tasks to queue
[2023-08-01 23:21:30,616] {logging_mixin.py:115} INFO - [2023-08-01 23:21:30,616] {dagbag.py:508} INFO - Filling up the DagBag from /opt/airflow/dags/prepare_wos_data_operator.py
[2023-08-01 23:21:30,728] {processor.py:653} WARNING - No viable dags retrieved from /opt/airflow/dags/prepare_wos_data_operator.py
[2023-08-01 23:21:30,739] {processor.py:161} INFO - Processing /opt/airflow/dags/prepare_wos_data_operator.py took 0.225 seconds
[2023-08-01 23:22:01,266] {processor.py:153} INFO - Started process (PID=2842) to work on /opt/airflow/dags/prepare_wos_data_operator.py
[2023-08-01 23:22:01,267] {processor.py:641} INFO - Processing file /opt/airflow/dags/prepare_wos_data_operator.py for tasks to queue
[2023-08-01 23:22:01,268] {logging_mixin.py:115} INFO - [2023-08-01 23:22:01,268] {dagbag.py:508} INFO - Filling up the DagBag from /opt/airflow/dags/prepare_wos_data_operator.py
[2023-08-01 23:22:01,390] {processor.py:653} WARNING - No viable dags retrieved from /opt/airflow/dags/prepare_wos_data_operator.py
[2023-08-01 23:22:01,402] {processor.py:161} INFO - Processing /opt/airflow/dags/prepare_wos_data_operator.py took 0.245 seconds
[2023-08-01 23:22:32,226] {processor.py:153} INFO - Started process (PID=2900) to work on /opt/airflow/dags/prepare_wos_data_operator.py
[2023-08-01 23:22:32,227] {processor.py:641} INFO - Processing file /opt/airflow/dags/prepare_wos_data_operator.py for tasks to queue
[2023-08-01 23:22:32,228] {logging_mixin.py:115} INFO - [2023-08-01 23:22:32,228] {dagbag.py:508} INFO - Filling up the DagBag from /opt/airflow/dags/prepare_wos_data_operator.py
[2023-08-01 23:22:32,351] {processor.py:653} WARNING - No viable dags retrieved from /opt/airflow/dags/prepare_wos_data_operator.py
[2023-08-01 23:22:32,363] {processor.py:161} INFO - Processing /opt/airflow/dags/prepare_wos_data_operator.py took 0.239 seconds
[2023-08-01 23:23:02,745] {processor.py:153} INFO - Started process (PID=2948) to work on /opt/airflow/dags/prepare_wos_data_operator.py
[2023-08-01 23:23:02,746] {processor.py:641} INFO - Processing file /opt/airflow/dags/prepare_wos_data_operator.py for tasks to queue
[2023-08-01 23:23:02,748] {logging_mixin.py:115} INFO - [2023-08-01 23:23:02,748] {dagbag.py:508} INFO - Filling up the DagBag from /opt/airflow/dags/prepare_wos_data_operator.py
[2023-08-01 23:23:02,905] {processor.py:653} WARNING - No viable dags retrieved from /opt/airflow/dags/prepare_wos_data_operator.py
[2023-08-01 23:23:02,921] {processor.py:161} INFO - Processing /opt/airflow/dags/prepare_wos_data_operator.py took 0.180 seconds
[2023-08-01 23:23:33,455] {processor.py:153} INFO - Started process (PID=3004) to work on /opt/airflow/dags/prepare_wos_data_operator.py
[2023-08-01 23:23:33,458] {processor.py:641} INFO - Processing file /opt/airflow/dags/prepare_wos_data_operator.py for tasks to queue
[2023-08-01 23:23:33,460] {logging_mixin.py:115} INFO - [2023-08-01 23:23:33,460] {dagbag.py:508} INFO - Filling up the DagBag from /opt/airflow/dags/prepare_wos_data_operator.py
[2023-08-01 23:23:33,902] {processor.py:653} WARNING - No viable dags retrieved from /opt/airflow/dags/prepare_wos_data_operator.py
[2023-08-01 23:23:33,930] {processor.py:161} INFO - Processing /opt/airflow/dags/prepare_wos_data_operator.py took 0.480 seconds
[2023-08-01 23:24:04,868] {processor.py:153} INFO - Started process (PID=3061) to work on /opt/airflow/dags/prepare_wos_data_operator.py
[2023-08-01 23:24:04,870] {processor.py:641} INFO - Processing file /opt/airflow/dags/prepare_wos_data_operator.py for tasks to queue
[2023-08-01 23:24:04,871] {logging_mixin.py:115} INFO - [2023-08-01 23:24:04,871] {dagbag.py:508} INFO - Filling up the DagBag from /opt/airflow/dags/prepare_wos_data_operator.py
[2023-08-01 23:24:05,059] {processor.py:653} WARNING - No viable dags retrieved from /opt/airflow/dags/prepare_wos_data_operator.py
[2023-08-01 23:24:05,077] {processor.py:161} INFO - Processing /opt/airflow/dags/prepare_wos_data_operator.py took 0.217 seconds
[2023-08-01 23:24:35,564] {processor.py:153} INFO - Started process (PID=3118) to work on /opt/airflow/dags/prepare_wos_data_operator.py
[2023-08-01 23:24:35,565] {processor.py:641} INFO - Processing file /opt/airflow/dags/prepare_wos_data_operator.py for tasks to queue
[2023-08-01 23:24:35,566] {logging_mixin.py:115} INFO - [2023-08-01 23:24:35,566] {dagbag.py:508} INFO - Filling up the DagBag from /opt/airflow/dags/prepare_wos_data_operator.py
[2023-08-01 23:24:35,724] {processor.py:653} WARNING - No viable dags retrieved from /opt/airflow/dags/prepare_wos_data_operator.py
[2023-08-01 23:24:35,739] {processor.py:161} INFO - Processing /opt/airflow/dags/prepare_wos_data_operator.py took 0.181 seconds
[2023-08-01 23:25:06,223] {processor.py:153} INFO - Started process (PID=3173) to work on /opt/airflow/dags/prepare_wos_data_operator.py
[2023-08-01 23:25:06,224] {processor.py:641} INFO - Processing file /opt/airflow/dags/prepare_wos_data_operator.py for tasks to queue
[2023-08-01 23:25:06,225] {logging_mixin.py:115} INFO - [2023-08-01 23:25:06,225] {dagbag.py:508} INFO - Filling up the DagBag from /opt/airflow/dags/prepare_wos_data_operator.py
[2023-08-01 23:25:06,382] {processor.py:653} WARNING - No viable dags retrieved from /opt/airflow/dags/prepare_wos_data_operator.py
[2023-08-01 23:25:06,400] {processor.py:161} INFO - Processing /opt/airflow/dags/prepare_wos_data_operator.py took 0.180 seconds
[2023-08-01 23:25:37,182] {processor.py:153} INFO - Started process (PID=3223) to work on /opt/airflow/dags/prepare_wos_data_operator.py
[2023-08-01 23:25:37,185] {processor.py:641} INFO - Processing file /opt/airflow/dags/prepare_wos_data_operator.py for tasks to queue
[2023-08-01 23:25:37,185] {logging_mixin.py:115} INFO - [2023-08-01 23:25:37,185] {dagbag.py:508} INFO - Filling up the DagBag from /opt/airflow/dags/prepare_wos_data_operator.py
[2023-08-01 23:25:37,322] {processor.py:653} WARNING - No viable dags retrieved from /opt/airflow/dags/prepare_wos_data_operator.py
[2023-08-01 23:25:37,338] {processor.py:161} INFO - Processing /opt/airflow/dags/prepare_wos_data_operator.py took 0.159 seconds
[2023-08-01 23:26:07,969] {processor.py:153} INFO - Started process (PID=3280) to work on /opt/airflow/dags/prepare_wos_data_operator.py
[2023-08-01 23:26:07,971] {processor.py:641} INFO - Processing file /opt/airflow/dags/prepare_wos_data_operator.py for tasks to queue
[2023-08-01 23:26:07,972] {logging_mixin.py:115} INFO - [2023-08-01 23:26:07,972] {dagbag.py:508} INFO - Filling up the DagBag from /opt/airflow/dags/prepare_wos_data_operator.py
[2023-08-01 23:26:08,115] {processor.py:653} WARNING - No viable dags retrieved from /opt/airflow/dags/prepare_wos_data_operator.py
[2023-08-01 23:26:08,131] {processor.py:161} INFO - Processing /opt/airflow/dags/prepare_wos_data_operator.py took 0.166 seconds
[2023-08-01 23:26:38,236] {processor.py:153} INFO - Started process (PID=3337) to work on /opt/airflow/dags/prepare_wos_data_operator.py
[2023-08-01 23:26:38,238] {processor.py:641} INFO - Processing file /opt/airflow/dags/prepare_wos_data_operator.py for tasks to queue
[2023-08-01 23:26:38,239] {logging_mixin.py:115} INFO - [2023-08-01 23:26:38,239] {dagbag.py:508} INFO - Filling up the DagBag from /opt/airflow/dags/prepare_wos_data_operator.py
[2023-08-01 23:26:38,376] {processor.py:653} WARNING - No viable dags retrieved from /opt/airflow/dags/prepare_wos_data_operator.py
[2023-08-01 23:26:38,392] {processor.py:161} INFO - Processing /opt/airflow/dags/prepare_wos_data_operator.py took 0.159 seconds
[2023-08-01 23:27:13,513] {processor.py:153} INFO - Started process (PID=3405) to work on /opt/airflow/dags/prepare_wos_data_operator.py
[2023-08-01 23:27:13,521] {processor.py:641} INFO - Processing file /opt/airflow/dags/prepare_wos_data_operator.py for tasks to queue
[2023-08-01 23:27:13,532] {logging_mixin.py:115} INFO - [2023-08-01 23:27:13,532] {dagbag.py:508} INFO - Filling up the DagBag from /opt/airflow/dags/prepare_wos_data_operator.py
[2023-08-01 23:27:14,037] {processor.py:653} WARNING - No viable dags retrieved from /opt/airflow/dags/prepare_wos_data_operator.py
[2023-08-01 23:27:14,096] {processor.py:161} INFO - Processing /opt/airflow/dags/prepare_wos_data_operator.py took 0.593 seconds
[2023-08-01 23:27:44,408] {processor.py:153} INFO - Started process (PID=3453) to work on /opt/airflow/dags/prepare_wos_data_operator.py
[2023-08-01 23:27:44,411] {processor.py:641} INFO - Processing file /opt/airflow/dags/prepare_wos_data_operator.py for tasks to queue
[2023-08-01 23:27:44,413] {logging_mixin.py:115} INFO - [2023-08-01 23:27:44,413] {dagbag.py:508} INFO - Filling up the DagBag from /opt/airflow/dags/prepare_wos_data_operator.py
[2023-08-01 23:27:44,595] {processor.py:653} WARNING - No viable dags retrieved from /opt/airflow/dags/prepare_wos_data_operator.py
[2023-08-01 23:27:44,613] {processor.py:161} INFO - Processing /opt/airflow/dags/prepare_wos_data_operator.py took 0.210 seconds
[2023-08-01 23:28:14,717] {processor.py:153} INFO - Started process (PID=3510) to work on /opt/airflow/dags/prepare_wos_data_operator.py
[2023-08-01 23:28:14,718] {processor.py:641} INFO - Processing file /opt/airflow/dags/prepare_wos_data_operator.py for tasks to queue
[2023-08-01 23:28:14,719] {logging_mixin.py:115} INFO - [2023-08-01 23:28:14,719] {dagbag.py:508} INFO - Filling up the DagBag from /opt/airflow/dags/prepare_wos_data_operator.py
[2023-08-01 23:28:14,848] {processor.py:653} WARNING - No viable dags retrieved from /opt/airflow/dags/prepare_wos_data_operator.py
[2023-08-01 23:28:14,866] {processor.py:161} INFO - Processing /opt/airflow/dags/prepare_wos_data_operator.py took 0.152 seconds
[2023-08-01 23:28:45,356] {processor.py:153} INFO - Started process (PID=3568) to work on /opt/airflow/dags/prepare_wos_data_operator.py
[2023-08-01 23:28:45,357] {processor.py:641} INFO - Processing file /opt/airflow/dags/prepare_wos_data_operator.py for tasks to queue
[2023-08-01 23:28:45,358] {logging_mixin.py:115} INFO - [2023-08-01 23:28:45,358] {dagbag.py:508} INFO - Filling up the DagBag from /opt/airflow/dags/prepare_wos_data_operator.py
[2023-08-01 23:28:45,511] {processor.py:653} WARNING - No viable dags retrieved from /opt/airflow/dags/prepare_wos_data_operator.py
[2023-08-01 23:28:45,525] {processor.py:161} INFO - Processing /opt/airflow/dags/prepare_wos_data_operator.py took 0.172 seconds
[2023-08-01 23:29:16,206] {processor.py:153} INFO - Started process (PID=3625) to work on /opt/airflow/dags/prepare_wos_data_operator.py
[2023-08-01 23:29:16,208] {processor.py:641} INFO - Processing file /opt/airflow/dags/prepare_wos_data_operator.py for tasks to queue
[2023-08-01 23:29:16,210] {logging_mixin.py:115} INFO - [2023-08-01 23:29:16,210] {dagbag.py:508} INFO - Filling up the DagBag from /opt/airflow/dags/prepare_wos_data_operator.py
[2023-08-01 23:29:16,563] {processor.py:653} WARNING - No viable dags retrieved from /opt/airflow/dags/prepare_wos_data_operator.py
[2023-08-01 23:29:16,624] {processor.py:161} INFO - Processing /opt/airflow/dags/prepare_wos_data_operator.py took 0.423 seconds
[2023-08-01 23:29:47,704] {processor.py:153} INFO - Started process (PID=3673) to work on /opt/airflow/dags/prepare_wos_data_operator.py
[2023-08-01 23:29:47,706] {processor.py:641} INFO - Processing file /opt/airflow/dags/prepare_wos_data_operator.py for tasks to queue
[2023-08-01 23:29:47,707] {logging_mixin.py:115} INFO - [2023-08-01 23:29:47,707] {dagbag.py:508} INFO - Filling up the DagBag from /opt/airflow/dags/prepare_wos_data_operator.py
[2023-08-01 23:29:47,899] {processor.py:653} WARNING - No viable dags retrieved from /opt/airflow/dags/prepare_wos_data_operator.py
[2023-08-01 23:29:47,922] {processor.py:161} INFO - Processing /opt/airflow/dags/prepare_wos_data_operator.py took 0.222 seconds
[2023-08-01 23:30:18,498] {processor.py:153} INFO - Started process (PID=3731) to work on /opt/airflow/dags/prepare_wos_data_operator.py
[2023-08-01 23:30:18,500] {processor.py:641} INFO - Processing file /opt/airflow/dags/prepare_wos_data_operator.py for tasks to queue
[2023-08-01 23:30:18,503] {logging_mixin.py:115} INFO - [2023-08-01 23:30:18,503] {dagbag.py:508} INFO - Filling up the DagBag from /opt/airflow/dags/prepare_wos_data_operator.py
[2023-08-01 23:30:18,701] {processor.py:653} WARNING - No viable dags retrieved from /opt/airflow/dags/prepare_wos_data_operator.py
[2023-08-01 23:30:18,720] {processor.py:161} INFO - Processing /opt/airflow/dags/prepare_wos_data_operator.py took 0.228 seconds
[2023-08-01 23:30:48,910] {processor.py:153} INFO - Started process (PID=3788) to work on /opt/airflow/dags/prepare_wos_data_operator.py
[2023-08-01 23:30:48,911] {processor.py:641} INFO - Processing file /opt/airflow/dags/prepare_wos_data_operator.py for tasks to queue
[2023-08-01 23:30:48,913] {logging_mixin.py:115} INFO - [2023-08-01 23:30:48,912] {dagbag.py:508} INFO - Filling up the DagBag from /opt/airflow/dags/prepare_wos_data_operator.py
[2023-08-01 23:30:49,132] {processor.py:653} WARNING - No viable dags retrieved from /opt/airflow/dags/prepare_wos_data_operator.py
[2023-08-01 23:30:49,149] {processor.py:161} INFO - Processing /opt/airflow/dags/prepare_wos_data_operator.py took 0.245 seconds
[2023-08-01 23:31:19,437] {processor.py:153} INFO - Started process (PID=3836) to work on /opt/airflow/dags/prepare_wos_data_operator.py
[2023-08-01 23:31:19,438] {processor.py:641} INFO - Processing file /opt/airflow/dags/prepare_wos_data_operator.py for tasks to queue
[2023-08-01 23:31:19,439] {logging_mixin.py:115} INFO - [2023-08-01 23:31:19,439] {dagbag.py:508} INFO - Filling up the DagBag from /opt/airflow/dags/prepare_wos_data_operator.py
[2023-08-01 23:31:19,566] {processor.py:653} WARNING - No viable dags retrieved from /opt/airflow/dags/prepare_wos_data_operator.py
[2023-08-01 23:31:19,580] {processor.py:161} INFO - Processing /opt/airflow/dags/prepare_wos_data_operator.py took 0.146 seconds
[2023-08-01 23:31:50,463] {processor.py:153} INFO - Started process (PID=3893) to work on /opt/airflow/dags/prepare_wos_data_operator.py
[2023-08-01 23:31:50,465] {processor.py:641} INFO - Processing file /opt/airflow/dags/prepare_wos_data_operator.py for tasks to queue
[2023-08-01 23:31:50,466] {logging_mixin.py:115} INFO - [2023-08-01 23:31:50,466] {dagbag.py:508} INFO - Filling up the DagBag from /opt/airflow/dags/prepare_wos_data_operator.py
[2023-08-01 23:31:50,624] {processor.py:653} WARNING - No viable dags retrieved from /opt/airflow/dags/prepare_wos_data_operator.py
[2023-08-01 23:31:50,641] {processor.py:161} INFO - Processing /opt/airflow/dags/prepare_wos_data_operator.py took 0.184 seconds
[2023-08-01 23:32:24,162] {processor.py:153} INFO - Started process (PID=3960) to work on /opt/airflow/dags/prepare_wos_data_operator.py
[2023-08-01 23:32:24,166] {processor.py:641} INFO - Processing file /opt/airflow/dags/prepare_wos_data_operator.py for tasks to queue
[2023-08-01 23:32:24,169] {logging_mixin.py:115} INFO - [2023-08-01 23:32:24,169] {dagbag.py:508} INFO - Filling up the DagBag from /opt/airflow/dags/prepare_wos_data_operator.py
[2023-08-01 23:32:24,576] {processor.py:653} WARNING - No viable dags retrieved from /opt/airflow/dags/prepare_wos_data_operator.py
[2023-08-01 23:32:24,636] {processor.py:161} INFO - Processing /opt/airflow/dags/prepare_wos_data_operator.py took 0.479 seconds
[2023-08-01 23:32:54,752] {processor.py:153} INFO - Started process (PID=4014) to work on /opt/airflow/dags/prepare_wos_data_operator.py
[2023-08-01 23:32:54,754] {processor.py:641} INFO - Processing file /opt/airflow/dags/prepare_wos_data_operator.py for tasks to queue
[2023-08-01 23:32:54,755] {logging_mixin.py:115} INFO - [2023-08-01 23:32:54,755] {dagbag.py:508} INFO - Filling up the DagBag from /opt/airflow/dags/prepare_wos_data_operator.py
[2023-08-01 23:32:54,994] {processor.py:653} WARNING - No viable dags retrieved from /opt/airflow/dags/prepare_wos_data_operator.py
[2023-08-01 23:32:55,040] {processor.py:161} INFO - Processing /opt/airflow/dags/prepare_wos_data_operator.py took 0.293 seconds
[2023-08-01 23:33:25,902] {processor.py:153} INFO - Started process (PID=4063) to work on /opt/airflow/dags/prepare_wos_data_operator.py
[2023-08-01 23:33:25,903] {processor.py:641} INFO - Processing file /opt/airflow/dags/prepare_wos_data_operator.py for tasks to queue
[2023-08-01 23:33:25,904] {logging_mixin.py:115} INFO - [2023-08-01 23:33:25,904] {dagbag.py:508} INFO - Filling up the DagBag from /opt/airflow/dags/prepare_wos_data_operator.py
[2023-08-01 23:33:26,059] {processor.py:653} WARNING - No viable dags retrieved from /opt/airflow/dags/prepare_wos_data_operator.py
[2023-08-01 23:33:26,073] {processor.py:161} INFO - Processing /opt/airflow/dags/prepare_wos_data_operator.py took 0.175 seconds
[2023-08-01 23:33:56,613] {processor.py:153} INFO - Started process (PID=4120) to work on /opt/airflow/dags/prepare_wos_data_operator.py
[2023-08-01 23:33:56,617] {processor.py:641} INFO - Processing file /opt/airflow/dags/prepare_wos_data_operator.py for tasks to queue
[2023-08-01 23:33:56,618] {logging_mixin.py:115} INFO - [2023-08-01 23:33:56,618] {dagbag.py:508} INFO - Filling up the DagBag from /opt/airflow/dags/prepare_wos_data_operator.py
[2023-08-01 23:33:56,824] {processor.py:653} WARNING - No viable dags retrieved from /opt/airflow/dags/prepare_wos_data_operator.py
[2023-08-01 23:33:56,844] {processor.py:161} INFO - Processing /opt/airflow/dags/prepare_wos_data_operator.py took 0.238 seconds
[2023-08-01 23:34:27,152] {processor.py:153} INFO - Started process (PID=4177) to work on /opt/airflow/dags/prepare_wos_data_operator.py
[2023-08-01 23:34:27,153] {processor.py:641} INFO - Processing file /opt/airflow/dags/prepare_wos_data_operator.py for tasks to queue
[2023-08-01 23:34:27,156] {logging_mixin.py:115} INFO - [2023-08-01 23:34:27,156] {dagbag.py:508} INFO - Filling up the DagBag from /opt/airflow/dags/prepare_wos_data_operator.py
[2023-08-01 23:34:27,351] {processor.py:653} WARNING - No viable dags retrieved from /opt/airflow/dags/prepare_wos_data_operator.py
[2023-08-01 23:34:27,367] {processor.py:161} INFO - Processing /opt/airflow/dags/prepare_wos_data_operator.py took 0.225 seconds
[2023-08-01 23:34:58,030] {processor.py:153} INFO - Started process (PID=4227) to work on /opt/airflow/dags/prepare_wos_data_operator.py
[2023-08-01 23:34:58,033] {processor.py:641} INFO - Processing file /opt/airflow/dags/prepare_wos_data_operator.py for tasks to queue
[2023-08-01 23:34:58,034] {logging_mixin.py:115} INFO - [2023-08-01 23:34:58,034] {dagbag.py:508} INFO - Filling up the DagBag from /opt/airflow/dags/prepare_wos_data_operator.py
[2023-08-01 23:34:58,301] {processor.py:653} WARNING - No viable dags retrieved from /opt/airflow/dags/prepare_wos_data_operator.py
[2023-08-01 23:34:58,317] {processor.py:161} INFO - Processing /opt/airflow/dags/prepare_wos_data_operator.py took 0.291 seconds
[2023-08-01 23:35:28,964] {processor.py:153} INFO - Started process (PID=4282) to work on /opt/airflow/dags/prepare_wos_data_operator.py
[2023-08-01 23:35:28,965] {processor.py:641} INFO - Processing file /opt/airflow/dags/prepare_wos_data_operator.py for tasks to queue
[2023-08-01 23:35:28,965] {logging_mixin.py:115} INFO - [2023-08-01 23:35:28,965] {dagbag.py:508} INFO - Filling up the DagBag from /opt/airflow/dags/prepare_wos_data_operator.py
[2023-08-01 23:35:29,140] {processor.py:653} WARNING - No viable dags retrieved from /opt/airflow/dags/prepare_wos_data_operator.py
[2023-08-01 23:35:29,155] {processor.py:161} INFO - Processing /opt/airflow/dags/prepare_wos_data_operator.py took 0.195 seconds
[2023-08-01 23:35:59,597] {processor.py:153} INFO - Started process (PID=4339) to work on /opt/airflow/dags/prepare_wos_data_operator.py
[2023-08-01 23:35:59,598] {processor.py:641} INFO - Processing file /opt/airflow/dags/prepare_wos_data_operator.py for tasks to queue
[2023-08-01 23:35:59,599] {logging_mixin.py:115} INFO - [2023-08-01 23:35:59,599] {dagbag.py:508} INFO - Filling up the DagBag from /opt/airflow/dags/prepare_wos_data_operator.py
[2023-08-01 23:35:59,782] {processor.py:653} WARNING - No viable dags retrieved from /opt/airflow/dags/prepare_wos_data_operator.py
[2023-08-01 23:35:59,810] {processor.py:161} INFO - Processing /opt/airflow/dags/prepare_wos_data_operator.py took 0.216 seconds
[2023-08-01 23:36:30,335] {processor.py:153} INFO - Started process (PID=4396) to work on /opt/airflow/dags/prepare_wos_data_operator.py
[2023-08-01 23:36:30,336] {processor.py:641} INFO - Processing file /opt/airflow/dags/prepare_wos_data_operator.py for tasks to queue
[2023-08-01 23:36:30,337] {logging_mixin.py:115} INFO - [2023-08-01 23:36:30,337] {dagbag.py:508} INFO - Filling up the DagBag from /opt/airflow/dags/prepare_wos_data_operator.py
[2023-08-01 23:36:30,499] {processor.py:653} WARNING - No viable dags retrieved from /opt/airflow/dags/prepare_wos_data_operator.py
[2023-08-01 23:36:30,524] {processor.py:161} INFO - Processing /opt/airflow/dags/prepare_wos_data_operator.py took 0.193 seconds
[2023-08-01 23:37:00,635] {processor.py:153} INFO - Started process (PID=4444) to work on /opt/airflow/dags/prepare_wos_data_operator.py
[2023-08-01 23:37:00,636] {processor.py:641} INFO - Processing file /opt/airflow/dags/prepare_wos_data_operator.py for tasks to queue
[2023-08-01 23:37:00,637] {logging_mixin.py:115} INFO - [2023-08-01 23:37:00,637] {dagbag.py:508} INFO - Filling up the DagBag from /opt/airflow/dags/prepare_wos_data_operator.py
[2023-08-01 23:37:00,840] {processor.py:653} WARNING - No viable dags retrieved from /opt/airflow/dags/prepare_wos_data_operator.py
[2023-08-01 23:37:00,861] {processor.py:161} INFO - Processing /opt/airflow/dags/prepare_wos_data_operator.py took 0.230 seconds
[2023-08-01 23:37:31,689] {processor.py:153} INFO - Started process (PID=4501) to work on /opt/airflow/dags/prepare_wos_data_operator.py
[2023-08-01 23:37:31,691] {processor.py:641} INFO - Processing file /opt/airflow/dags/prepare_wos_data_operator.py for tasks to queue
[2023-08-01 23:37:31,692] {logging_mixin.py:115} INFO - [2023-08-01 23:37:31,692] {dagbag.py:508} INFO - Filling up the DagBag from /opt/airflow/dags/prepare_wos_data_operator.py
[2023-08-01 23:37:31,869] {processor.py:653} WARNING - No viable dags retrieved from /opt/airflow/dags/prepare_wos_data_operator.py
[2023-08-01 23:37:31,890] {processor.py:161} INFO - Processing /opt/airflow/dags/prepare_wos_data_operator.py took 0.207 seconds
[2023-08-01 23:38:02,268] {processor.py:153} INFO - Started process (PID=4558) to work on /opt/airflow/dags/prepare_wos_data_operator.py
[2023-08-01 23:38:02,269] {processor.py:641} INFO - Processing file /opt/airflow/dags/prepare_wos_data_operator.py for tasks to queue
[2023-08-01 23:38:02,270] {logging_mixin.py:115} INFO - [2023-08-01 23:38:02,270] {dagbag.py:508} INFO - Filling up the DagBag from /opt/airflow/dags/prepare_wos_data_operator.py
[2023-08-01 23:38:02,431] {processor.py:653} WARNING - No viable dags retrieved from /opt/airflow/dags/prepare_wos_data_operator.py
[2023-08-01 23:38:02,449] {processor.py:161} INFO - Processing /opt/airflow/dags/prepare_wos_data_operator.py took 0.186 seconds
[2023-08-01 23:38:32,593] {processor.py:153} INFO - Started process (PID=4615) to work on /opt/airflow/dags/prepare_wos_data_operator.py
[2023-08-01 23:38:32,595] {processor.py:641} INFO - Processing file /opt/airflow/dags/prepare_wos_data_operator.py for tasks to queue
[2023-08-01 23:38:32,596] {logging_mixin.py:115} INFO - [2023-08-01 23:38:32,596] {dagbag.py:508} INFO - Filling up the DagBag from /opt/airflow/dags/prepare_wos_data_operator.py
[2023-08-01 23:38:32,739] {processor.py:653} WARNING - No viable dags retrieved from /opt/airflow/dags/prepare_wos_data_operator.py
[2023-08-01 23:38:32,754] {processor.py:161} INFO - Processing /opt/airflow/dags/prepare_wos_data_operator.py took 0.164 seconds
[2023-08-01 23:39:03,616] {processor.py:153} INFO - Started process (PID=4671) to work on /opt/airflow/dags/prepare_wos_data_operator.py
[2023-08-01 23:39:03,620] {processor.py:641} INFO - Processing file /opt/airflow/dags/prepare_wos_data_operator.py for tasks to queue
[2023-08-01 23:39:03,621] {logging_mixin.py:115} INFO - [2023-08-01 23:39:03,621] {dagbag.py:508} INFO - Filling up the DagBag from /opt/airflow/dags/prepare_wos_data_operator.py
[2023-08-01 23:39:03,819] {processor.py:653} WARNING - No viable dags retrieved from /opt/airflow/dags/prepare_wos_data_operator.py
[2023-08-01 23:39:03,838] {processor.py:161} INFO - Processing /opt/airflow/dags/prepare_wos_data_operator.py took 0.226 seconds
[2023-08-01 23:39:34,470] {processor.py:153} INFO - Started process (PID=4720) to work on /opt/airflow/dags/prepare_wos_data_operator.py
[2023-08-01 23:39:34,471] {processor.py:641} INFO - Processing file /opt/airflow/dags/prepare_wos_data_operator.py for tasks to queue
[2023-08-01 23:39:34,472] {logging_mixin.py:115} INFO - [2023-08-01 23:39:34,472] {dagbag.py:508} INFO - Filling up the DagBag from /opt/airflow/dags/prepare_wos_data_operator.py
[2023-08-01 23:39:34,640] {processor.py:653} WARNING - No viable dags retrieved from /opt/airflow/dags/prepare_wos_data_operator.py
[2023-08-01 23:39:34,658] {processor.py:161} INFO - Processing /opt/airflow/dags/prepare_wos_data_operator.py took 0.192 seconds
[2023-08-01 23:40:05,092] {processor.py:153} INFO - Started process (PID=4777) to work on /opt/airflow/dags/prepare_wos_data_operator.py
[2023-08-01 23:40:05,094] {processor.py:641} INFO - Processing file /opt/airflow/dags/prepare_wos_data_operator.py for tasks to queue
[2023-08-01 23:40:05,095] {logging_mixin.py:115} INFO - [2023-08-01 23:40:05,095] {dagbag.py:508} INFO - Filling up the DagBag from /opt/airflow/dags/prepare_wos_data_operator.py
[2023-08-01 23:40:05,345] {processor.py:653} WARNING - No viable dags retrieved from /opt/airflow/dags/prepare_wos_data_operator.py
[2023-08-01 23:40:05,372] {processor.py:161} INFO - Processing /opt/airflow/dags/prepare_wos_data_operator.py took 0.284 seconds
[2023-08-01 23:40:35,606] {processor.py:153} INFO - Started process (PID=4835) to work on /opt/airflow/dags/prepare_wos_data_operator.py
[2023-08-01 23:40:35,607] {processor.py:641} INFO - Processing file /opt/airflow/dags/prepare_wos_data_operator.py for tasks to queue
[2023-08-01 23:40:35,609] {logging_mixin.py:115} INFO - [2023-08-01 23:40:35,609] {dagbag.py:508} INFO - Filling up the DagBag from /opt/airflow/dags/prepare_wos_data_operator.py
[2023-08-01 23:40:35,797] {processor.py:653} WARNING - No viable dags retrieved from /opt/airflow/dags/prepare_wos_data_operator.py
[2023-08-01 23:40:35,816] {processor.py:161} INFO - Processing /opt/airflow/dags/prepare_wos_data_operator.py took 0.215 seconds
[2023-08-01 23:41:05,898] {processor.py:153} INFO - Started process (PID=4883) to work on /opt/airflow/dags/prepare_wos_data_operator.py
[2023-08-01 23:41:05,901] {processor.py:641} INFO - Processing file /opt/airflow/dags/prepare_wos_data_operator.py for tasks to queue
[2023-08-01 23:41:05,903] {logging_mixin.py:115} INFO - [2023-08-01 23:41:05,902] {dagbag.py:508} INFO - Filling up the DagBag from /opt/airflow/dags/prepare_wos_data_operator.py
[2023-08-01 23:41:06,067] {processor.py:653} WARNING - No viable dags retrieved from /opt/airflow/dags/prepare_wos_data_operator.py
[2023-08-01 23:41:06,086] {processor.py:161} INFO - Processing /opt/airflow/dags/prepare_wos_data_operator.py took 0.196 seconds
[2023-08-01 23:41:37,092] {processor.py:153} INFO - Started process (PID=4946) to work on /opt/airflow/dags/prepare_wos_data_operator.py
[2023-08-01 23:41:37,094] {processor.py:641} INFO - Processing file /opt/airflow/dags/prepare_wos_data_operator.py for tasks to queue
[2023-08-01 23:41:37,097] {logging_mixin.py:115} INFO - [2023-08-01 23:41:37,097] {dagbag.py:508} INFO - Filling up the DagBag from /opt/airflow/dags/prepare_wos_data_operator.py
[2023-08-01 23:41:37,430] {processor.py:653} WARNING - No viable dags retrieved from /opt/airflow/dags/prepare_wos_data_operator.py
[2023-08-01 23:41:37,465] {processor.py:161} INFO - Processing /opt/airflow/dags/prepare_wos_data_operator.py took 0.382 seconds
[2023-08-01 23:42:07,749] {processor.py:153} INFO - Started process (PID=5010) to work on /opt/airflow/dags/prepare_wos_data_operator.py
[2023-08-01 23:42:07,751] {processor.py:641} INFO - Processing file /opt/airflow/dags/prepare_wos_data_operator.py for tasks to queue
[2023-08-01 23:42:07,753] {logging_mixin.py:115} INFO - [2023-08-01 23:42:07,753] {dagbag.py:508} INFO - Filling up the DagBag from /opt/airflow/dags/prepare_wos_data_operator.py
[2023-08-01 23:42:08,020] {processor.py:653} WARNING - No viable dags retrieved from /opt/airflow/dags/prepare_wos_data_operator.py
[2023-08-01 23:42:08,047] {processor.py:161} INFO - Processing /opt/airflow/dags/prepare_wos_data_operator.py took 0.302 seconds
[2023-08-01 23:42:38,089] {processor.py:153} INFO - Started process (PID=5058) to work on /opt/airflow/dags/prepare_wos_data_operator.py
[2023-08-01 23:42:38,090] {processor.py:641} INFO - Processing file /opt/airflow/dags/prepare_wos_data_operator.py for tasks to queue
[2023-08-01 23:42:38,091] {logging_mixin.py:115} INFO - [2023-08-01 23:42:38,091] {dagbag.py:508} INFO - Filling up the DagBag from /opt/airflow/dags/prepare_wos_data_operator.py
[2023-08-01 23:42:38,299] {processor.py:653} WARNING - No viable dags retrieved from /opt/airflow/dags/prepare_wos_data_operator.py
[2023-08-01 23:42:38,340] {processor.py:161} INFO - Processing /opt/airflow/dags/prepare_wos_data_operator.py took 0.254 seconds
[2023-08-01 23:43:10,003] {processor.py:153} INFO - Started process (PID=5124) to work on /opt/airflow/dags/prepare_wos_data_operator.py
[2023-08-01 23:43:10,007] {processor.py:641} INFO - Processing file /opt/airflow/dags/prepare_wos_data_operator.py for tasks to queue
[2023-08-01 23:43:10,009] {logging_mixin.py:115} INFO - [2023-08-01 23:43:10,009] {dagbag.py:508} INFO - Filling up the DagBag from /opt/airflow/dags/prepare_wos_data_operator.py
[2023-08-01 23:43:10,228] {processor.py:653} WARNING - No viable dags retrieved from /opt/airflow/dags/prepare_wos_data_operator.py
[2023-08-01 23:43:10,255] {processor.py:161} INFO - Processing /opt/airflow/dags/prepare_wos_data_operator.py took 0.256 seconds
[2023-08-01 23:43:40,509] {processor.py:153} INFO - Started process (PID=5180) to work on /opt/airflow/dags/prepare_wos_data_operator.py
[2023-08-01 23:43:40,510] {processor.py:641} INFO - Processing file /opt/airflow/dags/prepare_wos_data_operator.py for tasks to queue
[2023-08-01 23:43:40,511] {logging_mixin.py:115} INFO - [2023-08-01 23:43:40,511] {dagbag.py:508} INFO - Filling up the DagBag from /opt/airflow/dags/prepare_wos_data_operator.py
[2023-08-01 23:43:40,661] {processor.py:653} WARNING - No viable dags retrieved from /opt/airflow/dags/prepare_wos_data_operator.py
[2023-08-01 23:43:40,678] {processor.py:161} INFO - Processing /opt/airflow/dags/prepare_wos_data_operator.py took 0.172 seconds
[2023-08-01 23:44:11,030] {processor.py:153} INFO - Started process (PID=5228) to work on /opt/airflow/dags/prepare_wos_data_operator.py
[2023-08-01 23:44:11,032] {processor.py:641} INFO - Processing file /opt/airflow/dags/prepare_wos_data_operator.py for tasks to queue
[2023-08-01 23:44:11,032] {logging_mixin.py:115} INFO - [2023-08-01 23:44:11,032] {dagbag.py:508} INFO - Filling up the DagBag from /opt/airflow/dags/prepare_wos_data_operator.py
[2023-08-01 23:44:11,184] {processor.py:653} WARNING - No viable dags retrieved from /opt/airflow/dags/prepare_wos_data_operator.py
[2023-08-01 23:44:11,206] {processor.py:161} INFO - Processing /opt/airflow/dags/prepare_wos_data_operator.py took 0.180 seconds
[2023-08-01 23:44:42,336] {processor.py:153} INFO - Started process (PID=5287) to work on /opt/airflow/dags/prepare_wos_data_operator.py
[2023-08-01 23:44:42,337] {processor.py:641} INFO - Processing file /opt/airflow/dags/prepare_wos_data_operator.py for tasks to queue
[2023-08-01 23:44:42,338] {logging_mixin.py:115} INFO - [2023-08-01 23:44:42,338] {dagbag.py:508} INFO - Filling up the DagBag from /opt/airflow/dags/prepare_wos_data_operator.py
[2023-08-01 23:44:42,511] {processor.py:653} WARNING - No viable dags retrieved from /opt/airflow/dags/prepare_wos_data_operator.py
[2023-08-01 23:44:42,532] {processor.py:161} INFO - Processing /opt/airflow/dags/prepare_wos_data_operator.py took 0.199 seconds
[2023-08-01 23:45:12,867] {processor.py:153} INFO - Started process (PID=5343) to work on /opt/airflow/dags/prepare_wos_data_operator.py
[2023-08-01 23:45:12,868] {processor.py:641} INFO - Processing file /opt/airflow/dags/prepare_wos_data_operator.py for tasks to queue
[2023-08-01 23:45:12,870] {logging_mixin.py:115} INFO - [2023-08-01 23:45:12,869] {dagbag.py:508} INFO - Filling up the DagBag from /opt/airflow/dags/prepare_wos_data_operator.py
[2023-08-01 23:45:13,064] {processor.py:653} WARNING - No viable dags retrieved from /opt/airflow/dags/prepare_wos_data_operator.py
[2023-08-01 23:45:13,101] {processor.py:161} INFO - Processing /opt/airflow/dags/prepare_wos_data_operator.py took 0.245 seconds
[2023-08-01 23:45:47,068] {processor.py:153} INFO - Started process (PID=5412) to work on /opt/airflow/dags/prepare_wos_data_operator.py
[2023-08-01 23:45:47,085] {processor.py:641} INFO - Processing file /opt/airflow/dags/prepare_wos_data_operator.py for tasks to queue
[2023-08-01 23:45:47,093] {logging_mixin.py:115} INFO - [2023-08-01 23:45:47,092] {dagbag.py:508} INFO - Filling up the DagBag from /opt/airflow/dags/prepare_wos_data_operator.py
[2023-08-01 23:45:47,766] {processor.py:653} WARNING - No viable dags retrieved from /opt/airflow/dags/prepare_wos_data_operator.py
[2023-08-01 23:45:47,801] {processor.py:161} INFO - Processing /opt/airflow/dags/prepare_wos_data_operator.py took 0.743 seconds
[2023-08-01 23:46:18,158] {processor.py:153} INFO - Started process (PID=5460) to work on /opt/airflow/dags/prepare_wos_data_operator.py
[2023-08-01 23:46:18,160] {processor.py:641} INFO - Processing file /opt/airflow/dags/prepare_wos_data_operator.py for tasks to queue
[2023-08-01 23:46:18,161] {logging_mixin.py:115} INFO - [2023-08-01 23:46:18,161] {dagbag.py:508} INFO - Filling up the DagBag from /opt/airflow/dags/prepare_wos_data_operator.py
[2023-08-01 23:46:18,391] {processor.py:653} WARNING - No viable dags retrieved from /opt/airflow/dags/prepare_wos_data_operator.py
[2023-08-01 23:46:18,419] {processor.py:161} INFO - Processing /opt/airflow/dags/prepare_wos_data_operator.py took 0.267 seconds
[2023-08-01 23:46:48,669] {processor.py:153} INFO - Started process (PID=5516) to work on /opt/airflow/dags/prepare_wos_data_operator.py
[2023-08-01 23:46:48,670] {processor.py:641} INFO - Processing file /opt/airflow/dags/prepare_wos_data_operator.py for tasks to queue
[2023-08-01 23:46:48,671] {logging_mixin.py:115} INFO - [2023-08-01 23:46:48,671] {dagbag.py:508} INFO - Filling up the DagBag from /opt/airflow/dags/prepare_wos_data_operator.py
[2023-08-01 23:46:48,819] {processor.py:653} WARNING - No viable dags retrieved from /opt/airflow/dags/prepare_wos_data_operator.py
[2023-08-01 23:46:48,840] {processor.py:161} INFO - Processing /opt/airflow/dags/prepare_wos_data_operator.py took 0.174 seconds
[2023-08-01 23:47:19,111] {processor.py:153} INFO - Started process (PID=5573) to work on /opt/airflow/dags/prepare_wos_data_operator.py
[2023-08-01 23:47:19,113] {processor.py:641} INFO - Processing file /opt/airflow/dags/prepare_wos_data_operator.py for tasks to queue
[2023-08-01 23:47:19,115] {logging_mixin.py:115} INFO - [2023-08-01 23:47:19,115] {dagbag.py:508} INFO - Filling up the DagBag from /opt/airflow/dags/prepare_wos_data_operator.py
[2023-08-01 23:47:19,279] {processor.py:653} WARNING - No viable dags retrieved from /opt/airflow/dags/prepare_wos_data_operator.py
[2023-08-01 23:47:19,301] {processor.py:161} INFO - Processing /opt/airflow/dags/prepare_wos_data_operator.py took 0.200 seconds
[2023-08-01 23:47:49,412] {processor.py:153} INFO - Started process (PID=5628) to work on /opt/airflow/dags/prepare_wos_data_operator.py
[2023-08-01 23:47:49,413] {processor.py:641} INFO - Processing file /opt/airflow/dags/prepare_wos_data_operator.py for tasks to queue
[2023-08-01 23:47:49,415] {logging_mixin.py:115} INFO - [2023-08-01 23:47:49,415] {dagbag.py:508} INFO - Filling up the DagBag from /opt/airflow/dags/prepare_wos_data_operator.py
[2023-08-01 23:47:49,566] {processor.py:653} WARNING - No viable dags retrieved from /opt/airflow/dags/prepare_wos_data_operator.py
[2023-08-01 23:47:49,583] {processor.py:161} INFO - Processing /opt/airflow/dags/prepare_wos_data_operator.py took 0.174 seconds
[2023-08-01 23:48:19,975] {processor.py:153} INFO - Started process (PID=5677) to work on /opt/airflow/dags/prepare_wos_data_operator.py
[2023-08-01 23:48:19,976] {processor.py:641} INFO - Processing file /opt/airflow/dags/prepare_wos_data_operator.py for tasks to queue
[2023-08-01 23:48:19,977] {logging_mixin.py:115} INFO - [2023-08-01 23:48:19,977] {dagbag.py:508} INFO - Filling up the DagBag from /opt/airflow/dags/prepare_wos_data_operator.py
[2023-08-01 23:48:20,122] {processor.py:653} WARNING - No viable dags retrieved from /opt/airflow/dags/prepare_wos_data_operator.py
[2023-08-01 23:48:20,136] {processor.py:161} INFO - Processing /opt/airflow/dags/prepare_wos_data_operator.py took 0.165 seconds
[2023-08-01 23:48:50,219] {processor.py:153} INFO - Started process (PID=5733) to work on /opt/airflow/dags/prepare_wos_data_operator.py
[2023-08-01 23:48:50,221] {processor.py:641} INFO - Processing file /opt/airflow/dags/prepare_wos_data_operator.py for tasks to queue
[2023-08-01 23:48:50,222] {logging_mixin.py:115} INFO - [2023-08-01 23:48:50,222] {dagbag.py:508} INFO - Filling up the DagBag from /opt/airflow/dags/prepare_wos_data_operator.py
[2023-08-01 23:48:50,371] {processor.py:653} WARNING - No viable dags retrieved from /opt/airflow/dags/prepare_wos_data_operator.py
[2023-08-01 23:48:50,388] {processor.py:161} INFO - Processing /opt/airflow/dags/prepare_wos_data_operator.py took 0.173 seconds
[2023-08-01 23:49:20,544] {processor.py:153} INFO - Started process (PID=5790) to work on /opt/airflow/dags/prepare_wos_data_operator.py
[2023-08-01 23:49:20,545] {processor.py:641} INFO - Processing file /opt/airflow/dags/prepare_wos_data_operator.py for tasks to queue
[2023-08-01 23:49:20,547] {logging_mixin.py:115} INFO - [2023-08-01 23:49:20,547] {dagbag.py:508} INFO - Filling up the DagBag from /opt/airflow/dags/prepare_wos_data_operator.py
[2023-08-01 23:49:20,894] {processor.py:653} WARNING - No viable dags retrieved from /opt/airflow/dags/prepare_wos_data_operator.py
[2023-08-01 23:49:20,958] {processor.py:161} INFO - Processing /opt/airflow/dags/prepare_wos_data_operator.py took 0.422 seconds
[2023-08-01 23:49:51,061] {processor.py:153} INFO - Started process (PID=5847) to work on /opt/airflow/dags/prepare_wos_data_operator.py
[2023-08-01 23:49:51,063] {processor.py:641} INFO - Processing file /opt/airflow/dags/prepare_wos_data_operator.py for tasks to queue
[2023-08-01 23:49:51,063] {logging_mixin.py:115} INFO - [2023-08-01 23:49:51,063] {dagbag.py:508} INFO - Filling up the DagBag from /opt/airflow/dags/prepare_wos_data_operator.py
[2023-08-01 23:49:51,234] {processor.py:653} WARNING - No viable dags retrieved from /opt/airflow/dags/prepare_wos_data_operator.py
[2023-08-01 23:49:51,253] {processor.py:161} INFO - Processing /opt/airflow/dags/prepare_wos_data_operator.py took 0.196 seconds
[2023-08-01 23:50:21,991] {processor.py:153} INFO - Started process (PID=5895) to work on /opt/airflow/dags/prepare_wos_data_operator.py
[2023-08-01 23:50:21,993] {processor.py:641} INFO - Processing file /opt/airflow/dags/prepare_wos_data_operator.py for tasks to queue
[2023-08-01 23:50:21,994] {logging_mixin.py:115} INFO - [2023-08-01 23:50:21,994] {dagbag.py:508} INFO - Filling up the DagBag from /opt/airflow/dags/prepare_wos_data_operator.py
[2023-08-01 23:50:22,208] {processor.py:653} WARNING - No viable dags retrieved from /opt/airflow/dags/prepare_wos_data_operator.py
[2023-08-01 23:50:22,227] {processor.py:161} INFO - Processing /opt/airflow/dags/prepare_wos_data_operator.py took 0.243 seconds
[2023-08-01 23:50:52,389] {processor.py:153} INFO - Started process (PID=5952) to work on /opt/airflow/dags/prepare_wos_data_operator.py
[2023-08-01 23:50:52,390] {processor.py:641} INFO - Processing file /opt/airflow/dags/prepare_wos_data_operator.py for tasks to queue
[2023-08-01 23:50:52,391] {logging_mixin.py:115} INFO - [2023-08-01 23:50:52,391] {dagbag.py:508} INFO - Filling up the DagBag from /opt/airflow/dags/prepare_wos_data_operator.py
[2023-08-01 23:50:52,546] {processor.py:653} WARNING - No viable dags retrieved from /opt/airflow/dags/prepare_wos_data_operator.py
[2023-08-01 23:50:52,561] {processor.py:161} INFO - Processing /opt/airflow/dags/prepare_wos_data_operator.py took 0.178 seconds
[2023-08-01 23:51:23,329] {processor.py:153} INFO - Started process (PID=6009) to work on /opt/airflow/dags/prepare_wos_data_operator.py
[2023-08-01 23:51:23,330] {processor.py:641} INFO - Processing file /opt/airflow/dags/prepare_wos_data_operator.py for tasks to queue
[2023-08-01 23:51:23,331] {logging_mixin.py:115} INFO - [2023-08-01 23:51:23,331] {dagbag.py:508} INFO - Filling up the DagBag from /opt/airflow/dags/prepare_wos_data_operator.py
[2023-08-01 23:51:23,467] {processor.py:653} WARNING - No viable dags retrieved from /opt/airflow/dags/prepare_wos_data_operator.py
[2023-08-01 23:51:23,487] {processor.py:161} INFO - Processing /opt/airflow/dags/prepare_wos_data_operator.py took 0.161 seconds
[2023-08-01 23:51:54,054] {processor.py:153} INFO - Started process (PID=6066) to work on /opt/airflow/dags/prepare_wos_data_operator.py
[2023-08-01 23:51:54,056] {processor.py:641} INFO - Processing file /opt/airflow/dags/prepare_wos_data_operator.py for tasks to queue
[2023-08-01 23:51:54,056] {logging_mixin.py:115} INFO - [2023-08-01 23:51:54,056] {dagbag.py:508} INFO - Filling up the DagBag from /opt/airflow/dags/prepare_wos_data_operator.py
[2023-08-01 23:51:54,205] {processor.py:653} WARNING - No viable dags retrieved from /opt/airflow/dags/prepare_wos_data_operator.py
[2023-08-01 23:51:54,221] {processor.py:161} INFO - Processing /opt/airflow/dags/prepare_wos_data_operator.py took 0.169 seconds
[2023-08-01 23:52:24,951] {processor.py:153} INFO - Started process (PID=6114) to work on /opt/airflow/dags/prepare_wos_data_operator.py
[2023-08-01 23:52:24,953] {processor.py:641} INFO - Processing file /opt/airflow/dags/prepare_wos_data_operator.py for tasks to queue
[2023-08-01 23:52:24,954] {logging_mixin.py:115} INFO - [2023-08-01 23:52:24,954] {dagbag.py:508} INFO - Filling up the DagBag from /opt/airflow/dags/prepare_wos_data_operator.py
[2023-08-01 23:52:25,114] {processor.py:653} WARNING - No viable dags retrieved from /opt/airflow/dags/prepare_wos_data_operator.py
[2023-08-01 23:52:25,129] {processor.py:161} INFO - Processing /opt/airflow/dags/prepare_wos_data_operator.py took 0.184 seconds
[2023-08-01 23:52:55,267] {processor.py:153} INFO - Started process (PID=6171) to work on /opt/airflow/dags/prepare_wos_data_operator.py
[2023-08-01 23:52:55,276] {processor.py:641} INFO - Processing file /opt/airflow/dags/prepare_wos_data_operator.py for tasks to queue
[2023-08-01 23:52:55,278] {logging_mixin.py:115} INFO - [2023-08-01 23:52:55,278] {dagbag.py:508} INFO - Filling up the DagBag from /opt/airflow/dags/prepare_wos_data_operator.py
[2023-08-01 23:52:55,457] {processor.py:653} WARNING - No viable dags retrieved from /opt/airflow/dags/prepare_wos_data_operator.py
[2023-08-01 23:52:55,482] {processor.py:161} INFO - Processing /opt/airflow/dags/prepare_wos_data_operator.py took 0.228 seconds
[2023-08-01 23:53:26,211] {processor.py:153} INFO - Started process (PID=6228) to work on /opt/airflow/dags/prepare_wos_data_operator.py
[2023-08-01 23:53:26,213] {processor.py:641} INFO - Processing file /opt/airflow/dags/prepare_wos_data_operator.py for tasks to queue
[2023-08-01 23:53:26,214] {logging_mixin.py:115} INFO - [2023-08-01 23:53:26,214] {dagbag.py:508} INFO - Filling up the DagBag from /opt/airflow/dags/prepare_wos_data_operator.py
[2023-08-01 23:53:26,356] {processor.py:653} WARNING - No viable dags retrieved from /opt/airflow/dags/prepare_wos_data_operator.py
[2023-08-01 23:53:26,371] {processor.py:161} INFO - Processing /opt/airflow/dags/prepare_wos_data_operator.py took 0.167 seconds
[2023-08-01 23:53:56,823] {processor.py:153} INFO - Started process (PID=6284) to work on /opt/airflow/dags/prepare_wos_data_operator.py
[2023-08-01 23:53:56,824] {processor.py:641} INFO - Processing file /opt/airflow/dags/prepare_wos_data_operator.py for tasks to queue
[2023-08-01 23:53:56,825] {logging_mixin.py:115} INFO - [2023-08-01 23:53:56,825] {dagbag.py:508} INFO - Filling up the DagBag from /opt/airflow/dags/prepare_wos_data_operator.py
[2023-08-01 23:53:57,124] {processor.py:653} WARNING - No viable dags retrieved from /opt/airflow/dags/prepare_wos_data_operator.py
[2023-08-01 23:53:57,182] {processor.py:161} INFO - Processing /opt/airflow/dags/prepare_wos_data_operator.py took 0.364 seconds
[2023-08-01 23:54:27,471] {processor.py:153} INFO - Started process (PID=6332) to work on /opt/airflow/dags/prepare_wos_data_operator.py
[2023-08-01 23:54:27,473] {processor.py:641} INFO - Processing file /opt/airflow/dags/prepare_wos_data_operator.py for tasks to queue
[2023-08-01 23:54:27,474] {logging_mixin.py:115} INFO - [2023-08-01 23:54:27,474] {dagbag.py:508} INFO - Filling up the DagBag from /opt/airflow/dags/prepare_wos_data_operator.py
[2023-08-01 23:54:27,660] {processor.py:653} WARNING - No viable dags retrieved from /opt/airflow/dags/prepare_wos_data_operator.py
[2023-08-01 23:54:27,686] {processor.py:161} INFO - Processing /opt/airflow/dags/prepare_wos_data_operator.py took 0.222 seconds
[2023-08-01 23:54:57,821] {processor.py:153} INFO - Started process (PID=6390) to work on /opt/airflow/dags/prepare_wos_data_operator.py
[2023-08-01 23:54:57,824] {processor.py:641} INFO - Processing file /opt/airflow/dags/prepare_wos_data_operator.py for tasks to queue
[2023-08-01 23:54:57,826] {logging_mixin.py:115} INFO - [2023-08-01 23:54:57,826] {dagbag.py:508} INFO - Filling up the DagBag from /opt/airflow/dags/prepare_wos_data_operator.py
[2023-08-01 23:54:58,038] {processor.py:653} WARNING - No viable dags retrieved from /opt/airflow/dags/prepare_wos_data_operator.py
[2023-08-01 23:54:58,056] {processor.py:161} INFO - Processing /opt/airflow/dags/prepare_wos_data_operator.py took 0.243 seconds
[2023-08-01 23:55:28,376] {processor.py:153} INFO - Started process (PID=6448) to work on /opt/airflow/dags/prepare_wos_data_operator.py
[2023-08-01 23:55:28,379] {processor.py:641} INFO - Processing file /opt/airflow/dags/prepare_wos_data_operator.py for tasks to queue
[2023-08-01 23:55:28,381] {logging_mixin.py:115} INFO - [2023-08-01 23:55:28,381] {dagbag.py:508} INFO - Filling up the DagBag from /opt/airflow/dags/prepare_wos_data_operator.py
[2023-08-01 23:55:28,566] {processor.py:653} WARNING - No viable dags retrieved from /opt/airflow/dags/prepare_wos_data_operator.py
[2023-08-01 23:55:28,587] {processor.py:161} INFO - Processing /opt/airflow/dags/prepare_wos_data_operator.py took 0.220 seconds
[2023-08-01 23:55:59,625] {processor.py:153} INFO - Started process (PID=6505) to work on /opt/airflow/dags/prepare_wos_data_operator.py
[2023-08-01 23:55:59,627] {processor.py:641} INFO - Processing file /opt/airflow/dags/prepare_wos_data_operator.py for tasks to queue
[2023-08-01 23:55:59,628] {logging_mixin.py:115} INFO - [2023-08-01 23:55:59,628] {dagbag.py:508} INFO - Filling up the DagBag from /opt/airflow/dags/prepare_wos_data_operator.py
[2023-08-01 23:55:59,826] {processor.py:653} WARNING - No viable dags retrieved from /opt/airflow/dags/prepare_wos_data_operator.py
[2023-08-01 23:55:59,846] {processor.py:161} INFO - Processing /opt/airflow/dags/prepare_wos_data_operator.py took 0.225 seconds
[2023-08-01 23:56:30,019] {processor.py:153} INFO - Started process (PID=6553) to work on /opt/airflow/dags/prepare_wos_data_operator.py
[2023-08-01 23:56:30,021] {processor.py:641} INFO - Processing file /opt/airflow/dags/prepare_wos_data_operator.py for tasks to queue
[2023-08-01 23:56:30,022] {logging_mixin.py:115} INFO - [2023-08-01 23:56:30,022] {dagbag.py:508} INFO - Filling up the DagBag from /opt/airflow/dags/prepare_wos_data_operator.py
[2023-08-01 23:56:30,155] {processor.py:653} WARNING - No viable dags retrieved from /opt/airflow/dags/prepare_wos_data_operator.py
[2023-08-01 23:56:30,169] {processor.py:161} INFO - Processing /opt/airflow/dags/prepare_wos_data_operator.py took 0.154 seconds
[2023-08-01 23:57:00,440] {processor.py:153} INFO - Started process (PID=6610) to work on /opt/airflow/dags/prepare_wos_data_operator.py
[2023-08-01 23:57:00,441] {processor.py:641} INFO - Processing file /opt/airflow/dags/prepare_wos_data_operator.py for tasks to queue
[2023-08-01 23:57:00,442] {logging_mixin.py:115} INFO - [2023-08-01 23:57:00,442] {dagbag.py:508} INFO - Filling up the DagBag from /opt/airflow/dags/prepare_wos_data_operator.py
[2023-08-01 23:57:00,583] {processor.py:653} WARNING - No viable dags retrieved from /opt/airflow/dags/prepare_wos_data_operator.py
[2023-08-01 23:57:00,598] {processor.py:161} INFO - Processing /opt/airflow/dags/prepare_wos_data_operator.py took 0.163 seconds
[2023-08-01 23:57:30,732] {processor.py:153} INFO - Started process (PID=6668) to work on /opt/airflow/dags/prepare_wos_data_operator.py
[2023-08-01 23:57:30,734] {processor.py:641} INFO - Processing file /opt/airflow/dags/prepare_wos_data_operator.py for tasks to queue
[2023-08-01 23:57:30,735] {logging_mixin.py:115} INFO - [2023-08-01 23:57:30,735] {dagbag.py:508} INFO - Filling up the DagBag from /opt/airflow/dags/prepare_wos_data_operator.py
[2023-08-01 23:57:30,892] {processor.py:653} WARNING - No viable dags retrieved from /opt/airflow/dags/prepare_wos_data_operator.py
[2023-08-01 23:57:30,907] {processor.py:161} INFO - Processing /opt/airflow/dags/prepare_wos_data_operator.py took 0.179 seconds
[2023-08-01 23:58:01,152] {processor.py:153} INFO - Started process (PID=6715) to work on /opt/airflow/dags/prepare_wos_data_operator.py
[2023-08-01 23:58:01,154] {processor.py:641} INFO - Processing file /opt/airflow/dags/prepare_wos_data_operator.py for tasks to queue
[2023-08-01 23:58:01,155] {logging_mixin.py:115} INFO - [2023-08-01 23:58:01,155] {dagbag.py:508} INFO - Filling up the DagBag from /opt/airflow/dags/prepare_wos_data_operator.py
[2023-08-01 23:58:01,301] {processor.py:653} WARNING - No viable dags retrieved from /opt/airflow/dags/prepare_wos_data_operator.py
[2023-08-01 23:58:01,316] {processor.py:161} INFO - Processing /opt/airflow/dags/prepare_wos_data_operator.py took 0.167 seconds
[2023-08-01 23:58:31,625] {processor.py:153} INFO - Started process (PID=6772) to work on /opt/airflow/dags/prepare_wos_data_operator.py
[2023-08-01 23:58:31,627] {processor.py:641} INFO - Processing file /opt/airflow/dags/prepare_wos_data_operator.py for tasks to queue
[2023-08-01 23:58:31,628] {logging_mixin.py:115} INFO - [2023-08-01 23:58:31,628] {dagbag.py:508} INFO - Filling up the DagBag from /opt/airflow/dags/prepare_wos_data_operator.py
[2023-08-01 23:58:31,765] {processor.py:653} WARNING - No viable dags retrieved from /opt/airflow/dags/prepare_wos_data_operator.py
[2023-08-01 23:58:31,779] {processor.py:161} INFO - Processing /opt/airflow/dags/prepare_wos_data_operator.py took 0.156 seconds
[2023-08-01 23:59:02,927] {processor.py:153} INFO - Started process (PID=6829) to work on /opt/airflow/dags/prepare_wos_data_operator.py
[2023-08-01 23:59:02,929] {processor.py:641} INFO - Processing file /opt/airflow/dags/prepare_wos_data_operator.py for tasks to queue
[2023-08-01 23:59:02,929] {logging_mixin.py:115} INFO - [2023-08-01 23:59:02,929] {dagbag.py:508} INFO - Filling up the DagBag from /opt/airflow/dags/prepare_wos_data_operator.py
[2023-08-01 23:59:03,055] {processor.py:653} WARNING - No viable dags retrieved from /opt/airflow/dags/prepare_wos_data_operator.py
[2023-08-01 23:59:03,069] {processor.py:161} INFO - Processing /opt/airflow/dags/prepare_wos_data_operator.py took 0.145 seconds
[2023-08-01 23:59:33,515] {processor.py:153} INFO - Started process (PID=6886) to work on /opt/airflow/dags/prepare_wos_data_operator.py
[2023-08-01 23:59:33,516] {processor.py:641} INFO - Processing file /opt/airflow/dags/prepare_wos_data_operator.py for tasks to queue
[2023-08-01 23:59:33,516] {logging_mixin.py:115} INFO - [2023-08-01 23:59:33,516] {dagbag.py:508} INFO - Filling up the DagBag from /opt/airflow/dags/prepare_wos_data_operator.py
[2023-08-01 23:59:33,651] {processor.py:653} WARNING - No viable dags retrieved from /opt/airflow/dags/prepare_wos_data_operator.py
[2023-08-01 23:59:33,665] {processor.py:161} INFO - Processing /opt/airflow/dags/prepare_wos_data_operator.py took 0.154 seconds
