[2023-08-01 22:56:06,977] {processor.py:153} INFO - Started process (PID=50) to work on /opt/airflow/dags/prepare_revistas_operator.py
[2023-08-01 22:56:06,978] {processor.py:641} INFO - Processing file /opt/airflow/dags/prepare_revistas_operator.py for tasks to queue
[2023-08-01 22:56:06,980] {logging_mixin.py:115} INFO - [2023-08-01 22:56:06,980] {dagbag.py:508} INFO - Filling up the DagBag from /opt/airflow/dags/prepare_revistas_operator.py
[2023-08-01 22:56:07,926] {processor.py:653} WARNING - No viable dags retrieved from /opt/airflow/dags/prepare_revistas_operator.py
[2023-08-01 22:56:07,952] {processor.py:161} INFO - Processing /opt/airflow/dags/prepare_revistas_operator.py took 0.984 seconds
[2023-08-01 22:56:38,227] {processor.py:153} INFO - Started process (PID=107) to work on /opt/airflow/dags/prepare_revistas_operator.py
[2023-08-01 22:56:38,229] {processor.py:641} INFO - Processing file /opt/airflow/dags/prepare_revistas_operator.py for tasks to queue
[2023-08-01 22:56:38,230] {logging_mixin.py:115} INFO - [2023-08-01 22:56:38,230] {dagbag.py:508} INFO - Filling up the DagBag from /opt/airflow/dags/prepare_revistas_operator.py
[2023-08-01 22:56:38,770] {processor.py:653} WARNING - No viable dags retrieved from /opt/airflow/dags/prepare_revistas_operator.py
[2023-08-01 22:56:38,792] {processor.py:161} INFO - Processing /opt/airflow/dags/prepare_revistas_operator.py took 0.571 seconds
[2023-08-01 22:57:09,100] {processor.py:153} INFO - Started process (PID=155) to work on /opt/airflow/dags/prepare_revistas_operator.py
[2023-08-01 22:57:09,102] {processor.py:641} INFO - Processing file /opt/airflow/dags/prepare_revistas_operator.py for tasks to queue
[2023-08-01 22:57:09,105] {logging_mixin.py:115} INFO - [2023-08-01 22:57:09,105] {dagbag.py:508} INFO - Filling up the DagBag from /opt/airflow/dags/prepare_revistas_operator.py
[2023-08-01 22:57:09,623] {processor.py:653} WARNING - No viable dags retrieved from /opt/airflow/dags/prepare_revistas_operator.py
[2023-08-01 22:57:09,645] {processor.py:161} INFO - Processing /opt/airflow/dags/prepare_revistas_operator.py took 0.553 seconds
[2023-08-01 22:57:39,805] {processor.py:153} INFO - Started process (PID=212) to work on /opt/airflow/dags/prepare_revistas_operator.py
[2023-08-01 22:57:39,806] {processor.py:641} INFO - Processing file /opt/airflow/dags/prepare_revistas_operator.py for tasks to queue
[2023-08-01 22:57:39,808] {logging_mixin.py:115} INFO - [2023-08-01 22:57:39,808] {dagbag.py:508} INFO - Filling up the DagBag from /opt/airflow/dags/prepare_revistas_operator.py
[2023-08-01 22:57:40,409] {processor.py:653} WARNING - No viable dags retrieved from /opt/airflow/dags/prepare_revistas_operator.py
[2023-08-01 22:57:40,430] {processor.py:161} INFO - Processing /opt/airflow/dags/prepare_revistas_operator.py took 0.633 seconds
[2023-08-01 22:58:10,665] {processor.py:153} INFO - Started process (PID=269) to work on /opt/airflow/dags/prepare_revistas_operator.py
[2023-08-01 22:58:10,667] {processor.py:641} INFO - Processing file /opt/airflow/dags/prepare_revistas_operator.py for tasks to queue
[2023-08-01 22:58:10,668] {logging_mixin.py:115} INFO - [2023-08-01 22:58:10,668] {dagbag.py:508} INFO - Filling up the DagBag from /opt/airflow/dags/prepare_revistas_operator.py
[2023-08-01 22:58:11,193] {processor.py:653} WARNING - No viable dags retrieved from /opt/airflow/dags/prepare_revistas_operator.py
[2023-08-01 22:58:11,222] {processor.py:161} INFO - Processing /opt/airflow/dags/prepare_revistas_operator.py took 0.569 seconds
[2023-08-01 22:58:41,356] {processor.py:153} INFO - Started process (PID=327) to work on /opt/airflow/dags/prepare_revistas_operator.py
[2023-08-01 22:58:41,358] {processor.py:641} INFO - Processing file /opt/airflow/dags/prepare_revistas_operator.py for tasks to queue
[2023-08-01 22:58:41,359] {logging_mixin.py:115} INFO - [2023-08-01 22:58:41,359] {dagbag.py:508} INFO - Filling up the DagBag from /opt/airflow/dags/prepare_revistas_operator.py
[2023-08-01 22:58:41,937] {processor.py:653} WARNING - No viable dags retrieved from /opt/airflow/dags/prepare_revistas_operator.py
[2023-08-01 22:58:41,958] {processor.py:161} INFO - Processing /opt/airflow/dags/prepare_revistas_operator.py took 0.609 seconds
[2023-08-01 22:59:12,604] {processor.py:153} INFO - Started process (PID=384) to work on /opt/airflow/dags/prepare_revistas_operator.py
[2023-08-01 22:59:12,605] {processor.py:641} INFO - Processing file /opt/airflow/dags/prepare_revistas_operator.py for tasks to queue
[2023-08-01 22:59:12,607] {logging_mixin.py:115} INFO - [2023-08-01 22:59:12,607] {dagbag.py:508} INFO - Filling up the DagBag from /opt/airflow/dags/prepare_revistas_operator.py
[2023-08-01 22:59:13,129] {processor.py:653} WARNING - No viable dags retrieved from /opt/airflow/dags/prepare_revistas_operator.py
[2023-08-01 22:59:13,147] {processor.py:161} INFO - Processing /opt/airflow/dags/prepare_revistas_operator.py took 0.555 seconds
[2023-08-01 22:59:43,274] {processor.py:153} INFO - Started process (PID=432) to work on /opt/airflow/dags/prepare_revistas_operator.py
[2023-08-01 22:59:43,280] {processor.py:641} INFO - Processing file /opt/airflow/dags/prepare_revistas_operator.py for tasks to queue
[2023-08-01 22:59:43,287] {logging_mixin.py:115} INFO - [2023-08-01 22:59:43,287] {dagbag.py:508} INFO - Filling up the DagBag from /opt/airflow/dags/prepare_revistas_operator.py
[2023-08-01 22:59:43,921] {processor.py:653} WARNING - No viable dags retrieved from /opt/airflow/dags/prepare_revistas_operator.py
[2023-08-01 22:59:43,958] {processor.py:161} INFO - Processing /opt/airflow/dags/prepare_revistas_operator.py took 0.700 seconds
[2023-08-01 23:00:15,015] {processor.py:153} INFO - Started process (PID=489) to work on /opt/airflow/dags/prepare_revistas_operator.py
[2023-08-01 23:00:15,017] {processor.py:641} INFO - Processing file /opt/airflow/dags/prepare_revistas_operator.py for tasks to queue
[2023-08-01 23:00:15,019] {logging_mixin.py:115} INFO - [2023-08-01 23:00:15,019] {dagbag.py:508} INFO - Filling up the DagBag from /opt/airflow/dags/prepare_revistas_operator.py
[2023-08-01 23:00:15,659] {processor.py:653} WARNING - No viable dags retrieved from /opt/airflow/dags/prepare_revistas_operator.py
[2023-08-01 23:00:15,690] {processor.py:161} INFO - Processing /opt/airflow/dags/prepare_revistas_operator.py took 0.683 seconds
[2023-08-01 23:00:45,955] {processor.py:153} INFO - Started process (PID=546) to work on /opt/airflow/dags/prepare_revistas_operator.py
[2023-08-01 23:00:45,956] {processor.py:641} INFO - Processing file /opt/airflow/dags/prepare_revistas_operator.py for tasks to queue
[2023-08-01 23:00:45,957] {logging_mixin.py:115} INFO - [2023-08-01 23:00:45,957] {dagbag.py:508} INFO - Filling up the DagBag from /opt/airflow/dags/prepare_revistas_operator.py
[2023-08-01 23:00:46,457] {processor.py:653} WARNING - No viable dags retrieved from /opt/airflow/dags/prepare_revistas_operator.py
[2023-08-01 23:00:46,474] {processor.py:161} INFO - Processing /opt/airflow/dags/prepare_revistas_operator.py took 0.526 seconds
[2023-08-01 23:01:16,843] {processor.py:153} INFO - Started process (PID=603) to work on /opt/airflow/dags/prepare_revistas_operator.py
[2023-08-01 23:01:16,846] {processor.py:641} INFO - Processing file /opt/airflow/dags/prepare_revistas_operator.py for tasks to queue
[2023-08-01 23:01:16,848] {logging_mixin.py:115} INFO - [2023-08-01 23:01:16,848] {dagbag.py:508} INFO - Filling up the DagBag from /opt/airflow/dags/prepare_revistas_operator.py
[2023-08-01 23:01:17,487] {processor.py:653} WARNING - No viable dags retrieved from /opt/airflow/dags/prepare_revistas_operator.py
[2023-08-01 23:01:17,516] {processor.py:161} INFO - Processing /opt/airflow/dags/prepare_revistas_operator.py took 0.679 seconds
[2023-08-01 23:01:47,965] {processor.py:153} INFO - Started process (PID=662) to work on /opt/airflow/dags/prepare_revistas_operator.py
[2023-08-01 23:01:47,967] {processor.py:641} INFO - Processing file /opt/airflow/dags/prepare_revistas_operator.py for tasks to queue
[2023-08-01 23:01:47,968] {logging_mixin.py:115} INFO - [2023-08-01 23:01:47,968] {dagbag.py:508} INFO - Filling up the DagBag from /opt/airflow/dags/prepare_revistas_operator.py
[2023-08-01 23:01:48,558] {processor.py:653} WARNING - No viable dags retrieved from /opt/airflow/dags/prepare_revistas_operator.py
[2023-08-01 23:01:48,572] {processor.py:161} INFO - Processing /opt/airflow/dags/prepare_revistas_operator.py took 0.613 seconds
[2023-08-01 23:02:18,806] {processor.py:153} INFO - Started process (PID=710) to work on /opt/airflow/dags/prepare_revistas_operator.py
[2023-08-01 23:02:18,808] {processor.py:641} INFO - Processing file /opt/airflow/dags/prepare_revistas_operator.py for tasks to queue
[2023-08-01 23:02:18,809] {logging_mixin.py:115} INFO - [2023-08-01 23:02:18,809] {dagbag.py:508} INFO - Filling up the DagBag from /opt/airflow/dags/prepare_revistas_operator.py
[2023-08-01 23:02:19,370] {processor.py:653} WARNING - No viable dags retrieved from /opt/airflow/dags/prepare_revistas_operator.py
[2023-08-01 23:02:19,397] {processor.py:161} INFO - Processing /opt/airflow/dags/prepare_revistas_operator.py took 0.597 seconds
[2023-08-01 23:02:49,925] {processor.py:153} INFO - Started process (PID=768) to work on /opt/airflow/dags/prepare_revistas_operator.py
[2023-08-01 23:02:49,926] {processor.py:641} INFO - Processing file /opt/airflow/dags/prepare_revistas_operator.py for tasks to queue
[2023-08-01 23:02:49,927] {logging_mixin.py:115} INFO - [2023-08-01 23:02:49,927] {dagbag.py:508} INFO - Filling up the DagBag from /opt/airflow/dags/prepare_revistas_operator.py
[2023-08-01 23:02:50,486] {processor.py:653} WARNING - No viable dags retrieved from /opt/airflow/dags/prepare_revistas_operator.py
[2023-08-01 23:02:50,504] {processor.py:161} INFO - Processing /opt/airflow/dags/prepare_revistas_operator.py took 0.585 seconds
[2023-08-01 23:03:20,762] {processor.py:153} INFO - Started process (PID=825) to work on /opt/airflow/dags/prepare_revistas_operator.py
[2023-08-01 23:03:20,764] {processor.py:641} INFO - Processing file /opt/airflow/dags/prepare_revistas_operator.py for tasks to queue
[2023-08-01 23:03:20,765] {logging_mixin.py:115} INFO - [2023-08-01 23:03:20,765] {dagbag.py:508} INFO - Filling up the DagBag from /opt/airflow/dags/prepare_revistas_operator.py
[2023-08-01 23:03:21,359] {processor.py:653} WARNING - No viable dags retrieved from /opt/airflow/dags/prepare_revistas_operator.py
[2023-08-01 23:03:21,380] {processor.py:161} INFO - Processing /opt/airflow/dags/prepare_revistas_operator.py took 0.625 seconds
[2023-08-01 23:03:52,326] {processor.py:153} INFO - Started process (PID=883) to work on /opt/airflow/dags/prepare_revistas_operator.py
[2023-08-01 23:03:52,328] {processor.py:641} INFO - Processing file /opt/airflow/dags/prepare_revistas_operator.py for tasks to queue
[2023-08-01 23:03:52,329] {logging_mixin.py:115} INFO - [2023-08-01 23:03:52,329] {dagbag.py:508} INFO - Filling up the DagBag from /opt/airflow/dags/prepare_revistas_operator.py
[2023-08-01 23:03:52,956] {processor.py:653} WARNING - No viable dags retrieved from /opt/airflow/dags/prepare_revistas_operator.py
[2023-08-01 23:03:52,992] {processor.py:161} INFO - Processing /opt/airflow/dags/prepare_revistas_operator.py took 0.672 seconds
[2023-08-01 23:04:24,001] {processor.py:153} INFO - Started process (PID=940) to work on /opt/airflow/dags/prepare_revistas_operator.py
[2023-08-01 23:04:24,003] {processor.py:641} INFO - Processing file /opt/airflow/dags/prepare_revistas_operator.py for tasks to queue
[2023-08-01 23:04:24,006] {logging_mixin.py:115} INFO - [2023-08-01 23:04:24,006] {dagbag.py:508} INFO - Filling up the DagBag from /opt/airflow/dags/prepare_revistas_operator.py
[2023-08-01 23:04:24,544] {processor.py:653} WARNING - No viable dags retrieved from /opt/airflow/dags/prepare_revistas_operator.py
[2023-08-01 23:04:24,563] {processor.py:161} INFO - Processing /opt/airflow/dags/prepare_revistas_operator.py took 0.570 seconds
[2023-08-01 23:04:55,061] {processor.py:153} INFO - Started process (PID=995) to work on /opt/airflow/dags/prepare_revistas_operator.py
[2023-08-01 23:04:55,062] {processor.py:641} INFO - Processing file /opt/airflow/dags/prepare_revistas_operator.py for tasks to queue
[2023-08-01 23:04:55,064] {logging_mixin.py:115} INFO - [2023-08-01 23:04:55,064] {dagbag.py:508} INFO - Filling up the DagBag from /opt/airflow/dags/prepare_revistas_operator.py
[2023-08-01 23:04:55,705] {processor.py:653} WARNING - No viable dags retrieved from /opt/airflow/dags/prepare_revistas_operator.py
[2023-08-01 23:04:55,728] {processor.py:161} INFO - Processing /opt/airflow/dags/prepare_revistas_operator.py took 0.675 seconds
[2023-08-01 23:05:26,114] {processor.py:153} INFO - Started process (PID=1044) to work on /opt/airflow/dags/prepare_revistas_operator.py
[2023-08-01 23:05:26,117] {processor.py:641} INFO - Processing file /opt/airflow/dags/prepare_revistas_operator.py for tasks to queue
[2023-08-01 23:05:26,119] {logging_mixin.py:115} INFO - [2023-08-01 23:05:26,119] {dagbag.py:508} INFO - Filling up the DagBag from /opt/airflow/dags/prepare_revistas_operator.py
[2023-08-01 23:05:26,912] {processor.py:653} WARNING - No viable dags retrieved from /opt/airflow/dags/prepare_revistas_operator.py
[2023-08-01 23:05:26,977] {processor.py:161} INFO - Processing /opt/airflow/dags/prepare_revistas_operator.py took 0.873 seconds
[2023-08-01 23:05:57,514] {processor.py:153} INFO - Started process (PID=1101) to work on /opt/airflow/dags/prepare_revistas_operator.py
[2023-08-01 23:05:57,517] {processor.py:641} INFO - Processing file /opt/airflow/dags/prepare_revistas_operator.py for tasks to queue
[2023-08-01 23:05:57,518] {logging_mixin.py:115} INFO - [2023-08-01 23:05:57,518] {dagbag.py:508} INFO - Filling up the DagBag from /opt/airflow/dags/prepare_revistas_operator.py
[2023-08-01 23:05:58,149] {processor.py:653} WARNING - No viable dags retrieved from /opt/airflow/dags/prepare_revistas_operator.py
[2023-08-01 23:05:58,167] {processor.py:161} INFO - Processing /opt/airflow/dags/prepare_revistas_operator.py took 0.662 seconds
[2023-08-01 23:06:28,388] {processor.py:153} INFO - Started process (PID=1158) to work on /opt/airflow/dags/prepare_revistas_operator.py
[2023-08-01 23:06:28,390] {processor.py:641} INFO - Processing file /opt/airflow/dags/prepare_revistas_operator.py for tasks to queue
[2023-08-01 23:06:28,391] {logging_mixin.py:115} INFO - [2023-08-01 23:06:28,391] {dagbag.py:508} INFO - Filling up the DagBag from /opt/airflow/dags/prepare_revistas_operator.py
[2023-08-01 23:06:29,032] {processor.py:653} WARNING - No viable dags retrieved from /opt/airflow/dags/prepare_revistas_operator.py
[2023-08-01 23:06:29,053] {processor.py:161} INFO - Processing /opt/airflow/dags/prepare_revistas_operator.py took 0.671 seconds
[2023-08-01 23:06:59,341] {processor.py:153} INFO - Started process (PID=1216) to work on /opt/airflow/dags/prepare_revistas_operator.py
[2023-08-01 23:06:59,344] {processor.py:641} INFO - Processing file /opt/airflow/dags/prepare_revistas_operator.py for tasks to queue
[2023-08-01 23:06:59,345] {logging_mixin.py:115} INFO - [2023-08-01 23:06:59,345] {dagbag.py:508} INFO - Filling up the DagBag from /opt/airflow/dags/prepare_revistas_operator.py
[2023-08-01 23:06:59,938] {processor.py:653} WARNING - No viable dags retrieved from /opt/airflow/dags/prepare_revistas_operator.py
[2023-08-01 23:06:59,956] {processor.py:161} INFO - Processing /opt/airflow/dags/prepare_revistas_operator.py took 0.626 seconds
[2023-08-01 23:07:30,135] {processor.py:153} INFO - Started process (PID=1273) to work on /opt/airflow/dags/prepare_revistas_operator.py
[2023-08-01 23:07:30,137] {processor.py:641} INFO - Processing file /opt/airflow/dags/prepare_revistas_operator.py for tasks to queue
[2023-08-01 23:07:30,138] {logging_mixin.py:115} INFO - [2023-08-01 23:07:30,138] {dagbag.py:508} INFO - Filling up the DagBag from /opt/airflow/dags/prepare_revistas_operator.py
[2023-08-01 23:07:30,813] {processor.py:653} WARNING - No viable dags retrieved from /opt/airflow/dags/prepare_revistas_operator.py
[2023-08-01 23:07:30,848] {processor.py:161} INFO - Processing /opt/airflow/dags/prepare_revistas_operator.py took 0.719 seconds
[2023-08-01 23:08:01,257] {processor.py:153} INFO - Started process (PID=1321) to work on /opt/airflow/dags/prepare_revistas_operator.py
[2023-08-01 23:08:01,260] {processor.py:641} INFO - Processing file /opt/airflow/dags/prepare_revistas_operator.py for tasks to queue
[2023-08-01 23:08:01,261] {logging_mixin.py:115} INFO - [2023-08-01 23:08:01,261] {dagbag.py:508} INFO - Filling up the DagBag from /opt/airflow/dags/prepare_revistas_operator.py
[2023-08-01 23:08:02,115] {processor.py:653} WARNING - No viable dags retrieved from /opt/airflow/dags/prepare_revistas_operator.py
[2023-08-01 23:08:02,147] {processor.py:161} INFO - Processing /opt/airflow/dags/prepare_revistas_operator.py took 0.899 seconds
[2023-08-01 23:08:32,334] {processor.py:153} INFO - Started process (PID=1378) to work on /opt/airflow/dags/prepare_revistas_operator.py
[2023-08-01 23:08:32,336] {processor.py:641} INFO - Processing file /opt/airflow/dags/prepare_revistas_operator.py for tasks to queue
[2023-08-01 23:08:32,337] {logging_mixin.py:115} INFO - [2023-08-01 23:08:32,337] {dagbag.py:508} INFO - Filling up the DagBag from /opt/airflow/dags/prepare_revistas_operator.py
[2023-08-01 23:08:32,882] {processor.py:653} WARNING - No viable dags retrieved from /opt/airflow/dags/prepare_revistas_operator.py
[2023-08-01 23:08:32,899] {processor.py:161} INFO - Processing /opt/airflow/dags/prepare_revistas_operator.py took 0.571 seconds
[2023-08-01 23:09:03,693] {processor.py:153} INFO - Started process (PID=1442) to work on /opt/airflow/dags/prepare_revistas_operator.py
[2023-08-01 23:09:03,697] {processor.py:641} INFO - Processing file /opt/airflow/dags/prepare_revistas_operator.py for tasks to queue
[2023-08-01 23:09:03,701] {logging_mixin.py:115} INFO - [2023-08-01 23:09:03,701] {dagbag.py:508} INFO - Filling up the DagBag from /opt/airflow/dags/prepare_revistas_operator.py
[2023-08-01 23:09:04,375] {processor.py:653} WARNING - No viable dags retrieved from /opt/airflow/dags/prepare_revistas_operator.py
[2023-08-01 23:09:04,401] {processor.py:161} INFO - Processing /opt/airflow/dags/prepare_revistas_operator.py took 0.716 seconds
[2023-08-01 23:09:34,712] {processor.py:153} INFO - Started process (PID=1508) to work on /opt/airflow/dags/prepare_revistas_operator.py
[2023-08-01 23:09:34,714] {processor.py:641} INFO - Processing file /opt/airflow/dags/prepare_revistas_operator.py for tasks to queue
[2023-08-01 23:09:34,717] {logging_mixin.py:115} INFO - [2023-08-01 23:09:34,717] {dagbag.py:508} INFO - Filling up the DagBag from /opt/airflow/dags/prepare_revistas_operator.py
[2023-08-01 23:09:35,571] {processor.py:653} WARNING - No viable dags retrieved from /opt/airflow/dags/prepare_revistas_operator.py
[2023-08-01 23:09:35,605] {processor.py:161} INFO - Processing /opt/airflow/dags/prepare_revistas_operator.py took 0.898 seconds
[2023-08-01 23:10:05,908] {processor.py:153} INFO - Started process (PID=1556) to work on /opt/airflow/dags/prepare_revistas_operator.py
[2023-08-01 23:10:05,911] {processor.py:641} INFO - Processing file /opt/airflow/dags/prepare_revistas_operator.py for tasks to queue
[2023-08-01 23:10:05,913] {logging_mixin.py:115} INFO - [2023-08-01 23:10:05,913] {dagbag.py:508} INFO - Filling up the DagBag from /opt/airflow/dags/prepare_revistas_operator.py
[2023-08-01 23:10:06,382] {processor.py:653} WARNING - No viable dags retrieved from /opt/airflow/dags/prepare_revistas_operator.py
[2023-08-01 23:10:06,398] {processor.py:161} INFO - Processing /opt/airflow/dags/prepare_revistas_operator.py took 0.509 seconds
[2023-08-01 23:10:36,503] {processor.py:153} INFO - Started process (PID=1613) to work on /opt/airflow/dags/prepare_revistas_operator.py
[2023-08-01 23:10:36,505] {processor.py:641} INFO - Processing file /opt/airflow/dags/prepare_revistas_operator.py for tasks to queue
[2023-08-01 23:10:36,507] {logging_mixin.py:115} INFO - [2023-08-01 23:10:36,507] {dagbag.py:508} INFO - Filling up the DagBag from /opt/airflow/dags/prepare_revistas_operator.py
[2023-08-01 23:10:37,232] {processor.py:653} WARNING - No viable dags retrieved from /opt/airflow/dags/prepare_revistas_operator.py
[2023-08-01 23:10:37,259] {processor.py:161} INFO - Processing /opt/airflow/dags/prepare_revistas_operator.py took 0.762 seconds
[2023-08-01 23:11:07,709] {processor.py:153} INFO - Started process (PID=1670) to work on /opt/airflow/dags/prepare_revistas_operator.py
[2023-08-01 23:11:07,712] {processor.py:641} INFO - Processing file /opt/airflow/dags/prepare_revistas_operator.py for tasks to queue
[2023-08-01 23:11:07,713] {logging_mixin.py:115} INFO - [2023-08-01 23:11:07,713] {dagbag.py:508} INFO - Filling up the DagBag from /opt/airflow/dags/prepare_revistas_operator.py
[2023-08-01 23:11:08,248] {processor.py:653} WARNING - No viable dags retrieved from /opt/airflow/dags/prepare_revistas_operator.py
[2023-08-01 23:11:08,265] {processor.py:161} INFO - Processing /opt/airflow/dags/prepare_revistas_operator.py took 0.566 seconds
[2023-08-01 23:11:38,451] {processor.py:153} INFO - Started process (PID=1726) to work on /opt/airflow/dags/prepare_revistas_operator.py
[2023-08-01 23:11:38,453] {processor.py:641} INFO - Processing file /opt/airflow/dags/prepare_revistas_operator.py for tasks to queue
[2023-08-01 23:11:38,454] {logging_mixin.py:115} INFO - [2023-08-01 23:11:38,454] {dagbag.py:508} INFO - Filling up the DagBag from /opt/airflow/dags/prepare_revistas_operator.py
[2023-08-01 23:11:39,121] {processor.py:653} WARNING - No viable dags retrieved from /opt/airflow/dags/prepare_revistas_operator.py
[2023-08-01 23:11:39,146] {processor.py:161} INFO - Processing /opt/airflow/dags/prepare_revistas_operator.py took 0.702 seconds
[2023-08-01 23:12:09,428] {processor.py:153} INFO - Started process (PID=1776) to work on /opt/airflow/dags/prepare_revistas_operator.py
[2023-08-01 23:12:09,432] {processor.py:641} INFO - Processing file /opt/airflow/dags/prepare_revistas_operator.py for tasks to queue
[2023-08-01 23:12:09,435] {logging_mixin.py:115} INFO - [2023-08-01 23:12:09,435] {dagbag.py:508} INFO - Filling up the DagBag from /opt/airflow/dags/prepare_revistas_operator.py
[2023-08-01 23:12:10,037] {processor.py:653} WARNING - No viable dags retrieved from /opt/airflow/dags/prepare_revistas_operator.py
[2023-08-01 23:12:10,063] {processor.py:161} INFO - Processing /opt/airflow/dags/prepare_revistas_operator.py took 0.678 seconds
[2023-08-01 23:12:40,214] {processor.py:153} INFO - Started process (PID=1833) to work on /opt/airflow/dags/prepare_revistas_operator.py
[2023-08-01 23:12:40,216] {processor.py:641} INFO - Processing file /opt/airflow/dags/prepare_revistas_operator.py for tasks to queue
[2023-08-01 23:12:40,218] {logging_mixin.py:115} INFO - [2023-08-01 23:12:40,218] {dagbag.py:508} INFO - Filling up the DagBag from /opt/airflow/dags/prepare_revistas_operator.py
[2023-08-01 23:12:40,688] {processor.py:653} WARNING - No viable dags retrieved from /opt/airflow/dags/prepare_revistas_operator.py
[2023-08-01 23:12:40,706] {processor.py:161} INFO - Processing /opt/airflow/dags/prepare_revistas_operator.py took 0.500 seconds
[2023-08-01 23:13:11,178] {processor.py:153} INFO - Started process (PID=1890) to work on /opt/airflow/dags/prepare_revistas_operator.py
[2023-08-01 23:13:11,180] {processor.py:641} INFO - Processing file /opt/airflow/dags/prepare_revistas_operator.py for tasks to queue
[2023-08-01 23:13:11,181] {logging_mixin.py:115} INFO - [2023-08-01 23:13:11,181] {dagbag.py:508} INFO - Filling up the DagBag from /opt/airflow/dags/prepare_revistas_operator.py
[2023-08-01 23:13:11,741] {processor.py:653} WARNING - No viable dags retrieved from /opt/airflow/dags/prepare_revistas_operator.py
[2023-08-01 23:13:11,764] {processor.py:161} INFO - Processing /opt/airflow/dags/prepare_revistas_operator.py took 0.594 seconds
[2023-08-01 23:13:42,115] {processor.py:153} INFO - Started process (PID=1947) to work on /opt/airflow/dags/prepare_revistas_operator.py
[2023-08-01 23:13:42,117] {processor.py:641} INFO - Processing file /opt/airflow/dags/prepare_revistas_operator.py for tasks to queue
[2023-08-01 23:13:42,119] {logging_mixin.py:115} INFO - [2023-08-01 23:13:42,119] {dagbag.py:508} INFO - Filling up the DagBag from /opt/airflow/dags/prepare_revistas_operator.py
[2023-08-01 23:13:42,606] {processor.py:653} WARNING - No viable dags retrieved from /opt/airflow/dags/prepare_revistas_operator.py
[2023-08-01 23:13:42,622] {processor.py:161} INFO - Processing /opt/airflow/dags/prepare_revistas_operator.py took 0.517 seconds
[2023-08-01 23:14:12,894] {processor.py:153} INFO - Started process (PID=1995) to work on /opt/airflow/dags/prepare_revistas_operator.py
[2023-08-01 23:14:12,897] {processor.py:641} INFO - Processing file /opt/airflow/dags/prepare_revistas_operator.py for tasks to queue
[2023-08-01 23:14:12,899] {logging_mixin.py:115} INFO - [2023-08-01 23:14:12,899] {dagbag.py:508} INFO - Filling up the DagBag from /opt/airflow/dags/prepare_revistas_operator.py
[2023-08-01 23:14:13,663] {processor.py:653} WARNING - No viable dags retrieved from /opt/airflow/dags/prepare_revistas_operator.py
[2023-08-01 23:14:13,708] {processor.py:161} INFO - Processing /opt/airflow/dags/prepare_revistas_operator.py took 0.823 seconds
[2023-08-01 23:14:44,069] {processor.py:153} INFO - Started process (PID=2051) to work on /opt/airflow/dags/prepare_revistas_operator.py
[2023-08-01 23:14:44,071] {processor.py:641} INFO - Processing file /opt/airflow/dags/prepare_revistas_operator.py for tasks to queue
[2023-08-01 23:14:44,072] {logging_mixin.py:115} INFO - [2023-08-01 23:14:44,072] {dagbag.py:508} INFO - Filling up the DagBag from /opt/airflow/dags/prepare_revistas_operator.py
[2023-08-01 23:14:44,473] {processor.py:653} WARNING - No viable dags retrieved from /opt/airflow/dags/prepare_revistas_operator.py
[2023-08-01 23:14:44,492] {processor.py:161} INFO - Processing /opt/airflow/dags/prepare_revistas_operator.py took 0.441 seconds
[2023-08-01 23:15:15,025] {processor.py:153} INFO - Started process (PID=2107) to work on /opt/airflow/dags/prepare_revistas_operator.py
[2023-08-01 23:15:15,027] {processor.py:641} INFO - Processing file /opt/airflow/dags/prepare_revistas_operator.py for tasks to queue
[2023-08-01 23:15:15,029] {logging_mixin.py:115} INFO - [2023-08-01 23:15:15,028] {dagbag.py:508} INFO - Filling up the DagBag from /opt/airflow/dags/prepare_revistas_operator.py
[2023-08-01 23:15:15,621] {processor.py:653} WARNING - No viable dags retrieved from /opt/airflow/dags/prepare_revistas_operator.py
[2023-08-01 23:15:15,644] {processor.py:161} INFO - Processing /opt/airflow/dags/prepare_revistas_operator.py took 0.627 seconds
[2023-08-01 23:15:45,939] {processor.py:153} INFO - Started process (PID=2164) to work on /opt/airflow/dags/prepare_revistas_operator.py
[2023-08-01 23:15:45,943] {processor.py:641} INFO - Processing file /opt/airflow/dags/prepare_revistas_operator.py for tasks to queue
[2023-08-01 23:15:45,946] {logging_mixin.py:115} INFO - [2023-08-01 23:15:45,945] {dagbag.py:508} INFO - Filling up the DagBag from /opt/airflow/dags/prepare_revistas_operator.py
[2023-08-01 23:15:46,472] {processor.py:653} WARNING - No viable dags retrieved from /opt/airflow/dags/prepare_revistas_operator.py
[2023-08-01 23:15:46,489] {processor.py:161} INFO - Processing /opt/airflow/dags/prepare_revistas_operator.py took 0.558 seconds
[2023-08-01 23:16:16,868] {processor.py:153} INFO - Started process (PID=2221) to work on /opt/airflow/dags/prepare_revistas_operator.py
[2023-08-01 23:16:16,871] {processor.py:641} INFO - Processing file /opt/airflow/dags/prepare_revistas_operator.py for tasks to queue
[2023-08-01 23:16:16,872] {logging_mixin.py:115} INFO - [2023-08-01 23:16:16,872] {dagbag.py:508} INFO - Filling up the DagBag from /opt/airflow/dags/prepare_revistas_operator.py
[2023-08-01 23:16:17,533] {processor.py:653} WARNING - No viable dags retrieved from /opt/airflow/dags/prepare_revistas_operator.py
[2023-08-01 23:16:17,547] {processor.py:161} INFO - Processing /opt/airflow/dags/prepare_revistas_operator.py took 0.688 seconds
[2023-08-01 23:16:47,915] {processor.py:153} INFO - Started process (PID=2269) to work on /opt/airflow/dags/prepare_revistas_operator.py
[2023-08-01 23:16:47,917] {processor.py:641} INFO - Processing file /opt/airflow/dags/prepare_revistas_operator.py for tasks to queue
[2023-08-01 23:16:47,919] {logging_mixin.py:115} INFO - [2023-08-01 23:16:47,919] {dagbag.py:508} INFO - Filling up the DagBag from /opt/airflow/dags/prepare_revistas_operator.py
[2023-08-01 23:16:48,288] {processor.py:653} WARNING - No viable dags retrieved from /opt/airflow/dags/prepare_revistas_operator.py
[2023-08-01 23:16:48,306] {processor.py:161} INFO - Processing /opt/airflow/dags/prepare_revistas_operator.py took 0.399 seconds
[2023-08-01 23:17:18,763] {processor.py:153} INFO - Started process (PID=2326) to work on /opt/airflow/dags/prepare_revistas_operator.py
[2023-08-01 23:17:18,765] {processor.py:641} INFO - Processing file /opt/airflow/dags/prepare_revistas_operator.py for tasks to queue
[2023-08-01 23:17:18,769] {logging_mixin.py:115} INFO - [2023-08-01 23:17:18,769] {dagbag.py:508} INFO - Filling up the DagBag from /opt/airflow/dags/prepare_revistas_operator.py
[2023-08-01 23:17:19,315] {processor.py:653} WARNING - No viable dags retrieved from /opt/airflow/dags/prepare_revistas_operator.py
[2023-08-01 23:17:19,332] {processor.py:161} INFO - Processing /opt/airflow/dags/prepare_revistas_operator.py took 0.577 seconds
[2023-08-01 23:17:49,675] {processor.py:153} INFO - Started process (PID=2383) to work on /opt/airflow/dags/prepare_revistas_operator.py
[2023-08-01 23:17:49,676] {processor.py:641} INFO - Processing file /opt/airflow/dags/prepare_revistas_operator.py for tasks to queue
[2023-08-01 23:17:49,678] {logging_mixin.py:115} INFO - [2023-08-01 23:17:49,678] {dagbag.py:508} INFO - Filling up the DagBag from /opt/airflow/dags/prepare_revistas_operator.py
[2023-08-01 23:17:50,198] {processor.py:653} WARNING - No viable dags retrieved from /opt/airflow/dags/prepare_revistas_operator.py
[2023-08-01 23:17:50,220] {processor.py:161} INFO - Processing /opt/airflow/dags/prepare_revistas_operator.py took 0.553 seconds
[2023-08-01 23:18:20,655] {processor.py:153} INFO - Started process (PID=2440) to work on /opt/airflow/dags/prepare_revistas_operator.py
[2023-08-01 23:18:20,657] {processor.py:641} INFO - Processing file /opt/airflow/dags/prepare_revistas_operator.py for tasks to queue
[2023-08-01 23:18:20,658] {logging_mixin.py:115} INFO - [2023-08-01 23:18:20,658] {dagbag.py:508} INFO - Filling up the DagBag from /opt/airflow/dags/prepare_revistas_operator.py
[2023-08-01 23:18:21,337] {processor.py:653} WARNING - No viable dags retrieved from /opt/airflow/dags/prepare_revistas_operator.py
[2023-08-01 23:18:21,354] {processor.py:161} INFO - Processing /opt/airflow/dags/prepare_revistas_operator.py took 0.706 seconds
[2023-08-01 23:18:51,876] {processor.py:153} INFO - Started process (PID=2488) to work on /opt/airflow/dags/prepare_revistas_operator.py
[2023-08-01 23:18:51,879] {processor.py:641} INFO - Processing file /opt/airflow/dags/prepare_revistas_operator.py for tasks to queue
[2023-08-01 23:18:51,881] {logging_mixin.py:115} INFO - [2023-08-01 23:18:51,881] {dagbag.py:508} INFO - Filling up the DagBag from /opt/airflow/dags/prepare_revistas_operator.py
[2023-08-01 23:18:52,744] {processor.py:653} WARNING - No viable dags retrieved from /opt/airflow/dags/prepare_revistas_operator.py
[2023-08-01 23:18:52,763] {processor.py:161} INFO - Processing /opt/airflow/dags/prepare_revistas_operator.py took 0.911 seconds
[2023-08-01 23:19:23,064] {processor.py:153} INFO - Started process (PID=2545) to work on /opt/airflow/dags/prepare_revistas_operator.py
[2023-08-01 23:19:23,067] {processor.py:641} INFO - Processing file /opt/airflow/dags/prepare_revistas_operator.py for tasks to queue
[2023-08-01 23:19:23,068] {logging_mixin.py:115} INFO - [2023-08-01 23:19:23,068] {dagbag.py:508} INFO - Filling up the DagBag from /opt/airflow/dags/prepare_revistas_operator.py
[2023-08-01 23:19:24,007] {processor.py:653} WARNING - No viable dags retrieved from /opt/airflow/dags/prepare_revistas_operator.py
[2023-08-01 23:19:24,034] {processor.py:161} INFO - Processing /opt/airflow/dags/prepare_revistas_operator.py took 0.992 seconds
[2023-08-01 23:19:54,421] {processor.py:153} INFO - Started process (PID=2602) to work on /opt/airflow/dags/prepare_revistas_operator.py
[2023-08-01 23:19:54,423] {processor.py:641} INFO - Processing file /opt/airflow/dags/prepare_revistas_operator.py for tasks to queue
[2023-08-01 23:19:54,424] {logging_mixin.py:115} INFO - [2023-08-01 23:19:54,424] {dagbag.py:508} INFO - Filling up the DagBag from /opt/airflow/dags/prepare_revistas_operator.py
[2023-08-01 23:19:54,986] {processor.py:653} WARNING - No viable dags retrieved from /opt/airflow/dags/prepare_revistas_operator.py
[2023-08-01 23:19:55,007] {processor.py:161} INFO - Processing /opt/airflow/dags/prepare_revistas_operator.py took 0.594 seconds
[2023-08-01 23:20:25,450] {processor.py:153} INFO - Started process (PID=2651) to work on /opt/airflow/dags/prepare_revistas_operator.py
[2023-08-01 23:20:25,454] {processor.py:641} INFO - Processing file /opt/airflow/dags/prepare_revistas_operator.py for tasks to queue
[2023-08-01 23:20:25,456] {logging_mixin.py:115} INFO - [2023-08-01 23:20:25,456] {dagbag.py:508} INFO - Filling up the DagBag from /opt/airflow/dags/prepare_revistas_operator.py
[2023-08-01 23:20:26,316] {processor.py:653} WARNING - No viable dags retrieved from /opt/airflow/dags/prepare_revistas_operator.py
[2023-08-01 23:20:26,338] {processor.py:161} INFO - Processing /opt/airflow/dags/prepare_revistas_operator.py took 0.896 seconds
[2023-08-01 23:20:56,513] {processor.py:153} INFO - Started process (PID=2706) to work on /opt/airflow/dags/prepare_revistas_operator.py
[2023-08-01 23:20:56,520] {processor.py:641} INFO - Processing file /opt/airflow/dags/prepare_revistas_operator.py for tasks to queue
[2023-08-01 23:20:56,523] {logging_mixin.py:115} INFO - [2023-08-01 23:20:56,523] {dagbag.py:508} INFO - Filling up the DagBag from /opt/airflow/dags/prepare_revistas_operator.py
[2023-08-01 23:20:57,515] {processor.py:653} WARNING - No viable dags retrieved from /opt/airflow/dags/prepare_revistas_operator.py
[2023-08-01 23:20:57,556] {processor.py:161} INFO - Processing /opt/airflow/dags/prepare_revistas_operator.py took 1.075 seconds
[2023-08-01 23:21:28,568] {processor.py:153} INFO - Started process (PID=2764) to work on /opt/airflow/dags/prepare_revistas_operator.py
[2023-08-01 23:21:28,571] {processor.py:641} INFO - Processing file /opt/airflow/dags/prepare_revistas_operator.py for tasks to queue
[2023-08-01 23:21:28,572] {logging_mixin.py:115} INFO - [2023-08-01 23:21:28,572] {dagbag.py:508} INFO - Filling up the DagBag from /opt/airflow/dags/prepare_revistas_operator.py
[2023-08-01 23:21:28,823] {processor.py:653} WARNING - No viable dags retrieved from /opt/airflow/dags/prepare_revistas_operator.py
[2023-08-01 23:21:28,856] {processor.py:161} INFO - Processing /opt/airflow/dags/prepare_revistas_operator.py took 0.866 seconds
[2023-08-01 23:21:59,451] {processor.py:153} INFO - Started process (PID=2821) to work on /opt/airflow/dags/prepare_revistas_operator.py
[2023-08-01 23:21:59,453] {processor.py:641} INFO - Processing file /opt/airflow/dags/prepare_revistas_operator.py for tasks to queue
[2023-08-01 23:21:59,454] {logging_mixin.py:115} INFO - [2023-08-01 23:21:59,454] {dagbag.py:508} INFO - Filling up the DagBag from /opt/airflow/dags/prepare_revistas_operator.py
[2023-08-01 23:21:59,691] {processor.py:653} WARNING - No viable dags retrieved from /opt/airflow/dags/prepare_revistas_operator.py
[2023-08-01 23:21:59,710] {processor.py:161} INFO - Processing /opt/airflow/dags/prepare_revistas_operator.py took 0.641 seconds
[2023-08-01 23:22:30,391] {processor.py:153} INFO - Started process (PID=2878) to work on /opt/airflow/dags/prepare_revistas_operator.py
[2023-08-01 23:22:30,393] {processor.py:641} INFO - Processing file /opt/airflow/dags/prepare_revistas_operator.py for tasks to queue
[2023-08-01 23:22:30,394] {logging_mixin.py:115} INFO - [2023-08-01 23:22:30,394] {dagbag.py:508} INFO - Filling up the DagBag from /opt/airflow/dags/prepare_revistas_operator.py
[2023-08-01 23:22:30,652] {processor.py:653} WARNING - No viable dags retrieved from /opt/airflow/dags/prepare_revistas_operator.py
[2023-08-01 23:22:30,667] {processor.py:161} INFO - Processing /opt/airflow/dags/prepare_revistas_operator.py took 0.678 seconds
[2023-08-01 23:23:00,869] {processor.py:153} INFO - Started process (PID=2927) to work on /opt/airflow/dags/prepare_revistas_operator.py
[2023-08-01 23:23:00,872] {processor.py:641} INFO - Processing file /opt/airflow/dags/prepare_revistas_operator.py for tasks to queue
[2023-08-01 23:23:00,875] {logging_mixin.py:115} INFO - [2023-08-01 23:23:00,875] {dagbag.py:508} INFO - Filling up the DagBag from /opt/airflow/dags/prepare_revistas_operator.py
[2023-08-01 23:23:01,366] {processor.py:653} WARNING - No viable dags retrieved from /opt/airflow/dags/prepare_revistas_operator.py
[2023-08-01 23:23:01,419] {processor.py:161} INFO - Processing /opt/airflow/dags/prepare_revistas_operator.py took 0.562 seconds
[2023-08-01 23:23:31,836] {processor.py:153} INFO - Started process (PID=2983) to work on /opt/airflow/dags/prepare_revistas_operator.py
[2023-08-01 23:23:31,838] {processor.py:641} INFO - Processing file /opt/airflow/dags/prepare_revistas_operator.py for tasks to queue
[2023-08-01 23:23:31,839] {logging_mixin.py:115} INFO - [2023-08-01 23:23:31,839] {dagbag.py:508} INFO - Filling up the DagBag from /opt/airflow/dags/prepare_revistas_operator.py
[2023-08-01 23:23:32,042] {processor.py:653} WARNING - No viable dags retrieved from /opt/airflow/dags/prepare_revistas_operator.py
[2023-08-01 23:23:32,069] {processor.py:161} INFO - Processing /opt/airflow/dags/prepare_revistas_operator.py took 0.243 seconds
[2023-08-01 23:24:02,479] {processor.py:153} INFO - Started process (PID=3040) to work on /opt/airflow/dags/prepare_revistas_operator.py
[2023-08-01 23:24:02,484] {processor.py:641} INFO - Processing file /opt/airflow/dags/prepare_revistas_operator.py for tasks to queue
[2023-08-01 23:24:02,489] {logging_mixin.py:115} INFO - [2023-08-01 23:24:02,489] {dagbag.py:508} INFO - Filling up the DagBag from /opt/airflow/dags/prepare_revistas_operator.py
[2023-08-01 23:24:02,743] {processor.py:653} WARNING - No viable dags retrieved from /opt/airflow/dags/prepare_revistas_operator.py
[2023-08-01 23:24:02,770] {processor.py:161} INFO - Processing /opt/airflow/dags/prepare_revistas_operator.py took 0.312 seconds
[2023-08-01 23:24:32,855] {processor.py:153} INFO - Started process (PID=3097) to work on /opt/airflow/dags/prepare_revistas_operator.py
[2023-08-01 23:24:32,857] {processor.py:641} INFO - Processing file /opt/airflow/dags/prepare_revistas_operator.py for tasks to queue
[2023-08-01 23:24:32,859] {logging_mixin.py:115} INFO - [2023-08-01 23:24:32,858] {dagbag.py:508} INFO - Filling up the DagBag from /opt/airflow/dags/prepare_revistas_operator.py
[2023-08-01 23:24:33,273] {processor.py:653} WARNING - No viable dags retrieved from /opt/airflow/dags/prepare_revistas_operator.py
[2023-08-01 23:24:33,311] {processor.py:161} INFO - Processing /opt/airflow/dags/prepare_revistas_operator.py took 0.465 seconds
[2023-08-01 23:25:03,630] {processor.py:153} INFO - Started process (PID=3145) to work on /opt/airflow/dags/prepare_revistas_operator.py
[2023-08-01 23:25:03,633] {processor.py:641} INFO - Processing file /opt/airflow/dags/prepare_revistas_operator.py for tasks to queue
[2023-08-01 23:25:03,635] {logging_mixin.py:115} INFO - [2023-08-01 23:25:03,635] {dagbag.py:508} INFO - Filling up the DagBag from /opt/airflow/dags/prepare_revistas_operator.py
[2023-08-01 23:25:03,920] {processor.py:653} WARNING - No viable dags retrieved from /opt/airflow/dags/prepare_revistas_operator.py
[2023-08-01 23:25:03,968] {processor.py:161} INFO - Processing /opt/airflow/dags/prepare_revistas_operator.py took 0.349 seconds
[2023-08-01 23:25:34,907] {processor.py:153} INFO - Started process (PID=3202) to work on /opt/airflow/dags/prepare_revistas_operator.py
[2023-08-01 23:25:34,910] {processor.py:641} INFO - Processing file /opt/airflow/dags/prepare_revistas_operator.py for tasks to queue
[2023-08-01 23:25:34,912] {logging_mixin.py:115} INFO - [2023-08-01 23:25:34,912] {dagbag.py:508} INFO - Filling up the DagBag from /opt/airflow/dags/prepare_revistas_operator.py
[2023-08-01 23:25:35,189] {processor.py:653} WARNING - No viable dags retrieved from /opt/airflow/dags/prepare_revistas_operator.py
[2023-08-01 23:25:35,232] {processor.py:161} INFO - Processing /opt/airflow/dags/prepare_revistas_operator.py took 0.336 seconds
[2023-08-01 23:26:05,318] {processor.py:153} INFO - Started process (PID=3259) to work on /opt/airflow/dags/prepare_revistas_operator.py
[2023-08-01 23:26:05,320] {processor.py:641} INFO - Processing file /opt/airflow/dags/prepare_revistas_operator.py for tasks to queue
[2023-08-01 23:26:05,321] {logging_mixin.py:115} INFO - [2023-08-01 23:26:05,321] {dagbag.py:508} INFO - Filling up the DagBag from /opt/airflow/dags/prepare_revistas_operator.py
[2023-08-01 23:26:05,585] {processor.py:653} WARNING - No viable dags retrieved from /opt/airflow/dags/prepare_revistas_operator.py
[2023-08-01 23:26:05,610] {processor.py:161} INFO - Processing /opt/airflow/dags/prepare_revistas_operator.py took 0.300 seconds
[2023-08-01 23:26:35,806] {processor.py:153} INFO - Started process (PID=3316) to work on /opt/airflow/dags/prepare_revistas_operator.py
[2023-08-01 23:26:35,808] {processor.py:641} INFO - Processing file /opt/airflow/dags/prepare_revistas_operator.py for tasks to queue
[2023-08-01 23:26:35,810] {logging_mixin.py:115} INFO - [2023-08-01 23:26:35,810] {dagbag.py:508} INFO - Filling up the DagBag from /opt/airflow/dags/prepare_revistas_operator.py
[2023-08-01 23:26:36,084] {processor.py:653} WARNING - No viable dags retrieved from /opt/airflow/dags/prepare_revistas_operator.py
[2023-08-01 23:26:36,106] {processor.py:161} INFO - Processing /opt/airflow/dags/prepare_revistas_operator.py took 0.306 seconds
[2023-08-01 23:27:06,441] {processor.py:153} INFO - Started process (PID=3374) to work on /opt/airflow/dags/prepare_revistas_operator.py
[2023-08-01 23:27:06,451] {processor.py:641} INFO - Processing file /opt/airflow/dags/prepare_revistas_operator.py for tasks to queue
[2023-08-01 23:27:06,455] {logging_mixin.py:115} INFO - [2023-08-01 23:27:06,454] {dagbag.py:508} INFO - Filling up the DagBag from /opt/airflow/dags/prepare_revistas_operator.py
[2023-08-01 23:27:07,204] {processor.py:653} WARNING - No viable dags retrieved from /opt/airflow/dags/prepare_revistas_operator.py
[2023-08-01 23:27:07,322] {processor.py:161} INFO - Processing /opt/airflow/dags/prepare_revistas_operator.py took 0.897 seconds
[2023-08-01 23:27:38,255] {processor.py:153} INFO - Started process (PID=3431) to work on /opt/airflow/dags/prepare_revistas_operator.py
[2023-08-01 23:27:38,257] {processor.py:641} INFO - Processing file /opt/airflow/dags/prepare_revistas_operator.py for tasks to queue
[2023-08-01 23:27:38,259] {logging_mixin.py:115} INFO - [2023-08-01 23:27:38,259] {dagbag.py:508} INFO - Filling up the DagBag from /opt/airflow/dags/prepare_revistas_operator.py
[2023-08-01 23:27:38,547] {processor.py:653} WARNING - No viable dags retrieved from /opt/airflow/dags/prepare_revistas_operator.py
[2023-08-01 23:27:38,603] {processor.py:161} INFO - Processing /opt/airflow/dags/prepare_revistas_operator.py took 0.360 seconds
[2023-08-01 23:28:09,030] {processor.py:153} INFO - Started process (PID=3488) to work on /opt/airflow/dags/prepare_revistas_operator.py
[2023-08-01 23:28:09,037] {processor.py:641} INFO - Processing file /opt/airflow/dags/prepare_revistas_operator.py for tasks to queue
[2023-08-01 23:28:09,045] {logging_mixin.py:115} INFO - [2023-08-01 23:28:09,045] {dagbag.py:508} INFO - Filling up the DagBag from /opt/airflow/dags/prepare_revistas_operator.py
[2023-08-01 23:28:09,429] {processor.py:653} WARNING - No viable dags retrieved from /opt/airflow/dags/prepare_revistas_operator.py
[2023-08-01 23:28:09,473] {processor.py:161} INFO - Processing /opt/airflow/dags/prepare_revistas_operator.py took 0.467 seconds
[2023-08-01 23:28:40,181] {processor.py:153} INFO - Started process (PID=3537) to work on /opt/airflow/dags/prepare_revistas_operator.py
[2023-08-01 23:28:40,184] {processor.py:641} INFO - Processing file /opt/airflow/dags/prepare_revistas_operator.py for tasks to queue
[2023-08-01 23:28:40,185] {logging_mixin.py:115} INFO - [2023-08-01 23:28:40,185] {dagbag.py:508} INFO - Filling up the DagBag from /opt/airflow/dags/prepare_revistas_operator.py
[2023-08-01 23:28:40,423] {processor.py:653} WARNING - No viable dags retrieved from /opt/airflow/dags/prepare_revistas_operator.py
[2023-08-01 23:28:40,457] {processor.py:161} INFO - Processing /opt/airflow/dags/prepare_revistas_operator.py took 0.286 seconds
[2023-08-01 23:29:10,823] {processor.py:153} INFO - Started process (PID=3594) to work on /opt/airflow/dags/prepare_revistas_operator.py
[2023-08-01 23:29:10,826] {processor.py:641} INFO - Processing file /opt/airflow/dags/prepare_revistas_operator.py for tasks to queue
[2023-08-01 23:29:10,828] {logging_mixin.py:115} INFO - [2023-08-01 23:29:10,827] {dagbag.py:508} INFO - Filling up the DagBag from /opt/airflow/dags/prepare_revistas_operator.py
[2023-08-01 23:29:11,182] {processor.py:653} WARNING - No viable dags retrieved from /opt/airflow/dags/prepare_revistas_operator.py
[2023-08-01 23:29:11,236] {processor.py:161} INFO - Processing /opt/airflow/dags/prepare_revistas_operator.py took 0.422 seconds
[2023-08-01 23:29:41,662] {processor.py:153} INFO - Started process (PID=3651) to work on /opt/airflow/dags/prepare_revistas_operator.py
[2023-08-01 23:29:41,667] {processor.py:641} INFO - Processing file /opt/airflow/dags/prepare_revistas_operator.py for tasks to queue
[2023-08-01 23:29:41,669] {logging_mixin.py:115} INFO - [2023-08-01 23:29:41,669] {dagbag.py:508} INFO - Filling up the DagBag from /opt/airflow/dags/prepare_revistas_operator.py
[2023-08-01 23:29:41,978] {processor.py:653} WARNING - No viable dags retrieved from /opt/airflow/dags/prepare_revistas_operator.py
[2023-08-01 23:29:42,004] {processor.py:161} INFO - Processing /opt/airflow/dags/prepare_revistas_operator.py took 0.349 seconds
[2023-08-01 23:30:12,343] {processor.py:153} INFO - Started process (PID=3699) to work on /opt/airflow/dags/prepare_revistas_operator.py
[2023-08-01 23:30:12,345] {processor.py:641} INFO - Processing file /opt/airflow/dags/prepare_revistas_operator.py for tasks to queue
[2023-08-01 23:30:12,349] {logging_mixin.py:115} INFO - [2023-08-01 23:30:12,349] {dagbag.py:508} INFO - Filling up the DagBag from /opt/airflow/dags/prepare_revistas_operator.py
[2023-08-01 23:30:12,813] {processor.py:653} WARNING - No viable dags retrieved from /opt/airflow/dags/prepare_revistas_operator.py
[2023-08-01 23:30:12,852] {processor.py:161} INFO - Processing /opt/airflow/dags/prepare_revistas_operator.py took 0.523 seconds
[2023-08-01 23:30:43,312] {processor.py:153} INFO - Started process (PID=3757) to work on /opt/airflow/dags/prepare_revistas_operator.py
[2023-08-01 23:30:43,316] {processor.py:641} INFO - Processing file /opt/airflow/dags/prepare_revistas_operator.py for tasks to queue
[2023-08-01 23:30:43,318] {logging_mixin.py:115} INFO - [2023-08-01 23:30:43,318] {dagbag.py:508} INFO - Filling up the DagBag from /opt/airflow/dags/prepare_revistas_operator.py
[2023-08-01 23:30:43,751] {processor.py:653} WARNING - No viable dags retrieved from /opt/airflow/dags/prepare_revistas_operator.py
[2023-08-01 23:30:43,814] {processor.py:161} INFO - Processing /opt/airflow/dags/prepare_revistas_operator.py took 0.512 seconds
[2023-08-01 23:31:13,919] {processor.py:153} INFO - Started process (PID=3814) to work on /opt/airflow/dags/prepare_revistas_operator.py
[2023-08-01 23:31:13,921] {processor.py:641} INFO - Processing file /opt/airflow/dags/prepare_revistas_operator.py for tasks to queue
[2023-08-01 23:31:13,923] {logging_mixin.py:115} INFO - [2023-08-01 23:31:13,923] {dagbag.py:508} INFO - Filling up the DagBag from /opt/airflow/dags/prepare_revistas_operator.py
[2023-08-01 23:31:14,176] {processor.py:653} WARNING - No viable dags retrieved from /opt/airflow/dags/prepare_revistas_operator.py
[2023-08-01 23:31:14,201] {processor.py:161} INFO - Processing /opt/airflow/dags/prepare_revistas_operator.py took 0.288 seconds
[2023-08-01 23:31:44,455] {processor.py:153} INFO - Started process (PID=3871) to work on /opt/airflow/dags/prepare_revistas_operator.py
[2023-08-01 23:31:44,457] {processor.py:641} INFO - Processing file /opt/airflow/dags/prepare_revistas_operator.py for tasks to queue
[2023-08-01 23:31:44,459] {logging_mixin.py:115} INFO - [2023-08-01 23:31:44,458] {dagbag.py:508} INFO - Filling up the DagBag from /opt/airflow/dags/prepare_revistas_operator.py
[2023-08-01 23:31:44,701] {processor.py:653} WARNING - No viable dags retrieved from /opt/airflow/dags/prepare_revistas_operator.py
[2023-08-01 23:31:44,754] {processor.py:161} INFO - Processing /opt/airflow/dags/prepare_revistas_operator.py took 0.306 seconds
[2023-08-01 23:32:15,394] {processor.py:153} INFO - Started process (PID=3930) to work on /opt/airflow/dags/prepare_revistas_operator.py
[2023-08-01 23:32:15,411] {processor.py:641} INFO - Processing file /opt/airflow/dags/prepare_revistas_operator.py for tasks to queue
[2023-08-01 23:32:15,430] {logging_mixin.py:115} INFO - [2023-08-01 23:32:15,423] {dagbag.py:508} INFO - Filling up the DagBag from /opt/airflow/dags/prepare_revistas_operator.py
[2023-08-01 23:32:16,447] {processor.py:653} WARNING - No viable dags retrieved from /opt/airflow/dags/prepare_revistas_operator.py
[2023-08-01 23:32:16,561] {processor.py:161} INFO - Processing /opt/airflow/dags/prepare_revistas_operator.py took 1.209 seconds
[2023-08-01 23:32:47,346] {processor.py:153} INFO - Started process (PID=3985) to work on /opt/airflow/dags/prepare_revistas_operator.py
[2023-08-01 23:32:47,347] {processor.py:641} INFO - Processing file /opt/airflow/dags/prepare_revistas_operator.py for tasks to queue
[2023-08-01 23:32:47,349] {logging_mixin.py:115} INFO - [2023-08-01 23:32:47,349] {dagbag.py:508} INFO - Filling up the DagBag from /opt/airflow/dags/prepare_revistas_operator.py
[2023-08-01 23:32:47,672] {processor.py:653} WARNING - No viable dags retrieved from /opt/airflow/dags/prepare_revistas_operator.py
[2023-08-01 23:32:47,696] {processor.py:161} INFO - Processing /opt/airflow/dags/prepare_revistas_operator.py took 0.359 seconds
[2023-08-01 23:33:17,931] {processor.py:153} INFO - Started process (PID=4041) to work on /opt/airflow/dags/prepare_revistas_operator.py
[2023-08-01 23:33:17,934] {processor.py:641} INFO - Processing file /opt/airflow/dags/prepare_revistas_operator.py for tasks to queue
[2023-08-01 23:33:17,935] {logging_mixin.py:115} INFO - [2023-08-01 23:33:17,935] {dagbag.py:508} INFO - Filling up the DagBag from /opt/airflow/dags/prepare_revistas_operator.py
[2023-08-01 23:33:18,276] {processor.py:653} WARNING - No viable dags retrieved from /opt/airflow/dags/prepare_revistas_operator.py
[2023-08-01 23:33:18,310] {processor.py:161} INFO - Processing /opt/airflow/dags/prepare_revistas_operator.py took 0.388 seconds
[2023-08-01 23:33:48,604] {processor.py:153} INFO - Started process (PID=4089) to work on /opt/airflow/dags/prepare_revistas_operator.py
[2023-08-01 23:33:48,606] {processor.py:641} INFO - Processing file /opt/airflow/dags/prepare_revistas_operator.py for tasks to queue
[2023-08-01 23:33:48,607] {logging_mixin.py:115} INFO - [2023-08-01 23:33:48,607] {dagbag.py:508} INFO - Filling up the DagBag from /opt/airflow/dags/prepare_revistas_operator.py
[2023-08-01 23:33:48,920] {processor.py:653} WARNING - No viable dags retrieved from /opt/airflow/dags/prepare_revistas_operator.py
[2023-08-01 23:33:48,961] {processor.py:161} INFO - Processing /opt/airflow/dags/prepare_revistas_operator.py took 0.366 seconds
[2023-08-01 23:34:19,358] {processor.py:153} INFO - Started process (PID=4146) to work on /opt/airflow/dags/prepare_revistas_operator.py
[2023-08-01 23:34:19,360] {processor.py:641} INFO - Processing file /opt/airflow/dags/prepare_revistas_operator.py for tasks to queue
[2023-08-01 23:34:19,362] {logging_mixin.py:115} INFO - [2023-08-01 23:34:19,362] {dagbag.py:508} INFO - Filling up the DagBag from /opt/airflow/dags/prepare_revistas_operator.py
[2023-08-01 23:34:19,725] {processor.py:653} WARNING - No viable dags retrieved from /opt/airflow/dags/prepare_revistas_operator.py
[2023-08-01 23:34:19,772] {processor.py:161} INFO - Processing /opt/airflow/dags/prepare_revistas_operator.py took 0.423 seconds
[2023-08-01 23:34:50,059] {processor.py:153} INFO - Started process (PID=4203) to work on /opt/airflow/dags/prepare_revistas_operator.py
[2023-08-01 23:34:50,061] {processor.py:641} INFO - Processing file /opt/airflow/dags/prepare_revistas_operator.py for tasks to queue
[2023-08-01 23:34:50,064] {logging_mixin.py:115} INFO - [2023-08-01 23:34:50,064] {dagbag.py:508} INFO - Filling up the DagBag from /opt/airflow/dags/prepare_revistas_operator.py
[2023-08-01 23:34:50,376] {processor.py:653} WARNING - No viable dags retrieved from /opt/airflow/dags/prepare_revistas_operator.py
[2023-08-01 23:34:50,415] {processor.py:161} INFO - Processing /opt/airflow/dags/prepare_revistas_operator.py took 0.374 seconds
[2023-08-01 23:35:20,702] {processor.py:153} INFO - Started process (PID=4258) to work on /opt/airflow/dags/prepare_revistas_operator.py
[2023-08-01 23:35:20,704] {processor.py:641} INFO - Processing file /opt/airflow/dags/prepare_revistas_operator.py for tasks to queue
[2023-08-01 23:35:20,705] {logging_mixin.py:115} INFO - [2023-08-01 23:35:20,705] {dagbag.py:508} INFO - Filling up the DagBag from /opt/airflow/dags/prepare_revistas_operator.py
[2023-08-01 23:35:21,071] {processor.py:653} WARNING - No viable dags retrieved from /opt/airflow/dags/prepare_revistas_operator.py
[2023-08-01 23:35:21,098] {processor.py:161} INFO - Processing /opt/airflow/dags/prepare_revistas_operator.py took 0.405 seconds
[2023-08-01 23:35:51,550] {processor.py:153} INFO - Started process (PID=4308) to work on /opt/airflow/dags/prepare_revistas_operator.py
[2023-08-01 23:35:51,553] {processor.py:641} INFO - Processing file /opt/airflow/dags/prepare_revistas_operator.py for tasks to queue
[2023-08-01 23:35:51,557] {logging_mixin.py:115} INFO - [2023-08-01 23:35:51,557] {dagbag.py:508} INFO - Filling up the DagBag from /opt/airflow/dags/prepare_revistas_operator.py
[2023-08-01 23:35:51,882] {processor.py:653} WARNING - No viable dags retrieved from /opt/airflow/dags/prepare_revistas_operator.py
[2023-08-01 23:35:51,912] {processor.py:161} INFO - Processing /opt/airflow/dags/prepare_revistas_operator.py took 0.374 seconds
[2023-08-01 23:36:22,309] {processor.py:153} INFO - Started process (PID=4365) to work on /opt/airflow/dags/prepare_revistas_operator.py
[2023-08-01 23:36:22,314] {processor.py:641} INFO - Processing file /opt/airflow/dags/prepare_revistas_operator.py for tasks to queue
[2023-08-01 23:36:22,319] {logging_mixin.py:115} INFO - [2023-08-01 23:36:22,319] {dagbag.py:508} INFO - Filling up the DagBag from /opt/airflow/dags/prepare_revistas_operator.py
[2023-08-01 23:36:22,731] {processor.py:653} WARNING - No viable dags retrieved from /opt/airflow/dags/prepare_revistas_operator.py
[2023-08-01 23:36:22,789] {processor.py:161} INFO - Processing /opt/airflow/dags/prepare_revistas_operator.py took 0.488 seconds
[2023-08-01 23:36:52,943] {processor.py:153} INFO - Started process (PID=4422) to work on /opt/airflow/dags/prepare_revistas_operator.py
[2023-08-01 23:36:52,946] {processor.py:641} INFO - Processing file /opt/airflow/dags/prepare_revistas_operator.py for tasks to queue
[2023-08-01 23:36:52,948] {logging_mixin.py:115} INFO - [2023-08-01 23:36:52,948] {dagbag.py:508} INFO - Filling up the DagBag from /opt/airflow/dags/prepare_revistas_operator.py
[2023-08-01 23:36:53,349] {processor.py:653} WARNING - No viable dags retrieved from /opt/airflow/dags/prepare_revistas_operator.py
[2023-08-01 23:36:53,388] {processor.py:161} INFO - Processing /opt/airflow/dags/prepare_revistas_operator.py took 0.459 seconds
[2023-08-01 23:37:23,736] {processor.py:153} INFO - Started process (PID=4480) to work on /opt/airflow/dags/prepare_revistas_operator.py
[2023-08-01 23:37:23,738] {processor.py:641} INFO - Processing file /opt/airflow/dags/prepare_revistas_operator.py for tasks to queue
[2023-08-01 23:37:23,739] {logging_mixin.py:115} INFO - [2023-08-01 23:37:23,739] {dagbag.py:508} INFO - Filling up the DagBag from /opt/airflow/dags/prepare_revistas_operator.py
[2023-08-01 23:37:24,078] {processor.py:653} WARNING - No viable dags retrieved from /opt/airflow/dags/prepare_revistas_operator.py
[2023-08-01 23:37:24,128] {processor.py:161} INFO - Processing /opt/airflow/dags/prepare_revistas_operator.py took 0.398 seconds
[2023-08-01 23:37:54,468] {processor.py:153} INFO - Started process (PID=4528) to work on /opt/airflow/dags/prepare_revistas_operator.py
[2023-08-01 23:37:54,470] {processor.py:641} INFO - Processing file /opt/airflow/dags/prepare_revistas_operator.py for tasks to queue
[2023-08-01 23:37:54,472] {logging_mixin.py:115} INFO - [2023-08-01 23:37:54,472] {dagbag.py:508} INFO - Filling up the DagBag from /opt/airflow/dags/prepare_revistas_operator.py
[2023-08-01 23:37:54,941] {processor.py:653} WARNING - No viable dags retrieved from /opt/airflow/dags/prepare_revistas_operator.py
[2023-08-01 23:37:54,982] {processor.py:161} INFO - Processing /opt/airflow/dags/prepare_revistas_operator.py took 0.520 seconds
[2023-08-01 23:38:25,218] {processor.py:153} INFO - Started process (PID=4585) to work on /opt/airflow/dags/prepare_revistas_operator.py
[2023-08-01 23:38:25,221] {processor.py:641} INFO - Processing file /opt/airflow/dags/prepare_revistas_operator.py for tasks to queue
[2023-08-01 23:38:25,223] {logging_mixin.py:115} INFO - [2023-08-01 23:38:25,223] {dagbag.py:508} INFO - Filling up the DagBag from /opt/airflow/dags/prepare_revistas_operator.py
[2023-08-01 23:38:25,483] {processor.py:653} WARNING - No viable dags retrieved from /opt/airflow/dags/prepare_revistas_operator.py
[2023-08-01 23:38:25,508] {processor.py:161} INFO - Processing /opt/airflow/dags/prepare_revistas_operator.py took 0.299 seconds
[2023-08-01 23:38:56,212] {processor.py:153} INFO - Started process (PID=4642) to work on /opt/airflow/dags/prepare_revistas_operator.py
[2023-08-01 23:38:56,214] {processor.py:641} INFO - Processing file /opt/airflow/dags/prepare_revistas_operator.py for tasks to queue
[2023-08-01 23:38:56,215] {logging_mixin.py:115} INFO - [2023-08-01 23:38:56,215] {dagbag.py:508} INFO - Filling up the DagBag from /opt/airflow/dags/prepare_revistas_operator.py
[2023-08-01 23:38:56,413] {processor.py:653} WARNING - No viable dags retrieved from /opt/airflow/dags/prepare_revistas_operator.py
[2023-08-01 23:38:56,440] {processor.py:161} INFO - Processing /opt/airflow/dags/prepare_revistas_operator.py took 0.236 seconds
[2023-08-01 23:39:26,609] {processor.py:153} INFO - Started process (PID=4699) to work on /opt/airflow/dags/prepare_revistas_operator.py
[2023-08-01 23:39:26,612] {processor.py:641} INFO - Processing file /opt/airflow/dags/prepare_revistas_operator.py for tasks to queue
[2023-08-01 23:39:26,614] {logging_mixin.py:115} INFO - [2023-08-01 23:39:26,614] {dagbag.py:508} INFO - Filling up the DagBag from /opt/airflow/dags/prepare_revistas_operator.py
[2023-08-01 23:39:26,885] {processor.py:653} WARNING - No viable dags retrieved from /opt/airflow/dags/prepare_revistas_operator.py
[2023-08-01 23:39:26,913] {processor.py:161} INFO - Processing /opt/airflow/dags/prepare_revistas_operator.py took 0.323 seconds
[2023-08-01 23:39:57,214] {processor.py:153} INFO - Started process (PID=4747) to work on /opt/airflow/dags/prepare_revistas_operator.py
[2023-08-01 23:39:57,216] {processor.py:641} INFO - Processing file /opt/airflow/dags/prepare_revistas_operator.py for tasks to queue
[2023-08-01 23:39:57,218] {logging_mixin.py:115} INFO - [2023-08-01 23:39:57,218] {dagbag.py:508} INFO - Filling up the DagBag from /opt/airflow/dags/prepare_revistas_operator.py
[2023-08-01 23:39:57,618] {processor.py:653} WARNING - No viable dags retrieved from /opt/airflow/dags/prepare_revistas_operator.py
[2023-08-01 23:39:57,665] {processor.py:161} INFO - Processing /opt/airflow/dags/prepare_revistas_operator.py took 0.460 seconds
[2023-08-01 23:40:28,017] {processor.py:153} INFO - Started process (PID=4805) to work on /opt/airflow/dags/prepare_revistas_operator.py
[2023-08-01 23:40:28,019] {processor.py:641} INFO - Processing file /opt/airflow/dags/prepare_revistas_operator.py for tasks to queue
[2023-08-01 23:40:28,021] {logging_mixin.py:115} INFO - [2023-08-01 23:40:28,021] {dagbag.py:508} INFO - Filling up the DagBag from /opt/airflow/dags/prepare_revistas_operator.py
[2023-08-01 23:40:28,362] {processor.py:653} WARNING - No viable dags retrieved from /opt/airflow/dags/prepare_revistas_operator.py
[2023-08-01 23:40:28,435] {processor.py:161} INFO - Processing /opt/airflow/dags/prepare_revistas_operator.py took 0.440 seconds
[2023-08-01 23:40:58,605] {processor.py:153} INFO - Started process (PID=4863) to work on /opt/airflow/dags/prepare_revistas_operator.py
[2023-08-01 23:40:58,607] {processor.py:641} INFO - Processing file /opt/airflow/dags/prepare_revistas_operator.py for tasks to queue
[2023-08-01 23:40:58,608] {logging_mixin.py:115} INFO - [2023-08-01 23:40:58,608] {dagbag.py:508} INFO - Filling up the DagBag from /opt/airflow/dags/prepare_revistas_operator.py
[2023-08-01 23:40:58,887] {processor.py:653} WARNING - No viable dags retrieved from /opt/airflow/dags/prepare_revistas_operator.py
[2023-08-01 23:40:58,931] {processor.py:161} INFO - Processing /opt/airflow/dags/prepare_revistas_operator.py took 0.335 seconds
[2023-08-01 23:41:29,431] {processor.py:153} INFO - Started process (PID=4923) to work on /opt/airflow/dags/prepare_revistas_operator.py
[2023-08-01 23:41:29,439] {processor.py:641} INFO - Processing file /opt/airflow/dags/prepare_revistas_operator.py for tasks to queue
[2023-08-01 23:41:29,445] {logging_mixin.py:115} INFO - [2023-08-01 23:41:29,444] {dagbag.py:508} INFO - Filling up the DagBag from /opt/airflow/dags/prepare_revistas_operator.py
[2023-08-01 23:41:29,835] {processor.py:653} WARNING - No viable dags retrieved from /opt/airflow/dags/prepare_revistas_operator.py
[2023-08-01 23:41:29,883] {processor.py:161} INFO - Processing /opt/airflow/dags/prepare_revistas_operator.py took 0.470 seconds
[2023-08-01 23:42:00,218] {processor.py:153} INFO - Started process (PID=4979) to work on /opt/airflow/dags/prepare_revistas_operator.py
[2023-08-01 23:42:00,221] {processor.py:641} INFO - Processing file /opt/airflow/dags/prepare_revistas_operator.py for tasks to queue
[2023-08-01 23:42:00,223] {logging_mixin.py:115} INFO - [2023-08-01 23:42:00,223] {dagbag.py:508} INFO - Filling up the DagBag from /opt/airflow/dags/prepare_revistas_operator.py
[2023-08-01 23:42:00,708] {processor.py:653} WARNING - No viable dags retrieved from /opt/airflow/dags/prepare_revistas_operator.py
[2023-08-01 23:42:00,785] {processor.py:161} INFO - Processing /opt/airflow/dags/prepare_revistas_operator.py took 0.580 seconds
[2023-08-01 23:42:31,581] {processor.py:153} INFO - Started process (PID=5036) to work on /opt/airflow/dags/prepare_revistas_operator.py
[2023-08-01 23:42:31,583] {processor.py:641} INFO - Processing file /opt/airflow/dags/prepare_revistas_operator.py for tasks to queue
[2023-08-01 23:42:31,585] {logging_mixin.py:115} INFO - [2023-08-01 23:42:31,585] {dagbag.py:508} INFO - Filling up the DagBag from /opt/airflow/dags/prepare_revistas_operator.py
[2023-08-01 23:42:31,838] {processor.py:653} WARNING - No viable dags retrieved from /opt/airflow/dags/prepare_revistas_operator.py
[2023-08-01 23:42:31,867] {processor.py:161} INFO - Processing /opt/airflow/dags/prepare_revistas_operator.py took 0.295 seconds
[2023-08-01 23:43:02,162] {processor.py:153} INFO - Started process (PID=5094) to work on /opt/airflow/dags/prepare_revistas_operator.py
[2023-08-01 23:43:02,169] {processor.py:641} INFO - Processing file /opt/airflow/dags/prepare_revistas_operator.py for tasks to queue
[2023-08-01 23:43:02,176] {logging_mixin.py:115} INFO - [2023-08-01 23:43:02,176] {dagbag.py:508} INFO - Filling up the DagBag from /opt/airflow/dags/prepare_revistas_operator.py
[2023-08-01 23:43:02,902] {processor.py:653} WARNING - No viable dags retrieved from /opt/airflow/dags/prepare_revistas_operator.py
[2023-08-01 23:43:02,978] {processor.py:161} INFO - Processing /opt/airflow/dags/prepare_revistas_operator.py took 0.843 seconds
[2023-08-01 23:43:33,669] {processor.py:153} INFO - Started process (PID=5150) to work on /opt/airflow/dags/prepare_revistas_operator.py
[2023-08-01 23:43:33,670] {processor.py:641} INFO - Processing file /opt/airflow/dags/prepare_revistas_operator.py for tasks to queue
[2023-08-01 23:43:33,671] {logging_mixin.py:115} INFO - [2023-08-01 23:43:33,671] {dagbag.py:508} INFO - Filling up the DagBag from /opt/airflow/dags/prepare_revistas_operator.py
[2023-08-01 23:43:34,005] {processor.py:653} WARNING - No viable dags retrieved from /opt/airflow/dags/prepare_revistas_operator.py
[2023-08-01 23:43:34,080] {processor.py:161} INFO - Processing /opt/airflow/dags/prepare_revistas_operator.py took 0.418 seconds
[2023-08-01 23:44:04,331] {processor.py:153} INFO - Started process (PID=5207) to work on /opt/airflow/dags/prepare_revistas_operator.py
[2023-08-01 23:44:04,333] {processor.py:641} INFO - Processing file /opt/airflow/dags/prepare_revistas_operator.py for tasks to queue
[2023-08-01 23:44:04,334] {logging_mixin.py:115} INFO - [2023-08-01 23:44:04,334] {dagbag.py:508} INFO - Filling up the DagBag from /opt/airflow/dags/prepare_revistas_operator.py
[2023-08-01 23:44:04,556] {processor.py:653} WARNING - No viable dags retrieved from /opt/airflow/dags/prepare_revistas_operator.py
[2023-08-01 23:44:04,579] {processor.py:161} INFO - Processing /opt/airflow/dags/prepare_revistas_operator.py took 0.256 seconds
[2023-08-01 23:44:34,809] {processor.py:153} INFO - Started process (PID=5265) to work on /opt/airflow/dags/prepare_revistas_operator.py
[2023-08-01 23:44:34,811] {processor.py:641} INFO - Processing file /opt/airflow/dags/prepare_revistas_operator.py for tasks to queue
[2023-08-01 23:44:34,814] {logging_mixin.py:115} INFO - [2023-08-01 23:44:34,814] {dagbag.py:508} INFO - Filling up the DagBag from /opt/airflow/dags/prepare_revistas_operator.py
[2023-08-01 23:44:35,202] {processor.py:653} WARNING - No viable dags retrieved from /opt/airflow/dags/prepare_revistas_operator.py
[2023-08-01 23:44:35,239] {processor.py:161} INFO - Processing /opt/airflow/dags/prepare_revistas_operator.py took 0.439 seconds
[2023-08-01 23:45:05,926] {processor.py:153} INFO - Started process (PID=5313) to work on /opt/airflow/dags/prepare_revistas_operator.py
[2023-08-01 23:45:05,928] {processor.py:641} INFO - Processing file /opt/airflow/dags/prepare_revistas_operator.py for tasks to queue
[2023-08-01 23:45:05,929] {logging_mixin.py:115} INFO - [2023-08-01 23:45:05,929] {dagbag.py:508} INFO - Filling up the DagBag from /opt/airflow/dags/prepare_revistas_operator.py
[2023-08-01 23:45:06,269] {processor.py:653} WARNING - No viable dags retrieved from /opt/airflow/dags/prepare_revistas_operator.py
[2023-08-01 23:45:06,312] {processor.py:161} INFO - Processing /opt/airflow/dags/prepare_revistas_operator.py took 0.394 seconds
[2023-08-01 23:45:37,071] {processor.py:153} INFO - Started process (PID=5382) to work on /opt/airflow/dags/prepare_revistas_operator.py
[2023-08-01 23:45:37,075] {processor.py:641} INFO - Processing file /opt/airflow/dags/prepare_revistas_operator.py for tasks to queue
[2023-08-01 23:45:37,084] {logging_mixin.py:115} INFO - [2023-08-01 23:45:37,083] {dagbag.py:508} INFO - Filling up the DagBag from /opt/airflow/dags/prepare_revistas_operator.py
[2023-08-01 23:45:37,851] {processor.py:653} WARNING - No viable dags retrieved from /opt/airflow/dags/prepare_revistas_operator.py
[2023-08-01 23:45:38,010] {processor.py:161} INFO - Processing /opt/airflow/dags/prepare_revistas_operator.py took 0.983 seconds
[2023-08-01 23:46:08,682] {processor.py:153} INFO - Started process (PID=5438) to work on /opt/airflow/dags/prepare_revistas_operator.py
[2023-08-01 23:46:08,683] {processor.py:641} INFO - Processing file /opt/airflow/dags/prepare_revistas_operator.py for tasks to queue
[2023-08-01 23:46:08,685] {logging_mixin.py:115} INFO - [2023-08-01 23:46:08,685] {dagbag.py:508} INFO - Filling up the DagBag from /opt/airflow/dags/prepare_revistas_operator.py
[2023-08-01 23:46:09,027] {processor.py:653} WARNING - No viable dags retrieved from /opt/airflow/dags/prepare_revistas_operator.py
[2023-08-01 23:46:09,078] {processor.py:161} INFO - Processing /opt/airflow/dags/prepare_revistas_operator.py took 0.404 seconds
[2023-08-01 23:46:40,011] {processor.py:153} INFO - Started process (PID=5486) to work on /opt/airflow/dags/prepare_revistas_operator.py
[2023-08-01 23:46:40,012] {processor.py:641} INFO - Processing file /opt/airflow/dags/prepare_revistas_operator.py for tasks to queue
[2023-08-01 23:46:40,014] {logging_mixin.py:115} INFO - [2023-08-01 23:46:40,014] {dagbag.py:508} INFO - Filling up the DagBag from /opt/airflow/dags/prepare_revistas_operator.py
[2023-08-01 23:46:40,267] {processor.py:653} WARNING - No viable dags retrieved from /opt/airflow/dags/prepare_revistas_operator.py
[2023-08-01 23:46:40,294] {processor.py:161} INFO - Processing /opt/airflow/dags/prepare_revistas_operator.py took 0.291 seconds
[2023-08-01 23:47:10,369] {processor.py:153} INFO - Started process (PID=5543) to work on /opt/airflow/dags/prepare_revistas_operator.py
[2023-08-01 23:47:10,371] {processor.py:641} INFO - Processing file /opt/airflow/dags/prepare_revistas_operator.py for tasks to queue
[2023-08-01 23:47:10,372] {logging_mixin.py:115} INFO - [2023-08-01 23:47:10,372] {dagbag.py:508} INFO - Filling up the DagBag from /opt/airflow/dags/prepare_revistas_operator.py
[2023-08-01 23:47:10,640] {processor.py:653} WARNING - No viable dags retrieved from /opt/airflow/dags/prepare_revistas_operator.py
[2023-08-01 23:47:10,704] {processor.py:161} INFO - Processing /opt/airflow/dags/prepare_revistas_operator.py took 0.340 seconds
[2023-08-01 23:47:41,101] {processor.py:153} INFO - Started process (PID=5600) to work on /opt/airflow/dags/prepare_revistas_operator.py
[2023-08-01 23:47:41,105] {processor.py:641} INFO - Processing file /opt/airflow/dags/prepare_revistas_operator.py for tasks to queue
[2023-08-01 23:47:41,107] {logging_mixin.py:115} INFO - [2023-08-01 23:47:41,107] {dagbag.py:508} INFO - Filling up the DagBag from /opt/airflow/dags/prepare_revistas_operator.py
[2023-08-01 23:47:41,383] {processor.py:653} WARNING - No viable dags retrieved from /opt/airflow/dags/prepare_revistas_operator.py
[2023-08-01 23:47:41,415] {processor.py:161} INFO - Processing /opt/airflow/dags/prepare_revistas_operator.py took 0.322 seconds
[2023-08-01 23:48:12,067] {processor.py:153} INFO - Started process (PID=5658) to work on /opt/airflow/dags/prepare_revistas_operator.py
[2023-08-01 23:48:12,068] {processor.py:641} INFO - Processing file /opt/airflow/dags/prepare_revistas_operator.py for tasks to queue
[2023-08-01 23:48:12,069] {logging_mixin.py:115} INFO - [2023-08-01 23:48:12,069] {dagbag.py:508} INFO - Filling up the DagBag from /opt/airflow/dags/prepare_revistas_operator.py
[2023-08-01 23:48:12,249] {processor.py:653} WARNING - No viable dags retrieved from /opt/airflow/dags/prepare_revistas_operator.py
[2023-08-01 23:48:12,267] {processor.py:161} INFO - Processing /opt/airflow/dags/prepare_revistas_operator.py took 0.206 seconds
[2023-08-01 23:48:42,702] {processor.py:153} INFO - Started process (PID=5706) to work on /opt/airflow/dags/prepare_revistas_operator.py
[2023-08-01 23:48:42,703] {processor.py:641} INFO - Processing file /opt/airflow/dags/prepare_revistas_operator.py for tasks to queue
[2023-08-01 23:48:42,705] {logging_mixin.py:115} INFO - [2023-08-01 23:48:42,705] {dagbag.py:508} INFO - Filling up the DagBag from /opt/airflow/dags/prepare_revistas_operator.py
[2023-08-01 23:48:42,966] {processor.py:653} WARNING - No viable dags retrieved from /opt/airflow/dags/prepare_revistas_operator.py
[2023-08-01 23:48:42,994] {processor.py:161} INFO - Processing /opt/airflow/dags/prepare_revistas_operator.py took 0.299 seconds
[2023-08-01 23:49:13,158] {processor.py:153} INFO - Started process (PID=5763) to work on /opt/airflow/dags/prepare_revistas_operator.py
[2023-08-01 23:49:13,160] {processor.py:641} INFO - Processing file /opt/airflow/dags/prepare_revistas_operator.py for tasks to queue
[2023-08-01 23:49:13,162] {logging_mixin.py:115} INFO - [2023-08-01 23:49:13,162] {dagbag.py:508} INFO - Filling up the DagBag from /opt/airflow/dags/prepare_revistas_operator.py
[2023-08-01 23:49:13,448] {processor.py:653} WARNING - No viable dags retrieved from /opt/airflow/dags/prepare_revistas_operator.py
[2023-08-01 23:49:13,476] {processor.py:161} INFO - Processing /opt/airflow/dags/prepare_revistas_operator.py took 0.327 seconds
[2023-08-01 23:49:44,093] {processor.py:153} INFO - Started process (PID=5820) to work on /opt/airflow/dags/prepare_revistas_operator.py
[2023-08-01 23:49:44,095] {processor.py:641} INFO - Processing file /opt/airflow/dags/prepare_revistas_operator.py for tasks to queue
[2023-08-01 23:49:44,096] {logging_mixin.py:115} INFO - [2023-08-01 23:49:44,096] {dagbag.py:508} INFO - Filling up the DagBag from /opt/airflow/dags/prepare_revistas_operator.py
[2023-08-01 23:49:44,307] {processor.py:653} WARNING - No viable dags retrieved from /opt/airflow/dags/prepare_revistas_operator.py
[2023-08-01 23:49:44,335] {processor.py:161} INFO - Processing /opt/airflow/dags/prepare_revistas_operator.py took 0.249 seconds
[2023-08-01 23:50:15,004] {processor.py:153} INFO - Started process (PID=5877) to work on /opt/airflow/dags/prepare_revistas_operator.py
[2023-08-01 23:50:15,006] {processor.py:641} INFO - Processing file /opt/airflow/dags/prepare_revistas_operator.py for tasks to queue
[2023-08-01 23:50:15,008] {logging_mixin.py:115} INFO - [2023-08-01 23:50:15,008] {dagbag.py:508} INFO - Filling up the DagBag from /opt/airflow/dags/prepare_revistas_operator.py
[2023-08-01 23:50:15,243] {processor.py:653} WARNING - No viable dags retrieved from /opt/airflow/dags/prepare_revistas_operator.py
[2023-08-01 23:50:15,268] {processor.py:161} INFO - Processing /opt/airflow/dags/prepare_revistas_operator.py took 0.272 seconds
[2023-08-01 23:50:45,336] {processor.py:153} INFO - Started process (PID=5925) to work on /opt/airflow/dags/prepare_revistas_operator.py
[2023-08-01 23:50:45,338] {processor.py:641} INFO - Processing file /opt/airflow/dags/prepare_revistas_operator.py for tasks to queue
[2023-08-01 23:50:45,340] {logging_mixin.py:115} INFO - [2023-08-01 23:50:45,340] {dagbag.py:508} INFO - Filling up the DagBag from /opt/airflow/dags/prepare_revistas_operator.py
[2023-08-01 23:50:45,532] {processor.py:653} WARNING - No viable dags retrieved from /opt/airflow/dags/prepare_revistas_operator.py
[2023-08-01 23:50:45,551] {processor.py:161} INFO - Processing /opt/airflow/dags/prepare_revistas_operator.py took 0.221 seconds
[2023-08-01 23:51:15,821] {processor.py:153} INFO - Started process (PID=5982) to work on /opt/airflow/dags/prepare_revistas_operator.py
[2023-08-01 23:51:15,824] {processor.py:641} INFO - Processing file /opt/airflow/dags/prepare_revistas_operator.py for tasks to queue
[2023-08-01 23:51:15,826] {logging_mixin.py:115} INFO - [2023-08-01 23:51:15,826] {dagbag.py:508} INFO - Filling up the DagBag from /opt/airflow/dags/prepare_revistas_operator.py
[2023-08-01 23:51:16,459] {processor.py:653} WARNING - No viable dags retrieved from /opt/airflow/dags/prepare_revistas_operator.py
[2023-08-01 23:51:16,519] {processor.py:161} INFO - Processing /opt/airflow/dags/prepare_revistas_operator.py took 0.711 seconds
[2023-08-01 23:51:46,608] {processor.py:153} INFO - Started process (PID=6039) to work on /opt/airflow/dags/prepare_revistas_operator.py
[2023-08-01 23:51:46,609] {processor.py:641} INFO - Processing file /opt/airflow/dags/prepare_revistas_operator.py for tasks to queue
[2023-08-01 23:51:46,610] {logging_mixin.py:115} INFO - [2023-08-01 23:51:46,610] {dagbag.py:508} INFO - Filling up the DagBag from /opt/airflow/dags/prepare_revistas_operator.py
[2023-08-01 23:51:46,755] {processor.py:653} WARNING - No viable dags retrieved from /opt/airflow/dags/prepare_revistas_operator.py
[2023-08-01 23:51:46,772] {processor.py:161} INFO - Processing /opt/airflow/dags/prepare_revistas_operator.py took 0.171 seconds
[2023-08-01 23:52:16,860] {processor.py:153} INFO - Started process (PID=6096) to work on /opt/airflow/dags/prepare_revistas_operator.py
[2023-08-01 23:52:16,863] {processor.py:641} INFO - Processing file /opt/airflow/dags/prepare_revistas_operator.py for tasks to queue
[2023-08-01 23:52:16,866] {logging_mixin.py:115} INFO - [2023-08-01 23:52:16,866] {dagbag.py:508} INFO - Filling up the DagBag from /opt/airflow/dags/prepare_revistas_operator.py
[2023-08-01 23:52:17,042] {processor.py:653} WARNING - No viable dags retrieved from /opt/airflow/dags/prepare_revistas_operator.py
[2023-08-01 23:52:17,063] {processor.py:161} INFO - Processing /opt/airflow/dags/prepare_revistas_operator.py took 0.209 seconds
[2023-08-01 23:52:47,320] {processor.py:153} INFO - Started process (PID=6144) to work on /opt/airflow/dags/prepare_revistas_operator.py
[2023-08-01 23:52:47,322] {processor.py:641} INFO - Processing file /opt/airflow/dags/prepare_revistas_operator.py for tasks to queue
[2023-08-01 23:52:47,323] {logging_mixin.py:115} INFO - [2023-08-01 23:52:47,323] {dagbag.py:508} INFO - Filling up the DagBag from /opt/airflow/dags/prepare_revistas_operator.py
[2023-08-01 23:52:47,583] {processor.py:653} WARNING - No viable dags retrieved from /opt/airflow/dags/prepare_revistas_operator.py
[2023-08-01 23:52:47,616] {processor.py:161} INFO - Processing /opt/airflow/dags/prepare_revistas_operator.py took 0.302 seconds
[2023-08-01 23:53:17,914] {processor.py:153} INFO - Started process (PID=6201) to work on /opt/airflow/dags/prepare_revistas_operator.py
[2023-08-01 23:53:17,916] {processor.py:641} INFO - Processing file /opt/airflow/dags/prepare_revistas_operator.py for tasks to queue
[2023-08-01 23:53:17,918] {logging_mixin.py:115} INFO - [2023-08-01 23:53:17,918] {dagbag.py:508} INFO - Filling up the DagBag from /opt/airflow/dags/prepare_revistas_operator.py
[2023-08-01 23:53:18,095] {processor.py:653} WARNING - No viable dags retrieved from /opt/airflow/dags/prepare_revistas_operator.py
[2023-08-01 23:53:18,116] {processor.py:161} INFO - Processing /opt/airflow/dags/prepare_revistas_operator.py took 0.211 seconds
[2023-08-01 23:53:48,203] {processor.py:153} INFO - Started process (PID=6258) to work on /opt/airflow/dags/prepare_revistas_operator.py
[2023-08-01 23:53:48,207] {processor.py:641} INFO - Processing file /opt/airflow/dags/prepare_revistas_operator.py for tasks to queue
[2023-08-01 23:53:48,209] {logging_mixin.py:115} INFO - [2023-08-01 23:53:48,209] {dagbag.py:508} INFO - Filling up the DagBag from /opt/airflow/dags/prepare_revistas_operator.py
[2023-08-01 23:53:48,466] {processor.py:653} WARNING - No viable dags retrieved from /opt/airflow/dags/prepare_revistas_operator.py
[2023-08-01 23:53:48,505] {processor.py:161} INFO - Processing /opt/airflow/dags/prepare_revistas_operator.py took 0.315 seconds
[2023-08-01 23:54:19,138] {processor.py:153} INFO - Started process (PID=6314) to work on /opt/airflow/dags/prepare_revistas_operator.py
[2023-08-01 23:54:19,140] {processor.py:641} INFO - Processing file /opt/airflow/dags/prepare_revistas_operator.py for tasks to queue
[2023-08-01 23:54:19,141] {logging_mixin.py:115} INFO - [2023-08-01 23:54:19,141] {dagbag.py:508} INFO - Filling up the DagBag from /opt/airflow/dags/prepare_revistas_operator.py
[2023-08-01 23:54:19,323] {processor.py:653} WARNING - No viable dags retrieved from /opt/airflow/dags/prepare_revistas_operator.py
[2023-08-01 23:54:19,341] {processor.py:161} INFO - Processing /opt/airflow/dags/prepare_revistas_operator.py took 0.210 seconds
[2023-08-01 23:54:49,998] {processor.py:153} INFO - Started process (PID=6363) to work on /opt/airflow/dags/prepare_revistas_operator.py
[2023-08-01 23:54:50,000] {processor.py:641} INFO - Processing file /opt/airflow/dags/prepare_revistas_operator.py for tasks to queue
[2023-08-01 23:54:50,001] {logging_mixin.py:115} INFO - [2023-08-01 23:54:50,001] {dagbag.py:508} INFO - Filling up the DagBag from /opt/airflow/dags/prepare_revistas_operator.py
[2023-08-01 23:54:50,172] {processor.py:653} WARNING - No viable dags retrieved from /opt/airflow/dags/prepare_revistas_operator.py
[2023-08-01 23:54:50,194] {processor.py:161} INFO - Processing /opt/airflow/dags/prepare_revistas_operator.py took 0.201 seconds
[2023-08-01 23:55:20,282] {processor.py:153} INFO - Started process (PID=6420) to work on /opt/airflow/dags/prepare_revistas_operator.py
[2023-08-01 23:55:20,283] {processor.py:641} INFO - Processing file /opt/airflow/dags/prepare_revistas_operator.py for tasks to queue
[2023-08-01 23:55:20,284] {logging_mixin.py:115} INFO - [2023-08-01 23:55:20,284] {dagbag.py:508} INFO - Filling up the DagBag from /opt/airflow/dags/prepare_revistas_operator.py
[2023-08-01 23:55:20,427] {processor.py:653} WARNING - No viable dags retrieved from /opt/airflow/dags/prepare_revistas_operator.py
[2023-08-01 23:55:20,443] {processor.py:161} INFO - Processing /opt/airflow/dags/prepare_revistas_operator.py took 0.165 seconds
[2023-08-01 23:55:50,707] {processor.py:153} INFO - Started process (PID=6478) to work on /opt/airflow/dags/prepare_revistas_operator.py
[2023-08-01 23:55:50,709] {processor.py:641} INFO - Processing file /opt/airflow/dags/prepare_revistas_operator.py for tasks to queue
[2023-08-01 23:55:50,710] {logging_mixin.py:115} INFO - [2023-08-01 23:55:50,710] {dagbag.py:508} INFO - Filling up the DagBag from /opt/airflow/dags/prepare_revistas_operator.py
[2023-08-01 23:55:51,109] {processor.py:653} WARNING - No viable dags retrieved from /opt/airflow/dags/prepare_revistas_operator.py
[2023-08-01 23:55:51,172] {processor.py:161} INFO - Processing /opt/airflow/dags/prepare_revistas_operator.py took 0.473 seconds
[2023-08-01 23:56:21,563] {processor.py:153} INFO - Started process (PID=6533) to work on /opt/airflow/dags/prepare_revistas_operator.py
[2023-08-01 23:56:21,566] {processor.py:641} INFO - Processing file /opt/airflow/dags/prepare_revistas_operator.py for tasks to queue
[2023-08-01 23:56:21,570] {logging_mixin.py:115} INFO - [2023-08-01 23:56:21,570] {dagbag.py:508} INFO - Filling up the DagBag from /opt/airflow/dags/prepare_revistas_operator.py
[2023-08-01 23:56:21,811] {processor.py:653} WARNING - No viable dags retrieved from /opt/airflow/dags/prepare_revistas_operator.py
[2023-08-01 23:56:21,833] {processor.py:161} INFO - Processing /opt/airflow/dags/prepare_revistas_operator.py took 0.274 seconds
[2023-08-01 23:56:52,001] {processor.py:153} INFO - Started process (PID=6583) to work on /opt/airflow/dags/prepare_revistas_operator.py
[2023-08-01 23:56:52,003] {processor.py:641} INFO - Processing file /opt/airflow/dags/prepare_revistas_operator.py for tasks to queue
[2023-08-01 23:56:52,004] {logging_mixin.py:115} INFO - [2023-08-01 23:56:52,004] {dagbag.py:508} INFO - Filling up the DagBag from /opt/airflow/dags/prepare_revistas_operator.py
[2023-08-01 23:56:52,219] {processor.py:653} WARNING - No viable dags retrieved from /opt/airflow/dags/prepare_revistas_operator.py
[2023-08-01 23:56:52,245] {processor.py:161} INFO - Processing /opt/airflow/dags/prepare_revistas_operator.py took 0.251 seconds
[2023-08-01 23:57:23,185] {processor.py:153} INFO - Started process (PID=6640) to work on /opt/airflow/dags/prepare_revistas_operator.py
[2023-08-01 23:57:23,186] {processor.py:641} INFO - Processing file /opt/airflow/dags/prepare_revistas_operator.py for tasks to queue
[2023-08-01 23:57:23,188] {logging_mixin.py:115} INFO - [2023-08-01 23:57:23,188] {dagbag.py:508} INFO - Filling up the DagBag from /opt/airflow/dags/prepare_revistas_operator.py
[2023-08-01 23:57:23,506] {processor.py:653} WARNING - No viable dags retrieved from /opt/airflow/dags/prepare_revistas_operator.py
[2023-08-01 23:57:23,567] {processor.py:161} INFO - Processing /opt/airflow/dags/prepare_revistas_operator.py took 0.389 seconds
[2023-08-01 23:57:53,878] {processor.py:153} INFO - Started process (PID=6698) to work on /opt/airflow/dags/prepare_revistas_operator.py
[2023-08-01 23:57:53,881] {processor.py:641} INFO - Processing file /opt/airflow/dags/prepare_revistas_operator.py for tasks to queue
[2023-08-01 23:57:53,884] {logging_mixin.py:115} INFO - [2023-08-01 23:57:53,883] {dagbag.py:508} INFO - Filling up the DagBag from /opt/airflow/dags/prepare_revistas_operator.py
[2023-08-01 23:57:54,142] {processor.py:653} WARNING - No viable dags retrieved from /opt/airflow/dags/prepare_revistas_operator.py
[2023-08-01 23:57:54,166] {processor.py:161} INFO - Processing /opt/airflow/dags/prepare_revistas_operator.py took 0.306 seconds
[2023-08-01 23:58:24,405] {processor.py:153} INFO - Started process (PID=6755) to work on /opt/airflow/dags/prepare_revistas_operator.py
[2023-08-01 23:58:24,407] {processor.py:641} INFO - Processing file /opt/airflow/dags/prepare_revistas_operator.py for tasks to queue
[2023-08-01 23:58:24,409] {logging_mixin.py:115} INFO - [2023-08-01 23:58:24,409] {dagbag.py:508} INFO - Filling up the DagBag from /opt/airflow/dags/prepare_revistas_operator.py
[2023-08-01 23:58:24,655] {processor.py:653} WARNING - No viable dags retrieved from /opt/airflow/dags/prepare_revistas_operator.py
[2023-08-01 23:58:24,682] {processor.py:161} INFO - Processing /opt/airflow/dags/prepare_revistas_operator.py took 0.281 seconds
[2023-08-01 23:58:55,603] {processor.py:153} INFO - Started process (PID=6803) to work on /opt/airflow/dags/prepare_revistas_operator.py
[2023-08-01 23:58:55,604] {processor.py:641} INFO - Processing file /opt/airflow/dags/prepare_revistas_operator.py for tasks to queue
[2023-08-01 23:58:55,605] {logging_mixin.py:115} INFO - [2023-08-01 23:58:55,605] {dagbag.py:508} INFO - Filling up the DagBag from /opt/airflow/dags/prepare_revistas_operator.py
[2023-08-01 23:58:55,800] {processor.py:653} WARNING - No viable dags retrieved from /opt/airflow/dags/prepare_revistas_operator.py
[2023-08-01 23:58:55,823] {processor.py:161} INFO - Processing /opt/airflow/dags/prepare_revistas_operator.py took 0.225 seconds
[2023-08-01 23:59:26,152] {processor.py:153} INFO - Started process (PID=6859) to work on /opt/airflow/dags/prepare_revistas_operator.py
[2023-08-01 23:59:26,154] {processor.py:641} INFO - Processing file /opt/airflow/dags/prepare_revistas_operator.py for tasks to queue
[2023-08-01 23:59:26,155] {logging_mixin.py:115} INFO - [2023-08-01 23:59:26,155] {dagbag.py:508} INFO - Filling up the DagBag from /opt/airflow/dags/prepare_revistas_operator.py
[2023-08-01 23:59:26,353] {processor.py:653} WARNING - No viable dags retrieved from /opt/airflow/dags/prepare_revistas_operator.py
[2023-08-01 23:59:26,373] {processor.py:161} INFO - Processing /opt/airflow/dags/prepare_revistas_operator.py took 0.227 seconds
[2023-08-01 23:59:56,661] {processor.py:153} INFO - Started process (PID=6916) to work on /opt/airflow/dags/prepare_revistas_operator.py
[2023-08-01 23:59:56,665] {processor.py:641} INFO - Processing file /opt/airflow/dags/prepare_revistas_operator.py for tasks to queue
[2023-08-01 23:59:56,668] {logging_mixin.py:115} INFO - [2023-08-01 23:59:56,668] {dagbag.py:508} INFO - Filling up the DagBag from /opt/airflow/dags/prepare_revistas_operator.py
[2023-08-01 23:59:56,876] {processor.py:653} WARNING - No viable dags retrieved from /opt/airflow/dags/prepare_revistas_operator.py
[2023-08-01 23:59:56,901] {processor.py:161} INFO - Processing /opt/airflow/dags/prepare_revistas_operator.py took 0.254 seconds
