[2023-08-01 22:56:08,556] {processor.py:153} INFO - Started process (PID=56) to work on /opt/airflow/dags/prepare_proyectos_operator.py
[2023-08-01 22:56:08,557] {processor.py:641} INFO - Processing file /opt/airflow/dags/prepare_proyectos_operator.py for tasks to queue
[2023-08-01 22:56:08,558] {logging_mixin.py:115} INFO - [2023-08-01 22:56:08,558] {dagbag.py:508} INFO - Filling up the DagBag from /opt/airflow/dags/prepare_proyectos_operator.py
[2023-08-01 22:56:09,118] {processor.py:653} WARNING - No viable dags retrieved from /opt/airflow/dags/prepare_proyectos_operator.py
[2023-08-01 22:56:09,163] {processor.py:161} INFO - Processing /opt/airflow/dags/prepare_proyectos_operator.py took 0.611 seconds
[2023-08-01 22:56:39,269] {processor.py:153} INFO - Started process (PID=113) to work on /opt/airflow/dags/prepare_proyectos_operator.py
[2023-08-01 22:56:39,271] {processor.py:641} INFO - Processing file /opt/airflow/dags/prepare_proyectos_operator.py for tasks to queue
[2023-08-01 22:56:39,272] {logging_mixin.py:115} INFO - [2023-08-01 22:56:39,272] {dagbag.py:508} INFO - Filling up the DagBag from /opt/airflow/dags/prepare_proyectos_operator.py
[2023-08-01 22:56:39,537] {processor.py:653} WARNING - No viable dags retrieved from /opt/airflow/dags/prepare_proyectos_operator.py
[2023-08-01 22:56:39,550] {processor.py:161} INFO - Processing /opt/airflow/dags/prepare_proyectos_operator.py took 0.283 seconds
[2023-08-01 22:57:09,770] {processor.py:153} INFO - Started process (PID=167) to work on /opt/airflow/dags/prepare_proyectos_operator.py
[2023-08-01 22:57:09,772] {processor.py:641} INFO - Processing file /opt/airflow/dags/prepare_proyectos_operator.py for tasks to queue
[2023-08-01 22:57:09,775] {logging_mixin.py:115} INFO - [2023-08-01 22:57:09,775] {dagbag.py:508} INFO - Filling up the DagBag from /opt/airflow/dags/prepare_proyectos_operator.py
[2023-08-01 22:57:10,070] {processor.py:653} WARNING - No viable dags retrieved from /opt/airflow/dags/prepare_proyectos_operator.py
[2023-08-01 22:57:10,084] {processor.py:161} INFO - Processing /opt/airflow/dags/prepare_proyectos_operator.py took 0.318 seconds
[2023-08-01 22:57:40,926] {processor.py:153} INFO - Started process (PID=218) to work on /opt/airflow/dags/prepare_proyectos_operator.py
[2023-08-01 22:57:40,927] {processor.py:641} INFO - Processing file /opt/airflow/dags/prepare_proyectos_operator.py for tasks to queue
[2023-08-01 22:57:40,928] {logging_mixin.py:115} INFO - [2023-08-01 22:57:40,928] {dagbag.py:508} INFO - Filling up the DagBag from /opt/airflow/dags/prepare_proyectos_operator.py
[2023-08-01 22:57:41,148] {processor.py:653} WARNING - No viable dags retrieved from /opt/airflow/dags/prepare_proyectos_operator.py
[2023-08-01 22:57:41,166] {processor.py:161} INFO - Processing /opt/airflow/dags/prepare_proyectos_operator.py took 0.243 seconds
[2023-08-01 22:58:11,272] {processor.py:153} INFO - Started process (PID=274) to work on /opt/airflow/dags/prepare_proyectos_operator.py
[2023-08-01 22:58:11,273] {processor.py:641} INFO - Processing file /opt/airflow/dags/prepare_proyectos_operator.py for tasks to queue
[2023-08-01 22:58:11,274] {logging_mixin.py:115} INFO - [2023-08-01 22:58:11,274] {dagbag.py:508} INFO - Filling up the DagBag from /opt/airflow/dags/prepare_proyectos_operator.py
[2023-08-01 22:58:11,494] {processor.py:653} WARNING - No viable dags retrieved from /opt/airflow/dags/prepare_proyectos_operator.py
[2023-08-01 22:58:11,508] {processor.py:161} INFO - Processing /opt/airflow/dags/prepare_proyectos_operator.py took 0.239 seconds
[2023-08-01 22:58:42,033] {processor.py:153} INFO - Started process (PID=332) to work on /opt/airflow/dags/prepare_proyectos_operator.py
[2023-08-01 22:58:42,034] {processor.py:641} INFO - Processing file /opt/airflow/dags/prepare_proyectos_operator.py for tasks to queue
[2023-08-01 22:58:42,035] {logging_mixin.py:115} INFO - [2023-08-01 22:58:42,035] {dagbag.py:508} INFO - Filling up the DagBag from /opt/airflow/dags/prepare_proyectos_operator.py
[2023-08-01 22:58:42,350] {processor.py:653} WARNING - No viable dags retrieved from /opt/airflow/dags/prepare_proyectos_operator.py
[2023-08-01 22:58:42,371] {processor.py:161} INFO - Processing /opt/airflow/dags/prepare_proyectos_operator.py took 0.342 seconds
[2023-08-01 22:59:13,196] {processor.py:153} INFO - Started process (PID=388) to work on /opt/airflow/dags/prepare_proyectos_operator.py
[2023-08-01 22:59:13,197] {processor.py:641} INFO - Processing file /opt/airflow/dags/prepare_proyectos_operator.py for tasks to queue
[2023-08-01 22:59:13,198] {logging_mixin.py:115} INFO - [2023-08-01 22:59:13,198] {dagbag.py:508} INFO - Filling up the DagBag from /opt/airflow/dags/prepare_proyectos_operator.py
[2023-08-01 22:59:13,424] {processor.py:653} WARNING - No viable dags retrieved from /opt/airflow/dags/prepare_proyectos_operator.py
[2023-08-01 22:59:13,438] {processor.py:161} INFO - Processing /opt/airflow/dags/prepare_proyectos_operator.py took 0.244 seconds
[2023-08-01 22:59:44,013] {processor.py:153} INFO - Started process (PID=437) to work on /opt/airflow/dags/prepare_proyectos_operator.py
[2023-08-01 22:59:44,015] {processor.py:641} INFO - Processing file /opt/airflow/dags/prepare_proyectos_operator.py for tasks to queue
[2023-08-01 22:59:44,016] {logging_mixin.py:115} INFO - [2023-08-01 22:59:44,016] {dagbag.py:508} INFO - Filling up the DagBag from /opt/airflow/dags/prepare_proyectos_operator.py
[2023-08-01 22:59:44,275] {processor.py:653} WARNING - No viable dags retrieved from /opt/airflow/dags/prepare_proyectos_operator.py
[2023-08-01 22:59:44,288] {processor.py:161} INFO - Processing /opt/airflow/dags/prepare_proyectos_operator.py took 0.278 seconds
[2023-08-01 23:00:15,985] {processor.py:153} INFO - Started process (PID=495) to work on /opt/airflow/dags/prepare_proyectos_operator.py
[2023-08-01 23:00:15,987] {processor.py:641} INFO - Processing file /opt/airflow/dags/prepare_proyectos_operator.py for tasks to queue
[2023-08-01 23:00:15,987] {logging_mixin.py:115} INFO - [2023-08-01 23:00:15,987] {dagbag.py:508} INFO - Filling up the DagBag from /opt/airflow/dags/prepare_proyectos_operator.py
[2023-08-01 23:00:16,271] {processor.py:653} WARNING - No viable dags retrieved from /opt/airflow/dags/prepare_proyectos_operator.py
[2023-08-01 23:00:16,285] {processor.py:161} INFO - Processing /opt/airflow/dags/prepare_proyectos_operator.py took 0.303 seconds
[2023-08-01 23:00:46,754] {processor.py:153} INFO - Started process (PID=552) to work on /opt/airflow/dags/prepare_proyectos_operator.py
[2023-08-01 23:00:46,755] {processor.py:641} INFO - Processing file /opt/airflow/dags/prepare_proyectos_operator.py for tasks to queue
[2023-08-01 23:00:46,756] {logging_mixin.py:115} INFO - [2023-08-01 23:00:46,756] {dagbag.py:508} INFO - Filling up the DagBag from /opt/airflow/dags/prepare_proyectos_operator.py
[2023-08-01 23:00:47,008] {processor.py:653} WARNING - No viable dags retrieved from /opt/airflow/dags/prepare_proyectos_operator.py
[2023-08-01 23:00:47,020] {processor.py:161} INFO - Processing /opt/airflow/dags/prepare_proyectos_operator.py took 0.268 seconds
[2023-08-01 23:01:17,857] {processor.py:153} INFO - Started process (PID=609) to work on /opt/airflow/dags/prepare_proyectos_operator.py
[2023-08-01 23:01:17,859] {processor.py:641} INFO - Processing file /opt/airflow/dags/prepare_proyectos_operator.py for tasks to queue
[2023-08-01 23:01:17,861] {logging_mixin.py:115} INFO - [2023-08-01 23:01:17,861] {dagbag.py:508} INFO - Filling up the DagBag from /opt/airflow/dags/prepare_proyectos_operator.py
[2023-08-01 23:01:18,150] {processor.py:653} WARNING - No viable dags retrieved from /opt/airflow/dags/prepare_proyectos_operator.py
[2023-08-01 23:01:18,165] {processor.py:161} INFO - Processing /opt/airflow/dags/prepare_proyectos_operator.py took 0.312 seconds
[2023-08-01 23:01:48,775] {processor.py:153} INFO - Started process (PID=668) to work on /opt/airflow/dags/prepare_proyectos_operator.py
[2023-08-01 23:01:48,776] {processor.py:641} INFO - Processing file /opt/airflow/dags/prepare_proyectos_operator.py for tasks to queue
[2023-08-01 23:01:48,777] {logging_mixin.py:115} INFO - [2023-08-01 23:01:48,777] {dagbag.py:508} INFO - Filling up the DagBag from /opt/airflow/dags/prepare_proyectos_operator.py
[2023-08-01 23:01:49,000] {processor.py:653} WARNING - No viable dags retrieved from /opt/airflow/dags/prepare_proyectos_operator.py
[2023-08-01 23:01:49,013] {processor.py:161} INFO - Processing /opt/airflow/dags/prepare_proyectos_operator.py took 0.240 seconds
[2023-08-01 23:02:19,635] {processor.py:153} INFO - Started process (PID=716) to work on /opt/airflow/dags/prepare_proyectos_operator.py
[2023-08-01 23:02:19,636] {processor.py:641} INFO - Processing file /opt/airflow/dags/prepare_proyectos_operator.py for tasks to queue
[2023-08-01 23:02:19,637] {logging_mixin.py:115} INFO - [2023-08-01 23:02:19,637] {dagbag.py:508} INFO - Filling up the DagBag from /opt/airflow/dags/prepare_proyectos_operator.py
[2023-08-01 23:02:19,863] {processor.py:653} WARNING - No viable dags retrieved from /opt/airflow/dags/prepare_proyectos_operator.py
[2023-08-01 23:02:19,876] {processor.py:161} INFO - Processing /opt/airflow/dags/prepare_proyectos_operator.py took 0.245 seconds
[2023-08-01 23:02:50,714] {processor.py:153} INFO - Started process (PID=774) to work on /opt/airflow/dags/prepare_proyectos_operator.py
[2023-08-01 23:02:50,715] {processor.py:641} INFO - Processing file /opt/airflow/dags/prepare_proyectos_operator.py for tasks to queue
[2023-08-01 23:02:50,716] {logging_mixin.py:115} INFO - [2023-08-01 23:02:50,716] {dagbag.py:508} INFO - Filling up the DagBag from /opt/airflow/dags/prepare_proyectos_operator.py
[2023-08-01 23:02:50,937] {processor.py:653} WARNING - No viable dags retrieved from /opt/airflow/dags/prepare_proyectos_operator.py
[2023-08-01 23:02:50,950] {processor.py:161} INFO - Processing /opt/airflow/dags/prepare_proyectos_operator.py took 0.238 seconds
[2023-08-01 23:03:21,592] {processor.py:153} INFO - Started process (PID=831) to work on /opt/airflow/dags/prepare_proyectos_operator.py
[2023-08-01 23:03:21,593] {processor.py:641} INFO - Processing file /opt/airflow/dags/prepare_proyectos_operator.py for tasks to queue
[2023-08-01 23:03:21,594] {logging_mixin.py:115} INFO - [2023-08-01 23:03:21,594] {dagbag.py:508} INFO - Filling up the DagBag from /opt/airflow/dags/prepare_proyectos_operator.py
[2023-08-01 23:03:21,816] {processor.py:653} WARNING - No viable dags retrieved from /opt/airflow/dags/prepare_proyectos_operator.py
[2023-08-01 23:03:21,829] {processor.py:161} INFO - Processing /opt/airflow/dags/prepare_proyectos_operator.py took 0.239 seconds
[2023-08-01 23:03:53,235] {processor.py:153} INFO - Started process (PID=889) to work on /opt/airflow/dags/prepare_proyectos_operator.py
[2023-08-01 23:03:53,236] {processor.py:641} INFO - Processing file /opt/airflow/dags/prepare_proyectos_operator.py for tasks to queue
[2023-08-01 23:03:53,237] {logging_mixin.py:115} INFO - [2023-08-01 23:03:53,237] {dagbag.py:508} INFO - Filling up the DagBag from /opt/airflow/dags/prepare_proyectos_operator.py
[2023-08-01 23:03:53,475] {processor.py:653} WARNING - No viable dags retrieved from /opt/airflow/dags/prepare_proyectos_operator.py
[2023-08-01 23:03:53,488] {processor.py:161} INFO - Processing /opt/airflow/dags/prepare_proyectos_operator.py took 0.256 seconds
[2023-08-01 23:04:24,764] {processor.py:153} INFO - Started process (PID=946) to work on /opt/airflow/dags/prepare_proyectos_operator.py
[2023-08-01 23:04:24,766] {processor.py:641} INFO - Processing file /opt/airflow/dags/prepare_proyectos_operator.py for tasks to queue
[2023-08-01 23:04:24,767] {logging_mixin.py:115} INFO - [2023-08-01 23:04:24,767] {dagbag.py:508} INFO - Filling up the DagBag from /opt/airflow/dags/prepare_proyectos_operator.py
[2023-08-01 23:04:24,998] {processor.py:653} WARNING - No viable dags retrieved from /opt/airflow/dags/prepare_proyectos_operator.py
[2023-08-01 23:04:25,011] {processor.py:161} INFO - Processing /opt/airflow/dags/prepare_proyectos_operator.py took 0.249 seconds
[2023-08-01 23:04:55,979] {processor.py:153} INFO - Started process (PID=1000) to work on /opt/airflow/dags/prepare_proyectos_operator.py
[2023-08-01 23:04:55,981] {processor.py:641} INFO - Processing file /opt/airflow/dags/prepare_proyectos_operator.py for tasks to queue
[2023-08-01 23:04:55,982] {logging_mixin.py:115} INFO - [2023-08-01 23:04:55,982] {dagbag.py:508} INFO - Filling up the DagBag from /opt/airflow/dags/prepare_proyectos_operator.py
[2023-08-01 23:04:56,214] {processor.py:653} WARNING - No viable dags retrieved from /opt/airflow/dags/prepare_proyectos_operator.py
[2023-08-01 23:04:56,225] {processor.py:161} INFO - Processing /opt/airflow/dags/prepare_proyectos_operator.py took 0.248 seconds
[2023-08-01 23:05:27,222] {processor.py:153} INFO - Started process (PID=1050) to work on /opt/airflow/dags/prepare_proyectos_operator.py
[2023-08-01 23:05:27,225] {processor.py:641} INFO - Processing file /opt/airflow/dags/prepare_proyectos_operator.py for tasks to queue
[2023-08-01 23:05:27,226] {logging_mixin.py:115} INFO - [2023-08-01 23:05:27,226] {dagbag.py:508} INFO - Filling up the DagBag from /opt/airflow/dags/prepare_proyectos_operator.py
[2023-08-01 23:05:27,502] {processor.py:653} WARNING - No viable dags retrieved from /opt/airflow/dags/prepare_proyectos_operator.py
[2023-08-01 23:05:27,514] {processor.py:161} INFO - Processing /opt/airflow/dags/prepare_proyectos_operator.py took 0.296 seconds
[2023-08-01 23:05:58,412] {processor.py:153} INFO - Started process (PID=1107) to work on /opt/airflow/dags/prepare_proyectos_operator.py
[2023-08-01 23:05:58,413] {processor.py:641} INFO - Processing file /opt/airflow/dags/prepare_proyectos_operator.py for tasks to queue
[2023-08-01 23:05:58,414] {logging_mixin.py:115} INFO - [2023-08-01 23:05:58,414] {dagbag.py:508} INFO - Filling up the DagBag from /opt/airflow/dags/prepare_proyectos_operator.py
[2023-08-01 23:05:58,665] {processor.py:653} WARNING - No viable dags retrieved from /opt/airflow/dags/prepare_proyectos_operator.py
[2023-08-01 23:05:58,679] {processor.py:161} INFO - Processing /opt/airflow/dags/prepare_proyectos_operator.py took 0.269 seconds
[2023-08-01 23:06:29,299] {processor.py:153} INFO - Started process (PID=1164) to work on /opt/airflow/dags/prepare_proyectos_operator.py
[2023-08-01 23:06:29,302] {processor.py:641} INFO - Processing file /opt/airflow/dags/prepare_proyectos_operator.py for tasks to queue
[2023-08-01 23:06:29,303] {logging_mixin.py:115} INFO - [2023-08-01 23:06:29,303] {dagbag.py:508} INFO - Filling up the DagBag from /opt/airflow/dags/prepare_proyectos_operator.py
[2023-08-01 23:06:29,549] {processor.py:653} WARNING - No viable dags retrieved from /opt/airflow/dags/prepare_proyectos_operator.py
[2023-08-01 23:06:29,561] {processor.py:161} INFO - Processing /opt/airflow/dags/prepare_proyectos_operator.py took 0.267 seconds
[2023-08-01 23:07:00,152] {processor.py:153} INFO - Started process (PID=1222) to work on /opt/airflow/dags/prepare_proyectos_operator.py
[2023-08-01 23:07:00,153] {processor.py:641} INFO - Processing file /opt/airflow/dags/prepare_proyectos_operator.py for tasks to queue
[2023-08-01 23:07:00,154] {logging_mixin.py:115} INFO - [2023-08-01 23:07:00,154] {dagbag.py:508} INFO - Filling up the DagBag from /opt/airflow/dags/prepare_proyectos_operator.py
[2023-08-01 23:07:00,375] {processor.py:653} WARNING - No viable dags retrieved from /opt/airflow/dags/prepare_proyectos_operator.py
[2023-08-01 23:07:00,386] {processor.py:161} INFO - Processing /opt/airflow/dags/prepare_proyectos_operator.py took 0.237 seconds
[2023-08-01 23:07:31,075] {processor.py:153} INFO - Started process (PID=1278) to work on /opt/airflow/dags/prepare_proyectos_operator.py
[2023-08-01 23:07:31,077] {processor.py:641} INFO - Processing file /opt/airflow/dags/prepare_proyectos_operator.py for tasks to queue
[2023-08-01 23:07:31,078] {logging_mixin.py:115} INFO - [2023-08-01 23:07:31,078] {dagbag.py:508} INFO - Filling up the DagBag from /opt/airflow/dags/prepare_proyectos_operator.py
[2023-08-01 23:07:31,303] {processor.py:653} WARNING - No viable dags retrieved from /opt/airflow/dags/prepare_proyectos_operator.py
[2023-08-01 23:07:31,315] {processor.py:161} INFO - Processing /opt/airflow/dags/prepare_proyectos_operator.py took 0.242 seconds
[2023-08-01 23:08:02,384] {processor.py:153} INFO - Started process (PID=1326) to work on /opt/airflow/dags/prepare_proyectos_operator.py
[2023-08-01 23:08:02,385] {processor.py:641} INFO - Processing file /opt/airflow/dags/prepare_proyectos_operator.py for tasks to queue
[2023-08-01 23:08:02,387] {logging_mixin.py:115} INFO - [2023-08-01 23:08:02,387] {dagbag.py:508} INFO - Filling up the DagBag from /opt/airflow/dags/prepare_proyectos_operator.py
[2023-08-01 23:08:02,684] {processor.py:653} WARNING - No viable dags retrieved from /opt/airflow/dags/prepare_proyectos_operator.py
[2023-08-01 23:08:02,708] {processor.py:161} INFO - Processing /opt/airflow/dags/prepare_proyectos_operator.py took 0.327 seconds
[2023-08-01 23:08:33,357] {processor.py:153} INFO - Started process (PID=1384) to work on /opt/airflow/dags/prepare_proyectos_operator.py
[2023-08-01 23:08:33,358] {processor.py:641} INFO - Processing file /opt/airflow/dags/prepare_proyectos_operator.py for tasks to queue
[2023-08-01 23:08:33,360] {logging_mixin.py:115} INFO - [2023-08-01 23:08:33,359] {dagbag.py:508} INFO - Filling up the DagBag from /opt/airflow/dags/prepare_proyectos_operator.py
[2023-08-01 23:08:33,644] {processor.py:653} WARNING - No viable dags retrieved from /opt/airflow/dags/prepare_proyectos_operator.py
[2023-08-01 23:08:33,659] {processor.py:161} INFO - Processing /opt/airflow/dags/prepare_proyectos_operator.py took 0.306 seconds
[2023-08-01 23:08:43,496] {processor.py:153} INFO - Started process (PID=1417) to work on /opt/airflow/dags/prepare_proyectos_operator.py
[2023-08-01 23:08:43,497] {processor.py:641} INFO - Processing file /opt/airflow/dags/prepare_proyectos_operator.py for tasks to queue
[2023-08-01 23:08:43,499] {logging_mixin.py:115} INFO - [2023-08-01 23:08:43,499] {dagbag.py:508} INFO - Filling up the DagBag from /opt/airflow/dags/prepare_proyectos_operator.py
[2023-08-01 23:08:44,033] {processor.py:653} WARNING - No viable dags retrieved from /opt/airflow/dags/prepare_proyectos_operator.py
[2023-08-01 23:08:44,053] {processor.py:161} INFO - Processing /opt/airflow/dags/prepare_proyectos_operator.py took 0.562 seconds
[2023-08-01 23:08:50,555] {processor.py:153} INFO - Started process (PID=1429) to work on /opt/airflow/dags/prepare_proyectos_operator.py
[2023-08-01 23:08:50,556] {processor.py:641} INFO - Processing file /opt/airflow/dags/prepare_proyectos_operator.py for tasks to queue
[2023-08-01 23:08:50,557] {logging_mixin.py:115} INFO - [2023-08-01 23:08:50,557] {dagbag.py:508} INFO - Filling up the DagBag from /opt/airflow/dags/prepare_proyectos_operator.py
[2023-08-01 23:08:50,833] {processor.py:653} WARNING - No viable dags retrieved from /opt/airflow/dags/prepare_proyectos_operator.py
[2023-08-01 23:08:50,845] {processor.py:161} INFO - Processing /opt/airflow/dags/prepare_proyectos_operator.py took 0.295 seconds
[2023-08-01 23:08:51,563] {processor.py:153} INFO - Started process (PID=1431) to work on /opt/airflow/dags/prepare_proyectos_operator.py
[2023-08-01 23:08:51,565] {processor.py:641} INFO - Processing file /opt/airflow/dags/prepare_proyectos_operator.py for tasks to queue
[2023-08-01 23:08:51,565] {logging_mixin.py:115} INFO - [2023-08-01 23:08:51,565] {dagbag.py:508} INFO - Filling up the DagBag from /opt/airflow/dags/prepare_proyectos_operator.py
[2023-08-01 23:08:51,795] {processor.py:653} WARNING - No viable dags retrieved from /opt/airflow/dags/prepare_proyectos_operator.py
[2023-08-01 23:08:51,806] {processor.py:161} INFO - Processing /opt/airflow/dags/prepare_proyectos_operator.py took 0.247 seconds
[2023-08-01 23:09:22,088] {processor.py:153} INFO - Started process (PID=1489) to work on /opt/airflow/dags/prepare_proyectos_operator.py
[2023-08-01 23:09:22,106] {processor.py:641} INFO - Processing file /opt/airflow/dags/prepare_proyectos_operator.py for tasks to queue
[2023-08-01 23:09:22,115] {logging_mixin.py:115} INFO - [2023-08-01 23:09:22,115] {dagbag.py:508} INFO - Filling up the DagBag from /opt/airflow/dags/prepare_proyectos_operator.py
[2023-08-01 23:09:23,327] {processor.py:653} WARNING - No viable dags retrieved from /opt/airflow/dags/prepare_proyectos_operator.py
[2023-08-01 23:09:23,360] {processor.py:161} INFO - Processing /opt/airflow/dags/prepare_proyectos_operator.py took 1.304 seconds
[2023-08-01 23:09:53,806] {processor.py:153} INFO - Started process (PID=1545) to work on /opt/airflow/dags/prepare_proyectos_operator.py
[2023-08-01 23:09:53,807] {processor.py:641} INFO - Processing file /opt/airflow/dags/prepare_proyectos_operator.py for tasks to queue
[2023-08-01 23:09:53,809] {logging_mixin.py:115} INFO - [2023-08-01 23:09:53,808] {dagbag.py:508} INFO - Filling up the DagBag from /opt/airflow/dags/prepare_proyectos_operator.py
[2023-08-01 23:09:54,365] {processor.py:653} WARNING - No viable dags retrieved from /opt/airflow/dags/prepare_proyectos_operator.py
[2023-08-01 23:09:54,395] {processor.py:161} INFO - Processing /opt/airflow/dags/prepare_proyectos_operator.py took 0.595 seconds
[2023-08-01 23:10:24,709] {processor.py:153} INFO - Started process (PID=1602) to work on /opt/airflow/dags/prepare_proyectos_operator.py
[2023-08-01 23:10:24,712] {processor.py:641} INFO - Processing file /opt/airflow/dags/prepare_proyectos_operator.py for tasks to queue
[2023-08-01 23:10:24,721] {logging_mixin.py:115} INFO - [2023-08-01 23:10:24,721] {dagbag.py:508} INFO - Filling up the DagBag from /opt/airflow/dags/prepare_proyectos_operator.py
[2023-08-01 23:10:25,380] {processor.py:653} WARNING - No viable dags retrieved from /opt/airflow/dags/prepare_proyectos_operator.py
[2023-08-01 23:10:25,396] {processor.py:161} INFO - Processing /opt/airflow/dags/prepare_proyectos_operator.py took 0.706 seconds
[2023-08-01 23:10:55,618] {processor.py:153} INFO - Started process (PID=1659) to work on /opt/airflow/dags/prepare_proyectos_operator.py
[2023-08-01 23:10:55,619] {processor.py:641} INFO - Processing file /opt/airflow/dags/prepare_proyectos_operator.py for tasks to queue
[2023-08-01 23:10:55,620] {logging_mixin.py:115} INFO - [2023-08-01 23:10:55,620] {dagbag.py:508} INFO - Filling up the DagBag from /opt/airflow/dags/prepare_proyectos_operator.py
[2023-08-01 23:10:56,078] {processor.py:653} WARNING - No viable dags retrieved from /opt/airflow/dags/prepare_proyectos_operator.py
[2023-08-01 23:10:56,094] {processor.py:161} INFO - Processing /opt/airflow/dags/prepare_proyectos_operator.py took 0.484 seconds
[2023-08-01 23:11:26,521] {processor.py:153} INFO - Started process (PID=1707) to work on /opt/airflow/dags/prepare_proyectos_operator.py
[2023-08-01 23:11:26,523] {processor.py:641} INFO - Processing file /opt/airflow/dags/prepare_proyectos_operator.py for tasks to queue
[2023-08-01 23:11:26,525] {logging_mixin.py:115} INFO - [2023-08-01 23:11:26,525] {dagbag.py:508} INFO - Filling up the DagBag from /opt/airflow/dags/prepare_proyectos_operator.py
[2023-08-01 23:11:27,306] {processor.py:653} WARNING - No viable dags retrieved from /opt/airflow/dags/prepare_proyectos_operator.py
[2023-08-01 23:11:27,330] {processor.py:161} INFO - Processing /opt/airflow/dags/prepare_proyectos_operator.py took 0.819 seconds
[2023-08-01 23:11:58,039] {processor.py:153} INFO - Started process (PID=1765) to work on /opt/airflow/dags/prepare_proyectos_operator.py
[2023-08-01 23:11:58,042] {processor.py:641} INFO - Processing file /opt/airflow/dags/prepare_proyectos_operator.py for tasks to queue
[2023-08-01 23:11:58,044] {logging_mixin.py:115} INFO - [2023-08-01 23:11:58,043] {dagbag.py:508} INFO - Filling up the DagBag from /opt/airflow/dags/prepare_proyectos_operator.py
[2023-08-01 23:11:58,670] {processor.py:653} WARNING - No viable dags retrieved from /opt/airflow/dags/prepare_proyectos_operator.py
[2023-08-01 23:11:58,688] {processor.py:161} INFO - Processing /opt/airflow/dags/prepare_proyectos_operator.py took 0.659 seconds
[2023-08-01 23:12:28,879] {processor.py:153} INFO - Started process (PID=1822) to work on /opt/airflow/dags/prepare_proyectos_operator.py
[2023-08-01 23:12:28,882] {processor.py:641} INFO - Processing file /opt/airflow/dags/prepare_proyectos_operator.py for tasks to queue
[2023-08-01 23:12:28,884] {logging_mixin.py:115} INFO - [2023-08-01 23:12:28,884] {dagbag.py:508} INFO - Filling up the DagBag from /opt/airflow/dags/prepare_proyectos_operator.py
[2023-08-01 23:12:29,410] {processor.py:653} WARNING - No viable dags retrieved from /opt/airflow/dags/prepare_proyectos_operator.py
[2023-08-01 23:12:29,425] {processor.py:161} INFO - Processing /opt/airflow/dags/prepare_proyectos_operator.py took 0.565 seconds
[2023-08-01 23:12:59,782] {processor.py:153} INFO - Started process (PID=1879) to work on /opt/airflow/dags/prepare_proyectos_operator.py
[2023-08-01 23:12:59,785] {processor.py:641} INFO - Processing file /opt/airflow/dags/prepare_proyectos_operator.py for tasks to queue
[2023-08-01 23:12:59,786] {logging_mixin.py:115} INFO - [2023-08-01 23:12:59,786] {dagbag.py:508} INFO - Filling up the DagBag from /opt/airflow/dags/prepare_proyectos_operator.py
[2023-08-01 23:13:00,319] {processor.py:653} WARNING - No viable dags retrieved from /opt/airflow/dags/prepare_proyectos_operator.py
[2023-08-01 23:13:00,335] {processor.py:161} INFO - Processing /opt/airflow/dags/prepare_proyectos_operator.py took 0.570 seconds
[2023-08-01 23:13:30,726] {processor.py:153} INFO - Started process (PID=1936) to work on /opt/airflow/dags/prepare_proyectos_operator.py
[2023-08-01 23:13:30,729] {processor.py:641} INFO - Processing file /opt/airflow/dags/prepare_proyectos_operator.py for tasks to queue
[2023-08-01 23:13:30,730] {logging_mixin.py:115} INFO - [2023-08-01 23:13:30,730] {dagbag.py:508} INFO - Filling up the DagBag from /opt/airflow/dags/prepare_proyectos_operator.py
[2023-08-01 23:13:31,228] {processor.py:653} WARNING - No viable dags retrieved from /opt/airflow/dags/prepare_proyectos_operator.py
[2023-08-01 23:13:31,244] {processor.py:161} INFO - Processing /opt/airflow/dags/prepare_proyectos_operator.py took 0.526 seconds
[2023-08-01 23:14:01,583] {processor.py:153} INFO - Started process (PID=1984) to work on /opt/airflow/dags/prepare_proyectos_operator.py
[2023-08-01 23:14:01,587] {processor.py:641} INFO - Processing file /opt/airflow/dags/prepare_proyectos_operator.py for tasks to queue
[2023-08-01 23:14:01,589] {logging_mixin.py:115} INFO - [2023-08-01 23:14:01,589] {dagbag.py:508} INFO - Filling up the DagBag from /opt/airflow/dags/prepare_proyectos_operator.py
[2023-08-01 23:14:02,220] {processor.py:653} WARNING - No viable dags retrieved from /opt/airflow/dags/prepare_proyectos_operator.py
[2023-08-01 23:14:02,236] {processor.py:161} INFO - Processing /opt/airflow/dags/prepare_proyectos_operator.py took 0.669 seconds
[2023-08-01 23:14:33,220] {processor.py:153} INFO - Started process (PID=2040) to work on /opt/airflow/dags/prepare_proyectos_operator.py
[2023-08-01 23:14:33,224] {processor.py:641} INFO - Processing file /opt/airflow/dags/prepare_proyectos_operator.py for tasks to queue
[2023-08-01 23:14:33,226] {logging_mixin.py:115} INFO - [2023-08-01 23:14:33,226] {dagbag.py:508} INFO - Filling up the DagBag from /opt/airflow/dags/prepare_proyectos_operator.py
[2023-08-01 23:14:33,881] {processor.py:653} WARNING - No viable dags retrieved from /opt/airflow/dags/prepare_proyectos_operator.py
[2023-08-01 23:14:33,900] {processor.py:161} INFO - Processing /opt/airflow/dags/prepare_proyectos_operator.py took 0.723 seconds
[2023-08-01 23:15:04,649] {processor.py:153} INFO - Started process (PID=2096) to work on /opt/airflow/dags/prepare_proyectos_operator.py
[2023-08-01 23:15:04,652] {processor.py:641} INFO - Processing file /opt/airflow/dags/prepare_proyectos_operator.py for tasks to queue
[2023-08-01 23:15:04,654] {logging_mixin.py:115} INFO - [2023-08-01 23:15:04,654] {dagbag.py:508} INFO - Filling up the DagBag from /opt/airflow/dags/prepare_proyectos_operator.py
[2023-08-01 23:15:05,256] {processor.py:653} WARNING - No viable dags retrieved from /opt/airflow/dags/prepare_proyectos_operator.py
[2023-08-01 23:15:05,287] {processor.py:161} INFO - Processing /opt/airflow/dags/prepare_proyectos_operator.py took 0.681 seconds
[2023-08-01 23:15:35,646] {processor.py:153} INFO - Started process (PID=2153) to work on /opt/airflow/dags/prepare_proyectos_operator.py
[2023-08-01 23:15:35,649] {processor.py:641} INFO - Processing file /opt/airflow/dags/prepare_proyectos_operator.py for tasks to queue
[2023-08-01 23:15:35,650] {logging_mixin.py:115} INFO - [2023-08-01 23:15:35,650] {dagbag.py:508} INFO - Filling up the DagBag from /opt/airflow/dags/prepare_proyectos_operator.py
[2023-08-01 23:15:36,130] {processor.py:653} WARNING - No viable dags retrieved from /opt/airflow/dags/prepare_proyectos_operator.py
[2023-08-01 23:15:36,144] {processor.py:161} INFO - Processing /opt/airflow/dags/prepare_proyectos_operator.py took 0.506 seconds
[2023-08-01 23:16:06,386] {processor.py:153} INFO - Started process (PID=2210) to work on /opt/airflow/dags/prepare_proyectos_operator.py
[2023-08-01 23:16:06,388] {processor.py:641} INFO - Processing file /opt/airflow/dags/prepare_proyectos_operator.py for tasks to queue
[2023-08-01 23:16:06,390] {logging_mixin.py:115} INFO - [2023-08-01 23:16:06,390] {dagbag.py:508} INFO - Filling up the DagBag from /opt/airflow/dags/prepare_proyectos_operator.py
[2023-08-01 23:16:06,857] {processor.py:653} WARNING - No viable dags retrieved from /opt/airflow/dags/prepare_proyectos_operator.py
[2023-08-01 23:16:06,870] {processor.py:161} INFO - Processing /opt/airflow/dags/prepare_proyectos_operator.py took 0.489 seconds
[2023-08-01 23:16:37,576] {processor.py:153} INFO - Started process (PID=2258) to work on /opt/airflow/dags/prepare_proyectos_operator.py
[2023-08-01 23:16:37,579] {processor.py:641} INFO - Processing file /opt/airflow/dags/prepare_proyectos_operator.py for tasks to queue
[2023-08-01 23:16:37,581] {logging_mixin.py:115} INFO - [2023-08-01 23:16:37,581] {dagbag.py:508} INFO - Filling up the DagBag from /opt/airflow/dags/prepare_proyectos_operator.py
[2023-08-01 23:16:38,055] {processor.py:653} WARNING - No viable dags retrieved from /opt/airflow/dags/prepare_proyectos_operator.py
[2023-08-01 23:16:38,069] {processor.py:161} INFO - Processing /opt/airflow/dags/prepare_proyectos_operator.py took 0.507 seconds
[2023-08-01 23:17:08,262] {processor.py:153} INFO - Started process (PID=2315) to work on /opt/airflow/dags/prepare_proyectos_operator.py
[2023-08-01 23:17:08,266] {processor.py:641} INFO - Processing file /opt/airflow/dags/prepare_proyectos_operator.py for tasks to queue
[2023-08-01 23:17:08,267] {logging_mixin.py:115} INFO - [2023-08-01 23:17:08,267] {dagbag.py:508} INFO - Filling up the DagBag from /opt/airflow/dags/prepare_proyectos_operator.py
[2023-08-01 23:17:08,758] {processor.py:653} WARNING - No viable dags retrieved from /opt/airflow/dags/prepare_proyectos_operator.py
[2023-08-01 23:17:08,775] {processor.py:161} INFO - Processing /opt/airflow/dags/prepare_proyectos_operator.py took 0.520 seconds
[2023-08-01 23:17:39,380] {processor.py:153} INFO - Started process (PID=2372) to work on /opt/airflow/dags/prepare_proyectos_operator.py
[2023-08-01 23:17:39,383] {processor.py:641} INFO - Processing file /opt/airflow/dags/prepare_proyectos_operator.py for tasks to queue
[2023-08-01 23:17:39,385] {logging_mixin.py:115} INFO - [2023-08-01 23:17:39,385] {dagbag.py:508} INFO - Filling up the DagBag from /opt/airflow/dags/prepare_proyectos_operator.py
[2023-08-01 23:17:39,833] {processor.py:653} WARNING - No viable dags retrieved from /opt/airflow/dags/prepare_proyectos_operator.py
[2023-08-01 23:17:39,846] {processor.py:161} INFO - Processing /opt/airflow/dags/prepare_proyectos_operator.py took 0.474 seconds
[2023-08-01 23:18:10,344] {processor.py:153} INFO - Started process (PID=2429) to work on /opt/airflow/dags/prepare_proyectos_operator.py
[2023-08-01 23:18:10,348] {processor.py:641} INFO - Processing file /opt/airflow/dags/prepare_proyectos_operator.py for tasks to queue
[2023-08-01 23:18:10,351] {logging_mixin.py:115} INFO - [2023-08-01 23:18:10,350] {dagbag.py:508} INFO - Filling up the DagBag from /opt/airflow/dags/prepare_proyectos_operator.py
[2023-08-01 23:18:10,951] {processor.py:653} WARNING - No viable dags retrieved from /opt/airflow/dags/prepare_proyectos_operator.py
[2023-08-01 23:18:10,973] {processor.py:161} INFO - Processing /opt/airflow/dags/prepare_proyectos_operator.py took 0.643 seconds
[2023-08-01 23:18:41,592] {processor.py:153} INFO - Started process (PID=2477) to work on /opt/airflow/dags/prepare_proyectos_operator.py
[2023-08-01 23:18:41,595] {processor.py:641} INFO - Processing file /opt/airflow/dags/prepare_proyectos_operator.py for tasks to queue
[2023-08-01 23:18:41,598] {logging_mixin.py:115} INFO - [2023-08-01 23:18:41,598] {dagbag.py:508} INFO - Filling up the DagBag from /opt/airflow/dags/prepare_proyectos_operator.py
[2023-08-01 23:18:42,824] {processor.py:653} WARNING - No viable dags retrieved from /opt/airflow/dags/prepare_proyectos_operator.py
[2023-08-01 23:18:42,863] {processor.py:161} INFO - Processing /opt/airflow/dags/prepare_proyectos_operator.py took 1.288 seconds
[2023-08-01 23:19:13,547] {processor.py:153} INFO - Started process (PID=2534) to work on /opt/airflow/dags/prepare_proyectos_operator.py
[2023-08-01 23:19:13,549] {processor.py:641} INFO - Processing file /opt/airflow/dags/prepare_proyectos_operator.py for tasks to queue
[2023-08-01 23:19:13,550] {logging_mixin.py:115} INFO - [2023-08-01 23:19:13,550] {dagbag.py:508} INFO - Filling up the DagBag from /opt/airflow/dags/prepare_proyectos_operator.py
[2023-08-01 23:19:14,176] {processor.py:653} WARNING - No viable dags retrieved from /opt/airflow/dags/prepare_proyectos_operator.py
[2023-08-01 23:19:14,235] {processor.py:161} INFO - Processing /opt/airflow/dags/prepare_proyectos_operator.py took 0.695 seconds
[2023-08-01 23:19:44,936] {processor.py:153} INFO - Started process (PID=2591) to work on /opt/airflow/dags/prepare_proyectos_operator.py
[2023-08-01 23:19:44,938] {processor.py:641} INFO - Processing file /opt/airflow/dags/prepare_proyectos_operator.py for tasks to queue
[2023-08-01 23:19:44,940] {logging_mixin.py:115} INFO - [2023-08-01 23:19:44,940] {dagbag.py:508} INFO - Filling up the DagBag from /opt/airflow/dags/prepare_proyectos_operator.py
[2023-08-01 23:19:45,446] {processor.py:653} WARNING - No viable dags retrieved from /opt/airflow/dags/prepare_proyectos_operator.py
[2023-08-01 23:19:45,462] {processor.py:161} INFO - Processing /opt/airflow/dags/prepare_proyectos_operator.py took 0.536 seconds
[2023-08-01 23:20:15,733] {processor.py:153} INFO - Started process (PID=2648) to work on /opt/airflow/dags/prepare_proyectos_operator.py
[2023-08-01 23:20:15,735] {processor.py:641} INFO - Processing file /opt/airflow/dags/prepare_proyectos_operator.py for tasks to queue
[2023-08-01 23:20:15,737] {logging_mixin.py:115} INFO - [2023-08-01 23:20:15,737] {dagbag.py:508} INFO - Filling up the DagBag from /opt/airflow/dags/prepare_proyectos_operator.py
[2023-08-01 23:20:16,271] {processor.py:653} WARNING - No viable dags retrieved from /opt/airflow/dags/prepare_proyectos_operator.py
[2023-08-01 23:20:16,288] {processor.py:161} INFO - Processing /opt/airflow/dags/prepare_proyectos_operator.py took 0.563 seconds
[2023-08-01 23:20:47,120] {processor.py:153} INFO - Started process (PID=2695) to work on /opt/airflow/dags/prepare_proyectos_operator.py
[2023-08-01 23:20:47,121] {processor.py:641} INFO - Processing file /opt/airflow/dags/prepare_proyectos_operator.py for tasks to queue
[2023-08-01 23:20:47,123] {logging_mixin.py:115} INFO - [2023-08-01 23:20:47,123] {dagbag.py:508} INFO - Filling up the DagBag from /opt/airflow/dags/prepare_proyectos_operator.py
[2023-08-01 23:20:47,586] {processor.py:653} WARNING - No viable dags retrieved from /opt/airflow/dags/prepare_proyectos_operator.py
[2023-08-01 23:20:47,604] {processor.py:161} INFO - Processing /opt/airflow/dags/prepare_proyectos_operator.py took 0.492 seconds
[2023-08-01 23:21:18,397] {processor.py:153} INFO - Started process (PID=2753) to work on /opt/airflow/dags/prepare_proyectos_operator.py
[2023-08-01 23:21:18,399] {processor.py:641} INFO - Processing file /opt/airflow/dags/prepare_proyectos_operator.py for tasks to queue
[2023-08-01 23:21:18,400] {logging_mixin.py:115} INFO - [2023-08-01 23:21:18,400] {dagbag.py:508} INFO - Filling up the DagBag from /opt/airflow/dags/prepare_proyectos_operator.py
[2023-08-01 23:21:18,703] {processor.py:653} WARNING - No viable dags retrieved from /opt/airflow/dags/prepare_proyectos_operator.py
[2023-08-01 23:21:18,723] {processor.py:161} INFO - Processing /opt/airflow/dags/prepare_proyectos_operator.py took 0.811 seconds
[2023-08-01 23:21:49,596] {processor.py:153} INFO - Started process (PID=2810) to work on /opt/airflow/dags/prepare_proyectos_operator.py
[2023-08-01 23:21:49,598] {processor.py:641} INFO - Processing file /opt/airflow/dags/prepare_proyectos_operator.py for tasks to queue
[2023-08-01 23:21:49,599] {logging_mixin.py:115} INFO - [2023-08-01 23:21:49,599] {dagbag.py:508} INFO - Filling up the DagBag from /opt/airflow/dags/prepare_proyectos_operator.py
[2023-08-01 23:21:49,883] {processor.py:653} WARNING - No viable dags retrieved from /opt/airflow/dags/prepare_proyectos_operator.py
[2023-08-01 23:21:49,906] {processor.py:161} INFO - Processing /opt/airflow/dags/prepare_proyectos_operator.py took 0.710 seconds
[2023-08-01 23:22:21,131] {processor.py:153} INFO - Started process (PID=2867) to work on /opt/airflow/dags/prepare_proyectos_operator.py
[2023-08-01 23:22:21,133] {processor.py:641} INFO - Processing file /opt/airflow/dags/prepare_proyectos_operator.py for tasks to queue
[2023-08-01 23:22:21,134] {logging_mixin.py:115} INFO - [2023-08-01 23:22:21,134] {dagbag.py:508} INFO - Filling up the DagBag from /opt/airflow/dags/prepare_proyectos_operator.py
[2023-08-01 23:22:21,290] {processor.py:653} WARNING - No viable dags retrieved from /opt/airflow/dags/prepare_proyectos_operator.py
[2023-08-01 23:22:21,303] {processor.py:161} INFO - Processing /opt/airflow/dags/prepare_proyectos_operator.py took 0.489 seconds
[2023-08-01 23:22:51,698] {processor.py:153} INFO - Started process (PID=2916) to work on /opt/airflow/dags/prepare_proyectos_operator.py
[2023-08-01 23:22:51,700] {processor.py:641} INFO - Processing file /opt/airflow/dags/prepare_proyectos_operator.py for tasks to queue
[2023-08-01 23:22:51,701] {logging_mixin.py:115} INFO - [2023-08-01 23:22:51,701] {dagbag.py:508} INFO - Filling up the DagBag from /opt/airflow/dags/prepare_proyectos_operator.py
[2023-08-01 23:22:52,096] {processor.py:653} WARNING - No viable dags retrieved from /opt/airflow/dags/prepare_proyectos_operator.py
[2023-08-01 23:22:52,141] {processor.py:161} INFO - Processing /opt/airflow/dags/prepare_proyectos_operator.py took 0.454 seconds
[2023-08-01 23:23:22,389] {processor.py:153} INFO - Started process (PID=2972) to work on /opt/airflow/dags/prepare_proyectos_operator.py
[2023-08-01 23:23:22,391] {processor.py:641} INFO - Processing file /opt/airflow/dags/prepare_proyectos_operator.py for tasks to queue
[2023-08-01 23:23:22,393] {logging_mixin.py:115} INFO - [2023-08-01 23:23:22,393] {dagbag.py:508} INFO - Filling up the DagBag from /opt/airflow/dags/prepare_proyectos_operator.py
[2023-08-01 23:23:22,649] {processor.py:653} WARNING - No viable dags retrieved from /opt/airflow/dags/prepare_proyectos_operator.py
[2023-08-01 23:23:22,677] {processor.py:161} INFO - Processing /opt/airflow/dags/prepare_proyectos_operator.py took 0.295 seconds
[2023-08-01 23:23:53,161] {processor.py:153} INFO - Started process (PID=3029) to work on /opt/airflow/dags/prepare_proyectos_operator.py
[2023-08-01 23:23:53,170] {processor.py:641} INFO - Processing file /opt/airflow/dags/prepare_proyectos_operator.py for tasks to queue
[2023-08-01 23:23:53,177] {logging_mixin.py:115} INFO - [2023-08-01 23:23:53,177] {dagbag.py:508} INFO - Filling up the DagBag from /opt/airflow/dags/prepare_proyectos_operator.py
[2023-08-01 23:23:53,480] {processor.py:653} WARNING - No viable dags retrieved from /opt/airflow/dags/prepare_proyectos_operator.py
[2023-08-01 23:23:53,529] {processor.py:161} INFO - Processing /opt/airflow/dags/prepare_proyectos_operator.py took 0.400 seconds
[2023-08-01 23:24:24,439] {processor.py:153} INFO - Started process (PID=3086) to work on /opt/airflow/dags/prepare_proyectos_operator.py
[2023-08-01 23:24:24,440] {processor.py:641} INFO - Processing file /opt/airflow/dags/prepare_proyectos_operator.py for tasks to queue
[2023-08-01 23:24:24,442] {logging_mixin.py:115} INFO - [2023-08-01 23:24:24,442] {dagbag.py:508} INFO - Filling up the DagBag from /opt/airflow/dags/prepare_proyectos_operator.py
[2023-08-01 23:24:24,680] {processor.py:653} WARNING - No viable dags retrieved from /opt/airflow/dags/prepare_proyectos_operator.py
[2023-08-01 23:24:24,705] {processor.py:161} INFO - Processing /opt/airflow/dags/prepare_proyectos_operator.py took 0.270 seconds
[2023-08-01 23:24:55,112] {processor.py:153} INFO - Started process (PID=3141) to work on /opt/airflow/dags/prepare_proyectos_operator.py
[2023-08-01 23:24:55,115] {processor.py:641} INFO - Processing file /opt/airflow/dags/prepare_proyectos_operator.py for tasks to queue
[2023-08-01 23:24:55,120] {logging_mixin.py:115} INFO - [2023-08-01 23:24:55,120] {dagbag.py:508} INFO - Filling up the DagBag from /opt/airflow/dags/prepare_proyectos_operator.py
[2023-08-01 23:24:55,417] {processor.py:653} WARNING - No viable dags retrieved from /opt/airflow/dags/prepare_proyectos_operator.py
[2023-08-01 23:24:55,442] {processor.py:161} INFO - Processing /opt/airflow/dags/prepare_proyectos_operator.py took 0.340 seconds
[2023-08-01 23:25:25,610] {processor.py:153} INFO - Started process (PID=3191) to work on /opt/airflow/dags/prepare_proyectos_operator.py
[2023-08-01 23:25:25,614] {processor.py:641} INFO - Processing file /opt/airflow/dags/prepare_proyectos_operator.py for tasks to queue
[2023-08-01 23:25:25,616] {logging_mixin.py:115} INFO - [2023-08-01 23:25:25,616] {dagbag.py:508} INFO - Filling up the DagBag from /opt/airflow/dags/prepare_proyectos_operator.py
[2023-08-01 23:25:25,883] {processor.py:653} WARNING - No viable dags retrieved from /opt/airflow/dags/prepare_proyectos_operator.py
[2023-08-01 23:25:25,908] {processor.py:161} INFO - Processing /opt/airflow/dags/prepare_proyectos_operator.py took 0.308 seconds
[2023-08-01 23:25:56,798] {processor.py:153} INFO - Started process (PID=3248) to work on /opt/airflow/dags/prepare_proyectos_operator.py
[2023-08-01 23:25:56,803] {processor.py:641} INFO - Processing file /opt/airflow/dags/prepare_proyectos_operator.py for tasks to queue
[2023-08-01 23:25:56,804] {logging_mixin.py:115} INFO - [2023-08-01 23:25:56,804] {dagbag.py:508} INFO - Filling up the DagBag from /opt/airflow/dags/prepare_proyectos_operator.py
[2023-08-01 23:25:57,156] {processor.py:653} WARNING - No viable dags retrieved from /opt/airflow/dags/prepare_proyectos_operator.py
[2023-08-01 23:25:57,217] {processor.py:161} INFO - Processing /opt/airflow/dags/prepare_proyectos_operator.py took 0.434 seconds
[2023-08-01 23:26:27,493] {processor.py:153} INFO - Started process (PID=3305) to work on /opt/airflow/dags/prepare_proyectos_operator.py
[2023-08-01 23:26:27,496] {processor.py:641} INFO - Processing file /opt/airflow/dags/prepare_proyectos_operator.py for tasks to queue
[2023-08-01 23:26:27,497] {logging_mixin.py:115} INFO - [2023-08-01 23:26:27,497] {dagbag.py:508} INFO - Filling up the DagBag from /opt/airflow/dags/prepare_proyectos_operator.py
[2023-08-01 23:26:27,760] {processor.py:653} WARNING - No viable dags retrieved from /opt/airflow/dags/prepare_proyectos_operator.py
[2023-08-01 23:26:27,787] {processor.py:161} INFO - Processing /opt/airflow/dags/prepare_proyectos_operator.py took 0.301 seconds
[2023-08-01 23:26:51,734] {processor.py:153} INFO - Started process (PID=3353) to work on /opt/airflow/dags/prepare_proyectos_operator.py
[2023-08-01 23:26:51,737] {processor.py:641} INFO - Processing file /opt/airflow/dags/prepare_proyectos_operator.py for tasks to queue
[2023-08-01 23:26:51,742] {logging_mixin.py:115} INFO - [2023-08-01 23:26:51,741] {dagbag.py:508} INFO - Filling up the DagBag from /opt/airflow/dags/prepare_proyectos_operator.py
[2023-08-01 23:26:52,166] {processor.py:653} WARNING - No viable dags retrieved from /opt/airflow/dags/prepare_proyectos_operator.py
[2023-08-01 23:26:52,203] {processor.py:161} INFO - Processing /opt/airflow/dags/prepare_proyectos_operator.py took 0.484 seconds
[2023-08-01 23:27:22,813] {processor.py:153} INFO - Started process (PID=3411) to work on /opt/airflow/dags/prepare_proyectos_operator.py
[2023-08-01 23:27:22,815] {processor.py:641} INFO - Processing file /opt/airflow/dags/prepare_proyectos_operator.py for tasks to queue
[2023-08-01 23:27:22,817] {logging_mixin.py:115} INFO - [2023-08-01 23:27:22,817] {dagbag.py:508} INFO - Filling up the DagBag from /opt/airflow/dags/prepare_proyectos_operator.py
[2023-08-01 23:27:23,123] {processor.py:653} WARNING - No viable dags retrieved from /opt/airflow/dags/prepare_proyectos_operator.py
[2023-08-01 23:27:23,151] {processor.py:161} INFO - Processing /opt/airflow/dags/prepare_proyectos_operator.py took 0.349 seconds
[2023-08-01 23:27:53,863] {processor.py:153} INFO - Started process (PID=3468) to work on /opt/airflow/dags/prepare_proyectos_operator.py
[2023-08-01 23:27:53,865] {processor.py:641} INFO - Processing file /opt/airflow/dags/prepare_proyectos_operator.py for tasks to queue
[2023-08-01 23:27:53,866] {logging_mixin.py:115} INFO - [2023-08-01 23:27:53,866] {dagbag.py:508} INFO - Filling up the DagBag from /opt/airflow/dags/prepare_proyectos_operator.py
[2023-08-01 23:27:54,228] {processor.py:653} WARNING - No viable dags retrieved from /opt/airflow/dags/prepare_proyectos_operator.py
[2023-08-01 23:27:54,269] {processor.py:161} INFO - Processing /opt/airflow/dags/prepare_proyectos_operator.py took 0.411 seconds
[2023-08-01 23:28:24,995] {processor.py:153} INFO - Started process (PID=3525) to work on /opt/airflow/dags/prepare_proyectos_operator.py
[2023-08-01 23:28:24,999] {processor.py:641} INFO - Processing file /opt/airflow/dags/prepare_proyectos_operator.py for tasks to queue
[2023-08-01 23:28:25,001] {logging_mixin.py:115} INFO - [2023-08-01 23:28:25,001] {dagbag.py:508} INFO - Filling up the DagBag from /opt/airflow/dags/prepare_proyectos_operator.py
[2023-08-01 23:28:25,219] {processor.py:653} WARNING - No viable dags retrieved from /opt/airflow/dags/prepare_proyectos_operator.py
[2023-08-01 23:28:25,244] {processor.py:161} INFO - Processing /opt/airflow/dags/prepare_proyectos_operator.py took 0.254 seconds
[2023-08-01 23:28:55,665] {processor.py:153} INFO - Started process (PID=3583) to work on /opt/airflow/dags/prepare_proyectos_operator.py
[2023-08-01 23:28:55,667] {processor.py:641} INFO - Processing file /opt/airflow/dags/prepare_proyectos_operator.py for tasks to queue
[2023-08-01 23:28:55,669] {logging_mixin.py:115} INFO - [2023-08-01 23:28:55,669] {dagbag.py:508} INFO - Filling up the DagBag from /opt/airflow/dags/prepare_proyectos_operator.py
[2023-08-01 23:28:55,924] {processor.py:653} WARNING - No viable dags retrieved from /opt/airflow/dags/prepare_proyectos_operator.py
[2023-08-01 23:28:55,955] {processor.py:161} INFO - Processing /opt/airflow/dags/prepare_proyectos_operator.py took 0.299 seconds
[2023-08-01 23:29:26,577] {processor.py:153} INFO - Started process (PID=3631) to work on /opt/airflow/dags/prepare_proyectos_operator.py
[2023-08-01 23:29:26,583] {processor.py:641} INFO - Processing file /opt/airflow/dags/prepare_proyectos_operator.py for tasks to queue
[2023-08-01 23:29:26,589] {logging_mixin.py:115} INFO - [2023-08-01 23:29:26,588] {dagbag.py:508} INFO - Filling up the DagBag from /opt/airflow/dags/prepare_proyectos_operator.py
[2023-08-01 23:29:26,862] {processor.py:653} WARNING - No viable dags retrieved from /opt/airflow/dags/prepare_proyectos_operator.py
[2023-08-01 23:29:26,893] {processor.py:161} INFO - Processing /opt/airflow/dags/prepare_proyectos_operator.py took 0.331 seconds
[2023-08-01 23:29:57,110] {processor.py:153} INFO - Started process (PID=3688) to work on /opt/airflow/dags/prepare_proyectos_operator.py
[2023-08-01 23:29:57,113] {processor.py:641} INFO - Processing file /opt/airflow/dags/prepare_proyectos_operator.py for tasks to queue
[2023-08-01 23:29:57,115] {logging_mixin.py:115} INFO - [2023-08-01 23:29:57,115] {dagbag.py:508} INFO - Filling up the DagBag from /opt/airflow/dags/prepare_proyectos_operator.py
[2023-08-01 23:29:57,540] {processor.py:653} WARNING - No viable dags retrieved from /opt/airflow/dags/prepare_proyectos_operator.py
[2023-08-01 23:29:57,593] {processor.py:161} INFO - Processing /opt/airflow/dags/prepare_proyectos_operator.py took 0.512 seconds
[2023-08-01 23:30:27,853] {processor.py:153} INFO - Started process (PID=3746) to work on /opt/airflow/dags/prepare_proyectos_operator.py
[2023-08-01 23:30:27,857] {processor.py:641} INFO - Processing file /opt/airflow/dags/prepare_proyectos_operator.py for tasks to queue
[2023-08-01 23:30:27,859] {logging_mixin.py:115} INFO - [2023-08-01 23:30:27,859] {dagbag.py:508} INFO - Filling up the DagBag from /opt/airflow/dags/prepare_proyectos_operator.py
[2023-08-01 23:30:28,098] {processor.py:653} WARNING - No viable dags retrieved from /opt/airflow/dags/prepare_proyectos_operator.py
[2023-08-01 23:30:28,126] {processor.py:161} INFO - Processing /opt/airflow/dags/prepare_proyectos_operator.py took 0.284 seconds
[2023-08-01 23:30:58,290] {processor.py:153} INFO - Started process (PID=3803) to work on /opt/airflow/dags/prepare_proyectos_operator.py
[2023-08-01 23:30:58,292] {processor.py:641} INFO - Processing file /opt/airflow/dags/prepare_proyectos_operator.py for tasks to queue
[2023-08-01 23:30:58,294] {logging_mixin.py:115} INFO - [2023-08-01 23:30:58,294] {dagbag.py:508} INFO - Filling up the DagBag from /opt/airflow/dags/prepare_proyectos_operator.py
[2023-08-01 23:30:58,734] {processor.py:653} WARNING - No viable dags retrieved from /opt/airflow/dags/prepare_proyectos_operator.py
[2023-08-01 23:30:58,777] {processor.py:161} INFO - Processing /opt/airflow/dags/prepare_proyectos_operator.py took 0.495 seconds
[2023-08-01 23:31:28,919] {processor.py:153} INFO - Started process (PID=3851) to work on /opt/airflow/dags/prepare_proyectos_operator.py
[2023-08-01 23:31:28,923] {processor.py:641} INFO - Processing file /opt/airflow/dags/prepare_proyectos_operator.py for tasks to queue
[2023-08-01 23:31:28,947] {logging_mixin.py:115} INFO - [2023-08-01 23:31:28,925] {dagbag.py:508} INFO - Filling up the DagBag from /opt/airflow/dags/prepare_proyectos_operator.py
[2023-08-01 23:31:29,297] {processor.py:653} WARNING - No viable dags retrieved from /opt/airflow/dags/prepare_proyectos_operator.py
[2023-08-01 23:31:29,353] {processor.py:161} INFO - Processing /opt/airflow/dags/prepare_proyectos_operator.py took 0.445 seconds
[2023-08-01 23:31:59,851] {processor.py:153} INFO - Started process (PID=3908) to work on /opt/airflow/dags/prepare_proyectos_operator.py
[2023-08-01 23:31:59,854] {processor.py:641} INFO - Processing file /opt/airflow/dags/prepare_proyectos_operator.py for tasks to queue
[2023-08-01 23:31:59,857] {logging_mixin.py:115} INFO - [2023-08-01 23:31:59,855] {dagbag.py:508} INFO - Filling up the DagBag from /opt/airflow/dags/prepare_proyectos_operator.py
[2023-08-01 23:32:00,137] {processor.py:653} WARNING - No viable dags retrieved from /opt/airflow/dags/prepare_proyectos_operator.py
[2023-08-01 23:32:00,166] {processor.py:161} INFO - Processing /opt/airflow/dags/prepare_proyectos_operator.py took 0.327 seconds
[2023-08-01 23:32:05,009] {processor.py:153} INFO - Started process (PID=3919) to work on /opt/airflow/dags/prepare_proyectos_operator.py
[2023-08-01 23:32:05,011] {processor.py:641} INFO - Processing file /opt/airflow/dags/prepare_proyectos_operator.py for tasks to queue
[2023-08-01 23:32:05,015] {logging_mixin.py:115} INFO - [2023-08-01 23:32:05,012] {dagbag.py:508} INFO - Filling up the DagBag from /opt/airflow/dags/prepare_proyectos_operator.py
[2023-08-01 23:32:05,408] {processor.py:653} WARNING - No viable dags retrieved from /opt/airflow/dags/prepare_proyectos_operator.py
[2023-08-01 23:32:05,458] {processor.py:161} INFO - Processing /opt/airflow/dags/prepare_proyectos_operator.py took 0.457 seconds
[2023-08-01 23:32:36,246] {processor.py:153} INFO - Started process (PID=3974) to work on /opt/airflow/dags/prepare_proyectos_operator.py
[2023-08-01 23:32:36,247] {processor.py:641} INFO - Processing file /opt/airflow/dags/prepare_proyectos_operator.py for tasks to queue
[2023-08-01 23:32:36,250] {logging_mixin.py:115} INFO - [2023-08-01 23:32:36,250] {dagbag.py:508} INFO - Filling up the DagBag from /opt/airflow/dags/prepare_proyectos_operator.py
[2023-08-01 23:32:36,507] {processor.py:653} WARNING - No viable dags retrieved from /opt/airflow/dags/prepare_proyectos_operator.py
[2023-08-01 23:32:36,545] {processor.py:161} INFO - Processing /opt/airflow/dags/prepare_proyectos_operator.py took 0.305 seconds
[2023-08-01 23:33:06,852] {processor.py:153} INFO - Started process (PID=4030) to work on /opt/airflow/dags/prepare_proyectos_operator.py
[2023-08-01 23:33:06,854] {processor.py:641} INFO - Processing file /opt/airflow/dags/prepare_proyectos_operator.py for tasks to queue
[2023-08-01 23:33:06,855] {logging_mixin.py:115} INFO - [2023-08-01 23:33:06,855] {dagbag.py:508} INFO - Filling up the DagBag from /opt/airflow/dags/prepare_proyectos_operator.py
[2023-08-01 23:33:07,081] {processor.py:653} WARNING - No viable dags retrieved from /opt/airflow/dags/prepare_proyectos_operator.py
[2023-08-01 23:33:07,104] {processor.py:161} INFO - Processing /opt/airflow/dags/prepare_proyectos_operator.py took 0.258 seconds
[2023-08-01 23:33:37,461] {processor.py:153} INFO - Started process (PID=4078) to work on /opt/airflow/dags/prepare_proyectos_operator.py
[2023-08-01 23:33:37,464] {processor.py:641} INFO - Processing file /opt/airflow/dags/prepare_proyectos_operator.py for tasks to queue
[2023-08-01 23:33:37,466] {logging_mixin.py:115} INFO - [2023-08-01 23:33:37,465] {dagbag.py:508} INFO - Filling up the DagBag from /opt/airflow/dags/prepare_proyectos_operator.py
[2023-08-01 23:33:37,817] {processor.py:653} WARNING - No viable dags retrieved from /opt/airflow/dags/prepare_proyectos_operator.py
[2023-08-01 23:33:37,854] {processor.py:161} INFO - Processing /opt/airflow/dags/prepare_proyectos_operator.py took 0.420 seconds
[2023-08-01 23:34:08,232] {processor.py:153} INFO - Started process (PID=4135) to work on /opt/airflow/dags/prepare_proyectos_operator.py
[2023-08-01 23:34:08,234] {processor.py:641} INFO - Processing file /opt/airflow/dags/prepare_proyectos_operator.py for tasks to queue
[2023-08-01 23:34:08,236] {logging_mixin.py:115} INFO - [2023-08-01 23:34:08,236] {dagbag.py:508} INFO - Filling up the DagBag from /opt/airflow/dags/prepare_proyectos_operator.py
[2023-08-01 23:34:08,525] {processor.py:653} WARNING - No viable dags retrieved from /opt/airflow/dags/prepare_proyectos_operator.py
[2023-08-01 23:34:08,553] {processor.py:161} INFO - Processing /opt/airflow/dags/prepare_proyectos_operator.py took 0.332 seconds
[2023-08-01 23:34:38,645] {processor.py:153} INFO - Started process (PID=4192) to work on /opt/airflow/dags/prepare_proyectos_operator.py
[2023-08-01 23:34:38,647] {processor.py:641} INFO - Processing file /opt/airflow/dags/prepare_proyectos_operator.py for tasks to queue
[2023-08-01 23:34:38,650] {logging_mixin.py:115} INFO - [2023-08-01 23:34:38,649] {dagbag.py:508} INFO - Filling up the DagBag from /opt/airflow/dags/prepare_proyectos_operator.py
[2023-08-01 23:34:38,879] {processor.py:653} WARNING - No viable dags retrieved from /opt/airflow/dags/prepare_proyectos_operator.py
[2023-08-01 23:34:38,899] {processor.py:161} INFO - Processing /opt/airflow/dags/prepare_proyectos_operator.py took 0.266 seconds
[2023-08-01 23:35:09,459] {processor.py:153} INFO - Started process (PID=4247) to work on /opt/airflow/dags/prepare_proyectos_operator.py
[2023-08-01 23:35:09,461] {processor.py:641} INFO - Processing file /opt/airflow/dags/prepare_proyectos_operator.py for tasks to queue
[2023-08-01 23:35:09,463] {logging_mixin.py:115} INFO - [2023-08-01 23:35:09,463] {dagbag.py:508} INFO - Filling up the DagBag from /opt/airflow/dags/prepare_proyectos_operator.py
[2023-08-01 23:35:09,882] {processor.py:653} WARNING - No viable dags retrieved from /opt/airflow/dags/prepare_proyectos_operator.py
[2023-08-01 23:35:09,916] {processor.py:161} INFO - Processing /opt/airflow/dags/prepare_proyectos_operator.py took 0.469 seconds
[2023-08-01 23:35:40,425] {processor.py:153} INFO - Started process (PID=4297) to work on /opt/airflow/dags/prepare_proyectos_operator.py
[2023-08-01 23:35:40,428] {processor.py:641} INFO - Processing file /opt/airflow/dags/prepare_proyectos_operator.py for tasks to queue
[2023-08-01 23:35:40,429] {logging_mixin.py:115} INFO - [2023-08-01 23:35:40,429] {dagbag.py:508} INFO - Filling up the DagBag from /opt/airflow/dags/prepare_proyectos_operator.py
[2023-08-01 23:35:40,684] {processor.py:653} WARNING - No viable dags retrieved from /opt/airflow/dags/prepare_proyectos_operator.py
[2023-08-01 23:35:40,723] {processor.py:161} INFO - Processing /opt/airflow/dags/prepare_proyectos_operator.py took 0.307 seconds
[2023-08-01 23:36:11,104] {processor.py:153} INFO - Started process (PID=4354) to work on /opt/airflow/dags/prepare_proyectos_operator.py
[2023-08-01 23:36:11,106] {processor.py:641} INFO - Processing file /opt/airflow/dags/prepare_proyectos_operator.py for tasks to queue
[2023-08-01 23:36:11,107] {logging_mixin.py:115} INFO - [2023-08-01 23:36:11,107] {dagbag.py:508} INFO - Filling up the DagBag from /opt/airflow/dags/prepare_proyectos_operator.py
[2023-08-01 23:36:11,391] {processor.py:653} WARNING - No viable dags retrieved from /opt/airflow/dags/prepare_proyectos_operator.py
[2023-08-01 23:36:11,441] {processor.py:161} INFO - Processing /opt/airflow/dags/prepare_proyectos_operator.py took 0.342 seconds
[2023-08-01 23:36:41,737] {processor.py:153} INFO - Started process (PID=4411) to work on /opt/airflow/dags/prepare_proyectos_operator.py
[2023-08-01 23:36:41,739] {processor.py:641} INFO - Processing file /opt/airflow/dags/prepare_proyectos_operator.py for tasks to queue
[2023-08-01 23:36:41,741] {logging_mixin.py:115} INFO - [2023-08-01 23:36:41,740] {dagbag.py:508} INFO - Filling up the DagBag from /opt/airflow/dags/prepare_proyectos_operator.py
[2023-08-01 23:36:42,048] {processor.py:653} WARNING - No viable dags retrieved from /opt/airflow/dags/prepare_proyectos_operator.py
[2023-08-01 23:36:42,094] {processor.py:161} INFO - Processing /opt/airflow/dags/prepare_proyectos_operator.py took 0.365 seconds
[2023-08-01 23:37:12,201] {processor.py:153} INFO - Started process (PID=4466) to work on /opt/airflow/dags/prepare_proyectos_operator.py
[2023-08-01 23:37:12,203] {processor.py:641} INFO - Processing file /opt/airflow/dags/prepare_proyectos_operator.py for tasks to queue
[2023-08-01 23:37:12,205] {logging_mixin.py:115} INFO - [2023-08-01 23:37:12,205] {dagbag.py:508} INFO - Filling up the DagBag from /opt/airflow/dags/prepare_proyectos_operator.py
[2023-08-01 23:37:12,516] {processor.py:653} WARNING - No viable dags retrieved from /opt/airflow/dags/prepare_proyectos_operator.py
[2023-08-01 23:37:12,573] {processor.py:161} INFO - Processing /opt/airflow/dags/prepare_proyectos_operator.py took 0.381 seconds
[2023-08-01 23:37:43,375] {processor.py:153} INFO - Started process (PID=4517) to work on /opt/airflow/dags/prepare_proyectos_operator.py
[2023-08-01 23:37:43,376] {processor.py:641} INFO - Processing file /opt/airflow/dags/prepare_proyectos_operator.py for tasks to queue
[2023-08-01 23:37:43,378] {logging_mixin.py:115} INFO - [2023-08-01 23:37:43,377] {dagbag.py:508} INFO - Filling up the DagBag from /opt/airflow/dags/prepare_proyectos_operator.py
[2023-08-01 23:37:43,622] {processor.py:653} WARNING - No viable dags retrieved from /opt/airflow/dags/prepare_proyectos_operator.py
[2023-08-01 23:37:43,648] {processor.py:161} INFO - Processing /opt/airflow/dags/prepare_proyectos_operator.py took 0.279 seconds
[2023-08-01 23:38:13,783] {processor.py:153} INFO - Started process (PID=4574) to work on /opt/airflow/dags/prepare_proyectos_operator.py
[2023-08-01 23:38:13,785] {processor.py:641} INFO - Processing file /opt/airflow/dags/prepare_proyectos_operator.py for tasks to queue
[2023-08-01 23:38:13,787] {logging_mixin.py:115} INFO - [2023-08-01 23:38:13,787] {dagbag.py:508} INFO - Filling up the DagBag from /opt/airflow/dags/prepare_proyectos_operator.py
[2023-08-01 23:38:14,047] {processor.py:653} WARNING - No viable dags retrieved from /opt/airflow/dags/prepare_proyectos_operator.py
[2023-08-01 23:38:14,071] {processor.py:161} INFO - Processing /opt/airflow/dags/prepare_proyectos_operator.py took 0.294 seconds
[2023-08-01 23:38:45,075] {processor.py:153} INFO - Started process (PID=4631) to work on /opt/airflow/dags/prepare_proyectos_operator.py
[2023-08-01 23:38:45,077] {processor.py:641} INFO - Processing file /opt/airflow/dags/prepare_proyectos_operator.py for tasks to queue
[2023-08-01 23:38:45,078] {logging_mixin.py:115} INFO - [2023-08-01 23:38:45,078] {dagbag.py:508} INFO - Filling up the DagBag from /opt/airflow/dags/prepare_proyectos_operator.py
[2023-08-01 23:38:45,357] {processor.py:653} WARNING - No viable dags retrieved from /opt/airflow/dags/prepare_proyectos_operator.py
[2023-08-01 23:38:45,383] {processor.py:161} INFO - Processing /opt/airflow/dags/prepare_proyectos_operator.py took 0.315 seconds
[2023-08-01 23:39:16,181] {processor.py:153} INFO - Started process (PID=4688) to work on /opt/airflow/dags/prepare_proyectos_operator.py
[2023-08-01 23:39:16,182] {processor.py:641} INFO - Processing file /opt/airflow/dags/prepare_proyectos_operator.py for tasks to queue
[2023-08-01 23:39:16,184] {logging_mixin.py:115} INFO - [2023-08-01 23:39:16,184] {dagbag.py:508} INFO - Filling up the DagBag from /opt/airflow/dags/prepare_proyectos_operator.py
[2023-08-01 23:39:16,421] {processor.py:653} WARNING - No viable dags retrieved from /opt/airflow/dags/prepare_proyectos_operator.py
[2023-08-01 23:39:16,451] {processor.py:161} INFO - Processing /opt/airflow/dags/prepare_proyectos_operator.py took 0.276 seconds
[2023-08-01 23:39:47,062] {processor.py:153} INFO - Started process (PID=4736) to work on /opt/airflow/dags/prepare_proyectos_operator.py
[2023-08-01 23:39:47,064] {processor.py:641} INFO - Processing file /opt/airflow/dags/prepare_proyectos_operator.py for tasks to queue
[2023-08-01 23:39:47,065] {logging_mixin.py:115} INFO - [2023-08-01 23:39:47,065] {dagbag.py:508} INFO - Filling up the DagBag from /opt/airflow/dags/prepare_proyectos_operator.py
[2023-08-01 23:39:47,471] {processor.py:653} WARNING - No viable dags retrieved from /opt/airflow/dags/prepare_proyectos_operator.py
[2023-08-01 23:39:47,534] {processor.py:161} INFO - Processing /opt/airflow/dags/prepare_proyectos_operator.py took 0.479 seconds
[2023-08-01 23:40:17,751] {processor.py:153} INFO - Started process (PID=4794) to work on /opt/airflow/dags/prepare_proyectos_operator.py
[2023-08-01 23:40:17,753] {processor.py:641} INFO - Processing file /opt/airflow/dags/prepare_proyectos_operator.py for tasks to queue
[2023-08-01 23:40:17,754] {logging_mixin.py:115} INFO - [2023-08-01 23:40:17,754] {dagbag.py:508} INFO - Filling up the DagBag from /opt/airflow/dags/prepare_proyectos_operator.py
[2023-08-01 23:40:17,992] {processor.py:653} WARNING - No viable dags retrieved from /opt/airflow/dags/prepare_proyectos_operator.py
[2023-08-01 23:40:18,019] {processor.py:161} INFO - Processing /opt/airflow/dags/prepare_proyectos_operator.py took 0.275 seconds
[2023-08-01 23:40:48,175] {processor.py:153} INFO - Started process (PID=4852) to work on /opt/airflow/dags/prepare_proyectos_operator.py
[2023-08-01 23:40:48,177] {processor.py:641} INFO - Processing file /opt/airflow/dags/prepare_proyectos_operator.py for tasks to queue
[2023-08-01 23:40:48,179] {logging_mixin.py:115} INFO - [2023-08-01 23:40:48,179] {dagbag.py:508} INFO - Filling up the DagBag from /opt/airflow/dags/prepare_proyectos_operator.py
[2023-08-01 23:40:48,448] {processor.py:653} WARNING - No viable dags retrieved from /opt/airflow/dags/prepare_proyectos_operator.py
[2023-08-01 23:40:48,469] {processor.py:161} INFO - Processing /opt/airflow/dags/prepare_proyectos_operator.py took 0.301 seconds
[2023-08-01 23:41:17,796] {processor.py:153} INFO - Started process (PID=4908) to work on /opt/airflow/dags/prepare_proyectos_operator.py
[2023-08-01 23:41:17,799] {processor.py:641} INFO - Processing file /opt/airflow/dags/prepare_proyectos_operator.py for tasks to queue
[2023-08-01 23:41:17,801] {logging_mixin.py:115} INFO - [2023-08-01 23:41:17,801] {dagbag.py:508} INFO - Filling up the DagBag from /opt/airflow/dags/prepare_proyectos_operator.py
[2023-08-01 23:41:18,278] {processor.py:653} WARNING - No viable dags retrieved from /opt/airflow/dags/prepare_proyectos_operator.py
[2023-08-01 23:41:18,317] {processor.py:161} INFO - Processing /opt/airflow/dags/prepare_proyectos_operator.py took 0.531 seconds
[2023-08-01 23:41:24,923] {processor.py:153} INFO - Started process (PID=4912) to work on /opt/airflow/dags/prepare_proyectos_operator.py
[2023-08-01 23:41:24,926] {processor.py:641} INFO - Processing file /opt/airflow/dags/prepare_proyectos_operator.py for tasks to queue
[2023-08-01 23:41:24,927] {logging_mixin.py:115} INFO - [2023-08-01 23:41:24,927] {dagbag.py:508} INFO - Filling up the DagBag from /opt/airflow/dags/prepare_proyectos_operator.py
[2023-08-01 23:41:25,259] {processor.py:653} WARNING - No viable dags retrieved from /opt/airflow/dags/prepare_proyectos_operator.py
[2023-08-01 23:41:25,289] {processor.py:161} INFO - Processing /opt/airflow/dags/prepare_proyectos_operator.py took 0.376 seconds
[2023-08-01 23:41:30,930] {processor.py:153} INFO - Started process (PID=4927) to work on /opt/airflow/dags/prepare_proyectos_operator.py
[2023-08-01 23:41:30,931] {processor.py:641} INFO - Processing file /opt/airflow/dags/prepare_proyectos_operator.py for tasks to queue
[2023-08-01 23:41:30,932] {logging_mixin.py:115} INFO - [2023-08-01 23:41:30,932] {dagbag.py:508} INFO - Filling up the DagBag from /opt/airflow/dags/prepare_proyectos_operator.py
[2023-08-01 23:41:31,077] {processor.py:653} WARNING - No viable dags retrieved from /opt/airflow/dags/prepare_proyectos_operator.py
[2023-08-01 23:41:31,092] {processor.py:161} INFO - Processing /opt/airflow/dags/prepare_proyectos_operator.py took 0.166 seconds
[2023-08-01 23:42:01,849] {processor.py:153} INFO - Started process (PID=4983) to work on /opt/airflow/dags/prepare_proyectos_operator.py
[2023-08-01 23:42:01,851] {processor.py:641} INFO - Processing file /opt/airflow/dags/prepare_proyectos_operator.py for tasks to queue
[2023-08-01 23:42:01,852] {logging_mixin.py:115} INFO - [2023-08-01 23:42:01,852] {dagbag.py:508} INFO - Filling up the DagBag from /opt/airflow/dags/prepare_proyectos_operator.py
[2023-08-01 23:42:02,051] {processor.py:653} WARNING - No viable dags retrieved from /opt/airflow/dags/prepare_proyectos_operator.py
[2023-08-01 23:42:02,079] {processor.py:161} INFO - Processing /opt/airflow/dags/prepare_proyectos_operator.py took 0.237 seconds
[2023-08-01 23:42:32,923] {processor.py:153} INFO - Started process (PID=5040) to work on /opt/airflow/dags/prepare_proyectos_operator.py
[2023-08-01 23:42:32,924] {processor.py:641} INFO - Processing file /opt/airflow/dags/prepare_proyectos_operator.py for tasks to queue
[2023-08-01 23:42:32,926] {logging_mixin.py:115} INFO - [2023-08-01 23:42:32,926] {dagbag.py:508} INFO - Filling up the DagBag from /opt/airflow/dags/prepare_proyectos_operator.py
[2023-08-01 23:42:33,098] {processor.py:653} WARNING - No viable dags retrieved from /opt/airflow/dags/prepare_proyectos_operator.py
[2023-08-01 23:42:33,119] {processor.py:161} INFO - Processing /opt/airflow/dags/prepare_proyectos_operator.py took 0.201 seconds
[2023-08-01 23:42:41,716] {processor.py:153} INFO - Started process (PID=5075) to work on /opt/airflow/dags/prepare_proyectos_operator.py
[2023-08-01 23:42:41,717] {processor.py:641} INFO - Processing file /opt/airflow/dags/prepare_proyectos_operator.py for tasks to queue
[2023-08-01 23:42:41,718] {logging_mixin.py:115} INFO - [2023-08-01 23:42:41,718] {dagbag.py:508} INFO - Filling up the DagBag from /opt/airflow/dags/prepare_proyectos_operator.py
[2023-08-01 23:42:41,943] {processor.py:653} WARNING - No viable dags retrieved from /opt/airflow/dags/prepare_proyectos_operator.py
[2023-08-01 23:42:41,975] {processor.py:161} INFO - Processing /opt/airflow/dags/prepare_proyectos_operator.py took 0.262 seconds
[2023-08-01 23:43:12,488] {processor.py:153} INFO - Started process (PID=5130) to work on /opt/airflow/dags/prepare_proyectos_operator.py
[2023-08-01 23:43:12,498] {processor.py:641} INFO - Processing file /opt/airflow/dags/prepare_proyectos_operator.py for tasks to queue
[2023-08-01 23:43:12,511] {logging_mixin.py:115} INFO - [2023-08-01 23:43:12,510] {dagbag.py:508} INFO - Filling up the DagBag from /opt/airflow/dags/prepare_proyectos_operator.py
[2023-08-01 23:43:12,929] {processor.py:653} WARNING - No viable dags retrieved from /opt/airflow/dags/prepare_proyectos_operator.py
[2023-08-01 23:43:12,982] {processor.py:161} INFO - Processing /opt/airflow/dags/prepare_proyectos_operator.py took 0.527 seconds
[2023-08-01 23:43:43,157] {processor.py:153} INFO - Started process (PID=5187) to work on /opt/airflow/dags/prepare_proyectos_operator.py
[2023-08-01 23:43:43,159] {processor.py:641} INFO - Processing file /opt/airflow/dags/prepare_proyectos_operator.py for tasks to queue
[2023-08-01 23:43:43,160] {logging_mixin.py:115} INFO - [2023-08-01 23:43:43,160] {dagbag.py:508} INFO - Filling up the DagBag from /opt/airflow/dags/prepare_proyectos_operator.py
[2023-08-01 23:43:43,505] {processor.py:653} WARNING - No viable dags retrieved from /opt/airflow/dags/prepare_proyectos_operator.py
[2023-08-01 23:43:43,530] {processor.py:161} INFO - Processing /opt/airflow/dags/prepare_proyectos_operator.py took 0.382 seconds
[2023-08-01 23:44:13,636] {processor.py:153} INFO - Started process (PID=5244) to work on /opt/airflow/dags/prepare_proyectos_operator.py
[2023-08-01 23:44:13,638] {processor.py:641} INFO - Processing file /opt/airflow/dags/prepare_proyectos_operator.py for tasks to queue
[2023-08-01 23:44:13,639] {logging_mixin.py:115} INFO - [2023-08-01 23:44:13,639] {dagbag.py:508} INFO - Filling up the DagBag from /opt/airflow/dags/prepare_proyectos_operator.py
[2023-08-01 23:44:13,810] {processor.py:653} WARNING - No viable dags retrieved from /opt/airflow/dags/prepare_proyectos_operator.py
[2023-08-01 23:44:13,828] {processor.py:161} INFO - Processing /opt/airflow/dags/prepare_proyectos_operator.py took 0.195 seconds
[2023-08-01 23:44:44,721] {processor.py:153} INFO - Started process (PID=5293) to work on /opt/airflow/dags/prepare_proyectos_operator.py
[2023-08-01 23:44:44,722] {processor.py:641} INFO - Processing file /opt/airflow/dags/prepare_proyectos_operator.py for tasks to queue
[2023-08-01 23:44:44,723] {logging_mixin.py:115} INFO - [2023-08-01 23:44:44,723] {dagbag.py:508} INFO - Filling up the DagBag from /opt/airflow/dags/prepare_proyectos_operator.py
[2023-08-01 23:44:44,907] {processor.py:653} WARNING - No viable dags retrieved from /opt/airflow/dags/prepare_proyectos_operator.py
[2023-08-01 23:44:44,925] {processor.py:161} INFO - Processing /opt/airflow/dags/prepare_proyectos_operator.py took 0.208 seconds
[2023-08-01 23:45:15,416] {processor.py:153} INFO - Started process (PID=5350) to work on /opt/airflow/dags/prepare_proyectos_operator.py
[2023-08-01 23:45:15,417] {processor.py:641} INFO - Processing file /opt/airflow/dags/prepare_proyectos_operator.py for tasks to queue
[2023-08-01 23:45:15,418] {logging_mixin.py:115} INFO - [2023-08-01 23:45:15,418] {dagbag.py:508} INFO - Filling up the DagBag from /opt/airflow/dags/prepare_proyectos_operator.py
[2023-08-01 23:45:15,627] {processor.py:653} WARNING - No viable dags retrieved from /opt/airflow/dags/prepare_proyectos_operator.py
[2023-08-01 23:45:15,643] {processor.py:161} INFO - Processing /opt/airflow/dags/prepare_proyectos_operator.py took 0.233 seconds
[2023-08-01 23:45:24,682] {processor.py:153} INFO - Started process (PID=5361) to work on /opt/airflow/dags/prepare_proyectos_operator.py
[2023-08-01 23:45:24,684] {processor.py:641} INFO - Processing file /opt/airflow/dags/prepare_proyectos_operator.py for tasks to queue
[2023-08-01 23:45:24,687] {logging_mixin.py:115} INFO - [2023-08-01 23:45:24,687] {dagbag.py:508} INFO - Filling up the DagBag from /opt/airflow/dags/prepare_proyectos_operator.py
[2023-08-01 23:45:25,263] {processor.py:653} WARNING - No viable dags retrieved from /opt/airflow/dags/prepare_proyectos_operator.py
[2023-08-01 23:45:25,325] {processor.py:161} INFO - Processing /opt/airflow/dags/prepare_proyectos_operator.py took 0.655 seconds
[2023-08-01 23:45:28,854] {processor.py:153} INFO - Started process (PID=5363) to work on /opt/airflow/dags/prepare_proyectos_operator.py
[2023-08-01 23:45:28,856] {processor.py:641} INFO - Processing file /opt/airflow/dags/prepare_proyectos_operator.py for tasks to queue
[2023-08-01 23:45:28,857] {logging_mixin.py:115} INFO - [2023-08-01 23:45:28,857] {dagbag.py:508} INFO - Filling up the DagBag from /opt/airflow/dags/prepare_proyectos_operator.py
[2023-08-01 23:45:29,078] {processor.py:653} WARNING - No viable dags retrieved from /opt/airflow/dags/prepare_proyectos_operator.py
[2023-08-01 23:45:29,100] {processor.py:161} INFO - Processing /opt/airflow/dags/prepare_proyectos_operator.py took 0.254 seconds
[2023-08-01 23:45:59,625] {processor.py:153} INFO - Started process (PID=5427) to work on /opt/airflow/dags/prepare_proyectos_operator.py
[2023-08-01 23:45:59,627] {processor.py:641} INFO - Processing file /opt/airflow/dags/prepare_proyectos_operator.py for tasks to queue
[2023-08-01 23:45:59,629] {logging_mixin.py:115} INFO - [2023-08-01 23:45:59,629] {dagbag.py:508} INFO - Filling up the DagBag from /opt/airflow/dags/prepare_proyectos_operator.py
[2023-08-01 23:45:59,926] {processor.py:653} WARNING - No viable dags retrieved from /opt/airflow/dags/prepare_proyectos_operator.py
[2023-08-01 23:45:59,960] {processor.py:161} INFO - Processing /opt/airflow/dags/prepare_proyectos_operator.py took 0.342 seconds
[2023-08-01 23:46:30,561] {processor.py:153} INFO - Started process (PID=5475) to work on /opt/airflow/dags/prepare_proyectos_operator.py
[2023-08-01 23:46:30,563] {processor.py:641} INFO - Processing file /opt/airflow/dags/prepare_proyectos_operator.py for tasks to queue
[2023-08-01 23:46:30,565] {logging_mixin.py:115} INFO - [2023-08-01 23:46:30,565] {dagbag.py:508} INFO - Filling up the DagBag from /opt/airflow/dags/prepare_proyectos_operator.py
[2023-08-01 23:46:30,867] {processor.py:653} WARNING - No viable dags retrieved from /opt/airflow/dags/prepare_proyectos_operator.py
[2023-08-01 23:46:30,897] {processor.py:161} INFO - Processing /opt/airflow/dags/prepare_proyectos_operator.py took 0.343 seconds
[2023-08-01 23:47:01,142] {processor.py:153} INFO - Started process (PID=5532) to work on /opt/airflow/dags/prepare_proyectos_operator.py
[2023-08-01 23:47:01,146] {processor.py:641} INFO - Processing file /opt/airflow/dags/prepare_proyectos_operator.py for tasks to queue
[2023-08-01 23:47:01,147] {logging_mixin.py:115} INFO - [2023-08-01 23:47:01,147] {dagbag.py:508} INFO - Filling up the DagBag from /opt/airflow/dags/prepare_proyectos_operator.py
[2023-08-01 23:47:01,371] {processor.py:653} WARNING - No viable dags retrieved from /opt/airflow/dags/prepare_proyectos_operator.py
[2023-08-01 23:47:01,408] {processor.py:161} INFO - Processing /opt/airflow/dags/prepare_proyectos_operator.py took 0.274 seconds
[2023-08-01 23:47:31,585] {processor.py:153} INFO - Started process (PID=5589) to work on /opt/airflow/dags/prepare_proyectos_operator.py
[2023-08-01 23:47:31,587] {processor.py:641} INFO - Processing file /opt/airflow/dags/prepare_proyectos_operator.py for tasks to queue
[2023-08-01 23:47:31,588] {logging_mixin.py:115} INFO - [2023-08-01 23:47:31,588] {dagbag.py:508} INFO - Filling up the DagBag from /opt/airflow/dags/prepare_proyectos_operator.py
[2023-08-01 23:47:31,966] {processor.py:653} WARNING - No viable dags retrieved from /opt/airflow/dags/prepare_proyectos_operator.py
[2023-08-01 23:47:31,994] {processor.py:161} INFO - Processing /opt/airflow/dags/prepare_proyectos_operator.py took 0.417 seconds
[2023-08-01 23:48:02,950] {processor.py:153} INFO - Started process (PID=5646) to work on /opt/airflow/dags/prepare_proyectos_operator.py
[2023-08-01 23:48:02,952] {processor.py:641} INFO - Processing file /opt/airflow/dags/prepare_proyectos_operator.py for tasks to queue
[2023-08-01 23:48:02,953] {logging_mixin.py:115} INFO - [2023-08-01 23:48:02,953] {dagbag.py:508} INFO - Filling up the DagBag from /opt/airflow/dags/prepare_proyectos_operator.py
[2023-08-01 23:48:03,186] {processor.py:653} WARNING - No viable dags retrieved from /opt/airflow/dags/prepare_proyectos_operator.py
[2023-08-01 23:48:03,214] {processor.py:161} INFO - Processing /opt/airflow/dags/prepare_proyectos_operator.py took 0.271 seconds
[2023-08-01 23:48:33,378] {processor.py:153} INFO - Started process (PID=5704) to work on /opt/airflow/dags/prepare_proyectos_operator.py
[2023-08-01 23:48:33,379] {processor.py:641} INFO - Processing file /opt/airflow/dags/prepare_proyectos_operator.py for tasks to queue
[2023-08-01 23:48:33,381] {logging_mixin.py:115} INFO - [2023-08-01 23:48:33,380] {dagbag.py:508} INFO - Filling up the DagBag from /opt/airflow/dags/prepare_proyectos_operator.py
[2023-08-01 23:48:33,608] {processor.py:653} WARNING - No viable dags retrieved from /opt/airflow/dags/prepare_proyectos_operator.py
[2023-08-01 23:48:33,633] {processor.py:161} INFO - Processing /opt/airflow/dags/prepare_proyectos_operator.py took 0.263 seconds
[2023-08-01 23:49:03,857] {processor.py:153} INFO - Started process (PID=5752) to work on /opt/airflow/dags/prepare_proyectos_operator.py
[2023-08-01 23:49:03,860] {processor.py:641} INFO - Processing file /opt/airflow/dags/prepare_proyectos_operator.py for tasks to queue
[2023-08-01 23:49:03,861] {logging_mixin.py:115} INFO - [2023-08-01 23:49:03,861] {dagbag.py:508} INFO - Filling up the DagBag from /opt/airflow/dags/prepare_proyectos_operator.py
[2023-08-01 23:49:04,210] {processor.py:653} WARNING - No viable dags retrieved from /opt/airflow/dags/prepare_proyectos_operator.py
[2023-08-01 23:49:04,242] {processor.py:161} INFO - Processing /opt/airflow/dags/prepare_proyectos_operator.py took 0.404 seconds
[2023-08-01 23:49:34,611] {processor.py:153} INFO - Started process (PID=5809) to work on /opt/airflow/dags/prepare_proyectos_operator.py
[2023-08-01 23:49:34,614] {processor.py:641} INFO - Processing file /opt/airflow/dags/prepare_proyectos_operator.py for tasks to queue
[2023-08-01 23:49:34,616] {logging_mixin.py:115} INFO - [2023-08-01 23:49:34,615] {dagbag.py:508} INFO - Filling up the DagBag from /opt/airflow/dags/prepare_proyectos_operator.py
[2023-08-01 23:49:34,953] {processor.py:653} WARNING - No viable dags retrieved from /opt/airflow/dags/prepare_proyectos_operator.py
[2023-08-01 23:49:34,991] {processor.py:161} INFO - Processing /opt/airflow/dags/prepare_proyectos_operator.py took 0.391 seconds
[2023-08-01 23:50:05,873] {processor.py:153} INFO - Started process (PID=5866) to work on /opt/airflow/dags/prepare_proyectos_operator.py
[2023-08-01 23:50:05,875] {processor.py:641} INFO - Processing file /opt/airflow/dags/prepare_proyectos_operator.py for tasks to queue
[2023-08-01 23:50:05,877] {logging_mixin.py:115} INFO - [2023-08-01 23:50:05,877] {dagbag.py:508} INFO - Filling up the DagBag from /opt/airflow/dags/prepare_proyectos_operator.py
[2023-08-01 23:50:06,095] {processor.py:653} WARNING - No viable dags retrieved from /opt/airflow/dags/prepare_proyectos_operator.py
[2023-08-01 23:50:06,118] {processor.py:161} INFO - Processing /opt/airflow/dags/prepare_proyectos_operator.py took 0.254 seconds
[2023-08-01 23:50:36,904] {processor.py:153} INFO - Started process (PID=5923) to work on /opt/airflow/dags/prepare_proyectos_operator.py
[2023-08-01 23:50:36,907] {processor.py:641} INFO - Processing file /opt/airflow/dags/prepare_proyectos_operator.py for tasks to queue
[2023-08-01 23:50:36,910] {logging_mixin.py:115} INFO - [2023-08-01 23:50:36,909] {dagbag.py:508} INFO - Filling up the DagBag from /opt/airflow/dags/prepare_proyectos_operator.py
[2023-08-01 23:50:37,198] {processor.py:653} WARNING - No viable dags retrieved from /opt/airflow/dags/prepare_proyectos_operator.py
[2023-08-01 23:50:37,222] {processor.py:161} INFO - Processing /opt/airflow/dags/prepare_proyectos_operator.py took 0.329 seconds
[2023-08-01 23:51:08,103] {processor.py:153} INFO - Started process (PID=5980) to work on /opt/airflow/dags/prepare_proyectos_operator.py
[2023-08-01 23:51:08,107] {processor.py:641} INFO - Processing file /opt/airflow/dags/prepare_proyectos_operator.py for tasks to queue
[2023-08-01 23:51:08,110] {logging_mixin.py:115} INFO - [2023-08-01 23:51:08,110] {dagbag.py:508} INFO - Filling up the DagBag from /opt/airflow/dags/prepare_proyectos_operator.py
[2023-08-01 23:51:08,569] {processor.py:653} WARNING - No viable dags retrieved from /opt/airflow/dags/prepare_proyectos_operator.py
[2023-08-01 23:51:08,617] {processor.py:161} INFO - Processing /opt/airflow/dags/prepare_proyectos_operator.py took 0.545 seconds
[2023-08-01 23:51:39,177] {processor.py:153} INFO - Started process (PID=6028) to work on /opt/airflow/dags/prepare_proyectos_operator.py
[2023-08-01 23:51:39,179] {processor.py:641} INFO - Processing file /opt/airflow/dags/prepare_proyectos_operator.py for tasks to queue
[2023-08-01 23:51:39,181] {logging_mixin.py:115} INFO - [2023-08-01 23:51:39,181] {dagbag.py:508} INFO - Filling up the DagBag from /opt/airflow/dags/prepare_proyectos_operator.py
[2023-08-01 23:51:39,461] {processor.py:653} WARNING - No viable dags retrieved from /opt/airflow/dags/prepare_proyectos_operator.py
[2023-08-01 23:51:39,489] {processor.py:161} INFO - Processing /opt/airflow/dags/prepare_proyectos_operator.py took 0.324 seconds
[2023-08-01 23:52:09,619] {processor.py:153} INFO - Started process (PID=6085) to work on /opt/airflow/dags/prepare_proyectos_operator.py
[2023-08-01 23:52:09,621] {processor.py:641} INFO - Processing file /opt/airflow/dags/prepare_proyectos_operator.py for tasks to queue
[2023-08-01 23:52:09,622] {logging_mixin.py:115} INFO - [2023-08-01 23:52:09,622] {dagbag.py:508} INFO - Filling up the DagBag from /opt/airflow/dags/prepare_proyectos_operator.py
[2023-08-01 23:52:09,860] {processor.py:653} WARNING - No viable dags retrieved from /opt/airflow/dags/prepare_proyectos_operator.py
[2023-08-01 23:52:09,883] {processor.py:161} INFO - Processing /opt/airflow/dags/prepare_proyectos_operator.py took 0.272 seconds
[2023-08-01 23:52:40,939] {processor.py:153} INFO - Started process (PID=6142) to work on /opt/airflow/dags/prepare_proyectos_operator.py
[2023-08-01 23:52:40,942] {processor.py:641} INFO - Processing file /opt/airflow/dags/prepare_proyectos_operator.py for tasks to queue
[2023-08-01 23:52:40,943] {logging_mixin.py:115} INFO - [2023-08-01 23:52:40,943] {dagbag.py:508} INFO - Filling up the DagBag from /opt/airflow/dags/prepare_proyectos_operator.py
[2023-08-01 23:52:41,190] {processor.py:653} WARNING - No viable dags retrieved from /opt/airflow/dags/prepare_proyectos_operator.py
[2023-08-01 23:52:41,216] {processor.py:161} INFO - Processing /opt/airflow/dags/prepare_proyectos_operator.py took 0.285 seconds
[2023-08-01 23:53:11,349] {processor.py:153} INFO - Started process (PID=6199) to work on /opt/airflow/dags/prepare_proyectos_operator.py
[2023-08-01 23:53:11,352] {processor.py:641} INFO - Processing file /opt/airflow/dags/prepare_proyectos_operator.py for tasks to queue
[2023-08-01 23:53:11,353] {logging_mixin.py:115} INFO - [2023-08-01 23:53:11,353] {dagbag.py:508} INFO - Filling up the DagBag from /opt/airflow/dags/prepare_proyectos_operator.py
[2023-08-01 23:53:11,738] {processor.py:653} WARNING - No viable dags retrieved from /opt/airflow/dags/prepare_proyectos_operator.py
[2023-08-01 23:53:11,785] {processor.py:161} INFO - Processing /opt/airflow/dags/prepare_proyectos_operator.py took 0.447 seconds
[2023-08-01 23:53:42,116] {processor.py:153} INFO - Started process (PID=6247) to work on /opt/airflow/dags/prepare_proyectos_operator.py
[2023-08-01 23:53:42,120] {processor.py:641} INFO - Processing file /opt/airflow/dags/prepare_proyectos_operator.py for tasks to queue
[2023-08-01 23:53:42,122] {logging_mixin.py:115} INFO - [2023-08-01 23:53:42,121] {dagbag.py:508} INFO - Filling up the DagBag from /opt/airflow/dags/prepare_proyectos_operator.py
[2023-08-01 23:53:42,364] {processor.py:653} WARNING - No viable dags retrieved from /opt/airflow/dags/prepare_proyectos_operator.py
[2023-08-01 23:53:42,392] {processor.py:161} INFO - Processing /opt/airflow/dags/prepare_proyectos_operator.py took 0.292 seconds
[2023-08-01 23:54:13,117] {processor.py:153} INFO - Started process (PID=6303) to work on /opt/airflow/dags/prepare_proyectos_operator.py
[2023-08-01 23:54:13,127] {processor.py:641} INFO - Processing file /opt/airflow/dags/prepare_proyectos_operator.py for tasks to queue
[2023-08-01 23:54:13,130] {logging_mixin.py:115} INFO - [2023-08-01 23:54:13,130] {dagbag.py:508} INFO - Filling up the DagBag from /opt/airflow/dags/prepare_proyectos_operator.py
[2023-08-01 23:54:13,379] {processor.py:653} WARNING - No viable dags retrieved from /opt/airflow/dags/prepare_proyectos_operator.py
[2023-08-01 23:54:13,425] {processor.py:161} INFO - Processing /opt/airflow/dags/prepare_proyectos_operator.py took 0.347 seconds
[2023-08-01 23:54:43,881] {processor.py:153} INFO - Started process (PID=6361) to work on /opt/airflow/dags/prepare_proyectos_operator.py
[2023-08-01 23:54:43,884] {processor.py:641} INFO - Processing file /opt/airflow/dags/prepare_proyectos_operator.py for tasks to queue
[2023-08-01 23:54:43,888] {logging_mixin.py:115} INFO - [2023-08-01 23:54:43,887] {dagbag.py:508} INFO - Filling up the DagBag from /opt/airflow/dags/prepare_proyectos_operator.py
[2023-08-01 23:54:44,116] {processor.py:653} WARNING - No viable dags retrieved from /opt/airflow/dags/prepare_proyectos_operator.py
[2023-08-01 23:54:44,140] {processor.py:161} INFO - Processing /opt/airflow/dags/prepare_proyectos_operator.py took 0.266 seconds
[2023-08-01 23:55:14,881] {processor.py:153} INFO - Started process (PID=6418) to work on /opt/airflow/dags/prepare_proyectos_operator.py
[2023-08-01 23:55:14,884] {processor.py:641} INFO - Processing file /opt/airflow/dags/prepare_proyectos_operator.py for tasks to queue
[2023-08-01 23:55:14,886] {logging_mixin.py:115} INFO - [2023-08-01 23:55:14,886] {dagbag.py:508} INFO - Filling up the DagBag from /opt/airflow/dags/prepare_proyectos_operator.py
[2023-08-01 23:55:15,141] {processor.py:653} WARNING - No viable dags retrieved from /opt/airflow/dags/prepare_proyectos_operator.py
[2023-08-01 23:55:15,173] {processor.py:161} INFO - Processing /opt/airflow/dags/prepare_proyectos_operator.py took 0.301 seconds
[2023-08-01 23:55:45,653] {processor.py:153} INFO - Started process (PID=6467) to work on /opt/airflow/dags/prepare_proyectos_operator.py
[2023-08-01 23:55:45,655] {processor.py:641} INFO - Processing file /opt/airflow/dags/prepare_proyectos_operator.py for tasks to queue
[2023-08-01 23:55:45,657] {logging_mixin.py:115} INFO - [2023-08-01 23:55:45,657] {dagbag.py:508} INFO - Filling up the DagBag from /opt/airflow/dags/prepare_proyectos_operator.py
[2023-08-01 23:55:45,930] {processor.py:653} WARNING - No viable dags retrieved from /opt/airflow/dags/prepare_proyectos_operator.py
[2023-08-01 23:55:45,959] {processor.py:161} INFO - Processing /opt/airflow/dags/prepare_proyectos_operator.py took 0.317 seconds
[2023-08-01 23:56:16,566] {processor.py:153} INFO - Started process (PID=6524) to work on /opt/airflow/dags/prepare_proyectos_operator.py
[2023-08-01 23:56:16,568] {processor.py:641} INFO - Processing file /opt/airflow/dags/prepare_proyectos_operator.py for tasks to queue
[2023-08-01 23:56:16,570] {logging_mixin.py:115} INFO - [2023-08-01 23:56:16,569] {dagbag.py:508} INFO - Filling up the DagBag from /opt/airflow/dags/prepare_proyectos_operator.py
[2023-08-01 23:56:16,845] {processor.py:653} WARNING - No viable dags retrieved from /opt/airflow/dags/prepare_proyectos_operator.py
[2023-08-01 23:56:16,873] {processor.py:161} INFO - Processing /opt/airflow/dags/prepare_proyectos_operator.py took 0.323 seconds
[2023-08-01 23:56:47,865] {processor.py:153} INFO - Started process (PID=6581) to work on /opt/airflow/dags/prepare_proyectos_operator.py
[2023-08-01 23:56:47,868] {processor.py:641} INFO - Processing file /opt/airflow/dags/prepare_proyectos_operator.py for tasks to queue
[2023-08-01 23:56:47,869] {logging_mixin.py:115} INFO - [2023-08-01 23:56:47,869] {dagbag.py:508} INFO - Filling up the DagBag from /opt/airflow/dags/prepare_proyectos_operator.py
[2023-08-01 23:56:48,095] {processor.py:653} WARNING - No viable dags retrieved from /opt/airflow/dags/prepare_proyectos_operator.py
[2023-08-01 23:56:48,145] {processor.py:161} INFO - Processing /opt/airflow/dags/prepare_proyectos_operator.py took 0.287 seconds
[2023-08-01 23:57:18,704] {processor.py:153} INFO - Started process (PID=6638) to work on /opt/airflow/dags/prepare_proyectos_operator.py
[2023-08-01 23:57:18,706] {processor.py:641} INFO - Processing file /opt/airflow/dags/prepare_proyectos_operator.py for tasks to queue
[2023-08-01 23:57:18,708] {logging_mixin.py:115} INFO - [2023-08-01 23:57:18,708] {dagbag.py:508} INFO - Filling up the DagBag from /opt/airflow/dags/prepare_proyectos_operator.py
[2023-08-01 23:57:18,969] {processor.py:653} WARNING - No viable dags retrieved from /opt/airflow/dags/prepare_proyectos_operator.py
[2023-08-01 23:57:19,077] {processor.py:161} INFO - Processing /opt/airflow/dags/prepare_proyectos_operator.py took 0.398 seconds
[2023-08-01 23:57:49,670] {processor.py:153} INFO - Started process (PID=6687) to work on /opt/airflow/dags/prepare_proyectos_operator.py
[2023-08-01 23:57:49,675] {processor.py:641} INFO - Processing file /opt/airflow/dags/prepare_proyectos_operator.py for tasks to queue
[2023-08-01 23:57:49,678] {logging_mixin.py:115} INFO - [2023-08-01 23:57:49,678] {dagbag.py:508} INFO - Filling up the DagBag from /opt/airflow/dags/prepare_proyectos_operator.py
[2023-08-01 23:57:50,149] {processor.py:653} WARNING - No viable dags retrieved from /opt/airflow/dags/prepare_proyectos_operator.py
[2023-08-01 23:57:50,194] {processor.py:161} INFO - Processing /opt/airflow/dags/prepare_proyectos_operator.py took 0.534 seconds
[2023-08-01 23:58:20,398] {processor.py:153} INFO - Started process (PID=6744) to work on /opt/airflow/dags/prepare_proyectos_operator.py
[2023-08-01 23:58:20,401] {processor.py:641} INFO - Processing file /opt/airflow/dags/prepare_proyectos_operator.py for tasks to queue
[2023-08-01 23:58:20,403] {logging_mixin.py:115} INFO - [2023-08-01 23:58:20,403] {dagbag.py:508} INFO - Filling up the DagBag from /opt/airflow/dags/prepare_proyectos_operator.py
[2023-08-01 23:58:20,622] {processor.py:653} WARNING - No viable dags retrieved from /opt/airflow/dags/prepare_proyectos_operator.py
[2023-08-01 23:58:20,645] {processor.py:161} INFO - Processing /opt/airflow/dags/prepare_proyectos_operator.py took 0.271 seconds
[2023-08-01 23:58:51,349] {processor.py:153} INFO - Started process (PID=6801) to work on /opt/airflow/dags/prepare_proyectos_operator.py
[2023-08-01 23:58:51,352] {processor.py:641} INFO - Processing file /opt/airflow/dags/prepare_proyectos_operator.py for tasks to queue
[2023-08-01 23:58:51,353] {logging_mixin.py:115} INFO - [2023-08-01 23:58:51,353] {dagbag.py:508} INFO - Filling up the DagBag from /opt/airflow/dags/prepare_proyectos_operator.py
[2023-08-01 23:58:51,598] {processor.py:653} WARNING - No viable dags retrieved from /opt/airflow/dags/prepare_proyectos_operator.py
[2023-08-01 23:58:51,622] {processor.py:161} INFO - Processing /opt/airflow/dags/prepare_proyectos_operator.py took 0.281 seconds
[2023-08-01 23:59:22,137] {processor.py:153} INFO - Started process (PID=6857) to work on /opt/airflow/dags/prepare_proyectos_operator.py
[2023-08-01 23:59:22,139] {processor.py:641} INFO - Processing file /opt/airflow/dags/prepare_proyectos_operator.py for tasks to queue
[2023-08-01 23:59:22,140] {logging_mixin.py:115} INFO - [2023-08-01 23:59:22,140] {dagbag.py:508} INFO - Filling up the DagBag from /opt/airflow/dags/prepare_proyectos_operator.py
[2023-08-01 23:59:22,411] {processor.py:653} WARNING - No viable dags retrieved from /opt/airflow/dags/prepare_proyectos_operator.py
[2023-08-01 23:59:22,449] {processor.py:161} INFO - Processing /opt/airflow/dags/prepare_proyectos_operator.py took 0.327 seconds
[2023-08-01 23:59:52,638] {processor.py:153} INFO - Started process (PID=6905) to work on /opt/airflow/dags/prepare_proyectos_operator.py
[2023-08-01 23:59:52,641] {processor.py:641} INFO - Processing file /opt/airflow/dags/prepare_proyectos_operator.py for tasks to queue
[2023-08-01 23:59:52,642] {logging_mixin.py:115} INFO - [2023-08-01 23:59:52,642] {dagbag.py:508} INFO - Filling up the DagBag from /opt/airflow/dags/prepare_proyectos_operator.py
[2023-08-01 23:59:53,024] {processor.py:653} WARNING - No viable dags retrieved from /opt/airflow/dags/prepare_proyectos_operator.py
[2023-08-01 23:59:53,075] {processor.py:161} INFO - Processing /opt/airflow/dags/prepare_proyectos_operator.py took 0.448 seconds
