[2023-04-24 20:31:18,189] {taskinstance.py:1179} INFO - Dependencies all met for <TaskInstance: vic_investigacion_ETL.get_cv_lac_data manual__2023-04-24T20:31:15.601616+00:00 [queued]>
[2023-04-24 20:31:18,196] {taskinstance.py:1179} INFO - Dependencies all met for <TaskInstance: vic_investigacion_ETL.get_cv_lac_data manual__2023-04-24T20:31:15.601616+00:00 [queued]>
[2023-04-24 20:31:18,197] {taskinstance.py:1376} INFO - 
--------------------------------------------------------------------------------
[2023-04-24 20:31:18,197] {taskinstance.py:1377} INFO - Starting attempt 1 of 1
[2023-04-24 20:31:18,198] {taskinstance.py:1378} INFO - 
--------------------------------------------------------------------------------
[2023-04-24 20:31:18,208] {taskinstance.py:1397} INFO - Executing <Task(ReadCvLAC): get_cv_lac_data> on 2023-04-24 20:31:15.601616+00:00
[2023-04-24 20:31:18,230] {standard_task_runner.py:52} INFO - Started process 12298 to run task
[2023-04-24 20:31:18,236] {standard_task_runner.py:79} INFO - Running: ['***', 'tasks', 'run', 'vic_investigacion_ETL', 'get_cv_lac_data', 'manual__2023-04-24T20:31:15.601616+00:00', '--job-id', '438', '--raw', '--subdir', 'DAGS_FOLDER/vic_investigacion_dag.py', '--cfg-path', '/tmp/tmp9ya70fsb', '--error-file', '/tmp/tmpkh9k19ay']
[2023-04-24 20:31:18,240] {standard_task_runner.py:80} INFO - Job 438: Subtask get_cv_lac_data
[2023-04-24 20:31:18,356] {task_command.py:371} INFO - Running <TaskInstance: vic_investigacion_ETL.get_cv_lac_data manual__2023-04-24T20:31:15.601616+00:00 [running]> on host b136a0a45498
[2023-04-24 20:31:18,478] {taskinstance.py:1591} INFO - Exporting the following env vars:
AIRFLOW_CTX_DAG_OWNER=***
AIRFLOW_CTX_DAG_ID=vic_investigacion_ETL
AIRFLOW_CTX_TASK_ID=get_cv_lac_data
AIRFLOW_CTX_EXECUTION_DATE=2023-04-24T20:31:15.601616+00:00
AIRFLOW_CTX_TRY_NUMBER=1
AIRFLOW_CTX_DAG_RUN_ID=manual__2023-04-24T20:31:15.601616+00:00
[2023-04-24 20:31:18,490] {logging_mixin.py:115} INFO - Getting CV LAC Data
[2023-04-24 20:31:19,557] {taskinstance.py:1420} INFO - Marking task as SUCCESS. dag_id=vic_investigacion_ETL, task_id=get_cv_lac_data, execution_date=20230424T203115, start_date=20230424T203118, end_date=20230424T203119
[2023-04-24 20:31:19,886] {local_task_job.py:156} INFO - Task exited with return code 0
