[2023-07-26 15:28:38,314] {taskinstance.py:1179} INFO - Dependencies all met for <TaskInstance: vic_investigacion_ETL.profesores_core_data manual__2023-07-26T15:28:36.496446+00:00 [queued]>
[2023-07-26 15:28:38,324] {taskinstance.py:1179} INFO - Dependencies all met for <TaskInstance: vic_investigacion_ETL.profesores_core_data manual__2023-07-26T15:28:36.496446+00:00 [queued]>
[2023-07-26 15:28:38,325] {taskinstance.py:1376} INFO - 
--------------------------------------------------------------------------------
[2023-07-26 15:28:38,326] {taskinstance.py:1377} INFO - Starting attempt 1 of 1
[2023-07-26 15:28:38,330] {taskinstance.py:1378} INFO - 
--------------------------------------------------------------------------------
[2023-07-26 15:28:38,348] {taskinstance.py:1397} INFO - Executing <Task(PrepareProfesoresData): profesores_core_data> on 2023-07-26 15:28:36.496446+00:00
[2023-07-26 15:28:38,360] {standard_task_runner.py:52} INFO - Started process 113 to run task
[2023-07-26 15:28:38,366] {standard_task_runner.py:79} INFO - Running: ['***', 'tasks', 'run', 'vic_investigacion_ETL', 'profesores_core_data', 'manual__2023-07-26T15:28:36.496446+00:00', '--job-id', '68', '--raw', '--subdir', 'DAGS_FOLDER/vic_investigacion_dag.py', '--cfg-path', '/tmp/tmpd2ser3d5', '--error-file', '/tmp/tmpujt4ik7w']
[2023-07-26 15:28:38,370] {standard_task_runner.py:80} INFO - Job 68: Subtask profesores_core_data
[2023-07-26 15:28:38,530] {task_command.py:371} INFO - Running <TaskInstance: vic_investigacion_ETL.profesores_core_data manual__2023-07-26T15:28:36.496446+00:00 [running]> on host f4f0af373b5a
[2023-07-26 15:28:38,676] {taskinstance.py:1591} INFO - Exporting the following env vars:
AIRFLOW_CTX_DAG_OWNER=***
AIRFLOW_CTX_DAG_ID=vic_investigacion_ETL
AIRFLOW_CTX_TASK_ID=profesores_core_data
AIRFLOW_CTX_EXECUTION_DATE=2023-07-26T15:28:36.496446+00:00
AIRFLOW_CTX_TRY_NUMBER=1
AIRFLOW_CTX_DAG_RUN_ID=manual__2023-07-26T15:28:36.496446+00:00
[2023-07-26 15:28:38,683] {logging_mixin.py:115} INFO - Preparing Profesores Core Data
[2023-07-26 15:28:49,026] {taskinstance.py:1420} INFO - Marking task as SUCCESS. dag_id=vic_investigacion_ETL, task_id=profesores_core_data, execution_date=20230726T152836, start_date=20230726T152838, end_date=20230726T152849
[2023-07-26 15:28:49,356] {local_task_job.py:156} INFO - Task exited with return code 0
