[2023-05-31 23:37:59,924] {taskinstance.py:1179} INFO - Dependencies all met for <TaskInstance: vic_investigacion_ETL.get_scopus_data manual__2023-05-31T23:37:58.328607+00:00 [queued]>
[2023-05-31 23:37:59,938] {taskinstance.py:1179} INFO - Dependencies all met for <TaskInstance: vic_investigacion_ETL.get_scopus_data manual__2023-05-31T23:37:58.328607+00:00 [queued]>
[2023-05-31 23:37:59,939] {taskinstance.py:1376} INFO - 
--------------------------------------------------------------------------------
[2023-05-31 23:37:59,939] {taskinstance.py:1377} INFO - Starting attempt 1 of 1
[2023-05-31 23:37:59,940] {taskinstance.py:1378} INFO - 
--------------------------------------------------------------------------------
[2023-05-31 23:37:59,952] {taskinstance.py:1397} INFO - Executing <Task(ReadScopus): get_scopus_data> on 2023-05-31 23:37:58.328607+00:00
[2023-05-31 23:37:59,963] {standard_task_runner.py:52} INFO - Started process 578 to run task
[2023-05-31 23:37:59,970] {standard_task_runner.py:79} INFO - Running: ['***', 'tasks', 'run', 'vic_investigacion_ETL', 'get_scopus_data', 'manual__2023-05-31T23:37:58.328607+00:00', '--job-id', '11', '--raw', '--subdir', 'DAGS_FOLDER/vic_investigacion_dag.py', '--cfg-path', '/tmp/tmpw7h22g90', '--error-file', '/tmp/tmpv93ws17s']
[2023-05-31 23:37:59,973] {standard_task_runner.py:80} INFO - Job 11: Subtask get_scopus_data
[2023-05-31 23:38:00,096] {task_command.py:371} INFO - Running <TaskInstance: vic_investigacion_ETL.get_scopus_data manual__2023-05-31T23:37:58.328607+00:00 [running]> on host 5d9ccb732815
[2023-05-31 23:38:00,193] {taskinstance.py:1591} INFO - Exporting the following env vars:
AIRFLOW_CTX_DAG_OWNER=***
AIRFLOW_CTX_DAG_ID=vic_investigacion_ETL
AIRFLOW_CTX_TASK_ID=get_scopus_data
AIRFLOW_CTX_EXECUTION_DATE=2023-05-31T23:37:58.328607+00:00
AIRFLOW_CTX_TRY_NUMBER=1
AIRFLOW_CTX_DAG_RUN_ID=manual__2023-05-31T23:37:58.328607+00:00
[2023-05-31 23:38:00,198] {logging_mixin.py:115} INFO - Getting Scopus Data
[2023-05-31 23:38:00,200] {logging_mixin.py:115} INFO - The api key is:  640ababb3eaaa3723c7cc11be848250b
[2023-05-31 23:38:00,201] {logging_mixin.py:115} INFO - DAG PATH:  /opt/***
[2023-05-31 23:38:00,636] {logging_mixin.py:115} INFO -        Cedula                            Nombre    Scopus_ID
0  52390079.0       Pomares Quimbaya Alexandra   24832026300
1         NaN       Carlos Andres Parra Acevedo  57212998692
2  39785999.0          Burbano Valente, Johanna  20436581100
3  10141825.0       Santacoloma Giraldo, Andres  24462330500
4  52704428.0  Garcia Padilla, Dennys del Rocio  13403648000
5  52772896.0        Rubio Leon, Diana Carolina  56491243500
[2023-05-31 23:38:00,641] {elsclient.py:109} INFO - Sending GET request to https://api.elsevier.com/content/author/author_id/24832026300
[2023-05-31 23:38:01,691] {elsentity.py:77} INFO - Data loaded for https://api.elsevier.com/content/author/author_id/24832026300
[2023-05-31 23:38:02,691] {elsclient.py:109} INFO - Sending GET request to https://api.elsevier.com/content/search/scopus?query=AU-ID%2824832026300%29
[2023-05-31 23:38:03,493] {utils.py:41} INFO - Converting prism:coverDate
[2023-05-31 23:38:04,494] {elsclient.py:109} INFO - Sending GET request to https://api.elsevier.com/content/author/author_id/57212998692
[2023-05-31 23:38:05,170] {elsentity.py:77} INFO - Data loaded for https://api.elsevier.com/content/author/author_id/57212998692
[2023-05-31 23:38:06,173] {elsclient.py:109} INFO - Sending GET request to https://api.elsevier.com/content/search/scopus?query=AU-ID%2857212998692%29
[2023-05-31 23:38:07,428] {utils.py:41} INFO - Converting prism:coverDate
[2023-05-31 23:38:08,426] {elsclient.py:109} INFO - Sending GET request to https://api.elsevier.com/content/author/author_id/20436581100
[2023-05-31 23:38:08,911] {elsentity.py:77} INFO - Data loaded for https://api.elsevier.com/content/author/author_id/20436581100
[2023-05-31 23:38:09,911] {elsclient.py:109} INFO - Sending GET request to https://api.elsevier.com/content/search/scopus?query=AU-ID%2820436581100%29
[2023-05-31 23:38:11,243] {utils.py:41} INFO - Converting prism:coverDate
[2023-05-31 23:38:12,229] {elsclient.py:109} INFO - Sending GET request to https://api.elsevier.com/content/author/author_id/24462330500
[2023-05-31 23:38:13,124] {elsentity.py:77} INFO - Data loaded for https://api.elsevier.com/content/author/author_id/24462330500
[2023-05-31 23:38:14,122] {elsclient.py:109} INFO - Sending GET request to https://api.elsevier.com/content/search/scopus?query=AU-ID%2824462330500%29
[2023-05-31 23:38:15,212] {utils.py:41} INFO - Converting prism:coverDate
[2023-05-31 23:38:16,213] {elsclient.py:109} INFO - Sending GET request to https://api.elsevier.com/content/author/author_id/13403648000
[2023-05-31 23:38:16,843] {elsentity.py:77} INFO - Data loaded for https://api.elsevier.com/content/author/author_id/13403648000
[2023-05-31 23:38:17,845] {elsclient.py:109} INFO - Sending GET request to https://api.elsevier.com/content/search/scopus?query=AU-ID%2813403648000%29
[2023-05-31 23:38:18,398] {utils.py:41} INFO - Converting prism:coverDate
[2023-05-31 23:38:19,398] {elsclient.py:109} INFO - Sending GET request to https://api.elsevier.com/content/author/author_id/56491243500
[2023-05-31 23:38:20,020] {elsentity.py:77} INFO - Data loaded for https://api.elsevier.com/content/author/author_id/56491243500
[2023-05-31 23:38:21,022] {elsclient.py:109} INFO - Sending GET request to https://api.elsevier.com/content/search/scopus?query=AU-ID%2856491243500%29
[2023-05-31 23:38:22,073] {utils.py:41} INFO - Converting prism:coverDate
[2023-05-31 23:38:22,099] {taskinstance.py:1420} INFO - Marking task as SUCCESS. dag_id=vic_investigacion_ETL, task_id=get_scopus_data, execution_date=20230531T233758, start_date=20230531T233759, end_date=20230531T233822
[2023-05-31 23:38:22,187] {local_task_job.py:156} INFO - Task exited with return code 0
[2023-05-31 23:38:22,216] {local_task_job.py:273} INFO - 1 downstream tasks scheduled from follow-on schedule check
