[2023-04-17 15:08:46,870] {taskinstance.py:1179} INFO - Dependencies all met for <TaskInstance: vic_investigacion_ETL.get_wos_data manual__2023-04-17T15:08:45.337646+00:00 [queued]>
[2023-04-17 15:08:46,882] {taskinstance.py:1179} INFO - Dependencies all met for <TaskInstance: vic_investigacion_ETL.get_wos_data manual__2023-04-17T15:08:45.337646+00:00 [queued]>
[2023-04-17 15:08:46,883] {taskinstance.py:1376} INFO - 
--------------------------------------------------------------------------------
[2023-04-17 15:08:46,884] {taskinstance.py:1377} INFO - Starting attempt 1 of 1
[2023-04-17 15:08:46,885] {taskinstance.py:1378} INFO - 
--------------------------------------------------------------------------------
[2023-04-17 15:08:46,898] {taskinstance.py:1397} INFO - Executing <Task(PythonOperator): get_wos_data> on 2023-04-17 15:08:45.337646+00:00
[2023-04-17 15:08:46,905] {standard_task_runner.py:52} INFO - Started process 638 to run task
[2023-04-17 15:08:46,912] {standard_task_runner.py:79} INFO - Running: ['***', 'tasks', 'run', 'vic_investigacion_ETL', 'get_wos_data', 'manual__2023-04-17T15:08:45.337646+00:00', '--job-id', '183', '--raw', '--subdir', 'DAGS_FOLDER/vic_investigacion_dag.py', '--cfg-path', '/tmp/tmpsgi_y9ud', '--error-file', '/tmp/tmpm1e46xq5']
[2023-04-17 15:08:46,919] {standard_task_runner.py:80} INFO - Job 183: Subtask get_wos_data
[2023-04-17 15:08:47,013] {task_command.py:371} INFO - Running <TaskInstance: vic_investigacion_ETL.get_wos_data manual__2023-04-17T15:08:45.337646+00:00 [running]> on host 6051ec54e0cc
[2023-04-17 15:08:47,098] {taskinstance.py:1591} INFO - Exporting the following env vars:
AIRFLOW_CTX_DAG_OWNER=***
AIRFLOW_CTX_DAG_ID=vic_investigacion_ETL
AIRFLOW_CTX_TASK_ID=get_wos_data
AIRFLOW_CTX_EXECUTION_DATE=2023-04-17T15:08:45.337646+00:00
AIRFLOW_CTX_TRY_NUMBER=1
AIRFLOW_CTX_DAG_RUN_ID=manual__2023-04-17T15:08:45.337646+00:00
[2023-04-17 15:08:47,100] {logging_mixin.py:115} INFO - Getting WOS Data
[2023-04-17 15:08:47,101] {python.py:173} INFO - Done. Returned value was: None
[2023-04-17 15:08:47,116] {taskinstance.py:1420} INFO - Marking task as SUCCESS. dag_id=vic_investigacion_ETL, task_id=get_wos_data, execution_date=20230417T150845, start_date=20230417T150846, end_date=20230417T150847
[2023-04-17 15:08:47,164] {local_task_job.py:156} INFO - Task exited with return code 0
[2023-04-17 15:08:47,200] {local_task_job.py:273} INFO - 0 downstream tasks scheduled from follow-on schedule check
