[2023-04-24 15:27:42,268] {taskinstance.py:1179} INFO - Dependencies all met for <TaskInstance: vic_investigacion_ETL.get_group_lac_data manual__2023-04-24T15:27:38.841361+00:00 [queued]>
[2023-04-24 15:27:42,276] {taskinstance.py:1179} INFO - Dependencies all met for <TaskInstance: vic_investigacion_ETL.get_group_lac_data manual__2023-04-24T15:27:38.841361+00:00 [queued]>
[2023-04-24 15:27:42,277] {taskinstance.py:1376} INFO - 
--------------------------------------------------------------------------------
[2023-04-24 15:27:42,278] {taskinstance.py:1377} INFO - Starting attempt 1 of 1
[2023-04-24 15:27:42,278] {taskinstance.py:1378} INFO - 
--------------------------------------------------------------------------------
[2023-04-24 15:27:42,287] {taskinstance.py:1397} INFO - Executing <Task(ReadGroupLAC): get_group_lac_data> on 2023-04-24 15:27:38.841361+00:00
[2023-04-24 15:27:42,296] {standard_task_runner.py:52} INFO - Started process 105 to run task
[2023-04-24 15:27:42,300] {standard_task_runner.py:79} INFO - Running: ['***', 'tasks', 'run', 'vic_investigacion_ETL', 'get_group_lac_data', 'manual__2023-04-24T15:27:38.841361+00:00', '--job-id', '246', '--raw', '--subdir', 'DAGS_FOLDER/vic_investigacion_dag.py', '--cfg-path', '/tmp/tmpq8h_w84d', '--error-file', '/tmp/tmpmndsqoz9']
[2023-04-24 15:27:42,301] {standard_task_runner.py:80} INFO - Job 246: Subtask get_group_lac_data
[2023-04-24 15:27:42,400] {task_command.py:371} INFO - Running <TaskInstance: vic_investigacion_ETL.get_group_lac_data manual__2023-04-24T15:27:38.841361+00:00 [running]> on host b136a0a45498
[2023-04-24 15:27:42,487] {taskinstance.py:1591} INFO - Exporting the following env vars:
AIRFLOW_CTX_DAG_OWNER=***
AIRFLOW_CTX_DAG_ID=vic_investigacion_ETL
AIRFLOW_CTX_TASK_ID=get_group_lac_data
AIRFLOW_CTX_EXECUTION_DATE=2023-04-24T15:27:38.841361+00:00
AIRFLOW_CTX_TRY_NUMBER=1
AIRFLOW_CTX_DAG_RUN_ID=manual__2023-04-24T15:27:38.841361+00:00
[2023-04-24 15:27:42,489] {logging_mixin.py:115} INFO - Getting Group LAC Data
[2023-04-24 15:27:42,516] {taskinstance.py:1420} INFO - Marking task as SUCCESS. dag_id=vic_investigacion_ETL, task_id=get_group_lac_data, execution_date=20230424T152738, start_date=20230424T152742, end_date=20230424T152742
[2023-04-24 15:27:43,053] {local_task_job.py:156} INFO - Task exited with return code 0
