[2023-08-01 23:41:43,097] {taskinstance.py:1179} INFO - Dependencies all met for <TaskInstance: vic_investigacion_ETL.semilleros manual__2023-08-01T23:41:39.523424+00:00 [queued]>
[2023-08-01 23:41:43,108] {taskinstance.py:1179} INFO - Dependencies all met for <TaskInstance: vic_investigacion_ETL.semilleros manual__2023-08-01T23:41:39.523424+00:00 [queued]>
[2023-08-01 23:41:43,111] {taskinstance.py:1376} INFO - 
--------------------------------------------------------------------------------
[2023-08-01 23:41:43,113] {taskinstance.py:1377} INFO - Starting attempt 1 of 1
[2023-08-01 23:41:43,114] {taskinstance.py:1378} INFO - 
--------------------------------------------------------------------------------
[2023-08-01 23:41:43,136] {taskinstance.py:1397} INFO - Executing <Task(PrepareSemilleros): semilleros> on 2023-08-01 23:41:39.523424+00:00
[2023-08-01 23:41:43,153] {standard_task_runner.py:52} INFO - Started process 2336 to run task
[2023-08-01 23:41:43,164] {standard_task_runner.py:79} INFO - Running: ['***', 'tasks', 'run', 'vic_investigacion_ETL', 'semilleros', 'manual__2023-08-01T23:41:39.523424+00:00', '--job-id', '182', '--raw', '--subdir', 'DAGS_FOLDER/vic_investigacion_dag.py', '--cfg-path', '/tmp/tmp3j2twnbo', '--error-file', '/tmp/tmprw7zpucz']
[2023-08-01 23:41:43,223] {standard_task_runner.py:80} INFO - Job 182: Subtask semilleros
[2023-08-01 23:41:43,627] {task_command.py:371} INFO - Running <TaskInstance: vic_investigacion_ETL.semilleros manual__2023-08-01T23:41:39.523424+00:00 [running]> on host 6c8a51d4a614
[2023-08-01 23:41:43,898] {taskinstance.py:1591} INFO - Exporting the following env vars:
AIRFLOW_CTX_DAG_OWNER=***
AIRFLOW_CTX_DAG_ID=vic_investigacion_ETL
AIRFLOW_CTX_TASK_ID=semilleros
AIRFLOW_CTX_EXECUTION_DATE=2023-08-01T23:41:39.523424+00:00
AIRFLOW_CTX_TRY_NUMBER=1
AIRFLOW_CTX_DAG_RUN_ID=manual__2023-08-01T23:41:39.523424+00:00
[2023-08-01 23:41:43,913] {logging_mixin.py:115} INFO - Reading Semilleros
[2023-08-01 23:41:45,850] {taskinstance.py:1420} INFO - Marking task as SUCCESS. dag_id=vic_investigacion_ETL, task_id=semilleros, execution_date=20230801T234139, start_date=20230801T234143, end_date=20230801T234145
[2023-08-01 23:41:46,041] {local_task_job.py:156} INFO - Task exited with return code 0
