[2023-04-14 17:05:17,007] {taskinstance.py:1179} INFO - Dependencies all met for <TaskInstance: vic_investigacion_ETL.get_cv_lac_data manual__2023-04-14T17:05:16.428598+00:00 [queued]>
[2023-04-14 17:05:17,013] {taskinstance.py:1179} INFO - Dependencies all met for <TaskInstance: vic_investigacion_ETL.get_cv_lac_data manual__2023-04-14T17:05:16.428598+00:00 [queued]>
[2023-04-14 17:05:17,014] {taskinstance.py:1376} INFO - 
--------------------------------------------------------------------------------
[2023-04-14 17:05:17,014] {taskinstance.py:1377} INFO - Starting attempt 1 of 1
[2023-04-14 17:05:17,015] {taskinstance.py:1378} INFO - 
--------------------------------------------------------------------------------
[2023-04-14 17:05:17,023] {taskinstance.py:1397} INFO - Executing <Task(PythonOperator): get_cv_lac_data> on 2023-04-14 17:05:16.428598+00:00
[2023-04-14 17:05:17,028] {standard_task_runner.py:52} INFO - Started process 434 to run task
[2023-04-14 17:05:17,032] {standard_task_runner.py:79} INFO - Running: ['***', 'tasks', 'run', 'vic_investigacion_ETL', 'get_cv_lac_data', 'manual__2023-04-14T17:05:16.428598+00:00', '--job-id', '95', '--raw', '--subdir', 'DAGS_FOLDER/vic_investigacion_dag.py', '--cfg-path', '/tmp/tmpz_nl_8n2', '--error-file', '/tmp/tmp70csg6un']
[2023-04-14 17:05:17,033] {standard_task_runner.py:80} INFO - Job 95: Subtask get_cv_lac_data
[2023-04-14 17:05:17,091] {task_command.py:371} INFO - Running <TaskInstance: vic_investigacion_ETL.get_cv_lac_data manual__2023-04-14T17:05:16.428598+00:00 [running]> on host d014c8b814c7
[2023-04-14 17:05:17,145] {taskinstance.py:1591} INFO - Exporting the following env vars:
AIRFLOW_CTX_DAG_OWNER=***
AIRFLOW_CTX_DAG_ID=vic_investigacion_ETL
AIRFLOW_CTX_TASK_ID=get_cv_lac_data
AIRFLOW_CTX_EXECUTION_DATE=2023-04-14T17:05:16.428598+00:00
AIRFLOW_CTX_TRY_NUMBER=1
AIRFLOW_CTX_DAG_RUN_ID=manual__2023-04-14T17:05:16.428598+00:00
[2023-04-14 17:05:17,147] {logging_mixin.py:115} INFO - Getting CV_LAC Data
[2023-04-14 17:05:17,147] {python.py:173} INFO - Done. Returned value was: None
[2023-04-14 17:05:17,159] {taskinstance.py:1420} INFO - Marking task as SUCCESS. dag_id=vic_investigacion_ETL, task_id=get_cv_lac_data, execution_date=20230414T170516, start_date=20230414T170517, end_date=20230414T170517
[2023-04-14 17:05:17,203] {local_task_job.py:156} INFO - Task exited with return code 0
[2023-04-14 17:05:17,237] {local_task_job.py:273} INFO - 0 downstream tasks scheduled from follow-on schedule check
