[2023-05-20 00:00:01,790] {processor.py:153} INFO - Started process (PID=38892) to work on /opt/airflow/dags/prepare_group_lac_data_operator.py
[2023-05-20 00:00:01,791] {processor.py:641} INFO - Processing file /opt/airflow/dags/prepare_group_lac_data_operator.py for tasks to queue
[2023-05-20 00:00:01,792] {logging_mixin.py:115} INFO - [2023-05-20 00:00:01,792] {dagbag.py:508} INFO - Filling up the DagBag from /opt/airflow/dags/prepare_group_lac_data_operator.py
[2023-05-20 00:00:01,926] {processor.py:653} WARNING - No viable dags retrieved from /opt/airflow/dags/prepare_group_lac_data_operator.py
[2023-05-20 00:00:01,940] {processor.py:161} INFO - Processing /opt/airflow/dags/prepare_group_lac_data_operator.py took 0.152 seconds
[2023-05-20 00:00:32,163] {processor.py:153} INFO - Started process (PID=38936) to work on /opt/airflow/dags/prepare_group_lac_data_operator.py
[2023-05-20 00:00:32,165] {processor.py:641} INFO - Processing file /opt/airflow/dags/prepare_group_lac_data_operator.py for tasks to queue
[2023-05-20 00:00:32,166] {logging_mixin.py:115} INFO - [2023-05-20 00:00:32,166] {dagbag.py:508} INFO - Filling up the DagBag from /opt/airflow/dags/prepare_group_lac_data_operator.py
[2023-05-20 00:00:32,315] {processor.py:653} WARNING - No viable dags retrieved from /opt/airflow/dags/prepare_group_lac_data_operator.py
[2023-05-20 00:00:32,330] {processor.py:161} INFO - Processing /opt/airflow/dags/prepare_group_lac_data_operator.py took 0.170 seconds
[2023-05-20 00:01:02,563] {processor.py:153} INFO - Started process (PID=38979) to work on /opt/airflow/dags/prepare_group_lac_data_operator.py
[2023-05-20 00:01:02,564] {processor.py:641} INFO - Processing file /opt/airflow/dags/prepare_group_lac_data_operator.py for tasks to queue
[2023-05-20 00:01:02,565] {logging_mixin.py:115} INFO - [2023-05-20 00:01:02,565] {dagbag.py:508} INFO - Filling up the DagBag from /opt/airflow/dags/prepare_group_lac_data_operator.py
[2023-05-20 00:01:02,731] {processor.py:653} WARNING - No viable dags retrieved from /opt/airflow/dags/prepare_group_lac_data_operator.py
[2023-05-20 00:01:02,746] {processor.py:161} INFO - Processing /opt/airflow/dags/prepare_group_lac_data_operator.py took 0.186 seconds
[2023-05-20 00:01:33,401] {processor.py:153} INFO - Started process (PID=39020) to work on /opt/airflow/dags/prepare_group_lac_data_operator.py
[2023-05-20 00:01:33,402] {processor.py:641} INFO - Processing file /opt/airflow/dags/prepare_group_lac_data_operator.py for tasks to queue
[2023-05-20 00:01:33,403] {logging_mixin.py:115} INFO - [2023-05-20 00:01:33,403] {dagbag.py:508} INFO - Filling up the DagBag from /opt/airflow/dags/prepare_group_lac_data_operator.py
[2023-05-20 00:01:33,551] {processor.py:653} WARNING - No viable dags retrieved from /opt/airflow/dags/prepare_group_lac_data_operator.py
[2023-05-20 00:01:33,565] {processor.py:161} INFO - Processing /opt/airflow/dags/prepare_group_lac_data_operator.py took 0.167 seconds
[2023-05-20 00:02:03,818] {processor.py:153} INFO - Started process (PID=39056) to work on /opt/airflow/dags/prepare_group_lac_data_operator.py
[2023-05-20 00:02:03,819] {processor.py:641} INFO - Processing file /opt/airflow/dags/prepare_group_lac_data_operator.py for tasks to queue
[2023-05-20 00:02:03,819] {logging_mixin.py:115} INFO - [2023-05-20 00:02:03,819] {dagbag.py:508} INFO - Filling up the DagBag from /opt/airflow/dags/prepare_group_lac_data_operator.py
[2023-05-20 00:02:03,947] {processor.py:653} WARNING - No viable dags retrieved from /opt/airflow/dags/prepare_group_lac_data_operator.py
[2023-05-20 00:02:03,962] {processor.py:161} INFO - Processing /opt/airflow/dags/prepare_group_lac_data_operator.py took 0.147 seconds
[2023-05-20 00:02:34,189] {processor.py:153} INFO - Started process (PID=39099) to work on /opt/airflow/dags/prepare_group_lac_data_operator.py
[2023-05-20 00:02:34,190] {processor.py:641} INFO - Processing file /opt/airflow/dags/prepare_group_lac_data_operator.py for tasks to queue
[2023-05-20 00:02:34,191] {logging_mixin.py:115} INFO - [2023-05-20 00:02:34,191] {dagbag.py:508} INFO - Filling up the DagBag from /opt/airflow/dags/prepare_group_lac_data_operator.py
[2023-05-20 00:02:34,313] {processor.py:653} WARNING - No viable dags retrieved from /opt/airflow/dags/prepare_group_lac_data_operator.py
[2023-05-20 00:02:34,327] {processor.py:161} INFO - Processing /opt/airflow/dags/prepare_group_lac_data_operator.py took 0.141 seconds
[2023-05-20 00:03:04,649] {processor.py:153} INFO - Started process (PID=39142) to work on /opt/airflow/dags/prepare_group_lac_data_operator.py
[2023-05-20 00:03:04,651] {processor.py:641} INFO - Processing file /opt/airflow/dags/prepare_group_lac_data_operator.py for tasks to queue
[2023-05-20 00:03:04,652] {logging_mixin.py:115} INFO - [2023-05-20 00:03:04,652] {dagbag.py:508} INFO - Filling up the DagBag from /opt/airflow/dags/prepare_group_lac_data_operator.py
[2023-05-20 00:03:04,814] {processor.py:653} WARNING - No viable dags retrieved from /opt/airflow/dags/prepare_group_lac_data_operator.py
[2023-05-20 00:03:04,832] {processor.py:161} INFO - Processing /opt/airflow/dags/prepare_group_lac_data_operator.py took 0.185 seconds
[2023-05-20 00:03:35,121] {processor.py:153} INFO - Started process (PID=39186) to work on /opt/airflow/dags/prepare_group_lac_data_operator.py
[2023-05-20 00:03:35,122] {processor.py:641} INFO - Processing file /opt/airflow/dags/prepare_group_lac_data_operator.py for tasks to queue
[2023-05-20 00:03:35,123] {logging_mixin.py:115} INFO - [2023-05-20 00:03:35,123] {dagbag.py:508} INFO - Filling up the DagBag from /opt/airflow/dags/prepare_group_lac_data_operator.py
[2023-05-20 00:03:35,246] {processor.py:653} WARNING - No viable dags retrieved from /opt/airflow/dags/prepare_group_lac_data_operator.py
[2023-05-20 00:03:35,260] {processor.py:161} INFO - Processing /opt/airflow/dags/prepare_group_lac_data_operator.py took 0.142 seconds
[2023-05-20 00:04:05,561] {processor.py:153} INFO - Started process (PID=39228) to work on /opt/airflow/dags/prepare_group_lac_data_operator.py
[2023-05-20 00:04:05,562] {processor.py:641} INFO - Processing file /opt/airflow/dags/prepare_group_lac_data_operator.py for tasks to queue
[2023-05-20 00:04:05,563] {logging_mixin.py:115} INFO - [2023-05-20 00:04:05,563] {dagbag.py:508} INFO - Filling up the DagBag from /opt/airflow/dags/prepare_group_lac_data_operator.py
[2023-05-20 00:04:05,727] {processor.py:653} WARNING - No viable dags retrieved from /opt/airflow/dags/prepare_group_lac_data_operator.py
[2023-05-20 00:04:05,744] {processor.py:161} INFO - Processing /opt/airflow/dags/prepare_group_lac_data_operator.py took 0.186 seconds
[2023-05-20 00:04:35,923] {processor.py:153} INFO - Started process (PID=39261) to work on /opt/airflow/dags/prepare_group_lac_data_operator.py
[2023-05-20 00:04:35,924] {processor.py:641} INFO - Processing file /opt/airflow/dags/prepare_group_lac_data_operator.py for tasks to queue
[2023-05-20 00:04:35,924] {logging_mixin.py:115} INFO - [2023-05-20 00:04:35,924] {dagbag.py:508} INFO - Filling up the DagBag from /opt/airflow/dags/prepare_group_lac_data_operator.py
[2023-05-20 00:04:36,061] {processor.py:653} WARNING - No viable dags retrieved from /opt/airflow/dags/prepare_group_lac_data_operator.py
[2023-05-20 00:04:36,074] {processor.py:161} INFO - Processing /opt/airflow/dags/prepare_group_lac_data_operator.py took 0.155 seconds
[2023-05-20 00:05:06,133] {processor.py:153} INFO - Started process (PID=39304) to work on /opt/airflow/dags/prepare_group_lac_data_operator.py
[2023-05-20 00:05:06,135] {processor.py:641} INFO - Processing file /opt/airflow/dags/prepare_group_lac_data_operator.py for tasks to queue
[2023-05-20 00:05:06,135] {logging_mixin.py:115} INFO - [2023-05-20 00:05:06,135] {dagbag.py:508} INFO - Filling up the DagBag from /opt/airflow/dags/prepare_group_lac_data_operator.py
[2023-05-20 00:05:06,278] {processor.py:653} WARNING - No viable dags retrieved from /opt/airflow/dags/prepare_group_lac_data_operator.py
[2023-05-20 00:05:06,300] {processor.py:161} INFO - Processing /opt/airflow/dags/prepare_group_lac_data_operator.py took 0.170 seconds
[2023-05-20 00:05:36,754] {processor.py:153} INFO - Started process (PID=39346) to work on /opt/airflow/dags/prepare_group_lac_data_operator.py
[2023-05-20 00:05:36,755] {processor.py:641} INFO - Processing file /opt/airflow/dags/prepare_group_lac_data_operator.py for tasks to queue
[2023-05-20 00:05:36,760] {logging_mixin.py:115} INFO - [2023-05-20 00:05:36,760] {dagbag.py:508} INFO - Filling up the DagBag from /opt/airflow/dags/prepare_group_lac_data_operator.py
[2023-05-20 00:05:36,906] {processor.py:653} WARNING - No viable dags retrieved from /opt/airflow/dags/prepare_group_lac_data_operator.py
[2023-05-20 00:05:36,921] {processor.py:161} INFO - Processing /opt/airflow/dags/prepare_group_lac_data_operator.py took 0.171 seconds
[2023-05-20 00:06:07,144] {processor.py:153} INFO - Started process (PID=39389) to work on /opt/airflow/dags/prepare_group_lac_data_operator.py
[2023-05-20 00:06:07,145] {processor.py:641} INFO - Processing file /opt/airflow/dags/prepare_group_lac_data_operator.py for tasks to queue
[2023-05-20 00:06:07,146] {logging_mixin.py:115} INFO - [2023-05-20 00:06:07,145] {dagbag.py:508} INFO - Filling up the DagBag from /opt/airflow/dags/prepare_group_lac_data_operator.py
[2023-05-20 00:06:07,264] {processor.py:653} WARNING - No viable dags retrieved from /opt/airflow/dags/prepare_group_lac_data_operator.py
[2023-05-20 00:06:07,277] {processor.py:161} INFO - Processing /opt/airflow/dags/prepare_group_lac_data_operator.py took 0.136 seconds
[2023-05-20 00:06:37,507] {processor.py:153} INFO - Started process (PID=39432) to work on /opt/airflow/dags/prepare_group_lac_data_operator.py
[2023-05-20 00:06:37,509] {processor.py:641} INFO - Processing file /opt/airflow/dags/prepare_group_lac_data_operator.py for tasks to queue
[2023-05-20 00:06:37,512] {logging_mixin.py:115} INFO - [2023-05-20 00:06:37,511] {dagbag.py:508} INFO - Filling up the DagBag from /opt/airflow/dags/prepare_group_lac_data_operator.py
[2023-05-20 00:06:37,684] {processor.py:653} WARNING - No viable dags retrieved from /opt/airflow/dags/prepare_group_lac_data_operator.py
[2023-05-20 00:06:37,701] {processor.py:161} INFO - Processing /opt/airflow/dags/prepare_group_lac_data_operator.py took 0.197 seconds
[2023-05-20 00:07:08,177] {processor.py:153} INFO - Started process (PID=39466) to work on /opt/airflow/dags/prepare_group_lac_data_operator.py
[2023-05-20 00:07:08,178] {processor.py:641} INFO - Processing file /opt/airflow/dags/prepare_group_lac_data_operator.py for tasks to queue
[2023-05-20 00:07:08,179] {logging_mixin.py:115} INFO - [2023-05-20 00:07:08,179] {dagbag.py:508} INFO - Filling up the DagBag from /opt/airflow/dags/prepare_group_lac_data_operator.py
[2023-05-20 00:07:08,324] {processor.py:653} WARNING - No viable dags retrieved from /opt/airflow/dags/prepare_group_lac_data_operator.py
[2023-05-20 00:07:08,339] {processor.py:161} INFO - Processing /opt/airflow/dags/prepare_group_lac_data_operator.py took 0.166 seconds
[2023-05-20 00:07:38,578] {processor.py:153} INFO - Started process (PID=39508) to work on /opt/airflow/dags/prepare_group_lac_data_operator.py
[2023-05-20 00:07:38,579] {processor.py:641} INFO - Processing file /opt/airflow/dags/prepare_group_lac_data_operator.py for tasks to queue
[2023-05-20 00:07:38,580] {logging_mixin.py:115} INFO - [2023-05-20 00:07:38,580] {dagbag.py:508} INFO - Filling up the DagBag from /opt/airflow/dags/prepare_group_lac_data_operator.py
[2023-05-20 00:07:38,699] {processor.py:653} WARNING - No viable dags retrieved from /opt/airflow/dags/prepare_group_lac_data_operator.py
[2023-05-20 00:07:38,713] {processor.py:161} INFO - Processing /opt/airflow/dags/prepare_group_lac_data_operator.py took 0.139 seconds
[2023-05-20 00:08:08,838] {processor.py:153} INFO - Started process (PID=39551) to work on /opt/airflow/dags/prepare_group_lac_data_operator.py
[2023-05-20 00:08:08,839] {processor.py:641} INFO - Processing file /opt/airflow/dags/prepare_group_lac_data_operator.py for tasks to queue
[2023-05-20 00:08:08,839] {logging_mixin.py:115} INFO - [2023-05-20 00:08:08,839] {dagbag.py:508} INFO - Filling up the DagBag from /opt/airflow/dags/prepare_group_lac_data_operator.py
[2023-05-20 00:08:08,961] {processor.py:653} WARNING - No viable dags retrieved from /opt/airflow/dags/prepare_group_lac_data_operator.py
[2023-05-20 00:08:08,974] {processor.py:161} INFO - Processing /opt/airflow/dags/prepare_group_lac_data_operator.py took 0.140 seconds
[2023-05-20 00:08:39,068] {processor.py:153} INFO - Started process (PID=39595) to work on /opt/airflow/dags/prepare_group_lac_data_operator.py
[2023-05-20 00:08:39,069] {processor.py:641} INFO - Processing file /opt/airflow/dags/prepare_group_lac_data_operator.py for tasks to queue
[2023-05-20 00:08:39,069] {logging_mixin.py:115} INFO - [2023-05-20 00:08:39,069] {dagbag.py:508} INFO - Filling up the DagBag from /opt/airflow/dags/prepare_group_lac_data_operator.py
[2023-05-20 00:08:39,196] {processor.py:653} WARNING - No viable dags retrieved from /opt/airflow/dags/prepare_group_lac_data_operator.py
[2023-05-20 00:08:39,209] {processor.py:161} INFO - Processing /opt/airflow/dags/prepare_group_lac_data_operator.py took 0.144 seconds
[2023-05-20 00:09:10,377] {processor.py:153} INFO - Started process (PID=39637) to work on /opt/airflow/dags/prepare_group_lac_data_operator.py
[2023-05-20 00:09:10,378] {processor.py:641} INFO - Processing file /opt/airflow/dags/prepare_group_lac_data_operator.py for tasks to queue
[2023-05-20 00:09:10,379] {logging_mixin.py:115} INFO - [2023-05-20 00:09:10,378] {dagbag.py:508} INFO - Filling up the DagBag from /opt/airflow/dags/prepare_group_lac_data_operator.py
[2023-05-20 00:09:10,503] {processor.py:653} WARNING - No viable dags retrieved from /opt/airflow/dags/prepare_group_lac_data_operator.py
[2023-05-20 00:09:10,517] {processor.py:161} INFO - Processing /opt/airflow/dags/prepare_group_lac_data_operator.py took 0.143 seconds
[2023-05-20 00:09:40,737] {processor.py:153} INFO - Started process (PID=39671) to work on /opt/airflow/dags/prepare_group_lac_data_operator.py
[2023-05-20 00:09:40,738] {processor.py:641} INFO - Processing file /opt/airflow/dags/prepare_group_lac_data_operator.py for tasks to queue
[2023-05-20 00:09:40,739] {logging_mixin.py:115} INFO - [2023-05-20 00:09:40,739] {dagbag.py:508} INFO - Filling up the DagBag from /opt/airflow/dags/prepare_group_lac_data_operator.py
[2023-05-20 00:09:40,863] {processor.py:653} WARNING - No viable dags retrieved from /opt/airflow/dags/prepare_group_lac_data_operator.py
[2023-05-20 00:09:40,877] {processor.py:161} INFO - Processing /opt/airflow/dags/prepare_group_lac_data_operator.py took 0.144 seconds
[2023-05-20 00:10:11,242] {processor.py:153} INFO - Started process (PID=39714) to work on /opt/airflow/dags/prepare_group_lac_data_operator.py
[2023-05-20 00:10:11,243] {processor.py:641} INFO - Processing file /opt/airflow/dags/prepare_group_lac_data_operator.py for tasks to queue
[2023-05-20 00:10:11,244] {logging_mixin.py:115} INFO - [2023-05-20 00:10:11,244] {dagbag.py:508} INFO - Filling up the DagBag from /opt/airflow/dags/prepare_group_lac_data_operator.py
[2023-05-20 00:10:11,368] {processor.py:653} WARNING - No viable dags retrieved from /opt/airflow/dags/prepare_group_lac_data_operator.py
[2023-05-20 00:10:11,381] {processor.py:161} INFO - Processing /opt/airflow/dags/prepare_group_lac_data_operator.py took 0.142 seconds
[2023-05-20 00:10:41,613] {processor.py:153} INFO - Started process (PID=39758) to work on /opt/airflow/dags/prepare_group_lac_data_operator.py
[2023-05-20 00:10:41,614] {processor.py:641} INFO - Processing file /opt/airflow/dags/prepare_group_lac_data_operator.py for tasks to queue
[2023-05-20 00:10:41,615] {logging_mixin.py:115} INFO - [2023-05-20 00:10:41,615] {dagbag.py:508} INFO - Filling up the DagBag from /opt/airflow/dags/prepare_group_lac_data_operator.py
[2023-05-20 00:10:41,738] {processor.py:653} WARNING - No viable dags retrieved from /opt/airflow/dags/prepare_group_lac_data_operator.py
[2023-05-20 00:10:41,751] {processor.py:161} INFO - Processing /opt/airflow/dags/prepare_group_lac_data_operator.py took 0.141 seconds
[2023-05-20 00:11:11,901] {processor.py:153} INFO - Started process (PID=39801) to work on /opt/airflow/dags/prepare_group_lac_data_operator.py
[2023-05-20 00:11:11,902] {processor.py:641} INFO - Processing file /opt/airflow/dags/prepare_group_lac_data_operator.py for tasks to queue
[2023-05-20 00:11:11,903] {logging_mixin.py:115} INFO - [2023-05-20 00:11:11,903] {dagbag.py:508} INFO - Filling up the DagBag from /opt/airflow/dags/prepare_group_lac_data_operator.py
[2023-05-20 00:11:12,025] {processor.py:653} WARNING - No viable dags retrieved from /opt/airflow/dags/prepare_group_lac_data_operator.py
[2023-05-20 00:11:12,039] {processor.py:161} INFO - Processing /opt/airflow/dags/prepare_group_lac_data_operator.py took 0.141 seconds
[2023-05-20 00:11:42,250] {processor.py:153} INFO - Started process (PID=39844) to work on /opt/airflow/dags/prepare_group_lac_data_operator.py
[2023-05-20 00:11:42,251] {processor.py:641} INFO - Processing file /opt/airflow/dags/prepare_group_lac_data_operator.py for tasks to queue
[2023-05-20 00:11:42,252] {logging_mixin.py:115} INFO - [2023-05-20 00:11:42,251] {dagbag.py:508} INFO - Filling up the DagBag from /opt/airflow/dags/prepare_group_lac_data_operator.py
[2023-05-20 00:11:42,369] {processor.py:653} WARNING - No viable dags retrieved from /opt/airflow/dags/prepare_group_lac_data_operator.py
[2023-05-20 00:11:42,382] {processor.py:161} INFO - Processing /opt/airflow/dags/prepare_group_lac_data_operator.py took 0.135 seconds
[2023-05-20 00:12:12,553] {processor.py:153} INFO - Started process (PID=39877) to work on /opt/airflow/dags/prepare_group_lac_data_operator.py
[2023-05-20 00:12:12,554] {processor.py:641} INFO - Processing file /opt/airflow/dags/prepare_group_lac_data_operator.py for tasks to queue
[2023-05-20 00:12:12,555] {logging_mixin.py:115} INFO - [2023-05-20 00:12:12,555] {dagbag.py:508} INFO - Filling up the DagBag from /opt/airflow/dags/prepare_group_lac_data_operator.py
[2023-05-20 00:12:12,691] {processor.py:653} WARNING - No viable dags retrieved from /opt/airflow/dags/prepare_group_lac_data_operator.py
[2023-05-20 00:12:12,704] {processor.py:161} INFO - Processing /opt/airflow/dags/prepare_group_lac_data_operator.py took 0.154 seconds
[2023-05-20 00:12:43,789] {processor.py:153} INFO - Started process (PID=39920) to work on /opt/airflow/dags/prepare_group_lac_data_operator.py
[2023-05-20 00:12:43,791] {processor.py:641} INFO - Processing file /opt/airflow/dags/prepare_group_lac_data_operator.py for tasks to queue
[2023-05-20 00:12:43,791] {logging_mixin.py:115} INFO - [2023-05-20 00:12:43,791] {dagbag.py:508} INFO - Filling up the DagBag from /opt/airflow/dags/prepare_group_lac_data_operator.py
[2023-05-20 00:12:43,928] {processor.py:653} WARNING - No viable dags retrieved from /opt/airflow/dags/prepare_group_lac_data_operator.py
[2023-05-20 00:12:43,942] {processor.py:161} INFO - Processing /opt/airflow/dags/prepare_group_lac_data_operator.py took 0.155 seconds
[2023-05-20 00:13:14,094] {processor.py:153} INFO - Started process (PID=39963) to work on /opt/airflow/dags/prepare_group_lac_data_operator.py
[2023-05-20 00:13:14,095] {processor.py:641} INFO - Processing file /opt/airflow/dags/prepare_group_lac_data_operator.py for tasks to queue
[2023-05-20 00:13:14,095] {logging_mixin.py:115} INFO - [2023-05-20 00:13:14,095] {dagbag.py:508} INFO - Filling up the DagBag from /opt/airflow/dags/prepare_group_lac_data_operator.py
[2023-05-20 00:13:14,211] {processor.py:653} WARNING - No viable dags retrieved from /opt/airflow/dags/prepare_group_lac_data_operator.py
[2023-05-20 00:13:14,224] {processor.py:161} INFO - Processing /opt/airflow/dags/prepare_group_lac_data_operator.py took 0.134 seconds
[2023-05-20 00:13:44,511] {processor.py:153} INFO - Started process (PID=40007) to work on /opt/airflow/dags/prepare_group_lac_data_operator.py
[2023-05-20 00:13:44,512] {processor.py:641} INFO - Processing file /opt/airflow/dags/prepare_group_lac_data_operator.py for tasks to queue
[2023-05-20 00:13:44,513] {logging_mixin.py:115} INFO - [2023-05-20 00:13:44,513] {dagbag.py:508} INFO - Filling up the DagBag from /opt/airflow/dags/prepare_group_lac_data_operator.py
[2023-05-20 00:13:44,648] {processor.py:653} WARNING - No viable dags retrieved from /opt/airflow/dags/prepare_group_lac_data_operator.py
[2023-05-20 00:13:44,663] {processor.py:161} INFO - Processing /opt/airflow/dags/prepare_group_lac_data_operator.py took 0.156 seconds
[2023-05-20 00:14:15,019] {processor.py:153} INFO - Started process (PID=40050) to work on /opt/airflow/dags/prepare_group_lac_data_operator.py
[2023-05-20 00:14:15,020] {processor.py:641} INFO - Processing file /opt/airflow/dags/prepare_group_lac_data_operator.py for tasks to queue
[2023-05-20 00:14:15,021] {logging_mixin.py:115} INFO - [2023-05-20 00:14:15,021] {dagbag.py:508} INFO - Filling up the DagBag from /opt/airflow/dags/prepare_group_lac_data_operator.py
[2023-05-20 00:14:15,148] {processor.py:653} WARNING - No viable dags retrieved from /opt/airflow/dags/prepare_group_lac_data_operator.py
[2023-05-20 00:14:15,162] {processor.py:161} INFO - Processing /opt/airflow/dags/prepare_group_lac_data_operator.py took 0.147 seconds
[2023-05-20 00:14:46,028] {processor.py:153} INFO - Started process (PID=40093) to work on /opt/airflow/dags/prepare_group_lac_data_operator.py
[2023-05-20 00:14:46,030] {processor.py:641} INFO - Processing file /opt/airflow/dags/prepare_group_lac_data_operator.py for tasks to queue
[2023-05-20 00:14:46,032] {logging_mixin.py:115} INFO - [2023-05-20 00:14:46,032] {dagbag.py:508} INFO - Filling up the DagBag from /opt/airflow/dags/prepare_group_lac_data_operator.py
[2023-05-20 00:14:46,214] {processor.py:653} WARNING - No viable dags retrieved from /opt/airflow/dags/prepare_group_lac_data_operator.py
[2023-05-20 00:14:46,238] {processor.py:161} INFO - Processing /opt/airflow/dags/prepare_group_lac_data_operator.py took 0.214 seconds
[2023-05-20 00:15:17,175] {processor.py:153} INFO - Started process (PID=40128) to work on /opt/airflow/dags/prepare_group_lac_data_operator.py
[2023-05-20 00:15:17,176] {processor.py:641} INFO - Processing file /opt/airflow/dags/prepare_group_lac_data_operator.py for tasks to queue
[2023-05-20 00:15:17,177] {logging_mixin.py:115} INFO - [2023-05-20 00:15:17,177] {dagbag.py:508} INFO - Filling up the DagBag from /opt/airflow/dags/prepare_group_lac_data_operator.py
[2023-05-20 00:15:17,315] {processor.py:653} WARNING - No viable dags retrieved from /opt/airflow/dags/prepare_group_lac_data_operator.py
[2023-05-20 00:15:17,330] {processor.py:161} INFO - Processing /opt/airflow/dags/prepare_group_lac_data_operator.py took 0.159 seconds
[2023-05-20 00:15:47,467] {processor.py:153} INFO - Started process (PID=40170) to work on /opt/airflow/dags/prepare_group_lac_data_operator.py
[2023-05-20 00:15:47,468] {processor.py:641} INFO - Processing file /opt/airflow/dags/prepare_group_lac_data_operator.py for tasks to queue
[2023-05-20 00:15:47,468] {logging_mixin.py:115} INFO - [2023-05-20 00:15:47,468] {dagbag.py:508} INFO - Filling up the DagBag from /opt/airflow/dags/prepare_group_lac_data_operator.py
[2023-05-20 00:15:47,589] {processor.py:653} WARNING - No viable dags retrieved from /opt/airflow/dags/prepare_group_lac_data_operator.py
[2023-05-20 00:15:47,602] {processor.py:161} INFO - Processing /opt/airflow/dags/prepare_group_lac_data_operator.py took 0.138 seconds
[2023-05-20 00:16:18,284] {processor.py:153} INFO - Started process (PID=40214) to work on /opt/airflow/dags/prepare_group_lac_data_operator.py
[2023-05-20 00:16:18,287] {processor.py:641} INFO - Processing file /opt/airflow/dags/prepare_group_lac_data_operator.py for tasks to queue
[2023-05-20 00:16:18,290] {logging_mixin.py:115} INFO - [2023-05-20 00:16:18,290] {dagbag.py:508} INFO - Filling up the DagBag from /opt/airflow/dags/prepare_group_lac_data_operator.py
[2023-05-20 00:16:18,593] {processor.py:653} WARNING - No viable dags retrieved from /opt/airflow/dags/prepare_group_lac_data_operator.py
[2023-05-20 00:16:18,619] {processor.py:161} INFO - Processing /opt/airflow/dags/prepare_group_lac_data_operator.py took 0.339 seconds
[2023-05-20 00:16:49,283] {processor.py:153} INFO - Started process (PID=40249) to work on /opt/airflow/dags/prepare_group_lac_data_operator.py
[2023-05-20 00:16:49,287] {processor.py:641} INFO - Processing file /opt/airflow/dags/prepare_group_lac_data_operator.py for tasks to queue
[2023-05-20 00:16:49,288] {logging_mixin.py:115} INFO - [2023-05-20 00:16:49,288] {dagbag.py:508} INFO - Filling up the DagBag from /opt/airflow/dags/prepare_group_lac_data_operator.py
[2023-05-20 00:16:49,494] {processor.py:653} WARNING - No viable dags retrieved from /opt/airflow/dags/prepare_group_lac_data_operator.py
[2023-05-20 00:16:49,512] {processor.py:161} INFO - Processing /opt/airflow/dags/prepare_group_lac_data_operator.py took 0.234 seconds
[2023-05-20 00:17:20,220] {processor.py:153} INFO - Started process (PID=40292) to work on /opt/airflow/dags/prepare_group_lac_data_operator.py
[2023-05-20 00:17:20,221] {processor.py:641} INFO - Processing file /opt/airflow/dags/prepare_group_lac_data_operator.py for tasks to queue
[2023-05-20 00:17:20,222] {logging_mixin.py:115} INFO - [2023-05-20 00:17:20,222] {dagbag.py:508} INFO - Filling up the DagBag from /opt/airflow/dags/prepare_group_lac_data_operator.py
[2023-05-20 00:17:20,373] {processor.py:653} WARNING - No viable dags retrieved from /opt/airflow/dags/prepare_group_lac_data_operator.py
[2023-05-20 00:17:20,388] {processor.py:161} INFO - Processing /opt/airflow/dags/prepare_group_lac_data_operator.py took 0.170 seconds
[2023-05-20 00:17:50,510] {processor.py:153} INFO - Started process (PID=40335) to work on /opt/airflow/dags/prepare_group_lac_data_operator.py
[2023-05-20 00:17:50,511] {processor.py:641} INFO - Processing file /opt/airflow/dags/prepare_group_lac_data_operator.py for tasks to queue
[2023-05-20 00:17:50,512] {logging_mixin.py:115} INFO - [2023-05-20 00:17:50,512] {dagbag.py:508} INFO - Filling up the DagBag from /opt/airflow/dags/prepare_group_lac_data_operator.py
[2023-05-20 00:17:50,643] {processor.py:653} WARNING - No viable dags retrieved from /opt/airflow/dags/prepare_group_lac_data_operator.py
[2023-05-20 00:17:50,658] {processor.py:161} INFO - Processing /opt/airflow/dags/prepare_group_lac_data_operator.py took 0.152 seconds
[2023-05-20 00:18:21,458] {processor.py:153} INFO - Started process (PID=40377) to work on /opt/airflow/dags/prepare_group_lac_data_operator.py
[2023-05-20 00:18:21,460] {processor.py:641} INFO - Processing file /opt/airflow/dags/prepare_group_lac_data_operator.py for tasks to queue
[2023-05-20 00:18:21,462] {logging_mixin.py:115} INFO - [2023-05-20 00:18:21,462] {dagbag.py:508} INFO - Filling up the DagBag from /opt/airflow/dags/prepare_group_lac_data_operator.py
[2023-05-20 00:18:21,667] {processor.py:653} WARNING - No viable dags retrieved from /opt/airflow/dags/prepare_group_lac_data_operator.py
[2023-05-20 00:18:21,690] {processor.py:161} INFO - Processing /opt/airflow/dags/prepare_group_lac_data_operator.py took 0.236 seconds
[2023-05-20 00:18:52,479] {processor.py:153} INFO - Started process (PID=40411) to work on /opt/airflow/dags/prepare_group_lac_data_operator.py
[2023-05-20 00:18:52,480] {processor.py:641} INFO - Processing file /opt/airflow/dags/prepare_group_lac_data_operator.py for tasks to queue
[2023-05-20 00:18:52,481] {logging_mixin.py:115} INFO - [2023-05-20 00:18:52,481] {dagbag.py:508} INFO - Filling up the DagBag from /opt/airflow/dags/prepare_group_lac_data_operator.py
[2023-05-20 00:18:52,635] {processor.py:653} WARNING - No viable dags retrieved from /opt/airflow/dags/prepare_group_lac_data_operator.py
[2023-05-20 00:18:52,665] {processor.py:161} INFO - Processing /opt/airflow/dags/prepare_group_lac_data_operator.py took 0.189 seconds
[2023-05-20 00:19:22,949] {processor.py:153} INFO - Started process (PID=40454) to work on /opt/airflow/dags/prepare_group_lac_data_operator.py
[2023-05-20 00:19:22,950] {processor.py:641} INFO - Processing file /opt/airflow/dags/prepare_group_lac_data_operator.py for tasks to queue
[2023-05-20 00:19:22,950] {logging_mixin.py:115} INFO - [2023-05-20 00:19:22,950] {dagbag.py:508} INFO - Filling up the DagBag from /opt/airflow/dags/prepare_group_lac_data_operator.py
[2023-05-20 00:19:23,078] {processor.py:653} WARNING - No viable dags retrieved from /opt/airflow/dags/prepare_group_lac_data_operator.py
[2023-05-20 00:19:23,093] {processor.py:161} INFO - Processing /opt/airflow/dags/prepare_group_lac_data_operator.py took 0.148 seconds
[2023-05-20 00:19:53,186] {processor.py:153} INFO - Started process (PID=40497) to work on /opt/airflow/dags/prepare_group_lac_data_operator.py
[2023-05-20 00:19:53,187] {processor.py:641} INFO - Processing file /opt/airflow/dags/prepare_group_lac_data_operator.py for tasks to queue
[2023-05-20 00:19:53,188] {logging_mixin.py:115} INFO - [2023-05-20 00:19:53,188] {dagbag.py:508} INFO - Filling up the DagBag from /opt/airflow/dags/prepare_group_lac_data_operator.py
[2023-05-20 00:19:53,314] {processor.py:653} WARNING - No viable dags retrieved from /opt/airflow/dags/prepare_group_lac_data_operator.py
[2023-05-20 00:19:53,327] {processor.py:161} INFO - Processing /opt/airflow/dags/prepare_group_lac_data_operator.py took 0.143 seconds
[2023-05-20 00:20:23,558] {processor.py:153} INFO - Started process (PID=40540) to work on /opt/airflow/dags/prepare_group_lac_data_operator.py
[2023-05-20 00:20:23,559] {processor.py:641} INFO - Processing file /opt/airflow/dags/prepare_group_lac_data_operator.py for tasks to queue
[2023-05-20 00:20:23,560] {logging_mixin.py:115} INFO - [2023-05-20 00:20:23,560] {dagbag.py:508} INFO - Filling up the DagBag from /opt/airflow/dags/prepare_group_lac_data_operator.py
[2023-05-20 00:20:23,683] {processor.py:653} WARNING - No viable dags retrieved from /opt/airflow/dags/prepare_group_lac_data_operator.py
[2023-05-20 00:20:23,697] {processor.py:161} INFO - Processing /opt/airflow/dags/prepare_group_lac_data_operator.py took 0.141 seconds
[2023-05-20 00:20:53,952] {processor.py:153} INFO - Started process (PID=40583) to work on /opt/airflow/dags/prepare_group_lac_data_operator.py
[2023-05-20 00:20:53,953] {processor.py:641} INFO - Processing file /opt/airflow/dags/prepare_group_lac_data_operator.py for tasks to queue
[2023-05-20 00:20:53,954] {logging_mixin.py:115} INFO - [2023-05-20 00:20:53,954] {dagbag.py:508} INFO - Filling up the DagBag from /opt/airflow/dags/prepare_group_lac_data_operator.py
[2023-05-20 00:20:54,087] {processor.py:653} WARNING - No viable dags retrieved from /opt/airflow/dags/prepare_group_lac_data_operator.py
[2023-05-20 00:20:54,101] {processor.py:161} INFO - Processing /opt/airflow/dags/prepare_group_lac_data_operator.py took 0.152 seconds
[2023-05-20 00:21:24,386] {processor.py:153} INFO - Started process (PID=40617) to work on /opt/airflow/dags/prepare_group_lac_data_operator.py
[2023-05-20 00:21:24,387] {processor.py:641} INFO - Processing file /opt/airflow/dags/prepare_group_lac_data_operator.py for tasks to queue
[2023-05-20 00:21:24,388] {logging_mixin.py:115} INFO - [2023-05-20 00:21:24,388] {dagbag.py:508} INFO - Filling up the DagBag from /opt/airflow/dags/prepare_group_lac_data_operator.py
[2023-05-20 00:21:24,533] {processor.py:653} WARNING - No viable dags retrieved from /opt/airflow/dags/prepare_group_lac_data_operator.py
[2023-05-20 00:21:24,548] {processor.py:161} INFO - Processing /opt/airflow/dags/prepare_group_lac_data_operator.py took 0.166 seconds
[2023-05-20 00:21:55,264] {processor.py:153} INFO - Started process (PID=40660) to work on /opt/airflow/dags/prepare_group_lac_data_operator.py
[2023-05-20 00:21:55,265] {processor.py:641} INFO - Processing file /opt/airflow/dags/prepare_group_lac_data_operator.py for tasks to queue
[2023-05-20 00:21:55,266] {logging_mixin.py:115} INFO - [2023-05-20 00:21:55,266] {dagbag.py:508} INFO - Filling up the DagBag from /opt/airflow/dags/prepare_group_lac_data_operator.py
[2023-05-20 00:21:55,440] {processor.py:653} WARNING - No viable dags retrieved from /opt/airflow/dags/prepare_group_lac_data_operator.py
[2023-05-20 00:21:55,464] {processor.py:161} INFO - Processing /opt/airflow/dags/prepare_group_lac_data_operator.py took 0.205 seconds
[2023-05-20 00:22:25,649] {processor.py:153} INFO - Started process (PID=40704) to work on /opt/airflow/dags/prepare_group_lac_data_operator.py
[2023-05-20 00:22:25,651] {processor.py:641} INFO - Processing file /opt/airflow/dags/prepare_group_lac_data_operator.py for tasks to queue
[2023-05-20 00:22:25,652] {logging_mixin.py:115} INFO - [2023-05-20 00:22:25,652] {dagbag.py:508} INFO - Filling up the DagBag from /opt/airflow/dags/prepare_group_lac_data_operator.py
[2023-05-20 00:22:25,820] {processor.py:653} WARNING - No viable dags retrieved from /opt/airflow/dags/prepare_group_lac_data_operator.py
[2023-05-20 00:22:25,845] {processor.py:161} INFO - Processing /opt/airflow/dags/prepare_group_lac_data_operator.py took 0.199 seconds
[2023-05-20 00:22:56,916] {processor.py:153} INFO - Started process (PID=40736) to work on /opt/airflow/dags/prepare_group_lac_data_operator.py
[2023-05-20 00:22:56,933] {processor.py:641} INFO - Processing file /opt/airflow/dags/prepare_group_lac_data_operator.py for tasks to queue
[2023-05-20 00:22:56,942] {logging_mixin.py:115} INFO - [2023-05-20 00:22:56,942] {dagbag.py:508} INFO - Filling up the DagBag from /opt/airflow/dags/prepare_group_lac_data_operator.py
[2023-05-20 00:22:57,458] {processor.py:653} WARNING - No viable dags retrieved from /opt/airflow/dags/prepare_group_lac_data_operator.py
[2023-05-20 00:22:57,497] {processor.py:161} INFO - Processing /opt/airflow/dags/prepare_group_lac_data_operator.py took 0.597 seconds
[2023-05-20 00:23:27,814] {processor.py:153} INFO - Started process (PID=40780) to work on /opt/airflow/dags/prepare_group_lac_data_operator.py
[2023-05-20 00:23:27,816] {processor.py:641} INFO - Processing file /opt/airflow/dags/prepare_group_lac_data_operator.py for tasks to queue
[2023-05-20 00:23:27,818] {logging_mixin.py:115} INFO - [2023-05-20 00:23:27,818] {dagbag.py:508} INFO - Filling up the DagBag from /opt/airflow/dags/prepare_group_lac_data_operator.py
[2023-05-20 00:23:27,955] {processor.py:653} WARNING - No viable dags retrieved from /opt/airflow/dags/prepare_group_lac_data_operator.py
[2023-05-20 00:23:27,969] {processor.py:161} INFO - Processing /opt/airflow/dags/prepare_group_lac_data_operator.py took 0.159 seconds
[2023-05-20 00:23:58,187] {processor.py:153} INFO - Started process (PID=40822) to work on /opt/airflow/dags/prepare_group_lac_data_operator.py
[2023-05-20 00:23:58,188] {processor.py:641} INFO - Processing file /opt/airflow/dags/prepare_group_lac_data_operator.py for tasks to queue
[2023-05-20 00:23:58,189] {logging_mixin.py:115} INFO - [2023-05-20 00:23:58,189] {dagbag.py:508} INFO - Filling up the DagBag from /opt/airflow/dags/prepare_group_lac_data_operator.py
[2023-05-20 00:23:58,348] {processor.py:653} WARNING - No viable dags retrieved from /opt/airflow/dags/prepare_group_lac_data_operator.py
[2023-05-20 00:23:58,362] {processor.py:161} INFO - Processing /opt/airflow/dags/prepare_group_lac_data_operator.py took 0.181 seconds
[2023-05-20 00:24:28,694] {processor.py:153} INFO - Started process (PID=40865) to work on /opt/airflow/dags/prepare_group_lac_data_operator.py
[2023-05-20 00:24:28,695] {processor.py:641} INFO - Processing file /opt/airflow/dags/prepare_group_lac_data_operator.py for tasks to queue
[2023-05-20 00:24:28,696] {logging_mixin.py:115} INFO - [2023-05-20 00:24:28,695] {dagbag.py:508} INFO - Filling up the DagBag from /opt/airflow/dags/prepare_group_lac_data_operator.py
[2023-05-20 00:24:28,825] {processor.py:653} WARNING - No viable dags retrieved from /opt/airflow/dags/prepare_group_lac_data_operator.py
[2023-05-20 00:24:28,839] {processor.py:161} INFO - Processing /opt/airflow/dags/prepare_group_lac_data_operator.py took 0.148 seconds
[2023-05-20 00:24:59,072] {processor.py:153} INFO - Started process (PID=40899) to work on /opt/airflow/dags/prepare_group_lac_data_operator.py
[2023-05-20 00:24:59,073] {processor.py:641} INFO - Processing file /opt/airflow/dags/prepare_group_lac_data_operator.py for tasks to queue
[2023-05-20 00:24:59,074] {logging_mixin.py:115} INFO - [2023-05-20 00:24:59,073] {dagbag.py:508} INFO - Filling up the DagBag from /opt/airflow/dags/prepare_group_lac_data_operator.py
[2023-05-20 00:24:59,199] {processor.py:653} WARNING - No viable dags retrieved from /opt/airflow/dags/prepare_group_lac_data_operator.py
[2023-05-20 00:24:59,214] {processor.py:161} INFO - Processing /opt/airflow/dags/prepare_group_lac_data_operator.py took 0.145 seconds
[2023-05-20 00:25:29,779] {processor.py:153} INFO - Started process (PID=40942) to work on /opt/airflow/dags/prepare_group_lac_data_operator.py
[2023-05-20 00:25:29,780] {processor.py:641} INFO - Processing file /opt/airflow/dags/prepare_group_lac_data_operator.py for tasks to queue
[2023-05-20 00:25:29,781] {logging_mixin.py:115} INFO - [2023-05-20 00:25:29,781] {dagbag.py:508} INFO - Filling up the DagBag from /opt/airflow/dags/prepare_group_lac_data_operator.py
[2023-05-20 00:25:29,975] {processor.py:653} WARNING - No viable dags retrieved from /opt/airflow/dags/prepare_group_lac_data_operator.py
[2023-05-20 00:25:30,011] {processor.py:161} INFO - Processing /opt/airflow/dags/prepare_group_lac_data_operator.py took 0.236 seconds
[2023-05-20 00:26:05,754] {processor.py:153} INFO - Started process (PID=40985) to work on /opt/airflow/dags/prepare_group_lac_data_operator.py
[2023-05-20 00:26:05,756] {processor.py:641} INFO - Processing file /opt/airflow/dags/prepare_group_lac_data_operator.py for tasks to queue
[2023-05-20 00:26:05,759] {logging_mixin.py:115} INFO - [2023-05-20 00:26:05,758] {dagbag.py:508} INFO - Filling up the DagBag from /opt/airflow/dags/prepare_group_lac_data_operator.py
[2023-05-20 00:26:06,313] {processor.py:653} WARNING - No viable dags retrieved from /opt/airflow/dags/prepare_group_lac_data_operator.py
[2023-05-20 00:26:06,369] {processor.py:161} INFO - Processing /opt/airflow/dags/prepare_group_lac_data_operator.py took 0.621 seconds
[2023-05-20 00:26:37,240] {processor.py:153} INFO - Started process (PID=41019) to work on /opt/airflow/dags/prepare_group_lac_data_operator.py
[2023-05-20 00:26:37,242] {processor.py:641} INFO - Processing file /opt/airflow/dags/prepare_group_lac_data_operator.py for tasks to queue
[2023-05-20 00:26:37,244] {logging_mixin.py:115} INFO - [2023-05-20 00:26:37,243] {dagbag.py:508} INFO - Filling up the DagBag from /opt/airflow/dags/prepare_group_lac_data_operator.py
[2023-05-20 00:26:37,382] {processor.py:653} WARNING - No viable dags retrieved from /opt/airflow/dags/prepare_group_lac_data_operator.py
[2023-05-20 00:26:37,396] {processor.py:161} INFO - Processing /opt/airflow/dags/prepare_group_lac_data_operator.py took 0.164 seconds
[2023-05-20 00:27:08,181] {processor.py:153} INFO - Started process (PID=41062) to work on /opt/airflow/dags/prepare_group_lac_data_operator.py
[2023-05-20 00:27:08,183] {processor.py:641} INFO - Processing file /opt/airflow/dags/prepare_group_lac_data_operator.py for tasks to queue
[2023-05-20 00:27:08,184] {logging_mixin.py:115} INFO - [2023-05-20 00:27:08,184] {dagbag.py:508} INFO - Filling up the DagBag from /opt/airflow/dags/prepare_group_lac_data_operator.py
[2023-05-20 00:27:08,316] {processor.py:653} WARNING - No viable dags retrieved from /opt/airflow/dags/prepare_group_lac_data_operator.py
[2023-05-20 00:27:08,330] {processor.py:161} INFO - Processing /opt/airflow/dags/prepare_group_lac_data_operator.py took 0.154 seconds
[2023-05-20 00:27:38,371] {processor.py:153} INFO - Started process (PID=41105) to work on /opt/airflow/dags/prepare_group_lac_data_operator.py
[2023-05-20 00:27:38,373] {processor.py:641} INFO - Processing file /opt/airflow/dags/prepare_group_lac_data_operator.py for tasks to queue
[2023-05-20 00:27:38,374] {logging_mixin.py:115} INFO - [2023-05-20 00:27:38,374] {dagbag.py:508} INFO - Filling up the DagBag from /opt/airflow/dags/prepare_group_lac_data_operator.py
[2023-05-20 00:27:38,539] {processor.py:653} WARNING - No viable dags retrieved from /opt/airflow/dags/prepare_group_lac_data_operator.py
[2023-05-20 00:27:38,555] {processor.py:161} INFO - Processing /opt/airflow/dags/prepare_group_lac_data_operator.py took 0.187 seconds
[2023-05-20 00:28:08,692] {processor.py:153} INFO - Started process (PID=41150) to work on /opt/airflow/dags/prepare_group_lac_data_operator.py
[2023-05-20 00:28:08,693] {processor.py:641} INFO - Processing file /opt/airflow/dags/prepare_group_lac_data_operator.py for tasks to queue
[2023-05-20 00:28:08,695] {logging_mixin.py:115} INFO - [2023-05-20 00:28:08,695] {dagbag.py:508} INFO - Filling up the DagBag from /opt/airflow/dags/prepare_group_lac_data_operator.py
[2023-05-20 00:28:08,826] {processor.py:653} WARNING - No viable dags retrieved from /opt/airflow/dags/prepare_group_lac_data_operator.py
[2023-05-20 00:28:08,840] {processor.py:161} INFO - Processing /opt/airflow/dags/prepare_group_lac_data_operator.py took 0.150 seconds
[2023-05-20 00:28:39,714] {processor.py:153} INFO - Started process (PID=41194) to work on /opt/airflow/dags/prepare_group_lac_data_operator.py
[2023-05-20 00:28:39,718] {processor.py:641} INFO - Processing file /opt/airflow/dags/prepare_group_lac_data_operator.py for tasks to queue
[2023-05-20 00:28:39,719] {logging_mixin.py:115} INFO - [2023-05-20 00:28:39,719] {dagbag.py:508} INFO - Filling up the DagBag from /opt/airflow/dags/prepare_group_lac_data_operator.py
[2023-05-20 00:28:39,932] {processor.py:653} WARNING - No viable dags retrieved from /opt/airflow/dags/prepare_group_lac_data_operator.py
[2023-05-20 00:28:39,959] {processor.py:161} INFO - Processing /opt/airflow/dags/prepare_group_lac_data_operator.py took 0.248 seconds
[2023-05-20 00:29:10,645] {processor.py:153} INFO - Started process (PID=41228) to work on /opt/airflow/dags/prepare_group_lac_data_operator.py
[2023-05-20 00:29:10,647] {processor.py:641} INFO - Processing file /opt/airflow/dags/prepare_group_lac_data_operator.py for tasks to queue
[2023-05-20 00:29:10,648] {logging_mixin.py:115} INFO - [2023-05-20 00:29:10,648] {dagbag.py:508} INFO - Filling up the DagBag from /opt/airflow/dags/prepare_group_lac_data_operator.py
[2023-05-20 00:29:10,783] {processor.py:653} WARNING - No viable dags retrieved from /opt/airflow/dags/prepare_group_lac_data_operator.py
[2023-05-20 00:29:10,797] {processor.py:161} INFO - Processing /opt/airflow/dags/prepare_group_lac_data_operator.py took 0.154 seconds
[2023-05-20 00:29:41,011] {processor.py:153} INFO - Started process (PID=41271) to work on /opt/airflow/dags/prepare_group_lac_data_operator.py
[2023-05-20 00:29:41,013] {processor.py:641} INFO - Processing file /opt/airflow/dags/prepare_group_lac_data_operator.py for tasks to queue
[2023-05-20 00:29:41,013] {logging_mixin.py:115} INFO - [2023-05-20 00:29:41,013] {dagbag.py:508} INFO - Filling up the DagBag from /opt/airflow/dags/prepare_group_lac_data_operator.py
[2023-05-20 00:29:41,158] {processor.py:653} WARNING - No viable dags retrieved from /opt/airflow/dags/prepare_group_lac_data_operator.py
[2023-05-20 00:29:41,172] {processor.py:161} INFO - Processing /opt/airflow/dags/prepare_group_lac_data_operator.py took 0.164 seconds
[2023-05-20 00:30:11,305] {processor.py:153} INFO - Started process (PID=41314) to work on /opt/airflow/dags/prepare_group_lac_data_operator.py
[2023-05-20 00:30:11,307] {processor.py:641} INFO - Processing file /opt/airflow/dags/prepare_group_lac_data_operator.py for tasks to queue
[2023-05-20 00:30:11,308] {logging_mixin.py:115} INFO - [2023-05-20 00:30:11,308] {dagbag.py:508} INFO - Filling up the DagBag from /opt/airflow/dags/prepare_group_lac_data_operator.py
[2023-05-20 00:30:11,438] {processor.py:653} WARNING - No viable dags retrieved from /opt/airflow/dags/prepare_group_lac_data_operator.py
[2023-05-20 00:30:11,452] {processor.py:161} INFO - Processing /opt/airflow/dags/prepare_group_lac_data_operator.py took 0.150 seconds
[2023-05-20 00:30:42,246] {processor.py:153} INFO - Started process (PID=41357) to work on /opt/airflow/dags/prepare_group_lac_data_operator.py
[2023-05-20 00:30:42,247] {processor.py:641} INFO - Processing file /opt/airflow/dags/prepare_group_lac_data_operator.py for tasks to queue
[2023-05-20 00:30:42,248] {logging_mixin.py:115} INFO - [2023-05-20 00:30:42,248] {dagbag.py:508} INFO - Filling up the DagBag from /opt/airflow/dags/prepare_group_lac_data_operator.py
[2023-05-20 00:30:42,395] {processor.py:653} WARNING - No viable dags retrieved from /opt/airflow/dags/prepare_group_lac_data_operator.py
[2023-05-20 00:30:42,409] {processor.py:161} INFO - Processing /opt/airflow/dags/prepare_group_lac_data_operator.py took 0.168 seconds
[2023-05-20 00:31:12,786] {processor.py:153} INFO - Started process (PID=41401) to work on /opt/airflow/dags/prepare_group_lac_data_operator.py
[2023-05-20 00:31:12,788] {processor.py:641} INFO - Processing file /opt/airflow/dags/prepare_group_lac_data_operator.py for tasks to queue
[2023-05-20 00:31:12,788] {logging_mixin.py:115} INFO - [2023-05-20 00:31:12,788] {dagbag.py:508} INFO - Filling up the DagBag from /opt/airflow/dags/prepare_group_lac_data_operator.py
[2023-05-20 00:31:12,967] {processor.py:653} WARNING - No viable dags retrieved from /opt/airflow/dags/prepare_group_lac_data_operator.py
[2023-05-20 00:31:12,987] {processor.py:161} INFO - Processing /opt/airflow/dags/prepare_group_lac_data_operator.py took 0.204 seconds
[2023-05-20 00:31:44,313] {processor.py:153} INFO - Started process (PID=41435) to work on /opt/airflow/dags/prepare_group_lac_data_operator.py
[2023-05-20 00:31:44,316] {processor.py:641} INFO - Processing file /opt/airflow/dags/prepare_group_lac_data_operator.py for tasks to queue
[2023-05-20 00:31:44,317] {logging_mixin.py:115} INFO - [2023-05-20 00:31:44,317] {dagbag.py:508} INFO - Filling up the DagBag from /opt/airflow/dags/prepare_group_lac_data_operator.py
[2023-05-20 00:31:44,660] {processor.py:653} WARNING - No viable dags retrieved from /opt/airflow/dags/prepare_group_lac_data_operator.py
[2023-05-20 00:31:44,687] {processor.py:161} INFO - Processing /opt/airflow/dags/prepare_group_lac_data_operator.py took 0.381 seconds
[2023-05-20 00:32:18,393] {processor.py:153} INFO - Started process (PID=41478) to work on /opt/airflow/dags/prepare_group_lac_data_operator.py
[2023-05-20 00:32:18,395] {processor.py:641} INFO - Processing file /opt/airflow/dags/prepare_group_lac_data_operator.py for tasks to queue
[2023-05-20 00:32:18,397] {logging_mixin.py:115} INFO - [2023-05-20 00:32:18,397] {dagbag.py:508} INFO - Filling up the DagBag from /opt/airflow/dags/prepare_group_lac_data_operator.py
[2023-05-20 00:32:19,196] {processor.py:653} WARNING - No viable dags retrieved from /opt/airflow/dags/prepare_group_lac_data_operator.py
[2023-05-20 00:32:19,352] {processor.py:161} INFO - Processing /opt/airflow/dags/prepare_group_lac_data_operator.py took 0.965 seconds
[2023-05-20 00:32:50,323] {processor.py:153} INFO - Started process (PID=41521) to work on /opt/airflow/dags/prepare_group_lac_data_operator.py
[2023-05-20 00:32:50,326] {processor.py:641} INFO - Processing file /opt/airflow/dags/prepare_group_lac_data_operator.py for tasks to queue
[2023-05-20 00:32:50,327] {logging_mixin.py:115} INFO - [2023-05-20 00:32:50,327] {dagbag.py:508} INFO - Filling up the DagBag from /opt/airflow/dags/prepare_group_lac_data_operator.py
[2023-05-20 00:32:50,501] {processor.py:653} WARNING - No viable dags retrieved from /opt/airflow/dags/prepare_group_lac_data_operator.py
[2023-05-20 00:32:50,544] {processor.py:161} INFO - Processing /opt/airflow/dags/prepare_group_lac_data_operator.py took 0.226 seconds
[2023-05-20 00:33:20,623] {processor.py:153} INFO - Started process (PID=41565) to work on /opt/airflow/dags/prepare_group_lac_data_operator.py
[2023-05-20 00:33:20,631] {processor.py:641} INFO - Processing file /opt/airflow/dags/prepare_group_lac_data_operator.py for tasks to queue
[2023-05-20 00:33:20,636] {logging_mixin.py:115} INFO - [2023-05-20 00:33:20,636] {dagbag.py:508} INFO - Filling up the DagBag from /opt/airflow/dags/prepare_group_lac_data_operator.py
[2023-05-20 00:33:20,802] {processor.py:653} WARNING - No viable dags retrieved from /opt/airflow/dags/prepare_group_lac_data_operator.py
[2023-05-20 00:33:20,831] {processor.py:161} INFO - Processing /opt/airflow/dags/prepare_group_lac_data_operator.py took 0.221 seconds
[2023-05-20 00:33:51,001] {processor.py:153} INFO - Started process (PID=41599) to work on /opt/airflow/dags/prepare_group_lac_data_operator.py
[2023-05-20 00:33:51,004] {processor.py:641} INFO - Processing file /opt/airflow/dags/prepare_group_lac_data_operator.py for tasks to queue
[2023-05-20 00:33:51,006] {logging_mixin.py:115} INFO - [2023-05-20 00:33:51,006] {dagbag.py:508} INFO - Filling up the DagBag from /opt/airflow/dags/prepare_group_lac_data_operator.py
[2023-05-20 00:33:51,156] {processor.py:653} WARNING - No viable dags retrieved from /opt/airflow/dags/prepare_group_lac_data_operator.py
[2023-05-20 00:33:51,171] {processor.py:161} INFO - Processing /opt/airflow/dags/prepare_group_lac_data_operator.py took 0.174 seconds
[2023-05-20 00:34:21,640] {processor.py:153} INFO - Started process (PID=41642) to work on /opt/airflow/dags/prepare_group_lac_data_operator.py
[2023-05-20 00:34:21,642] {processor.py:641} INFO - Processing file /opt/airflow/dags/prepare_group_lac_data_operator.py for tasks to queue
[2023-05-20 00:34:21,643] {logging_mixin.py:115} INFO - [2023-05-20 00:34:21,643] {dagbag.py:508} INFO - Filling up the DagBag from /opt/airflow/dags/prepare_group_lac_data_operator.py
[2023-05-20 00:34:21,830] {processor.py:653} WARNING - No viable dags retrieved from /opt/airflow/dags/prepare_group_lac_data_operator.py
[2023-05-20 00:34:21,847] {processor.py:161} INFO - Processing /opt/airflow/dags/prepare_group_lac_data_operator.py took 0.211 seconds
[2023-05-20 00:34:52,109] {processor.py:153} INFO - Started process (PID=41685) to work on /opt/airflow/dags/prepare_group_lac_data_operator.py
[2023-05-20 00:34:52,110] {processor.py:641} INFO - Processing file /opt/airflow/dags/prepare_group_lac_data_operator.py for tasks to queue
[2023-05-20 00:34:52,111] {logging_mixin.py:115} INFO - [2023-05-20 00:34:52,111] {dagbag.py:508} INFO - Filling up the DagBag from /opt/airflow/dags/prepare_group_lac_data_operator.py
[2023-05-20 00:34:52,262] {processor.py:653} WARNING - No viable dags retrieved from /opt/airflow/dags/prepare_group_lac_data_operator.py
[2023-05-20 00:34:52,280] {processor.py:161} INFO - Processing /opt/airflow/dags/prepare_group_lac_data_operator.py took 0.174 seconds
[2023-05-20 00:35:22,459] {processor.py:153} INFO - Started process (PID=41727) to work on /opt/airflow/dags/prepare_group_lac_data_operator.py
[2023-05-20 00:35:22,460] {processor.py:641} INFO - Processing file /opt/airflow/dags/prepare_group_lac_data_operator.py for tasks to queue
[2023-05-20 00:35:22,461] {logging_mixin.py:115} INFO - [2023-05-20 00:35:22,461] {dagbag.py:508} INFO - Filling up the DagBag from /opt/airflow/dags/prepare_group_lac_data_operator.py
[2023-05-20 00:35:22,707] {processor.py:653} WARNING - No viable dags retrieved from /opt/airflow/dags/prepare_group_lac_data_operator.py
[2023-05-20 00:35:22,739] {processor.py:161} INFO - Processing /opt/airflow/dags/prepare_group_lac_data_operator.py took 0.284 seconds
[2023-05-20 00:35:52,844] {processor.py:153} INFO - Started process (PID=41761) to work on /opt/airflow/dags/prepare_group_lac_data_operator.py
[2023-05-20 00:35:52,845] {processor.py:641} INFO - Processing file /opt/airflow/dags/prepare_group_lac_data_operator.py for tasks to queue
[2023-05-20 00:35:52,846] {logging_mixin.py:115} INFO - [2023-05-20 00:35:52,846] {dagbag.py:508} INFO - Filling up the DagBag from /opt/airflow/dags/prepare_group_lac_data_operator.py
[2023-05-20 00:35:52,972] {processor.py:653} WARNING - No viable dags retrieved from /opt/airflow/dags/prepare_group_lac_data_operator.py
[2023-05-20 00:35:52,986] {processor.py:161} INFO - Processing /opt/airflow/dags/prepare_group_lac_data_operator.py took 0.145 seconds
[2023-05-20 00:36:23,906] {processor.py:153} INFO - Started process (PID=41804) to work on /opt/airflow/dags/prepare_group_lac_data_operator.py
[2023-05-20 00:36:23,907] {processor.py:641} INFO - Processing file /opt/airflow/dags/prepare_group_lac_data_operator.py for tasks to queue
[2023-05-20 00:36:23,908] {logging_mixin.py:115} INFO - [2023-05-20 00:36:23,908] {dagbag.py:508} INFO - Filling up the DagBag from /opt/airflow/dags/prepare_group_lac_data_operator.py
[2023-05-20 00:36:24,041] {processor.py:653} WARNING - No viable dags retrieved from /opt/airflow/dags/prepare_group_lac_data_operator.py
[2023-05-20 00:36:24,056] {processor.py:161} INFO - Processing /opt/airflow/dags/prepare_group_lac_data_operator.py took 0.154 seconds
[2023-05-20 00:36:54,342] {processor.py:153} INFO - Started process (PID=41847) to work on /opt/airflow/dags/prepare_group_lac_data_operator.py
[2023-05-20 00:36:54,343] {processor.py:641} INFO - Processing file /opt/airflow/dags/prepare_group_lac_data_operator.py for tasks to queue
[2023-05-20 00:36:54,344] {logging_mixin.py:115} INFO - [2023-05-20 00:36:54,344] {dagbag.py:508} INFO - Filling up the DagBag from /opt/airflow/dags/prepare_group_lac_data_operator.py
[2023-05-20 00:36:54,483] {processor.py:653} WARNING - No viable dags retrieved from /opt/airflow/dags/prepare_group_lac_data_operator.py
[2023-05-20 00:36:54,497] {processor.py:161} INFO - Processing /opt/airflow/dags/prepare_group_lac_data_operator.py took 0.158 seconds
[2023-05-20 00:37:24,996] {processor.py:153} INFO - Started process (PID=41890) to work on /opt/airflow/dags/prepare_group_lac_data_operator.py
[2023-05-20 00:37:24,997] {processor.py:641} INFO - Processing file /opt/airflow/dags/prepare_group_lac_data_operator.py for tasks to queue
[2023-05-20 00:37:24,998] {logging_mixin.py:115} INFO - [2023-05-20 00:37:24,998] {dagbag.py:508} INFO - Filling up the DagBag from /opt/airflow/dags/prepare_group_lac_data_operator.py
[2023-05-20 00:37:25,148] {processor.py:653} WARNING - No viable dags retrieved from /opt/airflow/dags/prepare_group_lac_data_operator.py
[2023-05-20 00:37:25,163] {processor.py:161} INFO - Processing /opt/airflow/dags/prepare_group_lac_data_operator.py took 0.170 seconds
[2023-05-20 00:37:55,564] {processor.py:153} INFO - Started process (PID=41924) to work on /opt/airflow/dags/prepare_group_lac_data_operator.py
[2023-05-20 00:37:55,565] {processor.py:641} INFO - Processing file /opt/airflow/dags/prepare_group_lac_data_operator.py for tasks to queue
[2023-05-20 00:37:55,566] {logging_mixin.py:115} INFO - [2023-05-20 00:37:55,566] {dagbag.py:508} INFO - Filling up the DagBag from /opt/airflow/dags/prepare_group_lac_data_operator.py
[2023-05-20 00:37:55,709] {processor.py:653} WARNING - No viable dags retrieved from /opt/airflow/dags/prepare_group_lac_data_operator.py
[2023-05-20 00:37:55,724] {processor.py:161} INFO - Processing /opt/airflow/dags/prepare_group_lac_data_operator.py took 0.162 seconds
[2023-05-20 00:38:26,500] {processor.py:153} INFO - Started process (PID=41967) to work on /opt/airflow/dags/prepare_group_lac_data_operator.py
[2023-05-20 00:38:26,501] {processor.py:641} INFO - Processing file /opt/airflow/dags/prepare_group_lac_data_operator.py for tasks to queue
[2023-05-20 00:38:26,502] {logging_mixin.py:115} INFO - [2023-05-20 00:38:26,502] {dagbag.py:508} INFO - Filling up the DagBag from /opt/airflow/dags/prepare_group_lac_data_operator.py
[2023-05-20 00:38:26,654] {processor.py:653} WARNING - No viable dags retrieved from /opt/airflow/dags/prepare_group_lac_data_operator.py
[2023-05-20 00:38:26,668] {processor.py:161} INFO - Processing /opt/airflow/dags/prepare_group_lac_data_operator.py took 0.172 seconds
[2023-05-20 00:38:57,213] {processor.py:153} INFO - Started process (PID=42010) to work on /opt/airflow/dags/prepare_group_lac_data_operator.py
[2023-05-20 00:38:57,215] {processor.py:641} INFO - Processing file /opt/airflow/dags/prepare_group_lac_data_operator.py for tasks to queue
[2023-05-20 00:38:57,216] {logging_mixin.py:115} INFO - [2023-05-20 00:38:57,216] {dagbag.py:508} INFO - Filling up the DagBag from /opt/airflow/dags/prepare_group_lac_data_operator.py
[2023-05-20 00:38:57,363] {processor.py:653} WARNING - No viable dags retrieved from /opt/airflow/dags/prepare_group_lac_data_operator.py
[2023-05-20 00:38:57,378] {processor.py:161} INFO - Processing /opt/airflow/dags/prepare_group_lac_data_operator.py took 0.167 seconds
[2023-05-20 00:39:27,795] {processor.py:153} INFO - Started process (PID=42053) to work on /opt/airflow/dags/prepare_group_lac_data_operator.py
[2023-05-20 00:39:27,797] {processor.py:641} INFO - Processing file /opt/airflow/dags/prepare_group_lac_data_operator.py for tasks to queue
[2023-05-20 00:39:27,798] {logging_mixin.py:115} INFO - [2023-05-20 00:39:27,798] {dagbag.py:508} INFO - Filling up the DagBag from /opt/airflow/dags/prepare_group_lac_data_operator.py
[2023-05-20 00:39:27,930] {processor.py:653} WARNING - No viable dags retrieved from /opt/airflow/dags/prepare_group_lac_data_operator.py
[2023-05-20 00:39:27,945] {processor.py:161} INFO - Processing /opt/airflow/dags/prepare_group_lac_data_operator.py took 0.154 seconds
[2023-05-20 00:39:58,223] {processor.py:153} INFO - Started process (PID=42095) to work on /opt/airflow/dags/prepare_group_lac_data_operator.py
[2023-05-20 00:39:58,224] {processor.py:641} INFO - Processing file /opt/airflow/dags/prepare_group_lac_data_operator.py for tasks to queue
[2023-05-20 00:39:58,225] {logging_mixin.py:115} INFO - [2023-05-20 00:39:58,225] {dagbag.py:508} INFO - Filling up the DagBag from /opt/airflow/dags/prepare_group_lac_data_operator.py
[2023-05-20 00:39:58,358] {processor.py:653} WARNING - No viable dags retrieved from /opt/airflow/dags/prepare_group_lac_data_operator.py
[2023-05-20 00:39:58,372] {processor.py:161} INFO - Processing /opt/airflow/dags/prepare_group_lac_data_operator.py took 0.152 seconds
[2023-05-20 00:40:28,600] {processor.py:153} INFO - Started process (PID=42129) to work on /opt/airflow/dags/prepare_group_lac_data_operator.py
[2023-05-20 00:40:28,601] {processor.py:641} INFO - Processing file /opt/airflow/dags/prepare_group_lac_data_operator.py for tasks to queue
[2023-05-20 00:40:28,602] {logging_mixin.py:115} INFO - [2023-05-20 00:40:28,602] {dagbag.py:508} INFO - Filling up the DagBag from /opt/airflow/dags/prepare_group_lac_data_operator.py
[2023-05-20 00:40:28,733] {processor.py:653} WARNING - No viable dags retrieved from /opt/airflow/dags/prepare_group_lac_data_operator.py
[2023-05-20 00:40:28,747] {processor.py:161} INFO - Processing /opt/airflow/dags/prepare_group_lac_data_operator.py took 0.151 seconds
[2023-05-20 00:40:58,917] {processor.py:153} INFO - Started process (PID=42172) to work on /opt/airflow/dags/prepare_group_lac_data_operator.py
[2023-05-20 00:40:58,918] {processor.py:641} INFO - Processing file /opt/airflow/dags/prepare_group_lac_data_operator.py for tasks to queue
[2023-05-20 00:40:58,919] {logging_mixin.py:115} INFO - [2023-05-20 00:40:58,919] {dagbag.py:508} INFO - Filling up the DagBag from /opt/airflow/dags/prepare_group_lac_data_operator.py
[2023-05-20 00:40:59,051] {processor.py:653} WARNING - No viable dags retrieved from /opt/airflow/dags/prepare_group_lac_data_operator.py
[2023-05-20 00:40:59,065] {processor.py:161} INFO - Processing /opt/airflow/dags/prepare_group_lac_data_operator.py took 0.151 seconds
[2023-05-20 00:41:29,677] {processor.py:153} INFO - Started process (PID=42215) to work on /opt/airflow/dags/prepare_group_lac_data_operator.py
[2023-05-20 00:41:29,678] {processor.py:641} INFO - Processing file /opt/airflow/dags/prepare_group_lac_data_operator.py for tasks to queue
[2023-05-20 00:41:29,679] {logging_mixin.py:115} INFO - [2023-05-20 00:41:29,679] {dagbag.py:508} INFO - Filling up the DagBag from /opt/airflow/dags/prepare_group_lac_data_operator.py
[2023-05-20 00:41:29,819] {processor.py:653} WARNING - No viable dags retrieved from /opt/airflow/dags/prepare_group_lac_data_operator.py
[2023-05-20 00:41:29,833] {processor.py:161} INFO - Processing /opt/airflow/dags/prepare_group_lac_data_operator.py took 0.160 seconds
[2023-05-20 00:42:00,369] {processor.py:153} INFO - Started process (PID=42258) to work on /opt/airflow/dags/prepare_group_lac_data_operator.py
[2023-05-20 00:42:00,370] {processor.py:641} INFO - Processing file /opt/airflow/dags/prepare_group_lac_data_operator.py for tasks to queue
[2023-05-20 00:42:00,371] {logging_mixin.py:115} INFO - [2023-05-20 00:42:00,371] {dagbag.py:508} INFO - Filling up the DagBag from /opt/airflow/dags/prepare_group_lac_data_operator.py
[2023-05-20 00:42:00,508] {processor.py:653} WARNING - No viable dags retrieved from /opt/airflow/dags/prepare_group_lac_data_operator.py
[2023-05-20 00:42:00,525] {processor.py:161} INFO - Processing /opt/airflow/dags/prepare_group_lac_data_operator.py took 0.158 seconds
[2023-05-20 00:42:30,933] {processor.py:153} INFO - Started process (PID=42301) to work on /opt/airflow/dags/prepare_group_lac_data_operator.py
[2023-05-20 00:42:30,934] {processor.py:641} INFO - Processing file /opt/airflow/dags/prepare_group_lac_data_operator.py for tasks to queue
[2023-05-20 00:42:30,935] {logging_mixin.py:115} INFO - [2023-05-20 00:42:30,935] {dagbag.py:508} INFO - Filling up the DagBag from /opt/airflow/dags/prepare_group_lac_data_operator.py
[2023-05-20 00:42:31,075] {processor.py:653} WARNING - No viable dags retrieved from /opt/airflow/dags/prepare_group_lac_data_operator.py
[2023-05-20 00:42:31,090] {processor.py:161} INFO - Processing /opt/airflow/dags/prepare_group_lac_data_operator.py took 0.160 seconds
[2023-05-20 00:43:01,581] {processor.py:153} INFO - Started process (PID=42335) to work on /opt/airflow/dags/prepare_group_lac_data_operator.py
[2023-05-20 00:43:01,582] {processor.py:641} INFO - Processing file /opt/airflow/dags/prepare_group_lac_data_operator.py for tasks to queue
[2023-05-20 00:43:01,583] {logging_mixin.py:115} INFO - [2023-05-20 00:43:01,583] {dagbag.py:508} INFO - Filling up the DagBag from /opt/airflow/dags/prepare_group_lac_data_operator.py
[2023-05-20 00:43:01,719] {processor.py:653} WARNING - No viable dags retrieved from /opt/airflow/dags/prepare_group_lac_data_operator.py
[2023-05-20 00:43:01,733] {processor.py:161} INFO - Processing /opt/airflow/dags/prepare_group_lac_data_operator.py took 0.155 seconds
[2023-05-20 00:43:32,338] {processor.py:153} INFO - Started process (PID=42378) to work on /opt/airflow/dags/prepare_group_lac_data_operator.py
[2023-05-20 00:43:32,339] {processor.py:641} INFO - Processing file /opt/airflow/dags/prepare_group_lac_data_operator.py for tasks to queue
[2023-05-20 00:43:32,340] {logging_mixin.py:115} INFO - [2023-05-20 00:43:32,340] {dagbag.py:508} INFO - Filling up the DagBag from /opt/airflow/dags/prepare_group_lac_data_operator.py
[2023-05-20 00:43:32,487] {processor.py:653} WARNING - No viable dags retrieved from /opt/airflow/dags/prepare_group_lac_data_operator.py
[2023-05-20 00:43:32,503] {processor.py:161} INFO - Processing /opt/airflow/dags/prepare_group_lac_data_operator.py took 0.168 seconds
[2023-05-20 00:44:03,160] {processor.py:153} INFO - Started process (PID=42421) to work on /opt/airflow/dags/prepare_group_lac_data_operator.py
[2023-05-20 00:44:03,161] {processor.py:641} INFO - Processing file /opt/airflow/dags/prepare_group_lac_data_operator.py for tasks to queue
[2023-05-20 00:44:03,162] {logging_mixin.py:115} INFO - [2023-05-20 00:44:03,162] {dagbag.py:508} INFO - Filling up the DagBag from /opt/airflow/dags/prepare_group_lac_data_operator.py
[2023-05-20 00:44:03,298] {processor.py:653} WARNING - No viable dags retrieved from /opt/airflow/dags/prepare_group_lac_data_operator.py
[2023-05-20 00:44:03,315] {processor.py:161} INFO - Processing /opt/airflow/dags/prepare_group_lac_data_operator.py took 0.160 seconds
[2023-05-20 00:44:34,052] {processor.py:153} INFO - Started process (PID=42464) to work on /opt/airflow/dags/prepare_group_lac_data_operator.py
[2023-05-20 00:44:34,053] {processor.py:641} INFO - Processing file /opt/airflow/dags/prepare_group_lac_data_operator.py for tasks to queue
[2023-05-20 00:44:34,054] {logging_mixin.py:115} INFO - [2023-05-20 00:44:34,054] {dagbag.py:508} INFO - Filling up the DagBag from /opt/airflow/dags/prepare_group_lac_data_operator.py
[2023-05-20 00:44:34,217] {processor.py:653} WARNING - No viable dags retrieved from /opt/airflow/dags/prepare_group_lac_data_operator.py
[2023-05-20 00:44:34,243] {processor.py:161} INFO - Processing /opt/airflow/dags/prepare_group_lac_data_operator.py took 0.194 seconds
[2023-05-20 00:45:04,954] {processor.py:153} INFO - Started process (PID=42507) to work on /opt/airflow/dags/prepare_group_lac_data_operator.py
[2023-05-20 00:45:04,956] {processor.py:641} INFO - Processing file /opt/airflow/dags/prepare_group_lac_data_operator.py for tasks to queue
[2023-05-20 00:45:04,957] {logging_mixin.py:115} INFO - [2023-05-20 00:45:04,957] {dagbag.py:508} INFO - Filling up the DagBag from /opt/airflow/dags/prepare_group_lac_data_operator.py
[2023-05-20 00:45:05,100] {processor.py:653} WARNING - No viable dags retrieved from /opt/airflow/dags/prepare_group_lac_data_operator.py
[2023-05-20 00:45:05,114] {processor.py:161} INFO - Processing /opt/airflow/dags/prepare_group_lac_data_operator.py took 0.163 seconds
[2023-05-20 00:45:35,800] {processor.py:153} INFO - Started process (PID=42541) to work on /opt/airflow/dags/prepare_group_lac_data_operator.py
[2023-05-20 00:45:35,801] {processor.py:641} INFO - Processing file /opt/airflow/dags/prepare_group_lac_data_operator.py for tasks to queue
[2023-05-20 00:45:35,802] {logging_mixin.py:115} INFO - [2023-05-20 00:45:35,802] {dagbag.py:508} INFO - Filling up the DagBag from /opt/airflow/dags/prepare_group_lac_data_operator.py
[2023-05-20 00:45:35,942] {processor.py:653} WARNING - No viable dags retrieved from /opt/airflow/dags/prepare_group_lac_data_operator.py
[2023-05-20 00:45:35,956] {processor.py:161} INFO - Processing /opt/airflow/dags/prepare_group_lac_data_operator.py took 0.162 seconds
[2023-05-20 00:46:06,174] {processor.py:153} INFO - Started process (PID=42585) to work on /opt/airflow/dags/prepare_group_lac_data_operator.py
[2023-05-20 00:46:06,175] {processor.py:641} INFO - Processing file /opt/airflow/dags/prepare_group_lac_data_operator.py for tasks to queue
[2023-05-20 00:46:06,176] {logging_mixin.py:115} INFO - [2023-05-20 00:46:06,176] {dagbag.py:508} INFO - Filling up the DagBag from /opt/airflow/dags/prepare_group_lac_data_operator.py
[2023-05-20 00:46:06,307] {processor.py:653} WARNING - No viable dags retrieved from /opt/airflow/dags/prepare_group_lac_data_operator.py
[2023-05-20 00:46:06,321] {processor.py:161} INFO - Processing /opt/airflow/dags/prepare_group_lac_data_operator.py took 0.150 seconds
[2023-05-20 00:46:36,910] {processor.py:153} INFO - Started process (PID=42628) to work on /opt/airflow/dags/prepare_group_lac_data_operator.py
[2023-05-20 00:46:36,911] {processor.py:641} INFO - Processing file /opt/airflow/dags/prepare_group_lac_data_operator.py for tasks to queue
[2023-05-20 00:46:36,912] {logging_mixin.py:115} INFO - [2023-05-20 00:46:36,912] {dagbag.py:508} INFO - Filling up the DagBag from /opt/airflow/dags/prepare_group_lac_data_operator.py
[2023-05-20 00:46:37,045] {processor.py:653} WARNING - No viable dags retrieved from /opt/airflow/dags/prepare_group_lac_data_operator.py
[2023-05-20 00:46:37,059] {processor.py:161} INFO - Processing /opt/airflow/dags/prepare_group_lac_data_operator.py took 0.153 seconds
[2023-05-20 00:47:07,611] {processor.py:153} INFO - Started process (PID=42671) to work on /opt/airflow/dags/prepare_group_lac_data_operator.py
[2023-05-20 00:47:07,613] {processor.py:641} INFO - Processing file /opt/airflow/dags/prepare_group_lac_data_operator.py for tasks to queue
[2023-05-20 00:47:07,614] {logging_mixin.py:115} INFO - [2023-05-20 00:47:07,614] {dagbag.py:508} INFO - Filling up the DagBag from /opt/airflow/dags/prepare_group_lac_data_operator.py
[2023-05-20 00:47:07,747] {processor.py:653} WARNING - No viable dags retrieved from /opt/airflow/dags/prepare_group_lac_data_operator.py
[2023-05-20 00:47:07,760] {processor.py:161} INFO - Processing /opt/airflow/dags/prepare_group_lac_data_operator.py took 0.153 seconds
[2023-05-20 00:47:38,632] {processor.py:153} INFO - Started process (PID=42714) to work on /opt/airflow/dags/prepare_group_lac_data_operator.py
[2023-05-20 00:47:38,633] {processor.py:641} INFO - Processing file /opt/airflow/dags/prepare_group_lac_data_operator.py for tasks to queue
[2023-05-20 00:47:38,635] {logging_mixin.py:115} INFO - [2023-05-20 00:47:38,635] {dagbag.py:508} INFO - Filling up the DagBag from /opt/airflow/dags/prepare_group_lac_data_operator.py
[2023-05-20 00:47:38,800] {processor.py:653} WARNING - No viable dags retrieved from /opt/airflow/dags/prepare_group_lac_data_operator.py
[2023-05-20 00:47:38,822] {processor.py:161} INFO - Processing /opt/airflow/dags/prepare_group_lac_data_operator.py took 0.195 seconds
[2023-05-20 00:48:09,497] {processor.py:153} INFO - Started process (PID=42748) to work on /opt/airflow/dags/prepare_group_lac_data_operator.py
[2023-05-20 00:48:09,498] {processor.py:641} INFO - Processing file /opt/airflow/dags/prepare_group_lac_data_operator.py for tasks to queue
[2023-05-20 00:48:09,499] {logging_mixin.py:115} INFO - [2023-05-20 00:48:09,499] {dagbag.py:508} INFO - Filling up the DagBag from /opt/airflow/dags/prepare_group_lac_data_operator.py
[2023-05-20 00:48:09,654] {processor.py:653} WARNING - No viable dags retrieved from /opt/airflow/dags/prepare_group_lac_data_operator.py
[2023-05-20 00:48:09,670] {processor.py:161} INFO - Processing /opt/airflow/dags/prepare_group_lac_data_operator.py took 0.177 seconds
[2023-05-20 00:48:40,555] {processor.py:153} INFO - Started process (PID=42790) to work on /opt/airflow/dags/prepare_group_lac_data_operator.py
[2023-05-20 00:48:40,556] {processor.py:641} INFO - Processing file /opt/airflow/dags/prepare_group_lac_data_operator.py for tasks to queue
[2023-05-20 00:48:40,557] {logging_mixin.py:115} INFO - [2023-05-20 00:48:40,557] {dagbag.py:508} INFO - Filling up the DagBag from /opt/airflow/dags/prepare_group_lac_data_operator.py
[2023-05-20 00:48:40,687] {processor.py:653} WARNING - No viable dags retrieved from /opt/airflow/dags/prepare_group_lac_data_operator.py
[2023-05-20 00:48:40,701] {processor.py:161} INFO - Processing /opt/airflow/dags/prepare_group_lac_data_operator.py took 0.149 seconds
[2023-05-20 00:49:11,515] {processor.py:153} INFO - Started process (PID=42833) to work on /opt/airflow/dags/prepare_group_lac_data_operator.py
[2023-05-20 00:49:11,516] {processor.py:641} INFO - Processing file /opt/airflow/dags/prepare_group_lac_data_operator.py for tasks to queue
[2023-05-20 00:49:11,517] {logging_mixin.py:115} INFO - [2023-05-20 00:49:11,517] {dagbag.py:508} INFO - Filling up the DagBag from /opt/airflow/dags/prepare_group_lac_data_operator.py
[2023-05-20 00:49:11,642] {processor.py:653} WARNING - No viable dags retrieved from /opt/airflow/dags/prepare_group_lac_data_operator.py
[2023-05-20 00:49:11,656] {processor.py:161} INFO - Processing /opt/airflow/dags/prepare_group_lac_data_operator.py took 0.144 seconds
[2023-05-20 00:49:41,793] {processor.py:153} INFO - Started process (PID=42876) to work on /opt/airflow/dags/prepare_group_lac_data_operator.py
[2023-05-20 00:49:41,794] {processor.py:641} INFO - Processing file /opt/airflow/dags/prepare_group_lac_data_operator.py for tasks to queue
[2023-05-20 00:49:41,795] {logging_mixin.py:115} INFO - [2023-05-20 00:49:41,795] {dagbag.py:508} INFO - Filling up the DagBag from /opt/airflow/dags/prepare_group_lac_data_operator.py
[2023-05-20 00:49:41,923] {processor.py:653} WARNING - No viable dags retrieved from /opt/airflow/dags/prepare_group_lac_data_operator.py
[2023-05-20 00:49:41,936] {processor.py:161} INFO - Processing /opt/airflow/dags/prepare_group_lac_data_operator.py took 0.148 seconds
[2023-05-20 00:50:12,705] {processor.py:153} INFO - Started process (PID=42919) to work on /opt/airflow/dags/prepare_group_lac_data_operator.py
[2023-05-20 00:50:12,706] {processor.py:641} INFO - Processing file /opt/airflow/dags/prepare_group_lac_data_operator.py for tasks to queue
[2023-05-20 00:50:12,707] {logging_mixin.py:115} INFO - [2023-05-20 00:50:12,707] {dagbag.py:508} INFO - Filling up the DagBag from /opt/airflow/dags/prepare_group_lac_data_operator.py
[2023-05-20 00:50:12,835] {processor.py:653} WARNING - No viable dags retrieved from /opt/airflow/dags/prepare_group_lac_data_operator.py
[2023-05-20 00:50:12,848] {processor.py:161} INFO - Processing /opt/airflow/dags/prepare_group_lac_data_operator.py took 0.146 seconds
[2023-05-20 00:50:43,441] {processor.py:153} INFO - Started process (PID=42953) to work on /opt/airflow/dags/prepare_group_lac_data_operator.py
[2023-05-20 00:50:43,445] {processor.py:641} INFO - Processing file /opt/airflow/dags/prepare_group_lac_data_operator.py for tasks to queue
[2023-05-20 00:50:43,448] {logging_mixin.py:115} INFO - [2023-05-20 00:50:43,448] {dagbag.py:508} INFO - Filling up the DagBag from /opt/airflow/dags/prepare_group_lac_data_operator.py
[2023-05-20 00:50:43,724] {processor.py:653} WARNING - No viable dags retrieved from /opt/airflow/dags/prepare_group_lac_data_operator.py
[2023-05-20 00:50:43,755] {processor.py:161} INFO - Processing /opt/airflow/dags/prepare_group_lac_data_operator.py took 0.322 seconds
[2023-05-20 00:51:14,523] {processor.py:153} INFO - Started process (PID=42996) to work on /opt/airflow/dags/prepare_group_lac_data_operator.py
[2023-05-20 00:51:14,527] {processor.py:641} INFO - Processing file /opt/airflow/dags/prepare_group_lac_data_operator.py for tasks to queue
[2023-05-20 00:51:14,528] {logging_mixin.py:115} INFO - [2023-05-20 00:51:14,528] {dagbag.py:508} INFO - Filling up the DagBag from /opt/airflow/dags/prepare_group_lac_data_operator.py
[2023-05-20 00:51:14,745] {processor.py:653} WARNING - No viable dags retrieved from /opt/airflow/dags/prepare_group_lac_data_operator.py
[2023-05-20 00:51:14,769] {processor.py:161} INFO - Processing /opt/airflow/dags/prepare_group_lac_data_operator.py took 0.249 seconds
[2023-05-20 00:51:45,069] {processor.py:153} INFO - Started process (PID=43039) to work on /opt/airflow/dags/prepare_group_lac_data_operator.py
[2023-05-20 00:51:45,070] {processor.py:641} INFO - Processing file /opt/airflow/dags/prepare_group_lac_data_operator.py for tasks to queue
[2023-05-20 00:51:45,071] {logging_mixin.py:115} INFO - [2023-05-20 00:51:45,071] {dagbag.py:508} INFO - Filling up the DagBag from /opt/airflow/dags/prepare_group_lac_data_operator.py
[2023-05-20 00:51:45,223] {processor.py:653} WARNING - No viable dags retrieved from /opt/airflow/dags/prepare_group_lac_data_operator.py
[2023-05-20 00:51:45,254] {processor.py:161} INFO - Processing /opt/airflow/dags/prepare_group_lac_data_operator.py took 0.188 seconds
[2023-05-20 00:52:15,519] {processor.py:153} INFO - Started process (PID=43074) to work on /opt/airflow/dags/prepare_group_lac_data_operator.py
[2023-05-20 00:52:15,520] {processor.py:641} INFO - Processing file /opt/airflow/dags/prepare_group_lac_data_operator.py for tasks to queue
[2023-05-20 00:52:15,521] {logging_mixin.py:115} INFO - [2023-05-20 00:52:15,521] {dagbag.py:508} INFO - Filling up the DagBag from /opt/airflow/dags/prepare_group_lac_data_operator.py
[2023-05-20 00:52:15,682] {processor.py:653} WARNING - No viable dags retrieved from /opt/airflow/dags/prepare_group_lac_data_operator.py
[2023-05-20 00:52:15,700] {processor.py:161} INFO - Processing /opt/airflow/dags/prepare_group_lac_data_operator.py took 0.184 seconds
[2023-05-20 00:52:45,801] {processor.py:153} INFO - Started process (PID=43117) to work on /opt/airflow/dags/prepare_group_lac_data_operator.py
[2023-05-20 00:52:45,802] {processor.py:641} INFO - Processing file /opt/airflow/dags/prepare_group_lac_data_operator.py for tasks to queue
[2023-05-20 00:52:45,803] {logging_mixin.py:115} INFO - [2023-05-20 00:52:45,803] {dagbag.py:508} INFO - Filling up the DagBag from /opt/airflow/dags/prepare_group_lac_data_operator.py
[2023-05-20 00:52:45,939] {processor.py:653} WARNING - No viable dags retrieved from /opt/airflow/dags/prepare_group_lac_data_operator.py
[2023-05-20 00:52:45,952] {processor.py:161} INFO - Processing /opt/airflow/dags/prepare_group_lac_data_operator.py took 0.155 seconds
[2023-05-20 00:53:16,631] {processor.py:153} INFO - Started process (PID=43159) to work on /opt/airflow/dags/prepare_group_lac_data_operator.py
[2023-05-20 00:53:16,632] {processor.py:641} INFO - Processing file /opt/airflow/dags/prepare_group_lac_data_operator.py for tasks to queue
[2023-05-20 00:53:16,633] {logging_mixin.py:115} INFO - [2023-05-20 00:53:16,633] {dagbag.py:508} INFO - Filling up the DagBag from /opt/airflow/dags/prepare_group_lac_data_operator.py
[2023-05-20 00:53:16,789] {processor.py:653} WARNING - No viable dags retrieved from /opt/airflow/dags/prepare_group_lac_data_operator.py
[2023-05-20 00:53:16,804] {processor.py:161} INFO - Processing /opt/airflow/dags/prepare_group_lac_data_operator.py took 0.178 seconds
[2023-05-20 00:53:47,287] {processor.py:153} INFO - Started process (PID=43203) to work on /opt/airflow/dags/prepare_group_lac_data_operator.py
[2023-05-20 00:53:47,288] {processor.py:641} INFO - Processing file /opt/airflow/dags/prepare_group_lac_data_operator.py for tasks to queue
[2023-05-20 00:53:47,289] {logging_mixin.py:115} INFO - [2023-05-20 00:53:47,289] {dagbag.py:508} INFO - Filling up the DagBag from /opt/airflow/dags/prepare_group_lac_data_operator.py
[2023-05-20 00:53:47,429] {processor.py:653} WARNING - No viable dags retrieved from /opt/airflow/dags/prepare_group_lac_data_operator.py
[2023-05-20 00:53:47,443] {processor.py:161} INFO - Processing /opt/airflow/dags/prepare_group_lac_data_operator.py took 0.158 seconds
[2023-05-20 00:54:17,556] {processor.py:153} INFO - Started process (PID=43246) to work on /opt/airflow/dags/prepare_group_lac_data_operator.py
[2023-05-20 00:54:17,557] {processor.py:641} INFO - Processing file /opt/airflow/dags/prepare_group_lac_data_operator.py for tasks to queue
[2023-05-20 00:54:17,558] {logging_mixin.py:115} INFO - [2023-05-20 00:54:17,558] {dagbag.py:508} INFO - Filling up the DagBag from /opt/airflow/dags/prepare_group_lac_data_operator.py
[2023-05-20 00:54:17,682] {processor.py:653} WARNING - No viable dags retrieved from /opt/airflow/dags/prepare_group_lac_data_operator.py
[2023-05-20 00:54:17,695] {processor.py:161} INFO - Processing /opt/airflow/dags/prepare_group_lac_data_operator.py took 0.142 seconds
[2023-05-20 00:54:47,874] {processor.py:153} INFO - Started process (PID=43280) to work on /opt/airflow/dags/prepare_group_lac_data_operator.py
[2023-05-20 00:54:47,875] {processor.py:641} INFO - Processing file /opt/airflow/dags/prepare_group_lac_data_operator.py for tasks to queue
[2023-05-20 00:54:47,876] {logging_mixin.py:115} INFO - [2023-05-20 00:54:47,876] {dagbag.py:508} INFO - Filling up the DagBag from /opt/airflow/dags/prepare_group_lac_data_operator.py
[2023-05-20 00:54:48,028] {processor.py:653} WARNING - No viable dags retrieved from /opt/airflow/dags/prepare_group_lac_data_operator.py
[2023-05-20 00:54:48,044] {processor.py:161} INFO - Processing /opt/airflow/dags/prepare_group_lac_data_operator.py took 0.174 seconds
[2023-05-20 00:55:18,383] {processor.py:153} INFO - Started process (PID=43323) to work on /opt/airflow/dags/prepare_group_lac_data_operator.py
[2023-05-20 00:55:18,384] {processor.py:641} INFO - Processing file /opt/airflow/dags/prepare_group_lac_data_operator.py for tasks to queue
[2023-05-20 00:55:18,385] {logging_mixin.py:115} INFO - [2023-05-20 00:55:18,385] {dagbag.py:508} INFO - Filling up the DagBag from /opt/airflow/dags/prepare_group_lac_data_operator.py
[2023-05-20 00:55:18,520] {processor.py:653} WARNING - No viable dags retrieved from /opt/airflow/dags/prepare_group_lac_data_operator.py
[2023-05-20 00:55:18,535] {processor.py:161} INFO - Processing /opt/airflow/dags/prepare_group_lac_data_operator.py took 0.155 seconds
[2023-05-20 00:55:48,879] {processor.py:153} INFO - Started process (PID=43366) to work on /opt/airflow/dags/prepare_group_lac_data_operator.py
[2023-05-20 00:55:48,880] {processor.py:641} INFO - Processing file /opt/airflow/dags/prepare_group_lac_data_operator.py for tasks to queue
[2023-05-20 00:55:48,881] {logging_mixin.py:115} INFO - [2023-05-20 00:55:48,881] {dagbag.py:508} INFO - Filling up the DagBag from /opt/airflow/dags/prepare_group_lac_data_operator.py
[2023-05-20 00:55:49,104] {processor.py:653} WARNING - No viable dags retrieved from /opt/airflow/dags/prepare_group_lac_data_operator.py
[2023-05-20 00:55:49,126] {processor.py:161} INFO - Processing /opt/airflow/dags/prepare_group_lac_data_operator.py took 0.251 seconds
[2023-05-20 00:56:20,036] {processor.py:153} INFO - Started process (PID=43409) to work on /opt/airflow/dags/prepare_group_lac_data_operator.py
[2023-05-20 00:56:20,037] {processor.py:641} INFO - Processing file /opt/airflow/dags/prepare_group_lac_data_operator.py for tasks to queue
[2023-05-20 00:56:20,038] {logging_mixin.py:115} INFO - [2023-05-20 00:56:20,038] {dagbag.py:508} INFO - Filling up the DagBag from /opt/airflow/dags/prepare_group_lac_data_operator.py
[2023-05-20 00:56:20,239] {processor.py:653} WARNING - No viable dags retrieved from /opt/airflow/dags/prepare_group_lac_data_operator.py
[2023-05-20 00:56:20,260] {processor.py:161} INFO - Processing /opt/airflow/dags/prepare_group_lac_data_operator.py took 0.227 seconds
