[2023-04-24 17:09:44,012] {taskinstance.py:1179} INFO - Dependencies all met for <TaskInstance: vic_investigacion_ETL.get_scopus_data manual__2023-04-24T17:09:41.691813+00:00 [queued]>
[2023-04-24 17:09:44,022] {taskinstance.py:1179} INFO - Dependencies all met for <TaskInstance: vic_investigacion_ETL.get_scopus_data manual__2023-04-24T17:09:41.691813+00:00 [queued]>
[2023-04-24 17:09:44,023] {taskinstance.py:1376} INFO - 
--------------------------------------------------------------------------------
[2023-04-24 17:09:44,023] {taskinstance.py:1377} INFO - Starting attempt 1 of 1
[2023-04-24 17:09:44,024] {taskinstance.py:1378} INFO - 
--------------------------------------------------------------------------------
[2023-04-24 17:09:44,034] {taskinstance.py:1397} INFO - Executing <Task(ReadScopus): get_scopus_data> on 2023-04-24 17:09:41.691813+00:00
[2023-04-24 17:09:44,042] {standard_task_runner.py:52} INFO - Started process 5297 to run task
[2023-04-24 17:09:44,049] {standard_task_runner.py:79} INFO - Running: ['***', 'tasks', 'run', 'vic_investigacion_ETL', 'get_scopus_data', 'manual__2023-04-24T17:09:41.691813+00:00', '--job-id', '365', '--raw', '--subdir', 'DAGS_FOLDER/vic_investigacion_dag.py', '--cfg-path', '/tmp/tmpq8j5w0ps', '--error-file', '/tmp/tmp1voxh79q']
[2023-04-24 17:09:44,052] {standard_task_runner.py:80} INFO - Job 365: Subtask get_scopus_data
[2023-04-24 17:09:44,159] {task_command.py:371} INFO - Running <TaskInstance: vic_investigacion_ETL.get_scopus_data manual__2023-04-24T17:09:41.691813+00:00 [running]> on host b136a0a45498
[2023-04-24 17:09:44,260] {taskinstance.py:1591} INFO - Exporting the following env vars:
AIRFLOW_CTX_DAG_OWNER=***
AIRFLOW_CTX_DAG_ID=vic_investigacion_ETL
AIRFLOW_CTX_TASK_ID=get_scopus_data
AIRFLOW_CTX_EXECUTION_DATE=2023-04-24T17:09:41.691813+00:00
AIRFLOW_CTX_TRY_NUMBER=1
AIRFLOW_CTX_DAG_RUN_ID=manual__2023-04-24T17:09:41.691813+00:00
[2023-04-24 17:09:44,263] {logging_mixin.py:115} INFO - Getting Scopus Data
[2023-04-24 17:09:44,264] {logging_mixin.py:115} INFO - The api key is:  640ababb3eaaa3723c7cc11be848250b
[2023-04-24 17:09:44,265] {logging_mixin.py:115} INFO - DAG PATH:  /opt/***
[2023-04-24 17:09:44,762] {logging_mixin.py:115} INFO -        Cedula                       Nombre    Scopus_ID
0  52390079.0  Pomares Quimbaya Alexandra   24832026300
1         NaN  Carlos Andres Parra Acevedo  57212998692
[2023-04-24 17:09:44,777] {taskinstance.py:1420} INFO - Marking task as SUCCESS. dag_id=vic_investigacion_ETL, task_id=get_scopus_data, execution_date=20230424T170941, start_date=20230424T170944, end_date=20230424T170944
[2023-04-24 17:09:44,830] {local_task_job.py:156} INFO - Task exited with return code 0
