[2023-07-26 17:31:18,073] {taskinstance.py:1179} INFO - Dependencies all met for <TaskInstance: vic_investigacion_ETL.upload_data_big_query manual__2023-07-26T17:30:40.993909+00:00 [queued]>
[2023-07-26 17:31:18,088] {taskinstance.py:1179} INFO - Dependencies all met for <TaskInstance: vic_investigacion_ETL.upload_data_big_query manual__2023-07-26T17:30:40.993909+00:00 [queued]>
[2023-07-26 17:31:18,089] {taskinstance.py:1376} INFO - 
--------------------------------------------------------------------------------
[2023-07-26 17:31:18,089] {taskinstance.py:1377} INFO - Starting attempt 1 of 1
[2023-07-26 17:31:18,090] {taskinstance.py:1378} INFO - 
--------------------------------------------------------------------------------
[2023-07-26 17:31:18,099] {taskinstance.py:1397} INFO - Executing <Task(ExportData): upload_data_big_query> on 2023-07-26 17:30:40.993909+00:00
[2023-07-26 17:31:18,104] {standard_task_runner.py:52} INFO - Started process 807 to run task
[2023-07-26 17:31:18,110] {standard_task_runner.py:79} INFO - Running: ['***', 'tasks', 'run', 'vic_investigacion_ETL', 'upload_data_big_query', 'manual__2023-07-26T17:30:40.993909+00:00', '--job-id', '135', '--raw', '--subdir', 'DAGS_FOLDER/vic_investigacion_dag.py', '--cfg-path', '/tmp/tmp7qtmfl25', '--error-file', '/tmp/tmpjoop0yj7']
[2023-07-26 17:31:18,112] {standard_task_runner.py:80} INFO - Job 135: Subtask upload_data_big_query
[2023-07-26 17:31:18,174] {task_command.py:371} INFO - Running <TaskInstance: vic_investigacion_ETL.upload_data_big_query manual__2023-07-26T17:30:40.993909+00:00 [running]> on host 6c8a51d4a614
[2023-07-26 17:31:18,231] {taskinstance.py:1591} INFO - Exporting the following env vars:
AIRFLOW_CTX_DAG_OWNER=***
AIRFLOW_CTX_DAG_ID=vic_investigacion_ETL
AIRFLOW_CTX_TASK_ID=upload_data_big_query
AIRFLOW_CTX_EXECUTION_DATE=2023-07-26T17:30:40.993909+00:00
AIRFLOW_CTX_TRY_NUMBER=1
AIRFLOW_CTX_DAG_RUN_ID=manual__2023-07-26T17:30:40.993909+00:00
[2023-07-26 17:31:18,233] {logging_mixin.py:115} INFO - Exporting Data
[2023-07-26 17:31:18,236] {logging_mixin.py:115} INFO - 📝File name: journals, File Path: $/opt/***/data/to_upload/journals.csv
[2023-07-26 17:31:26,431] {logging_mixin.py:115} INFO - LoadJob<project=viceinvestigacion, location=US, id=63bddd47-6978-400a-bd1a-f397f1180288>
[2023-07-26 17:31:26,433] {logging_mixin.py:115} INFO - 📝File name: produccion_validada, File Path: $/opt/***/data/to_upload/produccion_validada.csv
[2023-07-26 17:31:32,762] {logging_mixin.py:115} INFO - LoadJob<project=viceinvestigacion, location=US, id=e4660d0c-3309-4b2f-bde1-8a17e02648d1>
[2023-07-26 17:31:32,765] {logging_mixin.py:115} INFO - 📝File name: profesores_core_data, File Path: $/opt/***/data/to_upload/profesores_core_data.csv
[2023-07-26 17:31:37,887] {logging_mixin.py:115} INFO - LoadJob<project=viceinvestigacion, location=US, id=bba19c34-15a5-480b-b0a5-5582247da0e9>
[2023-07-26 17:31:37,895] {logging_mixin.py:115} INFO - 📝File name: profesores_formacion, File Path: $/opt/***/data/to_upload/profesores_formacion.csv
[2023-07-26 17:31:43,585] {logging_mixin.py:115} INFO - LoadJob<project=viceinvestigacion, location=US, id=07fc2a08-ef21-4d0b-b663-c10c7ecf8fff>
[2023-07-26 17:31:43,588] {logging_mixin.py:115} INFO - 📝File name: profesores_hijos, File Path: $/opt/***/data/to_upload/profesores_hijos.csv
[2023-07-26 17:31:47,584] {logging_mixin.py:115} INFO - LoadJob<project=viceinvestigacion, location=US, id=b735a805-9bbe-4ede-9268-cf3653b4b9da>
[2023-07-26 17:31:47,585] {logging_mixin.py:115} INFO - 📝File name: profesores_validados, File Path: $/opt/***/data/to_upload/profesores_validados.csv
[2023-07-26 17:31:56,747] {logging_mixin.py:115} INFO - LoadJob<project=viceinvestigacion, location=US, id=50b11dc5-4a52-4017-9995-0470dbc1ae3b>
[2023-07-26 17:31:56,750] {logging_mixin.py:115} INFO - 📝File name: profesores_validados_scopus_ids, File Path: $/opt/***/data/to_upload/profesores_validados_scopus_ids.csv
[2023-07-26 17:32:02,068] {logging_mixin.py:115} INFO - LoadJob<project=viceinvestigacion, location=US, id=06a066f8-c1e0-4b98-b11b-5054cd2145b3>
[2023-07-26 17:32:02,077] {logging_mixin.py:115} INFO - 📝File name: proyectos, File Path: $/opt/***/data/to_upload/proyectos.csv
[2023-07-26 17:32:06,513] {logging_mixin.py:115} INFO - LoadJob<project=viceinvestigacion, location=US, id=dc4ca837-e599-4b5e-99e1-6c82bad322c6>
[2023-07-26 17:32:06,516] {logging_mixin.py:115} INFO - 📝File name: respositorio_inst, File Path: $/opt/***/data/to_upload/respositorio_inst.csv
[2023-07-26 17:32:38,560] {logging_mixin.py:115} INFO - LoadJob<project=viceinvestigacion, location=US, id=a39e4fea-d135-4956-9b3a-348a4ca0954e>
[2023-07-26 17:32:38,567] {logging_mixin.py:115} INFO - 📝File name: semilleros, File Path: $/opt/***/data/to_upload/semilleros.csv
[2023-07-26 17:32:41,743] {logging_mixin.py:115} INFO - LoadJob<project=viceinvestigacion, location=US, id=278ba1ac-b164-4f43-aaf5-86fb41797813>
[2023-07-26 17:32:42,133] {taskinstance.py:1420} INFO - Marking task as SUCCESS. dag_id=vic_investigacion_ETL, task_id=upload_data_big_query, execution_date=20230726T173040, start_date=20230726T173118, end_date=20230726T173242
[2023-07-26 17:32:42,501] {local_task_job.py:156} INFO - Task exited with return code 0
[2023-07-26 17:32:42,543] {local_task_job.py:273} INFO - 0 downstream tasks scheduled from follow-on schedule check
