[2023-06-01 00:14:33,912] {taskinstance.py:1179} INFO - Dependencies all met for <TaskInstance: vic_investigacion_ETL.upload_data_big_query manual__2023-06-01T00:14:31.815409+00:00 [queued]>
[2023-06-01 00:14:33,927] {taskinstance.py:1179} INFO - Dependencies all met for <TaskInstance: vic_investigacion_ETL.upload_data_big_query manual__2023-06-01T00:14:31.815409+00:00 [queued]>
[2023-06-01 00:14:33,928] {taskinstance.py:1376} INFO - 
--------------------------------------------------------------------------------
[2023-06-01 00:14:33,929] {taskinstance.py:1377} INFO - Starting attempt 1 of 1
[2023-06-01 00:14:33,930] {taskinstance.py:1378} INFO - 
--------------------------------------------------------------------------------
[2023-06-01 00:14:33,964] {taskinstance.py:1397} INFO - Executing <Task(ExportData): upload_data_big_query> on 2023-06-01 00:14:31.815409+00:00
[2023-06-01 00:14:33,984] {standard_task_runner.py:52} INFO - Started process 2447 to run task
[2023-06-01 00:14:33,987] {standard_task_runner.py:79} INFO - Running: ['***', 'tasks', 'run', 'vic_investigacion_ETL', 'upload_data_big_query', 'manual__2023-06-01T00:14:31.815409+00:00', '--job-id', '35', '--raw', '--subdir', 'DAGS_FOLDER/vic_investigacion_dag.py', '--cfg-path', '/tmp/tmp7brfbrbk', '--error-file', '/tmp/tmp95wgm3n7']
[2023-06-01 00:14:33,991] {standard_task_runner.py:80} INFO - Job 35: Subtask upload_data_big_query
[2023-06-01 00:14:34,144] {task_command.py:371} INFO - Running <TaskInstance: vic_investigacion_ETL.upload_data_big_query manual__2023-06-01T00:14:31.815409+00:00 [running]> on host 5d9ccb732815
[2023-06-01 00:14:34,277] {taskinstance.py:1591} INFO - Exporting the following env vars:
AIRFLOW_CTX_DAG_OWNER=***
AIRFLOW_CTX_DAG_ID=vic_investigacion_ETL
AIRFLOW_CTX_TASK_ID=upload_data_big_query
AIRFLOW_CTX_EXECUTION_DATE=2023-06-01T00:14:31.815409+00:00
AIRFLOW_CTX_TRY_NUMBER=1
AIRFLOW_CTX_DAG_RUN_ID=manual__2023-06-01T00:14:31.815409+00:00
[2023-06-01 00:14:34,294] {logging_mixin.py:115} INFO - Exporting Data
[2023-06-01 00:14:34,297] {logging_mixin.py:115} INFO - /opt/***/data/scopus/to_upload_data/authors_join.csv
[2023-06-01 00:14:42,644] {logging_mixin.py:115} INFO - LoadJob<project=viceinvestigacion, location=US, id=16c54fac-ac5e-4207-bf76-981bbb1b4404>
[2023-06-01 00:14:42,645] {logging_mixin.py:115} INFO - /opt/***/data/scopus/to_upload_data/subject_areas.csv
[2023-06-01 00:14:50,050] {logging_mixin.py:115} INFO - LoadJob<project=viceinvestigacion, location=US, id=3148af98-56b4-4d1d-9b32-34323d77324c>
[2023-06-01 00:14:50,332] {taskinstance.py:1420} INFO - Marking task as SUCCESS. dag_id=vic_investigacion_ETL, task_id=upload_data_big_query, execution_date=20230601T001431, start_date=20230601T001433, end_date=20230601T001450
[2023-06-01 00:14:50,373] {local_task_job.py:156} INFO - Task exited with return code 0
[2023-06-01 00:14:50,397] {local_task_job.py:273} INFO - 0 downstream tasks scheduled from follow-on schedule check
