[2023-04-24 16:12:59,062] {taskinstance.py:1179} INFO - Dependencies all met for <TaskInstance: vic_investigacion_ETL.get_cv_lac_data manual__2023-04-24T16:12:56.554087+00:00 [queued]>
[2023-04-24 16:12:59,085] {taskinstance.py:1179} INFO - Dependencies all met for <TaskInstance: vic_investigacion_ETL.get_cv_lac_data manual__2023-04-24T16:12:56.554087+00:00 [queued]>
[2023-04-24 16:12:59,089] {taskinstance.py:1376} INFO - 
--------------------------------------------------------------------------------
[2023-04-24 16:12:59,092] {taskinstance.py:1377} INFO - Starting attempt 1 of 1
[2023-04-24 16:12:59,097] {taskinstance.py:1378} INFO - 
--------------------------------------------------------------------------------
[2023-04-24 16:12:59,143] {taskinstance.py:1397} INFO - Executing <Task(ReadCvLAC): get_cv_lac_data> on 2023-04-24 16:12:56.554087+00:00
[2023-04-24 16:12:59,165] {standard_task_runner.py:52} INFO - Started process 2366 to run task
[2023-04-24 16:12:59,172] {standard_task_runner.py:79} INFO - Running: ['***', 'tasks', 'run', 'vic_investigacion_ETL', 'get_cv_lac_data', 'manual__2023-04-24T16:12:56.554087+00:00', '--job-id', '274', '--raw', '--subdir', 'DAGS_FOLDER/vic_investigacion_dag.py', '--cfg-path', '/tmp/tmpx3f8i5pj', '--error-file', '/tmp/tmp8uiegrnl']
[2023-04-24 16:12:59,176] {standard_task_runner.py:80} INFO - Job 274: Subtask get_cv_lac_data
[2023-04-24 16:12:59,291] {task_command.py:371} INFO - Running <TaskInstance: vic_investigacion_ETL.get_cv_lac_data manual__2023-04-24T16:12:56.554087+00:00 [running]> on host b136a0a45498
[2023-04-24 16:12:59,413] {taskinstance.py:1591} INFO - Exporting the following env vars:
AIRFLOW_CTX_DAG_OWNER=***
AIRFLOW_CTX_DAG_ID=vic_investigacion_ETL
AIRFLOW_CTX_TASK_ID=get_cv_lac_data
AIRFLOW_CTX_EXECUTION_DATE=2023-04-24T16:12:56.554087+00:00
AIRFLOW_CTX_TRY_NUMBER=1
AIRFLOW_CTX_DAG_RUN_ID=manual__2023-04-24T16:12:56.554087+00:00
[2023-04-24 16:12:59,419] {logging_mixin.py:115} INFO - Getting CV LAC Data
[2023-04-24 16:12:59,774] {taskinstance.py:1420} INFO - Marking task as SUCCESS. dag_id=vic_investigacion_ETL, task_id=get_cv_lac_data, execution_date=20230424T161256, start_date=20230424T161259, end_date=20230424T161259
[2023-04-24 16:12:59,838] {local_task_job.py:156} INFO - Task exited with return code 0
