[2023-08-01 23:09:12,567] {taskinstance.py:1179} INFO - Dependencies all met for <TaskInstance: vic_investigacion_ETL.profesores_core_data manual__2023-08-01T23:09:08.652177+00:00 [queued]>
[2023-08-01 23:09:12,591] {taskinstance.py:1179} INFO - Dependencies all met for <TaskInstance: vic_investigacion_ETL.profesores_core_data manual__2023-08-01T23:09:08.652177+00:00 [queued]>
[2023-08-01 23:09:12,595] {taskinstance.py:1376} INFO - 
--------------------------------------------------------------------------------
[2023-08-01 23:09:12,611] {taskinstance.py:1377} INFO - Starting attempt 1 of 1
[2023-08-01 23:09:12,636] {taskinstance.py:1378} INFO - 
--------------------------------------------------------------------------------
[2023-08-01 23:09:12,665] {taskinstance.py:1397} INFO - Executing <Task(PrepareProfesoresData): profesores_core_data> on 2023-08-01 23:09:08.652177+00:00
[2023-08-01 23:09:12,693] {standard_task_runner.py:52} INFO - Started process 717 to run task
[2023-08-01 23:09:12,724] {standard_task_runner.py:79} INFO - Running: ['***', 'tasks', 'run', 'vic_investigacion_ETL', 'profesores_core_data', 'manual__2023-08-01T23:09:08.652177+00:00', '--job-id', '160', '--raw', '--subdir', 'DAGS_FOLDER/vic_investigacion_dag.py', '--cfg-path', '/tmp/tmpcjoloq3i', '--error-file', '/tmp/tmpsh41tx3c']
[2023-08-01 23:09:12,729] {standard_task_runner.py:80} INFO - Job 160: Subtask profesores_core_data
[2023-08-01 23:09:12,946] {task_command.py:371} INFO - Running <TaskInstance: vic_investigacion_ETL.profesores_core_data manual__2023-08-01T23:09:08.652177+00:00 [running]> on host 6c8a51d4a614
[2023-08-01 23:09:13,388] {taskinstance.py:1591} INFO - Exporting the following env vars:
AIRFLOW_CTX_DAG_OWNER=***
AIRFLOW_CTX_DAG_ID=vic_investigacion_ETL
AIRFLOW_CTX_TASK_ID=profesores_core_data
AIRFLOW_CTX_EXECUTION_DATE=2023-08-01T23:09:08.652177+00:00
AIRFLOW_CTX_TRY_NUMBER=1
AIRFLOW_CTX_DAG_RUN_ID=manual__2023-08-01T23:09:08.652177+00:00
[2023-08-01 23:09:13,434] {logging_mixin.py:115} INFO - Preparing Profesores Core Data
[2023-08-01 23:09:26,218] {taskinstance.py:1420} INFO - Marking task as SUCCESS. dag_id=vic_investigacion_ETL, task_id=profesores_core_data, execution_date=20230801T230908, start_date=20230801T230912, end_date=20230801T230926
[2023-08-01 23:09:26,364] {local_task_job.py:156} INFO - Task exited with return code 0
