[2023-06-06 22:37:07,491] {taskinstance.py:1179} INFO - Dependencies all met for <TaskInstance: vic_investigacion_ETL.upload_data_big_query manual__2023-06-06T22:37:03.800989+00:00 [queued]>
[2023-06-06 22:37:07,502] {taskinstance.py:1179} INFO - Dependencies all met for <TaskInstance: vic_investigacion_ETL.upload_data_big_query manual__2023-06-06T22:37:03.800989+00:00 [queued]>
[2023-06-06 22:37:07,503] {taskinstance.py:1376} INFO - 
--------------------------------------------------------------------------------
[2023-06-06 22:37:07,504] {taskinstance.py:1377} INFO - Starting attempt 1 of 1
[2023-06-06 22:37:07,504] {taskinstance.py:1378} INFO - 
--------------------------------------------------------------------------------
[2023-06-06 22:37:07,516] {taskinstance.py:1397} INFO - Executing <Task(ExportData): upload_data_big_query> on 2023-06-06 22:37:03.800989+00:00
[2023-06-06 22:37:07,521] {standard_task_runner.py:52} INFO - Started process 3035 to run task
[2023-06-06 22:37:07,526] {standard_task_runner.py:79} INFO - Running: ['***', 'tasks', 'run', 'vic_investigacion_ETL', 'upload_data_big_query', 'manual__2023-06-06T22:37:03.800989+00:00', '--job-id', '311', '--raw', '--subdir', 'DAGS_FOLDER/vic_investigacion_dag.py', '--cfg-path', '/tmp/tmpmxnje9xj', '--error-file', '/tmp/tmpk02y8tek']
[2023-06-06 22:37:07,528] {standard_task_runner.py:80} INFO - Job 311: Subtask upload_data_big_query
[2023-06-06 22:37:07,588] {task_command.py:371} INFO - Running <TaskInstance: vic_investigacion_ETL.upload_data_big_query manual__2023-06-06T22:37:03.800989+00:00 [running]> on host b5c935c9edd6
[2023-06-06 22:37:07,639] {taskinstance.py:1591} INFO - Exporting the following env vars:
AIRFLOW_CTX_DAG_OWNER=***
AIRFLOW_CTX_DAG_ID=vic_investigacion_ETL
AIRFLOW_CTX_TASK_ID=upload_data_big_query
AIRFLOW_CTX_EXECUTION_DATE=2023-06-06T22:37:03.800989+00:00
AIRFLOW_CTX_TRY_NUMBER=1
AIRFLOW_CTX_DAG_RUN_ID=manual__2023-06-06T22:37:03.800989+00:00
[2023-06-06 22:37:07,640] {logging_mixin.py:115} INFO - Exporting Data
[2023-06-06 22:37:14,804] {logging_mixin.py:115} INFO - LoadJob<project=viceinvestigacion, location=US, id=59174611-e275-45fd-8b08-4a8ae309e74f>
[2023-06-06 22:37:14,836] {taskinstance.py:1420} INFO - Marking task as SUCCESS. dag_id=vic_investigacion_ETL, task_id=upload_data_big_query, execution_date=20230606T223703, start_date=20230606T223707, end_date=20230606T223714
[2023-06-06 22:37:14,922] {local_task_job.py:156} INFO - Task exited with return code 0
[2023-06-06 22:37:14,943] {local_task_job.py:273} INFO - 0 downstream tasks scheduled from follow-on schedule check
