[2023-08-03 18:05:16,696] {taskinstance.py:1179} INFO - Dependencies all met for <TaskInstance: vic_investigacion_ETL.semilleros manual__2023-08-03T18:05:13.451532+00:00 [queued]>
[2023-08-03 18:05:16,715] {taskinstance.py:1179} INFO - Dependencies all met for <TaskInstance: vic_investigacion_ETL.semilleros manual__2023-08-03T18:05:13.451532+00:00 [queued]>
[2023-08-03 18:05:16,718] {taskinstance.py:1376} INFO - 
--------------------------------------------------------------------------------
[2023-08-03 18:05:16,719] {taskinstance.py:1377} INFO - Starting attempt 1 of 1
[2023-08-03 18:05:16,722] {taskinstance.py:1378} INFO - 
--------------------------------------------------------------------------------
[2023-08-03 18:05:16,737] {taskinstance.py:1397} INFO - Executing <Task(PrepareSemilleros): semilleros> on 2023-08-03 18:05:13.451532+00:00
[2023-08-03 18:05:16,788] {standard_task_runner.py:52} INFO - Started process 140 to run task
[2023-08-03 18:05:16,797] {standard_task_runner.py:79} INFO - Running: ['***', 'tasks', 'run', 'vic_investigacion_ETL', 'semilleros', 'manual__2023-08-03T18:05:13.451532+00:00', '--job-id', '229', '--raw', '--subdir', 'DAGS_FOLDER/vic_investigacion_dag.py', '--cfg-path', '/tmp/tmpy083_gxi', '--error-file', '/tmp/tmpp4ot_v9l']
[2023-08-03 18:05:16,818] {standard_task_runner.py:80} INFO - Job 229: Subtask semilleros
[2023-08-03 18:05:17,212] {task_command.py:371} INFO - Running <TaskInstance: vic_investigacion_ETL.semilleros manual__2023-08-03T18:05:13.451532+00:00 [running]> on host 6c8a51d4a614
[2023-08-03 18:05:17,451] {taskinstance.py:1591} INFO - Exporting the following env vars:
AIRFLOW_CTX_DAG_OWNER=***
AIRFLOW_CTX_DAG_ID=vic_investigacion_ETL
AIRFLOW_CTX_TASK_ID=semilleros
AIRFLOW_CTX_EXECUTION_DATE=2023-08-03T18:05:13.451532+00:00
AIRFLOW_CTX_TRY_NUMBER=1
AIRFLOW_CTX_DAG_RUN_ID=manual__2023-08-03T18:05:13.451532+00:00
[2023-08-03 18:05:17,466] {logging_mixin.py:115} INFO - Reading Semilleros
[2023-08-03 18:05:20,488] {taskinstance.py:1420} INFO - Marking task as SUCCESS. dag_id=vic_investigacion_ETL, task_id=semilleros, execution_date=20230803T180513, start_date=20230803T180516, end_date=20230803T180520
[2023-08-03 18:05:20,692] {local_task_job.py:156} INFO - Task exited with return code 0
