[2023-05-31 23:39:16,726] {taskinstance.py:1179} INFO - Dependencies all met for <TaskInstance: vic_investigacion_ETL.upload_data_big_query manual__2023-05-31T23:39:15.047278+00:00 [queued]>
[2023-05-31 23:39:16,740] {taskinstance.py:1179} INFO - Dependencies all met for <TaskInstance: vic_investigacion_ETL.upload_data_big_query manual__2023-05-31T23:39:15.047278+00:00 [queued]>
[2023-05-31 23:39:16,741] {taskinstance.py:1376} INFO - 
--------------------------------------------------------------------------------
[2023-05-31 23:39:16,743] {taskinstance.py:1377} INFO - Starting attempt 1 of 1
[2023-05-31 23:39:16,744] {taskinstance.py:1378} INFO - 
--------------------------------------------------------------------------------
[2023-05-31 23:39:16,761] {taskinstance.py:1397} INFO - Executing <Task(ExportData): upload_data_big_query> on 2023-05-31 23:39:15.047278+00:00
[2023-05-31 23:39:16,770] {standard_task_runner.py:52} INFO - Started process 678 to run task
[2023-05-31 23:39:16,780] {standard_task_runner.py:79} INFO - Running: ['***', 'tasks', 'run', 'vic_investigacion_ETL', 'upload_data_big_query', 'manual__2023-05-31T23:39:15.047278+00:00', '--job-id', '26', '--raw', '--subdir', 'DAGS_FOLDER/vic_investigacion_dag.py', '--cfg-path', '/tmp/tmp0ookvtav', '--error-file', '/tmp/tmpuzsxu9cy']
[2023-05-31 23:39:16,783] {standard_task_runner.py:80} INFO - Job 26: Subtask upload_data_big_query
[2023-05-31 23:39:16,913] {task_command.py:371} INFO - Running <TaskInstance: vic_investigacion_ETL.upload_data_big_query manual__2023-05-31T23:39:15.047278+00:00 [running]> on host 5d9ccb732815
[2023-05-31 23:39:17,073] {taskinstance.py:1591} INFO - Exporting the following env vars:
AIRFLOW_CTX_DAG_OWNER=***
AIRFLOW_CTX_DAG_ID=vic_investigacion_ETL
AIRFLOW_CTX_TASK_ID=upload_data_big_query
AIRFLOW_CTX_EXECUTION_DATE=2023-05-31T23:39:15.047278+00:00
AIRFLOW_CTX_TRY_NUMBER=1
AIRFLOW_CTX_DAG_RUN_ID=manual__2023-05-31T23:39:15.047278+00:00
[2023-05-31 23:39:17,079] {logging_mixin.py:115} INFO - Exporting Data
[2023-05-31 23:39:17,082] {logging_mixin.py:115} INFO - /opt/***/data/scopus/to_upload_data/authors_join.csv
[2023-05-31 23:39:23,536] {logging_mixin.py:115} INFO - LoadJob<project=viceinvestigacion, location=US, id=a486f1a7-f658-4d33-9324-0f80a7b6c790>
[2023-05-31 23:39:23,537] {logging_mixin.py:115} INFO - /opt/***/data/scopus/to_upload_data/subject_areas.csv
[2023-05-31 23:39:26,946] {logging_mixin.py:115} INFO - LoadJob<project=viceinvestigacion, location=US, id=82d879ac-17d9-4011-8e2d-3b3736e0ce74>
[2023-05-31 23:39:27,155] {taskinstance.py:1420} INFO - Marking task as SUCCESS. dag_id=vic_investigacion_ETL, task_id=upload_data_big_query, execution_date=20230531T233915, start_date=20230531T233916, end_date=20230531T233927
[2023-05-31 23:39:27,192] {local_task_job.py:156} INFO - Task exited with return code 0
[2023-05-31 23:39:27,214] {local_task_job.py:273} INFO - 0 downstream tasks scheduled from follow-on schedule check
