[2023-06-01 21:36:40,228] {taskinstance.py:1179} INFO - Dependencies all met for <TaskInstance: vic_investigacion_ETL.get_scopus_data manual__2023-06-01T21:36:38.935125+00:00 [queued]>
[2023-06-01 21:36:40,235] {taskinstance.py:1179} INFO - Dependencies all met for <TaskInstance: vic_investigacion_ETL.get_scopus_data manual__2023-06-01T21:36:38.935125+00:00 [queued]>
[2023-06-01 21:36:40,236] {taskinstance.py:1376} INFO - 
--------------------------------------------------------------------------------
[2023-06-01 21:36:40,237] {taskinstance.py:1377} INFO - Starting attempt 1 of 1
[2023-06-01 21:36:40,237] {taskinstance.py:1378} INFO - 
--------------------------------------------------------------------------------
[2023-06-01 21:36:40,245] {taskinstance.py:1397} INFO - Executing <Task(ReadScopus): get_scopus_data> on 2023-06-01 21:36:38.935125+00:00
[2023-06-01 21:36:40,252] {standard_task_runner.py:52} INFO - Started process 27992 to run task
[2023-06-01 21:36:40,255] {standard_task_runner.py:79} INFO - Running: ['***', 'tasks', 'run', 'vic_investigacion_ETL', 'get_scopus_data', 'manual__2023-06-01T21:36:38.935125+00:00', '--job-id', '272', '--raw', '--subdir', 'DAGS_FOLDER/vic_investigacion_dag.py', '--cfg-path', '/tmp/tmp8bx_sb25', '--error-file', '/tmp/tmp8ojs8yhc']
[2023-06-01 21:36:40,257] {standard_task_runner.py:80} INFO - Job 272: Subtask get_scopus_data
[2023-06-01 21:36:40,338] {task_command.py:371} INFO - Running <TaskInstance: vic_investigacion_ETL.get_scopus_data manual__2023-06-01T21:36:38.935125+00:00 [running]> on host 5d9ccb732815
[2023-06-01 21:36:40,398] {taskinstance.py:1591} INFO - Exporting the following env vars:
AIRFLOW_CTX_DAG_OWNER=***
AIRFLOW_CTX_DAG_ID=vic_investigacion_ETL
AIRFLOW_CTX_TASK_ID=get_scopus_data
AIRFLOW_CTX_EXECUTION_DATE=2023-06-01T21:36:38.935125+00:00
AIRFLOW_CTX_TRY_NUMBER=1
AIRFLOW_CTX_DAG_RUN_ID=manual__2023-06-01T21:36:38.935125+00:00
[2023-06-01 21:36:40,399] {logging_mixin.py:115} INFO - Getting Scopus Data
[2023-06-01 21:36:40,400] {logging_mixin.py:115} INFO - The api key is:  640ababb3eaaa3723c7cc11be848250b
[2023-06-01 21:36:40,411] {taskinstance.py:1420} INFO - Marking task as SUCCESS. dag_id=vic_investigacion_ETL, task_id=get_scopus_data, execution_date=20230601T213638, start_date=20230601T213640, end_date=20230601T213640
[2023-06-01 21:36:40,474] {local_task_job.py:156} INFO - Task exited with return code 0
[2023-06-01 21:36:40,507] {local_task_job.py:273} INFO - 1 downstream tasks scheduled from follow-on schedule check
