[2023-04-24 20:27:11,524] {taskinstance.py:1179} INFO - Dependencies all met for <TaskInstance: vic_investigacion_ETL.get_wos_data manual__2023-04-24T20:27:09.385584+00:00 [queued]>
[2023-04-24 20:27:11,532] {taskinstance.py:1179} INFO - Dependencies all met for <TaskInstance: vic_investigacion_ETL.get_wos_data manual__2023-04-24T20:27:09.385584+00:00 [queued]>
[2023-04-24 20:27:11,533] {taskinstance.py:1376} INFO - 
--------------------------------------------------------------------------------
[2023-04-24 20:27:11,533] {taskinstance.py:1377} INFO - Starting attempt 1 of 1
[2023-04-24 20:27:11,534] {taskinstance.py:1378} INFO - 
--------------------------------------------------------------------------------
[2023-04-24 20:27:11,546] {taskinstance.py:1397} INFO - Executing <Task(ReadWOS): get_wos_data> on 2023-04-24 20:27:09.385584+00:00
[2023-04-24 20:27:11,559] {standard_task_runner.py:52} INFO - Started process 12062 to run task
[2023-04-24 20:27:11,578] {standard_task_runner.py:79} INFO - Running: ['***', 'tasks', 'run', 'vic_investigacion_ETL', 'get_wos_data', 'manual__2023-04-24T20:27:09.385584+00:00', '--job-id', '422', '--raw', '--subdir', 'DAGS_FOLDER/vic_investigacion_dag.py', '--cfg-path', '/tmp/tmp8bay560y', '--error-file', '/tmp/tmpa8b8qhrp']
[2023-04-24 20:27:11,581] {standard_task_runner.py:80} INFO - Job 422: Subtask get_wos_data
[2023-04-24 20:27:11,675] {task_command.py:371} INFO - Running <TaskInstance: vic_investigacion_ETL.get_wos_data manual__2023-04-24T20:27:09.385584+00:00 [running]> on host b136a0a45498
[2023-04-24 20:27:11,774] {taskinstance.py:1591} INFO - Exporting the following env vars:
AIRFLOW_CTX_DAG_OWNER=***
AIRFLOW_CTX_DAG_ID=vic_investigacion_ETL
AIRFLOW_CTX_TASK_ID=get_wos_data
AIRFLOW_CTX_EXECUTION_DATE=2023-04-24T20:27:09.385584+00:00
AIRFLOW_CTX_TRY_NUMBER=1
AIRFLOW_CTX_DAG_RUN_ID=manual__2023-04-24T20:27:09.385584+00:00
[2023-04-24 20:27:11,780] {logging_mixin.py:115} INFO - Getting WOS Data
[2023-04-24 20:27:12,331] {taskinstance.py:1420} INFO - Marking task as SUCCESS. dag_id=vic_investigacion_ETL, task_id=get_wos_data, execution_date=20230424T202709, start_date=20230424T202711, end_date=20230424T202712
[2023-04-24 20:27:12,376] {local_task_job.py:156} INFO - Task exited with return code 0
