[2023-04-24 20:27:11,600] {taskinstance.py:1179} INFO - Dependencies all met for <TaskInstance: vic_investigacion_ETL.get_group_lac_data manual__2023-04-24T20:27:09.385584+00:00 [queued]>
[2023-04-24 20:27:11,611] {taskinstance.py:1179} INFO - Dependencies all met for <TaskInstance: vic_investigacion_ETL.get_group_lac_data manual__2023-04-24T20:27:09.385584+00:00 [queued]>
[2023-04-24 20:27:11,611] {taskinstance.py:1376} INFO - 
--------------------------------------------------------------------------------
[2023-04-24 20:27:11,612] {taskinstance.py:1377} INFO - Starting attempt 1 of 1
[2023-04-24 20:27:11,613] {taskinstance.py:1378} INFO - 
--------------------------------------------------------------------------------
[2023-04-24 20:27:11,624] {taskinstance.py:1397} INFO - Executing <Task(ReadGroupLAC): get_group_lac_data> on 2023-04-24 20:27:09.385584+00:00
[2023-04-24 20:27:11,630] {standard_task_runner.py:52} INFO - Started process 12064 to run task
[2023-04-24 20:27:11,636] {standard_task_runner.py:79} INFO - Running: ['***', 'tasks', 'run', 'vic_investigacion_ETL', 'get_group_lac_data', 'manual__2023-04-24T20:27:09.385584+00:00', '--job-id', '425', '--raw', '--subdir', 'DAGS_FOLDER/vic_investigacion_dag.py', '--cfg-path', '/tmp/tmpzhvx9f12', '--error-file', '/tmp/tmplnk2mu0x']
[2023-04-24 20:27:11,639] {standard_task_runner.py:80} INFO - Job 425: Subtask get_group_lac_data
[2023-04-24 20:27:11,739] {task_command.py:371} INFO - Running <TaskInstance: vic_investigacion_ETL.get_group_lac_data manual__2023-04-24T20:27:09.385584+00:00 [running]> on host b136a0a45498
[2023-04-24 20:27:11,862] {taskinstance.py:1591} INFO - Exporting the following env vars:
AIRFLOW_CTX_DAG_OWNER=***
AIRFLOW_CTX_DAG_ID=vic_investigacion_ETL
AIRFLOW_CTX_TASK_ID=get_group_lac_data
AIRFLOW_CTX_EXECUTION_DATE=2023-04-24T20:27:09.385584+00:00
AIRFLOW_CTX_TRY_NUMBER=1
AIRFLOW_CTX_DAG_RUN_ID=manual__2023-04-24T20:27:09.385584+00:00
[2023-04-24 20:27:11,866] {logging_mixin.py:115} INFO - Getting Group LAC Data
[2023-04-24 20:27:12,521] {taskinstance.py:1420} INFO - Marking task as SUCCESS. dag_id=vic_investigacion_ETL, task_id=get_group_lac_data, execution_date=20230424T202709, start_date=20230424T202711, end_date=20230424T202712
[2023-04-24 20:27:12,556] {local_task_job.py:156} INFO - Task exited with return code 0
