[2023-04-24 16:27:44,254] {taskinstance.py:1179} INFO - Dependencies all met for <TaskInstance: vic_investigacion_ETL.get_cv_lac_data manual__2023-04-24T16:27:41.942112+00:00 [queued]>
[2023-04-24 16:27:44,265] {taskinstance.py:1179} INFO - Dependencies all met for <TaskInstance: vic_investigacion_ETL.get_cv_lac_data manual__2023-04-24T16:27:41.942112+00:00 [queued]>
[2023-04-24 16:27:44,268] {taskinstance.py:1376} INFO - 
--------------------------------------------------------------------------------
[2023-04-24 16:27:44,269] {taskinstance.py:1377} INFO - Starting attempt 1 of 1
[2023-04-24 16:27:44,269] {taskinstance.py:1378} INFO - 
--------------------------------------------------------------------------------
[2023-04-24 16:27:44,281] {taskinstance.py:1397} INFO - Executing <Task(ReadCvLAC): get_cv_lac_data> on 2023-04-24 16:27:41.942112+00:00
[2023-04-24 16:27:44,287] {standard_task_runner.py:52} INFO - Started process 3177 to run task
[2023-04-24 16:27:44,293] {standard_task_runner.py:79} INFO - Running: ['***', 'tasks', 'run', 'vic_investigacion_ETL', 'get_cv_lac_data', 'manual__2023-04-24T16:27:41.942112+00:00', '--job-id', '317', '--raw', '--subdir', 'DAGS_FOLDER/vic_investigacion_dag.py', '--cfg-path', '/tmp/tmp5np4f_dq', '--error-file', '/tmp/tmpr6ia0m6r']
[2023-04-24 16:27:44,297] {standard_task_runner.py:80} INFO - Job 317: Subtask get_cv_lac_data
[2023-04-24 16:27:44,402] {task_command.py:371} INFO - Running <TaskInstance: vic_investigacion_ETL.get_cv_lac_data manual__2023-04-24T16:27:41.942112+00:00 [running]> on host b136a0a45498
[2023-04-24 16:27:44,489] {taskinstance.py:1591} INFO - Exporting the following env vars:
AIRFLOW_CTX_DAG_OWNER=***
AIRFLOW_CTX_DAG_ID=vic_investigacion_ETL
AIRFLOW_CTX_TASK_ID=get_cv_lac_data
AIRFLOW_CTX_EXECUTION_DATE=2023-04-24T16:27:41.942112+00:00
AIRFLOW_CTX_TRY_NUMBER=1
AIRFLOW_CTX_DAG_RUN_ID=manual__2023-04-24T16:27:41.942112+00:00
[2023-04-24 16:27:44,491] {logging_mixin.py:115} INFO - Getting CV LAC Data
[2023-04-24 16:27:44,515] {taskinstance.py:1420} INFO - Marking task as SUCCESS. dag_id=vic_investigacion_ETL, task_id=get_cv_lac_data, execution_date=20230424T162741, start_date=20230424T162744, end_date=20230424T162744
[2023-04-24 16:27:44,588] {local_task_job.py:156} INFO - Task exited with return code 0
