[2023-04-24 17:08:32,340] {taskinstance.py:1179} INFO - Dependencies all met for <TaskInstance: vic_investigacion_ETL.get_cv_lac_data manual__2023-04-24T17:08:28.639289+00:00 [queued]>
[2023-04-24 17:08:32,349] {taskinstance.py:1179} INFO - Dependencies all met for <TaskInstance: vic_investigacion_ETL.get_cv_lac_data manual__2023-04-24T17:08:28.639289+00:00 [queued]>
[2023-04-24 17:08:32,350] {taskinstance.py:1376} INFO - 
--------------------------------------------------------------------------------
[2023-04-24 17:08:32,351] {taskinstance.py:1377} INFO - Starting attempt 1 of 1
[2023-04-24 17:08:32,352] {taskinstance.py:1378} INFO - 
--------------------------------------------------------------------------------
[2023-04-24 17:08:32,365] {taskinstance.py:1397} INFO - Executing <Task(ReadCvLAC): get_cv_lac_data> on 2023-04-24 17:08:28.639289+00:00
[2023-04-24 17:08:32,380] {standard_task_runner.py:52} INFO - Started process 5215 to run task
[2023-04-24 17:08:32,386] {standard_task_runner.py:79} INFO - Running: ['***', 'tasks', 'run', 'vic_investigacion_ETL', 'get_cv_lac_data', 'manual__2023-04-24T17:08:28.639289+00:00', '--job-id', '356', '--raw', '--subdir', 'DAGS_FOLDER/vic_investigacion_dag.py', '--cfg-path', '/tmp/tmpp8z24_cp', '--error-file', '/tmp/tmpd6r6ocgf']
[2023-04-24 17:08:32,389] {standard_task_runner.py:80} INFO - Job 356: Subtask get_cv_lac_data
[2023-04-24 17:08:32,517] {task_command.py:371} INFO - Running <TaskInstance: vic_investigacion_ETL.get_cv_lac_data manual__2023-04-24T17:08:28.639289+00:00 [running]> on host b136a0a45498
[2023-04-24 17:08:32,622] {taskinstance.py:1591} INFO - Exporting the following env vars:
AIRFLOW_CTX_DAG_OWNER=***
AIRFLOW_CTX_DAG_ID=vic_investigacion_ETL
AIRFLOW_CTX_TASK_ID=get_cv_lac_data
AIRFLOW_CTX_EXECUTION_DATE=2023-04-24T17:08:28.639289+00:00
AIRFLOW_CTX_TRY_NUMBER=1
AIRFLOW_CTX_DAG_RUN_ID=manual__2023-04-24T17:08:28.639289+00:00
[2023-04-24 17:08:32,626] {logging_mixin.py:115} INFO - Getting CV LAC Data
[2023-04-24 17:08:33,474] {taskinstance.py:1420} INFO - Marking task as SUCCESS. dag_id=vic_investigacion_ETL, task_id=get_cv_lac_data, execution_date=20230424T170828, start_date=20230424T170832, end_date=20230424T170833
[2023-04-24 17:08:33,546] {local_task_job.py:156} INFO - Task exited with return code 0
