[2023-08-01 23:27:03,117] {taskinstance.py:1179} INFO - Dependencies all met for <TaskInstance: vic_investigacion_ETL.revistas manual__2023-08-01T23:26:59.906089+00:00 [queued]>
[2023-08-01 23:27:03,125] {taskinstance.py:1179} INFO - Dependencies all met for <TaskInstance: vic_investigacion_ETL.revistas manual__2023-08-01T23:26:59.906089+00:00 [queued]>
[2023-08-01 23:27:03,127] {taskinstance.py:1376} INFO - 
--------------------------------------------------------------------------------
[2023-08-01 23:27:03,128] {taskinstance.py:1377} INFO - Starting attempt 1 of 1
[2023-08-01 23:27:03,129] {taskinstance.py:1378} INFO - 
--------------------------------------------------------------------------------
[2023-08-01 23:27:03,142] {taskinstance.py:1397} INFO - Executing <Task(PrepareRevistas): revistas> on 2023-08-01 23:26:59.906089+00:00
[2023-08-01 23:27:03,163] {standard_task_runner.py:52} INFO - Started process 1596 to run task
[2023-08-01 23:27:03,174] {standard_task_runner.py:79} INFO - Running: ['***', 'tasks', 'run', 'vic_investigacion_ETL', 'revistas', 'manual__2023-08-01T23:26:59.906089+00:00', '--job-id', '164', '--raw', '--subdir', 'DAGS_FOLDER/vic_investigacion_dag.py', '--cfg-path', '/tmp/tmp_caqvhfd', '--error-file', '/tmp/tmpdyzctwrt']
[2023-08-01 23:27:03,179] {standard_task_runner.py:80} INFO - Job 164: Subtask revistas
[2023-08-01 23:27:03,434] {task_command.py:371} INFO - Running <TaskInstance: vic_investigacion_ETL.revistas manual__2023-08-01T23:26:59.906089+00:00 [running]> on host 6c8a51d4a614
[2023-08-01 23:27:03,615] {taskinstance.py:1591} INFO - Exporting the following env vars:
AIRFLOW_CTX_DAG_OWNER=***
AIRFLOW_CTX_DAG_ID=vic_investigacion_ETL
AIRFLOW_CTX_TASK_ID=revistas
AIRFLOW_CTX_EXECUTION_DATE=2023-08-01T23:26:59.906089+00:00
AIRFLOW_CTX_TRY_NUMBER=1
AIRFLOW_CTX_DAG_RUN_ID=manual__2023-08-01T23:26:59.906089+00:00
[2023-08-01 23:27:03,622] {logging_mixin.py:115} INFO - Reading Revistas
[2023-08-01 23:27:45,739] {taskinstance.py:1420} INFO - Marking task as SUCCESS. dag_id=vic_investigacion_ETL, task_id=revistas, execution_date=20230801T232659, start_date=20230801T232703, end_date=20230801T232745
[2023-08-01 23:27:45,993] {local_task_job.py:156} INFO - Task exited with return code 0
