[2023-04-24 16:10:16,748] {taskinstance.py:1179} INFO - Dependencies all met for <TaskInstance: vic_investigacion_ETL.prepare_wos_data manual__2023-04-24T16:10:12.419317+00:00 [queued]>
[2023-04-24 16:10:16,755] {taskinstance.py:1179} INFO - Dependencies all met for <TaskInstance: vic_investigacion_ETL.prepare_wos_data manual__2023-04-24T16:10:12.419317+00:00 [queued]>
[2023-04-24 16:10:16,756] {taskinstance.py:1376} INFO - 
--------------------------------------------------------------------------------
[2023-04-24 16:10:16,756] {taskinstance.py:1377} INFO - Starting attempt 1 of 1
[2023-04-24 16:10:16,757] {taskinstance.py:1378} INFO - 
--------------------------------------------------------------------------------
[2023-04-24 16:10:16,768] {taskinstance.py:1397} INFO - Executing <Task(PrepareWosData): prepare_wos_data> on 2023-04-24 16:10:12.419317+00:00
[2023-04-24 16:10:16,773] {standard_task_runner.py:52} INFO - Started process 2219 to run task
[2023-04-24 16:10:16,777] {standard_task_runner.py:79} INFO - Running: ['***', 'tasks', 'run', 'vic_investigacion_ETL', 'prepare_wos_data', 'manual__2023-04-24T16:10:12.419317+00:00', '--job-id', '268', '--raw', '--subdir', 'DAGS_FOLDER/vic_investigacion_dag.py', '--cfg-path', '/tmp/tmpr0xfe2hp', '--error-file', '/tmp/tmpyk75xfmg']
[2023-04-24 16:10:16,779] {standard_task_runner.py:80} INFO - Job 268: Subtask prepare_wos_data
[2023-04-24 16:10:16,888] {task_command.py:371} INFO - Running <TaskInstance: vic_investigacion_ETL.prepare_wos_data manual__2023-04-24T16:10:12.419317+00:00 [running]> on host b136a0a45498
[2023-04-24 16:10:16,989] {taskinstance.py:1591} INFO - Exporting the following env vars:
AIRFLOW_CTX_DAG_OWNER=***
AIRFLOW_CTX_DAG_ID=vic_investigacion_ETL
AIRFLOW_CTX_TASK_ID=prepare_wos_data
AIRFLOW_CTX_EXECUTION_DATE=2023-04-24T16:10:12.419317+00:00
AIRFLOW_CTX_TRY_NUMBER=1
AIRFLOW_CTX_DAG_RUN_ID=manual__2023-04-24T16:10:12.419317+00:00
[2023-04-24 16:10:16,991] {logging_mixin.py:115} INFO - Preparing WOS Data
[2023-04-24 16:10:17,007] {taskinstance.py:1420} INFO - Marking task as SUCCESS. dag_id=vic_investigacion_ETL, task_id=prepare_wos_data, execution_date=20230424T161012, start_date=20230424T161016, end_date=20230424T161017
[2023-04-24 16:10:17,032] {local_task_job.py:156} INFO - Task exited with return code 0
