[2023-04-24 15:31:11,407] {taskinstance.py:1179} INFO - Dependencies all met for <TaskInstance: vic_investigacion_ETL.prepare_cv_lac_data manual__2023-04-24T15:31:05.253597+00:00 [queued]>
[2023-04-24 15:31:11,419] {taskinstance.py:1179} INFO - Dependencies all met for <TaskInstance: vic_investigacion_ETL.prepare_cv_lac_data manual__2023-04-24T15:31:05.253597+00:00 [queued]>
[2023-04-24 15:31:11,421] {taskinstance.py:1376} INFO - 
--------------------------------------------------------------------------------
[2023-04-24 15:31:11,422] {taskinstance.py:1377} INFO - Starting attempt 1 of 1
[2023-04-24 15:31:11,423] {taskinstance.py:1378} INFO - 
--------------------------------------------------------------------------------
[2023-04-24 15:31:11,435] {taskinstance.py:1397} INFO - Executing <Task(PrepareCvLacData): prepare_cv_lac_data> on 2023-04-24 15:31:05.253597+00:00
[2023-04-24 15:31:11,444] {standard_task_runner.py:52} INFO - Started process 312 to run task
[2023-04-24 15:31:11,450] {standard_task_runner.py:79} INFO - Running: ['***', 'tasks', 'run', 'vic_investigacion_ETL', 'prepare_cv_lac_data', 'manual__2023-04-24T15:31:05.253597+00:00', '--job-id', '261', '--raw', '--subdir', 'DAGS_FOLDER/vic_investigacion_dag.py', '--cfg-path', '/tmp/tmpxp6fkzzz', '--error-file', '/tmp/tmpzpsgonl6']
[2023-04-24 15:31:11,454] {standard_task_runner.py:80} INFO - Job 261: Subtask prepare_cv_lac_data
[2023-04-24 15:31:11,558] {task_command.py:371} INFO - Running <TaskInstance: vic_investigacion_ETL.prepare_cv_lac_data manual__2023-04-24T15:31:05.253597+00:00 [running]> on host b136a0a45498
[2023-04-24 15:31:11,634] {taskinstance.py:1591} INFO - Exporting the following env vars:
AIRFLOW_CTX_DAG_OWNER=***
AIRFLOW_CTX_DAG_ID=vic_investigacion_ETL
AIRFLOW_CTX_TASK_ID=prepare_cv_lac_data
AIRFLOW_CTX_EXECUTION_DATE=2023-04-24T15:31:05.253597+00:00
AIRFLOW_CTX_TRY_NUMBER=1
AIRFLOW_CTX_DAG_RUN_ID=manual__2023-04-24T15:31:05.253597+00:00
[2023-04-24 15:31:11,635] {logging_mixin.py:115} INFO - Preparing cv lac Data
[2023-04-24 15:31:11,867] {taskinstance.py:1420} INFO - Marking task as SUCCESS. dag_id=vic_investigacion_ETL, task_id=prepare_cv_lac_data, execution_date=20230424T153105, start_date=20230424T153111, end_date=20230424T153111
[2023-04-24 15:31:11,953] {local_task_job.py:156} INFO - Task exited with return code 0
