[2023-04-24 20:27:14,130] {taskinstance.py:1179} INFO - Dependencies all met for <TaskInstance: vic_investigacion_ETL.prepare_wos_data manual__2023-04-24T20:27:09.385584+00:00 [queued]>
[2023-04-24 20:27:14,138] {taskinstance.py:1179} INFO - Dependencies all met for <TaskInstance: vic_investigacion_ETL.prepare_wos_data manual__2023-04-24T20:27:09.385584+00:00 [queued]>
[2023-04-24 20:27:14,138] {taskinstance.py:1376} INFO - 
--------------------------------------------------------------------------------
[2023-04-24 20:27:14,139] {taskinstance.py:1377} INFO - Starting attempt 1 of 1
[2023-04-24 20:27:14,139] {taskinstance.py:1378} INFO - 
--------------------------------------------------------------------------------
[2023-04-24 20:27:14,147] {taskinstance.py:1397} INFO - Executing <Task(PrepareWosData): prepare_wos_data> on 2023-04-24 20:27:09.385584+00:00
[2023-04-24 20:27:14,152] {standard_task_runner.py:52} INFO - Started process 12072 to run task
[2023-04-24 20:27:14,158] {standard_task_runner.py:79} INFO - Running: ['***', 'tasks', 'run', 'vic_investigacion_ETL', 'prepare_wos_data', 'manual__2023-04-24T20:27:09.385584+00:00', '--job-id', '428', '--raw', '--subdir', 'DAGS_FOLDER/vic_investigacion_dag.py', '--cfg-path', '/tmp/tmp4e5jrbzb', '--error-file', '/tmp/tmpee_jxske']
[2023-04-24 20:27:14,160] {standard_task_runner.py:80} INFO - Job 428: Subtask prepare_wos_data
[2023-04-24 20:27:14,236] {task_command.py:371} INFO - Running <TaskInstance: vic_investigacion_ETL.prepare_wos_data manual__2023-04-24T20:27:09.385584+00:00 [running]> on host b136a0a45498
[2023-04-24 20:27:14,291] {taskinstance.py:1591} INFO - Exporting the following env vars:
AIRFLOW_CTX_DAG_OWNER=***
AIRFLOW_CTX_DAG_ID=vic_investigacion_ETL
AIRFLOW_CTX_TASK_ID=prepare_wos_data
AIRFLOW_CTX_EXECUTION_DATE=2023-04-24T20:27:09.385584+00:00
AIRFLOW_CTX_TRY_NUMBER=1
AIRFLOW_CTX_DAG_RUN_ID=manual__2023-04-24T20:27:09.385584+00:00
[2023-04-24 20:27:14,292] {logging_mixin.py:115} INFO - Preparing WOS Data
[2023-04-24 20:27:14,569] {taskinstance.py:1420} INFO - Marking task as SUCCESS. dag_id=vic_investigacion_ETL, task_id=prepare_wos_data, execution_date=20230424T202709, start_date=20230424T202714, end_date=20230424T202714
[2023-04-24 20:27:14,652] {local_task_job.py:156} INFO - Task exited with return code 0
