[2023-07-26 16:18:55,534] {taskinstance.py:1179} INFO - Dependencies all met for <TaskInstance: vic_investigacion_ETL.profesores_core_data manual__2023-07-26T16:18:53.986034+00:00 [queued]>
[2023-07-26 16:18:55,551] {taskinstance.py:1179} INFO - Dependencies all met for <TaskInstance: vic_investigacion_ETL.profesores_core_data manual__2023-07-26T16:18:53.986034+00:00 [queued]>
[2023-07-26 16:18:55,552] {taskinstance.py:1376} INFO - 
--------------------------------------------------------------------------------
[2023-07-26 16:18:55,553] {taskinstance.py:1377} INFO - Starting attempt 1 of 1
[2023-07-26 16:18:55,554] {taskinstance.py:1378} INFO - 
--------------------------------------------------------------------------------
[2023-07-26 16:18:55,565] {taskinstance.py:1397} INFO - Executing <Task(PrepareProfesoresData): profesores_core_data> on 2023-07-26 16:18:53.986034+00:00
[2023-07-26 16:18:55,573] {standard_task_runner.py:52} INFO - Started process 2635 to run task
[2023-07-26 16:18:55,581] {standard_task_runner.py:79} INFO - Running: ['***', 'tasks', 'run', 'vic_investigacion_ETL', 'profesores_core_data', 'manual__2023-07-26T16:18:53.986034+00:00', '--job-id', '91', '--raw', '--subdir', 'DAGS_FOLDER/vic_investigacion_dag.py', '--cfg-path', '/tmp/tmpjmyan_9c', '--error-file', '/tmp/tmpmfxjwki1']
[2023-07-26 16:18:55,584] {standard_task_runner.py:80} INFO - Job 91: Subtask profesores_core_data
[2023-07-26 16:18:55,671] {task_command.py:371} INFO - Running <TaskInstance: vic_investigacion_ETL.profesores_core_data manual__2023-07-26T16:18:53.986034+00:00 [running]> on host f4f0af373b5a
[2023-07-26 16:18:55,767] {taskinstance.py:1591} INFO - Exporting the following env vars:
AIRFLOW_CTX_DAG_OWNER=***
AIRFLOW_CTX_DAG_ID=vic_investigacion_ETL
AIRFLOW_CTX_TASK_ID=profesores_core_data
AIRFLOW_CTX_EXECUTION_DATE=2023-07-26T16:18:53.986034+00:00
AIRFLOW_CTX_TRY_NUMBER=1
AIRFLOW_CTX_DAG_RUN_ID=manual__2023-07-26T16:18:53.986034+00:00
[2023-07-26 16:18:55,771] {logging_mixin.py:115} INFO - Preparing Profesores Core Data
[2023-07-26 16:19:02,606] {taskinstance.py:1420} INFO - Marking task as SUCCESS. dag_id=vic_investigacion_ETL, task_id=profesores_core_data, execution_date=20230726T161853, start_date=20230726T161855, end_date=20230726T161902
[2023-07-26 16:19:02,670] {local_task_job.py:156} INFO - Task exited with return code 0
