[2023-08-01 23:42:52,083] {taskinstance.py:1179} INFO - Dependencies all met for <TaskInstance: vic_investigacion_ETL.repositorio_institucional manual__2023-08-01T23:42:48.488920+00:00 [queued]>
[2023-08-01 23:42:52,103] {taskinstance.py:1179} INFO - Dependencies all met for <TaskInstance: vic_investigacion_ETL.repositorio_institucional manual__2023-08-01T23:42:48.488920+00:00 [queued]>
[2023-08-01 23:42:52,109] {taskinstance.py:1376} INFO - 
--------------------------------------------------------------------------------
[2023-08-01 23:42:52,110] {taskinstance.py:1377} INFO - Starting attempt 1 of 1
[2023-08-01 23:42:52,111] {taskinstance.py:1378} INFO - 
--------------------------------------------------------------------------------
[2023-08-01 23:42:52,125] {taskinstance.py:1397} INFO - Executing <Task(PrepareRepositorioInstitucional): repositorio_institucional> on 2023-08-01 23:42:48.488920+00:00
[2023-08-01 23:42:52,146] {standard_task_runner.py:52} INFO - Started process 2397 to run task
[2023-08-01 23:42:52,160] {standard_task_runner.py:79} INFO - Running: ['***', 'tasks', 'run', 'vic_investigacion_ETL', 'repositorio_institucional', 'manual__2023-08-01T23:42:48.488920+00:00', '--job-id', '185', '--raw', '--subdir', 'DAGS_FOLDER/vic_investigacion_dag.py', '--cfg-path', '/tmp/tmpdnzjkgvl', '--error-file', '/tmp/tmpy2_6nykl']
[2023-08-01 23:42:52,164] {standard_task_runner.py:80} INFO - Job 185: Subtask repositorio_institucional
[2023-08-01 23:42:52,341] {task_command.py:371} INFO - Running <TaskInstance: vic_investigacion_ETL.repositorio_institucional manual__2023-08-01T23:42:48.488920+00:00 [running]> on host 6c8a51d4a614
[2023-08-01 23:42:52,657] {taskinstance.py:1591} INFO - Exporting the following env vars:
AIRFLOW_CTX_DAG_OWNER=***
AIRFLOW_CTX_DAG_ID=vic_investigacion_ETL
AIRFLOW_CTX_TASK_ID=repositorio_institucional
AIRFLOW_CTX_EXECUTION_DATE=2023-08-01T23:42:48.488920+00:00
AIRFLOW_CTX_TRY_NUMBER=1
AIRFLOW_CTX_DAG_RUN_ID=manual__2023-08-01T23:42:48.488920+00:00
[2023-08-01 23:42:52,671] {logging_mixin.py:115} INFO - Preparing Repositorio Institucional
[2023-08-01 23:43:26,153] {taskinstance.py:1420} INFO - Marking task as SUCCESS. dag_id=vic_investigacion_ETL, task_id=repositorio_institucional, execution_date=20230801T234248, start_date=20230801T234252, end_date=20230801T234326
[2023-08-01 23:43:26,493] {local_task_job.py:156} INFO - Task exited with return code 0
