[2023-07-04 22:53:10,135] {taskinstance.py:1179} INFO - Dependencies all met for <TaskInstance: vic_investigacion_ETL.upload_data_big_query manual__2023-07-04T22:53:06.414361+00:00 [queued]>
[2023-07-04 22:53:10,141] {taskinstance.py:1179} INFO - Dependencies all met for <TaskInstance: vic_investigacion_ETL.upload_data_big_query manual__2023-07-04T22:53:06.414361+00:00 [queued]>
[2023-07-04 22:53:10,141] {taskinstance.py:1376} INFO - 
--------------------------------------------------------------------------------
[2023-07-04 22:53:10,142] {taskinstance.py:1377} INFO - Starting attempt 1 of 1
[2023-07-04 22:53:10,142] {taskinstance.py:1378} INFO - 
--------------------------------------------------------------------------------
[2023-07-04 22:53:10,151] {taskinstance.py:1397} INFO - Executing <Task(ExportData): upload_data_big_query> on 2023-07-04 22:53:06.414361+00:00
[2023-07-04 22:53:10,155] {standard_task_runner.py:52} INFO - Started process 114 to run task
[2023-07-04 22:53:10,159] {standard_task_runner.py:79} INFO - Running: ['***', 'tasks', 'run', 'vic_investigacion_ETL', 'upload_data_big_query', 'manual__2023-07-04T22:53:06.414361+00:00', '--job-id', '21', '--raw', '--subdir', 'DAGS_FOLDER/vic_investigacion_dag.py', '--cfg-path', '/tmp/tmp15sp698m', '--error-file', '/tmp/tmpllv0d6_h']
[2023-07-04 22:53:10,160] {standard_task_runner.py:80} INFO - Job 21: Subtask upload_data_big_query
[2023-07-04 22:53:10,212] {task_command.py:371} INFO - Running <TaskInstance: vic_investigacion_ETL.upload_data_big_query manual__2023-07-04T22:53:06.414361+00:00 [running]> on host f4f0af373b5a
[2023-07-04 22:53:10,260] {taskinstance.py:1591} INFO - Exporting the following env vars:
AIRFLOW_CTX_DAG_OWNER=***
AIRFLOW_CTX_DAG_ID=vic_investigacion_ETL
AIRFLOW_CTX_TASK_ID=upload_data_big_query
AIRFLOW_CTX_EXECUTION_DATE=2023-07-04T22:53:06.414361+00:00
AIRFLOW_CTX_TRY_NUMBER=1
AIRFLOW_CTX_DAG_RUN_ID=manual__2023-07-04T22:53:06.414361+00:00
[2023-07-04 22:53:10,261] {logging_mixin.py:115} INFO - Exporting Data
[2023-07-04 22:53:10,264] {logging_mixin.py:115} INFO - /opt/***/data/to_upload/journals.xlsx
[2023-07-04 22:53:17,355] {logging_mixin.py:115} INFO - LoadJob<project=viceinvestigacion, location=US, id=7c42b06d-d457-4ddc-b76f-44e8a5925a8f>
[2023-07-04 22:53:17,357] {logging_mixin.py:115} INFO - /opt/***/data/to_upload/produccion_validados.csv
[2023-07-04 22:53:18,537] {logging_mixin.py:115} INFO - --
[2023-07-04 22:53:18,543] {logging_mixin.py:115} INFO - /opt/***/data/to_upload/profesores_validados.csv
[2023-07-04 22:53:21,976] {logging_mixin.py:115} INFO - LoadJob<project=viceinvestigacion, location=US, id=c1c85c4b-0636-4a94-81f4-736551ab905b>
[2023-07-04 22:53:21,979] {logging_mixin.py:115} INFO - /opt/***/data/to_upload/profesores_validados_scopus_ids.csv
[2023-07-04 22:53:24,674] {logging_mixin.py:115} INFO - LoadJob<project=viceinvestigacion, location=US, id=06d8857d-90cd-442d-82ca-aa92a7b3a010>
[2023-07-04 22:53:24,717] {taskinstance.py:1420} INFO - Marking task as SUCCESS. dag_id=vic_investigacion_ETL, task_id=upload_data_big_query, execution_date=20230704T225306, start_date=20230704T225310, end_date=20230704T225324
[2023-07-04 22:53:24,805] {local_task_job.py:156} INFO - Task exited with return code 0
[2023-07-04 22:53:24,828] {local_task_job.py:273} INFO - 0 downstream tasks scheduled from follow-on schedule check
