[2023-06-06 22:33:21,122] {taskinstance.py:1179} INFO - Dependencies all met for <TaskInstance: vic_investigacion_ETL.upload_data_big_query manual__2023-06-06T22:33:17.582039+00:00 [queued]>
[2023-06-06 22:33:21,128] {taskinstance.py:1179} INFO - Dependencies all met for <TaskInstance: vic_investigacion_ETL.upload_data_big_query manual__2023-06-06T22:33:17.582039+00:00 [queued]>
[2023-06-06 22:33:21,128] {taskinstance.py:1376} INFO - 
--------------------------------------------------------------------------------
[2023-06-06 22:33:21,129] {taskinstance.py:1377} INFO - Starting attempt 1 of 1
[2023-06-06 22:33:21,129] {taskinstance.py:1378} INFO - 
--------------------------------------------------------------------------------
[2023-06-06 22:33:21,137] {taskinstance.py:1397} INFO - Executing <Task(ExportData): upload_data_big_query> on 2023-06-06 22:33:17.582039+00:00
[2023-06-06 22:33:21,142] {standard_task_runner.py:52} INFO - Started process 2846 to run task
[2023-06-06 22:33:21,146] {standard_task_runner.py:79} INFO - Running: ['***', 'tasks', 'run', 'vic_investigacion_ETL', 'upload_data_big_query', 'manual__2023-06-06T22:33:17.582039+00:00', '--job-id', '308', '--raw', '--subdir', 'DAGS_FOLDER/vic_investigacion_dag.py', '--cfg-path', '/tmp/tmp82owjqzy', '--error-file', '/tmp/tmpq6iwc48a']
[2023-06-06 22:33:21,148] {standard_task_runner.py:80} INFO - Job 308: Subtask upload_data_big_query
[2023-06-06 22:33:21,204] {task_command.py:371} INFO - Running <TaskInstance: vic_investigacion_ETL.upload_data_big_query manual__2023-06-06T22:33:17.582039+00:00 [running]> on host b5c935c9edd6
[2023-06-06 22:33:21,252] {taskinstance.py:1591} INFO - Exporting the following env vars:
AIRFLOW_CTX_DAG_OWNER=***
AIRFLOW_CTX_DAG_ID=vic_investigacion_ETL
AIRFLOW_CTX_TASK_ID=upload_data_big_query
AIRFLOW_CTX_EXECUTION_DATE=2023-06-06T22:33:17.582039+00:00
AIRFLOW_CTX_TRY_NUMBER=1
AIRFLOW_CTX_DAG_RUN_ID=manual__2023-06-06T22:33:17.582039+00:00
[2023-06-06 22:33:21,254] {logging_mixin.py:115} INFO - Exporting Data
[2023-06-06 22:33:26,493] {logging_mixin.py:115} INFO - LoadJob<project=viceinvestigacion, location=US, id=3cca8dcb-19de-4d2c-aeb8-cbc5c90c6db1>
[2023-06-06 22:33:26,532] {taskinstance.py:1420} INFO - Marking task as SUCCESS. dag_id=vic_investigacion_ETL, task_id=upload_data_big_query, execution_date=20230606T223317, start_date=20230606T223321, end_date=20230606T223326
[2023-06-06 22:33:26,590] {local_task_job.py:156} INFO - Task exited with return code 0
[2023-06-06 22:33:26,613] {local_task_job.py:273} INFO - 0 downstream tasks scheduled from follow-on schedule check
