[2023-06-01 02:11:13,247] {taskinstance.py:1179} INFO - Dependencies all met for <TaskInstance: vic_investigacion_ETL.get_wos_data manual__2023-06-01T02:11:11.735197+00:00 [queued]>
[2023-06-01 02:11:13,264] {taskinstance.py:1179} INFO - Dependencies all met for <TaskInstance: vic_investigacion_ETL.get_wos_data manual__2023-06-01T02:11:11.735197+00:00 [queued]>
[2023-06-01 02:11:13,266] {taskinstance.py:1376} INFO - 
--------------------------------------------------------------------------------
[2023-06-01 02:11:13,271] {taskinstance.py:1377} INFO - Starting attempt 1 of 1
[2023-06-01 02:11:13,273] {taskinstance.py:1378} INFO - 
--------------------------------------------------------------------------------
[2023-06-01 02:11:13,288] {taskinstance.py:1397} INFO - Executing <Task(ReadWOS): get_wos_data> on 2023-06-01 02:11:11.735197+00:00
[2023-06-01 02:11:13,296] {standard_task_runner.py:52} INFO - Started process 5376 to run task
[2023-06-01 02:11:13,305] {standard_task_runner.py:79} INFO - Running: ['***', 'tasks', 'run', 'vic_investigacion_ETL', 'get_wos_data', 'manual__2023-06-01T02:11:11.735197+00:00', '--job-id', '222', '--raw', '--subdir', 'DAGS_FOLDER/vic_investigacion_dag.py', '--cfg-path', '/tmp/tmpc2uonjbo', '--error-file', '/tmp/tmpykyetmek']
[2023-06-01 02:11:13,308] {standard_task_runner.py:80} INFO - Job 222: Subtask get_wos_data
[2023-06-01 02:11:13,409] {task_command.py:371} INFO - Running <TaskInstance: vic_investigacion_ETL.get_wos_data manual__2023-06-01T02:11:11.735197+00:00 [running]> on host 5d9ccb732815
[2023-06-01 02:11:13,499] {taskinstance.py:1591} INFO - Exporting the following env vars:
AIRFLOW_CTX_DAG_OWNER=***
AIRFLOW_CTX_DAG_ID=vic_investigacion_ETL
AIRFLOW_CTX_TASK_ID=get_wos_data
AIRFLOW_CTX_EXECUTION_DATE=2023-06-01T02:11:11.735197+00:00
AIRFLOW_CTX_TRY_NUMBER=1
AIRFLOW_CTX_DAG_RUN_ID=manual__2023-06-01T02:11:11.735197+00:00
[2023-06-01 02:11:13,504] {logging_mixin.py:115} INFO - Getting WOS Data
[2023-06-01 02:11:13,600] {taskinstance.py:1420} INFO - Marking task as SUCCESS. dag_id=vic_investigacion_ETL, task_id=get_wos_data, execution_date=20230601T021111, start_date=20230601T021113, end_date=20230601T021113
[2023-06-01 02:11:13,639] {local_task_job.py:156} INFO - Task exited with return code 0
[2023-06-01 02:11:13,683] {local_task_job.py:273} INFO - 0 downstream tasks scheduled from follow-on schedule check
