[2023-06-01 01:17:21,590] {taskinstance.py:1179} INFO - Dependencies all met for <TaskInstance: vic_investigacion_ETL.upload_data_big_query manual__2023-06-01T01:17:19.306665+00:00 [queued]>
[2023-06-01 01:17:21,606] {taskinstance.py:1179} INFO - Dependencies all met for <TaskInstance: vic_investigacion_ETL.upload_data_big_query manual__2023-06-01T01:17:19.306665+00:00 [queued]>
[2023-06-01 01:17:21,608] {taskinstance.py:1376} INFO - 
--------------------------------------------------------------------------------
[2023-06-01 01:17:21,610] {taskinstance.py:1377} INFO - Starting attempt 1 of 1
[2023-06-01 01:17:21,613] {taskinstance.py:1378} INFO - 
--------------------------------------------------------------------------------
[2023-06-01 01:17:21,627] {taskinstance.py:1397} INFO - Executing <Task(ExportData): upload_data_big_query> on 2023-06-01 01:17:19.306665+00:00
[2023-06-01 01:17:21,636] {standard_task_runner.py:52} INFO - Started process 2466 to run task
[2023-06-01 01:17:21,644] {standard_task_runner.py:79} INFO - Running: ['***', 'tasks', 'run', 'vic_investigacion_ETL', 'upload_data_big_query', 'manual__2023-06-01T01:17:19.306665+00:00', '--job-id', '140', '--raw', '--subdir', 'DAGS_FOLDER/vic_investigacion_dag.py', '--cfg-path', '/tmp/tmpubn6hg98', '--error-file', '/tmp/tmptze5nkra']
[2023-06-01 01:17:21,654] {standard_task_runner.py:80} INFO - Job 140: Subtask upload_data_big_query
[2023-06-01 01:17:21,751] {task_command.py:371} INFO - Running <TaskInstance: vic_investigacion_ETL.upload_data_big_query manual__2023-06-01T01:17:19.306665+00:00 [running]> on host 5d9ccb732815
[2023-06-01 01:17:21,851] {taskinstance.py:1591} INFO - Exporting the following env vars:
AIRFLOW_CTX_DAG_OWNER=***
AIRFLOW_CTX_DAG_ID=vic_investigacion_ETL
AIRFLOW_CTX_TASK_ID=upload_data_big_query
AIRFLOW_CTX_EXECUTION_DATE=2023-06-01T01:17:19.306665+00:00
AIRFLOW_CTX_TRY_NUMBER=1
AIRFLOW_CTX_DAG_RUN_ID=manual__2023-06-01T01:17:19.306665+00:00
[2023-06-01 01:17:21,856] {logging_mixin.py:115} INFO - Exporting Data
[2023-06-01 01:17:21,858] {logging_mixin.py:115} INFO - /opt/***/data/scopus/to_upload_data/authors_join.csv
[2023-06-01 01:17:26,743] {logging_mixin.py:115} INFO - LoadJob<project=viceinvestigacion, location=US, id=31f97775-c2e4-4ab1-ae53-640fac004a79>
[2023-06-01 01:17:26,744] {logging_mixin.py:115} INFO - /opt/***/data/scopus/to_upload_data/subject_areas.csv
[2023-06-01 01:17:30,314] {logging_mixin.py:115} INFO - LoadJob<project=viceinvestigacion, location=US, id=e3085993-633b-4fe4-8194-14dae1fe9e8f>
[2023-06-01 01:17:30,530] {taskinstance.py:1420} INFO - Marking task as SUCCESS. dag_id=vic_investigacion_ETL, task_id=upload_data_big_query, execution_date=20230601T011719, start_date=20230601T011721, end_date=20230601T011730
[2023-06-01 01:17:30,604] {local_task_job.py:156} INFO - Task exited with return code 0
[2023-06-01 01:17:30,629] {local_task_job.py:273} INFO - 0 downstream tasks scheduled from follow-on schedule check
