[2023-04-24 16:10:20,475] {taskinstance.py:1179} INFO - Dependencies all met for <TaskInstance: vic_investigacion_ETL.upload_data_big_query manual__2023-04-24T16:10:12.419317+00:00 [queued]>
[2023-04-24 16:10:20,482] {taskinstance.py:1179} INFO - Dependencies all met for <TaskInstance: vic_investigacion_ETL.upload_data_big_query manual__2023-04-24T16:10:12.419317+00:00 [queued]>
[2023-04-24 16:10:20,483] {taskinstance.py:1376} INFO - 
--------------------------------------------------------------------------------
[2023-04-24 16:10:20,483] {taskinstance.py:1377} INFO - Starting attempt 1 of 1
[2023-04-24 16:10:20,484] {taskinstance.py:1378} INFO - 
--------------------------------------------------------------------------------
[2023-04-24 16:10:20,492] {taskinstance.py:1397} INFO - Executing <Task(ExportData): upload_data_big_query> on 2023-04-24 16:10:12.419317+00:00
[2023-04-24 16:10:20,498] {standard_task_runner.py:52} INFO - Started process 2229 to run task
[2023-04-24 16:10:20,502] {standard_task_runner.py:79} INFO - Running: ['***', 'tasks', 'run', 'vic_investigacion_ETL', 'upload_data_big_query', 'manual__2023-04-24T16:10:12.419317+00:00', '--job-id', '273', '--raw', '--subdir', 'DAGS_FOLDER/vic_investigacion_dag.py', '--cfg-path', '/tmp/tmp4eag8jm1', '--error-file', '/tmp/tmpop3kx6nf']
[2023-04-24 16:10:20,503] {standard_task_runner.py:80} INFO - Job 273: Subtask upload_data_big_query
[2023-04-24 16:10:20,560] {task_command.py:371} INFO - Running <TaskInstance: vic_investigacion_ETL.upload_data_big_query manual__2023-04-24T16:10:12.419317+00:00 [running]> on host b136a0a45498
[2023-04-24 16:10:20,629] {taskinstance.py:1591} INFO - Exporting the following env vars:
AIRFLOW_CTX_DAG_OWNER=***
AIRFLOW_CTX_DAG_ID=vic_investigacion_ETL
AIRFLOW_CTX_TASK_ID=upload_data_big_query
AIRFLOW_CTX_EXECUTION_DATE=2023-04-24T16:10:12.419317+00:00
AIRFLOW_CTX_TRY_NUMBER=1
AIRFLOW_CTX_DAG_RUN_ID=manual__2023-04-24T16:10:12.419317+00:00
[2023-04-24 16:10:20,631] {logging_mixin.py:115} INFO - Exporting Data
[2023-04-24 16:10:20,633] {logging_mixin.py:115} INFO - /opt/***/data/scopus/clean/clean_authors_core_data/afilliations_history.csv
[2023-04-24 16:10:22,472] {logging_mixin.py:115} INFO - --
[2023-04-24 16:10:22,473] {logging_mixin.py:115} INFO - /opt/***/data/scopus/clean/clean_authors_core_data/core_data.csv
[2023-04-24 16:10:29,899] {logging_mixin.py:115} INFO - LoadJob<project=viceinvestigacion, location=US, id=7e67e772-80d8-475b-ad50-e4ec8fb6476e>
[2023-04-24 16:10:29,905] {logging_mixin.py:115} INFO - /opt/***/data/scopus/clean/clean_authors_core_data/current_afilliations.csv
[2023-04-24 16:10:30,493] {logging_mixin.py:115} INFO - --
[2023-04-24 16:10:30,495] {logging_mixin.py:115} INFO - /opt/***/data/scopus/clean/clean_authors_core_data/subject_areas.csv
[2023-04-24 16:10:30,878] {logging_mixin.py:115} INFO - --
[2023-04-24 16:10:30,882] {logging_mixin.py:115} INFO - /opt/***/data/scopus/clean/clean_authors_products_data/clean_products.csv
[2023-04-24 16:10:34,145] {logging_mixin.py:115} INFO - LoadJob<project=viceinvestigacion, location=US, id=c214aed4-20cc-4787-a61c-a4daa51360bc>
[2023-04-24 16:10:34,189] {taskinstance.py:1420} INFO - Marking task as SUCCESS. dag_id=vic_investigacion_ETL, task_id=upload_data_big_query, execution_date=20230424T161012, start_date=20230424T161020, end_date=20230424T161034
[2023-04-24 16:10:34,333] {local_task_job.py:156} INFO - Task exited with return code 0
[2023-04-24 16:10:34,386] {local_task_job.py:273} INFO - 0 downstream tasks scheduled from follow-on schedule check
