[2023-06-01 00:46:32,472] {taskinstance.py:1179} INFO - Dependencies all met for <TaskInstance: vic_investigacion_ETL.prepare_cv_lac_data manual__2023-06-01T00:46:30.222105+00:00 [queued]>
[2023-06-01 00:46:32,489] {taskinstance.py:1179} INFO - Dependencies all met for <TaskInstance: vic_investigacion_ETL.prepare_cv_lac_data manual__2023-06-01T00:46:30.222105+00:00 [queued]>
[2023-06-01 00:46:32,490] {taskinstance.py:1376} INFO - 
--------------------------------------------------------------------------------
[2023-06-01 00:46:32,491] {taskinstance.py:1377} INFO - Starting attempt 1 of 1
[2023-06-01 00:46:32,494] {taskinstance.py:1378} INFO - 
--------------------------------------------------------------------------------
[2023-06-01 00:46:32,510] {taskinstance.py:1397} INFO - Executing <Task(PrepareCvLacData): prepare_cv_lac_data> on 2023-06-01 00:46:30.222105+00:00
[2023-06-01 00:46:32,519] {standard_task_runner.py:52} INFO - Started process 826 to run task
[2023-06-01 00:46:32,525] {standard_task_runner.py:79} INFO - Running: ['***', 'tasks', 'run', 'vic_investigacion_ETL', 'prepare_cv_lac_data', 'manual__2023-06-01T00:46:30.222105+00:00', '--job-id', '98', '--raw', '--subdir', 'DAGS_FOLDER/vic_investigacion_dag.py', '--cfg-path', '/tmp/tmpr3u25xx7', '--error-file', '/tmp/tmp3v2f8_3u']
[2023-06-01 00:46:32,528] {standard_task_runner.py:80} INFO - Job 98: Subtask prepare_cv_lac_data
[2023-06-01 00:46:32,689] {task_command.py:371} INFO - Running <TaskInstance: vic_investigacion_ETL.prepare_cv_lac_data manual__2023-06-01T00:46:30.222105+00:00 [running]> on host 5d9ccb732815
[2023-06-01 00:46:32,815] {taskinstance.py:1591} INFO - Exporting the following env vars:
AIRFLOW_CTX_DAG_OWNER=***
AIRFLOW_CTX_DAG_ID=vic_investigacion_ETL
AIRFLOW_CTX_TASK_ID=prepare_cv_lac_data
AIRFLOW_CTX_EXECUTION_DATE=2023-06-01T00:46:30.222105+00:00
AIRFLOW_CTX_TRY_NUMBER=1
AIRFLOW_CTX_DAG_RUN_ID=manual__2023-06-01T00:46:30.222105+00:00
[2023-06-01 00:46:32,817] {logging_mixin.py:115} INFO - Preparing cv lac Data
[2023-06-01 00:46:32,896] {taskinstance.py:1420} INFO - Marking task as SUCCESS. dag_id=vic_investigacion_ETL, task_id=prepare_cv_lac_data, execution_date=20230601T004630, start_date=20230601T004632, end_date=20230601T004632
[2023-06-01 00:46:32,950] {local_task_job.py:156} INFO - Task exited with return code 0
[2023-06-01 00:46:33,014] {local_task_job.py:273} INFO - 0 downstream tasks scheduled from follow-on schedule check
