[2023-06-01 01:21:26,515] {taskinstance.py:1179} INFO - Dependencies all met for <TaskInstance: vic_investigacion_ETL.upload_data_big_query manual__2023-06-01T01:21:24.172305+00:00 [queued]>
[2023-06-01 01:21:26,527] {taskinstance.py:1179} INFO - Dependencies all met for <TaskInstance: vic_investigacion_ETL.upload_data_big_query manual__2023-06-01T01:21:24.172305+00:00 [queued]>
[2023-06-01 01:21:26,529] {taskinstance.py:1376} INFO - 
--------------------------------------------------------------------------------
[2023-06-01 01:21:26,530] {taskinstance.py:1377} INFO - Starting attempt 1 of 1
[2023-06-01 01:21:26,532] {taskinstance.py:1378} INFO - 
--------------------------------------------------------------------------------
[2023-06-01 01:21:26,546] {taskinstance.py:1397} INFO - Executing <Task(ExportData): upload_data_big_query> on 2023-06-01 01:21:24.172305+00:00
[2023-06-01 01:21:26,554] {standard_task_runner.py:52} INFO - Started process 2718 to run task
[2023-06-01 01:21:26,561] {standard_task_runner.py:79} INFO - Running: ['***', 'tasks', 'run', 'vic_investigacion_ETL', 'upload_data_big_query', 'manual__2023-06-01T01:21:24.172305+00:00', '--job-id', '158', '--raw', '--subdir', 'DAGS_FOLDER/vic_investigacion_dag.py', '--cfg-path', '/tmp/tmpdgq6e16y', '--error-file', '/tmp/tmpurfolcav']
[2023-06-01 01:21:26,564] {standard_task_runner.py:80} INFO - Job 158: Subtask upload_data_big_query
[2023-06-01 01:21:26,711] {task_command.py:371} INFO - Running <TaskInstance: vic_investigacion_ETL.upload_data_big_query manual__2023-06-01T01:21:24.172305+00:00 [running]> on host 5d9ccb732815
[2023-06-01 01:21:26,819] {taskinstance.py:1591} INFO - Exporting the following env vars:
AIRFLOW_CTX_DAG_OWNER=***
AIRFLOW_CTX_DAG_ID=vic_investigacion_ETL
AIRFLOW_CTX_TASK_ID=upload_data_big_query
AIRFLOW_CTX_EXECUTION_DATE=2023-06-01T01:21:24.172305+00:00
AIRFLOW_CTX_TRY_NUMBER=1
AIRFLOW_CTX_DAG_RUN_ID=manual__2023-06-01T01:21:24.172305+00:00
[2023-06-01 01:21:26,821] {logging_mixin.py:115} INFO - Exporting Data
[2023-06-01 01:21:26,822] {logging_mixin.py:115} INFO - /opt/***/data/scopus/to_upload_data/authors_join.csv
[2023-06-01 01:21:30,793] {logging_mixin.py:115} INFO - LoadJob<project=viceinvestigacion, location=US, id=cb7a3bab-4793-47a7-8c5e-7da31917c62c>
[2023-06-01 01:21:30,794] {logging_mixin.py:115} INFO - /opt/***/data/scopus/to_upload_data/subject_areas.csv
[2023-06-01 01:21:33,999] {logging_mixin.py:115} INFO - LoadJob<project=viceinvestigacion, location=US, id=16bfda1d-7cd2-4dea-9e96-74acca003e9e>
[2023-06-01 01:21:34,257] {taskinstance.py:1420} INFO - Marking task as SUCCESS. dag_id=vic_investigacion_ETL, task_id=upload_data_big_query, execution_date=20230601T012124, start_date=20230601T012126, end_date=20230601T012134
[2023-06-01 01:21:34,338] {local_task_job.py:156} INFO - Task exited with return code 0
[2023-06-01 01:21:34,362] {local_task_job.py:273} INFO - 0 downstream tasks scheduled from follow-on schedule check
