[2023-07-04 23:16:03,635] {taskinstance.py:1179} INFO - Dependencies all met for <TaskInstance: vic_investigacion_ETL.upload_data_big_query manual__2023-07-04T23:16:00.892451+00:00 [queued]>
[2023-07-04 23:16:03,642] {taskinstance.py:1179} INFO - Dependencies all met for <TaskInstance: vic_investigacion_ETL.upload_data_big_query manual__2023-07-04T23:16:00.892451+00:00 [queued]>
[2023-07-04 23:16:03,642] {taskinstance.py:1376} INFO - 
--------------------------------------------------------------------------------
[2023-07-04 23:16:03,643] {taskinstance.py:1377} INFO - Starting attempt 1 of 1
[2023-07-04 23:16:03,643] {taskinstance.py:1378} INFO - 
--------------------------------------------------------------------------------
[2023-07-04 23:16:03,651] {taskinstance.py:1397} INFO - Executing <Task(ExportData): upload_data_big_query> on 2023-07-04 23:16:00.892451+00:00
[2023-07-04 23:16:03,656] {standard_task_runner.py:52} INFO - Started process 828 to run task
[2023-07-04 23:16:03,659] {standard_task_runner.py:79} INFO - Running: ['***', 'tasks', 'run', 'vic_investigacion_ETL', 'upload_data_big_query', 'manual__2023-07-04T23:16:00.892451+00:00', '--job-id', '36', '--raw', '--subdir', 'DAGS_FOLDER/vic_investigacion_dag.py', '--cfg-path', '/tmp/tmpll7h0pxd', '--error-file', '/tmp/tmprr3y_z6w']
[2023-07-04 23:16:03,663] {standard_task_runner.py:80} INFO - Job 36: Subtask upload_data_big_query
[2023-07-04 23:16:03,721] {task_command.py:371} INFO - Running <TaskInstance: vic_investigacion_ETL.upload_data_big_query manual__2023-07-04T23:16:00.892451+00:00 [running]> on host f4f0af373b5a
[2023-07-04 23:16:03,775] {taskinstance.py:1591} INFO - Exporting the following env vars:
AIRFLOW_CTX_DAG_OWNER=***
AIRFLOW_CTX_DAG_ID=vic_investigacion_ETL
AIRFLOW_CTX_TASK_ID=upload_data_big_query
AIRFLOW_CTX_EXECUTION_DATE=2023-07-04T23:16:00.892451+00:00
AIRFLOW_CTX_TRY_NUMBER=1
AIRFLOW_CTX_DAG_RUN_ID=manual__2023-07-04T23:16:00.892451+00:00
[2023-07-04 23:16:03,776] {logging_mixin.py:115} INFO - Exporting Data
[2023-07-04 23:16:03,779] {logging_mixin.py:115} INFO - /opt/***/data/to_upload/journals.xlsx
[2023-07-04 23:16:03,779] {logging_mixin.py:115} INFO - FileName: journals
[2023-07-04 23:16:11,556] {logging_mixin.py:115} INFO - LoadJob<project=viceinvestigacion, location=US, id=f999bb62-263d-49aa-b528-654143bc94c5>
[2023-07-04 23:16:11,557] {logging_mixin.py:115} INFO - /opt/***/data/to_upload/produccion_validada.csv
[2023-07-04 23:16:11,557] {logging_mixin.py:115} INFO - FileName: produccion_validada
[2023-07-04 23:16:12,899] {logging_mixin.py:115} INFO - --
[2023-07-04 23:16:12,919] {taskinstance.py:1420} INFO - Marking task as SUCCESS. dag_id=vic_investigacion_ETL, task_id=upload_data_big_query, execution_date=20230704T231600, start_date=20230704T231603, end_date=20230704T231612
[2023-07-04 23:16:13,033] {local_task_job.py:156} INFO - Task exited with return code 0
[2023-07-04 23:16:13,064] {local_task_job.py:273} INFO - 0 downstream tasks scheduled from follow-on schedule check
