[2023-04-14 17:17:41,765] {taskinstance.py:1179} INFO - Dependencies all met for <TaskInstance: vic_investigacion_ETL.get_wos_data manual__2023-04-14T17:17:40.547206+00:00 [queued]>
[2023-04-14 17:17:41,774] {taskinstance.py:1179} INFO - Dependencies all met for <TaskInstance: vic_investigacion_ETL.get_wos_data manual__2023-04-14T17:17:40.547206+00:00 [queued]>
[2023-04-14 17:17:41,775] {taskinstance.py:1376} INFO - 
--------------------------------------------------------------------------------
[2023-04-14 17:17:41,775] {taskinstance.py:1377} INFO - Starting attempt 1 of 1
[2023-04-14 17:17:41,776] {taskinstance.py:1378} INFO - 
--------------------------------------------------------------------------------
[2023-04-14 17:17:41,785] {taskinstance.py:1397} INFO - Executing <Task(PythonOperator): get_wos_data> on 2023-04-14 17:17:40.547206+00:00
[2023-04-14 17:17:41,792] {standard_task_runner.py:52} INFO - Started process 1114 to run task
[2023-04-14 17:17:41,800] {standard_task_runner.py:79} INFO - Running: ['***', 'tasks', 'run', 'vic_investigacion_ETL', 'get_wos_data', 'manual__2023-04-14T17:17:40.547206+00:00', '--job-id', '118', '--raw', '--subdir', 'DAGS_FOLDER/vic_investigacion_dag.py', '--cfg-path', '/tmp/tmpyairfe8r', '--error-file', '/tmp/tmperyzc6bz']
[2023-04-14 17:17:41,802] {standard_task_runner.py:80} INFO - Job 118: Subtask get_wos_data
[2023-04-14 17:17:41,872] {task_command.py:371} INFO - Running <TaskInstance: vic_investigacion_ETL.get_wos_data manual__2023-04-14T17:17:40.547206+00:00 [running]> on host d014c8b814c7
[2023-04-14 17:17:41,938] {taskinstance.py:1591} INFO - Exporting the following env vars:
AIRFLOW_CTX_DAG_OWNER=***
AIRFLOW_CTX_DAG_ID=vic_investigacion_ETL
AIRFLOW_CTX_TASK_ID=get_wos_data
AIRFLOW_CTX_EXECUTION_DATE=2023-04-14T17:17:40.547206+00:00
AIRFLOW_CTX_TRY_NUMBER=1
AIRFLOW_CTX_DAG_RUN_ID=manual__2023-04-14T17:17:40.547206+00:00
[2023-04-14 17:17:41,940] {logging_mixin.py:115} INFO - Getting WOS Data
[2023-04-14 17:17:41,941] {python.py:173} INFO - Done. Returned value was: None
[2023-04-14 17:17:41,953] {taskinstance.py:1420} INFO - Marking task as SUCCESS. dag_id=vic_investigacion_ETL, task_id=get_wos_data, execution_date=20230414T171740, start_date=20230414T171741, end_date=20230414T171741
[2023-04-14 17:17:41,977] {local_task_job.py:156} INFO - Task exited with return code 0
[2023-04-14 17:17:42,011] {local_task_job.py:273} INFO - 0 downstream tasks scheduled from follow-on schedule check
