[2023-07-11 23:22:40,020] {taskinstance.py:1179} INFO - Dependencies all met for <TaskInstance: vic_investigacion_ETL.get_journals manual__2023-07-11T23:21:59.735209+00:00 [queued]>
[2023-07-11 23:22:40,030] {taskinstance.py:1179} INFO - Dependencies all met for <TaskInstance: vic_investigacion_ETL.get_journals manual__2023-07-11T23:21:59.735209+00:00 [queued]>
[2023-07-11 23:22:40,031] {taskinstance.py:1376} INFO - 
--------------------------------------------------------------------------------
[2023-07-11 23:22:40,031] {taskinstance.py:1377} INFO - Starting attempt 1 of 1
[2023-07-11 23:22:40,032] {taskinstance.py:1378} INFO - 
--------------------------------------------------------------------------------
[2023-07-11 23:22:40,045] {taskinstance.py:1397} INFO - Executing <Task(ReadJournals): get_journals> on 2023-07-11 23:21:59.735209+00:00
[2023-07-11 23:22:40,059] {standard_task_runner.py:52} INFO - Started process 75828 to run task
[2023-07-11 23:22:40,065] {standard_task_runner.py:79} INFO - Running: ['***', 'tasks', 'run', 'vic_investigacion_ETL', 'get_journals', 'manual__2023-07-11T23:21:59.735209+00:00', '--job-id', '61', '--raw', '--subdir', 'DAGS_FOLDER/vic_investigacion_dag.py', '--cfg-path', '/tmp/tmp52rr1b16', '--error-file', '/tmp/tmp71xxz9b4']
[2023-07-11 23:22:40,067] {standard_task_runner.py:80} INFO - Job 61: Subtask get_journals
[2023-07-11 23:22:40,160] {task_command.py:371} INFO - Running <TaskInstance: vic_investigacion_ETL.get_journals manual__2023-07-11T23:21:59.735209+00:00 [running]> on host f4f0af373b5a
[2023-07-11 23:22:40,242] {taskinstance.py:1591} INFO - Exporting the following env vars:
AIRFLOW_CTX_DAG_OWNER=***
AIRFLOW_CTX_DAG_ID=vic_investigacion_ETL
AIRFLOW_CTX_TASK_ID=get_journals
AIRFLOW_CTX_EXECUTION_DATE=2023-07-11T23:21:59.735209+00:00
AIRFLOW_CTX_TRY_NUMBER=1
AIRFLOW_CTX_DAG_RUN_ID=manual__2023-07-11T23:21:59.735209+00:00
[2023-07-11 23:22:40,247] {logging_mixin.py:115} INFO - Reading Journals
[2023-07-11 23:23:11,789] {taskinstance.py:1420} INFO - Marking task as SUCCESS. dag_id=vic_investigacion_ETL, task_id=get_journals, execution_date=20230711T232159, start_date=20230711T232240, end_date=20230711T232311
[2023-07-11 23:23:11,903] {local_task_job.py:156} INFO - Task exited with return code 0
[2023-07-11 23:23:11,942] {local_task_job.py:273} INFO - 0 downstream tasks scheduled from follow-on schedule check
