[2023-06-01 02:01:45,112] {taskinstance.py:1179} INFO - Dependencies all met for <TaskInstance: vic_investigacion_ETL.join_all_data manual__2023-06-01T02:01:42.245499+00:00 [queued]>
[2023-06-01 02:01:45,129] {taskinstance.py:1179} INFO - Dependencies all met for <TaskInstance: vic_investigacion_ETL.join_all_data manual__2023-06-01T02:01:42.245499+00:00 [queued]>
[2023-06-01 02:01:45,135] {taskinstance.py:1376} INFO - 
--------------------------------------------------------------------------------
[2023-06-01 02:01:45,137] {taskinstance.py:1377} INFO - Starting attempt 1 of 1
[2023-06-01 02:01:45,138] {taskinstance.py:1378} INFO - 
--------------------------------------------------------------------------------
[2023-06-01 02:01:45,159] {taskinstance.py:1397} INFO - Executing <Task(JoinAllData): join_all_data> on 2023-06-01 02:01:42.245499+00:00
[2023-06-01 02:01:45,176] {standard_task_runner.py:52} INFO - Started process 4860 to run task
[2023-06-01 02:01:45,181] {standard_task_runner.py:79} INFO - Running: ['***', 'tasks', 'run', 'vic_investigacion_ETL', 'join_all_data', 'manual__2023-06-01T02:01:42.245499+00:00', '--job-id', '211', '--raw', '--subdir', 'DAGS_FOLDER/vic_investigacion_dag.py', '--cfg-path', '/tmp/tmp2a3be641', '--error-file', '/tmp/tmpx09qa5yo']
[2023-06-01 02:01:45,185] {standard_task_runner.py:80} INFO - Job 211: Subtask join_all_data
[2023-06-01 02:01:45,315] {task_command.py:371} INFO - Running <TaskInstance: vic_investigacion_ETL.join_all_data manual__2023-06-01T02:01:42.245499+00:00 [running]> on host 5d9ccb732815
[2023-06-01 02:01:45,447] {taskinstance.py:1591} INFO - Exporting the following env vars:
AIRFLOW_CTX_DAG_OWNER=***
AIRFLOW_CTX_DAG_ID=vic_investigacion_ETL
AIRFLOW_CTX_TASK_ID=join_all_data
AIRFLOW_CTX_EXECUTION_DATE=2023-06-01T02:01:42.245499+00:00
AIRFLOW_CTX_TRY_NUMBER=1
AIRFLOW_CTX_DAG_RUN_ID=manual__2023-06-01T02:01:42.245499+00:00
[2023-06-01 02:01:45,452] {logging_mixin.py:115} INFO - Joining all data
[2023-06-01 02:01:45,478] {logging_mixin.py:115} INFO - Data joined
[2023-06-01 02:01:45,510] {taskinstance.py:1420} INFO - Marking task as SUCCESS. dag_id=vic_investigacion_ETL, task_id=join_all_data, execution_date=20230601T020142, start_date=20230601T020145, end_date=20230601T020145
[2023-06-01 02:01:45,570] {local_task_job.py:156} INFO - Task exited with return code 0
[2023-06-01 02:01:45,619] {local_task_job.py:273} INFO - 0 downstream tasks scheduled from follow-on schedule check
