[2023-07-26 17:49:02,324] {taskinstance.py:1179} INFO - Dependencies all met for <TaskInstance: vic_investigacion_ETL.semilleros manual__2023-07-26T17:48:59.794284+00:00 [queued]>
[2023-07-26 17:49:02,335] {taskinstance.py:1179} INFO - Dependencies all met for <TaskInstance: vic_investigacion_ETL.semilleros manual__2023-07-26T17:48:59.794284+00:00 [queued]>
[2023-07-26 17:49:02,336] {taskinstance.py:1376} INFO - 
--------------------------------------------------------------------------------
[2023-07-26 17:49:02,338] {taskinstance.py:1377} INFO - Starting attempt 1 of 1
[2023-07-26 17:49:02,340] {taskinstance.py:1378} INFO - 
--------------------------------------------------------------------------------
[2023-07-26 17:49:02,370] {taskinstance.py:1397} INFO - Executing <Task(PrepareSemilleros): semilleros> on 2023-07-26 17:48:59.794284+00:00
[2023-07-26 17:49:02,390] {standard_task_runner.py:52} INFO - Started process 233 to run task
[2023-07-26 17:49:02,406] {standard_task_runner.py:79} INFO - Running: ['***', 'tasks', 'run', 'vic_investigacion_ETL', 'semilleros', 'manual__2023-07-26T17:48:59.794284+00:00', '--job-id', '147', '--raw', '--subdir', 'DAGS_FOLDER/vic_investigacion_dag.py', '--cfg-path', '/tmp/tmprvs7mzv8', '--error-file', '/tmp/tmpr4lfjp1z']
[2023-07-26 17:49:02,411] {standard_task_runner.py:80} INFO - Job 147: Subtask semilleros
[2023-07-26 17:49:02,656] {task_command.py:371} INFO - Running <TaskInstance: vic_investigacion_ETL.semilleros manual__2023-07-26T17:48:59.794284+00:00 [running]> on host 6c8a51d4a614
[2023-07-26 17:49:02,844] {taskinstance.py:1591} INFO - Exporting the following env vars:
AIRFLOW_CTX_DAG_OWNER=***
AIRFLOW_CTX_DAG_ID=vic_investigacion_ETL
AIRFLOW_CTX_TASK_ID=semilleros
AIRFLOW_CTX_EXECUTION_DATE=2023-07-26T17:48:59.794284+00:00
AIRFLOW_CTX_TRY_NUMBER=1
AIRFLOW_CTX_DAG_RUN_ID=manual__2023-07-26T17:48:59.794284+00:00
[2023-07-26 17:49:02,853] {logging_mixin.py:115} INFO - Reading Semilleros
[2023-07-26 17:49:05,395] {taskinstance.py:1420} INFO - Marking task as SUCCESS. dag_id=vic_investigacion_ETL, task_id=semilleros, execution_date=20230726T174859, start_date=20230726T174902, end_date=20230726T174905
[2023-07-26 17:49:05,878] {local_task_job.py:156} INFO - Task exited with return code 0
