[2023-04-24 16:13:01,190] {taskinstance.py:1179} INFO - Dependencies all met for <TaskInstance: vic_investigacion_ETL.prepare_wos_data manual__2023-04-24T16:12:56.554087+00:00 [queued]>
[2023-04-24 16:13:01,207] {taskinstance.py:1179} INFO - Dependencies all met for <TaskInstance: vic_investigacion_ETL.prepare_wos_data manual__2023-04-24T16:12:56.554087+00:00 [queued]>
[2023-04-24 16:13:01,208] {taskinstance.py:1376} INFO - 
--------------------------------------------------------------------------------
[2023-04-24 16:13:01,210] {taskinstance.py:1377} INFO - Starting attempt 1 of 1
[2023-04-24 16:13:01,211] {taskinstance.py:1378} INFO - 
--------------------------------------------------------------------------------
[2023-04-24 16:13:01,223] {taskinstance.py:1397} INFO - Executing <Task(PrepareWosData): prepare_wos_data> on 2023-04-24 16:12:56.554087+00:00
[2023-04-24 16:13:01,234] {standard_task_runner.py:52} INFO - Started process 2377 to run task
[2023-04-24 16:13:01,240] {standard_task_runner.py:79} INFO - Running: ['***', 'tasks', 'run', 'vic_investigacion_ETL', 'prepare_wos_data', 'manual__2023-04-24T16:12:56.554087+00:00', '--job-id', '279', '--raw', '--subdir', 'DAGS_FOLDER/vic_investigacion_dag.py', '--cfg-path', '/tmp/tmpcd0svkaq', '--error-file', '/tmp/tmpjyrvywup']
[2023-04-24 16:13:01,242] {standard_task_runner.py:80} INFO - Job 279: Subtask prepare_wos_data
[2023-04-24 16:13:01,339] {task_command.py:371} INFO - Running <TaskInstance: vic_investigacion_ETL.prepare_wos_data manual__2023-04-24T16:12:56.554087+00:00 [running]> on host b136a0a45498
[2023-04-24 16:13:01,454] {taskinstance.py:1591} INFO - Exporting the following env vars:
AIRFLOW_CTX_DAG_OWNER=***
AIRFLOW_CTX_DAG_ID=vic_investigacion_ETL
AIRFLOW_CTX_TASK_ID=prepare_wos_data
AIRFLOW_CTX_EXECUTION_DATE=2023-04-24T16:12:56.554087+00:00
AIRFLOW_CTX_TRY_NUMBER=1
AIRFLOW_CTX_DAG_RUN_ID=manual__2023-04-24T16:12:56.554087+00:00
[2023-04-24 16:13:01,458] {logging_mixin.py:115} INFO - Preparing WOS Data
[2023-04-24 16:13:01,653] {taskinstance.py:1420} INFO - Marking task as SUCCESS. dag_id=vic_investigacion_ETL, task_id=prepare_wos_data, execution_date=20230424T161256, start_date=20230424T161301, end_date=20230424T161301
[2023-04-24 16:13:01,694] {local_task_job.py:156} INFO - Task exited with return code 0
