[2023-07-26 16:05:22,742] {taskinstance.py:1179} INFO - Dependencies all met for <TaskInstance: vic_investigacion_ETL.profesores_core_data manual__2023-07-26T16:05:21.071069+00:00 [queued]>
[2023-07-26 16:05:22,754] {taskinstance.py:1179} INFO - Dependencies all met for <TaskInstance: vic_investigacion_ETL.profesores_core_data manual__2023-07-26T16:05:21.071069+00:00 [queued]>
[2023-07-26 16:05:22,756] {taskinstance.py:1376} INFO - 
--------------------------------------------------------------------------------
[2023-07-26 16:05:22,757] {taskinstance.py:1377} INFO - Starting attempt 1 of 1
[2023-07-26 16:05:22,759] {taskinstance.py:1378} INFO - 
--------------------------------------------------------------------------------
[2023-07-26 16:05:22,775] {taskinstance.py:1397} INFO - Executing <Task(PrepareProfesoresData): profesores_core_data> on 2023-07-26 16:05:21.071069+00:00
[2023-07-26 16:05:22,786] {standard_task_runner.py:52} INFO - Started process 1954 to run task
[2023-07-26 16:05:22,792] {standard_task_runner.py:79} INFO - Running: ['***', 'tasks', 'run', 'vic_investigacion_ETL', 'profesores_core_data', 'manual__2023-07-26T16:05:21.071069+00:00', '--job-id', '86', '--raw', '--subdir', 'DAGS_FOLDER/vic_investigacion_dag.py', '--cfg-path', '/tmp/tmp3xkwkhpn', '--error-file', '/tmp/tmpucbzhgd1']
[2023-07-26 16:05:22,797] {standard_task_runner.py:80} INFO - Job 86: Subtask profesores_core_data
[2023-07-26 16:05:22,928] {task_command.py:371} INFO - Running <TaskInstance: vic_investigacion_ETL.profesores_core_data manual__2023-07-26T16:05:21.071069+00:00 [running]> on host f4f0af373b5a
[2023-07-26 16:05:23,067] {taskinstance.py:1591} INFO - Exporting the following env vars:
AIRFLOW_CTX_DAG_OWNER=***
AIRFLOW_CTX_DAG_ID=vic_investigacion_ETL
AIRFLOW_CTX_TASK_ID=profesores_core_data
AIRFLOW_CTX_EXECUTION_DATE=2023-07-26T16:05:21.071069+00:00
AIRFLOW_CTX_TRY_NUMBER=1
AIRFLOW_CTX_DAG_RUN_ID=manual__2023-07-26T16:05:21.071069+00:00
[2023-07-26 16:05:23,073] {logging_mixin.py:115} INFO - Preparing Profesores Core Data
[2023-07-26 16:05:30,107] {taskinstance.py:1420} INFO - Marking task as SUCCESS. dag_id=vic_investigacion_ETL, task_id=profesores_core_data, execution_date=20230726T160521, start_date=20230726T160522, end_date=20230726T160530
[2023-07-26 16:05:30,180] {local_task_job.py:156} INFO - Task exited with return code 0
