[2023-04-24 16:27:49,114] {taskinstance.py:1179} INFO - Dependencies all met for <TaskInstance: vic_investigacion_ETL.upload_data_big_query manual__2023-04-24T16:27:41.942112+00:00 [queued]>
[2023-04-24 16:27:49,122] {taskinstance.py:1179} INFO - Dependencies all met for <TaskInstance: vic_investigacion_ETL.upload_data_big_query manual__2023-04-24T16:27:41.942112+00:00 [queued]>
[2023-04-24 16:27:49,122] {taskinstance.py:1376} INFO - 
--------------------------------------------------------------------------------
[2023-04-24 16:27:49,123] {taskinstance.py:1377} INFO - Starting attempt 1 of 1
[2023-04-24 16:27:49,123] {taskinstance.py:1378} INFO - 
--------------------------------------------------------------------------------
[2023-04-24 16:27:49,132] {taskinstance.py:1397} INFO - Executing <Task(ExportData): upload_data_big_query> on 2023-04-24 16:27:41.942112+00:00
[2023-04-24 16:27:49,138] {standard_task_runner.py:52} INFO - Started process 3204 to run task
[2023-04-24 16:27:49,141] {standard_task_runner.py:79} INFO - Running: ['***', 'tasks', 'run', 'vic_investigacion_ETL', 'upload_data_big_query', 'manual__2023-04-24T16:27:41.942112+00:00', '--job-id', '323', '--raw', '--subdir', 'DAGS_FOLDER/vic_investigacion_dag.py', '--cfg-path', '/tmp/tmpjasrcpq5', '--error-file', '/tmp/tmp06u_lc08']
[2023-04-24 16:27:49,143] {standard_task_runner.py:80} INFO - Job 323: Subtask upload_data_big_query
[2023-04-24 16:27:49,200] {task_command.py:371} INFO - Running <TaskInstance: vic_investigacion_ETL.upload_data_big_query manual__2023-04-24T16:27:41.942112+00:00 [running]> on host b136a0a45498
[2023-04-24 16:27:49,251] {taskinstance.py:1591} INFO - Exporting the following env vars:
AIRFLOW_CTX_DAG_OWNER=***
AIRFLOW_CTX_DAG_ID=vic_investigacion_ETL
AIRFLOW_CTX_TASK_ID=upload_data_big_query
AIRFLOW_CTX_EXECUTION_DATE=2023-04-24T16:27:41.942112+00:00
AIRFLOW_CTX_TRY_NUMBER=1
AIRFLOW_CTX_DAG_RUN_ID=manual__2023-04-24T16:27:41.942112+00:00
[2023-04-24 16:27:49,252] {logging_mixin.py:115} INFO - Exporting Data
[2023-04-24 16:27:49,261] {logging_mixin.py:115} INFO - Scopus_id          int64
orcid             object
document-count     int64
cited-by-count     int64
citation-count     int64
pick_date         object
dtype: object
[2023-04-24 16:27:59,137] {logging_mixin.py:115} INFO - LoadJob<project=viceinvestigacion, location=US, id=20038227-e7fe-4c63-94fc-90eda67e83dc>
[2023-04-24 16:27:59,164] {taskinstance.py:1420} INFO - Marking task as SUCCESS. dag_id=vic_investigacion_ETL, task_id=upload_data_big_query, execution_date=20230424T162741, start_date=20230424T162749, end_date=20230424T162759
[2023-04-24 16:27:59,282] {local_task_job.py:156} INFO - Task exited with return code 0
[2023-04-24 16:27:59,311] {local_task_job.py:273} INFO - 0 downstream tasks scheduled from follow-on schedule check
