[2023-04-17 15:04:28,754] {taskinstance.py:1179} INFO - Dependencies all met for <TaskInstance: vic_investigacion_ETL.get_scopus_data manual__2023-04-17T15:04:27.534649+00:00 [queued]>
[2023-04-17 15:04:28,761] {taskinstance.py:1179} INFO - Dependencies all met for <TaskInstance: vic_investigacion_ETL.get_scopus_data manual__2023-04-17T15:04:27.534649+00:00 [queued]>
[2023-04-17 15:04:28,762] {taskinstance.py:1376} INFO - 
--------------------------------------------------------------------------------
[2023-04-17 15:04:28,763] {taskinstance.py:1377} INFO - Starting attempt 1 of 1
[2023-04-17 15:04:28,763] {taskinstance.py:1378} INFO - 
--------------------------------------------------------------------------------
[2023-04-17 15:04:28,777] {taskinstance.py:1397} INFO - Executing <Task(ReadScopus): get_scopus_data> on 2023-04-17 15:04:27.534649+00:00
[2023-04-17 15:04:28,786] {standard_task_runner.py:52} INFO - Started process 390 to run task
[2023-04-17 15:04:28,791] {standard_task_runner.py:79} INFO - Running: ['***', 'tasks', 'run', 'vic_investigacion_ETL', 'get_scopus_data', 'manual__2023-04-17T15:04:27.534649+00:00', '--job-id', '169', '--raw', '--subdir', 'DAGS_FOLDER/vic_investigacion_dag.py', '--cfg-path', '/tmp/tmpq9ncrqtm', '--error-file', '/tmp/tmpculu3tag']
[2023-04-17 15:04:28,794] {standard_task_runner.py:80} INFO - Job 169: Subtask get_scopus_data
[2023-04-17 15:04:28,896] {task_command.py:371} INFO - Running <TaskInstance: vic_investigacion_ETL.get_scopus_data manual__2023-04-17T15:04:27.534649+00:00 [running]> on host 6051ec54e0cc
[2023-04-17 15:04:28,978] {taskinstance.py:1591} INFO - Exporting the following env vars:
AIRFLOW_CTX_DAG_OWNER=***
AIRFLOW_CTX_DAG_ID=vic_investigacion_ETL
AIRFLOW_CTX_TASK_ID=get_scopus_data
AIRFLOW_CTX_EXECUTION_DATE=2023-04-17T15:04:27.534649+00:00
AIRFLOW_CTX_TRY_NUMBER=1
AIRFLOW_CTX_DAG_RUN_ID=manual__2023-04-17T15:04:27.534649+00:00
[2023-04-17 15:04:28,981] {logging_mixin.py:115} INFO - Getting Scopus Data
[2023-04-17 15:04:28,982] {logging_mixin.py:115} INFO - The api key is:  640ababb3eaaa3723c7cc11be848250b
[2023-04-17 15:04:28,983] {logging_mixin.py:115} INFO - DAG PATH:  /opt/***
[2023-04-17 15:04:29,114] {logging_mixin.py:115} INFO -        Cedula                       Nombre    Scopus_ID
0  52390079.0  Pomares Quimbaya Alexandra   24832026300
1         NaN  Carlos Andres Parra Acevedo  57212998692
[2023-04-17 15:04:29,300] {taskinstance.py:1420} INFO - Marking task as SUCCESS. dag_id=vic_investigacion_ETL, task_id=get_scopus_data, execution_date=20230417T150427, start_date=20230417T150428, end_date=20230417T150429
[2023-04-17 15:04:29,370] {local_task_job.py:156} INFO - Task exited with return code 0
[2023-04-17 15:04:29,407] {local_task_job.py:273} INFO - 0 downstream tasks scheduled from follow-on schedule check
