[2023-04-24 18:12:59,567] {taskinstance.py:1179} INFO - Dependencies all met for <TaskInstance: vic_investigacion_ETL.get_cv_lac_data manual__2023-04-24T18:12:56.581208+00:00 [queued]>
[2023-04-24 18:12:59,578] {taskinstance.py:1179} INFO - Dependencies all met for <TaskInstance: vic_investigacion_ETL.get_cv_lac_data manual__2023-04-24T18:12:56.581208+00:00 [queued]>
[2023-04-24 18:12:59,579] {taskinstance.py:1376} INFO - 
--------------------------------------------------------------------------------
[2023-04-24 18:12:59,580] {taskinstance.py:1377} INFO - Starting attempt 1 of 1
[2023-04-24 18:12:59,580] {taskinstance.py:1378} INFO - 
--------------------------------------------------------------------------------
[2023-04-24 18:12:59,592] {taskinstance.py:1397} INFO - Executing <Task(ReadCvLAC): get_cv_lac_data> on 2023-04-24 18:12:56.581208+00:00
[2023-04-24 18:12:59,600] {standard_task_runner.py:52} INFO - Started process 8364 to run task
[2023-04-24 18:12:59,607] {standard_task_runner.py:79} INFO - Running: ['***', 'tasks', 'run', 'vic_investigacion_ETL', 'get_cv_lac_data', 'manual__2023-04-24T18:12:56.581208+00:00', '--job-id', '413', '--raw', '--subdir', 'DAGS_FOLDER/vic_investigacion_dag.py', '--cfg-path', '/tmp/tmpjr2i3t9q', '--error-file', '/tmp/tmp3bquvwo5']
[2023-04-24 18:12:59,615] {standard_task_runner.py:80} INFO - Job 413: Subtask get_cv_lac_data
[2023-04-24 18:12:59,756] {task_command.py:371} INFO - Running <TaskInstance: vic_investigacion_ETL.get_cv_lac_data manual__2023-04-24T18:12:56.581208+00:00 [running]> on host b136a0a45498
[2023-04-24 18:12:59,883] {taskinstance.py:1591} INFO - Exporting the following env vars:
AIRFLOW_CTX_DAG_OWNER=***
AIRFLOW_CTX_DAG_ID=vic_investigacion_ETL
AIRFLOW_CTX_TASK_ID=get_cv_lac_data
AIRFLOW_CTX_EXECUTION_DATE=2023-04-24T18:12:56.581208+00:00
AIRFLOW_CTX_TRY_NUMBER=1
AIRFLOW_CTX_DAG_RUN_ID=manual__2023-04-24T18:12:56.581208+00:00
[2023-04-24 18:12:59,888] {logging_mixin.py:115} INFO - Getting CV LAC Data
[2023-04-24 18:13:00,823] {taskinstance.py:1420} INFO - Marking task as SUCCESS. dag_id=vic_investigacion_ETL, task_id=get_cv_lac_data, execution_date=20230424T181256, start_date=20230424T181259, end_date=20230424T181300
[2023-04-24 18:13:00,910] {local_task_job.py:156} INFO - Task exited with return code 0
