[2023-06-01 01:21:53,769] {taskinstance.py:1179} INFO - Dependencies all met for <TaskInstance: vic_investigacion_ETL.upload_data_big_query manual__2023-06-01T01:21:51.642707+00:00 [queued]>
[2023-06-01 01:21:53,779] {taskinstance.py:1179} INFO - Dependencies all met for <TaskInstance: vic_investigacion_ETL.upload_data_big_query manual__2023-06-01T01:21:51.642707+00:00 [queued]>
[2023-06-01 01:21:53,782] {taskinstance.py:1376} INFO - 
--------------------------------------------------------------------------------
[2023-06-01 01:21:53,783] {taskinstance.py:1377} INFO - Starting attempt 1 of 1
[2023-06-01 01:21:53,786] {taskinstance.py:1378} INFO - 
--------------------------------------------------------------------------------
[2023-06-01 01:21:53,810] {taskinstance.py:1397} INFO - Executing <Task(ExportData): upload_data_big_query> on 2023-06-01 01:21:51.642707+00:00
[2023-06-01 01:21:53,818] {standard_task_runner.py:52} INFO - Started process 2772 to run task
[2023-06-01 01:21:53,826] {standard_task_runner.py:79} INFO - Running: ['***', 'tasks', 'run', 'vic_investigacion_ETL', 'upload_data_big_query', 'manual__2023-06-01T01:21:51.642707+00:00', '--job-id', '167', '--raw', '--subdir', 'DAGS_FOLDER/vic_investigacion_dag.py', '--cfg-path', '/tmp/tmpzgtvsfby', '--error-file', '/tmp/tmpu8e0ur3n']
[2023-06-01 01:21:53,830] {standard_task_runner.py:80} INFO - Job 167: Subtask upload_data_big_query
[2023-06-01 01:21:54,018] {task_command.py:371} INFO - Running <TaskInstance: vic_investigacion_ETL.upload_data_big_query manual__2023-06-01T01:21:51.642707+00:00 [running]> on host 5d9ccb732815
[2023-06-01 01:21:54,245] {taskinstance.py:1591} INFO - Exporting the following env vars:
AIRFLOW_CTX_DAG_OWNER=***
AIRFLOW_CTX_DAG_ID=vic_investigacion_ETL
AIRFLOW_CTX_TASK_ID=upload_data_big_query
AIRFLOW_CTX_EXECUTION_DATE=2023-06-01T01:21:51.642707+00:00
AIRFLOW_CTX_TRY_NUMBER=1
AIRFLOW_CTX_DAG_RUN_ID=manual__2023-06-01T01:21:51.642707+00:00
[2023-06-01 01:21:54,252] {logging_mixin.py:115} INFO - Exporting Data
[2023-06-01 01:21:54,255] {logging_mixin.py:115} INFO - /opt/***/data/scopus/to_upload_data/authors_join.csv
[2023-06-01 01:22:57,293] {logging_mixin.py:115} INFO - LoadJob<project=viceinvestigacion, location=US, id=7a65d99e-c02f-4b9d-a693-f3605a084f30>
[2023-06-01 01:22:57,295] {logging_mixin.py:115} INFO - /opt/***/data/scopus/to_upload_data/subject_areas.csv
[2023-06-01 01:23:00,901] {logging_mixin.py:115} INFO - LoadJob<project=viceinvestigacion, location=US, id=af0992ad-517d-4e75-92b6-c751bdd7e37b>
[2023-06-01 01:23:00,919] {taskinstance.py:1420} INFO - Marking task as SUCCESS. dag_id=vic_investigacion_ETL, task_id=upload_data_big_query, execution_date=20230601T012151, start_date=20230601T012153, end_date=20230601T012300
[2023-06-01 01:23:00,980] {local_task_job.py:156} INFO - Task exited with return code 0
[2023-06-01 01:23:01,006] {local_task_job.py:273} INFO - 0 downstream tasks scheduled from follow-on schedule check
