[2023-05-16 23:52:13,240] {processor.py:153} INFO - Started process (PID=61) to work on /opt/airflow/dags/prepare_group_lac_data_operator.py
[2023-05-16 23:52:13,241] {processor.py:641} INFO - Processing file /opt/airflow/dags/prepare_group_lac_data_operator.py for tasks to queue
[2023-05-16 23:52:13,244] {logging_mixin.py:115} INFO - [2023-05-16 23:52:13,243] {dagbag.py:508} INFO - Filling up the DagBag from /opt/airflow/dags/prepare_group_lac_data_operator.py
[2023-05-16 23:52:13,884] {processor.py:653} WARNING - No viable dags retrieved from /opt/airflow/dags/prepare_group_lac_data_operator.py
[2023-05-16 23:52:13,955] {processor.py:161} INFO - Processing /opt/airflow/dags/prepare_group_lac_data_operator.py took 0.719 seconds
[2023-05-16 23:52:44,211] {processor.py:153} INFO - Started process (PID=104) to work on /opt/airflow/dags/prepare_group_lac_data_operator.py
[2023-05-16 23:52:44,213] {processor.py:641} INFO - Processing file /opt/airflow/dags/prepare_group_lac_data_operator.py for tasks to queue
[2023-05-16 23:52:44,214] {logging_mixin.py:115} INFO - [2023-05-16 23:52:44,214] {dagbag.py:508} INFO - Filling up the DagBag from /opt/airflow/dags/prepare_group_lac_data_operator.py
[2023-05-16 23:52:44,424] {processor.py:653} WARNING - No viable dags retrieved from /opt/airflow/dags/prepare_group_lac_data_operator.py
[2023-05-16 23:52:44,436] {processor.py:161} INFO - Processing /opt/airflow/dags/prepare_group_lac_data_operator.py took 0.227 seconds
[2023-05-16 23:53:14,761] {processor.py:153} INFO - Started process (PID=138) to work on /opt/airflow/dags/prepare_group_lac_data_operator.py
[2023-05-16 23:53:14,762] {processor.py:641} INFO - Processing file /opt/airflow/dags/prepare_group_lac_data_operator.py for tasks to queue
[2023-05-16 23:53:14,763] {logging_mixin.py:115} INFO - [2023-05-16 23:53:14,763] {dagbag.py:508} INFO - Filling up the DagBag from /opt/airflow/dags/prepare_group_lac_data_operator.py
[2023-05-16 23:53:14,976] {processor.py:653} WARNING - No viable dags retrieved from /opt/airflow/dags/prepare_group_lac_data_operator.py
[2023-05-16 23:53:14,986] {processor.py:161} INFO - Processing /opt/airflow/dags/prepare_group_lac_data_operator.py took 0.228 seconds
[2023-05-16 23:53:45,266] {processor.py:153} INFO - Started process (PID=181) to work on /opt/airflow/dags/prepare_group_lac_data_operator.py
[2023-05-16 23:53:45,267] {processor.py:641} INFO - Processing file /opt/airflow/dags/prepare_group_lac_data_operator.py for tasks to queue
[2023-05-16 23:53:45,268] {logging_mixin.py:115} INFO - [2023-05-16 23:53:45,268] {dagbag.py:508} INFO - Filling up the DagBag from /opt/airflow/dags/prepare_group_lac_data_operator.py
[2023-05-16 23:53:45,502] {processor.py:653} WARNING - No viable dags retrieved from /opt/airflow/dags/prepare_group_lac_data_operator.py
[2023-05-16 23:53:45,513] {processor.py:161} INFO - Processing /opt/airflow/dags/prepare_group_lac_data_operator.py took 0.250 seconds
[2023-05-16 23:54:15,862] {processor.py:153} INFO - Started process (PID=224) to work on /opt/airflow/dags/prepare_group_lac_data_operator.py
[2023-05-16 23:54:15,867] {processor.py:641} INFO - Processing file /opt/airflow/dags/prepare_group_lac_data_operator.py for tasks to queue
[2023-05-16 23:54:15,867] {logging_mixin.py:115} INFO - [2023-05-16 23:54:15,867] {dagbag.py:508} INFO - Filling up the DagBag from /opt/airflow/dags/prepare_group_lac_data_operator.py
[2023-05-16 23:54:16,085] {processor.py:653} WARNING - No viable dags retrieved from /opt/airflow/dags/prepare_group_lac_data_operator.py
[2023-05-16 23:54:16,096] {processor.py:161} INFO - Processing /opt/airflow/dags/prepare_group_lac_data_operator.py took 0.236 seconds
[2023-05-16 23:54:46,788] {processor.py:153} INFO - Started process (PID=267) to work on /opt/airflow/dags/prepare_group_lac_data_operator.py
[2023-05-16 23:54:46,790] {processor.py:641} INFO - Processing file /opt/airflow/dags/prepare_group_lac_data_operator.py for tasks to queue
[2023-05-16 23:54:46,794] {logging_mixin.py:115} INFO - [2023-05-16 23:54:46,794] {dagbag.py:508} INFO - Filling up the DagBag from /opt/airflow/dags/prepare_group_lac_data_operator.py
[2023-05-16 23:54:47,051] {processor.py:653} WARNING - No viable dags retrieved from /opt/airflow/dags/prepare_group_lac_data_operator.py
[2023-05-16 23:54:47,064] {processor.py:161} INFO - Processing /opt/airflow/dags/prepare_group_lac_data_operator.py took 0.279 seconds
[2023-05-16 23:55:17,467] {processor.py:153} INFO - Started process (PID=310) to work on /opt/airflow/dags/prepare_group_lac_data_operator.py
[2023-05-16 23:55:17,469] {processor.py:641} INFO - Processing file /opt/airflow/dags/prepare_group_lac_data_operator.py for tasks to queue
[2023-05-16 23:55:17,469] {logging_mixin.py:115} INFO - [2023-05-16 23:55:17,469] {dagbag.py:508} INFO - Filling up the DagBag from /opt/airflow/dags/prepare_group_lac_data_operator.py
[2023-05-16 23:55:17,712] {processor.py:653} WARNING - No viable dags retrieved from /opt/airflow/dags/prepare_group_lac_data_operator.py
[2023-05-16 23:55:17,726] {processor.py:161} INFO - Processing /opt/airflow/dags/prepare_group_lac_data_operator.py took 0.262 seconds
[2023-05-16 23:55:48,414] {processor.py:153} INFO - Started process (PID=343) to work on /opt/airflow/dags/prepare_group_lac_data_operator.py
[2023-05-16 23:55:48,415] {processor.py:641} INFO - Processing file /opt/airflow/dags/prepare_group_lac_data_operator.py for tasks to queue
[2023-05-16 23:55:48,416] {logging_mixin.py:115} INFO - [2023-05-16 23:55:48,416] {dagbag.py:508} INFO - Filling up the DagBag from /opt/airflow/dags/prepare_group_lac_data_operator.py
[2023-05-16 23:55:48,634] {processor.py:653} WARNING - No viable dags retrieved from /opt/airflow/dags/prepare_group_lac_data_operator.py
[2023-05-16 23:55:48,645] {processor.py:161} INFO - Processing /opt/airflow/dags/prepare_group_lac_data_operator.py took 0.233 seconds
[2023-05-16 23:56:19,764] {processor.py:153} INFO - Started process (PID=386) to work on /opt/airflow/dags/prepare_group_lac_data_operator.py
[2023-05-16 23:56:19,767] {processor.py:641} INFO - Processing file /opt/airflow/dags/prepare_group_lac_data_operator.py for tasks to queue
[2023-05-16 23:56:19,769] {logging_mixin.py:115} INFO - [2023-05-16 23:56:19,769] {dagbag.py:508} INFO - Filling up the DagBag from /opt/airflow/dags/prepare_group_lac_data_operator.py
[2023-05-16 23:56:20,090] {processor.py:653} WARNING - No viable dags retrieved from /opt/airflow/dags/prepare_group_lac_data_operator.py
[2023-05-16 23:56:20,107] {processor.py:161} INFO - Processing /opt/airflow/dags/prepare_group_lac_data_operator.py took 0.348 seconds
[2023-05-16 23:56:50,809] {processor.py:153} INFO - Started process (PID=429) to work on /opt/airflow/dags/prepare_group_lac_data_operator.py
[2023-05-16 23:56:50,811] {processor.py:641} INFO - Processing file /opt/airflow/dags/prepare_group_lac_data_operator.py for tasks to queue
[2023-05-16 23:56:50,812] {logging_mixin.py:115} INFO - [2023-05-16 23:56:50,812] {dagbag.py:508} INFO - Filling up the DagBag from /opt/airflow/dags/prepare_group_lac_data_operator.py
[2023-05-16 23:56:51,136] {processor.py:653} WARNING - No viable dags retrieved from /opt/airflow/dags/prepare_group_lac_data_operator.py
[2023-05-16 23:56:51,152] {processor.py:161} INFO - Processing /opt/airflow/dags/prepare_group_lac_data_operator.py took 0.348 seconds
[2023-05-16 23:57:21,319] {processor.py:153} INFO - Started process (PID=469) to work on /opt/airflow/dags/prepare_group_lac_data_operator.py
[2023-05-16 23:57:21,321] {processor.py:641} INFO - Processing file /opt/airflow/dags/prepare_group_lac_data_operator.py for tasks to queue
[2023-05-16 23:57:21,322] {logging_mixin.py:115} INFO - [2023-05-16 23:57:21,322] {dagbag.py:508} INFO - Filling up the DagBag from /opt/airflow/dags/prepare_group_lac_data_operator.py
[2023-05-16 23:57:21,559] {processor.py:653} WARNING - No viable dags retrieved from /opt/airflow/dags/prepare_group_lac_data_operator.py
[2023-05-16 23:57:21,570] {processor.py:161} INFO - Processing /opt/airflow/dags/prepare_group_lac_data_operator.py took 0.254 seconds
[2023-05-16 23:57:51,933] {processor.py:153} INFO - Started process (PID=503) to work on /opt/airflow/dags/prepare_group_lac_data_operator.py
[2023-05-16 23:57:51,935] {processor.py:641} INFO - Processing file /opt/airflow/dags/prepare_group_lac_data_operator.py for tasks to queue
[2023-05-16 23:57:51,937] {logging_mixin.py:115} INFO - [2023-05-16 23:57:51,936] {dagbag.py:508} INFO - Filling up the DagBag from /opt/airflow/dags/prepare_group_lac_data_operator.py
[2023-05-16 23:57:52,189] {processor.py:653} WARNING - No viable dags retrieved from /opt/airflow/dags/prepare_group_lac_data_operator.py
[2023-05-16 23:57:52,201] {processor.py:161} INFO - Processing /opt/airflow/dags/prepare_group_lac_data_operator.py took 0.270 seconds
[2023-05-16 23:58:22,872] {processor.py:153} INFO - Started process (PID=546) to work on /opt/airflow/dags/prepare_group_lac_data_operator.py
[2023-05-16 23:58:22,873] {processor.py:641} INFO - Processing file /opt/airflow/dags/prepare_group_lac_data_operator.py for tasks to queue
[2023-05-16 23:58:22,875] {logging_mixin.py:115} INFO - [2023-05-16 23:58:22,875] {dagbag.py:508} INFO - Filling up the DagBag from /opt/airflow/dags/prepare_group_lac_data_operator.py
[2023-05-16 23:58:23,129] {processor.py:653} WARNING - No viable dags retrieved from /opt/airflow/dags/prepare_group_lac_data_operator.py
[2023-05-16 23:58:23,143] {processor.py:161} INFO - Processing /opt/airflow/dags/prepare_group_lac_data_operator.py took 0.274 seconds
[2023-05-16 23:58:54,002] {processor.py:153} INFO - Started process (PID=589) to work on /opt/airflow/dags/prepare_group_lac_data_operator.py
[2023-05-16 23:58:54,004] {processor.py:641} INFO - Processing file /opt/airflow/dags/prepare_group_lac_data_operator.py for tasks to queue
[2023-05-16 23:58:54,006] {logging_mixin.py:115} INFO - [2023-05-16 23:58:54,006] {dagbag.py:508} INFO - Filling up the DagBag from /opt/airflow/dags/prepare_group_lac_data_operator.py
[2023-05-16 23:58:54,322] {processor.py:653} WARNING - No viable dags retrieved from /opt/airflow/dags/prepare_group_lac_data_operator.py
[2023-05-16 23:58:54,340] {processor.py:161} INFO - Processing /opt/airflow/dags/prepare_group_lac_data_operator.py took 0.345 seconds
[2023-05-16 23:59:25,027] {processor.py:153} INFO - Started process (PID=632) to work on /opt/airflow/dags/prepare_group_lac_data_operator.py
[2023-05-16 23:59:25,028] {processor.py:641} INFO - Processing file /opt/airflow/dags/prepare_group_lac_data_operator.py for tasks to queue
[2023-05-16 23:59:25,029] {logging_mixin.py:115} INFO - [2023-05-16 23:59:25,029] {dagbag.py:508} INFO - Filling up the DagBag from /opt/airflow/dags/prepare_group_lac_data_operator.py
[2023-05-16 23:59:25,375] {processor.py:653} WARNING - No viable dags retrieved from /opt/airflow/dags/prepare_group_lac_data_operator.py
[2023-05-16 23:59:25,387] {processor.py:161} INFO - Processing /opt/airflow/dags/prepare_group_lac_data_operator.py took 0.364 seconds
[2023-05-16 23:59:56,411] {processor.py:153} INFO - Started process (PID=677) to work on /opt/airflow/dags/prepare_group_lac_data_operator.py
[2023-05-16 23:59:56,412] {processor.py:641} INFO - Processing file /opt/airflow/dags/prepare_group_lac_data_operator.py for tasks to queue
[2023-05-16 23:59:56,413] {logging_mixin.py:115} INFO - [2023-05-16 23:59:56,413] {dagbag.py:508} INFO - Filling up the DagBag from /opt/airflow/dags/prepare_group_lac_data_operator.py
[2023-05-16 23:59:56,650] {processor.py:653} WARNING - No viable dags retrieved from /opt/airflow/dags/prepare_group_lac_data_operator.py
[2023-05-16 23:59:56,661] {processor.py:161} INFO - Processing /opt/airflow/dags/prepare_group_lac_data_operator.py took 0.254 seconds
