[2023-05-16 23:52:11,281] {processor.py:153} INFO - Started process (PID=50) to work on /opt/airflow/dags/prepare_scopus_data_operator.py
[2023-05-16 23:52:11,284] {processor.py:641} INFO - Processing file /opt/airflow/dags/prepare_scopus_data_operator.py for tasks to queue
[2023-05-16 23:52:11,285] {logging_mixin.py:115} INFO - [2023-05-16 23:52:11,285] {dagbag.py:508} INFO - Filling up the DagBag from /opt/airflow/dags/prepare_scopus_data_operator.py
[2023-05-16 23:52:11,817] {processor.py:653} WARNING - No viable dags retrieved from /opt/airflow/dags/prepare_scopus_data_operator.py
[2023-05-16 23:52:11,837] {processor.py:161} INFO - Processing /opt/airflow/dags/prepare_scopus_data_operator.py took 0.558 seconds
[2023-05-16 23:52:42,199] {processor.py:153} INFO - Started process (PID=84) to work on /opt/airflow/dags/prepare_scopus_data_operator.py
[2023-05-16 23:52:42,201] {processor.py:641} INFO - Processing file /opt/airflow/dags/prepare_scopus_data_operator.py for tasks to queue
[2023-05-16 23:52:42,202] {logging_mixin.py:115} INFO - [2023-05-16 23:52:42,202] {dagbag.py:508} INFO - Filling up the DagBag from /opt/airflow/dags/prepare_scopus_data_operator.py
[2023-05-16 23:52:42,584] {processor.py:653} WARNING - No viable dags retrieved from /opt/airflow/dags/prepare_scopus_data_operator.py
[2023-05-16 23:52:42,599] {processor.py:161} INFO - Processing /opt/airflow/dags/prepare_scopus_data_operator.py took 0.403 seconds
[2023-05-16 23:53:12,671] {processor.py:153} INFO - Started process (PID=126) to work on /opt/airflow/dags/prepare_scopus_data_operator.py
[2023-05-16 23:53:12,674] {processor.py:641} INFO - Processing file /opt/airflow/dags/prepare_scopus_data_operator.py for tasks to queue
[2023-05-16 23:53:12,676] {logging_mixin.py:115} INFO - [2023-05-16 23:53:12,675] {dagbag.py:508} INFO - Filling up the DagBag from /opt/airflow/dags/prepare_scopus_data_operator.py
[2023-05-16 23:53:13,048] {processor.py:653} WARNING - No viable dags retrieved from /opt/airflow/dags/prepare_scopus_data_operator.py
[2023-05-16 23:53:13,062] {processor.py:161} INFO - Processing /opt/airflow/dags/prepare_scopus_data_operator.py took 0.397 seconds
[2023-05-16 23:53:43,188] {processor.py:153} INFO - Started process (PID=170) to work on /opt/airflow/dags/prepare_scopus_data_operator.py
[2023-05-16 23:53:43,191] {processor.py:641} INFO - Processing file /opt/airflow/dags/prepare_scopus_data_operator.py for tasks to queue
[2023-05-16 23:53:43,193] {logging_mixin.py:115} INFO - [2023-05-16 23:53:43,193] {dagbag.py:508} INFO - Filling up the DagBag from /opt/airflow/dags/prepare_scopus_data_operator.py
[2023-05-16 23:53:43,487] {processor.py:653} WARNING - No viable dags retrieved from /opt/airflow/dags/prepare_scopus_data_operator.py
[2023-05-16 23:53:43,502] {processor.py:161} INFO - Processing /opt/airflow/dags/prepare_scopus_data_operator.py took 0.320 seconds
[2023-05-16 23:54:13,893] {processor.py:153} INFO - Started process (PID=213) to work on /opt/airflow/dags/prepare_scopus_data_operator.py
[2023-05-16 23:54:13,897] {processor.py:641} INFO - Processing file /opt/airflow/dags/prepare_scopus_data_operator.py for tasks to queue
[2023-05-16 23:54:13,899] {logging_mixin.py:115} INFO - [2023-05-16 23:54:13,899] {dagbag.py:508} INFO - Filling up the DagBag from /opt/airflow/dags/prepare_scopus_data_operator.py
[2023-05-16 23:54:14,264] {processor.py:653} WARNING - No viable dags retrieved from /opt/airflow/dags/prepare_scopus_data_operator.py
[2023-05-16 23:54:14,277] {processor.py:161} INFO - Processing /opt/airflow/dags/prepare_scopus_data_operator.py took 0.392 seconds
[2023-05-16 23:54:45,266] {processor.py:153} INFO - Started process (PID=256) to work on /opt/airflow/dags/prepare_scopus_data_operator.py
[2023-05-16 23:54:45,267] {processor.py:641} INFO - Processing file /opt/airflow/dags/prepare_scopus_data_operator.py for tasks to queue
[2023-05-16 23:54:45,269] {logging_mixin.py:115} INFO - [2023-05-16 23:54:45,269] {dagbag.py:508} INFO - Filling up the DagBag from /opt/airflow/dags/prepare_scopus_data_operator.py
[2023-05-16 23:54:45,945] {processor.py:653} WARNING - No viable dags retrieved from /opt/airflow/dags/prepare_scopus_data_operator.py
[2023-05-16 23:54:45,992] {processor.py:161} INFO - Processing /opt/airflow/dags/prepare_scopus_data_operator.py took 0.732 seconds
[2023-05-16 23:55:16,267] {processor.py:153} INFO - Started process (PID=299) to work on /opt/airflow/dags/prepare_scopus_data_operator.py
[2023-05-16 23:55:16,269] {processor.py:641} INFO - Processing file /opt/airflow/dags/prepare_scopus_data_operator.py for tasks to queue
[2023-05-16 23:55:16,271] {logging_mixin.py:115} INFO - [2023-05-16 23:55:16,271] {dagbag.py:508} INFO - Filling up the DagBag from /opt/airflow/dags/prepare_scopus_data_operator.py
[2023-05-16 23:55:16,769] {processor.py:653} WARNING - No viable dags retrieved from /opt/airflow/dags/prepare_scopus_data_operator.py
[2023-05-16 23:55:16,785] {processor.py:161} INFO - Processing /opt/airflow/dags/prepare_scopus_data_operator.py took 0.523 seconds
[2023-05-16 23:55:47,072] {processor.py:153} INFO - Started process (PID=332) to work on /opt/airflow/dags/prepare_scopus_data_operator.py
[2023-05-16 23:55:47,073] {processor.py:641} INFO - Processing file /opt/airflow/dags/prepare_scopus_data_operator.py for tasks to queue
[2023-05-16 23:55:47,074] {logging_mixin.py:115} INFO - [2023-05-16 23:55:47,074] {dagbag.py:508} INFO - Filling up the DagBag from /opt/airflow/dags/prepare_scopus_data_operator.py
[2023-05-16 23:55:47,620] {processor.py:653} WARNING - No viable dags retrieved from /opt/airflow/dags/prepare_scopus_data_operator.py
[2023-05-16 23:55:47,638] {processor.py:161} INFO - Processing /opt/airflow/dags/prepare_scopus_data_operator.py took 0.573 seconds
[2023-05-16 23:56:17,894] {processor.py:153} INFO - Started process (PID=375) to work on /opt/airflow/dags/prepare_scopus_data_operator.py
[2023-05-16 23:56:17,896] {processor.py:641} INFO - Processing file /opt/airflow/dags/prepare_scopus_data_operator.py for tasks to queue
[2023-05-16 23:56:17,898] {logging_mixin.py:115} INFO - [2023-05-16 23:56:17,898] {dagbag.py:508} INFO - Filling up the DagBag from /opt/airflow/dags/prepare_scopus_data_operator.py
[2023-05-16 23:56:18,845] {processor.py:653} WARNING - No viable dags retrieved from /opt/airflow/dags/prepare_scopus_data_operator.py
[2023-05-16 23:56:18,891] {processor.py:161} INFO - Processing /opt/airflow/dags/prepare_scopus_data_operator.py took 1.004 seconds
[2023-05-16 23:56:49,362] {processor.py:153} INFO - Started process (PID=418) to work on /opt/airflow/dags/prepare_scopus_data_operator.py
[2023-05-16 23:56:49,364] {processor.py:641} INFO - Processing file /opt/airflow/dags/prepare_scopus_data_operator.py for tasks to queue
[2023-05-16 23:56:49,366] {logging_mixin.py:115} INFO - [2023-05-16 23:56:49,366] {dagbag.py:508} INFO - Filling up the DagBag from /opt/airflow/dags/prepare_scopus_data_operator.py
[2023-05-16 23:56:49,838] {processor.py:653} WARNING - No viable dags retrieved from /opt/airflow/dags/prepare_scopus_data_operator.py
[2023-05-16 23:56:49,856] {processor.py:161} INFO - Processing /opt/airflow/dags/prepare_scopus_data_operator.py took 0.501 seconds
[2023-05-16 23:57:20,547] {processor.py:153} INFO - Started process (PID=461) to work on /opt/airflow/dags/prepare_scopus_data_operator.py
[2023-05-16 23:57:20,548] {processor.py:641} INFO - Processing file /opt/airflow/dags/prepare_scopus_data_operator.py for tasks to queue
[2023-05-16 23:57:20,549] {logging_mixin.py:115} INFO - [2023-05-16 23:57:20,549] {dagbag.py:508} INFO - Filling up the DagBag from /opt/airflow/dags/prepare_scopus_data_operator.py
[2023-05-16 23:57:20,900] {processor.py:653} WARNING - No viable dags retrieved from /opt/airflow/dags/prepare_scopus_data_operator.py
[2023-05-16 23:57:20,914] {processor.py:161} INFO - Processing /opt/airflow/dags/prepare_scopus_data_operator.py took 0.369 seconds
[2023-05-16 23:57:51,056] {processor.py:153} INFO - Started process (PID=495) to work on /opt/airflow/dags/prepare_scopus_data_operator.py
[2023-05-16 23:57:51,058] {processor.py:641} INFO - Processing file /opt/airflow/dags/prepare_scopus_data_operator.py for tasks to queue
[2023-05-16 23:57:51,060] {logging_mixin.py:115} INFO - [2023-05-16 23:57:51,060] {dagbag.py:508} INFO - Filling up the DagBag from /opt/airflow/dags/prepare_scopus_data_operator.py
[2023-05-16 23:57:51,484] {processor.py:653} WARNING - No viable dags retrieved from /opt/airflow/dags/prepare_scopus_data_operator.py
[2023-05-16 23:57:51,498] {processor.py:161} INFO - Processing /opt/airflow/dags/prepare_scopus_data_operator.py took 0.448 seconds
[2023-05-16 23:58:21,867] {processor.py:153} INFO - Started process (PID=538) to work on /opt/airflow/dags/prepare_scopus_data_operator.py
[2023-05-16 23:58:21,869] {processor.py:641} INFO - Processing file /opt/airflow/dags/prepare_scopus_data_operator.py for tasks to queue
[2023-05-16 23:58:21,870] {logging_mixin.py:115} INFO - [2023-05-16 23:58:21,870] {dagbag.py:508} INFO - Filling up the DagBag from /opt/airflow/dags/prepare_scopus_data_operator.py
[2023-05-16 23:58:22,374] {processor.py:653} WARNING - No viable dags retrieved from /opt/airflow/dags/prepare_scopus_data_operator.py
[2023-05-16 23:58:22,391] {processor.py:161} INFO - Processing /opt/airflow/dags/prepare_scopus_data_operator.py took 0.530 seconds
[2023-05-16 23:58:52,826] {processor.py:153} INFO - Started process (PID=581) to work on /opt/airflow/dags/prepare_scopus_data_operator.py
[2023-05-16 23:58:52,828] {processor.py:641} INFO - Processing file /opt/airflow/dags/prepare_scopus_data_operator.py for tasks to queue
[2023-05-16 23:58:52,830] {logging_mixin.py:115} INFO - [2023-05-16 23:58:52,830] {dagbag.py:508} INFO - Filling up the DagBag from /opt/airflow/dags/prepare_scopus_data_operator.py
[2023-05-16 23:58:53,437] {processor.py:653} WARNING - No viable dags retrieved from /opt/airflow/dags/prepare_scopus_data_operator.py
[2023-05-16 23:58:53,471] {processor.py:161} INFO - Processing /opt/airflow/dags/prepare_scopus_data_operator.py took 0.650 seconds
[2023-05-16 23:59:23,894] {processor.py:153} INFO - Started process (PID=624) to work on /opt/airflow/dags/prepare_scopus_data_operator.py
[2023-05-16 23:59:23,895] {processor.py:641} INFO - Processing file /opt/airflow/dags/prepare_scopus_data_operator.py for tasks to queue
[2023-05-16 23:59:23,896] {logging_mixin.py:115} INFO - [2023-05-16 23:59:23,896] {dagbag.py:508} INFO - Filling up the DagBag from /opt/airflow/dags/prepare_scopus_data_operator.py
[2023-05-16 23:59:24,484] {processor.py:653} WARNING - No viable dags retrieved from /opt/airflow/dags/prepare_scopus_data_operator.py
[2023-05-16 23:59:24,505] {processor.py:161} INFO - Processing /opt/airflow/dags/prepare_scopus_data_operator.py took 0.617 seconds
[2023-05-16 23:59:54,959] {processor.py:153} INFO - Started process (PID=666) to work on /opt/airflow/dags/prepare_scopus_data_operator.py
[2023-05-16 23:59:54,962] {processor.py:641} INFO - Processing file /opt/airflow/dags/prepare_scopus_data_operator.py for tasks to queue
[2023-05-16 23:59:54,963] {logging_mixin.py:115} INFO - [2023-05-16 23:59:54,963] {dagbag.py:508} INFO - Filling up the DagBag from /opt/airflow/dags/prepare_scopus_data_operator.py
[2023-05-16 23:59:55,577] {processor.py:653} WARNING - No viable dags retrieved from /opt/airflow/dags/prepare_scopus_data_operator.py
[2023-05-16 23:59:55,598] {processor.py:161} INFO - Processing /opt/airflow/dags/prepare_scopus_data_operator.py took 0.648 seconds
