[2023-05-16 23:52:12,376] {processor.py:153} INFO - Started process (PID=57) to work on /opt/airflow/dags/vic_investigacion_dag.py
[2023-05-16 23:52:12,377] {processor.py:641} INFO - Processing file /opt/airflow/dags/vic_investigacion_dag.py for tasks to queue
[2023-05-16 23:52:12,379] {logging_mixin.py:115} INFO - [2023-05-16 23:52:12,379] {dagbag.py:508} INFO - Filling up the DagBag from /opt/airflow/dags/vic_investigacion_dag.py
[2023-05-16 23:52:12,389] {logging_mixin.py:115} INFO - [2023-05-16 23:52:12,389] {log_util.py:40} INFO - Module loaded.
[2023-05-16 23:52:12,774] {logging_mixin.py:115} INFO - [2023-05-16 23:52:12,773] {log_util.py:40} INFO - Module loaded.
[2023-05-16 23:52:12,778] {logging_mixin.py:115} INFO - [2023-05-16 23:52:12,777] {log_util.py:40} INFO - Module loaded.
[2023-05-16 23:52:12,782] {logging_mixin.py:115} INFO - [2023-05-16 23:52:12,782] {log_util.py:40} INFO - Module loaded.
[2023-05-16 23:52:12,785] {logging_mixin.py:115} INFO - [2023-05-16 23:52:12,785] {log_util.py:40} INFO - Module loaded.
[2023-05-16 23:52:13,007] {processor.py:651} INFO - DAG(s) dict_keys(['vic_investigacion_ETL']) retrieved from /opt/airflow/dags/vic_investigacion_dag.py
[2023-05-16 23:52:13,079] {logging_mixin.py:115} INFO - [2023-05-16 23:52:13,079] {dag.py:2420} INFO - Sync 1 DAGs
[2023-05-16 23:52:13,122] {logging_mixin.py:115} INFO - [2023-05-16 23:52:13,121] {dag.py:2972} INFO - Setting next_dagrun for vic_investigacion_ETL to None, run_after=None
[2023-05-16 23:52:13,134] {processor.py:161} INFO - Processing /opt/airflow/dags/vic_investigacion_dag.py took 0.762 seconds
[2023-05-16 23:52:43,945] {processor.py:153} INFO - Started process (PID=100) to work on /opt/airflow/dags/vic_investigacion_dag.py
[2023-05-16 23:52:43,947] {processor.py:641} INFO - Processing file /opt/airflow/dags/vic_investigacion_dag.py for tasks to queue
[2023-05-16 23:52:43,949] {logging_mixin.py:115} INFO - [2023-05-16 23:52:43,949] {dagbag.py:508} INFO - Filling up the DagBag from /opt/airflow/dags/vic_investigacion_dag.py
[2023-05-16 23:52:43,964] {logging_mixin.py:115} INFO - [2023-05-16 23:52:43,963] {log_util.py:40} INFO - Module loaded.
[2023-05-16 23:52:44,168] {logging_mixin.py:115} INFO - [2023-05-16 23:52:44,167] {log_util.py:40} INFO - Module loaded.
[2023-05-16 23:52:44,171] {logging_mixin.py:115} INFO - [2023-05-16 23:52:44,170] {log_util.py:40} INFO - Module loaded.
[2023-05-16 23:52:44,174] {logging_mixin.py:115} INFO - [2023-05-16 23:52:44,173] {log_util.py:40} INFO - Module loaded.
[2023-05-16 23:52:44,176] {logging_mixin.py:115} INFO - [2023-05-16 23:52:44,176] {log_util.py:40} INFO - Module loaded.
[2023-05-16 23:52:44,248] {processor.py:651} INFO - DAG(s) dict_keys(['vic_investigacion_ETL']) retrieved from /opt/airflow/dags/vic_investigacion_dag.py
[2023-05-16 23:52:44,264] {logging_mixin.py:115} INFO - [2023-05-16 23:52:44,263] {dag.py:2420} INFO - Sync 1 DAGs
[2023-05-16 23:52:44,275] {logging_mixin.py:115} INFO - [2023-05-16 23:52:44,275] {dag.py:2972} INFO - Setting next_dagrun for vic_investigacion_ETL to None, run_after=None
[2023-05-16 23:52:44,282] {processor.py:161} INFO - Processing /opt/airflow/dags/vic_investigacion_dag.py took 0.344 seconds
[2023-05-16 23:53:14,424] {processor.py:153} INFO - Started process (PID=134) to work on /opt/airflow/dags/vic_investigacion_dag.py
[2023-05-16 23:53:14,427] {processor.py:641} INFO - Processing file /opt/airflow/dags/vic_investigacion_dag.py for tasks to queue
[2023-05-16 23:53:14,430] {logging_mixin.py:115} INFO - [2023-05-16 23:53:14,429] {dagbag.py:508} INFO - Filling up the DagBag from /opt/airflow/dags/vic_investigacion_dag.py
[2023-05-16 23:53:14,443] {logging_mixin.py:115} INFO - [2023-05-16 23:53:14,442] {log_util.py:40} INFO - Module loaded.
[2023-05-16 23:53:14,708] {logging_mixin.py:115} INFO - [2023-05-16 23:53:14,708] {log_util.py:40} INFO - Module loaded.
[2023-05-16 23:53:14,711] {logging_mixin.py:115} INFO - [2023-05-16 23:53:14,710] {log_util.py:40} INFO - Module loaded.
[2023-05-16 23:53:14,714] {logging_mixin.py:115} INFO - [2023-05-16 23:53:14,713] {log_util.py:40} INFO - Module loaded.
[2023-05-16 23:53:14,716] {logging_mixin.py:115} INFO - [2023-05-16 23:53:14,716] {log_util.py:40} INFO - Module loaded.
[2023-05-16 23:53:14,790] {processor.py:651} INFO - DAG(s) dict_keys(['vic_investigacion_ETL']) retrieved from /opt/airflow/dags/vic_investigacion_dag.py
[2023-05-16 23:53:14,805] {logging_mixin.py:115} INFO - [2023-05-16 23:53:14,805] {dag.py:2420} INFO - Sync 1 DAGs
[2023-05-16 23:53:14,818] {logging_mixin.py:115} INFO - [2023-05-16 23:53:14,818] {dag.py:2972} INFO - Setting next_dagrun for vic_investigacion_ETL to None, run_after=None
[2023-05-16 23:53:14,826] {processor.py:161} INFO - Processing /opt/airflow/dags/vic_investigacion_dag.py took 0.409 seconds
[2023-05-16 23:53:44,891] {processor.py:153} INFO - Started process (PID=177) to work on /opt/airflow/dags/vic_investigacion_dag.py
[2023-05-16 23:53:44,893] {processor.py:641} INFO - Processing file /opt/airflow/dags/vic_investigacion_dag.py for tasks to queue
[2023-05-16 23:53:44,894] {logging_mixin.py:115} INFO - [2023-05-16 23:53:44,894] {dagbag.py:508} INFO - Filling up the DagBag from /opt/airflow/dags/vic_investigacion_dag.py
[2023-05-16 23:53:44,904] {logging_mixin.py:115} INFO - [2023-05-16 23:53:44,903] {log_util.py:40} INFO - Module loaded.
[2023-05-16 23:53:45,146] {logging_mixin.py:115} INFO - [2023-05-16 23:53:45,145] {log_util.py:40} INFO - Module loaded.
[2023-05-16 23:53:45,149] {logging_mixin.py:115} INFO - [2023-05-16 23:53:45,148] {log_util.py:40} INFO - Module loaded.
[2023-05-16 23:53:45,151] {logging_mixin.py:115} INFO - [2023-05-16 23:53:45,150] {log_util.py:40} INFO - Module loaded.
[2023-05-16 23:53:45,153] {logging_mixin.py:115} INFO - [2023-05-16 23:53:45,153] {log_util.py:40} INFO - Module loaded.
[2023-05-16 23:53:45,310] {processor.py:651} INFO - DAG(s) dict_keys(['vic_investigacion_ETL']) retrieved from /opt/airflow/dags/vic_investigacion_dag.py
[2023-05-16 23:53:45,328] {logging_mixin.py:115} INFO - [2023-05-16 23:53:45,328] {dag.py:2420} INFO - Sync 1 DAGs
[2023-05-16 23:53:45,340] {logging_mixin.py:115} INFO - [2023-05-16 23:53:45,340] {dag.py:2972} INFO - Setting next_dagrun for vic_investigacion_ETL to None, run_after=None
[2023-05-16 23:53:45,348] {processor.py:161} INFO - Processing /opt/airflow/dags/vic_investigacion_dag.py took 0.460 seconds
[2023-05-16 23:54:15,596] {processor.py:153} INFO - Started process (PID=220) to work on /opt/airflow/dags/vic_investigacion_dag.py
[2023-05-16 23:54:15,599] {processor.py:641} INFO - Processing file /opt/airflow/dags/vic_investigacion_dag.py for tasks to queue
[2023-05-16 23:54:15,600] {logging_mixin.py:115} INFO - [2023-05-16 23:54:15,600] {dagbag.py:508} INFO - Filling up the DagBag from /opt/airflow/dags/vic_investigacion_dag.py
[2023-05-16 23:54:15,615] {logging_mixin.py:115} INFO - [2023-05-16 23:54:15,614] {log_util.py:40} INFO - Module loaded.
[2023-05-16 23:54:15,816] {logging_mixin.py:115} INFO - [2023-05-16 23:54:15,816] {log_util.py:40} INFO - Module loaded.
[2023-05-16 23:54:15,819] {logging_mixin.py:115} INFO - [2023-05-16 23:54:15,819] {log_util.py:40} INFO - Module loaded.
[2023-05-16 23:54:15,821] {logging_mixin.py:115} INFO - [2023-05-16 23:54:15,821] {log_util.py:40} INFO - Module loaded.
[2023-05-16 23:54:15,825] {logging_mixin.py:115} INFO - [2023-05-16 23:54:15,824] {log_util.py:40} INFO - Module loaded.
[2023-05-16 23:54:15,901] {processor.py:651} INFO - DAG(s) dict_keys(['vic_investigacion_ETL']) retrieved from /opt/airflow/dags/vic_investigacion_dag.py
[2023-05-16 23:54:15,917] {logging_mixin.py:115} INFO - [2023-05-16 23:54:15,916] {dag.py:2420} INFO - Sync 1 DAGs
[2023-05-16 23:54:15,928] {logging_mixin.py:115} INFO - [2023-05-16 23:54:15,928] {dag.py:2972} INFO - Setting next_dagrun for vic_investigacion_ETL to None, run_after=None
[2023-05-16 23:54:15,935] {processor.py:161} INFO - Processing /opt/airflow/dags/vic_investigacion_dag.py took 0.345 seconds
[2023-05-16 23:54:46,385] {processor.py:153} INFO - Started process (PID=263) to work on /opt/airflow/dags/vic_investigacion_dag.py
[2023-05-16 23:54:46,387] {processor.py:641} INFO - Processing file /opt/airflow/dags/vic_investigacion_dag.py for tasks to queue
[2023-05-16 23:54:46,389] {logging_mixin.py:115} INFO - [2023-05-16 23:54:46,389] {dagbag.py:508} INFO - Filling up the DagBag from /opt/airflow/dags/vic_investigacion_dag.py
[2023-05-16 23:54:46,407] {logging_mixin.py:115} INFO - [2023-05-16 23:54:46,406] {log_util.py:40} INFO - Module loaded.
[2023-05-16 23:54:46,657] {logging_mixin.py:115} INFO - [2023-05-16 23:54:46,656] {log_util.py:40} INFO - Module loaded.
[2023-05-16 23:54:46,661] {logging_mixin.py:115} INFO - [2023-05-16 23:54:46,661] {log_util.py:40} INFO - Module loaded.
[2023-05-16 23:54:46,664] {logging_mixin.py:115} INFO - [2023-05-16 23:54:46,664] {log_util.py:40} INFO - Module loaded.
[2023-05-16 23:54:46,668] {logging_mixin.py:115} INFO - [2023-05-16 23:54:46,667] {log_util.py:40} INFO - Module loaded.
[2023-05-16 23:54:46,747] {processor.py:651} INFO - DAG(s) dict_keys(['vic_investigacion_ETL']) retrieved from /opt/airflow/dags/vic_investigacion_dag.py
[2023-05-16 23:54:46,764] {logging_mixin.py:115} INFO - [2023-05-16 23:54:46,764] {dag.py:2420} INFO - Sync 1 DAGs
[2023-05-16 23:54:46,779] {logging_mixin.py:115} INFO - [2023-05-16 23:54:46,779] {dag.py:2972} INFO - Setting next_dagrun for vic_investigacion_ETL to None, run_after=None
[2023-05-16 23:54:46,787] {processor.py:161} INFO - Processing /opt/airflow/dags/vic_investigacion_dag.py took 0.407 seconds
[2023-05-16 23:55:17,219] {processor.py:153} INFO - Started process (PID=307) to work on /opt/airflow/dags/vic_investigacion_dag.py
[2023-05-16 23:55:17,221] {processor.py:641} INFO - Processing file /opt/airflow/dags/vic_investigacion_dag.py for tasks to queue
[2023-05-16 23:55:17,223] {logging_mixin.py:115} INFO - [2023-05-16 23:55:17,222] {dagbag.py:508} INFO - Filling up the DagBag from /opt/airflow/dags/vic_investigacion_dag.py
[2023-05-16 23:55:17,232] {logging_mixin.py:115} INFO - [2023-05-16 23:55:17,231] {log_util.py:40} INFO - Module loaded.
[2023-05-16 23:55:17,482] {logging_mixin.py:115} INFO - [2023-05-16 23:55:17,482] {log_util.py:40} INFO - Module loaded.
[2023-05-16 23:55:17,485] {logging_mixin.py:115} INFO - [2023-05-16 23:55:17,484] {log_util.py:40} INFO - Module loaded.
[2023-05-16 23:55:17,487] {logging_mixin.py:115} INFO - [2023-05-16 23:55:17,487] {log_util.py:40} INFO - Module loaded.
[2023-05-16 23:55:17,490] {logging_mixin.py:115} INFO - [2023-05-16 23:55:17,489] {log_util.py:40} INFO - Module loaded.
[2023-05-16 23:55:17,568] {processor.py:651} INFO - DAG(s) dict_keys(['vic_investigacion_ETL']) retrieved from /opt/airflow/dags/vic_investigacion_dag.py
[2023-05-16 23:55:17,590] {logging_mixin.py:115} INFO - [2023-05-16 23:55:17,590] {dag.py:2420} INFO - Sync 1 DAGs
[2023-05-16 23:55:17,605] {logging_mixin.py:115} INFO - [2023-05-16 23:55:17,605] {dag.py:2972} INFO - Setting next_dagrun for vic_investigacion_ETL to None, run_after=None
[2023-05-16 23:55:17,614] {processor.py:161} INFO - Processing /opt/airflow/dags/vic_investigacion_dag.py took 0.398 seconds
[2023-05-16 23:55:48,006] {processor.py:153} INFO - Started process (PID=339) to work on /opt/airflow/dags/vic_investigacion_dag.py
[2023-05-16 23:55:48,007] {processor.py:641} INFO - Processing file /opt/airflow/dags/vic_investigacion_dag.py for tasks to queue
[2023-05-16 23:55:48,008] {logging_mixin.py:115} INFO - [2023-05-16 23:55:48,008] {dagbag.py:508} INFO - Filling up the DagBag from /opt/airflow/dags/vic_investigacion_dag.py
[2023-05-16 23:55:48,016] {logging_mixin.py:115} INFO - [2023-05-16 23:55:48,015] {log_util.py:40} INFO - Module loaded.
[2023-05-16 23:55:48,255] {logging_mixin.py:115} INFO - [2023-05-16 23:55:48,255] {log_util.py:40} INFO - Module loaded.
[2023-05-16 23:55:48,258] {logging_mixin.py:115} INFO - [2023-05-16 23:55:48,258] {log_util.py:40} INFO - Module loaded.
[2023-05-16 23:55:48,260] {logging_mixin.py:115} INFO - [2023-05-16 23:55:48,260] {log_util.py:40} INFO - Module loaded.
[2023-05-16 23:55:48,262] {logging_mixin.py:115} INFO - [2023-05-16 23:55:48,262] {log_util.py:40} INFO - Module loaded.
[2023-05-16 23:55:48,330] {processor.py:651} INFO - DAG(s) dict_keys(['vic_investigacion_ETL']) retrieved from /opt/airflow/dags/vic_investigacion_dag.py
[2023-05-16 23:55:48,347] {logging_mixin.py:115} INFO - [2023-05-16 23:55:48,346] {dag.py:2420} INFO - Sync 1 DAGs
[2023-05-16 23:55:48,361] {logging_mixin.py:115} INFO - [2023-05-16 23:55:48,361] {dag.py:2972} INFO - Setting next_dagrun for vic_investigacion_ETL to None, run_after=None
[2023-05-16 23:55:48,369] {processor.py:161} INFO - Processing /opt/airflow/dags/vic_investigacion_dag.py took 0.365 seconds
[2023-05-16 23:56:19,299] {processor.py:153} INFO - Started process (PID=382) to work on /opt/airflow/dags/vic_investigacion_dag.py
[2023-05-16 23:56:19,301] {processor.py:641} INFO - Processing file /opt/airflow/dags/vic_investigacion_dag.py for tasks to queue
[2023-05-16 23:56:19,302] {logging_mixin.py:115} INFO - [2023-05-16 23:56:19,302] {dagbag.py:508} INFO - Filling up the DagBag from /opt/airflow/dags/vic_investigacion_dag.py
[2023-05-16 23:56:19,313] {logging_mixin.py:115} INFO - [2023-05-16 23:56:19,312] {log_util.py:40} INFO - Module loaded.
[2023-05-16 23:56:19,587] {logging_mixin.py:115} INFO - [2023-05-16 23:56:19,587] {log_util.py:40} INFO - Module loaded.
[2023-05-16 23:56:19,591] {logging_mixin.py:115} INFO - [2023-05-16 23:56:19,590] {log_util.py:40} INFO - Module loaded.
[2023-05-16 23:56:19,594] {logging_mixin.py:115} INFO - [2023-05-16 23:56:19,593] {log_util.py:40} INFO - Module loaded.
[2023-05-16 23:56:19,597] {logging_mixin.py:115} INFO - [2023-05-16 23:56:19,596] {log_util.py:40} INFO - Module loaded.
[2023-05-16 23:56:19,687] {processor.py:651} INFO - DAG(s) dict_keys(['vic_investigacion_ETL']) retrieved from /opt/airflow/dags/vic_investigacion_dag.py
[2023-05-16 23:56:19,717] {logging_mixin.py:115} INFO - [2023-05-16 23:56:19,716] {dag.py:2420} INFO - Sync 1 DAGs
[2023-05-16 23:56:19,754] {logging_mixin.py:115} INFO - [2023-05-16 23:56:19,754] {dag.py:2972} INFO - Setting next_dagrun for vic_investigacion_ETL to None, run_after=None
[2023-05-16 23:56:19,773] {processor.py:161} INFO - Processing /opt/airflow/dags/vic_investigacion_dag.py took 0.478 seconds
[2023-05-16 23:56:50,221] {processor.py:153} INFO - Started process (PID=425) to work on /opt/airflow/dags/vic_investigacion_dag.py
[2023-05-16 23:56:50,222] {processor.py:641} INFO - Processing file /opt/airflow/dags/vic_investigacion_dag.py for tasks to queue
[2023-05-16 23:56:50,223] {logging_mixin.py:115} INFO - [2023-05-16 23:56:50,223] {dagbag.py:508} INFO - Filling up the DagBag from /opt/airflow/dags/vic_investigacion_dag.py
[2023-05-16 23:56:50,234] {logging_mixin.py:115} INFO - [2023-05-16 23:56:50,233] {log_util.py:40} INFO - Module loaded.
[2023-05-16 23:56:50,476] {logging_mixin.py:115} INFO - [2023-05-16 23:56:50,476] {log_util.py:40} INFO - Module loaded.
[2023-05-16 23:56:50,479] {logging_mixin.py:115} INFO - [2023-05-16 23:56:50,479] {log_util.py:40} INFO - Module loaded.
[2023-05-16 23:56:50,482] {logging_mixin.py:115} INFO - [2023-05-16 23:56:50,481] {log_util.py:40} INFO - Module loaded.
[2023-05-16 23:56:50,484] {logging_mixin.py:115} INFO - [2023-05-16 23:56:50,484] {log_util.py:40} INFO - Module loaded.
[2023-05-16 23:56:50,598] {processor.py:651} INFO - DAG(s) dict_keys(['vic_investigacion_ETL']) retrieved from /opt/airflow/dags/vic_investigacion_dag.py
[2023-05-16 23:56:50,640] {logging_mixin.py:115} INFO - [2023-05-16 23:56:50,639] {dag.py:2420} INFO - Sync 1 DAGs
[2023-05-16 23:56:50,662] {logging_mixin.py:115} INFO - [2023-05-16 23:56:50,662] {dag.py:2972} INFO - Setting next_dagrun for vic_investigacion_ETL to None, run_after=None
[2023-05-16 23:56:51,261] {processor.py:161} INFO - Processing /opt/airflow/dags/vic_investigacion_dag.py took 1.043 seconds
[2023-05-16 23:57:21,556] {processor.py:153} INFO - Started process (PID=472) to work on /opt/airflow/dags/vic_investigacion_dag.py
[2023-05-16 23:57:21,557] {processor.py:641} INFO - Processing file /opt/airflow/dags/vic_investigacion_dag.py for tasks to queue
[2023-05-16 23:57:21,558] {logging_mixin.py:115} INFO - [2023-05-16 23:57:21,558] {dagbag.py:508} INFO - Filling up the DagBag from /opt/airflow/dags/vic_investigacion_dag.py
[2023-05-16 23:57:21,566] {logging_mixin.py:115} INFO - [2023-05-16 23:57:21,566] {log_util.py:40} INFO - Module loaded.
[2023-05-16 23:57:21,799] {logging_mixin.py:115} INFO - [2023-05-16 23:57:21,798] {log_util.py:40} INFO - Module loaded.
[2023-05-16 23:57:21,801] {logging_mixin.py:115} INFO - [2023-05-16 23:57:21,801] {log_util.py:40} INFO - Module loaded.
[2023-05-16 23:57:21,804] {logging_mixin.py:115} INFO - [2023-05-16 23:57:21,803] {log_util.py:40} INFO - Module loaded.
[2023-05-16 23:57:21,806] {logging_mixin.py:115} INFO - [2023-05-16 23:57:21,806] {log_util.py:40} INFO - Module loaded.
[2023-05-16 23:57:21,877] {processor.py:651} INFO - DAG(s) dict_keys(['vic_investigacion_ETL']) retrieved from /opt/airflow/dags/vic_investigacion_dag.py
[2023-05-16 23:57:21,893] {logging_mixin.py:115} INFO - [2023-05-16 23:57:21,892] {dag.py:2420} INFO - Sync 1 DAGs
[2023-05-16 23:57:21,905] {logging_mixin.py:115} INFO - [2023-05-16 23:57:21,904] {dag.py:2972} INFO - Setting next_dagrun for vic_investigacion_ETL to None, run_after=None
[2023-05-16 23:57:21,912] {processor.py:161} INFO - Processing /opt/airflow/dags/vic_investigacion_dag.py took 0.359 seconds
[2023-05-16 23:57:52,181] {processor.py:153} INFO - Started process (PID=513) to work on /opt/airflow/dags/vic_investigacion_dag.py
[2023-05-16 23:57:52,182] {processor.py:641} INFO - Processing file /opt/airflow/dags/vic_investigacion_dag.py for tasks to queue
[2023-05-16 23:57:52,184] {logging_mixin.py:115} INFO - [2023-05-16 23:57:52,184] {dagbag.py:508} INFO - Filling up the DagBag from /opt/airflow/dags/vic_investigacion_dag.py
[2023-05-16 23:57:52,191] {logging_mixin.py:115} INFO - [2023-05-16 23:57:52,190] {log_util.py:40} INFO - Module loaded.
[2023-05-16 23:57:52,553] {logging_mixin.py:115} INFO - [2023-05-16 23:57:52,552] {log_util.py:40} INFO - Module loaded.
[2023-05-16 23:57:52,557] {logging_mixin.py:115} INFO - [2023-05-16 23:57:52,556] {log_util.py:40} INFO - Module loaded.
[2023-05-16 23:57:52,561] {logging_mixin.py:115} INFO - [2023-05-16 23:57:52,560] {log_util.py:40} INFO - Module loaded.
[2023-05-16 23:57:52,567] {logging_mixin.py:115} INFO - [2023-05-16 23:57:52,564] {log_util.py:40} INFO - Module loaded.
[2023-05-16 23:57:52,672] {processor.py:651} INFO - DAG(s) dict_keys(['vic_investigacion_ETL']) retrieved from /opt/airflow/dags/vic_investigacion_dag.py
[2023-05-16 23:57:52,690] {logging_mixin.py:115} INFO - [2023-05-16 23:57:52,690] {dag.py:2420} INFO - Sync 1 DAGs
[2023-05-16 23:57:52,702] {logging_mixin.py:115} INFO - [2023-05-16 23:57:52,702] {dag.py:2972} INFO - Setting next_dagrun for vic_investigacion_ETL to None, run_after=None
[2023-05-16 23:57:52,709] {processor.py:161} INFO - Processing /opt/airflow/dags/vic_investigacion_dag.py took 0.531 seconds
[2023-05-16 23:58:23,164] {processor.py:153} INFO - Started process (PID=549) to work on /opt/airflow/dags/vic_investigacion_dag.py
[2023-05-16 23:58:23,166] {processor.py:641} INFO - Processing file /opt/airflow/dags/vic_investigacion_dag.py for tasks to queue
[2023-05-16 23:58:23,168] {logging_mixin.py:115} INFO - [2023-05-16 23:58:23,167] {dagbag.py:508} INFO - Filling up the DagBag from /opt/airflow/dags/vic_investigacion_dag.py
[2023-05-16 23:58:23,179] {logging_mixin.py:115} INFO - [2023-05-16 23:58:23,179] {log_util.py:40} INFO - Module loaded.
[2023-05-16 23:58:23,482] {logging_mixin.py:115} INFO - [2023-05-16 23:58:23,482] {log_util.py:40} INFO - Module loaded.
[2023-05-16 23:58:23,486] {logging_mixin.py:115} INFO - [2023-05-16 23:58:23,485] {log_util.py:40} INFO - Module loaded.
[2023-05-16 23:58:23,488] {logging_mixin.py:115} INFO - [2023-05-16 23:58:23,488] {log_util.py:40} INFO - Module loaded.
[2023-05-16 23:58:23,491] {logging_mixin.py:115} INFO - [2023-05-16 23:58:23,490] {log_util.py:40} INFO - Module loaded.
[2023-05-16 23:58:23,572] {processor.py:651} INFO - DAG(s) dict_keys(['vic_investigacion_ETL']) retrieved from /opt/airflow/dags/vic_investigacion_dag.py
[2023-05-16 23:58:23,595] {logging_mixin.py:115} INFO - [2023-05-16 23:58:23,595] {dag.py:2420} INFO - Sync 1 DAGs
[2023-05-16 23:58:23,608] {logging_mixin.py:115} INFO - [2023-05-16 23:58:23,608] {dag.py:2972} INFO - Setting next_dagrun for vic_investigacion_ETL to None, run_after=None
[2023-05-16 23:58:23,616] {processor.py:161} INFO - Processing /opt/airflow/dags/vic_investigacion_dag.py took 0.456 seconds
[2023-05-16 23:58:54,390] {processor.py:153} INFO - Started process (PID=593) to work on /opt/airflow/dags/vic_investigacion_dag.py
[2023-05-16 23:58:54,392] {processor.py:641} INFO - Processing file /opt/airflow/dags/vic_investigacion_dag.py for tasks to queue
[2023-05-16 23:58:54,393] {logging_mixin.py:115} INFO - [2023-05-16 23:58:54,393] {dagbag.py:508} INFO - Filling up the DagBag from /opt/airflow/dags/vic_investigacion_dag.py
[2023-05-16 23:58:54,402] {logging_mixin.py:115} INFO - [2023-05-16 23:58:54,401] {log_util.py:40} INFO - Module loaded.
[2023-05-16 23:58:54,749] {logging_mixin.py:115} INFO - [2023-05-16 23:58:54,747] {log_util.py:40} INFO - Module loaded.
[2023-05-16 23:58:54,754] {logging_mixin.py:115} INFO - [2023-05-16 23:58:54,753] {log_util.py:40} INFO - Module loaded.
[2023-05-16 23:58:54,757] {logging_mixin.py:115} INFO - [2023-05-16 23:58:54,756] {log_util.py:40} INFO - Module loaded.
[2023-05-16 23:58:54,760] {logging_mixin.py:115} INFO - [2023-05-16 23:58:54,760] {log_util.py:40} INFO - Module loaded.
[2023-05-16 23:58:54,861] {processor.py:651} INFO - DAG(s) dict_keys(['vic_investigacion_ETL']) retrieved from /opt/airflow/dags/vic_investigacion_dag.py
[2023-05-16 23:58:54,897] {logging_mixin.py:115} INFO - [2023-05-16 23:58:54,897] {dag.py:2420} INFO - Sync 1 DAGs
[2023-05-16 23:58:54,915] {logging_mixin.py:115} INFO - [2023-05-16 23:58:54,915] {dag.py:2972} INFO - Setting next_dagrun for vic_investigacion_ETL to None, run_after=None
[2023-05-16 23:58:54,923] {processor.py:161} INFO - Processing /opt/airflow/dags/vic_investigacion_dag.py took 0.536 seconds
[2023-05-16 23:59:25,430] {processor.py:153} INFO - Started process (PID=636) to work on /opt/airflow/dags/vic_investigacion_dag.py
[2023-05-16 23:59:25,431] {processor.py:641} INFO - Processing file /opt/airflow/dags/vic_investigacion_dag.py for tasks to queue
[2023-05-16 23:59:25,432] {logging_mixin.py:115} INFO - [2023-05-16 23:59:25,432] {dagbag.py:508} INFO - Filling up the DagBag from /opt/airflow/dags/vic_investigacion_dag.py
[2023-05-16 23:59:25,441] {logging_mixin.py:115} INFO - [2023-05-16 23:59:25,440] {log_util.py:40} INFO - Module loaded.
[2023-05-16 23:59:25,801] {logging_mixin.py:115} INFO - [2023-05-16 23:59:25,800] {log_util.py:40} INFO - Module loaded.
[2023-05-16 23:59:25,805] {logging_mixin.py:115} INFO - [2023-05-16 23:59:25,805] {log_util.py:40} INFO - Module loaded.
[2023-05-16 23:59:25,809] {logging_mixin.py:115} INFO - [2023-05-16 23:59:25,808] {log_util.py:40} INFO - Module loaded.
[2023-05-16 23:59:25,812] {logging_mixin.py:115} INFO - [2023-05-16 23:59:25,811] {log_util.py:40} INFO - Module loaded.
[2023-05-16 23:59:25,885] {processor.py:651} INFO - DAG(s) dict_keys(['vic_investigacion_ETL']) retrieved from /opt/airflow/dags/vic_investigacion_dag.py
[2023-05-16 23:59:25,905] {logging_mixin.py:115} INFO - [2023-05-16 23:59:25,905] {dag.py:2420} INFO - Sync 1 DAGs
[2023-05-16 23:59:25,921] {logging_mixin.py:115} INFO - [2023-05-16 23:59:25,921] {dag.py:2972} INFO - Setting next_dagrun for vic_investigacion_ETL to None, run_after=None
[2023-05-16 23:59:25,929] {processor.py:161} INFO - Processing /opt/airflow/dags/vic_investigacion_dag.py took 0.502 seconds
[2023-05-16 23:59:55,990] {processor.py:153} INFO - Started process (PID=673) to work on /opt/airflow/dags/vic_investigacion_dag.py
[2023-05-16 23:59:55,992] {processor.py:641} INFO - Processing file /opt/airflow/dags/vic_investigacion_dag.py for tasks to queue
[2023-05-16 23:59:55,993] {logging_mixin.py:115} INFO - [2023-05-16 23:59:55,993] {dagbag.py:508} INFO - Filling up the DagBag from /opt/airflow/dags/vic_investigacion_dag.py
[2023-05-16 23:59:56,001] {logging_mixin.py:115} INFO - [2023-05-16 23:59:56,001] {log_util.py:40} INFO - Module loaded.
[2023-05-16 23:59:56,251] {logging_mixin.py:115} INFO - [2023-05-16 23:59:56,251] {log_util.py:40} INFO - Module loaded.
[2023-05-16 23:59:56,254] {logging_mixin.py:115} INFO - [2023-05-16 23:59:56,253] {log_util.py:40} INFO - Module loaded.
[2023-05-16 23:59:56,256] {logging_mixin.py:115} INFO - [2023-05-16 23:59:56,256] {log_util.py:40} INFO - Module loaded.
[2023-05-16 23:59:56,258] {logging_mixin.py:115} INFO - [2023-05-16 23:59:56,258] {log_util.py:40} INFO - Module loaded.
[2023-05-16 23:59:56,344] {processor.py:651} INFO - DAG(s) dict_keys(['vic_investigacion_ETL']) retrieved from /opt/airflow/dags/vic_investigacion_dag.py
[2023-05-16 23:59:56,364] {logging_mixin.py:115} INFO - [2023-05-16 23:59:56,363] {dag.py:2420} INFO - Sync 1 DAGs
[2023-05-16 23:59:56,379] {logging_mixin.py:115} INFO - [2023-05-16 23:59:56,379] {dag.py:2972} INFO - Setting next_dagrun for vic_investigacion_ETL to None, run_after=None
[2023-05-16 23:59:56,388] {processor.py:161} INFO - Processing /opt/airflow/dags/vic_investigacion_dag.py took 0.400 seconds
