[2023-04-24 16:12:59,154] {taskinstance.py:1179} INFO - Dependencies all met for <TaskInstance: vic_investigacion_ETL.get_wos_data manual__2023-04-24T16:12:56.554087+00:00 [queued]>
[2023-04-24 16:12:59,169] {taskinstance.py:1179} INFO - Dependencies all met for <TaskInstance: vic_investigacion_ETL.get_wos_data manual__2023-04-24T16:12:56.554087+00:00 [queued]>
[2023-04-24 16:12:59,172] {taskinstance.py:1376} INFO - 
--------------------------------------------------------------------------------
[2023-04-24 16:12:59,173] {taskinstance.py:1377} INFO - Starting attempt 1 of 1
[2023-04-24 16:12:59,174] {taskinstance.py:1378} INFO - 
--------------------------------------------------------------------------------
[2023-04-24 16:12:59,190] {taskinstance.py:1397} INFO - Executing <Task(ReadWOS): get_wos_data> on 2023-04-24 16:12:56.554087+00:00
[2023-04-24 16:12:59,218] {standard_task_runner.py:52} INFO - Started process 2367 to run task
[2023-04-24 16:12:59,224] {standard_task_runner.py:79} INFO - Running: ['***', 'tasks', 'run', 'vic_investigacion_ETL', 'get_wos_data', 'manual__2023-04-24T16:12:56.554087+00:00', '--job-id', '277', '--raw', '--subdir', 'DAGS_FOLDER/vic_investigacion_dag.py', '--cfg-path', '/tmp/tmpdpg_9k0h', '--error-file', '/tmp/tmpno8ed2lo']
[2023-04-24 16:12:59,227] {standard_task_runner.py:80} INFO - Job 277: Subtask get_wos_data
[2023-04-24 16:12:59,349] {task_command.py:371} INFO - Running <TaskInstance: vic_investigacion_ETL.get_wos_data manual__2023-04-24T16:12:56.554087+00:00 [running]> on host b136a0a45498
[2023-04-24 16:12:59,465] {taskinstance.py:1591} INFO - Exporting the following env vars:
AIRFLOW_CTX_DAG_OWNER=***
AIRFLOW_CTX_DAG_ID=vic_investigacion_ETL
AIRFLOW_CTX_TASK_ID=get_wos_data
AIRFLOW_CTX_EXECUTION_DATE=2023-04-24T16:12:56.554087+00:00
AIRFLOW_CTX_TRY_NUMBER=1
AIRFLOW_CTX_DAG_RUN_ID=manual__2023-04-24T16:12:56.554087+00:00
[2023-04-24 16:12:59,468] {logging_mixin.py:115} INFO - Getting WOS Data
[2023-04-24 16:12:59,790] {taskinstance.py:1420} INFO - Marking task as SUCCESS. dag_id=vic_investigacion_ETL, task_id=get_wos_data, execution_date=20230424T161256, start_date=20230424T161259, end_date=20230424T161259
[2023-04-24 16:12:59,856] {local_task_job.py:156} INFO - Task exited with return code 0
