[2023-06-07 14:38:07,552] {taskinstance.py:1179} INFO - Dependencies all met for <TaskInstance: vic_investigacion_ETL.upload_data_big_query manual__2023-06-07T14:38:04.746632+00:00 [queued]>
[2023-06-07 14:38:07,558] {taskinstance.py:1179} INFO - Dependencies all met for <TaskInstance: vic_investigacion_ETL.upload_data_big_query manual__2023-06-07T14:38:04.746632+00:00 [queued]>
[2023-06-07 14:38:07,559] {taskinstance.py:1376} INFO - 
--------------------------------------------------------------------------------
[2023-06-07 14:38:07,559] {taskinstance.py:1377} INFO - Starting attempt 1 of 1
[2023-06-07 14:38:07,560] {taskinstance.py:1378} INFO - 
--------------------------------------------------------------------------------
[2023-06-07 14:38:07,568] {taskinstance.py:1397} INFO - Executing <Task(ExportData): upload_data_big_query> on 2023-06-07 14:38:04.746632+00:00
[2023-06-07 14:38:07,574] {standard_task_runner.py:52} INFO - Started process 3427 to run task
[2023-06-07 14:38:07,578] {standard_task_runner.py:79} INFO - Running: ['***', 'tasks', 'run', 'vic_investigacion_ETL', 'upload_data_big_query', 'manual__2023-06-07T14:38:04.746632+00:00', '--job-id', '330', '--raw', '--subdir', 'DAGS_FOLDER/vic_investigacion_dag.py', '--cfg-path', '/tmp/tmpx2cnrjdr', '--error-file', '/tmp/tmpu2nz3yvc']
[2023-06-07 14:38:07,580] {standard_task_runner.py:80} INFO - Job 330: Subtask upload_data_big_query
[2023-06-07 14:38:07,635] {task_command.py:371} INFO - Running <TaskInstance: vic_investigacion_ETL.upload_data_big_query manual__2023-06-07T14:38:04.746632+00:00 [running]> on host ad8fd2023d13
[2023-06-07 14:38:07,684] {taskinstance.py:1591} INFO - Exporting the following env vars:
AIRFLOW_CTX_DAG_OWNER=***
AIRFLOW_CTX_DAG_ID=vic_investigacion_ETL
AIRFLOW_CTX_TASK_ID=upload_data_big_query
AIRFLOW_CTX_EXECUTION_DATE=2023-06-07T14:38:04.746632+00:00
AIRFLOW_CTX_TRY_NUMBER=1
AIRFLOW_CTX_DAG_RUN_ID=manual__2023-06-07T14:38:04.746632+00:00
[2023-06-07 14:38:07,685] {logging_mixin.py:115} INFO - Exporting Data
[2023-06-07 14:38:07,687] {logging_mixin.py:115} INFO - /opt/***/data/scopus/to_upload_data/core_data.csv
[2023-06-07 14:38:14,070] {logging_mixin.py:115} INFO - LoadJob<project=viceinvestigacion, location=US, id=e562bef4-674f-423e-b3c9-1d5e7cb45773>
[2023-06-07 14:38:14,088] {logging_mixin.py:115} INFO - /opt/***/data/scopus/to_upload_data/products.csv
[2023-06-07 14:38:18,896] {logging_mixin.py:115} INFO - LoadJob<project=viceinvestigacion, location=US, id=1aa26eb6-3c67-4d41-8063-b82ee498c14d>
[2023-06-07 14:38:18,900] {logging_mixin.py:115} INFO - /opt/***/data/scopus/to_upload_data/subject_areas.csv
[2023-06-07 14:38:22,790] {logging_mixin.py:115} INFO - LoadJob<project=viceinvestigacion, location=US, id=7efb1390-5985-497c-9663-2748b9d72541>
[2023-06-07 14:38:22,811] {taskinstance.py:1420} INFO - Marking task as SUCCESS. dag_id=vic_investigacion_ETL, task_id=upload_data_big_query, execution_date=20230607T143804, start_date=20230607T143807, end_date=20230607T143822
[2023-06-07 14:38:22,878] {local_task_job.py:156} INFO - Task exited with return code 0
[2023-06-07 14:38:22,900] {local_task_job.py:273} INFO - 0 downstream tasks scheduled from follow-on schedule check
