[2023-04-14 17:18:52,514] {taskinstance.py:1179} INFO - Dependencies all met for <TaskInstance: vic_investigacion_ETL.get_scopus_data manual__2023-04-14T17:18:50.529633+00:00 [queued]>
[2023-04-14 17:18:52,528] {taskinstance.py:1179} INFO - Dependencies all met for <TaskInstance: vic_investigacion_ETL.get_scopus_data manual__2023-04-14T17:18:50.529633+00:00 [queued]>
[2023-04-14 17:18:52,530] {taskinstance.py:1376} INFO - 
--------------------------------------------------------------------------------
[2023-04-14 17:18:52,531] {taskinstance.py:1377} INFO - Starting attempt 1 of 1
[2023-04-14 17:18:52,531] {taskinstance.py:1378} INFO - 
--------------------------------------------------------------------------------
[2023-04-14 17:18:52,541] {taskinstance.py:1397} INFO - Executing <Task(ReadScopus): get_scopus_data> on 2023-04-14 17:18:50.529633+00:00
[2023-04-14 17:18:52,548] {standard_task_runner.py:52} INFO - Started process 87 to run task
[2023-04-14 17:18:52,554] {standard_task_runner.py:79} INFO - Running: ['***', 'tasks', 'run', 'vic_investigacion_ETL', 'get_scopus_data', 'manual__2023-04-14T17:18:50.529633+00:00', '--job-id', '124', '--raw', '--subdir', 'DAGS_FOLDER/vic_investigacion_dag.py', '--cfg-path', '/tmp/tmp0nqb8gvb', '--error-file', '/tmp/tmpwpe98231']
[2023-04-14 17:18:52,556] {standard_task_runner.py:80} INFO - Job 124: Subtask get_scopus_data
[2023-04-14 17:18:52,686] {task_command.py:371} INFO - Running <TaskInstance: vic_investigacion_ETL.get_scopus_data manual__2023-04-14T17:18:50.529633+00:00 [running]> on host 9a187b96ec59
[2023-04-14 17:18:52,771] {taskinstance.py:1591} INFO - Exporting the following env vars:
AIRFLOW_CTX_DAG_OWNER=***
AIRFLOW_CTX_DAG_ID=vic_investigacion_ETL
AIRFLOW_CTX_TASK_ID=get_scopus_data
AIRFLOW_CTX_EXECUTION_DATE=2023-04-14T17:18:50.529633+00:00
AIRFLOW_CTX_TRY_NUMBER=1
AIRFLOW_CTX_DAG_RUN_ID=manual__2023-04-14T17:18:50.529633+00:00
[2023-04-14 17:18:52,773] {logging_mixin.py:115} INFO - Getting Scopus Data
[2023-04-14 17:18:52,774] {logging_mixin.py:115} INFO - The api key is:  640ababb3eaaa3723c7cc11be848250b
[2023-04-14 17:18:52,775] {logging_mixin.py:115} INFO - READIINGGGGGGGGGGG!!!!
[2023-04-14 17:18:52,776] {logging_mixin.py:115} INFO - DAG PATH:  /opt/***
[2023-04-14 17:18:52,786] {taskinstance.py:1909} ERROR - Task failed with exception
Traceback (most recent call last):
  File "/opt/airflow/dags/read_scopus_operator.py", line 28, in execute
    self.saveData()
  File "/opt/airflow/dags/read_scopus_operator.py", line 34, in saveData
    authors_ids_data= pd.read_excel(f"{dag_path}/raw_data/authors_ids.xlsx")
  File "/home/airflow/.local/lib/python3.7/site-packages/pandas/util/_decorators.py", line 311, in wrapper
    return func(*args, **kwargs)
  File "/home/airflow/.local/lib/python3.7/site-packages/pandas/io/excel/_base.py", line 364, in read_excel
    io = ExcelFile(io, storage_options=storage_options, engine=engine)
  File "/home/airflow/.local/lib/python3.7/site-packages/pandas/io/excel/_base.py", line 1233, in __init__
    self._reader = self._engines[engine](self._io, storage_options=storage_options)
  File "/home/airflow/.local/lib/python3.7/site-packages/pandas/io/excel/_openpyxl.py", line 521, in __init__
    import_optional_dependency("openpyxl")
  File "/home/airflow/.local/lib/python3.7/site-packages/pandas/compat/_optional.py", line 118, in import_optional_dependency
    raise ImportError(msg) from None
ImportError: Missing optional dependency 'openpyxl'.  Use pip or conda to install openpyxl.
[2023-04-14 17:18:52,803] {taskinstance.py:1420} INFO - Marking task as FAILED. dag_id=vic_investigacion_ETL, task_id=get_scopus_data, execution_date=20230414T171850, start_date=20230414T171852, end_date=20230414T171852
[2023-04-14 17:18:52,813] {standard_task_runner.py:97} ERROR - Failed to execute job 124 for task get_scopus_data (Missing optional dependency 'openpyxl'.  Use pip or conda to install openpyxl.; 87)
[2023-04-14 17:18:52,846] {local_task_job.py:156} INFO - Task exited with return code 1
[2023-04-14 17:18:52,914] {local_task_job.py:273} INFO - 0 downstream tasks scheduled from follow-on schedule check
