[2023-06-06 22:19:50,209] {taskinstance.py:1179} INFO - Dependencies all met for <TaskInstance: vic_investigacion_ETL.upload_data_big_query manual__2023-06-06T22:19:46.055837+00:00 [queued]>
[2023-06-06 22:19:50,215] {taskinstance.py:1179} INFO - Dependencies all met for <TaskInstance: vic_investigacion_ETL.upload_data_big_query manual__2023-06-06T22:19:46.055837+00:00 [queued]>
[2023-06-06 22:19:50,216] {taskinstance.py:1376} INFO - 
--------------------------------------------------------------------------------
[2023-06-06 22:19:50,216] {taskinstance.py:1377} INFO - Starting attempt 1 of 1
[2023-06-06 22:19:50,217] {taskinstance.py:1378} INFO - 
--------------------------------------------------------------------------------
[2023-06-06 22:19:50,225] {taskinstance.py:1397} INFO - Executing <Task(ExportData): upload_data_big_query> on 2023-06-06 22:19:46.055837+00:00
[2023-06-06 22:19:50,230] {standard_task_runner.py:52} INFO - Started process 2167 to run task
[2023-06-06 22:19:50,233] {standard_task_runner.py:79} INFO - Running: ['***', 'tasks', 'run', 'vic_investigacion_ETL', 'upload_data_big_query', 'manual__2023-06-06T22:19:46.055837+00:00', '--job-id', '305', '--raw', '--subdir', 'DAGS_FOLDER/vic_investigacion_dag.py', '--cfg-path', '/tmp/tmpitk2etuo', '--error-file', '/tmp/tmpy__orp2u']
[2023-06-06 22:19:50,235] {standard_task_runner.py:80} INFO - Job 305: Subtask upload_data_big_query
[2023-06-06 22:19:50,292] {task_command.py:371} INFO - Running <TaskInstance: vic_investigacion_ETL.upload_data_big_query manual__2023-06-06T22:19:46.055837+00:00 [running]> on host b5c935c9edd6
[2023-06-06 22:19:50,340] {taskinstance.py:1591} INFO - Exporting the following env vars:
AIRFLOW_CTX_DAG_OWNER=***
AIRFLOW_CTX_DAG_ID=vic_investigacion_ETL
AIRFLOW_CTX_TASK_ID=upload_data_big_query
AIRFLOW_CTX_EXECUTION_DATE=2023-06-06T22:19:46.055837+00:00
AIRFLOW_CTX_TRY_NUMBER=1
AIRFLOW_CTX_DAG_RUN_ID=manual__2023-06-06T22:19:46.055837+00:00
[2023-06-06 22:19:50,341] {logging_mixin.py:115} INFO - Exporting Data
[2023-06-06 22:19:50,344] {logging_mixin.py:115} INFO - /opt/***/data/scopus/to_upload_data/core_data.csv
[2023-06-06 22:19:57,170] {logging_mixin.py:115} INFO - LoadJob<project=viceinvestigacion, location=US, id=13482e85-3e76-41cf-abcc-62b234348be8>
[2023-06-06 22:19:57,171] {logging_mixin.py:115} INFO - /opt/***/data/scopus/to_upload_data/subject_areas.csv
[2023-06-06 22:20:02,292] {logging_mixin.py:115} INFO - LoadJob<project=viceinvestigacion, location=US, id=0fe9ccfe-5f63-493d-b08f-69022cc45651>
[2023-06-06 22:20:02,315] {taskinstance.py:1420} INFO - Marking task as SUCCESS. dag_id=vic_investigacion_ETL, task_id=upload_data_big_query, execution_date=20230606T221946, start_date=20230606T221950, end_date=20230606T222002
[2023-06-06 22:20:02,385] {local_task_job.py:156} INFO - Task exited with return code 0
[2023-06-06 22:20:02,413] {local_task_job.py:273} INFO - 0 downstream tasks scheduled from follow-on schedule check
