[2023-07-04 23:48:00,380] {taskinstance.py:1179} INFO - Dependencies all met for <TaskInstance: vic_investigacion_ETL.upload_data_big_query manual__2023-07-04T23:47:54.899448+00:00 [queued]>
[2023-07-04 23:48:00,388] {taskinstance.py:1179} INFO - Dependencies all met for <TaskInstance: vic_investigacion_ETL.upload_data_big_query manual__2023-07-04T23:47:54.899448+00:00 [queued]>
[2023-07-04 23:48:00,389] {taskinstance.py:1376} INFO - 
--------------------------------------------------------------------------------
[2023-07-04 23:48:00,389] {taskinstance.py:1377} INFO - Starting attempt 1 of 1
[2023-07-04 23:48:00,390] {taskinstance.py:1378} INFO - 
--------------------------------------------------------------------------------
[2023-07-04 23:48:00,398] {taskinstance.py:1397} INFO - Executing <Task(ExportData): upload_data_big_query> on 2023-07-04 23:47:54.899448+00:00
[2023-07-04 23:48:00,407] {standard_task_runner.py:52} INFO - Started process 2435 to run task
[2023-07-04 23:48:00,410] {standard_task_runner.py:79} INFO - Running: ['***', 'tasks', 'run', 'vic_investigacion_ETL', 'upload_data_big_query', 'manual__2023-07-04T23:47:54.899448+00:00', '--job-id', '47', '--raw', '--subdir', 'DAGS_FOLDER/vic_investigacion_dag.py', '--cfg-path', '/tmp/tmpbl2wrfh5', '--error-file', '/tmp/tmp2d3zmryo']
[2023-07-04 23:48:00,412] {standard_task_runner.py:80} INFO - Job 47: Subtask upload_data_big_query
[2023-07-04 23:48:00,466] {task_command.py:371} INFO - Running <TaskInstance: vic_investigacion_ETL.upload_data_big_query manual__2023-07-04T23:47:54.899448+00:00 [running]> on host f4f0af373b5a
[2023-07-04 23:48:00,514] {taskinstance.py:1591} INFO - Exporting the following env vars:
AIRFLOW_CTX_DAG_OWNER=***
AIRFLOW_CTX_DAG_ID=vic_investigacion_ETL
AIRFLOW_CTX_TASK_ID=upload_data_big_query
AIRFLOW_CTX_EXECUTION_DATE=2023-07-04T23:47:54.899448+00:00
AIRFLOW_CTX_TRY_NUMBER=1
AIRFLOW_CTX_DAG_RUN_ID=manual__2023-07-04T23:47:54.899448+00:00
[2023-07-04 23:48:00,515] {logging_mixin.py:115} INFO - Exporting Data
[2023-07-04 23:48:00,518] {logging_mixin.py:115} INFO - /opt/***/data/to_upload/journals.xlsx
[2023-07-04 23:48:00,518] {logging_mixin.py:115} INFO - FileName: journals
[2023-07-04 23:48:00,873] {logging_mixin.py:115} INFO -        ISSN                              Name  ... Category Vigencia Minciencias
0  14741741         Nature Reviews Immunology  ...      NaN                  NaN
1  17401534       Nature Reviews Microbiology  ...      NaN                  NaN
2  17483395             Nature Nanotechnology  ...      NaN                  NaN
3  17545706  Energy and Environmental Science  ...      NaN                  NaN
4  0147006X     Annual Review of Neuroscience  ...      NaN                  NaN

[5 rows x 9 columns]
[2023-07-04 23:48:06,318] {logging_mixin.py:115} INFO - LoadJob<project=viceinvestigacion, location=US, id=bfb9bcb9-c037-433d-8096-b01e137ca234>
[2023-07-04 23:48:06,321] {logging_mixin.py:115} INFO - /opt/***/data/to_upload/produccion_validada.csv
[2023-07-04 23:48:06,322] {logging_mixin.py:115} INFO - FileName: produccion_validada
[2023-07-04 23:48:06,477] {logging_mixin.py:115} INFO -                     Programa_de_creacion  ... Afiliacion_Citantes_Google_Scholar
0  Pregrado en Ciencia de la Información  ...                                NaN
1  Pregrado en Ciencia de la Información  ...                                NaN
2  Pregrado en Ciencia de la Información  ...                                NaN
3  Pregrado en Ciencia de la Información  ...                                NaN
4  Pregrado en Ciencia de la Información  ...                                NaN

[5 rows x 27 columns]
[2023-07-04 23:48:14,158] {logging_mixin.py:115} INFO - LoadJob<project=viceinvestigacion, location=US, id=289025ea-5848-4dde-ba06-67062ce17602>
[2023-07-04 23:48:14,165] {logging_mixin.py:115} INFO - /opt/***/data/to_upload/profesores_validados.csv
[2023-07-04 23:48:14,169] {logging_mixin.py:115} INFO - FileName: profesores_validados
[2023-07-04 23:48:14,204] {logging_mixin.py:115} INFO -   Observaciones                        Nombre  ... Tipo ID_Clínico
0           NaN         Juliana Atuesta Ortiz  ...  NaN        NaN
1           NaN  José Alejandro Convers Elias  ...  NaN        NaN
2           NaN   Catalina del Castillo Silva  ...  NaN        NaN
3           NaN    Sara Regina Fonseca García  ...  NaN        NaN
4           NaN       Eloisa Jaramillo Arango  ...  NaN        NaN

[5 rows x 15 columns]
[2023-07-04 23:48:17,163] {logging_mixin.py:115} INFO - LoadJob<project=viceinvestigacion, location=US, id=f01b7a3e-45c6-4db3-9d4f-7fc1b3793d65>
[2023-07-04 23:48:17,166] {logging_mixin.py:115} INFO - /opt/***/data/to_upload/profesores_validados_scopus_ids.csv
[2023-07-04 23:48:17,168] {logging_mixin.py:115} INFO - FileName: profesores_validados_scopus_ids
[2023-07-04 23:48:17,181] {logging_mixin.py:115} INFO -       Scopus_ID  ID_documento
0  1.340983e+10      79378553
1  1.404559e+10      19444788
2  1.502611e+10      39786577
3  1.503012e+10      74380875
4  1.575824e+10      98494191
[2023-07-04 23:48:22,332] {logging_mixin.py:115} INFO - LoadJob<project=viceinvestigacion, location=US, id=16bee8b7-23f8-4b8b-81a3-cc1355f31d3b>
[2023-07-04 23:48:22,373] {taskinstance.py:1420} INFO - Marking task as SUCCESS. dag_id=vic_investigacion_ETL, task_id=upload_data_big_query, execution_date=20230704T234754, start_date=20230704T234800, end_date=20230704T234822
[2023-07-04 23:48:22,541] {local_task_job.py:156} INFO - Task exited with return code 0
[2023-07-04 23:48:22,582] {local_task_job.py:273} INFO - 0 downstream tasks scheduled from follow-on schedule check
