[2023-05-31 23:29:33,228] {taskinstance.py:1179} INFO - Dependencies all met for <TaskInstance: vic_investigacion_ETL.prepare_wos_data scheduled__2023-04-14T00:00:00+00:00 [queued]>
[2023-05-31 23:29:33,235] {taskinstance.py:1179} INFO - Dependencies all met for <TaskInstance: vic_investigacion_ETL.prepare_wos_data scheduled__2023-04-14T00:00:00+00:00 [queued]>
[2023-05-31 23:29:33,236] {taskinstance.py:1376} INFO - 
--------------------------------------------------------------------------------
[2023-05-31 23:29:33,236] {taskinstance.py:1377} INFO - Starting attempt 1 of 1
[2023-05-31 23:29:33,237] {taskinstance.py:1378} INFO - 
--------------------------------------------------------------------------------
[2023-05-31 23:29:33,244] {taskinstance.py:1397} INFO - Executing <Task(PrepareWosData): prepare_wos_data> on 2023-04-14 00:00:00+00:00
[2023-05-31 23:29:33,249] {standard_task_runner.py:52} INFO - Started process 142 to run task
[2023-05-31 23:29:33,254] {standard_task_runner.py:79} INFO - Running: ['***', 'tasks', 'run', 'vic_investigacion_ETL', 'prepare_wos_data', 'scheduled__2023-04-14T00:00:00+00:00', '--job-id', '9', '--raw', '--subdir', 'DAGS_FOLDER/vic_investigacion_dag.py', '--cfg-path', '/tmp/tmp2u7nx5ff', '--error-file', '/tmp/tmpwmdcl264']
[2023-05-31 23:29:33,259] {standard_task_runner.py:80} INFO - Job 9: Subtask prepare_wos_data
[2023-05-31 23:29:33,315] {task_command.py:371} INFO - Running <TaskInstance: vic_investigacion_ETL.prepare_wos_data scheduled__2023-04-14T00:00:00+00:00 [running]> on host 5d9ccb732815
[2023-05-31 23:29:33,381] {taskinstance.py:1591} INFO - Exporting the following env vars:
AIRFLOW_CTX_DAG_OWNER=***
AIRFLOW_CTX_DAG_ID=vic_investigacion_ETL
AIRFLOW_CTX_TASK_ID=prepare_wos_data
AIRFLOW_CTX_EXECUTION_DATE=2023-04-14T00:00:00+00:00
AIRFLOW_CTX_TRY_NUMBER=1
AIRFLOW_CTX_DAG_RUN_ID=scheduled__2023-04-14T00:00:00+00:00
[2023-05-31 23:29:33,383] {logging_mixin.py:115} INFO - Preparing WOS Data
[2023-05-31 23:29:33,507] {taskinstance.py:1420} INFO - Marking task as SUCCESS. dag_id=vic_investigacion_ETL, task_id=prepare_wos_data, execution_date=20230414T000000, start_date=20230531T232933, end_date=20230531T232933
[2023-05-31 23:29:33,549] {local_task_job.py:156} INFO - Task exited with return code 0
