[2023-06-01 02:05:58,990] {taskinstance.py:1179} INFO - Dependencies all met for <TaskInstance: vic_investigacion_ETL.upload_data_big_query manual__2023-06-01T02:05:57.129557+00:00 [queued]>
[2023-06-01 02:05:59,013] {taskinstance.py:1179} INFO - Dependencies all met for <TaskInstance: vic_investigacion_ETL.upload_data_big_query manual__2023-06-01T02:05:57.129557+00:00 [queued]>
[2023-06-01 02:05:59,014] {taskinstance.py:1376} INFO - 
--------------------------------------------------------------------------------
[2023-06-01 02:05:59,016] {taskinstance.py:1377} INFO - Starting attempt 1 of 1
[2023-06-01 02:05:59,017] {taskinstance.py:1378} INFO - 
--------------------------------------------------------------------------------
[2023-06-01 02:05:59,032] {taskinstance.py:1397} INFO - Executing <Task(ExportData): upload_data_big_query> on 2023-06-01 02:05:57.129557+00:00
[2023-06-01 02:05:59,042] {standard_task_runner.py:52} INFO - Started process 5088 to run task
[2023-06-01 02:05:59,047] {standard_task_runner.py:79} INFO - Running: ['***', 'tasks', 'run', 'vic_investigacion_ETL', 'upload_data_big_query', 'manual__2023-06-01T02:05:57.129557+00:00', '--job-id', '214', '--raw', '--subdir', 'DAGS_FOLDER/vic_investigacion_dag.py', '--cfg-path', '/tmp/tmp0lz7_rpf', '--error-file', '/tmp/tmpi_1e43sh']
[2023-06-01 02:05:59,052] {standard_task_runner.py:80} INFO - Job 214: Subtask upload_data_big_query
[2023-06-01 02:05:59,198] {task_command.py:371} INFO - Running <TaskInstance: vic_investigacion_ETL.upload_data_big_query manual__2023-06-01T02:05:57.129557+00:00 [running]> on host 5d9ccb732815
[2023-06-01 02:05:59,537] {taskinstance.py:1591} INFO - Exporting the following env vars:
AIRFLOW_CTX_DAG_OWNER=***
AIRFLOW_CTX_DAG_ID=vic_investigacion_ETL
AIRFLOW_CTX_TASK_ID=upload_data_big_query
AIRFLOW_CTX_EXECUTION_DATE=2023-06-01T02:05:57.129557+00:00
AIRFLOW_CTX_TRY_NUMBER=1
AIRFLOW_CTX_DAG_RUN_ID=manual__2023-06-01T02:05:57.129557+00:00
[2023-06-01 02:05:59,543] {logging_mixin.py:115} INFO - Exporting Data
[2023-06-01 02:05:59,549] {logging_mixin.py:115} INFO - /opt/***/data/scopus/to_upload_data/authors_join.csv
[2023-06-01 02:06:04,348] {logging_mixin.py:115} INFO - LoadJob<project=viceinvestigacion, location=US, id=a42b155f-1120-4a4f-8870-8da0b40d6b32>
[2023-06-01 02:06:04,353] {logging_mixin.py:115} INFO - /opt/***/data/scopus/to_upload_data/subject_areas.csv
[2023-06-01 02:06:07,782] {logging_mixin.py:115} INFO - LoadJob<project=viceinvestigacion, location=US, id=54d6f968-9f52-41a0-aa2e-a9e461220dda>
[2023-06-01 02:06:07,797] {taskinstance.py:1420} INFO - Marking task as SUCCESS. dag_id=vic_investigacion_ETL, task_id=upload_data_big_query, execution_date=20230601T020557, start_date=20230601T020558, end_date=20230601T020607
[2023-06-01 02:06:08,054] {local_task_job.py:156} INFO - Task exited with return code 0
[2023-06-01 02:06:08,086] {local_task_job.py:273} INFO - 0 downstream tasks scheduled from follow-on schedule check
