[2023-06-01 01:21:53,738] {taskinstance.py:1179} INFO - Dependencies all met for <TaskInstance: vic_investigacion_ETL.join_all_data manual__2023-06-01T01:21:51.642707+00:00 [queued]>
[2023-06-01 01:21:53,747] {taskinstance.py:1179} INFO - Dependencies all met for <TaskInstance: vic_investigacion_ETL.join_all_data manual__2023-06-01T01:21:51.642707+00:00 [queued]>
[2023-06-01 01:21:53,748] {taskinstance.py:1376} INFO - 
--------------------------------------------------------------------------------
[2023-06-01 01:21:53,750] {taskinstance.py:1377} INFO - Starting attempt 1 of 1
[2023-06-01 01:21:53,750] {taskinstance.py:1378} INFO - 
--------------------------------------------------------------------------------
[2023-06-01 01:21:53,761] {taskinstance.py:1397} INFO - Executing <Task(JoinAllData): join_all_data> on 2023-06-01 01:21:51.642707+00:00
[2023-06-01 01:21:53,770] {standard_task_runner.py:52} INFO - Started process 2771 to run task
[2023-06-01 01:21:53,777] {standard_task_runner.py:79} INFO - Running: ['***', 'tasks', 'run', 'vic_investigacion_ETL', 'join_all_data', 'manual__2023-06-01T01:21:51.642707+00:00', '--job-id', '165', '--raw', '--subdir', 'DAGS_FOLDER/vic_investigacion_dag.py', '--cfg-path', '/tmp/tmpg_sljkfv', '--error-file', '/tmp/tmppdp0lft3']
[2023-06-01 01:21:53,782] {standard_task_runner.py:80} INFO - Job 165: Subtask join_all_data
[2023-06-01 01:21:53,951] {task_command.py:371} INFO - Running <TaskInstance: vic_investigacion_ETL.join_all_data manual__2023-06-01T01:21:51.642707+00:00 [running]> on host 5d9ccb732815
[2023-06-01 01:21:54,127] {taskinstance.py:1591} INFO - Exporting the following env vars:
AIRFLOW_CTX_DAG_OWNER=***
AIRFLOW_CTX_DAG_ID=vic_investigacion_ETL
AIRFLOW_CTX_TASK_ID=join_all_data
AIRFLOW_CTX_EXECUTION_DATE=2023-06-01T01:21:51.642707+00:00
AIRFLOW_CTX_TRY_NUMBER=1
AIRFLOW_CTX_DAG_RUN_ID=manual__2023-06-01T01:21:51.642707+00:00
[2023-06-01 01:21:54,132] {logging_mixin.py:115} INFO - Joining all data
[2023-06-01 01:21:54,180] {logging_mixin.py:115} INFO - Data joined
[2023-06-01 01:21:54,218] {taskinstance.py:1420} INFO - Marking task as SUCCESS. dag_id=vic_investigacion_ETL, task_id=join_all_data, execution_date=20230601T012151, start_date=20230601T012153, end_date=20230601T012154
[2023-06-01 01:21:54,284] {local_task_job.py:156} INFO - Task exited with return code 0
[2023-06-01 01:21:54,342] {local_task_job.py:273} INFO - 0 downstream tasks scheduled from follow-on schedule check
