[2023-06-01 22:11:45,517] {taskinstance.py:1179} INFO - Dependencies all met for <TaskInstance: vic_investigacion_ETL.upload_data_big_query manual__2023-06-01T22:09:47.275158+00:00 [queued]>
[2023-06-01 22:11:45,524] {taskinstance.py:1179} INFO - Dependencies all met for <TaskInstance: vic_investigacion_ETL.upload_data_big_query manual__2023-06-01T22:09:47.275158+00:00 [queued]>
[2023-06-01 22:11:45,525] {taskinstance.py:1376} INFO - 
--------------------------------------------------------------------------------
[2023-06-01 22:11:45,525] {taskinstance.py:1377} INFO - Starting attempt 1 of 1
[2023-06-01 22:11:45,526] {taskinstance.py:1378} INFO - 
--------------------------------------------------------------------------------
[2023-06-01 22:11:45,539] {taskinstance.py:1397} INFO - Executing <Task(ExportData): upload_data_big_query> on 2023-06-01 22:09:47.275158+00:00
[2023-06-01 22:11:45,546] {standard_task_runner.py:52} INFO - Started process 29742 to run task
[2023-06-01 22:11:45,551] {standard_task_runner.py:79} INFO - Running: ['***', 'tasks', 'run', 'vic_investigacion_ETL', 'upload_data_big_query', 'manual__2023-06-01T22:09:47.275158+00:00', '--job-id', '284', '--raw', '--subdir', 'DAGS_FOLDER/vic_investigacion_dag.py', '--cfg-path', '/tmp/tmp6ly74tzx', '--error-file', '/tmp/tmp_c_ergvr']
[2023-06-01 22:11:45,554] {standard_task_runner.py:80} INFO - Job 284: Subtask upload_data_big_query
[2023-06-01 22:11:45,620] {task_command.py:371} INFO - Running <TaskInstance: vic_investigacion_ETL.upload_data_big_query manual__2023-06-01T22:09:47.275158+00:00 [running]> on host 5d9ccb732815
[2023-06-01 22:11:45,683] {taskinstance.py:1591} INFO - Exporting the following env vars:
AIRFLOW_CTX_DAG_OWNER=***
AIRFLOW_CTX_DAG_ID=vic_investigacion_ETL
AIRFLOW_CTX_TASK_ID=upload_data_big_query
AIRFLOW_CTX_EXECUTION_DATE=2023-06-01T22:09:47.275158+00:00
AIRFLOW_CTX_TRY_NUMBER=1
AIRFLOW_CTX_DAG_RUN_ID=manual__2023-06-01T22:09:47.275158+00:00
[2023-06-01 22:11:45,687] {logging_mixin.py:115} INFO - Exporting Data
[2023-06-01 22:11:45,688] {logging_mixin.py:115} INFO - /opt/***/data/scopus/to_upload_data/subject_areas.csv
[2023-06-01 22:11:51,544] {logging_mixin.py:115} INFO - LoadJob<project=viceinvestigacion, location=US, id=48fff047-7fd6-4050-8ee3-4d35c4659ca4>
[2023-06-01 22:11:51,587] {taskinstance.py:1420} INFO - Marking task as SUCCESS. dag_id=vic_investigacion_ETL, task_id=upload_data_big_query, execution_date=20230601T220947, start_date=20230601T221145, end_date=20230601T221151
[2023-06-01 22:11:51,743] {local_task_job.py:156} INFO - Task exited with return code 0
[2023-06-01 22:11:51,767] {local_task_job.py:273} INFO - 0 downstream tasks scheduled from follow-on schedule check
