[2023-06-01 02:00:15,119] {taskinstance.py:1179} INFO - Dependencies all met for <TaskInstance: vic_investigacion_ETL.prepare_cv_lac_data manual__2023-06-01T02:00:12.246287+00:00 [queued]>
[2023-06-01 02:00:15,135] {taskinstance.py:1179} INFO - Dependencies all met for <TaskInstance: vic_investigacion_ETL.prepare_cv_lac_data manual__2023-06-01T02:00:12.246287+00:00 [queued]>
[2023-06-01 02:00:15,141] {taskinstance.py:1376} INFO - 
--------------------------------------------------------------------------------
[2023-06-01 02:00:15,145] {taskinstance.py:1377} INFO - Starting attempt 1 of 1
[2023-06-01 02:00:15,146] {taskinstance.py:1378} INFO - 
--------------------------------------------------------------------------------
[2023-06-01 02:00:15,170] {taskinstance.py:1397} INFO - Executing <Task(PrepareCvLacData): prepare_cv_lac_data> on 2023-06-01 02:00:12.246287+00:00
[2023-06-01 02:00:15,180] {standard_task_runner.py:52} INFO - Started process 4728 to run task
[2023-06-01 02:00:15,196] {standard_task_runner.py:79} INFO - Running: ['***', 'tasks', 'run', 'vic_investigacion_ETL', 'prepare_cv_lac_data', 'manual__2023-06-01T02:00:12.246287+00:00', '--job-id', '186', '--raw', '--subdir', 'DAGS_FOLDER/vic_investigacion_dag.py', '--cfg-path', '/tmp/tmphj9l3uq_', '--error-file', '/tmp/tmpiqlxdujm']
[2023-06-01 02:00:15,202] {standard_task_runner.py:80} INFO - Job 186: Subtask prepare_cv_lac_data
[2023-06-01 02:00:15,354] {task_command.py:371} INFO - Running <TaskInstance: vic_investigacion_ETL.prepare_cv_lac_data manual__2023-06-01T02:00:12.246287+00:00 [running]> on host 5d9ccb732815
[2023-06-01 02:00:15,517] {taskinstance.py:1591} INFO - Exporting the following env vars:
AIRFLOW_CTX_DAG_OWNER=***
AIRFLOW_CTX_DAG_ID=vic_investigacion_ETL
AIRFLOW_CTX_TASK_ID=prepare_cv_lac_data
AIRFLOW_CTX_EXECUTION_DATE=2023-06-01T02:00:12.246287+00:00
AIRFLOW_CTX_TRY_NUMBER=1
AIRFLOW_CTX_DAG_RUN_ID=manual__2023-06-01T02:00:12.246287+00:00
[2023-06-01 02:00:15,526] {logging_mixin.py:115} INFO - Preparing cv lac Data
[2023-06-01 02:00:15,636] {taskinstance.py:1420} INFO - Marking task as SUCCESS. dag_id=vic_investigacion_ETL, task_id=prepare_cv_lac_data, execution_date=20230601T020012, start_date=20230601T020015, end_date=20230601T020015
[2023-06-01 02:00:15,691] {local_task_job.py:156} INFO - Task exited with return code 0
[2023-06-01 02:00:15,742] {local_task_job.py:273} INFO - 0 downstream tasks scheduled from follow-on schedule check
