[2023-04-14 17:05:23,598] {taskinstance.py:1179} INFO - Dependencies all met for <TaskInstance: vic_investigacion_ETL.get_wos_data manual__2023-04-14T17:05:22.020121+00:00 [queued]>
[2023-04-14 17:05:23,605] {taskinstance.py:1179} INFO - Dependencies all met for <TaskInstance: vic_investigacion_ETL.get_wos_data manual__2023-04-14T17:05:22.020121+00:00 [queued]>
[2023-04-14 17:05:23,606] {taskinstance.py:1376} INFO - 
--------------------------------------------------------------------------------
[2023-04-14 17:05:23,606] {taskinstance.py:1377} INFO - Starting attempt 1 of 1
[2023-04-14 17:05:23,607] {taskinstance.py:1378} INFO - 
--------------------------------------------------------------------------------
[2023-04-14 17:05:23,615] {taskinstance.py:1397} INFO - Executing <Task(PythonOperator): get_wos_data> on 2023-04-14 17:05:22.020121+00:00
[2023-04-14 17:05:23,621] {standard_task_runner.py:52} INFO - Started process 455 to run task
[2023-04-14 17:05:23,625] {standard_task_runner.py:79} INFO - Running: ['***', 'tasks', 'run', 'vic_investigacion_ETL', 'get_wos_data', 'manual__2023-04-14T17:05:22.020121+00:00', '--job-id', '99', '--raw', '--subdir', 'DAGS_FOLDER/vic_investigacion_dag.py', '--cfg-path', '/tmp/tmpqiv3p0ge', '--error-file', '/tmp/tmp_xllf_p_']
[2023-04-14 17:05:23,627] {standard_task_runner.py:80} INFO - Job 99: Subtask get_wos_data
[2023-04-14 17:05:23,717] {task_command.py:371} INFO - Running <TaskInstance: vic_investigacion_ETL.get_wos_data manual__2023-04-14T17:05:22.020121+00:00 [running]> on host d014c8b814c7
[2023-04-14 17:05:23,790] {taskinstance.py:1591} INFO - Exporting the following env vars:
AIRFLOW_CTX_DAG_OWNER=***
AIRFLOW_CTX_DAG_ID=vic_investigacion_ETL
AIRFLOW_CTX_TASK_ID=get_wos_data
AIRFLOW_CTX_EXECUTION_DATE=2023-04-14T17:05:22.020121+00:00
AIRFLOW_CTX_TRY_NUMBER=1
AIRFLOW_CTX_DAG_RUN_ID=manual__2023-04-14T17:05:22.020121+00:00
[2023-04-14 17:05:23,791] {logging_mixin.py:115} INFO - Getting WOS Data
[2023-04-14 17:05:23,792] {python.py:173} INFO - Done. Returned value was: None
[2023-04-14 17:05:23,804] {taskinstance.py:1420} INFO - Marking task as SUCCESS. dag_id=vic_investigacion_ETL, task_id=get_wos_data, execution_date=20230414T170522, start_date=20230414T170523, end_date=20230414T170523
[2023-04-14 17:05:23,840] {local_task_job.py:156} INFO - Task exited with return code 0
[2023-04-14 17:05:23,872] {local_task_job.py:273} INFO - 0 downstream tasks scheduled from follow-on schedule check
