[2023-05-31 23:28:24,735] {processor.py:153} INFO - Started process (PID=55) to work on /opt/airflow/dags/export_data_operator.py
[2023-05-31 23:28:24,742] {processor.py:641} INFO - Processing file /opt/airflow/dags/export_data_operator.py for tasks to queue
[2023-05-31 23:28:24,743] {logging_mixin.py:115} INFO - [2023-05-31 23:28:24,743] {dagbag.py:508} INFO - Filling up the DagBag from /opt/airflow/dags/export_data_operator.py
[2023-05-31 23:28:25,219] {processor.py:653} WARNING - No viable dags retrieved from /opt/airflow/dags/export_data_operator.py
[2023-05-31 23:28:25,241] {processor.py:161} INFO - Processing /opt/airflow/dags/export_data_operator.py took 0.510 seconds
[2023-05-31 23:28:55,414] {processor.py:153} INFO - Started process (PID=90) to work on /opt/airflow/dags/export_data_operator.py
[2023-05-31 23:28:55,416] {processor.py:641} INFO - Processing file /opt/airflow/dags/export_data_operator.py for tasks to queue
[2023-05-31 23:28:55,416] {logging_mixin.py:115} INFO - [2023-05-31 23:28:55,416] {dagbag.py:508} INFO - Filling up the DagBag from /opt/airflow/dags/export_data_operator.py
[2023-05-31 23:28:55,616] {processor.py:653} WARNING - No viable dags retrieved from /opt/airflow/dags/export_data_operator.py
[2023-05-31 23:28:55,629] {processor.py:161} INFO - Processing /opt/airflow/dags/export_data_operator.py took 0.217 seconds
[2023-05-31 23:29:25,673] {processor.py:153} INFO - Started process (PID=132) to work on /opt/airflow/dags/export_data_operator.py
[2023-05-31 23:29:25,674] {processor.py:641} INFO - Processing file /opt/airflow/dags/export_data_operator.py for tasks to queue
[2023-05-31 23:29:25,675] {logging_mixin.py:115} INFO - [2023-05-31 23:29:25,675] {dagbag.py:508} INFO - Filling up the DagBag from /opt/airflow/dags/export_data_operator.py
[2023-05-31 23:29:25,867] {processor.py:653} WARNING - No viable dags retrieved from /opt/airflow/dags/export_data_operator.py
[2023-05-31 23:29:25,880] {processor.py:161} INFO - Processing /opt/airflow/dags/export_data_operator.py took 0.210 seconds
[2023-05-31 23:29:56,724] {processor.py:153} INFO - Started process (PID=185) to work on /opt/airflow/dags/export_data_operator.py
[2023-05-31 23:29:56,725] {processor.py:641} INFO - Processing file /opt/airflow/dags/export_data_operator.py for tasks to queue
[2023-05-31 23:29:56,726] {logging_mixin.py:115} INFO - [2023-05-31 23:29:56,726] {dagbag.py:508} INFO - Filling up the DagBag from /opt/airflow/dags/export_data_operator.py
[2023-05-31 23:29:56,924] {processor.py:653} WARNING - No viable dags retrieved from /opt/airflow/dags/export_data_operator.py
[2023-05-31 23:29:56,936] {processor.py:161} INFO - Processing /opt/airflow/dags/export_data_operator.py took 0.215 seconds
[2023-05-31 23:30:27,793] {processor.py:153} INFO - Started process (PID=229) to work on /opt/airflow/dags/export_data_operator.py
[2023-05-31 23:30:27,794] {processor.py:641} INFO - Processing file /opt/airflow/dags/export_data_operator.py for tasks to queue
[2023-05-31 23:30:27,795] {logging_mixin.py:115} INFO - [2023-05-31 23:30:27,795] {dagbag.py:508} INFO - Filling up the DagBag from /opt/airflow/dags/export_data_operator.py
[2023-05-31 23:30:27,983] {processor.py:653} WARNING - No viable dags retrieved from /opt/airflow/dags/export_data_operator.py
[2023-05-31 23:30:27,998] {processor.py:161} INFO - Processing /opt/airflow/dags/export_data_operator.py took 0.208 seconds
[2023-05-31 23:30:58,743] {processor.py:153} INFO - Started process (PID=272) to work on /opt/airflow/dags/export_data_operator.py
[2023-05-31 23:30:58,744] {processor.py:641} INFO - Processing file /opt/airflow/dags/export_data_operator.py for tasks to queue
[2023-05-31 23:30:58,745] {logging_mixin.py:115} INFO - [2023-05-31 23:30:58,745] {dagbag.py:508} INFO - Filling up the DagBag from /opt/airflow/dags/export_data_operator.py
[2023-05-31 23:30:58,931] {processor.py:653} WARNING - No viable dags retrieved from /opt/airflow/dags/export_data_operator.py
[2023-05-31 23:30:58,943] {processor.py:161} INFO - Processing /opt/airflow/dags/export_data_operator.py took 0.203 seconds
[2023-05-31 23:31:29,728] {processor.py:153} INFO - Started process (PID=314) to work on /opt/airflow/dags/export_data_operator.py
[2023-05-31 23:31:29,729] {processor.py:641} INFO - Processing file /opt/airflow/dags/export_data_operator.py for tasks to queue
[2023-05-31 23:31:29,729] {logging_mixin.py:115} INFO - [2023-05-31 23:31:29,729] {dagbag.py:508} INFO - Filling up the DagBag from /opt/airflow/dags/export_data_operator.py
[2023-05-31 23:31:29,912] {processor.py:653} WARNING - No viable dags retrieved from /opt/airflow/dags/export_data_operator.py
[2023-05-31 23:31:29,924] {processor.py:161} INFO - Processing /opt/airflow/dags/export_data_operator.py took 0.200 seconds
[2023-05-31 23:32:00,762] {processor.py:153} INFO - Started process (PID=356) to work on /opt/airflow/dags/export_data_operator.py
[2023-05-31 23:32:00,763] {processor.py:641} INFO - Processing file /opt/airflow/dags/export_data_operator.py for tasks to queue
[2023-05-31 23:32:00,764] {logging_mixin.py:115} INFO - [2023-05-31 23:32:00,763] {dagbag.py:508} INFO - Filling up the DagBag from /opt/airflow/dags/export_data_operator.py
[2023-05-31 23:32:00,974] {processor.py:653} WARNING - No viable dags retrieved from /opt/airflow/dags/export_data_operator.py
[2023-05-31 23:32:00,986] {processor.py:161} INFO - Processing /opt/airflow/dags/export_data_operator.py took 0.228 seconds
[2023-05-31 23:32:31,818] {processor.py:153} INFO - Started process (PID=390) to work on /opt/airflow/dags/export_data_operator.py
[2023-05-31 23:32:31,819] {processor.py:641} INFO - Processing file /opt/airflow/dags/export_data_operator.py for tasks to queue
[2023-05-31 23:32:31,819] {logging_mixin.py:115} INFO - [2023-05-31 23:32:31,819] {dagbag.py:508} INFO - Filling up the DagBag from /opt/airflow/dags/export_data_operator.py
[2023-05-31 23:32:32,003] {processor.py:653} WARNING - No viable dags retrieved from /opt/airflow/dags/export_data_operator.py
[2023-05-31 23:32:32,015] {processor.py:161} INFO - Processing /opt/airflow/dags/export_data_operator.py took 0.200 seconds
[2023-05-31 23:33:02,776] {processor.py:153} INFO - Started process (PID=432) to work on /opt/airflow/dags/export_data_operator.py
[2023-05-31 23:33:02,777] {processor.py:641} INFO - Processing file /opt/airflow/dags/export_data_operator.py for tasks to queue
[2023-05-31 23:33:02,777] {logging_mixin.py:115} INFO - [2023-05-31 23:33:02,777] {dagbag.py:508} INFO - Filling up the DagBag from /opt/airflow/dags/export_data_operator.py
[2023-05-31 23:33:02,961] {processor.py:653} WARNING - No viable dags retrieved from /opt/airflow/dags/export_data_operator.py
[2023-05-31 23:33:02,974] {processor.py:161} INFO - Processing /opt/airflow/dags/export_data_operator.py took 0.201 seconds
[2023-05-31 23:33:33,830] {processor.py:153} INFO - Started process (PID=475) to work on /opt/airflow/dags/export_data_operator.py
[2023-05-31 23:33:33,831] {processor.py:641} INFO - Processing file /opt/airflow/dags/export_data_operator.py for tasks to queue
[2023-05-31 23:33:33,831] {logging_mixin.py:115} INFO - [2023-05-31 23:33:33,831] {dagbag.py:508} INFO - Filling up the DagBag from /opt/airflow/dags/export_data_operator.py
[2023-05-31 23:33:34,016] {processor.py:653} WARNING - No viable dags retrieved from /opt/airflow/dags/export_data_operator.py
[2023-05-31 23:33:34,028] {processor.py:161} INFO - Processing /opt/airflow/dags/export_data_operator.py took 0.201 seconds
[2023-05-31 23:34:04,824] {processor.py:153} INFO - Started process (PID=517) to work on /opt/airflow/dags/export_data_operator.py
[2023-05-31 23:34:04,825] {processor.py:641} INFO - Processing file /opt/airflow/dags/export_data_operator.py for tasks to queue
[2023-05-31 23:34:04,825] {logging_mixin.py:115} INFO - [2023-05-31 23:34:04,825] {dagbag.py:508} INFO - Filling up the DagBag from /opt/airflow/dags/export_data_operator.py
[2023-05-31 23:34:05,008] {processor.py:653} WARNING - No viable dags retrieved from /opt/airflow/dags/export_data_operator.py
[2023-05-31 23:34:05,020] {processor.py:161} INFO - Processing /opt/airflow/dags/export_data_operator.py took 0.199 seconds
[2023-05-31 23:34:35,780] {processor.py:153} INFO - Started process (PID=560) to work on /opt/airflow/dags/export_data_operator.py
[2023-05-31 23:34:35,781] {processor.py:641} INFO - Processing file /opt/airflow/dags/export_data_operator.py for tasks to queue
[2023-05-31 23:34:35,782] {logging_mixin.py:115} INFO - [2023-05-31 23:34:35,782] {dagbag.py:508} INFO - Filling up the DagBag from /opt/airflow/dags/export_data_operator.py
[2023-05-31 23:34:35,968] {processor.py:653} WARNING - No viable dags retrieved from /opt/airflow/dags/export_data_operator.py
[2023-05-31 23:34:35,981] {processor.py:161} INFO - Processing /opt/airflow/dags/export_data_operator.py took 0.204 seconds
[2023-05-31 23:35:06,901] {processor.py:153} INFO - Started process (PID=603) to work on /opt/airflow/dags/export_data_operator.py
[2023-05-31 23:35:06,903] {processor.py:641} INFO - Processing file /opt/airflow/dags/export_data_operator.py for tasks to queue
[2023-05-31 23:35:06,904] {logging_mixin.py:115} INFO - [2023-05-31 23:35:06,903] {dagbag.py:508} INFO - Filling up the DagBag from /opt/airflow/dags/export_data_operator.py
[2023-05-31 23:35:07,138] {processor.py:653} WARNING - No viable dags retrieved from /opt/airflow/dags/export_data_operator.py
[2023-05-31 23:35:07,152] {processor.py:161} INFO - Processing /opt/airflow/dags/export_data_operator.py took 0.254 seconds
[2023-05-31 23:35:37,991] {processor.py:153} INFO - Started process (PID=646) to work on /opt/airflow/dags/export_data_operator.py
[2023-05-31 23:35:37,994] {processor.py:641} INFO - Processing file /opt/airflow/dags/export_data_operator.py for tasks to queue
[2023-05-31 23:35:37,995] {logging_mixin.py:115} INFO - [2023-05-31 23:35:37,995] {dagbag.py:508} INFO - Filling up the DagBag from /opt/airflow/dags/export_data_operator.py
[2023-05-31 23:35:38,201] {processor.py:653} WARNING - No viable dags retrieved from /opt/airflow/dags/export_data_operator.py
[2023-05-31 23:35:38,214] {processor.py:161} INFO - Processing /opt/airflow/dags/export_data_operator.py took 0.225 seconds
[2023-05-31 23:36:08,337] {processor.py:153} INFO - Started process (PID=682) to work on /opt/airflow/dags/export_data_operator.py
[2023-05-31 23:36:08,337] {processor.py:641} INFO - Processing file /opt/airflow/dags/export_data_operator.py for tasks to queue
[2023-05-31 23:36:08,338] {logging_mixin.py:115} INFO - [2023-05-31 23:36:08,338] {dagbag.py:508} INFO - Filling up the DagBag from /opt/airflow/dags/export_data_operator.py
[2023-05-31 23:36:08,526] {processor.py:653} WARNING - No viable dags retrieved from /opt/airflow/dags/export_data_operator.py
[2023-05-31 23:36:08,538] {processor.py:161} INFO - Processing /opt/airflow/dags/export_data_operator.py took 0.204 seconds
[2023-05-31 23:36:38,587] {processor.py:153} INFO - Started process (PID=725) to work on /opt/airflow/dags/export_data_operator.py
[2023-05-31 23:36:38,587] {processor.py:641} INFO - Processing file /opt/airflow/dags/export_data_operator.py for tasks to queue
[2023-05-31 23:36:38,588] {logging_mixin.py:115} INFO - [2023-05-31 23:36:38,588] {dagbag.py:508} INFO - Filling up the DagBag from /opt/airflow/dags/export_data_operator.py
[2023-05-31 23:36:38,778] {processor.py:653} WARNING - No viable dags retrieved from /opt/airflow/dags/export_data_operator.py
[2023-05-31 23:36:38,790] {processor.py:161} INFO - Processing /opt/airflow/dags/export_data_operator.py took 0.206 seconds
[2023-05-31 23:37:08,974] {processor.py:153} INFO - Started process (PID=771) to work on /opt/airflow/dags/export_data_operator.py
[2023-05-31 23:37:08,975] {processor.py:641} INFO - Processing file /opt/airflow/dags/export_data_operator.py for tasks to queue
[2023-05-31 23:37:08,975] {logging_mixin.py:115} INFO - [2023-05-31 23:37:08,975] {dagbag.py:508} INFO - Filling up the DagBag from /opt/airflow/dags/export_data_operator.py
[2023-05-31 23:37:09,168] {processor.py:653} WARNING - No viable dags retrieved from /opt/airflow/dags/export_data_operator.py
[2023-05-31 23:37:09,180] {processor.py:161} INFO - Processing /opt/airflow/dags/export_data_operator.py took 0.209 seconds
[2023-05-31 23:37:39,422] {processor.py:153} INFO - Started process (PID=818) to work on /opt/airflow/dags/export_data_operator.py
[2023-05-31 23:37:39,424] {processor.py:641} INFO - Processing file /opt/airflow/dags/export_data_operator.py for tasks to queue
[2023-05-31 23:37:39,425] {logging_mixin.py:115} INFO - [2023-05-31 23:37:39,425] {dagbag.py:508} INFO - Filling up the DagBag from /opt/airflow/dags/export_data_operator.py
[2023-05-31 23:37:39,617] {processor.py:653} WARNING - No viable dags retrieved from /opt/airflow/dags/export_data_operator.py
[2023-05-31 23:37:39,630] {processor.py:161} INFO - Processing /opt/airflow/dags/export_data_operator.py took 0.212 seconds
[2023-05-31 23:38:09,716] {processor.py:153} INFO - Started process (PID=870) to work on /opt/airflow/dags/export_data_operator.py
[2023-05-31 23:38:09,717] {processor.py:641} INFO - Processing file /opt/airflow/dags/export_data_operator.py for tasks to queue
[2023-05-31 23:38:09,718] {logging_mixin.py:115} INFO - [2023-05-31 23:38:09,718] {dagbag.py:508} INFO - Filling up the DagBag from /opt/airflow/dags/export_data_operator.py
[2023-05-31 23:38:09,916] {processor.py:653} WARNING - No viable dags retrieved from /opt/airflow/dags/export_data_operator.py
[2023-05-31 23:38:09,930] {processor.py:161} INFO - Processing /opt/airflow/dags/export_data_operator.py took 0.217 seconds
[2023-05-31 23:38:40,260] {processor.py:153} INFO - Started process (PID=917) to work on /opt/airflow/dags/export_data_operator.py
[2023-05-31 23:38:40,261] {processor.py:641} INFO - Processing file /opt/airflow/dags/export_data_operator.py for tasks to queue
[2023-05-31 23:38:40,262] {logging_mixin.py:115} INFO - [2023-05-31 23:38:40,262] {dagbag.py:508} INFO - Filling up the DagBag from /opt/airflow/dags/export_data_operator.py
[2023-05-31 23:38:40,466] {processor.py:653} WARNING - No viable dags retrieved from /opt/airflow/dags/export_data_operator.py
[2023-05-31 23:38:40,481] {processor.py:161} INFO - Processing /opt/airflow/dags/export_data_operator.py took 0.223 seconds
[2023-05-31 23:39:10,629] {processor.py:153} INFO - Started process (PID=953) to work on /opt/airflow/dags/export_data_operator.py
[2023-05-31 23:39:10,631] {processor.py:641} INFO - Processing file /opt/airflow/dags/export_data_operator.py for tasks to queue
[2023-05-31 23:39:10,631] {logging_mixin.py:115} INFO - [2023-05-31 23:39:10,631] {dagbag.py:508} INFO - Filling up the DagBag from /opt/airflow/dags/export_data_operator.py
[2023-05-31 23:39:10,842] {processor.py:653} WARNING - No viable dags retrieved from /opt/airflow/dags/export_data_operator.py
[2023-05-31 23:39:10,855] {processor.py:161} INFO - Processing /opt/airflow/dags/export_data_operator.py took 0.229 seconds
[2023-05-31 23:39:41,716] {processor.py:153} INFO - Started process (PID=1005) to work on /opt/airflow/dags/export_data_operator.py
[2023-05-31 23:39:41,719] {processor.py:641} INFO - Processing file /opt/airflow/dags/export_data_operator.py for tasks to queue
[2023-05-31 23:39:41,720] {logging_mixin.py:115} INFO - [2023-05-31 23:39:41,720] {dagbag.py:508} INFO - Filling up the DagBag from /opt/airflow/dags/export_data_operator.py
[2023-05-31 23:39:41,941] {processor.py:653} WARNING - No viable dags retrieved from /opt/airflow/dags/export_data_operator.py
[2023-05-31 23:39:41,954] {processor.py:161} INFO - Processing /opt/airflow/dags/export_data_operator.py took 0.244 seconds
[2023-05-31 23:40:12,246] {processor.py:153} INFO - Started process (PID=1048) to work on /opt/airflow/dags/export_data_operator.py
[2023-05-31 23:40:12,249] {processor.py:641} INFO - Processing file /opt/airflow/dags/export_data_operator.py for tasks to queue
[2023-05-31 23:40:12,250] {logging_mixin.py:115} INFO - [2023-05-31 23:40:12,250] {dagbag.py:508} INFO - Filling up the DagBag from /opt/airflow/dags/export_data_operator.py
[2023-05-31 23:40:12,481] {processor.py:653} WARNING - No viable dags retrieved from /opt/airflow/dags/export_data_operator.py
[2023-05-31 23:40:12,497] {processor.py:161} INFO - Processing /opt/airflow/dags/export_data_operator.py took 0.259 seconds
[2023-05-31 23:40:42,648] {processor.py:153} INFO - Started process (PID=1091) to work on /opt/airflow/dags/export_data_operator.py
[2023-05-31 23:40:42,651] {processor.py:641} INFO - Processing file /opt/airflow/dags/export_data_operator.py for tasks to queue
[2023-05-31 23:40:42,652] {logging_mixin.py:115} INFO - [2023-05-31 23:40:42,652] {dagbag.py:508} INFO - Filling up the DagBag from /opt/airflow/dags/export_data_operator.py
[2023-05-31 23:40:42,917] {processor.py:653} WARNING - No viable dags retrieved from /opt/airflow/dags/export_data_operator.py
[2023-05-31 23:40:42,931] {processor.py:161} INFO - Processing /opt/airflow/dags/export_data_operator.py took 0.289 seconds
[2023-05-31 23:41:13,252] {processor.py:153} INFO - Started process (PID=1138) to work on /opt/airflow/dags/export_data_operator.py
[2023-05-31 23:41:13,254] {processor.py:641} INFO - Processing file /opt/airflow/dags/export_data_operator.py for tasks to queue
[2023-05-31 23:41:13,255] {logging_mixin.py:115} INFO - [2023-05-31 23:41:13,255] {dagbag.py:508} INFO - Filling up the DagBag from /opt/airflow/dags/export_data_operator.py
[2023-05-31 23:41:13,464] {processor.py:653} WARNING - No viable dags retrieved from /opt/airflow/dags/export_data_operator.py
[2023-05-31 23:41:13,479] {processor.py:161} INFO - Processing /opt/airflow/dags/export_data_operator.py took 0.230 seconds
[2023-05-31 23:41:43,689] {processor.py:153} INFO - Started process (PID=1172) to work on /opt/airflow/dags/export_data_operator.py
[2023-05-31 23:41:43,691] {processor.py:641} INFO - Processing file /opt/airflow/dags/export_data_operator.py for tasks to queue
[2023-05-31 23:41:43,691] {logging_mixin.py:115} INFO - [2023-05-31 23:41:43,691] {dagbag.py:508} INFO - Filling up the DagBag from /opt/airflow/dags/export_data_operator.py
[2023-05-31 23:41:43,879] {processor.py:653} WARNING - No viable dags retrieved from /opt/airflow/dags/export_data_operator.py
[2023-05-31 23:41:43,893] {processor.py:161} INFO - Processing /opt/airflow/dags/export_data_operator.py took 0.207 seconds
[2023-05-31 23:42:14,016] {processor.py:153} INFO - Started process (PID=1215) to work on /opt/airflow/dags/export_data_operator.py
[2023-05-31 23:42:14,019] {processor.py:641} INFO - Processing file /opt/airflow/dags/export_data_operator.py for tasks to queue
[2023-05-31 23:42:14,021] {logging_mixin.py:115} INFO - [2023-05-31 23:42:14,021] {dagbag.py:508} INFO - Filling up the DagBag from /opt/airflow/dags/export_data_operator.py
[2023-05-31 23:42:14,209] {processor.py:653} WARNING - No viable dags retrieved from /opt/airflow/dags/export_data_operator.py
[2023-05-31 23:42:14,221] {processor.py:161} INFO - Processing /opt/airflow/dags/export_data_operator.py took 0.211 seconds
[2023-05-31 23:42:45,001] {processor.py:153} INFO - Started process (PID=1259) to work on /opt/airflow/dags/export_data_operator.py
[2023-05-31 23:42:45,008] {processor.py:641} INFO - Processing file /opt/airflow/dags/export_data_operator.py for tasks to queue
[2023-05-31 23:42:45,011] {logging_mixin.py:115} INFO - [2023-05-31 23:42:45,011] {dagbag.py:508} INFO - Filling up the DagBag from /opt/airflow/dags/export_data_operator.py
[2023-05-31 23:42:45,227] {processor.py:653} WARNING - No viable dags retrieved from /opt/airflow/dags/export_data_operator.py
[2023-05-31 23:42:45,242] {processor.py:161} INFO - Processing /opt/airflow/dags/export_data_operator.py took 0.249 seconds
[2023-05-31 23:43:16,035] {processor.py:153} INFO - Started process (PID=1302) to work on /opt/airflow/dags/export_data_operator.py
[2023-05-31 23:43:16,037] {processor.py:641} INFO - Processing file /opt/airflow/dags/export_data_operator.py for tasks to queue
[2023-05-31 23:43:16,038] {logging_mixin.py:115} INFO - [2023-05-31 23:43:16,038] {dagbag.py:508} INFO - Filling up the DagBag from /opt/airflow/dags/export_data_operator.py
[2023-05-31 23:43:16,218] {processor.py:653} WARNING - No viable dags retrieved from /opt/airflow/dags/export_data_operator.py
[2023-05-31 23:43:16,231] {processor.py:161} INFO - Processing /opt/airflow/dags/export_data_operator.py took 0.201 seconds
[2023-05-31 23:43:47,020] {processor.py:153} INFO - Started process (PID=1345) to work on /opt/airflow/dags/export_data_operator.py
[2023-05-31 23:43:47,023] {processor.py:641} INFO - Processing file /opt/airflow/dags/export_data_operator.py for tasks to queue
[2023-05-31 23:43:47,024] {logging_mixin.py:115} INFO - [2023-05-31 23:43:47,024] {dagbag.py:508} INFO - Filling up the DagBag from /opt/airflow/dags/export_data_operator.py
[2023-05-31 23:43:47,225] {processor.py:653} WARNING - No viable dags retrieved from /opt/airflow/dags/export_data_operator.py
[2023-05-31 23:43:47,239] {processor.py:161} INFO - Processing /opt/airflow/dags/export_data_operator.py took 0.222 seconds
[2023-05-31 23:44:18,097] {processor.py:153} INFO - Started process (PID=1388) to work on /opt/airflow/dags/export_data_operator.py
[2023-05-31 23:44:18,099] {processor.py:641} INFO - Processing file /opt/airflow/dags/export_data_operator.py for tasks to queue
[2023-05-31 23:44:18,100] {logging_mixin.py:115} INFO - [2023-05-31 23:44:18,100] {dagbag.py:508} INFO - Filling up the DagBag from /opt/airflow/dags/export_data_operator.py
[2023-05-31 23:44:18,288] {processor.py:653} WARNING - No viable dags retrieved from /opt/airflow/dags/export_data_operator.py
[2023-05-31 23:44:18,301] {processor.py:161} INFO - Processing /opt/airflow/dags/export_data_operator.py took 0.209 seconds
[2023-05-31 23:44:48,938] {processor.py:153} INFO - Started process (PID=1422) to work on /opt/airflow/dags/export_data_operator.py
[2023-05-31 23:44:48,942] {processor.py:641} INFO - Processing file /opt/airflow/dags/export_data_operator.py for tasks to queue
[2023-05-31 23:44:48,944] {logging_mixin.py:115} INFO - [2023-05-31 23:44:48,944] {dagbag.py:508} INFO - Filling up the DagBag from /opt/airflow/dags/export_data_operator.py
[2023-05-31 23:44:49,140] {processor.py:653} WARNING - No viable dags retrieved from /opt/airflow/dags/export_data_operator.py
[2023-05-31 23:44:49,152] {processor.py:161} INFO - Processing /opt/airflow/dags/export_data_operator.py took 0.221 seconds
[2023-05-31 23:45:20,020] {processor.py:153} INFO - Started process (PID=1465) to work on /opt/airflow/dags/export_data_operator.py
[2023-05-31 23:45:20,023] {processor.py:641} INFO - Processing file /opt/airflow/dags/export_data_operator.py for tasks to queue
[2023-05-31 23:45:20,024] {logging_mixin.py:115} INFO - [2023-05-31 23:45:20,024] {dagbag.py:508} INFO - Filling up the DagBag from /opt/airflow/dags/export_data_operator.py
[2023-05-31 23:45:20,240] {processor.py:653} WARNING - No viable dags retrieved from /opt/airflow/dags/export_data_operator.py
[2023-05-31 23:45:20,254] {processor.py:161} INFO - Processing /opt/airflow/dags/export_data_operator.py took 0.240 seconds
[2023-05-31 23:45:50,496] {processor.py:153} INFO - Started process (PID=1508) to work on /opt/airflow/dags/export_data_operator.py
[2023-05-31 23:45:50,497] {processor.py:641} INFO - Processing file /opt/airflow/dags/export_data_operator.py for tasks to queue
[2023-05-31 23:45:50,498] {logging_mixin.py:115} INFO - [2023-05-31 23:45:50,498] {dagbag.py:508} INFO - Filling up the DagBag from /opt/airflow/dags/export_data_operator.py
[2023-05-31 23:45:50,713] {processor.py:653} WARNING - No viable dags retrieved from /opt/airflow/dags/export_data_operator.py
[2023-05-31 23:45:50,729] {processor.py:161} INFO - Processing /opt/airflow/dags/export_data_operator.py took 0.237 seconds
[2023-05-31 23:46:20,846] {processor.py:153} INFO - Started process (PID=1551) to work on /opt/airflow/dags/export_data_operator.py
[2023-05-31 23:46:20,848] {processor.py:641} INFO - Processing file /opt/airflow/dags/export_data_operator.py for tasks to queue
[2023-05-31 23:46:20,849] {logging_mixin.py:115} INFO - [2023-05-31 23:46:20,849] {dagbag.py:508} INFO - Filling up the DagBag from /opt/airflow/dags/export_data_operator.py
[2023-05-31 23:46:21,053] {processor.py:653} WARNING - No viable dags retrieved from /opt/airflow/dags/export_data_operator.py
[2023-05-31 23:46:21,068] {processor.py:161} INFO - Processing /opt/airflow/dags/export_data_operator.py took 0.225 seconds
[2023-05-31 23:46:51,245] {processor.py:153} INFO - Started process (PID=1594) to work on /opt/airflow/dags/export_data_operator.py
[2023-05-31 23:46:51,246] {processor.py:641} INFO - Processing file /opt/airflow/dags/export_data_operator.py for tasks to queue
[2023-05-31 23:46:51,247] {logging_mixin.py:115} INFO - [2023-05-31 23:46:51,247] {dagbag.py:508} INFO - Filling up the DagBag from /opt/airflow/dags/export_data_operator.py
[2023-05-31 23:46:51,457] {processor.py:653} WARNING - No viable dags retrieved from /opt/airflow/dags/export_data_operator.py
[2023-05-31 23:46:51,472] {processor.py:161} INFO - Processing /opt/airflow/dags/export_data_operator.py took 0.230 seconds
[2023-05-31 23:47:21,518] {processor.py:153} INFO - Started process (PID=1637) to work on /opt/airflow/dags/export_data_operator.py
[2023-05-31 23:47:21,519] {processor.py:641} INFO - Processing file /opt/airflow/dags/export_data_operator.py for tasks to queue
[2023-05-31 23:47:21,520] {logging_mixin.py:115} INFO - [2023-05-31 23:47:21,520] {dagbag.py:508} INFO - Filling up the DagBag from /opt/airflow/dags/export_data_operator.py
[2023-05-31 23:47:21,742] {processor.py:653} WARNING - No viable dags retrieved from /opt/airflow/dags/export_data_operator.py
[2023-05-31 23:47:21,757] {processor.py:161} INFO - Processing /opt/airflow/dags/export_data_operator.py took 0.242 seconds
[2023-05-31 23:47:51,887] {processor.py:153} INFO - Started process (PID=1671) to work on /opt/airflow/dags/export_data_operator.py
[2023-05-31 23:47:51,889] {processor.py:641} INFO - Processing file /opt/airflow/dags/export_data_operator.py for tasks to queue
[2023-05-31 23:47:51,890] {logging_mixin.py:115} INFO - [2023-05-31 23:47:51,890] {dagbag.py:508} INFO - Filling up the DagBag from /opt/airflow/dags/export_data_operator.py
[2023-05-31 23:47:52,096] {processor.py:653} WARNING - No viable dags retrieved from /opt/airflow/dags/export_data_operator.py
[2023-05-31 23:47:52,108] {processor.py:161} INFO - Processing /opt/airflow/dags/export_data_operator.py took 0.227 seconds
[2023-05-31 23:48:22,688] {processor.py:153} INFO - Started process (PID=1714) to work on /opt/airflow/dags/export_data_operator.py
[2023-05-31 23:48:22,690] {processor.py:641} INFO - Processing file /opt/airflow/dags/export_data_operator.py for tasks to queue
[2023-05-31 23:48:22,691] {logging_mixin.py:115} INFO - [2023-05-31 23:48:22,691] {dagbag.py:508} INFO - Filling up the DagBag from /opt/airflow/dags/export_data_operator.py
[2023-05-31 23:48:22,894] {processor.py:653} WARNING - No viable dags retrieved from /opt/airflow/dags/export_data_operator.py
[2023-05-31 23:48:22,908] {processor.py:161} INFO - Processing /opt/airflow/dags/export_data_operator.py took 0.222 seconds
[2023-05-31 23:48:53,664] {processor.py:153} INFO - Started process (PID=1757) to work on /opt/airflow/dags/export_data_operator.py
[2023-05-31 23:48:53,667] {processor.py:641} INFO - Processing file /opt/airflow/dags/export_data_operator.py for tasks to queue
[2023-05-31 23:48:53,668] {logging_mixin.py:115} INFO - [2023-05-31 23:48:53,668] {dagbag.py:508} INFO - Filling up the DagBag from /opt/airflow/dags/export_data_operator.py
[2023-05-31 23:48:53,869] {processor.py:653} WARNING - No viable dags retrieved from /opt/airflow/dags/export_data_operator.py
[2023-05-31 23:48:53,882] {processor.py:161} INFO - Processing /opt/airflow/dags/export_data_operator.py took 0.225 seconds
[2023-05-31 23:49:23,998] {processor.py:153} INFO - Started process (PID=1800) to work on /opt/airflow/dags/export_data_operator.py
[2023-05-31 23:49:24,004] {processor.py:641} INFO - Processing file /opt/airflow/dags/export_data_operator.py for tasks to queue
[2023-05-31 23:49:24,006] {logging_mixin.py:115} INFO - [2023-05-31 23:49:24,006] {dagbag.py:508} INFO - Filling up the DagBag from /opt/airflow/dags/export_data_operator.py
[2023-05-31 23:49:24,260] {processor.py:653} WARNING - No viable dags retrieved from /opt/airflow/dags/export_data_operator.py
[2023-05-31 23:49:24,275] {processor.py:161} INFO - Processing /opt/airflow/dags/export_data_operator.py took 0.285 seconds
[2023-05-31 23:49:55,281] {processor.py:153} INFO - Started process (PID=1843) to work on /opt/airflow/dags/export_data_operator.py
[2023-05-31 23:49:55,282] {processor.py:641} INFO - Processing file /opt/airflow/dags/export_data_operator.py for tasks to queue
[2023-05-31 23:49:55,283] {logging_mixin.py:115} INFO - [2023-05-31 23:49:55,283] {dagbag.py:508} INFO - Filling up the DagBag from /opt/airflow/dags/export_data_operator.py
[2023-05-31 23:49:55,481] {processor.py:653} WARNING - No viable dags retrieved from /opt/airflow/dags/export_data_operator.py
[2023-05-31 23:49:55,494] {processor.py:161} INFO - Processing /opt/airflow/dags/export_data_operator.py took 0.217 seconds
[2023-05-31 23:50:26,211] {processor.py:153} INFO - Started process (PID=1885) to work on /opt/airflow/dags/export_data_operator.py
[2023-05-31 23:50:26,212] {processor.py:641} INFO - Processing file /opt/airflow/dags/export_data_operator.py for tasks to queue
[2023-05-31 23:50:26,213] {logging_mixin.py:115} INFO - [2023-05-31 23:50:26,213] {dagbag.py:508} INFO - Filling up the DagBag from /opt/airflow/dags/export_data_operator.py
[2023-05-31 23:50:26,511] {processor.py:653} WARNING - No viable dags retrieved from /opt/airflow/dags/export_data_operator.py
[2023-05-31 23:50:26,527] {processor.py:161} INFO - Processing /opt/airflow/dags/export_data_operator.py took 0.321 seconds
[2023-05-31 23:50:57,223] {processor.py:153} INFO - Started process (PID=1919) to work on /opt/airflow/dags/export_data_operator.py
[2023-05-31 23:50:57,225] {processor.py:641} INFO - Processing file /opt/airflow/dags/export_data_operator.py for tasks to queue
[2023-05-31 23:50:57,226] {logging_mixin.py:115} INFO - [2023-05-31 23:50:57,226] {dagbag.py:508} INFO - Filling up the DagBag from /opt/airflow/dags/export_data_operator.py
[2023-05-31 23:50:57,436] {processor.py:653} WARNING - No viable dags retrieved from /opt/airflow/dags/export_data_operator.py
[2023-05-31 23:50:57,450] {processor.py:161} INFO - Processing /opt/airflow/dags/export_data_operator.py took 0.230 seconds
[2023-05-31 23:51:28,393] {processor.py:153} INFO - Started process (PID=1962) to work on /opt/airflow/dags/export_data_operator.py
[2023-05-31 23:51:28,396] {processor.py:641} INFO - Processing file /opt/airflow/dags/export_data_operator.py for tasks to queue
[2023-05-31 23:51:28,397] {logging_mixin.py:115} INFO - [2023-05-31 23:51:28,397] {dagbag.py:508} INFO - Filling up the DagBag from /opt/airflow/dags/export_data_operator.py
[2023-05-31 23:51:28,594] {processor.py:653} WARNING - No viable dags retrieved from /opt/airflow/dags/export_data_operator.py
[2023-05-31 23:51:28,607] {processor.py:161} INFO - Processing /opt/airflow/dags/export_data_operator.py took 0.219 seconds
[2023-05-31 23:51:59,232] {processor.py:153} INFO - Started process (PID=2005) to work on /opt/airflow/dags/export_data_operator.py
[2023-05-31 23:51:59,234] {processor.py:641} INFO - Processing file /opt/airflow/dags/export_data_operator.py for tasks to queue
[2023-05-31 23:51:59,235] {logging_mixin.py:115} INFO - [2023-05-31 23:51:59,235] {dagbag.py:508} INFO - Filling up the DagBag from /opt/airflow/dags/export_data_operator.py
[2023-05-31 23:51:59,446] {processor.py:653} WARNING - No viable dags retrieved from /opt/airflow/dags/export_data_operator.py
[2023-05-31 23:51:59,461] {processor.py:161} INFO - Processing /opt/airflow/dags/export_data_operator.py took 0.232 seconds
[2023-05-31 23:52:30,287] {processor.py:153} INFO - Started process (PID=2048) to work on /opt/airflow/dags/export_data_operator.py
[2023-05-31 23:52:30,288] {processor.py:641} INFO - Processing file /opt/airflow/dags/export_data_operator.py for tasks to queue
[2023-05-31 23:52:30,289] {logging_mixin.py:115} INFO - [2023-05-31 23:52:30,289] {dagbag.py:508} INFO - Filling up the DagBag from /opt/airflow/dags/export_data_operator.py
[2023-05-31 23:52:30,502] {processor.py:653} WARNING - No viable dags retrieved from /opt/airflow/dags/export_data_operator.py
[2023-05-31 23:52:30,515] {processor.py:161} INFO - Processing /opt/airflow/dags/export_data_operator.py took 0.232 seconds
[2023-05-31 23:53:01,288] {processor.py:153} INFO - Started process (PID=2091) to work on /opt/airflow/dags/export_data_operator.py
[2023-05-31 23:53:01,290] {processor.py:641} INFO - Processing file /opt/airflow/dags/export_data_operator.py for tasks to queue
[2023-05-31 23:53:01,292] {logging_mixin.py:115} INFO - [2023-05-31 23:53:01,292] {dagbag.py:508} INFO - Filling up the DagBag from /opt/airflow/dags/export_data_operator.py
[2023-05-31 23:53:01,544] {processor.py:653} WARNING - No viable dags retrieved from /opt/airflow/dags/export_data_operator.py
[2023-05-31 23:53:01,558] {processor.py:161} INFO - Processing /opt/airflow/dags/export_data_operator.py took 0.279 seconds
[2023-05-31 23:53:32,516] {processor.py:153} INFO - Started process (PID=2134) to work on /opt/airflow/dags/export_data_operator.py
[2023-05-31 23:53:32,517] {processor.py:641} INFO - Processing file /opt/airflow/dags/export_data_operator.py for tasks to queue
[2023-05-31 23:53:32,518] {logging_mixin.py:115} INFO - [2023-05-31 23:53:32,518] {dagbag.py:508} INFO - Filling up the DagBag from /opt/airflow/dags/export_data_operator.py
[2023-05-31 23:53:32,726] {processor.py:653} WARNING - No viable dags retrieved from /opt/airflow/dags/export_data_operator.py
[2023-05-31 23:53:32,741] {processor.py:161} INFO - Processing /opt/airflow/dags/export_data_operator.py took 0.229 seconds
[2023-05-31 23:54:02,812] {processor.py:153} INFO - Started process (PID=2168) to work on /opt/airflow/dags/export_data_operator.py
[2023-05-31 23:54:02,815] {processor.py:641} INFO - Processing file /opt/airflow/dags/export_data_operator.py for tasks to queue
[2023-05-31 23:54:02,817] {logging_mixin.py:115} INFO - [2023-05-31 23:54:02,816] {dagbag.py:508} INFO - Filling up the DagBag from /opt/airflow/dags/export_data_operator.py
[2023-05-31 23:54:03,042] {processor.py:653} WARNING - No viable dags retrieved from /opt/airflow/dags/export_data_operator.py
[2023-05-31 23:54:03,058] {processor.py:161} INFO - Processing /opt/airflow/dags/export_data_operator.py took 0.253 seconds
[2023-05-31 23:54:33,945] {processor.py:153} INFO - Started process (PID=2211) to work on /opt/airflow/dags/export_data_operator.py
[2023-05-31 23:54:33,947] {processor.py:641} INFO - Processing file /opt/airflow/dags/export_data_operator.py for tasks to queue
[2023-05-31 23:54:33,947] {logging_mixin.py:115} INFO - [2023-05-31 23:54:33,947] {dagbag.py:508} INFO - Filling up the DagBag from /opt/airflow/dags/export_data_operator.py
[2023-05-31 23:54:34,173] {processor.py:653} WARNING - No viable dags retrieved from /opt/airflow/dags/export_data_operator.py
[2023-05-31 23:54:34,190] {processor.py:161} INFO - Processing /opt/airflow/dags/export_data_operator.py took 0.250 seconds
[2023-05-31 23:55:05,035] {processor.py:153} INFO - Started process (PID=2254) to work on /opt/airflow/dags/export_data_operator.py
[2023-05-31 23:55:05,038] {processor.py:641} INFO - Processing file /opt/airflow/dags/export_data_operator.py for tasks to queue
[2023-05-31 23:55:05,039] {logging_mixin.py:115} INFO - [2023-05-31 23:55:05,039] {dagbag.py:508} INFO - Filling up the DagBag from /opt/airflow/dags/export_data_operator.py
[2023-05-31 23:55:05,267] {processor.py:653} WARNING - No viable dags retrieved from /opt/airflow/dags/export_data_operator.py
[2023-05-31 23:55:05,281] {processor.py:161} INFO - Processing /opt/airflow/dags/export_data_operator.py took 0.252 seconds
[2023-05-31 23:55:35,465] {processor.py:153} INFO - Started process (PID=2297) to work on /opt/airflow/dags/export_data_operator.py
[2023-05-31 23:55:35,466] {processor.py:641} INFO - Processing file /opt/airflow/dags/export_data_operator.py for tasks to queue
[2023-05-31 23:55:35,467] {logging_mixin.py:115} INFO - [2023-05-31 23:55:35,467] {dagbag.py:508} INFO - Filling up the DagBag from /opt/airflow/dags/export_data_operator.py
[2023-05-31 23:55:35,662] {processor.py:653} WARNING - No viable dags retrieved from /opt/airflow/dags/export_data_operator.py
[2023-05-31 23:55:35,679] {processor.py:161} INFO - Processing /opt/airflow/dags/export_data_operator.py took 0.217 seconds
[2023-05-31 23:56:05,884] {processor.py:153} INFO - Started process (PID=2341) to work on /opt/airflow/dags/export_data_operator.py
[2023-05-31 23:56:05,888] {processor.py:641} INFO - Processing file /opt/airflow/dags/export_data_operator.py for tasks to queue
[2023-05-31 23:56:05,889] {logging_mixin.py:115} INFO - [2023-05-31 23:56:05,889] {dagbag.py:508} INFO - Filling up the DagBag from /opt/airflow/dags/export_data_operator.py
[2023-05-31 23:56:06,105] {processor.py:653} WARNING - No viable dags retrieved from /opt/airflow/dags/export_data_operator.py
[2023-05-31 23:56:06,119] {processor.py:161} INFO - Processing /opt/airflow/dags/export_data_operator.py took 0.242 seconds
[2023-05-31 23:56:37,026] {processor.py:153} INFO - Started process (PID=2384) to work on /opt/airflow/dags/export_data_operator.py
[2023-05-31 23:56:37,029] {processor.py:641} INFO - Processing file /opt/airflow/dags/export_data_operator.py for tasks to queue
[2023-05-31 23:56:37,030] {logging_mixin.py:115} INFO - [2023-05-31 23:56:37,030] {dagbag.py:508} INFO - Filling up the DagBag from /opt/airflow/dags/export_data_operator.py
[2023-05-31 23:56:37,238] {processor.py:653} WARNING - No viable dags retrieved from /opt/airflow/dags/export_data_operator.py
[2023-05-31 23:56:37,251] {processor.py:161} INFO - Processing /opt/airflow/dags/export_data_operator.py took 0.232 seconds
[2023-05-31 23:57:07,948] {processor.py:153} INFO - Started process (PID=2426) to work on /opt/airflow/dags/export_data_operator.py
[2023-05-31 23:57:07,949] {processor.py:641} INFO - Processing file /opt/airflow/dags/export_data_operator.py for tasks to queue
[2023-05-31 23:57:07,951] {logging_mixin.py:115} INFO - [2023-05-31 23:57:07,950] {dagbag.py:508} INFO - Filling up the DagBag from /opt/airflow/dags/export_data_operator.py
[2023-05-31 23:57:08,234] {processor.py:653} WARNING - No viable dags retrieved from /opt/airflow/dags/export_data_operator.py
[2023-05-31 23:57:08,255] {processor.py:161} INFO - Processing /opt/airflow/dags/export_data_operator.py took 0.311 seconds
[2023-05-31 23:57:38,873] {processor.py:153} INFO - Started process (PID=2460) to work on /opt/airflow/dags/export_data_operator.py
[2023-05-31 23:57:38,875] {processor.py:641} INFO - Processing file /opt/airflow/dags/export_data_operator.py for tasks to queue
[2023-05-31 23:57:38,877] {logging_mixin.py:115} INFO - [2023-05-31 23:57:38,877] {dagbag.py:508} INFO - Filling up the DagBag from /opt/airflow/dags/export_data_operator.py
[2023-05-31 23:57:39,076] {processor.py:653} WARNING - No viable dags retrieved from /opt/airflow/dags/export_data_operator.py
[2023-05-31 23:57:39,090] {processor.py:161} INFO - Processing /opt/airflow/dags/export_data_operator.py took 0.222 seconds
[2023-05-31 23:58:09,901] {processor.py:153} INFO - Started process (PID=2503) to work on /opt/airflow/dags/export_data_operator.py
[2023-05-31 23:58:09,903] {processor.py:641} INFO - Processing file /opt/airflow/dags/export_data_operator.py for tasks to queue
[2023-05-31 23:58:09,904] {logging_mixin.py:115} INFO - [2023-05-31 23:58:09,904] {dagbag.py:508} INFO - Filling up the DagBag from /opt/airflow/dags/export_data_operator.py
[2023-05-31 23:58:10,114] {processor.py:653} WARNING - No viable dags retrieved from /opt/airflow/dags/export_data_operator.py
[2023-05-31 23:58:10,128] {processor.py:161} INFO - Processing /opt/airflow/dags/export_data_operator.py took 0.231 seconds
[2023-05-31 23:58:40,175] {processor.py:153} INFO - Started process (PID=2547) to work on /opt/airflow/dags/export_data_operator.py
[2023-05-31 23:58:40,177] {processor.py:641} INFO - Processing file /opt/airflow/dags/export_data_operator.py for tasks to queue
[2023-05-31 23:58:40,178] {logging_mixin.py:115} INFO - [2023-05-31 23:58:40,178] {dagbag.py:508} INFO - Filling up the DagBag from /opt/airflow/dags/export_data_operator.py
[2023-05-31 23:58:40,387] {processor.py:653} WARNING - No viable dags retrieved from /opt/airflow/dags/export_data_operator.py
[2023-05-31 23:58:40,402] {processor.py:161} INFO - Processing /opt/airflow/dags/export_data_operator.py took 0.230 seconds
[2023-05-31 23:59:10,972] {processor.py:153} INFO - Started process (PID=2590) to work on /opt/airflow/dags/export_data_operator.py
[2023-05-31 23:59:10,974] {processor.py:641} INFO - Processing file /opt/airflow/dags/export_data_operator.py for tasks to queue
[2023-05-31 23:59:10,975] {logging_mixin.py:115} INFO - [2023-05-31 23:59:10,975] {dagbag.py:508} INFO - Filling up the DagBag from /opt/airflow/dags/export_data_operator.py
[2023-05-31 23:59:11,221] {processor.py:653} WARNING - No viable dags retrieved from /opt/airflow/dags/export_data_operator.py
[2023-05-31 23:59:11,237] {processor.py:161} INFO - Processing /opt/airflow/dags/export_data_operator.py took 0.270 seconds
[2023-05-31 23:59:41,921] {processor.py:153} INFO - Started process (PID=2634) to work on /opt/airflow/dags/export_data_operator.py
[2023-05-31 23:59:41,923] {processor.py:641} INFO - Processing file /opt/airflow/dags/export_data_operator.py for tasks to queue
[2023-05-31 23:59:41,924] {logging_mixin.py:115} INFO - [2023-05-31 23:59:41,923] {dagbag.py:508} INFO - Filling up the DagBag from /opt/airflow/dags/export_data_operator.py
[2023-05-31 23:59:42,145] {processor.py:653} WARNING - No viable dags retrieved from /opt/airflow/dags/export_data_operator.py
[2023-05-31 23:59:42,160] {processor.py:161} INFO - Processing /opt/airflow/dags/export_data_operator.py took 0.243 seconds
