[2023-05-31 23:28:25,278] {processor.py:153} INFO - Started process (PID=61) to work on /opt/airflow/dags/prepare_wos_data_operator.py
[2023-05-31 23:28:25,280] {processor.py:641} INFO - Processing file /opt/airflow/dags/prepare_wos_data_operator.py for tasks to queue
[2023-05-31 23:28:25,280] {logging_mixin.py:115} INFO - [2023-05-31 23:28:25,280] {dagbag.py:508} INFO - Filling up the DagBag from /opt/airflow/dags/prepare_wos_data_operator.py
[2023-05-31 23:28:25,491] {processor.py:653} WARNING - No viable dags retrieved from /opt/airflow/dags/prepare_wos_data_operator.py
[2023-05-31 23:28:25,523] {processor.py:161} INFO - Processing /opt/airflow/dags/prepare_wos_data_operator.py took 0.248 seconds
[2023-05-31 23:28:55,578] {processor.py:153} INFO - Started process (PID=93) to work on /opt/airflow/dags/prepare_wos_data_operator.py
[2023-05-31 23:28:55,579] {processor.py:641} INFO - Processing file /opt/airflow/dags/prepare_wos_data_operator.py for tasks to queue
[2023-05-31 23:28:55,580] {logging_mixin.py:115} INFO - [2023-05-31 23:28:55,580] {dagbag.py:508} INFO - Filling up the DagBag from /opt/airflow/dags/prepare_wos_data_operator.py
[2023-05-31 23:28:55,719] {processor.py:653} WARNING - No viable dags retrieved from /opt/airflow/dags/prepare_wos_data_operator.py
[2023-05-31 23:28:55,732] {processor.py:161} INFO - Processing /opt/airflow/dags/prepare_wos_data_operator.py took 0.157 seconds
[2023-05-31 23:29:25,851] {processor.py:153} INFO - Started process (PID=136) to work on /opt/airflow/dags/prepare_wos_data_operator.py
[2023-05-31 23:29:25,852] {processor.py:641} INFO - Processing file /opt/airflow/dags/prepare_wos_data_operator.py for tasks to queue
[2023-05-31 23:29:25,853] {logging_mixin.py:115} INFO - [2023-05-31 23:29:25,853] {dagbag.py:508} INFO - Filling up the DagBag from /opt/airflow/dags/prepare_wos_data_operator.py
[2023-05-31 23:29:25,989] {processor.py:653} WARNING - No viable dags retrieved from /opt/airflow/dags/prepare_wos_data_operator.py
[2023-05-31 23:29:26,002] {processor.py:161} INFO - Processing /opt/airflow/dags/prepare_wos_data_operator.py took 0.154 seconds
[2023-05-31 23:29:56,969] {processor.py:153} INFO - Started process (PID=191) to work on /opt/airflow/dags/prepare_wos_data_operator.py
[2023-05-31 23:29:56,970] {processor.py:641} INFO - Processing file /opt/airflow/dags/prepare_wos_data_operator.py for tasks to queue
[2023-05-31 23:29:56,971] {logging_mixin.py:115} INFO - [2023-05-31 23:29:56,971] {dagbag.py:508} INFO - Filling up the DagBag from /opt/airflow/dags/prepare_wos_data_operator.py
[2023-05-31 23:29:57,104] {processor.py:653} WARNING - No viable dags retrieved from /opt/airflow/dags/prepare_wos_data_operator.py
[2023-05-31 23:29:57,117] {processor.py:161} INFO - Processing /opt/airflow/dags/prepare_wos_data_operator.py took 0.151 seconds
[2023-05-31 23:30:28,028] {processor.py:153} INFO - Started process (PID=234) to work on /opt/airflow/dags/prepare_wos_data_operator.py
[2023-05-31 23:30:28,029] {processor.py:641} INFO - Processing file /opt/airflow/dags/prepare_wos_data_operator.py for tasks to queue
[2023-05-31 23:30:28,029] {logging_mixin.py:115} INFO - [2023-05-31 23:30:28,029] {dagbag.py:508} INFO - Filling up the DagBag from /opt/airflow/dags/prepare_wos_data_operator.py
[2023-05-31 23:30:28,155] {processor.py:653} WARNING - No viable dags retrieved from /opt/airflow/dags/prepare_wos_data_operator.py
[2023-05-31 23:30:28,168] {processor.py:161} INFO - Processing /opt/airflow/dags/prepare_wos_data_operator.py took 0.143 seconds
[2023-05-31 23:30:58,975] {processor.py:153} INFO - Started process (PID=278) to work on /opt/airflow/dags/prepare_wos_data_operator.py
[2023-05-31 23:30:58,976] {processor.py:641} INFO - Processing file /opt/airflow/dags/prepare_wos_data_operator.py for tasks to queue
[2023-05-31 23:30:58,977] {logging_mixin.py:115} INFO - [2023-05-31 23:30:58,977] {dagbag.py:508} INFO - Filling up the DagBag from /opt/airflow/dags/prepare_wos_data_operator.py
[2023-05-31 23:30:59,113] {processor.py:653} WARNING - No viable dags retrieved from /opt/airflow/dags/prepare_wos_data_operator.py
[2023-05-31 23:30:59,130] {processor.py:161} INFO - Processing /opt/airflow/dags/prepare_wos_data_operator.py took 0.158 seconds
[2023-05-31 23:31:29,954] {processor.py:153} INFO - Started process (PID=319) to work on /opt/airflow/dags/prepare_wos_data_operator.py
[2023-05-31 23:31:29,955] {processor.py:641} INFO - Processing file /opt/airflow/dags/prepare_wos_data_operator.py for tasks to queue
[2023-05-31 23:31:29,956] {logging_mixin.py:115} INFO - [2023-05-31 23:31:29,956] {dagbag.py:508} INFO - Filling up the DagBag from /opt/airflow/dags/prepare_wos_data_operator.py
[2023-05-31 23:31:30,086] {processor.py:653} WARNING - No viable dags retrieved from /opt/airflow/dags/prepare_wos_data_operator.py
[2023-05-31 23:31:30,098] {processor.py:161} INFO - Processing /opt/airflow/dags/prepare_wos_data_operator.py took 0.147 seconds
[2023-05-31 23:32:01,017] {processor.py:153} INFO - Started process (PID=362) to work on /opt/airflow/dags/prepare_wos_data_operator.py
[2023-05-31 23:32:01,018] {processor.py:641} INFO - Processing file /opt/airflow/dags/prepare_wos_data_operator.py for tasks to queue
[2023-05-31 23:32:01,019] {logging_mixin.py:115} INFO - [2023-05-31 23:32:01,019] {dagbag.py:508} INFO - Filling up the DagBag from /opt/airflow/dags/prepare_wos_data_operator.py
[2023-05-31 23:32:01,171] {processor.py:653} WARNING - No viable dags retrieved from /opt/airflow/dags/prepare_wos_data_operator.py
[2023-05-31 23:32:01,187] {processor.py:161} INFO - Processing /opt/airflow/dags/prepare_wos_data_operator.py took 0.173 seconds
[2023-05-31 23:32:32,044] {processor.py:153} INFO - Started process (PID=395) to work on /opt/airflow/dags/prepare_wos_data_operator.py
[2023-05-31 23:32:32,046] {processor.py:641} INFO - Processing file /opt/airflow/dags/prepare_wos_data_operator.py for tasks to queue
[2023-05-31 23:32:32,046] {logging_mixin.py:115} INFO - [2023-05-31 23:32:32,046] {dagbag.py:508} INFO - Filling up the DagBag from /opt/airflow/dags/prepare_wos_data_operator.py
[2023-05-31 23:32:32,172] {processor.py:653} WARNING - No viable dags retrieved from /opt/airflow/dags/prepare_wos_data_operator.py
[2023-05-31 23:32:32,184] {processor.py:161} INFO - Processing /opt/airflow/dags/prepare_wos_data_operator.py took 0.142 seconds
[2023-05-31 23:33:03,004] {processor.py:153} INFO - Started process (PID=438) to work on /opt/airflow/dags/prepare_wos_data_operator.py
[2023-05-31 23:33:03,005] {processor.py:641} INFO - Processing file /opt/airflow/dags/prepare_wos_data_operator.py for tasks to queue
[2023-05-31 23:33:03,005] {logging_mixin.py:115} INFO - [2023-05-31 23:33:03,005] {dagbag.py:508} INFO - Filling up the DagBag from /opt/airflow/dags/prepare_wos_data_operator.py
[2023-05-31 23:33:03,132] {processor.py:653} WARNING - No viable dags retrieved from /opt/airflow/dags/prepare_wos_data_operator.py
[2023-05-31 23:33:03,145] {processor.py:161} INFO - Processing /opt/airflow/dags/prepare_wos_data_operator.py took 0.144 seconds
[2023-05-31 23:33:34,057] {processor.py:153} INFO - Started process (PID=480) to work on /opt/airflow/dags/prepare_wos_data_operator.py
[2023-05-31 23:33:34,058] {processor.py:641} INFO - Processing file /opt/airflow/dags/prepare_wos_data_operator.py for tasks to queue
[2023-05-31 23:33:34,059] {logging_mixin.py:115} INFO - [2023-05-31 23:33:34,059] {dagbag.py:508} INFO - Filling up the DagBag from /opt/airflow/dags/prepare_wos_data_operator.py
[2023-05-31 23:33:34,186] {processor.py:653} WARNING - No viable dags retrieved from /opt/airflow/dags/prepare_wos_data_operator.py
[2023-05-31 23:33:34,199] {processor.py:161} INFO - Processing /opt/airflow/dags/prepare_wos_data_operator.py took 0.145 seconds
[2023-05-31 23:34:05,049] {processor.py:153} INFO - Started process (PID=522) to work on /opt/airflow/dags/prepare_wos_data_operator.py
[2023-05-31 23:34:05,050] {processor.py:641} INFO - Processing file /opt/airflow/dags/prepare_wos_data_operator.py for tasks to queue
[2023-05-31 23:34:05,051] {logging_mixin.py:115} INFO - [2023-05-31 23:34:05,051] {dagbag.py:508} INFO - Filling up the DagBag from /opt/airflow/dags/prepare_wos_data_operator.py
[2023-05-31 23:34:05,177] {processor.py:653} WARNING - No viable dags retrieved from /opt/airflow/dags/prepare_wos_data_operator.py
[2023-05-31 23:34:05,190] {processor.py:161} INFO - Processing /opt/airflow/dags/prepare_wos_data_operator.py took 0.144 seconds
[2023-05-31 23:34:36,011] {processor.py:153} INFO - Started process (PID=566) to work on /opt/airflow/dags/prepare_wos_data_operator.py
[2023-05-31 23:34:36,012] {processor.py:641} INFO - Processing file /opt/airflow/dags/prepare_wos_data_operator.py for tasks to queue
[2023-05-31 23:34:36,013] {logging_mixin.py:115} INFO - [2023-05-31 23:34:36,012] {dagbag.py:508} INFO - Filling up the DagBag from /opt/airflow/dags/prepare_wos_data_operator.py
[2023-05-31 23:34:36,144] {processor.py:653} WARNING - No viable dags retrieved from /opt/airflow/dags/prepare_wos_data_operator.py
[2023-05-31 23:34:36,157] {processor.py:161} INFO - Processing /opt/airflow/dags/prepare_wos_data_operator.py took 0.148 seconds
[2023-05-31 23:35:07,183] {processor.py:153} INFO - Started process (PID=609) to work on /opt/airflow/dags/prepare_wos_data_operator.py
[2023-05-31 23:35:07,184] {processor.py:641} INFO - Processing file /opt/airflow/dags/prepare_wos_data_operator.py for tasks to queue
[2023-05-31 23:35:07,185] {logging_mixin.py:115} INFO - [2023-05-31 23:35:07,185] {dagbag.py:508} INFO - Filling up the DagBag from /opt/airflow/dags/prepare_wos_data_operator.py
[2023-05-31 23:35:07,320] {processor.py:653} WARNING - No viable dags retrieved from /opt/airflow/dags/prepare_wos_data_operator.py
[2023-05-31 23:35:07,334] {processor.py:161} INFO - Processing /opt/airflow/dags/prepare_wos_data_operator.py took 0.154 seconds
[2023-05-31 23:35:38,245] {processor.py:153} INFO - Started process (PID=652) to work on /opt/airflow/dags/prepare_wos_data_operator.py
[2023-05-31 23:35:38,246] {processor.py:641} INFO - Processing file /opt/airflow/dags/prepare_wos_data_operator.py for tasks to queue
[2023-05-31 23:35:38,247] {logging_mixin.py:115} INFO - [2023-05-31 23:35:38,247] {dagbag.py:508} INFO - Filling up the DagBag from /opt/airflow/dags/prepare_wos_data_operator.py
[2023-05-31 23:35:38,380] {processor.py:653} WARNING - No viable dags retrieved from /opt/airflow/dags/prepare_wos_data_operator.py
[2023-05-31 23:35:38,394] {processor.py:161} INFO - Processing /opt/airflow/dags/prepare_wos_data_operator.py took 0.152 seconds
[2023-05-31 23:36:08,516] {processor.py:153} INFO - Started process (PID=686) to work on /opt/airflow/dags/prepare_wos_data_operator.py
[2023-05-31 23:36:08,517] {processor.py:641} INFO - Processing file /opt/airflow/dags/prepare_wos_data_operator.py for tasks to queue
[2023-05-31 23:36:08,518] {logging_mixin.py:115} INFO - [2023-05-31 23:36:08,518] {dagbag.py:508} INFO - Filling up the DagBag from /opt/airflow/dags/prepare_wos_data_operator.py
[2023-05-31 23:36:08,649] {processor.py:653} WARNING - No viable dags retrieved from /opt/airflow/dags/prepare_wos_data_operator.py
[2023-05-31 23:36:08,663] {processor.py:161} INFO - Processing /opt/airflow/dags/prepare_wos_data_operator.py took 0.150 seconds
[2023-05-31 23:36:38,763] {processor.py:153} INFO - Started process (PID=729) to work on /opt/airflow/dags/prepare_wos_data_operator.py
[2023-05-31 23:36:38,765] {processor.py:641} INFO - Processing file /opt/airflow/dags/prepare_wos_data_operator.py for tasks to queue
[2023-05-31 23:36:38,766] {logging_mixin.py:115} INFO - [2023-05-31 23:36:38,766] {dagbag.py:508} INFO - Filling up the DagBag from /opt/airflow/dags/prepare_wos_data_operator.py
[2023-05-31 23:36:38,901] {processor.py:653} WARNING - No viable dags retrieved from /opt/airflow/dags/prepare_wos_data_operator.py
[2023-05-31 23:36:38,914] {processor.py:161} INFO - Processing /opt/airflow/dags/prepare_wos_data_operator.py took 0.154 seconds
[2023-05-31 23:37:08,976] {processor.py:153} INFO - Started process (PID=772) to work on /opt/airflow/dags/prepare_wos_data_operator.py
[2023-05-31 23:37:08,977] {processor.py:641} INFO - Processing file /opt/airflow/dags/prepare_wos_data_operator.py for tasks to queue
[2023-05-31 23:37:08,978] {logging_mixin.py:115} INFO - [2023-05-31 23:37:08,978] {dagbag.py:508} INFO - Filling up the DagBag from /opt/airflow/dags/prepare_wos_data_operator.py
[2023-05-31 23:37:09,104] {processor.py:653} WARNING - No viable dags retrieved from /opt/airflow/dags/prepare_wos_data_operator.py
[2023-05-31 23:37:09,120] {processor.py:161} INFO - Processing /opt/airflow/dags/prepare_wos_data_operator.py took 0.147 seconds
[2023-05-31 23:37:39,222] {processor.py:153} INFO - Started process (PID=816) to work on /opt/airflow/dags/prepare_wos_data_operator.py
[2023-05-31 23:37:39,223] {processor.py:641} INFO - Processing file /opt/airflow/dags/prepare_wos_data_operator.py for tasks to queue
[2023-05-31 23:37:39,224] {logging_mixin.py:115} INFO - [2023-05-31 23:37:39,224] {dagbag.py:508} INFO - Filling up the DagBag from /opt/airflow/dags/prepare_wos_data_operator.py
[2023-05-31 23:37:39,369] {processor.py:653} WARNING - No viable dags retrieved from /opt/airflow/dags/prepare_wos_data_operator.py
[2023-05-31 23:37:39,388] {processor.py:161} INFO - Processing /opt/airflow/dags/prepare_wos_data_operator.py took 0.168 seconds
[2023-05-31 23:38:09,548] {processor.py:153} INFO - Started process (PID=868) to work on /opt/airflow/dags/prepare_wos_data_operator.py
[2023-05-31 23:38:09,549] {processor.py:641} INFO - Processing file /opt/airflow/dags/prepare_wos_data_operator.py for tasks to queue
[2023-05-31 23:38:09,549] {logging_mixin.py:115} INFO - [2023-05-31 23:38:09,549] {dagbag.py:508} INFO - Filling up the DagBag from /opt/airflow/dags/prepare_wos_data_operator.py
[2023-05-31 23:38:09,676] {processor.py:653} WARNING - No viable dags retrieved from /opt/airflow/dags/prepare_wos_data_operator.py
[2023-05-31 23:38:09,689] {processor.py:161} INFO - Processing /opt/airflow/dags/prepare_wos_data_operator.py took 0.144 seconds
[2023-05-31 23:38:39,913] {processor.py:153} INFO - Started process (PID=904) to work on /opt/airflow/dags/prepare_wos_data_operator.py
[2023-05-31 23:38:39,914] {processor.py:641} INFO - Processing file /opt/airflow/dags/prepare_wos_data_operator.py for tasks to queue
[2023-05-31 23:38:39,915] {logging_mixin.py:115} INFO - [2023-05-31 23:38:39,915] {dagbag.py:508} INFO - Filling up the DagBag from /opt/airflow/dags/prepare_wos_data_operator.py
[2023-05-31 23:38:40,044] {processor.py:653} WARNING - No viable dags retrieved from /opt/airflow/dags/prepare_wos_data_operator.py
[2023-05-31 23:38:40,057] {processor.py:161} INFO - Processing /opt/airflow/dags/prepare_wos_data_operator.py took 0.146 seconds
[2023-05-31 23:39:10,259] {processor.py:153} INFO - Started process (PID=947) to work on /opt/airflow/dags/prepare_wos_data_operator.py
[2023-05-31 23:39:10,261] {processor.py:641} INFO - Processing file /opt/airflow/dags/prepare_wos_data_operator.py for tasks to queue
[2023-05-31 23:39:10,262] {logging_mixin.py:115} INFO - [2023-05-31 23:39:10,262] {dagbag.py:508} INFO - Filling up the DagBag from /opt/airflow/dags/prepare_wos_data_operator.py
[2023-05-31 23:39:10,408] {processor.py:653} WARNING - No viable dags retrieved from /opt/airflow/dags/prepare_wos_data_operator.py
[2023-05-31 23:39:10,422] {processor.py:161} INFO - Processing /opt/airflow/dags/prepare_wos_data_operator.py took 0.167 seconds
[2023-05-31 23:39:40,483] {processor.py:153} INFO - Started process (PID=999) to work on /opt/airflow/dags/prepare_wos_data_operator.py
[2023-05-31 23:39:40,485] {processor.py:641} INFO - Processing file /opt/airflow/dags/prepare_wos_data_operator.py for tasks to queue
[2023-05-31 23:39:40,486] {logging_mixin.py:115} INFO - [2023-05-31 23:39:40,485] {dagbag.py:508} INFO - Filling up the DagBag from /opt/airflow/dags/prepare_wos_data_operator.py
[2023-05-31 23:39:40,633] {processor.py:653} WARNING - No viable dags retrieved from /opt/airflow/dags/prepare_wos_data_operator.py
[2023-05-31 23:39:40,647] {processor.py:161} INFO - Processing /opt/airflow/dags/prepare_wos_data_operator.py took 0.166 seconds
[2023-05-31 23:40:10,834] {processor.py:153} INFO - Started process (PID=1042) to work on /opt/airflow/dags/prepare_wos_data_operator.py
[2023-05-31 23:40:10,836] {processor.py:641} INFO - Processing file /opt/airflow/dags/prepare_wos_data_operator.py for tasks to queue
[2023-05-31 23:40:10,836] {logging_mixin.py:115} INFO - [2023-05-31 23:40:10,836] {dagbag.py:508} INFO - Filling up the DagBag from /opt/airflow/dags/prepare_wos_data_operator.py
[2023-05-31 23:40:10,969] {processor.py:653} WARNING - No viable dags retrieved from /opt/airflow/dags/prepare_wos_data_operator.py
[2023-05-31 23:40:10,982] {processor.py:161} INFO - Processing /opt/airflow/dags/prepare_wos_data_operator.py took 0.151 seconds
[2023-05-31 23:40:41,251] {processor.py:153} INFO - Started process (PID=1085) to work on /opt/airflow/dags/prepare_wos_data_operator.py
[2023-05-31 23:40:41,252] {processor.py:641} INFO - Processing file /opt/airflow/dags/prepare_wos_data_operator.py for tasks to queue
[2023-05-31 23:40:41,253] {logging_mixin.py:115} INFO - [2023-05-31 23:40:41,253] {dagbag.py:508} INFO - Filling up the DagBag from /opt/airflow/dags/prepare_wos_data_operator.py
[2023-05-31 23:40:41,391] {processor.py:653} WARNING - No viable dags retrieved from /opt/airflow/dags/prepare_wos_data_operator.py
[2023-05-31 23:40:41,407] {processor.py:161} INFO - Processing /opt/airflow/dags/prepare_wos_data_operator.py took 0.159 seconds
[2023-05-31 23:41:12,008] {processor.py:153} INFO - Started process (PID=1130) to work on /opt/airflow/dags/prepare_wos_data_operator.py
[2023-05-31 23:41:12,010] {processor.py:641} INFO - Processing file /opt/airflow/dags/prepare_wos_data_operator.py for tasks to queue
[2023-05-31 23:41:12,011] {logging_mixin.py:115} INFO - [2023-05-31 23:41:12,011] {dagbag.py:508} INFO - Filling up the DagBag from /opt/airflow/dags/prepare_wos_data_operator.py
[2023-05-31 23:41:12,178] {processor.py:653} WARNING - No viable dags retrieved from /opt/airflow/dags/prepare_wos_data_operator.py
[2023-05-31 23:41:12,205] {processor.py:161} INFO - Processing /opt/airflow/dags/prepare_wos_data_operator.py took 0.200 seconds
[2023-05-31 23:41:42,321] {processor.py:153} INFO - Started process (PID=1166) to work on /opt/airflow/dags/prepare_wos_data_operator.py
[2023-05-31 23:41:42,323] {processor.py:641} INFO - Processing file /opt/airflow/dags/prepare_wos_data_operator.py for tasks to queue
[2023-05-31 23:41:42,323] {logging_mixin.py:115} INFO - [2023-05-31 23:41:42,323] {dagbag.py:508} INFO - Filling up the DagBag from /opt/airflow/dags/prepare_wos_data_operator.py
[2023-05-31 23:41:42,456] {processor.py:653} WARNING - No viable dags retrieved from /opt/airflow/dags/prepare_wos_data_operator.py
[2023-05-31 23:41:42,471] {processor.py:161} INFO - Processing /opt/airflow/dags/prepare_wos_data_operator.py took 0.152 seconds
[2023-05-31 23:42:12,647] {processor.py:153} INFO - Started process (PID=1209) to work on /opt/airflow/dags/prepare_wos_data_operator.py
[2023-05-31 23:42:12,649] {processor.py:641} INFO - Processing file /opt/airflow/dags/prepare_wos_data_operator.py for tasks to queue
[2023-05-31 23:42:12,649] {logging_mixin.py:115} INFO - [2023-05-31 23:42:12,649] {dagbag.py:508} INFO - Filling up the DagBag from /opt/airflow/dags/prepare_wos_data_operator.py
[2023-05-31 23:42:12,771] {processor.py:653} WARNING - No viable dags retrieved from /opt/airflow/dags/prepare_wos_data_operator.py
[2023-05-31 23:42:12,784] {processor.py:161} INFO - Processing /opt/airflow/dags/prepare_wos_data_operator.py took 0.139 seconds
[2023-05-31 23:42:43,579] {processor.py:153} INFO - Started process (PID=1253) to work on /opt/airflow/dags/prepare_wos_data_operator.py
[2023-05-31 23:42:43,580] {processor.py:641} INFO - Processing file /opt/airflow/dags/prepare_wos_data_operator.py for tasks to queue
[2023-05-31 23:42:43,581] {logging_mixin.py:115} INFO - [2023-05-31 23:42:43,581] {dagbag.py:508} INFO - Filling up the DagBag from /opt/airflow/dags/prepare_wos_data_operator.py
[2023-05-31 23:42:43,718] {processor.py:653} WARNING - No viable dags retrieved from /opt/airflow/dags/prepare_wos_data_operator.py
[2023-05-31 23:42:43,732] {processor.py:161} INFO - Processing /opt/airflow/dags/prepare_wos_data_operator.py took 0.156 seconds
[2023-05-31 23:43:13,790] {processor.py:153} INFO - Started process (PID=1296) to work on /opt/airflow/dags/prepare_wos_data_operator.py
[2023-05-31 23:43:13,791] {processor.py:641} INFO - Processing file /opt/airflow/dags/prepare_wos_data_operator.py for tasks to queue
[2023-05-31 23:43:13,792] {logging_mixin.py:115} INFO - [2023-05-31 23:43:13,792] {dagbag.py:508} INFO - Filling up the DagBag from /opt/airflow/dags/prepare_wos_data_operator.py
[2023-05-31 23:43:13,918] {processor.py:653} WARNING - No viable dags retrieved from /opt/airflow/dags/prepare_wos_data_operator.py
[2023-05-31 23:43:13,931] {processor.py:161} INFO - Processing /opt/airflow/dags/prepare_wos_data_operator.py took 0.143 seconds
[2023-05-31 23:43:44,803] {processor.py:153} INFO - Started process (PID=1339) to work on /opt/airflow/dags/prepare_wos_data_operator.py
[2023-05-31 23:43:44,805] {processor.py:641} INFO - Processing file /opt/airflow/dags/prepare_wos_data_operator.py for tasks to queue
[2023-05-31 23:43:44,806] {logging_mixin.py:115} INFO - [2023-05-31 23:43:44,805] {dagbag.py:508} INFO - Filling up the DagBag from /opt/airflow/dags/prepare_wos_data_operator.py
[2023-05-31 23:43:44,946] {processor.py:653} WARNING - No viable dags retrieved from /opt/airflow/dags/prepare_wos_data_operator.py
[2023-05-31 23:43:44,959] {processor.py:161} INFO - Processing /opt/airflow/dags/prepare_wos_data_operator.py took 0.159 seconds
[2023-05-31 23:44:15,838] {processor.py:153} INFO - Started process (PID=1373) to work on /opt/airflow/dags/prepare_wos_data_operator.py
[2023-05-31 23:44:15,839] {processor.py:641} INFO - Processing file /opt/airflow/dags/prepare_wos_data_operator.py for tasks to queue
[2023-05-31 23:44:15,840] {logging_mixin.py:115} INFO - [2023-05-31 23:44:15,840] {dagbag.py:508} INFO - Filling up the DagBag from /opt/airflow/dags/prepare_wos_data_operator.py
[2023-05-31 23:44:15,958] {processor.py:653} WARNING - No viable dags retrieved from /opt/airflow/dags/prepare_wos_data_operator.py
[2023-05-31 23:44:15,971] {processor.py:161} INFO - Processing /opt/airflow/dags/prepare_wos_data_operator.py took 0.136 seconds
[2023-05-31 23:44:46,738] {processor.py:153} INFO - Started process (PID=1416) to work on /opt/airflow/dags/prepare_wos_data_operator.py
[2023-05-31 23:44:46,739] {processor.py:641} INFO - Processing file /opt/airflow/dags/prepare_wos_data_operator.py for tasks to queue
[2023-05-31 23:44:46,740] {logging_mixin.py:115} INFO - [2023-05-31 23:44:46,740] {dagbag.py:508} INFO - Filling up the DagBag from /opt/airflow/dags/prepare_wos_data_operator.py
[2023-05-31 23:44:46,859] {processor.py:653} WARNING - No viable dags retrieved from /opt/airflow/dags/prepare_wos_data_operator.py
[2023-05-31 23:44:46,871] {processor.py:161} INFO - Processing /opt/airflow/dags/prepare_wos_data_operator.py took 0.136 seconds
[2023-05-31 23:45:17,786] {processor.py:153} INFO - Started process (PID=1459) to work on /opt/airflow/dags/prepare_wos_data_operator.py
[2023-05-31 23:45:17,787] {processor.py:641} INFO - Processing file /opt/airflow/dags/prepare_wos_data_operator.py for tasks to queue
[2023-05-31 23:45:17,788] {logging_mixin.py:115} INFO - [2023-05-31 23:45:17,788] {dagbag.py:508} INFO - Filling up the DagBag from /opt/airflow/dags/prepare_wos_data_operator.py
[2023-05-31 23:45:17,928] {processor.py:653} WARNING - No viable dags retrieved from /opt/airflow/dags/prepare_wos_data_operator.py
[2023-05-31 23:45:17,943] {processor.py:161} INFO - Processing /opt/airflow/dags/prepare_wos_data_operator.py took 0.160 seconds
[2023-05-31 23:45:48,106] {processor.py:153} INFO - Started process (PID=1502) to work on /opt/airflow/dags/prepare_wos_data_operator.py
[2023-05-31 23:45:48,107] {processor.py:641} INFO - Processing file /opt/airflow/dags/prepare_wos_data_operator.py for tasks to queue
[2023-05-31 23:45:48,108] {logging_mixin.py:115} INFO - [2023-05-31 23:45:48,108] {dagbag.py:508} INFO - Filling up the DagBag from /opt/airflow/dags/prepare_wos_data_operator.py
[2023-05-31 23:45:48,235] {processor.py:653} WARNING - No viable dags retrieved from /opt/airflow/dags/prepare_wos_data_operator.py
[2023-05-31 23:45:48,249] {processor.py:161} INFO - Processing /opt/airflow/dags/prepare_wos_data_operator.py took 0.146 seconds
[2023-05-31 23:46:18,466] {processor.py:153} INFO - Started process (PID=1545) to work on /opt/airflow/dags/prepare_wos_data_operator.py
[2023-05-31 23:46:18,467] {processor.py:641} INFO - Processing file /opt/airflow/dags/prepare_wos_data_operator.py for tasks to queue
[2023-05-31 23:46:18,468] {logging_mixin.py:115} INFO - [2023-05-31 23:46:18,468] {dagbag.py:508} INFO - Filling up the DagBag from /opt/airflow/dags/prepare_wos_data_operator.py
[2023-05-31 23:46:18,600] {processor.py:653} WARNING - No viable dags retrieved from /opt/airflow/dags/prepare_wos_data_operator.py
[2023-05-31 23:46:18,613] {processor.py:161} INFO - Processing /opt/airflow/dags/prepare_wos_data_operator.py took 0.150 seconds
[2023-05-31 23:46:48,860] {processor.py:153} INFO - Started process (PID=1588) to work on /opt/airflow/dags/prepare_wos_data_operator.py
[2023-05-31 23:46:48,862] {processor.py:641} INFO - Processing file /opt/airflow/dags/prepare_wos_data_operator.py for tasks to queue
[2023-05-31 23:46:48,863] {logging_mixin.py:115} INFO - [2023-05-31 23:46:48,863] {dagbag.py:508} INFO - Filling up the DagBag from /opt/airflow/dags/prepare_wos_data_operator.py
[2023-05-31 23:46:48,997] {processor.py:653} WARNING - No viable dags retrieved from /opt/airflow/dags/prepare_wos_data_operator.py
[2023-05-31 23:46:49,012] {processor.py:161} INFO - Processing /opt/airflow/dags/prepare_wos_data_operator.py took 0.154 seconds
[2023-05-31 23:47:19,300] {processor.py:153} INFO - Started process (PID=1622) to work on /opt/airflow/dags/prepare_wos_data_operator.py
[2023-05-31 23:47:19,301] {processor.py:641} INFO - Processing file /opt/airflow/dags/prepare_wos_data_operator.py for tasks to queue
[2023-05-31 23:47:19,302] {logging_mixin.py:115} INFO - [2023-05-31 23:47:19,302] {dagbag.py:508} INFO - Filling up the DagBag from /opt/airflow/dags/prepare_wos_data_operator.py
[2023-05-31 23:47:19,454] {processor.py:653} WARNING - No viable dags retrieved from /opt/airflow/dags/prepare_wos_data_operator.py
[2023-05-31 23:47:19,469] {processor.py:161} INFO - Processing /opt/airflow/dags/prepare_wos_data_operator.py took 0.173 seconds
[2023-05-31 23:47:49,512] {processor.py:153} INFO - Started process (PID=1665) to work on /opt/airflow/dags/prepare_wos_data_operator.py
[2023-05-31 23:47:49,513] {processor.py:641} INFO - Processing file /opt/airflow/dags/prepare_wos_data_operator.py for tasks to queue
[2023-05-31 23:47:49,513] {logging_mixin.py:115} INFO - [2023-05-31 23:47:49,513] {dagbag.py:508} INFO - Filling up the DagBag from /opt/airflow/dags/prepare_wos_data_operator.py
[2023-05-31 23:47:49,651] {processor.py:653} WARNING - No viable dags retrieved from /opt/airflow/dags/prepare_wos_data_operator.py
[2023-05-31 23:47:49,665] {processor.py:161} INFO - Processing /opt/airflow/dags/prepare_wos_data_operator.py took 0.156 seconds
[2023-05-31 23:48:20,475] {processor.py:153} INFO - Started process (PID=1708) to work on /opt/airflow/dags/prepare_wos_data_operator.py
[2023-05-31 23:48:20,476] {processor.py:641} INFO - Processing file /opt/airflow/dags/prepare_wos_data_operator.py for tasks to queue
[2023-05-31 23:48:20,477] {logging_mixin.py:115} INFO - [2023-05-31 23:48:20,477] {dagbag.py:508} INFO - Filling up the DagBag from /opt/airflow/dags/prepare_wos_data_operator.py
[2023-05-31 23:48:20,608] {processor.py:653} WARNING - No viable dags retrieved from /opt/airflow/dags/prepare_wos_data_operator.py
[2023-05-31 23:48:20,621] {processor.py:161} INFO - Processing /opt/airflow/dags/prepare_wos_data_operator.py took 0.150 seconds
[2023-05-31 23:48:51,450] {processor.py:153} INFO - Started process (PID=1751) to work on /opt/airflow/dags/prepare_wos_data_operator.py
[2023-05-31 23:48:51,452] {processor.py:641} INFO - Processing file /opt/airflow/dags/prepare_wos_data_operator.py for tasks to queue
[2023-05-31 23:48:51,453] {logging_mixin.py:115} INFO - [2023-05-31 23:48:51,453] {dagbag.py:508} INFO - Filling up the DagBag from /opt/airflow/dags/prepare_wos_data_operator.py
[2023-05-31 23:48:51,572] {processor.py:653} WARNING - No viable dags retrieved from /opt/airflow/dags/prepare_wos_data_operator.py
[2023-05-31 23:48:51,585] {processor.py:161} INFO - Processing /opt/airflow/dags/prepare_wos_data_operator.py took 0.137 seconds
[2023-05-31 23:49:22,462] {processor.py:153} INFO - Started process (PID=1794) to work on /opt/airflow/dags/prepare_wos_data_operator.py
[2023-05-31 23:49:22,463] {processor.py:641} INFO - Processing file /opt/airflow/dags/prepare_wos_data_operator.py for tasks to queue
[2023-05-31 23:49:22,464] {logging_mixin.py:115} INFO - [2023-05-31 23:49:22,464] {dagbag.py:508} INFO - Filling up the DagBag from /opt/airflow/dags/prepare_wos_data_operator.py
[2023-05-31 23:49:22,683] {processor.py:653} WARNING - No viable dags retrieved from /opt/airflow/dags/prepare_wos_data_operator.py
[2023-05-31 23:49:22,703] {processor.py:161} INFO - Processing /opt/airflow/dags/prepare_wos_data_operator.py took 0.244 seconds
[2023-05-31 23:49:52,882] {processor.py:153} INFO - Started process (PID=1828) to work on /opt/airflow/dags/prepare_wos_data_operator.py
[2023-05-31 23:49:52,883] {processor.py:641} INFO - Processing file /opt/airflow/dags/prepare_wos_data_operator.py for tasks to queue
[2023-05-31 23:49:52,884] {logging_mixin.py:115} INFO - [2023-05-31 23:49:52,884] {dagbag.py:508} INFO - Filling up the DagBag from /opt/airflow/dags/prepare_wos_data_operator.py
[2023-05-31 23:49:53,017] {processor.py:653} WARNING - No viable dags retrieved from /opt/airflow/dags/prepare_wos_data_operator.py
[2023-05-31 23:49:53,040] {processor.py:161} INFO - Processing /opt/airflow/dags/prepare_wos_data_operator.py took 0.161 seconds
[2023-05-31 23:50:23,994] {processor.py:153} INFO - Started process (PID=1870) to work on /opt/airflow/dags/prepare_wos_data_operator.py
[2023-05-31 23:50:23,996] {processor.py:641} INFO - Processing file /opt/airflow/dags/prepare_wos_data_operator.py for tasks to queue
[2023-05-31 23:50:23,996] {logging_mixin.py:115} INFO - [2023-05-31 23:50:23,996] {dagbag.py:508} INFO - Filling up the DagBag from /opt/airflow/dags/prepare_wos_data_operator.py
[2023-05-31 23:50:24,140] {processor.py:653} WARNING - No viable dags retrieved from /opt/airflow/dags/prepare_wos_data_operator.py
[2023-05-31 23:50:24,161] {processor.py:161} INFO - Processing /opt/airflow/dags/prepare_wos_data_operator.py took 0.170 seconds
[2023-05-31 23:50:55,017] {processor.py:153} INFO - Started process (PID=1913) to work on /opt/airflow/dags/prepare_wos_data_operator.py
[2023-05-31 23:50:55,018] {processor.py:641} INFO - Processing file /opt/airflow/dags/prepare_wos_data_operator.py for tasks to queue
[2023-05-31 23:50:55,019] {logging_mixin.py:115} INFO - [2023-05-31 23:50:55,019] {dagbag.py:508} INFO - Filling up the DagBag from /opt/airflow/dags/prepare_wos_data_operator.py
[2023-05-31 23:50:55,146] {processor.py:653} WARNING - No viable dags retrieved from /opt/airflow/dags/prepare_wos_data_operator.py
[2023-05-31 23:50:55,159] {processor.py:161} INFO - Processing /opt/airflow/dags/prepare_wos_data_operator.py took 0.145 seconds
[2023-05-31 23:51:26,006] {processor.py:153} INFO - Started process (PID=1956) to work on /opt/airflow/dags/prepare_wos_data_operator.py
[2023-05-31 23:51:26,007] {processor.py:641} INFO - Processing file /opt/airflow/dags/prepare_wos_data_operator.py for tasks to queue
[2023-05-31 23:51:26,008] {logging_mixin.py:115} INFO - [2023-05-31 23:51:26,008] {dagbag.py:508} INFO - Filling up the DagBag from /opt/airflow/dags/prepare_wos_data_operator.py
[2023-05-31 23:51:26,143] {processor.py:653} WARNING - No viable dags retrieved from /opt/airflow/dags/prepare_wos_data_operator.py
[2023-05-31 23:51:26,157] {processor.py:161} INFO - Processing /opt/airflow/dags/prepare_wos_data_operator.py took 0.154 seconds
[2023-05-31 23:51:57,039] {processor.py:153} INFO - Started process (PID=1999) to work on /opt/airflow/dags/prepare_wos_data_operator.py
[2023-05-31 23:51:57,040] {processor.py:641} INFO - Processing file /opt/airflow/dags/prepare_wos_data_operator.py for tasks to queue
[2023-05-31 23:51:57,041] {logging_mixin.py:115} INFO - [2023-05-31 23:51:57,041] {dagbag.py:508} INFO - Filling up the DagBag from /opt/airflow/dags/prepare_wos_data_operator.py
[2023-05-31 23:51:57,161] {processor.py:653} WARNING - No viable dags retrieved from /opt/airflow/dags/prepare_wos_data_operator.py
[2023-05-31 23:51:57,174] {processor.py:161} INFO - Processing /opt/airflow/dags/prepare_wos_data_operator.py took 0.138 seconds
[2023-05-31 23:52:28,104] {processor.py:153} INFO - Started process (PID=2042) to work on /opt/airflow/dags/prepare_wos_data_operator.py
[2023-05-31 23:52:28,105] {processor.py:641} INFO - Processing file /opt/airflow/dags/prepare_wos_data_operator.py for tasks to queue
[2023-05-31 23:52:28,106] {logging_mixin.py:115} INFO - [2023-05-31 23:52:28,106] {dagbag.py:508} INFO - Filling up the DagBag from /opt/airflow/dags/prepare_wos_data_operator.py
[2023-05-31 23:52:28,231] {processor.py:653} WARNING - No viable dags retrieved from /opt/airflow/dags/prepare_wos_data_operator.py
[2023-05-31 23:52:28,245] {processor.py:161} INFO - Processing /opt/airflow/dags/prepare_wos_data_operator.py took 0.144 seconds
[2023-05-31 23:52:59,055] {processor.py:153} INFO - Started process (PID=2085) to work on /opt/airflow/dags/prepare_wos_data_operator.py
[2023-05-31 23:52:59,056] {processor.py:641} INFO - Processing file /opt/airflow/dags/prepare_wos_data_operator.py for tasks to queue
[2023-05-31 23:52:59,057] {logging_mixin.py:115} INFO - [2023-05-31 23:52:59,057] {dagbag.py:508} INFO - Filling up the DagBag from /opt/airflow/dags/prepare_wos_data_operator.py
[2023-05-31 23:52:59,179] {processor.py:653} WARNING - No viable dags retrieved from /opt/airflow/dags/prepare_wos_data_operator.py
[2023-05-31 23:52:59,192] {processor.py:161} INFO - Processing /opt/airflow/dags/prepare_wos_data_operator.py took 0.141 seconds
[2023-05-31 23:53:30,113] {processor.py:153} INFO - Started process (PID=2119) to work on /opt/airflow/dags/prepare_wos_data_operator.py
[2023-05-31 23:53:30,114] {processor.py:641} INFO - Processing file /opt/airflow/dags/prepare_wos_data_operator.py for tasks to queue
[2023-05-31 23:53:30,115] {logging_mixin.py:115} INFO - [2023-05-31 23:53:30,115] {dagbag.py:508} INFO - Filling up the DagBag from /opt/airflow/dags/prepare_wos_data_operator.py
[2023-05-31 23:53:30,264] {processor.py:653} WARNING - No viable dags retrieved from /opt/airflow/dags/prepare_wos_data_operator.py
[2023-05-31 23:53:30,279] {processor.py:161} INFO - Processing /opt/airflow/dags/prepare_wos_data_operator.py took 0.168 seconds
[2023-05-31 23:54:00,409] {processor.py:153} INFO - Started process (PID=2162) to work on /opt/airflow/dags/prepare_wos_data_operator.py
[2023-05-31 23:54:00,410] {processor.py:641} INFO - Processing file /opt/airflow/dags/prepare_wos_data_operator.py for tasks to queue
[2023-05-31 23:54:00,411] {logging_mixin.py:115} INFO - [2023-05-31 23:54:00,411] {dagbag.py:508} INFO - Filling up the DagBag from /opt/airflow/dags/prepare_wos_data_operator.py
[2023-05-31 23:54:00,542] {processor.py:653} WARNING - No viable dags retrieved from /opt/airflow/dags/prepare_wos_data_operator.py
[2023-05-31 23:54:00,555] {processor.py:161} INFO - Processing /opt/airflow/dags/prepare_wos_data_operator.py took 0.150 seconds
[2023-05-31 23:54:30,723] {processor.py:153} INFO - Started process (PID=2205) to work on /opt/airflow/dags/prepare_wos_data_operator.py
[2023-05-31 23:54:30,724] {processor.py:641} INFO - Processing file /opt/airflow/dags/prepare_wos_data_operator.py for tasks to queue
[2023-05-31 23:54:30,724] {logging_mixin.py:115} INFO - [2023-05-31 23:54:30,724] {dagbag.py:508} INFO - Filling up the DagBag from /opt/airflow/dags/prepare_wos_data_operator.py
[2023-05-31 23:54:30,852] {processor.py:653} WARNING - No viable dags retrieved from /opt/airflow/dags/prepare_wos_data_operator.py
[2023-05-31 23:54:30,866] {processor.py:161} INFO - Processing /opt/airflow/dags/prepare_wos_data_operator.py took 0.146 seconds
[2023-05-31 23:55:01,762] {processor.py:153} INFO - Started process (PID=2248) to work on /opt/airflow/dags/prepare_wos_data_operator.py
[2023-05-31 23:55:01,764] {processor.py:641} INFO - Processing file /opt/airflow/dags/prepare_wos_data_operator.py for tasks to queue
[2023-05-31 23:55:01,765] {logging_mixin.py:115} INFO - [2023-05-31 23:55:01,765] {dagbag.py:508} INFO - Filling up the DagBag from /opt/airflow/dags/prepare_wos_data_operator.py
[2023-05-31 23:55:01,936] {processor.py:653} WARNING - No viable dags retrieved from /opt/airflow/dags/prepare_wos_data_operator.py
[2023-05-31 23:55:01,951] {processor.py:161} INFO - Processing /opt/airflow/dags/prepare_wos_data_operator.py took 0.193 seconds
[2023-05-31 23:55:32,102] {processor.py:153} INFO - Started process (PID=2291) to work on /opt/airflow/dags/prepare_wos_data_operator.py
[2023-05-31 23:55:32,103] {processor.py:641} INFO - Processing file /opt/airflow/dags/prepare_wos_data_operator.py for tasks to queue
[2023-05-31 23:55:32,104] {logging_mixin.py:115} INFO - [2023-05-31 23:55:32,104] {dagbag.py:508} INFO - Filling up the DagBag from /opt/airflow/dags/prepare_wos_data_operator.py
[2023-05-31 23:55:32,231] {processor.py:653} WARNING - No viable dags retrieved from /opt/airflow/dags/prepare_wos_data_operator.py
[2023-05-31 23:55:32,244] {processor.py:161} INFO - Processing /opt/airflow/dags/prepare_wos_data_operator.py took 0.145 seconds
[2023-05-31 23:56:02,373] {processor.py:153} INFO - Started process (PID=2325) to work on /opt/airflow/dags/prepare_wos_data_operator.py
[2023-05-31 23:56:02,374] {processor.py:641} INFO - Processing file /opt/airflow/dags/prepare_wos_data_operator.py for tasks to queue
[2023-05-31 23:56:02,374] {logging_mixin.py:115} INFO - [2023-05-31 23:56:02,374] {dagbag.py:508} INFO - Filling up the DagBag from /opt/airflow/dags/prepare_wos_data_operator.py
[2023-05-31 23:56:02,552] {processor.py:653} WARNING - No viable dags retrieved from /opt/airflow/dags/prepare_wos_data_operator.py
[2023-05-31 23:56:02,568] {processor.py:161} INFO - Processing /opt/airflow/dags/prepare_wos_data_operator.py took 0.198 seconds
[2023-05-31 23:56:32,784] {processor.py:153} INFO - Started process (PID=2369) to work on /opt/airflow/dags/prepare_wos_data_operator.py
[2023-05-31 23:56:32,786] {processor.py:641} INFO - Processing file /opt/airflow/dags/prepare_wos_data_operator.py for tasks to queue
[2023-05-31 23:56:32,786] {logging_mixin.py:115} INFO - [2023-05-31 23:56:32,786] {dagbag.py:508} INFO - Filling up the DagBag from /opt/airflow/dags/prepare_wos_data_operator.py
[2023-05-31 23:56:32,918] {processor.py:653} WARNING - No viable dags retrieved from /opt/airflow/dags/prepare_wos_data_operator.py
[2023-05-31 23:56:32,932] {processor.py:161} INFO - Processing /opt/airflow/dags/prepare_wos_data_operator.py took 0.150 seconds
[2023-05-31 23:57:03,739] {processor.py:153} INFO - Started process (PID=2411) to work on /opt/airflow/dags/prepare_wos_data_operator.py
[2023-05-31 23:57:03,740] {processor.py:641} INFO - Processing file /opt/airflow/dags/prepare_wos_data_operator.py for tasks to queue
[2023-05-31 23:57:03,741] {logging_mixin.py:115} INFO - [2023-05-31 23:57:03,741] {dagbag.py:508} INFO - Filling up the DagBag from /opt/airflow/dags/prepare_wos_data_operator.py
[2023-05-31 23:57:03,874] {processor.py:653} WARNING - No viable dags retrieved from /opt/airflow/dags/prepare_wos_data_operator.py
[2023-05-31 23:57:03,887] {processor.py:161} INFO - Processing /opt/airflow/dags/prepare_wos_data_operator.py took 0.152 seconds
[2023-05-31 23:57:34,655] {processor.py:153} INFO - Started process (PID=2454) to work on /opt/airflow/dags/prepare_wos_data_operator.py
[2023-05-31 23:57:34,656] {processor.py:641} INFO - Processing file /opt/airflow/dags/prepare_wos_data_operator.py for tasks to queue
[2023-05-31 23:57:34,656] {logging_mixin.py:115} INFO - [2023-05-31 23:57:34,656] {dagbag.py:508} INFO - Filling up the DagBag from /opt/airflow/dags/prepare_wos_data_operator.py
[2023-05-31 23:57:34,788] {processor.py:653} WARNING - No viable dags retrieved from /opt/airflow/dags/prepare_wos_data_operator.py
[2023-05-31 23:57:34,802] {processor.py:161} INFO - Processing /opt/airflow/dags/prepare_wos_data_operator.py took 0.150 seconds
[2023-05-31 23:58:05,684] {processor.py:153} INFO - Started process (PID=2497) to work on /opt/airflow/dags/prepare_wos_data_operator.py
[2023-05-31 23:58:05,685] {processor.py:641} INFO - Processing file /opt/airflow/dags/prepare_wos_data_operator.py for tasks to queue
[2023-05-31 23:58:05,686] {logging_mixin.py:115} INFO - [2023-05-31 23:58:05,686] {dagbag.py:508} INFO - Filling up the DagBag from /opt/airflow/dags/prepare_wos_data_operator.py
[2023-05-31 23:58:05,818] {processor.py:653} WARNING - No viable dags retrieved from /opt/airflow/dags/prepare_wos_data_operator.py
[2023-05-31 23:58:05,832] {processor.py:161} INFO - Processing /opt/airflow/dags/prepare_wos_data_operator.py took 0.151 seconds
[2023-05-31 23:58:36,793] {processor.py:153} INFO - Started process (PID=2541) to work on /opt/airflow/dags/prepare_wos_data_operator.py
[2023-05-31 23:58:36,794] {processor.py:641} INFO - Processing file /opt/airflow/dags/prepare_wos_data_operator.py for tasks to queue
[2023-05-31 23:58:36,795] {logging_mixin.py:115} INFO - [2023-05-31 23:58:36,795] {dagbag.py:508} INFO - Filling up the DagBag from /opt/airflow/dags/prepare_wos_data_operator.py
[2023-05-31 23:58:36,931] {processor.py:653} WARNING - No viable dags retrieved from /opt/airflow/dags/prepare_wos_data_operator.py
[2023-05-31 23:58:36,946] {processor.py:161} INFO - Processing /opt/airflow/dags/prepare_wos_data_operator.py took 0.156 seconds
[2023-05-31 23:59:07,752] {processor.py:153} INFO - Started process (PID=2584) to work on /opt/airflow/dags/prepare_wos_data_operator.py
[2023-05-31 23:59:07,753] {processor.py:641} INFO - Processing file /opt/airflow/dags/prepare_wos_data_operator.py for tasks to queue
[2023-05-31 23:59:07,754] {logging_mixin.py:115} INFO - [2023-05-31 23:59:07,754] {dagbag.py:508} INFO - Filling up the DagBag from /opt/airflow/dags/prepare_wos_data_operator.py
[2023-05-31 23:59:07,894] {processor.py:653} WARNING - No viable dags retrieved from /opt/airflow/dags/prepare_wos_data_operator.py
[2023-05-31 23:59:07,908] {processor.py:161} INFO - Processing /opt/airflow/dags/prepare_wos_data_operator.py took 0.159 seconds
[2023-05-31 23:59:38,692] {processor.py:153} INFO - Started process (PID=2619) to work on /opt/airflow/dags/prepare_wos_data_operator.py
[2023-05-31 23:59:38,693] {processor.py:641} INFO - Processing file /opt/airflow/dags/prepare_wos_data_operator.py for tasks to queue
[2023-05-31 23:59:38,694] {logging_mixin.py:115} INFO - [2023-05-31 23:59:38,694] {dagbag.py:508} INFO - Filling up the DagBag from /opt/airflow/dags/prepare_wos_data_operator.py
[2023-05-31 23:59:38,834] {processor.py:653} WARNING - No viable dags retrieved from /opt/airflow/dags/prepare_wos_data_operator.py
[2023-05-31 23:59:38,848] {processor.py:161} INFO - Processing /opt/airflow/dags/prepare_wos_data_operator.py took 0.159 seconds
