[2023-04-14 17:01:54,064] {taskinstance.py:1179} INFO - Dependencies all met for <TaskInstance: vic_investigacion_ETL.upload_data_big_query manual__2023-04-14T17:01:51.120303+00:00 [queued]>
[2023-04-14 17:01:54,071] {taskinstance.py:1179} INFO - Dependencies all met for <TaskInstance: vic_investigacion_ETL.upload_data_big_query manual__2023-04-14T17:01:51.120303+00:00 [queued]>
[2023-04-14 17:01:54,072] {taskinstance.py:1376} INFO - 
--------------------------------------------------------------------------------
[2023-04-14 17:01:54,072] {taskinstance.py:1377} INFO - Starting attempt 1 of 1
[2023-04-14 17:01:54,073] {taskinstance.py:1378} INFO - 
--------------------------------------------------------------------------------
[2023-04-14 17:01:54,080] {taskinstance.py:1397} INFO - Executing <Task(PythonOperator): upload_data_big_query> on 2023-04-14 17:01:51.120303+00:00
[2023-04-14 17:01:54,084] {standard_task_runner.py:52} INFO - Started process 232 to run task
[2023-04-14 17:01:54,088] {standard_task_runner.py:79} INFO - Running: ['***', 'tasks', 'run', 'vic_investigacion_ETL', 'upload_data_big_query', 'manual__2023-04-14T17:01:51.120303+00:00', '--job-id', '83', '--raw', '--subdir', 'DAGS_FOLDER/vic_investigacion_dag.py', '--cfg-path', '/tmp/tmpm67n0__w', '--error-file', '/tmp/tmp_62h_5yy']
[2023-04-14 17:01:54,089] {standard_task_runner.py:80} INFO - Job 83: Subtask upload_data_big_query
[2023-04-14 17:01:54,144] {task_command.py:371} INFO - Running <TaskInstance: vic_investigacion_ETL.upload_data_big_query manual__2023-04-14T17:01:51.120303+00:00 [running]> on host d014c8b814c7
[2023-04-14 17:01:54,193] {taskinstance.py:1591} INFO - Exporting the following env vars:
AIRFLOW_CTX_DAG_OWNER=***
AIRFLOW_CTX_DAG_ID=vic_investigacion_ETL
AIRFLOW_CTX_TASK_ID=upload_data_big_query
AIRFLOW_CTX_EXECUTION_DATE=2023-04-14T17:01:51.120303+00:00
AIRFLOW_CTX_TRY_NUMBER=1
AIRFLOW_CTX_DAG_RUN_ID=manual__2023-04-14T17:01:51.120303+00:00
[2023-04-14 17:01:54,194] {logging_mixin.py:115} INFO - Uploading Data to big query
[2023-04-14 17:01:54,195] {python.py:173} INFO - Done. Returned value was: None
[2023-04-14 17:01:54,205] {taskinstance.py:1420} INFO - Marking task as SUCCESS. dag_id=vic_investigacion_ETL, task_id=upload_data_big_query, execution_date=20230414T170151, start_date=20230414T170154, end_date=20230414T170154
[2023-04-14 17:01:54,219] {local_task_job.py:156} INFO - Task exited with return code 0
[2023-04-14 17:01:54,243] {local_task_job.py:273} INFO - 0 downstream tasks scheduled from follow-on schedule check
