[2023-06-01 00:21:49,064] {taskinstance.py:1179} INFO - Dependencies all met for <TaskInstance: vic_investigacion_ETL.prepare_wos_data manual__2023-06-01T00:21:46.870578+00:00 [queued]>
[2023-06-01 00:21:49,089] {taskinstance.py:1179} INFO - Dependencies all met for <TaskInstance: vic_investigacion_ETL.prepare_wos_data manual__2023-06-01T00:21:46.870578+00:00 [queued]>
[2023-06-01 00:21:49,091] {taskinstance.py:1376} INFO - 
--------------------------------------------------------------------------------
[2023-06-01 00:21:49,096] {taskinstance.py:1377} INFO - Starting attempt 1 of 1
[2023-06-01 00:21:49,098] {taskinstance.py:1378} INFO - 
--------------------------------------------------------------------------------
[2023-06-01 00:21:49,143] {taskinstance.py:1397} INFO - Executing <Task(PrepareWosData): prepare_wos_data> on 2023-06-01 00:21:46.870578+00:00
[2023-06-01 00:21:49,153] {standard_task_runner.py:52} INFO - Started process 2852 to run task
[2023-06-01 00:21:49,160] {standard_task_runner.py:79} INFO - Running: ['***', 'tasks', 'run', 'vic_investigacion_ETL', 'prepare_wos_data', 'manual__2023-06-01T00:21:46.870578+00:00', '--job-id', '51', '--raw', '--subdir', 'DAGS_FOLDER/vic_investigacion_dag.py', '--cfg-path', '/tmp/tmpwkm50ps6', '--error-file', '/tmp/tmpup2_mbt7']
[2023-06-01 00:21:49,163] {standard_task_runner.py:80} INFO - Job 51: Subtask prepare_wos_data
[2023-06-01 00:21:49,338] {task_command.py:371} INFO - Running <TaskInstance: vic_investigacion_ETL.prepare_wos_data manual__2023-06-01T00:21:46.870578+00:00 [running]> on host 5d9ccb732815
[2023-06-01 00:21:49,444] {taskinstance.py:1591} INFO - Exporting the following env vars:
AIRFLOW_CTX_DAG_OWNER=***
AIRFLOW_CTX_DAG_ID=vic_investigacion_ETL
AIRFLOW_CTX_TASK_ID=prepare_wos_data
AIRFLOW_CTX_EXECUTION_DATE=2023-06-01T00:21:46.870578+00:00
AIRFLOW_CTX_TRY_NUMBER=1
AIRFLOW_CTX_DAG_RUN_ID=manual__2023-06-01T00:21:46.870578+00:00
[2023-06-01 00:21:49,451] {logging_mixin.py:115} INFO - Preparing WOS Data
[2023-06-01 00:21:49,524] {taskinstance.py:1420} INFO - Marking task as SUCCESS. dag_id=vic_investigacion_ETL, task_id=prepare_wos_data, execution_date=20230601T002146, start_date=20230601T002149, end_date=20230601T002149
[2023-06-01 00:21:49,582] {local_task_job.py:156} INFO - Task exited with return code 0
[2023-06-01 00:21:49,900] {local_task_job.py:273} INFO - 0 downstream tasks scheduled from follow-on schedule check
