[2023-06-01 02:01:15,808] {taskinstance.py:1179} INFO - Dependencies all met for <TaskInstance: vic_investigacion_ETL.prepare_wos_data manual__2023-06-01T02:01:13.378345+00:00 [queued]>
[2023-06-01 02:01:15,829] {taskinstance.py:1179} INFO - Dependencies all met for <TaskInstance: vic_investigacion_ETL.prepare_wos_data manual__2023-06-01T02:01:13.378345+00:00 [queued]>
[2023-06-01 02:01:15,830] {taskinstance.py:1376} INFO - 
--------------------------------------------------------------------------------
[2023-06-01 02:01:15,831] {taskinstance.py:1377} INFO - Starting attempt 1 of 1
[2023-06-01 02:01:15,832] {taskinstance.py:1378} INFO - 
--------------------------------------------------------------------------------
[2023-06-01 02:01:15,848] {taskinstance.py:1397} INFO - Executing <Task(PrepareWosData): prepare_wos_data> on 2023-06-01 02:01:13.378345+00:00
[2023-06-01 02:01:15,856] {standard_task_runner.py:52} INFO - Started process 4807 to run task
[2023-06-01 02:01:15,862] {standard_task_runner.py:79} INFO - Running: ['***', 'tasks', 'run', 'vic_investigacion_ETL', 'prepare_wos_data', 'manual__2023-06-01T02:01:13.378345+00:00', '--job-id', '201', '--raw', '--subdir', 'DAGS_FOLDER/vic_investigacion_dag.py', '--cfg-path', '/tmp/tmpdjkmc5la', '--error-file', '/tmp/tmp30_bkvn0']
[2023-06-01 02:01:15,866] {standard_task_runner.py:80} INFO - Job 201: Subtask prepare_wos_data
[2023-06-01 02:01:16,025] {task_command.py:371} INFO - Running <TaskInstance: vic_investigacion_ETL.prepare_wos_data manual__2023-06-01T02:01:13.378345+00:00 [running]> on host 5d9ccb732815
[2023-06-01 02:01:16,154] {taskinstance.py:1591} INFO - Exporting the following env vars:
AIRFLOW_CTX_DAG_OWNER=***
AIRFLOW_CTX_DAG_ID=vic_investigacion_ETL
AIRFLOW_CTX_TASK_ID=prepare_wos_data
AIRFLOW_CTX_EXECUTION_DATE=2023-06-01T02:01:13.378345+00:00
AIRFLOW_CTX_TRY_NUMBER=1
AIRFLOW_CTX_DAG_RUN_ID=manual__2023-06-01T02:01:13.378345+00:00
[2023-06-01 02:01:16,157] {logging_mixin.py:115} INFO - Preparing WOS Data
[2023-06-01 02:01:16,191] {taskinstance.py:1420} INFO - Marking task as SUCCESS. dag_id=vic_investigacion_ETL, task_id=prepare_wos_data, execution_date=20230601T020113, start_date=20230601T020115, end_date=20230601T020116
[2023-06-01 02:01:16,236] {local_task_job.py:156} INFO - Task exited with return code 0
[2023-06-01 02:01:16,267] {local_task_job.py:273} INFO - 0 downstream tasks scheduled from follow-on schedule check
