[2023-08-01 23:09:12,485] {taskinstance.py:1179} INFO - Dependencies all met for <TaskInstance: vic_investigacion_ETL.proyectos manual__2023-08-01T23:09:08.652177+00:00 [queued]>
[2023-08-01 23:09:12,517] {taskinstance.py:1179} INFO - Dependencies all met for <TaskInstance: vic_investigacion_ETL.proyectos manual__2023-08-01T23:09:08.652177+00:00 [queued]>
[2023-08-01 23:09:12,518] {taskinstance.py:1376} INFO - 
--------------------------------------------------------------------------------
[2023-08-01 23:09:12,520] {taskinstance.py:1377} INFO - Starting attempt 1 of 1
[2023-08-01 23:09:12,521] {taskinstance.py:1378} INFO - 
--------------------------------------------------------------------------------
[2023-08-01 23:09:12,552] {taskinstance.py:1397} INFO - Executing <Task(PrepareProyectos): proyectos> on 2023-08-01 23:09:08.652177+00:00
[2023-08-01 23:09:12,571] {standard_task_runner.py:52} INFO - Started process 716 to run task
[2023-08-01 23:09:12,584] {standard_task_runner.py:79} INFO - Running: ['***', 'tasks', 'run', 'vic_investigacion_ETL', 'proyectos', 'manual__2023-08-01T23:09:08.652177+00:00', '--job-id', '159', '--raw', '--subdir', 'DAGS_FOLDER/vic_investigacion_dag.py', '--cfg-path', '/tmp/tmpnnjxly0m', '--error-file', '/tmp/tmpuo4gtsh3']
[2023-08-01 23:09:12,595] {standard_task_runner.py:80} INFO - Job 159: Subtask proyectos
[2023-08-01 23:09:12,859] {task_command.py:371} INFO - Running <TaskInstance: vic_investigacion_ETL.proyectos manual__2023-08-01T23:09:08.652177+00:00 [running]> on host 6c8a51d4a614
[2023-08-01 23:09:13,063] {taskinstance.py:1591} INFO - Exporting the following env vars:
AIRFLOW_CTX_DAG_OWNER=***
AIRFLOW_CTX_DAG_ID=vic_investigacion_ETL
AIRFLOW_CTX_TASK_ID=proyectos
AIRFLOW_CTX_EXECUTION_DATE=2023-08-01T23:09:08.652177+00:00
AIRFLOW_CTX_TRY_NUMBER=1
AIRFLOW_CTX_DAG_RUN_ID=manual__2023-08-01T23:09:08.652177+00:00
[2023-08-01 23:09:13,076] {logging_mixin.py:115} INFO - Reading Journals
[2023-08-01 23:09:25,715] {taskinstance.py:1420} INFO - Marking task as SUCCESS. dag_id=vic_investigacion_ETL, task_id=proyectos, execution_date=20230801T230908, start_date=20230801T230912, end_date=20230801T230925
[2023-08-01 23:09:25,902] {local_task_job.py:156} INFO - Task exited with return code 0
