[2023-06-01 01:19:09,858] {taskinstance.py:1179} INFO - Dependencies all met for <TaskInstance: vic_investigacion_ETL.get_cv_lac_data manual__2023-06-01T01:19:08.171602+00:00 [queued]>
[2023-06-01 01:19:09,867] {taskinstance.py:1179} INFO - Dependencies all met for <TaskInstance: vic_investigacion_ETL.get_cv_lac_data manual__2023-06-01T01:19:08.171602+00:00 [queued]>
[2023-06-01 01:19:09,868] {taskinstance.py:1376} INFO - 
--------------------------------------------------------------------------------
[2023-06-01 01:19:09,868] {taskinstance.py:1377} INFO - Starting attempt 1 of 1
[2023-06-01 01:19:09,869] {taskinstance.py:1378} INFO - 
--------------------------------------------------------------------------------
[2023-06-01 01:19:09,878] {taskinstance.py:1397} INFO - Executing <Task(ReadCvLAC): get_cv_lac_data> on 2023-06-01 01:19:08.171602+00:00
[2023-06-01 01:19:09,885] {standard_task_runner.py:52} INFO - Started process 2578 to run task
[2023-06-01 01:19:09,891] {standard_task_runner.py:79} INFO - Running: ['***', 'tasks', 'run', 'vic_investigacion_ETL', 'get_cv_lac_data', 'manual__2023-06-01T01:19:08.171602+00:00', '--job-id', '144', '--raw', '--subdir', 'DAGS_FOLDER/vic_investigacion_dag.py', '--cfg-path', '/tmp/tmpubwgh7sm', '--error-file', '/tmp/tmp5526n24a']
[2023-06-01 01:19:09,894] {standard_task_runner.py:80} INFO - Job 144: Subtask get_cv_lac_data
[2023-06-01 01:19:10,046] {task_command.py:371} INFO - Running <TaskInstance: vic_investigacion_ETL.get_cv_lac_data manual__2023-06-01T01:19:08.171602+00:00 [running]> on host 5d9ccb732815
[2023-06-01 01:19:10,210] {taskinstance.py:1591} INFO - Exporting the following env vars:
AIRFLOW_CTX_DAG_OWNER=***
AIRFLOW_CTX_DAG_ID=vic_investigacion_ETL
AIRFLOW_CTX_TASK_ID=get_cv_lac_data
AIRFLOW_CTX_EXECUTION_DATE=2023-06-01T01:19:08.171602+00:00
AIRFLOW_CTX_TRY_NUMBER=1
AIRFLOW_CTX_DAG_RUN_ID=manual__2023-06-01T01:19:08.171602+00:00
[2023-06-01 01:19:10,212] {logging_mixin.py:115} INFO - Getting CV LAC Data
[2023-06-01 01:19:10,243] {taskinstance.py:1420} INFO - Marking task as SUCCESS. dag_id=vic_investigacion_ETL, task_id=get_cv_lac_data, execution_date=20230601T011908, start_date=20230601T011909, end_date=20230601T011910
[2023-06-01 01:19:10,310] {local_task_job.py:156} INFO - Task exited with return code 0
[2023-06-01 01:19:10,382] {local_task_job.py:273} INFO - 0 downstream tasks scheduled from follow-on schedule check
