[2023-07-11 23:24:11,471] {taskinstance.py:1179} INFO - Dependencies all met for <TaskInstance: vic_investigacion_ETL.get_journals manual__2023-07-11T23:24:10.205317+00:00 [queued]>
[2023-07-11 23:24:11,481] {taskinstance.py:1179} INFO - Dependencies all met for <TaskInstance: vic_investigacion_ETL.get_journals manual__2023-07-11T23:24:10.205317+00:00 [queued]>
[2023-07-11 23:24:11,482] {taskinstance.py:1376} INFO - 
--------------------------------------------------------------------------------
[2023-07-11 23:24:11,482] {taskinstance.py:1377} INFO - Starting attempt 1 of 1
[2023-07-11 23:24:11,483] {taskinstance.py:1378} INFO - 
--------------------------------------------------------------------------------
[2023-07-11 23:24:11,492] {taskinstance.py:1397} INFO - Executing <Task(ReadJournals): get_journals> on 2023-07-11 23:24:10.205317+00:00
[2023-07-11 23:24:11,500] {standard_task_runner.py:52} INFO - Started process 75905 to run task
[2023-07-11 23:24:11,506] {standard_task_runner.py:79} INFO - Running: ['***', 'tasks', 'run', 'vic_investigacion_ETL', 'get_journals', 'manual__2023-07-11T23:24:10.205317+00:00', '--job-id', '62', '--raw', '--subdir', 'DAGS_FOLDER/vic_investigacion_dag.py', '--cfg-path', '/tmp/tmpqazexe9o', '--error-file', '/tmp/tmpj7fmnq_s']
[2023-07-11 23:24:11,509] {standard_task_runner.py:80} INFO - Job 62: Subtask get_journals
[2023-07-11 23:24:11,603] {task_command.py:371} INFO - Running <TaskInstance: vic_investigacion_ETL.get_journals manual__2023-07-11T23:24:10.205317+00:00 [running]> on host f4f0af373b5a
[2023-07-11 23:24:11,670] {taskinstance.py:1591} INFO - Exporting the following env vars:
AIRFLOW_CTX_DAG_OWNER=***
AIRFLOW_CTX_DAG_ID=vic_investigacion_ETL
AIRFLOW_CTX_TASK_ID=get_journals
AIRFLOW_CTX_EXECUTION_DATE=2023-07-11T23:24:10.205317+00:00
AIRFLOW_CTX_TRY_NUMBER=1
AIRFLOW_CTX_DAG_RUN_ID=manual__2023-07-11T23:24:10.205317+00:00
[2023-07-11 23:24:11,672] {logging_mixin.py:115} INFO - Reading Journals
[2023-07-11 23:24:37,580] {taskinstance.py:1420} INFO - Marking task as SUCCESS. dag_id=vic_investigacion_ETL, task_id=get_journals, execution_date=20230711T232410, start_date=20230711T232411, end_date=20230711T232437
[2023-07-11 23:24:37,876] {local_task_job.py:156} INFO - Task exited with return code 0
