[2023-06-01 02:11:13,527] {taskinstance.py:1179} INFO - Dependencies all met for <TaskInstance: vic_investigacion_ETL.prepare_group_lac_data manual__2023-06-01T02:11:11.735197+00:00 [queued]>
[2023-06-01 02:11:13,540] {taskinstance.py:1179} INFO - Dependencies all met for <TaskInstance: vic_investigacion_ETL.prepare_group_lac_data manual__2023-06-01T02:11:11.735197+00:00 [queued]>
[2023-06-01 02:11:13,542] {taskinstance.py:1376} INFO - 
--------------------------------------------------------------------------------
[2023-06-01 02:11:13,543] {taskinstance.py:1377} INFO - Starting attempt 1 of 1
[2023-06-01 02:11:13,544] {taskinstance.py:1378} INFO - 
--------------------------------------------------------------------------------
[2023-06-01 02:11:13,560] {taskinstance.py:1397} INFO - Executing <Task(PrepareGroupLacData): prepare_group_lac_data> on 2023-06-01 02:11:11.735197+00:00
[2023-06-01 02:11:13,574] {standard_task_runner.py:52} INFO - Started process 5383 to run task
[2023-06-01 02:11:13,583] {standard_task_runner.py:79} INFO - Running: ['***', 'tasks', 'run', 'vic_investigacion_ETL', 'prepare_group_lac_data', 'manual__2023-06-01T02:11:11.735197+00:00', '--job-id', '229', '--raw', '--subdir', 'DAGS_FOLDER/vic_investigacion_dag.py', '--cfg-path', '/tmp/tmpj0bjjo_z', '--error-file', '/tmp/tmpawxg_k79']
[2023-06-01 02:11:13,586] {standard_task_runner.py:80} INFO - Job 229: Subtask prepare_group_lac_data
[2023-06-01 02:11:13,693] {task_command.py:371} INFO - Running <TaskInstance: vic_investigacion_ETL.prepare_group_lac_data manual__2023-06-01T02:11:11.735197+00:00 [running]> on host 5d9ccb732815
[2023-06-01 02:11:13,776] {taskinstance.py:1591} INFO - Exporting the following env vars:
AIRFLOW_CTX_DAG_OWNER=***
AIRFLOW_CTX_DAG_ID=vic_investigacion_ETL
AIRFLOW_CTX_TASK_ID=prepare_group_lac_data
AIRFLOW_CTX_EXECUTION_DATE=2023-06-01T02:11:11.735197+00:00
AIRFLOW_CTX_TRY_NUMBER=1
AIRFLOW_CTX_DAG_RUN_ID=manual__2023-06-01T02:11:11.735197+00:00
[2023-06-01 02:11:13,780] {logging_mixin.py:115} INFO - Preparing group lac Data
[2023-06-01 02:11:13,800] {taskinstance.py:1420} INFO - Marking task as SUCCESS. dag_id=vic_investigacion_ETL, task_id=prepare_group_lac_data, execution_date=20230601T021111, start_date=20230601T021113, end_date=20230601T021113
[2023-06-01 02:11:13,837] {local_task_job.py:156} INFO - Task exited with return code 0
[2023-06-01 02:11:13,869] {local_task_job.py:273} INFO - 0 downstream tasks scheduled from follow-on schedule check
