[2023-06-01 00:14:34,179] {taskinstance.py:1179} INFO - Dependencies all met for <TaskInstance: vic_investigacion_ETL.get_cv_lac_data manual__2023-06-01T00:14:31.815409+00:00 [queued]>
[2023-06-01 00:14:34,209] {taskinstance.py:1179} INFO - Dependencies all met for <TaskInstance: vic_investigacion_ETL.get_cv_lac_data manual__2023-06-01T00:14:31.815409+00:00 [queued]>
[2023-06-01 00:14:34,210] {taskinstance.py:1376} INFO - 
--------------------------------------------------------------------------------
[2023-06-01 00:14:34,212] {taskinstance.py:1377} INFO - Starting attempt 1 of 1
[2023-06-01 00:14:34,213] {taskinstance.py:1378} INFO - 
--------------------------------------------------------------------------------
[2023-06-01 00:14:34,236] {taskinstance.py:1397} INFO - Executing <Task(ReadCvLAC): get_cv_lac_data> on 2023-06-01 00:14:31.815409+00:00
[2023-06-01 00:14:34,243] {standard_task_runner.py:52} INFO - Started process 2453 to run task
[2023-06-01 00:14:34,256] {standard_task_runner.py:79} INFO - Running: ['***', 'tasks', 'run', 'vic_investigacion_ETL', 'get_cv_lac_data', 'manual__2023-06-01T00:14:31.815409+00:00', '--job-id', '38', '--raw', '--subdir', 'DAGS_FOLDER/vic_investigacion_dag.py', '--cfg-path', '/tmp/tmpxhv1xbx1', '--error-file', '/tmp/tmpp_nq14b0']
[2023-06-01 00:14:34,267] {standard_task_runner.py:80} INFO - Job 38: Subtask get_cv_lac_data
[2023-06-01 00:14:34,441] {task_command.py:371} INFO - Running <TaskInstance: vic_investigacion_ETL.get_cv_lac_data manual__2023-06-01T00:14:31.815409+00:00 [running]> on host 5d9ccb732815
[2023-06-01 00:14:34,593] {taskinstance.py:1591} INFO - Exporting the following env vars:
AIRFLOW_CTX_DAG_OWNER=***
AIRFLOW_CTX_DAG_ID=vic_investigacion_ETL
AIRFLOW_CTX_TASK_ID=get_cv_lac_data
AIRFLOW_CTX_EXECUTION_DATE=2023-06-01T00:14:31.815409+00:00
AIRFLOW_CTX_TRY_NUMBER=1
AIRFLOW_CTX_DAG_RUN_ID=manual__2023-06-01T00:14:31.815409+00:00
[2023-06-01 00:14:34,595] {logging_mixin.py:115} INFO - Getting CV LAC Data
[2023-06-01 00:14:34,838] {taskinstance.py:1420} INFO - Marking task as SUCCESS. dag_id=vic_investigacion_ETL, task_id=get_cv_lac_data, execution_date=20230601T001431, start_date=20230601T001434, end_date=20230601T001434
[2023-06-01 00:14:34,897] {local_task_job.py:156} INFO - Task exited with return code 0
[2023-06-01 00:14:34,990] {local_task_job.py:273} INFO - 0 downstream tasks scheduled from follow-on schedule check
