[2023-04-14 17:10:59,182] {taskinstance.py:1179} INFO - Dependencies all met for <TaskInstance: vic_investigacion_ETL.get_group_lac_data manual__2023-04-14T17:10:58.032959+00:00 [queued]>
[2023-04-14 17:10:59,190] {taskinstance.py:1179} INFO - Dependencies all met for <TaskInstance: vic_investigacion_ETL.get_group_lac_data manual__2023-04-14T17:10:58.032959+00:00 [queued]>
[2023-04-14 17:10:59,191] {taskinstance.py:1376} INFO - 
--------------------------------------------------------------------------------
[2023-04-14 17:10:59,192] {taskinstance.py:1377} INFO - Starting attempt 1 of 1
[2023-04-14 17:10:59,193] {taskinstance.py:1378} INFO - 
--------------------------------------------------------------------------------
[2023-04-14 17:10:59,204] {taskinstance.py:1397} INFO - Executing <Task(PythonOperator): get_group_lac_data> on 2023-04-14 17:10:58.032959+00:00
[2023-04-14 17:10:59,211] {standard_task_runner.py:52} INFO - Started process 740 to run task
[2023-04-14 17:10:59,217] {standard_task_runner.py:79} INFO - Running: ['***', 'tasks', 'run', 'vic_investigacion_ETL', 'get_group_lac_data', 'manual__2023-04-14T17:10:58.032959+00:00', '--job-id', '104', '--raw', '--subdir', 'DAGS_FOLDER/vic_investigacion_dag.py', '--cfg-path', '/tmp/tmp8fwkd8ni', '--error-file', '/tmp/tmph5kptugk']
[2023-04-14 17:10:59,219] {standard_task_runner.py:80} INFO - Job 104: Subtask get_group_lac_data
[2023-04-14 17:10:59,321] {task_command.py:371} INFO - Running <TaskInstance: vic_investigacion_ETL.get_group_lac_data manual__2023-04-14T17:10:58.032959+00:00 [running]> on host d014c8b814c7
[2023-04-14 17:10:59,390] {taskinstance.py:1591} INFO - Exporting the following env vars:
AIRFLOW_CTX_DAG_OWNER=***
AIRFLOW_CTX_DAG_ID=vic_investigacion_ETL
AIRFLOW_CTX_TASK_ID=get_group_lac_data
AIRFLOW_CTX_EXECUTION_DATE=2023-04-14T17:10:58.032959+00:00
AIRFLOW_CTX_TRY_NUMBER=1
AIRFLOW_CTX_DAG_RUN_ID=manual__2023-04-14T17:10:58.032959+00:00
[2023-04-14 17:10:59,396] {logging_mixin.py:115} INFO - Getting GROUP LAC Data
[2023-04-14 17:10:59,396] {python.py:173} INFO - Done. Returned value was: None
[2023-04-14 17:10:59,409] {taskinstance.py:1420} INFO - Marking task as SUCCESS. dag_id=vic_investigacion_ETL, task_id=get_group_lac_data, execution_date=20230414T171058, start_date=20230414T171059, end_date=20230414T171059
[2023-04-14 17:10:59,431] {local_task_job.py:156} INFO - Task exited with return code 0
[2023-04-14 17:10:59,462] {local_task_job.py:273} INFO - 0 downstream tasks scheduled from follow-on schedule check
