[2023-05-31 23:38:00,280] {taskinstance.py:1179} INFO - Dependencies all met for <TaskInstance: vic_investigacion_ETL.upload_data_big_query manual__2023-05-31T23:37:58.328607+00:00 [queued]>
[2023-05-31 23:38:00,297] {taskinstance.py:1179} INFO - Dependencies all met for <TaskInstance: vic_investigacion_ETL.upload_data_big_query manual__2023-05-31T23:37:58.328607+00:00 [queued]>
[2023-05-31 23:38:00,298] {taskinstance.py:1376} INFO - 
--------------------------------------------------------------------------------
[2023-05-31 23:38:00,299] {taskinstance.py:1377} INFO - Starting attempt 1 of 1
[2023-05-31 23:38:00,300] {taskinstance.py:1378} INFO - 
--------------------------------------------------------------------------------
[2023-05-31 23:38:00,317] {taskinstance.py:1397} INFO - Executing <Task(ExportData): upload_data_big_query> on 2023-05-31 23:37:58.328607+00:00
[2023-05-31 23:38:00,334] {standard_task_runner.py:52} INFO - Started process 586 to run task
[2023-05-31 23:38:00,360] {standard_task_runner.py:79} INFO - Running: ['***', 'tasks', 'run', 'vic_investigacion_ETL', 'upload_data_big_query', 'manual__2023-05-31T23:37:58.328607+00:00', '--job-id', '19', '--raw', '--subdir', 'DAGS_FOLDER/vic_investigacion_dag.py', '--cfg-path', '/tmp/tmpe245_pud', '--error-file', '/tmp/tmp9_r6gorc']
[2023-05-31 23:38:00,362] {standard_task_runner.py:80} INFO - Job 19: Subtask upload_data_big_query
[2023-05-31 23:38:00,506] {task_command.py:371} INFO - Running <TaskInstance: vic_investigacion_ETL.upload_data_big_query manual__2023-05-31T23:37:58.328607+00:00 [running]> on host 5d9ccb732815
[2023-05-31 23:38:00,591] {taskinstance.py:1591} INFO - Exporting the following env vars:
AIRFLOW_CTX_DAG_OWNER=***
AIRFLOW_CTX_DAG_ID=vic_investigacion_ETL
AIRFLOW_CTX_TASK_ID=upload_data_big_query
AIRFLOW_CTX_EXECUTION_DATE=2023-05-31T23:37:58.328607+00:00
AIRFLOW_CTX_TRY_NUMBER=1
AIRFLOW_CTX_DAG_RUN_ID=manual__2023-05-31T23:37:58.328607+00:00
[2023-05-31 23:38:00,593] {logging_mixin.py:115} INFO - Exporting Data
[2023-05-31 23:38:00,596] {logging_mixin.py:115} INFO - /opt/***/data/scopus/to_upload_data/authors_join.csv
[2023-05-31 23:38:06,312] {logging_mixin.py:115} INFO - LoadJob<project=viceinvestigacion, location=US, id=7b1a4a08-bbf6-49d2-9a5b-5641ef2e991d>
[2023-05-31 23:38:06,314] {logging_mixin.py:115} INFO - /opt/***/data/scopus/to_upload_data/subject_areas.csv
[2023-05-31 23:38:10,310] {logging_mixin.py:115} INFO - LoadJob<project=viceinvestigacion, location=US, id=bc84c4b6-f71b-49dc-a596-48abd009b0c1>
[2023-05-31 23:38:10,329] {taskinstance.py:1420} INFO - Marking task as SUCCESS. dag_id=vic_investigacion_ETL, task_id=upload_data_big_query, execution_date=20230531T233758, start_date=20230531T233800, end_date=20230531T233810
[2023-05-31 23:38:10,389] {local_task_job.py:156} INFO - Task exited with return code 0
[2023-05-31 23:38:10,411] {local_task_job.py:273} INFO - 0 downstream tasks scheduled from follow-on schedule check
