[2023-07-11 23:24:43,778] {taskinstance.py:1179} INFO - Dependencies all met for <TaskInstance: vic_investigacion_ETL.upload_data_big_query manual__2023-07-11T23:24:10.205317+00:00 [queued]>
[2023-07-11 23:24:43,786] {taskinstance.py:1179} INFO - Dependencies all met for <TaskInstance: vic_investigacion_ETL.upload_data_big_query manual__2023-07-11T23:24:10.205317+00:00 [queued]>
[2023-07-11 23:24:43,787] {taskinstance.py:1376} INFO - 
--------------------------------------------------------------------------------
[2023-07-11 23:24:43,788] {taskinstance.py:1377} INFO - Starting attempt 1 of 1
[2023-07-11 23:24:43,788] {taskinstance.py:1378} INFO - 
--------------------------------------------------------------------------------
[2023-07-11 23:24:43,803] {taskinstance.py:1397} INFO - Executing <Task(ExportData): upload_data_big_query> on 2023-07-11 23:24:10.205317+00:00
[2023-07-11 23:24:43,813] {standard_task_runner.py:52} INFO - Started process 75941 to run task
[2023-07-11 23:24:43,819] {standard_task_runner.py:79} INFO - Running: ['***', 'tasks', 'run', 'vic_investigacion_ETL', 'upload_data_big_query', 'manual__2023-07-11T23:24:10.205317+00:00', '--job-id', '65', '--raw', '--subdir', 'DAGS_FOLDER/vic_investigacion_dag.py', '--cfg-path', '/tmp/tmpzkmrtggd', '--error-file', '/tmp/tmp5h5o0ix3']
[2023-07-11 23:24:43,823] {standard_task_runner.py:80} INFO - Job 65: Subtask upload_data_big_query
[2023-07-11 23:24:43,946] {task_command.py:371} INFO - Running <TaskInstance: vic_investigacion_ETL.upload_data_big_query manual__2023-07-11T23:24:10.205317+00:00 [running]> on host f4f0af373b5a
[2023-07-11 23:24:44,038] {taskinstance.py:1591} INFO - Exporting the following env vars:
AIRFLOW_CTX_DAG_OWNER=***
AIRFLOW_CTX_DAG_ID=vic_investigacion_ETL
AIRFLOW_CTX_TASK_ID=upload_data_big_query
AIRFLOW_CTX_EXECUTION_DATE=2023-07-11T23:24:10.205317+00:00
AIRFLOW_CTX_TRY_NUMBER=1
AIRFLOW_CTX_DAG_RUN_ID=manual__2023-07-11T23:24:10.205317+00:00
[2023-07-11 23:24:44,039] {logging_mixin.py:115} INFO - Exporting Data
[2023-07-11 23:24:44,042] {logging_mixin.py:115} INFO - /opt/***/data/to_upload/journals.xlsx
[2023-07-11 23:24:44,043] {logging_mixin.py:115} INFO - FileName: journals
[2023-07-11 23:24:44,982] {logging_mixin.py:115} INFO -        ISSN                              Name  ... Category Vigencia_Minciencias
0  14741741         Nature Reviews Immunology  ...      NaN                  NaN
1  17401534       Nature Reviews Microbiology  ...      NaN                  NaN
2  17483395             Nature Nanotechnology  ...      NaN                  NaN
3  17545706  Energy and Environmental Science  ...      NaN                  NaN
4  0147006X     Annual Review of Neuroscience  ...      NaN                  NaN

[5 rows x 9 columns]
[2023-07-11 23:24:57,725] {logging_mixin.py:115} INFO - LoadJob<project=viceinvestigacion, location=US, id=21836ebb-692c-4d15-a4e0-bb5c5373211b>
[2023-07-11 23:24:57,731] {logging_mixin.py:115} INFO - /opt/***/data/to_upload/produccion_validada.csv
[2023-07-11 23:24:57,732] {logging_mixin.py:115} INFO - FileName: produccion_validada
[2023-07-11 23:24:58,042] {logging_mixin.py:115} INFO -                     Programa_de_creacion  ... Afiliacion_Citantes_Google_Scholar
0  Pregrado en Ciencia de la Información  ...                                NaN
1  Pregrado en Ciencia de la Información  ...                                NaN
2  Pregrado en Ciencia de la Información  ...                                NaN
3  Pregrado en Ciencia de la Información  ...                                NaN
4  Pregrado en Ciencia de la Información  ...                                NaN

[5 rows x 27 columns]
[2023-07-11 23:25:11,420] {logging_mixin.py:115} INFO - LoadJob<project=viceinvestigacion, location=US, id=c7a2f92b-cd4f-46b8-96b0-f57dba110b55>
[2023-07-11 23:25:11,423] {logging_mixin.py:115} INFO - /opt/***/data/to_upload/profesores_validados.csv
[2023-07-11 23:25:11,424] {logging_mixin.py:115} INFO - FileName: profesores_validados
[2023-07-11 23:25:11,466] {logging_mixin.py:115} INFO -   Observaciones                        Nombre  ... Tipo ID_Clínico
0           NaN         Juliana Atuesta Ortiz  ...  NaN        NaN
1           NaN  José Alejandro Convers Elias  ...  NaN        NaN
2           NaN   Catalina del Castillo Silva  ...  NaN        NaN
3           NaN    Sara Regina Fonseca García  ...  NaN        NaN
4           NaN       Eloisa Jaramillo Arango  ...  NaN        NaN

[5 rows x 15 columns]
[2023-07-11 23:25:14,906] {logging_mixin.py:115} INFO - LoadJob<project=viceinvestigacion, location=US, id=fa463419-d651-4d4e-84fe-dddb536634f2>
[2023-07-11 23:25:14,909] {logging_mixin.py:115} INFO - /opt/***/data/to_upload/profesores_validados_scopus_ids.csv
[2023-07-11 23:25:14,910] {logging_mixin.py:115} INFO - FileName: profesores_validados_scopus_ids
[2023-07-11 23:25:14,919] {logging_mixin.py:115} INFO -       Scopus_ID  ID_documento
0  1.340983e+10      79378553
1  1.404559e+10      19444788
2  1.502611e+10      39786577
3  1.503012e+10      74380875
4  1.575824e+10      98494191
[2023-07-11 23:25:17,927] {logging_mixin.py:115} INFO - LoadJob<project=viceinvestigacion, location=US, id=fc56a8cc-6e33-40d3-b58a-869a213eacd2>
[2023-07-11 23:25:17,929] {logging_mixin.py:115} INFO - /opt/***/data/to_upload/respositorio_inst.xlsx
[2023-07-11 23:25:17,930] {logging_mixin.py:115} INFO - FileName: respositorio_inst
[2023-07-11 23:25:19,649] {logging_mixin.py:115} INFO -         Autor_dc_contributor_author  ...                            Temas_dc_subject_armarc
0  Castañeda Acosta, Javier Alberto  ...  Trinidad - Comunión - Vida religiosa - Teolog...
1    Florián Sánchez, Hans Leonardo  ...  Hospitalidad - Pedagogía - Internacionalismo ...
2       Bejarano Puello, Rosa María  ...  Administración de la calidad - Mejoramiento de...
3           Peralta Bonilla, Berlly  ...  Páramos - Colombia - Conservación del medio am...
4           Rodríguez Angulo, Pablo  ...  Dignidad - Justicia - Violencia - Aspectos fil...

[5 rows x 15 columns]
[2023-07-11 23:25:32,075] {logging_mixin.py:115} INFO - LoadJob<project=viceinvestigacion, location=US, id=d6bbbe5d-7573-4356-8384-1c09ad02a984>
[2023-07-11 23:25:32,440] {taskinstance.py:1420} INFO - Marking task as SUCCESS. dag_id=vic_investigacion_ETL, task_id=upload_data_big_query, execution_date=20230711T232410, start_date=20230711T232443, end_date=20230711T232532
[2023-07-11 23:25:32,853] {local_task_job.py:156} INFO - Task exited with return code 0
[2023-07-11 23:25:32,920] {local_task_job.py:273} INFO - 0 downstream tasks scheduled from follow-on schedule check
