[2023-04-14 17:05:17,049] {taskinstance.py:1179} INFO - Dependencies all met for <TaskInstance: vic_investigacion_ETL.get_group_lac_data manual__2023-04-14T17:05:16.428598+00:00 [queued]>
[2023-04-14 17:05:17,055] {taskinstance.py:1179} INFO - Dependencies all met for <TaskInstance: vic_investigacion_ETL.get_group_lac_data manual__2023-04-14T17:05:16.428598+00:00 [queued]>
[2023-04-14 17:05:17,057] {taskinstance.py:1376} INFO - 
--------------------------------------------------------------------------------
[2023-04-14 17:05:17,057] {taskinstance.py:1377} INFO - Starting attempt 1 of 1
[2023-04-14 17:05:17,058] {taskinstance.py:1378} INFO - 
--------------------------------------------------------------------------------
[2023-04-14 17:05:17,066] {taskinstance.py:1397} INFO - Executing <Task(PythonOperator): get_group_lac_data> on 2023-04-14 17:05:16.428598+00:00
[2023-04-14 17:05:17,072] {standard_task_runner.py:52} INFO - Started process 436 to run task
[2023-04-14 17:05:17,076] {standard_task_runner.py:79} INFO - Running: ['***', 'tasks', 'run', 'vic_investigacion_ETL', 'get_group_lac_data', 'manual__2023-04-14T17:05:16.428598+00:00', '--job-id', '97', '--raw', '--subdir', 'DAGS_FOLDER/vic_investigacion_dag.py', '--cfg-path', '/tmp/tmp1j0o1euv', '--error-file', '/tmp/tmpdxr3feyn']
[2023-04-14 17:05:17,078] {standard_task_runner.py:80} INFO - Job 97: Subtask get_group_lac_data
[2023-04-14 17:05:17,133] {task_command.py:371} INFO - Running <TaskInstance: vic_investigacion_ETL.get_group_lac_data manual__2023-04-14T17:05:16.428598+00:00 [running]> on host d014c8b814c7
[2023-04-14 17:05:17,192] {taskinstance.py:1591} INFO - Exporting the following env vars:
AIRFLOW_CTX_DAG_OWNER=***
AIRFLOW_CTX_DAG_ID=vic_investigacion_ETL
AIRFLOW_CTX_TASK_ID=get_group_lac_data
AIRFLOW_CTX_EXECUTION_DATE=2023-04-14T17:05:16.428598+00:00
AIRFLOW_CTX_TRY_NUMBER=1
AIRFLOW_CTX_DAG_RUN_ID=manual__2023-04-14T17:05:16.428598+00:00
[2023-04-14 17:05:17,194] {logging_mixin.py:115} INFO - Getting GROUP LAC Data
[2023-04-14 17:05:17,196] {python.py:173} INFO - Done. Returned value was: None
[2023-04-14 17:05:17,216] {taskinstance.py:1420} INFO - Marking task as SUCCESS. dag_id=vic_investigacion_ETL, task_id=get_group_lac_data, execution_date=20230414T170516, start_date=20230414T170517, end_date=20230414T170517
[2023-04-14 17:05:17,247] {local_task_job.py:156} INFO - Task exited with return code 0
[2023-04-14 17:05:17,275] {local_task_job.py:273} INFO - 0 downstream tasks scheduled from follow-on schedule check
