[2023-07-04 23:10:23,996] {taskinstance.py:1179} INFO - Dependencies all met for <TaskInstance: vic_investigacion_ETL.upload_data_big_query manual__2023-07-04T23:10:20.383600+00:00 [queued]>
[2023-07-04 23:10:24,002] {taskinstance.py:1179} INFO - Dependencies all met for <TaskInstance: vic_investigacion_ETL.upload_data_big_query manual__2023-07-04T23:10:20.383600+00:00 [queued]>
[2023-07-04 23:10:24,003] {taskinstance.py:1376} INFO - 
--------------------------------------------------------------------------------
[2023-07-04 23:10:24,003] {taskinstance.py:1377} INFO - Starting attempt 1 of 1
[2023-07-04 23:10:24,004] {taskinstance.py:1378} INFO - 
--------------------------------------------------------------------------------
[2023-07-04 23:10:24,010] {taskinstance.py:1397} INFO - Executing <Task(ExportData): upload_data_big_query> on 2023-07-04 23:10:20.383600+00:00
[2023-07-04 23:10:24,015] {standard_task_runner.py:52} INFO - Started process 542 to run task
[2023-07-04 23:10:24,019] {standard_task_runner.py:79} INFO - Running: ['***', 'tasks', 'run', 'vic_investigacion_ETL', 'upload_data_big_query', 'manual__2023-07-04T23:10:20.383600+00:00', '--job-id', '34', '--raw', '--subdir', 'DAGS_FOLDER/vic_investigacion_dag.py', '--cfg-path', '/tmp/tmp2lwwzcjr', '--error-file', '/tmp/tmpv0nhcj1_']
[2023-07-04 23:10:24,024] {standard_task_runner.py:80} INFO - Job 34: Subtask upload_data_big_query
[2023-07-04 23:10:24,076] {task_command.py:371} INFO - Running <TaskInstance: vic_investigacion_ETL.upload_data_big_query manual__2023-07-04T23:10:20.383600+00:00 [running]> on host f4f0af373b5a
[2023-07-04 23:10:24,122] {taskinstance.py:1591} INFO - Exporting the following env vars:
AIRFLOW_CTX_DAG_OWNER=***
AIRFLOW_CTX_DAG_ID=vic_investigacion_ETL
AIRFLOW_CTX_TASK_ID=upload_data_big_query
AIRFLOW_CTX_EXECUTION_DATE=2023-07-04T23:10:20.383600+00:00
AIRFLOW_CTX_TRY_NUMBER=1
AIRFLOW_CTX_DAG_RUN_ID=manual__2023-07-04T23:10:20.383600+00:00
[2023-07-04 23:10:24,123] {logging_mixin.py:115} INFO - Exporting Data
[2023-07-04 23:10:24,124] {logging_mixin.py:115} INFO - /opt/***/data/to_upload/journals.xlsx
[2023-07-04 23:10:24,125] {logging_mixin.py:115} INFO - FileName: journals
[2023-07-04 23:10:36,874] {logging_mixin.py:115} INFO - LoadJob<project=viceinvestigacion, location=US, id=98441ddf-075a-44e1-99ca-a1f8c2900731>
[2023-07-04 23:10:36,875] {logging_mixin.py:115} INFO - /opt/***/data/to_upload/produccion_validados.csv
[2023-07-04 23:10:36,876] {logging_mixin.py:115} INFO - FileName: produccion_validados
[2023-07-04 23:10:38,127] {logging_mixin.py:115} INFO - --
[2023-07-04 23:10:38,146] {taskinstance.py:1420} INFO - Marking task as SUCCESS. dag_id=vic_investigacion_ETL, task_id=upload_data_big_query, execution_date=20230704T231020, start_date=20230704T231023, end_date=20230704T231038
[2023-07-04 23:10:38,276] {local_task_job.py:156} INFO - Task exited with return code 0
[2023-07-04 23:10:38,303] {local_task_job.py:273} INFO - 0 downstream tasks scheduled from follow-on schedule check
