[2023-06-01 00:17:32,110] {taskinstance.py:1179} INFO - Dependencies all met for <TaskInstance: vic_investigacion_ETL.upload_data_big_query manual__2023-06-01T00:17:29.981772+00:00 [queued]>
[2023-06-01 00:17:32,121] {taskinstance.py:1179} INFO - Dependencies all met for <TaskInstance: vic_investigacion_ETL.upload_data_big_query manual__2023-06-01T00:17:29.981772+00:00 [queued]>
[2023-06-01 00:17:32,129] {taskinstance.py:1376} INFO - 
--------------------------------------------------------------------------------
[2023-06-01 00:17:32,130] {taskinstance.py:1377} INFO - Starting attempt 1 of 1
[2023-06-01 00:17:32,133] {taskinstance.py:1378} INFO - 
--------------------------------------------------------------------------------
[2023-06-01 00:17:32,145] {taskinstance.py:1397} INFO - Executing <Task(ExportData): upload_data_big_query> on 2023-06-01 00:17:29.981772+00:00
[2023-06-01 00:17:32,156] {standard_task_runner.py:52} INFO - Started process 2620 to run task
[2023-06-01 00:17:32,162] {standard_task_runner.py:79} INFO - Running: ['***', 'tasks', 'run', 'vic_investigacion_ETL', 'upload_data_big_query', 'manual__2023-06-01T00:17:29.981772+00:00', '--job-id', '44', '--raw', '--subdir', 'DAGS_FOLDER/vic_investigacion_dag.py', '--cfg-path', '/tmp/tmpjxdhzpkk', '--error-file', '/tmp/tmpi20_umkc']
[2023-06-01 00:17:32,166] {standard_task_runner.py:80} INFO - Job 44: Subtask upload_data_big_query
[2023-06-01 00:17:32,292] {task_command.py:371} INFO - Running <TaskInstance: vic_investigacion_ETL.upload_data_big_query manual__2023-06-01T00:17:29.981772+00:00 [running]> on host 5d9ccb732815
[2023-06-01 00:17:32,483] {taskinstance.py:1591} INFO - Exporting the following env vars:
AIRFLOW_CTX_DAG_OWNER=***
AIRFLOW_CTX_DAG_ID=vic_investigacion_ETL
AIRFLOW_CTX_TASK_ID=upload_data_big_query
AIRFLOW_CTX_EXECUTION_DATE=2023-06-01T00:17:29.981772+00:00
AIRFLOW_CTX_TRY_NUMBER=1
AIRFLOW_CTX_DAG_RUN_ID=manual__2023-06-01T00:17:29.981772+00:00
[2023-06-01 00:17:32,492] {logging_mixin.py:115} INFO - Exporting Data
[2023-06-01 00:17:32,495] {logging_mixin.py:115} INFO - /opt/***/data/scopus/to_upload_data/authors_join.csv
[2023-06-01 00:17:38,348] {logging_mixin.py:115} INFO - LoadJob<project=viceinvestigacion, location=US, id=57b697b0-f508-4745-be93-4ca210178db4>
[2023-06-01 00:17:38,351] {logging_mixin.py:115} INFO - /opt/***/data/scopus/to_upload_data/subject_areas.csv
[2023-06-01 00:17:44,169] {logging_mixin.py:115} INFO - LoadJob<project=viceinvestigacion, location=US, id=939a907c-a0a6-4083-8103-aadeeb6c6cb4>
[2023-06-01 00:17:44,374] {taskinstance.py:1420} INFO - Marking task as SUCCESS. dag_id=vic_investigacion_ETL, task_id=upload_data_big_query, execution_date=20230601T001729, start_date=20230601T001732, end_date=20230601T001744
[2023-06-01 00:17:44,414] {local_task_job.py:156} INFO - Task exited with return code 0
[2023-06-01 00:17:44,438] {local_task_job.py:273} INFO - 0 downstream tasks scheduled from follow-on schedule check
