[2023-06-01 21:42:42,818] {taskinstance.py:1179} INFO - Dependencies all met for <TaskInstance: vic_investigacion_ETL.upload_data_big_query manual__2023-06-01T21:42:38.745660+00:00 [queued]>
[2023-06-01 21:42:42,829] {taskinstance.py:1179} INFO - Dependencies all met for <TaskInstance: vic_investigacion_ETL.upload_data_big_query manual__2023-06-01T21:42:38.745660+00:00 [queued]>
[2023-06-01 21:42:42,829] {taskinstance.py:1376} INFO - 
--------------------------------------------------------------------------------
[2023-06-01 21:42:42,830] {taskinstance.py:1377} INFO - Starting attempt 1 of 1
[2023-06-01 21:42:42,831] {taskinstance.py:1378} INFO - 
--------------------------------------------------------------------------------
[2023-06-01 21:42:42,845] {taskinstance.py:1397} INFO - Executing <Task(ExportData): upload_data_big_query> on 2023-06-01 21:42:38.745660+00:00
[2023-06-01 21:42:42,852] {standard_task_runner.py:52} INFO - Started process 28301 to run task
[2023-06-01 21:42:42,856] {standard_task_runner.py:79} INFO - Running: ['***', 'tasks', 'run', 'vic_investigacion_ETL', 'upload_data_big_query', 'manual__2023-06-01T21:42:38.745660+00:00', '--job-id', '276', '--raw', '--subdir', 'DAGS_FOLDER/vic_investigacion_dag.py', '--cfg-path', '/tmp/tmpndp18tia', '--error-file', '/tmp/tmplxxzhga7']
[2023-06-01 21:42:42,858] {standard_task_runner.py:80} INFO - Job 276: Subtask upload_data_big_query
[2023-06-01 21:42:42,921] {task_command.py:371} INFO - Running <TaskInstance: vic_investigacion_ETL.upload_data_big_query manual__2023-06-01T21:42:38.745660+00:00 [running]> on host 5d9ccb732815
[2023-06-01 21:42:42,972] {taskinstance.py:1591} INFO - Exporting the following env vars:
AIRFLOW_CTX_DAG_OWNER=***
AIRFLOW_CTX_DAG_ID=vic_investigacion_ETL
AIRFLOW_CTX_TASK_ID=upload_data_big_query
AIRFLOW_CTX_EXECUTION_DATE=2023-06-01T21:42:38.745660+00:00
AIRFLOW_CTX_TRY_NUMBER=1
AIRFLOW_CTX_DAG_RUN_ID=manual__2023-06-01T21:42:38.745660+00:00
[2023-06-01 21:42:42,973] {logging_mixin.py:115} INFO - Exporting Data
[2023-06-01 21:42:42,976] {logging_mixin.py:115} INFO - /opt/***/data/scopus/to_upload_data/subject_areas.csv
[2023-06-01 21:42:49,334] {logging_mixin.py:115} INFO - LoadJob<project=viceinvestigacion, location=US, id=976be02e-81d8-4bd1-af54-0be02b518f18>
[2023-06-01 21:42:49,356] {taskinstance.py:1420} INFO - Marking task as SUCCESS. dag_id=vic_investigacion_ETL, task_id=upload_data_big_query, execution_date=20230601T214238, start_date=20230601T214242, end_date=20230601T214249
[2023-06-01 21:42:49,478] {local_task_job.py:156} INFO - Task exited with return code 0
[2023-06-01 21:42:49,504] {local_task_job.py:273} INFO - 0 downstream tasks scheduled from follow-on schedule check
