[2023-04-24 20:29:29,780] {taskinstance.py:1179} INFO - Dependencies all met for <TaskInstance: vic_investigacion_ETL.get_scopus_data manual__2023-04-24T20:29:27.815112+00:00 [queued]>
[2023-04-24 20:29:29,788] {taskinstance.py:1179} INFO - Dependencies all met for <TaskInstance: vic_investigacion_ETL.get_scopus_data manual__2023-04-24T20:29:27.815112+00:00 [queued]>
[2023-04-24 20:29:29,789] {taskinstance.py:1376} INFO - 
--------------------------------------------------------------------------------
[2023-04-24 20:29:29,789] {taskinstance.py:1377} INFO - Starting attempt 1 of 1
[2023-04-24 20:29:29,790] {taskinstance.py:1378} INFO - 
--------------------------------------------------------------------------------
[2023-04-24 20:29:29,800] {taskinstance.py:1397} INFO - Executing <Task(ReadScopus): get_scopus_data> on 2023-04-24 20:29:27.815112+00:00
[2023-04-24 20:29:29,808] {standard_task_runner.py:52} INFO - Started process 12194 to run task
[2023-04-24 20:29:29,814] {standard_task_runner.py:79} INFO - Running: ['***', 'tasks', 'run', 'vic_investigacion_ETL', 'get_scopus_data', 'manual__2023-04-24T20:29:27.815112+00:00', '--job-id', '430', '--raw', '--subdir', 'DAGS_FOLDER/vic_investigacion_dag.py', '--cfg-path', '/tmp/tmpsgbqbtj6', '--error-file', '/tmp/tmp8wkpv66n']
[2023-04-24 20:29:29,817] {standard_task_runner.py:80} INFO - Job 430: Subtask get_scopus_data
[2023-04-24 20:29:29,929] {task_command.py:371} INFO - Running <TaskInstance: vic_investigacion_ETL.get_scopus_data manual__2023-04-24T20:29:27.815112+00:00 [running]> on host b136a0a45498
[2023-04-24 20:29:30,472] {taskinstance.py:1591} INFO - Exporting the following env vars:
AIRFLOW_CTX_DAG_OWNER=***
AIRFLOW_CTX_DAG_ID=vic_investigacion_ETL
AIRFLOW_CTX_TASK_ID=get_scopus_data
AIRFLOW_CTX_EXECUTION_DATE=2023-04-24T20:29:27.815112+00:00
AIRFLOW_CTX_TRY_NUMBER=1
AIRFLOW_CTX_DAG_RUN_ID=manual__2023-04-24T20:29:27.815112+00:00
[2023-04-24 20:29:30,473] {logging_mixin.py:115} INFO - Getting Scopus Data
[2023-04-24 20:29:30,474] {logging_mixin.py:115} INFO - The api key is:  640ababb3eaaa3723c7cc11be848250b
[2023-04-24 20:29:30,475] {logging_mixin.py:115} INFO - DAG PATH:  /opt/***
[2023-04-24 20:29:30,616] {logging_mixin.py:115} INFO -        Cedula                            Nombre    Scopus_ID
0  52390079.0       Pomares Quimbaya Alexandra   24832026300
1         NaN       Carlos Andres Parra Acevedo  57212998692
2  39785999.0          Burbano Valente, Johanna  20436581100
3  10141825.0       Santacoloma Giraldo, Andres  24462330500
4  52704428.0  Garcia Padilla, Dennys del Rocio  13403648000
5  52772896.0        Rubio Leon, Diana Carolina  56491243500
[2023-04-24 20:29:30,617] {elsclient.py:109} INFO - Sending GET request to https://api.elsevier.com/content/author/author_id/24832026300
[2023-04-24 20:29:31,202] {elsentity.py:77} INFO - Data loaded for https://api.elsevier.com/content/author/author_id/24832026300
[2023-04-24 20:29:32,202] {elsclient.py:109} INFO - Sending GET request to https://api.elsevier.com/content/search/scopus?query=AU-ID%2824832026300%29
[2023-04-24 20:29:33,072] {utils.py:41} INFO - Converting prism:coverDate
[2023-04-24 20:29:34,056] {elsclient.py:109} INFO - Sending GET request to https://api.elsevier.com/content/author/author_id/57212998692
[2023-04-24 20:29:34,541] {elsentity.py:77} INFO - Data loaded for https://api.elsevier.com/content/author/author_id/57212998692
[2023-04-24 20:29:35,542] {elsclient.py:109} INFO - Sending GET request to https://api.elsevier.com/content/search/scopus?query=AU-ID%2857212998692%29
[2023-04-24 20:29:36,845] {utils.py:41} INFO - Converting prism:coverDate
[2023-04-24 20:29:37,840] {elsclient.py:109} INFO - Sending GET request to https://api.elsevier.com/content/author/author_id/20436581100
[2023-04-24 20:29:38,355] {elsentity.py:77} INFO - Data loaded for https://api.elsevier.com/content/author/author_id/20436581100
[2023-04-24 20:29:39,357] {elsclient.py:109} INFO - Sending GET request to https://api.elsevier.com/content/search/scopus?query=AU-ID%2820436581100%29
[2023-04-24 20:29:40,219] {utils.py:41} INFO - Converting prism:coverDate
[2023-04-24 20:29:41,216] {elsclient.py:109} INFO - Sending GET request to https://api.elsevier.com/content/author/author_id/24462330500
[2023-04-24 20:29:41,954] {elsentity.py:77} INFO - Data loaded for https://api.elsevier.com/content/author/author_id/24462330500
[2023-04-24 20:29:42,956] {elsclient.py:109} INFO - Sending GET request to https://api.elsevier.com/content/search/scopus?query=AU-ID%2824462330500%29
[2023-04-24 20:29:44,022] {utils.py:41} INFO - Converting prism:coverDate
[2023-04-24 20:29:45,017] {elsclient.py:109} INFO - Sending GET request to https://api.elsevier.com/content/author/author_id/13403648000
[2023-04-24 20:29:45,646] {elsentity.py:77} INFO - Data loaded for https://api.elsevier.com/content/author/author_id/13403648000
[2023-04-24 20:29:46,652] {elsclient.py:109} INFO - Sending GET request to https://api.elsevier.com/content/search/scopus?query=AU-ID%2813403648000%29
[2023-04-24 20:29:47,593] {utils.py:41} INFO - Converting prism:coverDate
[2023-04-24 20:29:48,588] {elsclient.py:109} INFO - Sending GET request to https://api.elsevier.com/content/author/author_id/56491243500
[2023-04-24 20:29:49,061] {elsentity.py:77} INFO - Data loaded for https://api.elsevier.com/content/author/author_id/56491243500
[2023-04-24 20:29:50,066] {elsclient.py:109} INFO - Sending GET request to https://api.elsevier.com/content/search/scopus?query=AU-ID%2856491243500%29
[2023-04-24 20:29:51,177] {utils.py:41} INFO - Converting prism:coverDate
[2023-04-24 20:29:51,202] {taskinstance.py:1420} INFO - Marking task as SUCCESS. dag_id=vic_investigacion_ETL, task_id=get_scopus_data, execution_date=20230424T202927, start_date=20230424T202929, end_date=20230424T202951
[2023-04-24 20:29:51,309] {local_task_job.py:156} INFO - Task exited with return code 0
