[2023-06-26 12:27:32,800] {taskinstance.py:1179} INFO - Dependencies all met for <TaskInstance: vic_investigacion_ETL.upload_data_big_query manual__2023-06-26T12:27:13.351307+00:00 [queued]>
[2023-06-26 12:27:32,806] {taskinstance.py:1179} INFO - Dependencies all met for <TaskInstance: vic_investigacion_ETL.upload_data_big_query manual__2023-06-26T12:27:13.351307+00:00 [queued]>
[2023-06-26 12:27:32,806] {taskinstance.py:1376} INFO - 
--------------------------------------------------------------------------------
[2023-06-26 12:27:32,807] {taskinstance.py:1377} INFO - Starting attempt 1 of 1
[2023-06-26 12:27:32,807] {taskinstance.py:1378} INFO - 
--------------------------------------------------------------------------------
[2023-06-26 12:27:32,814] {taskinstance.py:1397} INFO - Executing <Task(ExportData): upload_data_big_query> on 2023-06-26 12:27:13.351307+00:00
[2023-06-26 12:27:32,819] {standard_task_runner.py:52} INFO - Started process 2436 to run task
[2023-06-26 12:27:32,822] {standard_task_runner.py:79} INFO - Running: ['***', 'tasks', 'run', 'vic_investigacion_ETL', 'upload_data_big_query', 'manual__2023-06-26T12:27:13.351307+00:00', '--job-id', '14', '--raw', '--subdir', 'DAGS_FOLDER/vic_investigacion_dag.py', '--cfg-path', '/tmp/tmpi0agepmw', '--error-file', '/tmp/tmp21eo3vdp']
[2023-06-26 12:27:32,827] {standard_task_runner.py:80} INFO - Job 14: Subtask upload_data_big_query
[2023-06-26 12:27:32,878] {task_command.py:371} INFO - Running <TaskInstance: vic_investigacion_ETL.upload_data_big_query manual__2023-06-26T12:27:13.351307+00:00 [running]> on host ce13f1e72365
[2023-06-26 12:27:32,924] {taskinstance.py:1591} INFO - Exporting the following env vars:
AIRFLOW_CTX_DAG_OWNER=***
AIRFLOW_CTX_DAG_ID=vic_investigacion_ETL
AIRFLOW_CTX_TASK_ID=upload_data_big_query
AIRFLOW_CTX_EXECUTION_DATE=2023-06-26T12:27:13.351307+00:00
AIRFLOW_CTX_TRY_NUMBER=1
AIRFLOW_CTX_DAG_RUN_ID=manual__2023-06-26T12:27:13.351307+00:00
[2023-06-26 12:27:32,925] {logging_mixin.py:115} INFO - Exporting Data
[2023-06-26 12:27:32,927] {logging_mixin.py:115} INFO - /opt/***/data/to_upload/respositorio_inst.xlsx
[2023-06-26 12:28:57,608] {logging_mixin.py:115} INFO - LoadJob<project=viceinvestigacion, location=US, id=1b23ab18-3cb2-43b0-9bd5-0449f25b18f8>
[2023-06-26 12:28:57,948] {taskinstance.py:1420} INFO - Marking task as SUCCESS. dag_id=vic_investigacion_ETL, task_id=upload_data_big_query, execution_date=20230626T122713, start_date=20230626T122732, end_date=20230626T122857
[2023-06-26 12:28:58,188] {local_task_job.py:156} INFO - Task exited with return code 0
[2023-06-26 12:28:58,218] {local_task_job.py:273} INFO - 0 downstream tasks scheduled from follow-on schedule check
