[2023-04-17 21:18:54,707] {taskinstance.py:1179} INFO - Dependencies all met for <TaskInstance: vic_investigacion_ETL.upload_data_big_query manual__2023-04-17T21:18:49.262525+00:00 [queued]>
[2023-04-17 21:18:54,713] {taskinstance.py:1179} INFO - Dependencies all met for <TaskInstance: vic_investigacion_ETL.upload_data_big_query manual__2023-04-17T21:18:49.262525+00:00 [queued]>
[2023-04-17 21:18:54,714] {taskinstance.py:1376} INFO - 
--------------------------------------------------------------------------------
[2023-04-17 21:18:54,714] {taskinstance.py:1377} INFO - Starting attempt 1 of 1
[2023-04-17 21:18:54,715] {taskinstance.py:1378} INFO - 
--------------------------------------------------------------------------------
[2023-04-17 21:18:54,722] {taskinstance.py:1397} INFO - Executing <Task(ExportingData): upload_data_big_query> on 2023-04-17 21:18:49.262525+00:00
[2023-04-17 21:18:54,730] {standard_task_runner.py:52} INFO - Started process 367 to run task
[2023-04-17 21:18:54,733] {standard_task_runner.py:79} INFO - Running: ['***', 'tasks', 'run', 'vic_investigacion_ETL', 'upload_data_big_query', 'manual__2023-04-17T21:18:49.262525+00:00', '--job-id', '231', '--raw', '--subdir', 'DAGS_FOLDER/vic_investigacion_dag.py', '--cfg-path', '/tmp/tmpw_f8brle', '--error-file', '/tmp/tmp755f1ufv']
[2023-04-17 21:18:54,735] {standard_task_runner.py:80} INFO - Job 231: Subtask upload_data_big_query
[2023-04-17 21:18:54,801] {task_command.py:371} INFO - Running <TaskInstance: vic_investigacion_ETL.upload_data_big_query manual__2023-04-17T21:18:49.262525+00:00 [running]> on host 6071715564b2
[2023-04-17 21:18:54,851] {taskinstance.py:1591} INFO - Exporting the following env vars:
AIRFLOW_CTX_DAG_OWNER=***
AIRFLOW_CTX_DAG_ID=vic_investigacion_ETL
AIRFLOW_CTX_TASK_ID=upload_data_big_query
AIRFLOW_CTX_EXECUTION_DATE=2023-04-17T21:18:49.262525+00:00
AIRFLOW_CTX_TRY_NUMBER=1
AIRFLOW_CTX_DAG_RUN_ID=manual__2023-04-17T21:18:49.262525+00:00
[2023-04-17 21:18:54,852] {logging_mixin.py:115} INFO - Exporting Data
[2023-04-17 21:18:54,854] {logging_mixin.py:115} INFO - /opt/***/raw_data/clean_authors_core_data/afilliations_history.csv
[2023-04-17 21:18:56,430] {logging_mixin.py:115} INFO - --
[2023-04-17 21:18:56,432] {logging_mixin.py:115} INFO - /opt/***/raw_data/clean_authors_core_data/core_data.csv
[2023-04-17 21:19:00,812] {logging_mixin.py:115} INFO - LoadJob<project=viceinvestigacion, location=US, id=0bf84e96-41e2-4bb5-ab20-9458af859a49>
[2023-04-17 21:19:00,814] {logging_mixin.py:115} INFO - /opt/***/raw_data/clean_authors_core_data/current_afilliations.csv
[2023-04-17 21:19:01,387] {logging_mixin.py:115} INFO - --
[2023-04-17 21:19:01,388] {logging_mixin.py:115} INFO - /opt/***/raw_data/clean_authors_core_data/products.csv
[2023-04-17 21:19:01,705] {logging_mixin.py:115} INFO - --
[2023-04-17 21:19:01,710] {logging_mixin.py:115} INFO - /opt/***/raw_data/clean_authors_core_data/subject_areas.csv
[2023-04-17 21:19:02,135] {logging_mixin.py:115} INFO - --
[2023-04-17 21:19:02,137] {logging_mixin.py:115} INFO - /opt/***/raw_data/clean_authors_products_data/clean_products.csv
[2023-04-17 21:19:05,647] {logging_mixin.py:115} INFO - LoadJob<project=viceinvestigacion, location=US, id=ae1e9806-e723-458d-8ce2-2b494e8705db>
[2023-04-17 21:19:05,677] {taskinstance.py:1420} INFO - Marking task as SUCCESS. dag_id=vic_investigacion_ETL, task_id=upload_data_big_query, execution_date=20230417T211849, start_date=20230417T211854, end_date=20230417T211905
[2023-04-17 21:19:05,820] {local_task_job.py:156} INFO - Task exited with return code 0
[2023-04-17 21:19:05,846] {local_task_job.py:273} INFO - 0 downstream tasks scheduled from follow-on schedule check
