[2023-04-24 20:31:21,350] {taskinstance.py:1179} INFO - Dependencies all met for <TaskInstance: vic_investigacion_ETL.prepare_group_lac_data manual__2023-04-24T20:31:15.601616+00:00 [queued]>
[2023-04-24 20:31:21,361] {taskinstance.py:1179} INFO - Dependencies all met for <TaskInstance: vic_investigacion_ETL.prepare_group_lac_data manual__2023-04-24T20:31:15.601616+00:00 [queued]>
[2023-04-24 20:31:21,362] {taskinstance.py:1376} INFO - 
--------------------------------------------------------------------------------
[2023-04-24 20:31:21,363] {taskinstance.py:1377} INFO - Starting attempt 1 of 1
[2023-04-24 20:31:21,364] {taskinstance.py:1378} INFO - 
--------------------------------------------------------------------------------
[2023-04-24 20:31:21,381] {taskinstance.py:1397} INFO - Executing <Task(PrepareGroupLacData): prepare_group_lac_data> on 2023-04-24 20:31:15.601616+00:00
[2023-04-24 20:31:21,393] {standard_task_runner.py:52} INFO - Started process 12319 to run task
[2023-04-24 20:31:21,400] {standard_task_runner.py:79} INFO - Running: ['***', 'tasks', 'run', 'vic_investigacion_ETL', 'prepare_group_lac_data', 'manual__2023-04-24T20:31:15.601616+00:00', '--job-id', '442', '--raw', '--subdir', 'DAGS_FOLDER/vic_investigacion_dag.py', '--cfg-path', '/tmp/tmp3bqk8mqm', '--error-file', '/tmp/tmpsxp45gnv']
[2023-04-24 20:31:21,404] {standard_task_runner.py:80} INFO - Job 442: Subtask prepare_group_lac_data
[2023-04-24 20:31:21,676] {task_command.py:371} INFO - Running <TaskInstance: vic_investigacion_ETL.prepare_group_lac_data manual__2023-04-24T20:31:15.601616+00:00 [running]> on host b136a0a45498
[2023-04-24 20:31:22,450] {taskinstance.py:1591} INFO - Exporting the following env vars:
AIRFLOW_CTX_DAG_OWNER=***
AIRFLOW_CTX_DAG_ID=vic_investigacion_ETL
AIRFLOW_CTX_TASK_ID=prepare_group_lac_data
AIRFLOW_CTX_EXECUTION_DATE=2023-04-24T20:31:15.601616+00:00
AIRFLOW_CTX_TRY_NUMBER=1
AIRFLOW_CTX_DAG_RUN_ID=manual__2023-04-24T20:31:15.601616+00:00
[2023-04-24 20:31:22,453] {logging_mixin.py:115} INFO - Preparing group lac Data
[2023-04-24 20:31:22,570] {taskinstance.py:1420} INFO - Marking task as SUCCESS. dag_id=vic_investigacion_ETL, task_id=prepare_group_lac_data, execution_date=20230424T203115, start_date=20230424T203121, end_date=20230424T203122
[2023-04-24 20:31:22,635] {local_task_job.py:156} INFO - Task exited with return code 0
