[2023-06-01 00:17:32,311] {taskinstance.py:1179} INFO - Dependencies all met for <TaskInstance: vic_investigacion_ETL.get_wos_data manual__2023-06-01T00:17:29.981772+00:00 [queued]>
[2023-06-01 00:17:32,325] {taskinstance.py:1179} INFO - Dependencies all met for <TaskInstance: vic_investigacion_ETL.get_wos_data manual__2023-06-01T00:17:29.981772+00:00 [queued]>
[2023-06-01 00:17:32,329] {taskinstance.py:1376} INFO - 
--------------------------------------------------------------------------------
[2023-06-01 00:17:32,330] {taskinstance.py:1377} INFO - Starting attempt 1 of 1
[2023-06-01 00:17:32,332] {taskinstance.py:1378} INFO - 
--------------------------------------------------------------------------------
[2023-06-01 00:17:32,371] {taskinstance.py:1397} INFO - Executing <Task(ReadWOS): get_wos_data> on 2023-06-01 00:17:29.981772+00:00
[2023-06-01 00:17:32,384] {standard_task_runner.py:52} INFO - Started process 2624 to run task
[2023-06-01 00:17:32,390] {standard_task_runner.py:79} INFO - Running: ['***', 'tasks', 'run', 'vic_investigacion_ETL', 'get_wos_data', 'manual__2023-06-01T00:17:29.981772+00:00', '--job-id', '48', '--raw', '--subdir', 'DAGS_FOLDER/vic_investigacion_dag.py', '--cfg-path', '/tmp/tmpp2blxr0a', '--error-file', '/tmp/tmpib3p369_']
[2023-06-01 00:17:32,392] {standard_task_runner.py:80} INFO - Job 48: Subtask get_wos_data
[2023-06-01 00:17:32,530] {task_command.py:371} INFO - Running <TaskInstance: vic_investigacion_ETL.get_wos_data manual__2023-06-01T00:17:29.981772+00:00 [running]> on host 5d9ccb732815
[2023-06-01 00:17:32,730] {taskinstance.py:1591} INFO - Exporting the following env vars:
AIRFLOW_CTX_DAG_OWNER=***
AIRFLOW_CTX_DAG_ID=vic_investigacion_ETL
AIRFLOW_CTX_TASK_ID=get_wos_data
AIRFLOW_CTX_EXECUTION_DATE=2023-06-01T00:17:29.981772+00:00
AIRFLOW_CTX_TRY_NUMBER=1
AIRFLOW_CTX_DAG_RUN_ID=manual__2023-06-01T00:17:29.981772+00:00
[2023-06-01 00:17:32,746] {logging_mixin.py:115} INFO - Getting WOS Data
[2023-06-01 00:17:32,911] {taskinstance.py:1420} INFO - Marking task as SUCCESS. dag_id=vic_investigacion_ETL, task_id=get_wos_data, execution_date=20230601T001729, start_date=20230601T001732, end_date=20230601T001732
[2023-06-01 00:17:32,943] {local_task_job.py:156} INFO - Task exited with return code 0
[2023-06-01 00:17:32,975] {local_task_job.py:273} INFO - 0 downstream tasks scheduled from follow-on schedule check
