[2023-08-01 23:27:03,151] {taskinstance.py:1179} INFO - Dependencies all met for <TaskInstance: vic_investigacion_ETL.profesores_core_data manual__2023-08-01T23:26:59.906089+00:00 [queued]>
[2023-08-01 23:27:03,161] {taskinstance.py:1179} INFO - Dependencies all met for <TaskInstance: vic_investigacion_ETL.profesores_core_data manual__2023-08-01T23:26:59.906089+00:00 [queued]>
[2023-08-01 23:27:03,162] {taskinstance.py:1376} INFO - 
--------------------------------------------------------------------------------
[2023-08-01 23:27:03,164] {taskinstance.py:1377} INFO - Starting attempt 1 of 1
[2023-08-01 23:27:03,165] {taskinstance.py:1378} INFO - 
--------------------------------------------------------------------------------
[2023-08-01 23:27:03,188] {taskinstance.py:1397} INFO - Executing <Task(PrepareProfesoresData): profesores_core_data> on 2023-08-01 23:26:59.906089+00:00
[2023-08-01 23:27:03,212] {standard_task_runner.py:52} INFO - Started process 1597 to run task
[2023-08-01 23:27:03,221] {standard_task_runner.py:79} INFO - Running: ['***', 'tasks', 'run', 'vic_investigacion_ETL', 'profesores_core_data', 'manual__2023-08-01T23:26:59.906089+00:00', '--job-id', '167', '--raw', '--subdir', 'DAGS_FOLDER/vic_investigacion_dag.py', '--cfg-path', '/tmp/tmpa30k0o3n', '--error-file', '/tmp/tmp_819uq43']
[2023-08-01 23:27:03,224] {standard_task_runner.py:80} INFO - Job 167: Subtask profesores_core_data
[2023-08-01 23:27:03,530] {task_command.py:371} INFO - Running <TaskInstance: vic_investigacion_ETL.profesores_core_data manual__2023-08-01T23:26:59.906089+00:00 [running]> on host 6c8a51d4a614
[2023-08-01 23:27:03,690] {taskinstance.py:1591} INFO - Exporting the following env vars:
AIRFLOW_CTX_DAG_OWNER=***
AIRFLOW_CTX_DAG_ID=vic_investigacion_ETL
AIRFLOW_CTX_TASK_ID=profesores_core_data
AIRFLOW_CTX_EXECUTION_DATE=2023-08-01T23:26:59.906089+00:00
AIRFLOW_CTX_TRY_NUMBER=1
AIRFLOW_CTX_DAG_RUN_ID=manual__2023-08-01T23:26:59.906089+00:00
[2023-08-01 23:27:03,698] {logging_mixin.py:115} INFO - Preparing Profesores Core Data
[2023-08-01 23:27:21,506] {taskinstance.py:1420} INFO - Marking task as SUCCESS. dag_id=vic_investigacion_ETL, task_id=profesores_core_data, execution_date=20230801T232659, start_date=20230801T232703, end_date=20230801T232721
[2023-08-01 23:27:21,650] {local_task_job.py:156} INFO - Task exited with return code 0
