[2023-04-14 17:01:03,429] {taskinstance.py:1179} INFO - Dependencies all met for <TaskInstance: vic_investigacion_ETL.get_scopus_data manual__2023-04-14T17:01:02.390491+00:00 [queued]>
[2023-04-14 17:01:03,435] {taskinstance.py:1179} INFO - Dependencies all met for <TaskInstance: vic_investigacion_ETL.get_scopus_data manual__2023-04-14T17:01:02.390491+00:00 [queued]>
[2023-04-14 17:01:03,435] {taskinstance.py:1376} INFO - 
--------------------------------------------------------------------------------
[2023-04-14 17:01:03,436] {taskinstance.py:1377} INFO - Starting attempt 1 of 1
[2023-04-14 17:01:03,436] {taskinstance.py:1378} INFO - 
--------------------------------------------------------------------------------
[2023-04-14 17:01:03,443] {taskinstance.py:1397} INFO - Executing <Task(ReadScopus): get_scopus_data> on 2023-04-14 17:01:02.390491+00:00
[2023-04-14 17:01:03,448] {standard_task_runner.py:52} INFO - Started process 167 to run task
[2023-04-14 17:01:03,451] {standard_task_runner.py:79} INFO - Running: ['***', 'tasks', 'run', 'vic_investigacion_ETL', 'get_scopus_data', 'manual__2023-04-14T17:01:02.390491+00:00', '--job-id', '75', '--raw', '--subdir', 'DAGS_FOLDER/vic_investigacion_dag.py', '--cfg-path', '/tmp/tmp2i_swzgk', '--error-file', '/tmp/tmphpomgo3i']
[2023-04-14 17:01:03,453] {standard_task_runner.py:80} INFO - Job 75: Subtask get_scopus_data
[2023-04-14 17:01:03,514] {task_command.py:371} INFO - Running <TaskInstance: vic_investigacion_ETL.get_scopus_data manual__2023-04-14T17:01:02.390491+00:00 [running]> on host d014c8b814c7
[2023-04-14 17:01:03,590] {taskinstance.py:1591} INFO - Exporting the following env vars:
AIRFLOW_CTX_DAG_OWNER=***
AIRFLOW_CTX_DAG_ID=vic_investigacion_ETL
AIRFLOW_CTX_TASK_ID=get_scopus_data
AIRFLOW_CTX_EXECUTION_DATE=2023-04-14T17:01:02.390491+00:00
AIRFLOW_CTX_TRY_NUMBER=1
AIRFLOW_CTX_DAG_RUN_ID=manual__2023-04-14T17:01:02.390491+00:00
[2023-04-14 17:01:03,592] {logging_mixin.py:115} INFO - Getting Scopus Data
[2023-04-14 17:01:03,592] {logging_mixin.py:115} INFO - The api key is:  640ababb3eaaa3723c7cc11be848250b
[2023-04-14 17:01:03,593] {logging_mixin.py:115} INFO - READIINGGGGGGGGGGG!!!!
[2023-04-14 17:01:03,608] {taskinstance.py:1420} INFO - Marking task as SUCCESS. dag_id=vic_investigacion_ETL, task_id=get_scopus_data, execution_date=20230414T170102, start_date=20230414T170103, end_date=20230414T170103
[2023-04-14 17:01:03,664] {local_task_job.py:156} INFO - Task exited with return code 0
[2023-04-14 17:01:03,698] {local_task_job.py:273} INFO - 0 downstream tasks scheduled from follow-on schedule check
