[2023-06-06 22:10:31,950] {taskinstance.py:1179} INFO - Dependencies all met for <TaskInstance: vic_investigacion_ETL.get_scopus_data manual__2023-06-06T22:10:30.604660+00:00 [queued]>
[2023-06-06 22:10:31,957] {taskinstance.py:1179} INFO - Dependencies all met for <TaskInstance: vic_investigacion_ETL.get_scopus_data manual__2023-06-06T22:10:30.604660+00:00 [queued]>
[2023-06-06 22:10:31,958] {taskinstance.py:1376} INFO - 
--------------------------------------------------------------------------------
[2023-06-06 22:10:31,958] {taskinstance.py:1377} INFO - Starting attempt 1 of 1
[2023-06-06 22:10:31,959] {taskinstance.py:1378} INFO - 
--------------------------------------------------------------------------------
[2023-06-06 22:10:31,967] {taskinstance.py:1397} INFO - Executing <Task(ReadScopus): get_scopus_data> on 2023-06-06 22:10:30.604660+00:00
[2023-06-06 22:10:31,972] {standard_task_runner.py:52} INFO - Started process 1690 to run task
[2023-06-06 22:10:31,976] {standard_task_runner.py:79} INFO - Running: ['***', 'tasks', 'run', 'vic_investigacion_ETL', 'get_scopus_data', 'manual__2023-06-06T22:10:30.604660+00:00', '--job-id', '298', '--raw', '--subdir', 'DAGS_FOLDER/vic_investigacion_dag.py', '--cfg-path', '/tmp/tmp295dvctx', '--error-file', '/tmp/tmpl48yofi5']
[2023-06-06 22:10:31,978] {standard_task_runner.py:80} INFO - Job 298: Subtask get_scopus_data
[2023-06-06 22:10:32,049] {task_command.py:371} INFO - Running <TaskInstance: vic_investigacion_ETL.get_scopus_data manual__2023-06-06T22:10:30.604660+00:00 [running]> on host b5c935c9edd6
[2023-06-06 22:10:32,112] {taskinstance.py:1591} INFO - Exporting the following env vars:
AIRFLOW_CTX_DAG_OWNER=***
AIRFLOW_CTX_DAG_ID=vic_investigacion_ETL
AIRFLOW_CTX_TASK_ID=get_scopus_data
AIRFLOW_CTX_EXECUTION_DATE=2023-06-06T22:10:30.604660+00:00
AIRFLOW_CTX_TRY_NUMBER=1
AIRFLOW_CTX_DAG_RUN_ID=manual__2023-06-06T22:10:30.604660+00:00
[2023-06-06 22:10:32,114] {logging_mixin.py:115} INFO - Getting Scopus Data
[2023-06-06 22:10:32,116] {logging_mixin.py:115} INFO - The api key is:  640ababb3eaaa3723c7cc11be848250b
[2023-06-06 22:10:32,131] {taskinstance.py:1420} INFO - Marking task as SUCCESS. dag_id=vic_investigacion_ETL, task_id=get_scopus_data, execution_date=20230606T221030, start_date=20230606T221031, end_date=20230606T221032
[2023-06-06 22:10:32,190] {local_task_job.py:156} INFO - Task exited with return code 0
[2023-06-06 22:10:32,217] {local_task_job.py:273} INFO - 0 downstream tasks scheduled from follow-on schedule check
