[2023-06-01 00:35:11,526] {taskinstance.py:1179} INFO - Dependencies all met for <TaskInstance: vic_investigacion_ETL.upload_data_big_query manual__2023-06-01T00:35:09.536592+00:00 [queued]>
[2023-06-01 00:35:11,538] {taskinstance.py:1179} INFO - Dependencies all met for <TaskInstance: vic_investigacion_ETL.upload_data_big_query manual__2023-06-01T00:35:09.536592+00:00 [queued]>
[2023-06-01 00:35:11,539] {taskinstance.py:1376} INFO - 
--------------------------------------------------------------------------------
[2023-06-01 00:35:11,540] {taskinstance.py:1377} INFO - Starting attempt 1 of 1
[2023-06-01 00:35:11,541] {taskinstance.py:1378} INFO - 
--------------------------------------------------------------------------------
[2023-06-01 00:35:11,553] {taskinstance.py:1397} INFO - Executing <Task(ExportData): upload_data_big_query> on 2023-06-01 00:35:09.536592+00:00
[2023-06-01 00:35:11,560] {standard_task_runner.py:52} INFO - Started process 243 to run task
[2023-06-01 00:35:11,568] {standard_task_runner.py:79} INFO - Running: ['***', 'tasks', 'run', 'vic_investigacion_ETL', 'upload_data_big_query', 'manual__2023-06-01T00:35:09.536592+00:00', '--job-id', '89', '--raw', '--subdir', 'DAGS_FOLDER/vic_investigacion_dag.py', '--cfg-path', '/tmp/tmpysnbxa9g', '--error-file', '/tmp/tmphm32o47t']
[2023-06-01 00:35:11,571] {standard_task_runner.py:80} INFO - Job 89: Subtask upload_data_big_query
[2023-06-01 00:35:11,698] {task_command.py:371} INFO - Running <TaskInstance: vic_investigacion_ETL.upload_data_big_query manual__2023-06-01T00:35:09.536592+00:00 [running]> on host 5d9ccb732815
[2023-06-01 00:35:11,838] {taskinstance.py:1591} INFO - Exporting the following env vars:
AIRFLOW_CTX_DAG_OWNER=***
AIRFLOW_CTX_DAG_ID=vic_investigacion_ETL
AIRFLOW_CTX_TASK_ID=upload_data_big_query
AIRFLOW_CTX_EXECUTION_DATE=2023-06-01T00:35:09.536592+00:00
AIRFLOW_CTX_TRY_NUMBER=1
AIRFLOW_CTX_DAG_RUN_ID=manual__2023-06-01T00:35:09.536592+00:00
[2023-06-01 00:35:11,843] {logging_mixin.py:115} INFO - Exporting Data
[2023-06-01 00:35:11,850] {logging_mixin.py:115} INFO - /opt/***/data/scopus/to_upload_data/authors_join.csv
[2023-06-01 00:35:16,905] {logging_mixin.py:115} INFO - LoadJob<project=viceinvestigacion, location=US, id=49320f28-8fc7-4366-8a89-76fb0e8babe2>
[2023-06-01 00:35:16,905] {logging_mixin.py:115} INFO - /opt/***/data/scopus/to_upload_data/subject_areas.csv
[2023-06-01 00:35:23,742] {logging_mixin.py:115} INFO - LoadJob<project=viceinvestigacion, location=US, id=f90b0314-9683-410d-ae94-ba1ea9f827a7>
[2023-06-01 00:35:23,769] {taskinstance.py:1420} INFO - Marking task as SUCCESS. dag_id=vic_investigacion_ETL, task_id=upload_data_big_query, execution_date=20230601T003509, start_date=20230601T003511, end_date=20230601T003523
[2023-06-01 00:35:23,849] {local_task_job.py:156} INFO - Task exited with return code 0
[2023-06-01 00:35:23,873] {local_task_job.py:273} INFO - 0 downstream tasks scheduled from follow-on schedule check
