[2023-07-04 23:42:11,346] {taskinstance.py:1179} INFO - Dependencies all met for <TaskInstance: vic_investigacion_ETL.upload_data_big_query manual__2023-07-04T23:42:08.378709+00:00 [queued]>
[2023-07-04 23:42:11,351] {taskinstance.py:1179} INFO - Dependencies all met for <TaskInstance: vic_investigacion_ETL.upload_data_big_query manual__2023-07-04T23:42:08.378709+00:00 [queued]>
[2023-07-04 23:42:11,352] {taskinstance.py:1376} INFO - 
--------------------------------------------------------------------------------
[2023-07-04 23:42:11,352] {taskinstance.py:1377} INFO - Starting attempt 1 of 1
[2023-07-04 23:42:11,353] {taskinstance.py:1378} INFO - 
--------------------------------------------------------------------------------
[2023-07-04 23:42:11,360] {taskinstance.py:1397} INFO - Executing <Task(ExportData): upload_data_big_query> on 2023-07-04 23:42:08.378709+00:00
[2023-07-04 23:42:11,365] {standard_task_runner.py:52} INFO - Started process 2133 to run task
[2023-07-04 23:42:11,369] {standard_task_runner.py:79} INFO - Running: ['***', 'tasks', 'run', 'vic_investigacion_ETL', 'upload_data_big_query', 'manual__2023-07-04T23:42:08.378709+00:00', '--job-id', '42', '--raw', '--subdir', 'DAGS_FOLDER/vic_investigacion_dag.py', '--cfg-path', '/tmp/tmp7glvs77j', '--error-file', '/tmp/tmpx06j_he7']
[2023-07-04 23:42:11,374] {standard_task_runner.py:80} INFO - Job 42: Subtask upload_data_big_query
[2023-07-04 23:42:11,431] {task_command.py:371} INFO - Running <TaskInstance: vic_investigacion_ETL.upload_data_big_query manual__2023-07-04T23:42:08.378709+00:00 [running]> on host f4f0af373b5a
[2023-07-04 23:42:11,477] {taskinstance.py:1591} INFO - Exporting the following env vars:
AIRFLOW_CTX_DAG_OWNER=***
AIRFLOW_CTX_DAG_ID=vic_investigacion_ETL
AIRFLOW_CTX_TASK_ID=upload_data_big_query
AIRFLOW_CTX_EXECUTION_DATE=2023-07-04T23:42:08.378709+00:00
AIRFLOW_CTX_TRY_NUMBER=1
AIRFLOW_CTX_DAG_RUN_ID=manual__2023-07-04T23:42:08.378709+00:00
[2023-07-04 23:42:11,478] {logging_mixin.py:115} INFO - Exporting Data
[2023-07-04 23:42:11,479] {logging_mixin.py:115} INFO - /opt/***/data/to_upload/journals.xlsx
[2023-07-04 23:42:11,480] {logging_mixin.py:115} INFO - FileName: journals
[2023-07-04 23:42:11,817] {logging_mixin.py:115} INFO -        ISSN                              Name  ... Category Vigencia Minciencias
0  14741741         Nature Reviews Immunology  ...      NaN                  NaN
1  17401534       Nature Reviews Microbiology  ...      NaN                  NaN
2  17483395             Nature Nanotechnology  ...      NaN                  NaN
3  17545706  Energy and Environmental Science  ...      NaN                  NaN
4  0147006X     Annual Review of Neuroscience  ...      NaN                  NaN

[5 rows x 9 columns]
[2023-07-04 23:42:18,463] {logging_mixin.py:115} INFO - LoadJob<project=viceinvestigacion, location=US, id=0fa2d1de-284e-4ba6-b03c-2104b1b1a28b>
[2023-07-04 23:42:18,464] {logging_mixin.py:115} INFO - /opt/***/data/to_upload/produccion_validada.csv
[2023-07-04 23:42:18,465] {logging_mixin.py:115} INFO - FileName: produccion_validada
[2023-07-04 23:42:18,595] {logging_mixin.py:115} INFO -                     Programa_de_creacion  ... Afiliacion_Citantes_Google_Scholar
0  Pregrado en Ciencia de la Información  ...                                NaN
1  Pregrado en Ciencia de la Información  ...                                NaN
2  Pregrado en Ciencia de la Información  ...                                NaN
3  Pregrado en Ciencia de la Información  ...                                NaN
4  Pregrado en Ciencia de la Información  ...                                NaN

[5 rows x 27 columns]
[2023-07-04 23:42:19,522] {logging_mixin.py:115} INFO - --
[2023-07-04 23:42:19,544] {taskinstance.py:1420} INFO - Marking task as SUCCESS. dag_id=vic_investigacion_ETL, task_id=upload_data_big_query, execution_date=20230704T234208, start_date=20230704T234211, end_date=20230704T234219
[2023-07-04 23:42:19,636] {local_task_job.py:156} INFO - Task exited with return code 0
[2023-07-04 23:42:19,668] {local_task_job.py:273} INFO - 0 downstream tasks scheduled from follow-on schedule check
