[2023-04-24 16:13:01,122] {taskinstance.py:1179} INFO - Dependencies all met for <TaskInstance: vic_investigacion_ETL.prepare_group_lac_data manual__2023-04-24T16:12:56.554087+00:00 [queued]>
[2023-04-24 16:13:01,138] {taskinstance.py:1179} INFO - Dependencies all met for <TaskInstance: vic_investigacion_ETL.prepare_group_lac_data manual__2023-04-24T16:12:56.554087+00:00 [queued]>
[2023-04-24 16:13:01,139] {taskinstance.py:1376} INFO - 
--------------------------------------------------------------------------------
[2023-04-24 16:13:01,141] {taskinstance.py:1377} INFO - Starting attempt 1 of 1
[2023-04-24 16:13:01,143] {taskinstance.py:1378} INFO - 
--------------------------------------------------------------------------------
[2023-04-24 16:13:01,181] {taskinstance.py:1397} INFO - Executing <Task(PrepareGroupLacData): prepare_group_lac_data> on 2023-04-24 16:12:56.554087+00:00
[2023-04-24 16:13:01,198] {standard_task_runner.py:52} INFO - Started process 2376 to run task
[2023-04-24 16:13:01,204] {standard_task_runner.py:79} INFO - Running: ['***', 'tasks', 'run', 'vic_investigacion_ETL', 'prepare_group_lac_data', 'manual__2023-04-24T16:12:56.554087+00:00', '--job-id', '278', '--raw', '--subdir', 'DAGS_FOLDER/vic_investigacion_dag.py', '--cfg-path', '/tmp/tmp0yl685c4', '--error-file', '/tmp/tmpl6pgo_ku']
[2023-04-24 16:13:01,207] {standard_task_runner.py:80} INFO - Job 278: Subtask prepare_group_lac_data
[2023-04-24 16:13:01,294] {task_command.py:371} INFO - Running <TaskInstance: vic_investigacion_ETL.prepare_group_lac_data manual__2023-04-24T16:12:56.554087+00:00 [running]> on host b136a0a45498
[2023-04-24 16:13:01,391] {taskinstance.py:1591} INFO - Exporting the following env vars:
AIRFLOW_CTX_DAG_OWNER=***
AIRFLOW_CTX_DAG_ID=vic_investigacion_ETL
AIRFLOW_CTX_TASK_ID=prepare_group_lac_data
AIRFLOW_CTX_EXECUTION_DATE=2023-04-24T16:12:56.554087+00:00
AIRFLOW_CTX_TRY_NUMBER=1
AIRFLOW_CTX_DAG_RUN_ID=manual__2023-04-24T16:12:56.554087+00:00
[2023-04-24 16:13:01,401] {logging_mixin.py:115} INFO - Preparing group lac Data
[2023-04-24 16:13:01,643] {taskinstance.py:1420} INFO - Marking task as SUCCESS. dag_id=vic_investigacion_ETL, task_id=prepare_group_lac_data, execution_date=20230424T161256, start_date=20230424T161301, end_date=20230424T161301
[2023-04-24 16:13:01,702] {local_task_job.py:156} INFO - Task exited with return code 0
