[2023-06-01 00:29:10,843] {taskinstance.py:1179} INFO - Dependencies all met for <TaskInstance: vic_investigacion_ETL.prepare_cv_lac_data manual__2023-06-01T00:29:09.374397+00:00 [queued]>
[2023-06-01 00:29:10,853] {taskinstance.py:1179} INFO - Dependencies all met for <TaskInstance: vic_investigacion_ETL.prepare_cv_lac_data manual__2023-06-01T00:29:09.374397+00:00 [queued]>
[2023-06-01 00:29:10,854] {taskinstance.py:1376} INFO - 
--------------------------------------------------------------------------------
[2023-06-01 00:29:10,855] {taskinstance.py:1377} INFO - Starting attempt 1 of 1
[2023-06-01 00:29:10,855] {taskinstance.py:1378} INFO - 
--------------------------------------------------------------------------------
[2023-06-01 00:29:10,865] {taskinstance.py:1397} INFO - Executing <Task(PrepareCvLacData): prepare_cv_lac_data> on 2023-06-01 00:29:09.374397+00:00
[2023-06-01 00:29:10,872] {standard_task_runner.py:52} INFO - Started process 3266 to run task
[2023-06-01 00:29:10,888] {standard_task_runner.py:79} INFO - Running: ['***', 'tasks', 'run', 'vic_investigacion_ETL', 'prepare_cv_lac_data', 'manual__2023-06-01T00:29:09.374397+00:00', '--job-id', '70', '--raw', '--subdir', 'DAGS_FOLDER/vic_investigacion_dag.py', '--cfg-path', '/tmp/tmpnr13wvj4', '--error-file', '/tmp/tmpu1437f__']
[2023-06-01 00:29:10,893] {standard_task_runner.py:80} INFO - Job 70: Subtask prepare_cv_lac_data
[2023-06-01 00:29:11,040] {task_command.py:371} INFO - Running <TaskInstance: vic_investigacion_ETL.prepare_cv_lac_data manual__2023-06-01T00:29:09.374397+00:00 [running]> on host 5d9ccb732815
[2023-06-01 00:29:11,145] {taskinstance.py:1591} INFO - Exporting the following env vars:
AIRFLOW_CTX_DAG_OWNER=***
AIRFLOW_CTX_DAG_ID=vic_investigacion_ETL
AIRFLOW_CTX_TASK_ID=prepare_cv_lac_data
AIRFLOW_CTX_EXECUTION_DATE=2023-06-01T00:29:09.374397+00:00
AIRFLOW_CTX_TRY_NUMBER=1
AIRFLOW_CTX_DAG_RUN_ID=manual__2023-06-01T00:29:09.374397+00:00
[2023-06-01 00:29:11,150] {logging_mixin.py:115} INFO - Preparing cv lac Data
[2023-06-01 00:29:11,431] {taskinstance.py:1420} INFO - Marking task as SUCCESS. dag_id=vic_investigacion_ETL, task_id=prepare_cv_lac_data, execution_date=20230601T002909, start_date=20230601T002910, end_date=20230601T002911
[2023-06-01 00:29:11,459] {local_task_job.py:156} INFO - Task exited with return code 0
[2023-06-01 00:29:11,506] {local_task_job.py:273} INFO - 0 downstream tasks scheduled from follow-on schedule check
