[2023-04-24 16:30:23,400] {taskinstance.py:1179} INFO - Dependencies all met for <TaskInstance: vic_investigacion_ETL.join_all_data manual__2023-04-24T16:30:18.845614+00:00 [queued]>
[2023-04-24 16:30:23,408] {taskinstance.py:1179} INFO - Dependencies all met for <TaskInstance: vic_investigacion_ETL.join_all_data manual__2023-04-24T16:30:18.845614+00:00 [queued]>
[2023-04-24 16:30:23,409] {taskinstance.py:1376} INFO - 
--------------------------------------------------------------------------------
[2023-04-24 16:30:23,409] {taskinstance.py:1377} INFO - Starting attempt 1 of 1
[2023-04-24 16:30:23,410] {taskinstance.py:1378} INFO - 
--------------------------------------------------------------------------------
[2023-04-24 16:30:23,420] {taskinstance.py:1397} INFO - Executing <Task(JoinAllData): join_all_data> on 2023-04-24 16:30:18.845614+00:00
[2023-04-24 16:30:23,427] {standard_task_runner.py:52} INFO - Started process 3348 to run task
[2023-04-24 16:30:23,431] {standard_task_runner.py:79} INFO - Running: ['***', 'tasks', 'run', 'vic_investigacion_ETL', 'join_all_data', 'manual__2023-04-24T16:30:18.845614+00:00', '--job-id', '332', '--raw', '--subdir', 'DAGS_FOLDER/vic_investigacion_dag.py', '--cfg-path', '/tmp/tmpjzc_xqlv', '--error-file', '/tmp/tmp2grx2dpt']
[2023-04-24 16:30:23,432] {standard_task_runner.py:80} INFO - Job 332: Subtask join_all_data
[2023-04-24 16:30:23,501] {task_command.py:371} INFO - Running <TaskInstance: vic_investigacion_ETL.join_all_data manual__2023-04-24T16:30:18.845614+00:00 [running]> on host b136a0a45498
[2023-04-24 16:30:23,559] {taskinstance.py:1591} INFO - Exporting the following env vars:
AIRFLOW_CTX_DAG_OWNER=***
AIRFLOW_CTX_DAG_ID=vic_investigacion_ETL
AIRFLOW_CTX_TASK_ID=join_all_data
AIRFLOW_CTX_EXECUTION_DATE=2023-04-24T16:30:18.845614+00:00
AIRFLOW_CTX_TRY_NUMBER=1
AIRFLOW_CTX_DAG_RUN_ID=manual__2023-04-24T16:30:18.845614+00:00
[2023-04-24 16:30:23,560] {logging_mixin.py:115} INFO - Joining all data
[2023-04-24 16:30:23,573] {taskinstance.py:1420} INFO - Marking task as SUCCESS. dag_id=vic_investigacion_ETL, task_id=join_all_data, execution_date=20230424T163018, start_date=20230424T163023, end_date=20230424T163023
[2023-04-24 16:30:23,603] {local_task_job.py:156} INFO - Task exited with return code 0
