[2023-04-24 20:27:11,500] {taskinstance.py:1179} INFO - Dependencies all met for <TaskInstance: vic_investigacion_ETL.get_scopus_data manual__2023-04-24T20:27:09.385584+00:00 [queued]>
[2023-04-24 20:27:11,507] {taskinstance.py:1179} INFO - Dependencies all met for <TaskInstance: vic_investigacion_ETL.get_scopus_data manual__2023-04-24T20:27:09.385584+00:00 [queued]>
[2023-04-24 20:27:11,507] {taskinstance.py:1376} INFO - 
--------------------------------------------------------------------------------
[2023-04-24 20:27:11,508] {taskinstance.py:1377} INFO - Starting attempt 1 of 1
[2023-04-24 20:27:11,508] {taskinstance.py:1378} INFO - 
--------------------------------------------------------------------------------
[2023-04-24 20:27:11,516] {taskinstance.py:1397} INFO - Executing <Task(ReadScopus): get_scopus_data> on 2023-04-24 20:27:09.385584+00:00
[2023-04-24 20:27:11,524] {standard_task_runner.py:52} INFO - Started process 12061 to run task
[2023-04-24 20:27:11,529] {standard_task_runner.py:79} INFO - Running: ['***', 'tasks', 'run', 'vic_investigacion_ETL', 'get_scopus_data', 'manual__2023-04-24T20:27:09.385584+00:00', '--job-id', '424', '--raw', '--subdir', 'DAGS_FOLDER/vic_investigacion_dag.py', '--cfg-path', '/tmp/tmp2icxu0ph', '--error-file', '/tmp/tmpe7gpkz0m']
[2023-04-24 20:27:11,532] {standard_task_runner.py:80} INFO - Job 424: Subtask get_scopus_data
[2023-04-24 20:27:11,634] {task_command.py:371} INFO - Running <TaskInstance: vic_investigacion_ETL.get_scopus_data manual__2023-04-24T20:27:09.385584+00:00 [running]> on host b136a0a45498
[2023-04-24 20:27:12,343] {taskinstance.py:1591} INFO - Exporting the following env vars:
AIRFLOW_CTX_DAG_OWNER=***
AIRFLOW_CTX_DAG_ID=vic_investigacion_ETL
AIRFLOW_CTX_TASK_ID=get_scopus_data
AIRFLOW_CTX_EXECUTION_DATE=2023-04-24T20:27:09.385584+00:00
AIRFLOW_CTX_TRY_NUMBER=1
AIRFLOW_CTX_DAG_RUN_ID=manual__2023-04-24T20:27:09.385584+00:00
[2023-04-24 20:27:12,345] {logging_mixin.py:115} INFO - Getting Scopus Data
[2023-04-24 20:27:12,346] {logging_mixin.py:115} INFO - The api key is:  640ababb3eaaa3723c7cc11be848250b
[2023-04-24 20:27:12,346] {logging_mixin.py:115} INFO - DAG PATH:  /opt/***
[2023-04-24 20:27:12,581] {logging_mixin.py:115} INFO -        Cedula                            Nombre    Scopus_ID
0  52390079.0       Pomares Quimbaya Alexandra   24832026300
1         NaN       Carlos Andres Parra Acevedo  57212998692
2  39785999.0          Burbano Valente, Johanna  20436581100
3  10141825.0       Santacoloma Giraldo, Andres  24462330500
4  52704428.0  Garcia Padilla, Dennys del Rocio  13403648000
5  52772896.0        Rubio Leon, Diana Carolina  56491243500
[2023-04-24 20:27:12,583] {elsclient.py:109} INFO - Sending GET request to https://api.elsevier.com/content/author/author_id/24832026300
[2023-04-24 20:27:13,526] {elsentity.py:77} INFO - Data loaded for https://api.elsevier.com/content/author/author_id/24832026300
[2023-04-24 20:27:14,524] {elsclient.py:109} INFO - Sending GET request to https://api.elsevier.com/content/search/scopus?query=AU-ID%2824832026300%29
[2023-04-24 20:27:15,965] {utils.py:41} INFO - Converting prism:coverDate
[2023-04-24 20:27:16,948] {elsclient.py:109} INFO - Sending GET request to https://api.elsevier.com/content/author/author_id/57212998692
[2023-04-24 20:27:17,497] {elsentity.py:77} INFO - Data loaded for https://api.elsevier.com/content/author/author_id/57212998692
[2023-04-24 20:27:18,500] {elsclient.py:109} INFO - Sending GET request to https://api.elsevier.com/content/search/scopus?query=AU-ID%2857212998692%29
[2023-04-24 20:27:19,846] {utils.py:41} INFO - Converting prism:coverDate
[2023-04-24 20:27:20,844] {elsclient.py:109} INFO - Sending GET request to https://api.elsevier.com/content/author/author_id/20436581100
[2023-04-24 20:27:21,463] {elsentity.py:77} INFO - Data loaded for https://api.elsevier.com/content/author/author_id/20436581100
[2023-04-24 20:27:22,469] {elsclient.py:109} INFO - Sending GET request to https://api.elsevier.com/content/search/scopus?query=AU-ID%2820436581100%29
[2023-04-24 20:27:23,630] {utils.py:41} INFO - Converting prism:coverDate
[2023-04-24 20:27:24,628] {elsclient.py:109} INFO - Sending GET request to https://api.elsevier.com/content/author/author_id/24462330500
[2023-04-24 20:27:25,078] {elsentity.py:77} INFO - Data loaded for https://api.elsevier.com/content/author/author_id/24462330500
[2023-04-24 20:27:26,082] {elsclient.py:109} INFO - Sending GET request to https://api.elsevier.com/content/search/scopus?query=AU-ID%2824462330500%29
[2023-04-24 20:27:27,089] {utils.py:41} INFO - Converting prism:coverDate
[2023-04-24 20:27:28,082] {elsclient.py:109} INFO - Sending GET request to https://api.elsevier.com/content/author/author_id/13403648000
[2023-04-24 20:27:28,610] {elsentity.py:77} INFO - Data loaded for https://api.elsevier.com/content/author/author_id/13403648000
[2023-04-24 20:27:29,610] {elsclient.py:109} INFO - Sending GET request to https://api.elsevier.com/content/search/scopus?query=AU-ID%2813403648000%29
[2023-04-24 20:27:30,539] {utils.py:41} INFO - Converting prism:coverDate
[2023-04-24 20:27:31,536] {elsclient.py:109} INFO - Sending GET request to https://api.elsevier.com/content/author/author_id/56491243500
[2023-04-24 20:27:31,966] {elsentity.py:77} INFO - Data loaded for https://api.elsevier.com/content/author/author_id/56491243500
[2023-04-24 20:27:32,969] {elsclient.py:109} INFO - Sending GET request to https://api.elsevier.com/content/search/scopus?query=AU-ID%2856491243500%29
[2023-04-24 20:27:34,025] {utils.py:41} INFO - Converting prism:coverDate
[2023-04-24 20:27:34,073] {taskinstance.py:1420} INFO - Marking task as SUCCESS. dag_id=vic_investigacion_ETL, task_id=get_scopus_data, execution_date=20230424T202709, start_date=20230424T202711, end_date=20230424T202734
[2023-04-24 20:27:34,191] {local_task_job.py:156} INFO - Task exited with return code 0
