[2023-04-24 15:31:09,159] {taskinstance.py:1179} INFO - Dependencies all met for <TaskInstance: vic_investigacion_ETL.get_group_lac_data manual__2023-04-24T15:31:05.253597+00:00 [queued]>
[2023-04-24 15:31:09,170] {taskinstance.py:1179} INFO - Dependencies all met for <TaskInstance: vic_investigacion_ETL.get_group_lac_data manual__2023-04-24T15:31:05.253597+00:00 [queued]>
[2023-04-24 15:31:09,172] {taskinstance.py:1376} INFO - 
--------------------------------------------------------------------------------
[2023-04-24 15:31:09,174] {taskinstance.py:1377} INFO - Starting attempt 1 of 1
[2023-04-24 15:31:09,175] {taskinstance.py:1378} INFO - 
--------------------------------------------------------------------------------
[2023-04-24 15:31:09,191] {taskinstance.py:1397} INFO - Executing <Task(ReadGroupLAC): get_group_lac_data> on 2023-04-24 15:31:05.253597+00:00
[2023-04-24 15:31:09,204] {standard_task_runner.py:52} INFO - Started process 299 to run task
[2023-04-24 15:31:09,219] {standard_task_runner.py:79} INFO - Running: ['***', 'tasks', 'run', 'vic_investigacion_ETL', 'get_group_lac_data', 'manual__2023-04-24T15:31:05.253597+00:00', '--job-id', '254', '--raw', '--subdir', 'DAGS_FOLDER/vic_investigacion_dag.py', '--cfg-path', '/tmp/tmpaahuzbgb', '--error-file', '/tmp/tmptugcyslb']
[2023-04-24 15:31:09,231] {standard_task_runner.py:80} INFO - Job 254: Subtask get_group_lac_data
[2023-04-24 15:31:09,389] {task_command.py:371} INFO - Running <TaskInstance: vic_investigacion_ETL.get_group_lac_data manual__2023-04-24T15:31:05.253597+00:00 [running]> on host b136a0a45498
[2023-04-24 15:31:09,563] {taskinstance.py:1591} INFO - Exporting the following env vars:
AIRFLOW_CTX_DAG_OWNER=***
AIRFLOW_CTX_DAG_ID=vic_investigacion_ETL
AIRFLOW_CTX_TASK_ID=get_group_lac_data
AIRFLOW_CTX_EXECUTION_DATE=2023-04-24T15:31:05.253597+00:00
AIRFLOW_CTX_TRY_NUMBER=1
AIRFLOW_CTX_DAG_RUN_ID=manual__2023-04-24T15:31:05.253597+00:00
[2023-04-24 15:31:09,570] {logging_mixin.py:115} INFO - Getting Group LAC Data
[2023-04-24 15:31:09,605] {taskinstance.py:1420} INFO - Marking task as SUCCESS. dag_id=vic_investigacion_ETL, task_id=get_group_lac_data, execution_date=20230424T153105, start_date=20230424T153109, end_date=20230424T153109
[2023-04-24 15:31:09,681] {local_task_job.py:156} INFO - Task exited with return code 0
