[2023-07-04 23:06:34,283] {taskinstance.py:1179} INFO - Dependencies all met for <TaskInstance: vic_investigacion_ETL.upload_data_big_query manual__2023-07-04T23:06:30.761319+00:00 [queued]>
[2023-07-04 23:06:34,289] {taskinstance.py:1179} INFO - Dependencies all met for <TaskInstance: vic_investigacion_ETL.upload_data_big_query manual__2023-07-04T23:06:30.761319+00:00 [queued]>
[2023-07-04 23:06:34,290] {taskinstance.py:1376} INFO - 
--------------------------------------------------------------------------------
[2023-07-04 23:06:34,291] {taskinstance.py:1377} INFO - Starting attempt 1 of 1
[2023-07-04 23:06:34,291] {taskinstance.py:1378} INFO - 
--------------------------------------------------------------------------------
[2023-07-04 23:06:34,299] {taskinstance.py:1397} INFO - Executing <Task(ExportData): upload_data_big_query> on 2023-07-04 23:06:30.761319+00:00
[2023-07-04 23:06:34,304] {standard_task_runner.py:52} INFO - Started process 335 to run task
[2023-07-04 23:06:34,307] {standard_task_runner.py:79} INFO - Running: ['***', 'tasks', 'run', 'vic_investigacion_ETL', 'upload_data_big_query', 'manual__2023-07-04T23:06:30.761319+00:00', '--job-id', '28', '--raw', '--subdir', 'DAGS_FOLDER/vic_investigacion_dag.py', '--cfg-path', '/tmp/tmp5xajk0xk', '--error-file', '/tmp/tmpl39ujm00']
[2023-07-04 23:06:34,312] {standard_task_runner.py:80} INFO - Job 28: Subtask upload_data_big_query
[2023-07-04 23:06:34,360] {task_command.py:371} INFO - Running <TaskInstance: vic_investigacion_ETL.upload_data_big_query manual__2023-07-04T23:06:30.761319+00:00 [running]> on host f4f0af373b5a
[2023-07-04 23:06:34,405] {taskinstance.py:1591} INFO - Exporting the following env vars:
AIRFLOW_CTX_DAG_OWNER=***
AIRFLOW_CTX_DAG_ID=vic_investigacion_ETL
AIRFLOW_CTX_TASK_ID=upload_data_big_query
AIRFLOW_CTX_EXECUTION_DATE=2023-07-04T23:06:30.761319+00:00
AIRFLOW_CTX_TRY_NUMBER=1
AIRFLOW_CTX_DAG_RUN_ID=manual__2023-07-04T23:06:30.761319+00:00
[2023-07-04 23:06:34,407] {logging_mixin.py:115} INFO - Exporting Data
[2023-07-04 23:06:34,408] {logging_mixin.py:115} INFO - /opt/***/data/to_upload/journals.xlsx
[2023-07-04 23:06:41,605] {logging_mixin.py:115} INFO - LoadJob<project=viceinvestigacion, location=US, id=5d7d17e4-93ed-48f6-aaa3-8e1f3233c826>
[2023-07-04 23:06:41,612] {logging_mixin.py:115} INFO - /opt/***/data/to_upload/produccion_validados.csv
[2023-07-04 23:06:42,857] {logging_mixin.py:115} INFO - --
[2023-07-04 23:06:42,870] {logging_mixin.py:115} INFO - /opt/***/data/to_upload/profesores_validados.csv
[2023-07-04 23:06:48,570] {logging_mixin.py:115} INFO - LoadJob<project=viceinvestigacion, location=US, id=e01c9992-f18c-4856-b926-7897fac72473>
[2023-07-04 23:06:48,578] {logging_mixin.py:115} INFO - /opt/***/data/to_upload/profesores_validados_scopus_ids.csv
[2023-07-04 23:06:53,364] {logging_mixin.py:115} INFO - LoadJob<project=viceinvestigacion, location=US, id=3c4d37bb-0b40-4b3c-9389-c33aae493c31>
[2023-07-04 23:06:53,406] {taskinstance.py:1420} INFO - Marking task as SUCCESS. dag_id=vic_investigacion_ETL, task_id=upload_data_big_query, execution_date=20230704T230630, start_date=20230704T230634, end_date=20230704T230653
[2023-07-04 23:06:53,585] {local_task_job.py:156} INFO - Task exited with return code 0
[2023-07-04 23:06:53,615] {local_task_job.py:273} INFO - 0 downstream tasks scheduled from follow-on schedule check
