[2023-06-01 00:17:32,244] {taskinstance.py:1179} INFO - Dependencies all met for <TaskInstance: vic_investigacion_ETL.prepare_group_lac_data manual__2023-06-01T00:17:29.981772+00:00 [queued]>
[2023-06-01 00:17:32,256] {taskinstance.py:1179} INFO - Dependencies all met for <TaskInstance: vic_investigacion_ETL.prepare_group_lac_data manual__2023-06-01T00:17:29.981772+00:00 [queued]>
[2023-06-01 00:17:32,258] {taskinstance.py:1376} INFO - 
--------------------------------------------------------------------------------
[2023-06-01 00:17:32,259] {taskinstance.py:1377} INFO - Starting attempt 1 of 1
[2023-06-01 00:17:32,266] {taskinstance.py:1378} INFO - 
--------------------------------------------------------------------------------
[2023-06-01 00:17:32,302] {taskinstance.py:1397} INFO - Executing <Task(PrepareGroupLacData): prepare_group_lac_data> on 2023-06-01 00:17:29.981772+00:00
[2023-06-01 00:17:32,311] {standard_task_runner.py:52} INFO - Started process 2623 to run task
[2023-06-01 00:17:32,320] {standard_task_runner.py:79} INFO - Running: ['***', 'tasks', 'run', 'vic_investigacion_ETL', 'prepare_group_lac_data', 'manual__2023-06-01T00:17:29.981772+00:00', '--job-id', '47', '--raw', '--subdir', 'DAGS_FOLDER/vic_investigacion_dag.py', '--cfg-path', '/tmp/tmp5ejbqeib', '--error-file', '/tmp/tmp335513tk']
[2023-06-01 00:17:32,324] {standard_task_runner.py:80} INFO - Job 47: Subtask prepare_group_lac_data
[2023-06-01 00:17:32,524] {task_command.py:371} INFO - Running <TaskInstance: vic_investigacion_ETL.prepare_group_lac_data manual__2023-06-01T00:17:29.981772+00:00 [running]> on host 5d9ccb732815
[2023-06-01 00:17:32,644] {taskinstance.py:1591} INFO - Exporting the following env vars:
AIRFLOW_CTX_DAG_OWNER=***
AIRFLOW_CTX_DAG_ID=vic_investigacion_ETL
AIRFLOW_CTX_TASK_ID=prepare_group_lac_data
AIRFLOW_CTX_EXECUTION_DATE=2023-06-01T00:17:29.981772+00:00
AIRFLOW_CTX_TRY_NUMBER=1
AIRFLOW_CTX_DAG_RUN_ID=manual__2023-06-01T00:17:29.981772+00:00
[2023-06-01 00:17:32,649] {logging_mixin.py:115} INFO - Preparing group lac Data
[2023-06-01 00:17:32,710] {taskinstance.py:1420} INFO - Marking task as SUCCESS. dag_id=vic_investigacion_ETL, task_id=prepare_group_lac_data, execution_date=20230601T001729, start_date=20230601T001732, end_date=20230601T001732
[2023-06-01 00:17:32,949] {local_task_job.py:156} INFO - Task exited with return code 0
[2023-06-01 00:17:32,983] {local_task_job.py:273} INFO - 0 downstream tasks scheduled from follow-on schedule check
