[2023-04-14 17:36:30,330] {taskinstance.py:1179} INFO - Dependencies all met for <TaskInstance: vic_investigacion_ETL.upload_data_big_query manual__2023-04-14T17:36:26.773321+00:00 [queued]>
[2023-04-14 17:36:30,336] {taskinstance.py:1179} INFO - Dependencies all met for <TaskInstance: vic_investigacion_ETL.upload_data_big_query manual__2023-04-14T17:36:26.773321+00:00 [queued]>
[2023-04-14 17:36:30,336] {taskinstance.py:1376} INFO - 
--------------------------------------------------------------------------------
[2023-04-14 17:36:30,337] {taskinstance.py:1377} INFO - Starting attempt 1 of 1
[2023-04-14 17:36:30,337] {taskinstance.py:1378} INFO - 
--------------------------------------------------------------------------------
[2023-04-14 17:36:30,345] {taskinstance.py:1397} INFO - Executing <Task(PythonOperator): upload_data_big_query> on 2023-04-14 17:36:26.773321+00:00
[2023-04-14 17:36:30,351] {standard_task_runner.py:52} INFO - Started process 925 to run task
[2023-04-14 17:36:30,354] {standard_task_runner.py:79} INFO - Running: ['***', 'tasks', 'run', 'vic_investigacion_ETL', 'upload_data_big_query', 'manual__2023-04-14T17:36:26.773321+00:00', '--job-id', '159', '--raw', '--subdir', 'DAGS_FOLDER/vic_investigacion_dag.py', '--cfg-path', '/tmp/tmpr4xe938f', '--error-file', '/tmp/tmpotxakgl0']
[2023-04-14 17:36:30,356] {standard_task_runner.py:80} INFO - Job 159: Subtask upload_data_big_query
[2023-04-14 17:36:30,411] {task_command.py:371} INFO - Running <TaskInstance: vic_investigacion_ETL.upload_data_big_query manual__2023-04-14T17:36:26.773321+00:00 [running]> on host 6051ec54e0cc
[2023-04-14 17:36:30,464] {taskinstance.py:1591} INFO - Exporting the following env vars:
AIRFLOW_CTX_DAG_OWNER=***
AIRFLOW_CTX_DAG_ID=vic_investigacion_ETL
AIRFLOW_CTX_TASK_ID=upload_data_big_query
AIRFLOW_CTX_EXECUTION_DATE=2023-04-14T17:36:26.773321+00:00
AIRFLOW_CTX_TRY_NUMBER=1
AIRFLOW_CTX_DAG_RUN_ID=manual__2023-04-14T17:36:26.773321+00:00
[2023-04-14 17:36:30,466] {logging_mixin.py:115} INFO - Uploading Data to big query
[2023-04-14 17:36:30,466] {python.py:173} INFO - Done. Returned value was: None
[2023-04-14 17:36:30,478] {taskinstance.py:1420} INFO - Marking task as SUCCESS. dag_id=vic_investigacion_ETL, task_id=upload_data_big_query, execution_date=20230414T173626, start_date=20230414T173630, end_date=20230414T173630
[2023-04-14 17:36:30,529] {local_task_job.py:156} INFO - Task exited with return code 0
[2023-04-14 17:36:30,555] {local_task_job.py:273} INFO - 0 downstream tasks scheduled from follow-on schedule check
