[2023-06-09 00:06:48,022] {processor.py:153} INFO - Started process (PID=40618) to work on /opt/airflow/dags/export_data_operator.py
[2023-06-09 00:06:48,023] {processor.py:641} INFO - Processing file /opt/airflow/dags/export_data_operator.py for tasks to queue
[2023-06-09 00:06:48,025] {logging_mixin.py:115} INFO - [2023-06-09 00:06:48,025] {dagbag.py:508} INFO - Filling up the DagBag from /opt/airflow/dags/export_data_operator.py
[2023-06-09 00:06:48,309] {processor.py:653} WARNING - No viable dags retrieved from /opt/airflow/dags/export_data_operator.py
[2023-06-09 00:06:48,330] {processor.py:161} INFO - Processing /opt/airflow/dags/export_data_operator.py took 0.312 seconds
[2023-06-09 00:07:18,516] {processor.py:153} INFO - Started process (PID=40661) to work on /opt/airflow/dags/export_data_operator.py
[2023-06-09 00:07:18,518] {processor.py:641} INFO - Processing file /opt/airflow/dags/export_data_operator.py for tasks to queue
[2023-06-09 00:07:18,521] {logging_mixin.py:115} INFO - [2023-06-09 00:07:18,521] {dagbag.py:508} INFO - Filling up the DagBag from /opt/airflow/dags/export_data_operator.py
[2023-06-09 00:07:18,742] {processor.py:653} WARNING - No viable dags retrieved from /opt/airflow/dags/export_data_operator.py
[2023-06-09 00:07:18,761] {processor.py:161} INFO - Processing /opt/airflow/dags/export_data_operator.py took 0.249 seconds
[2023-06-09 00:07:48,909] {processor.py:153} INFO - Started process (PID=40704) to work on /opt/airflow/dags/export_data_operator.py
[2023-06-09 00:07:48,910] {processor.py:641} INFO - Processing file /opt/airflow/dags/export_data_operator.py for tasks to queue
[2023-06-09 00:07:48,911] {logging_mixin.py:115} INFO - [2023-06-09 00:07:48,911] {dagbag.py:508} INFO - Filling up the DagBag from /opt/airflow/dags/export_data_operator.py
[2023-06-09 00:07:49,116] {processor.py:653} WARNING - No viable dags retrieved from /opt/airflow/dags/export_data_operator.py
[2023-06-09 00:07:49,129] {processor.py:161} INFO - Processing /opt/airflow/dags/export_data_operator.py took 0.223 seconds
[2023-06-09 00:08:20,164] {processor.py:153} INFO - Started process (PID=40747) to work on /opt/airflow/dags/export_data_operator.py
[2023-06-09 00:08:20,165] {processor.py:641} INFO - Processing file /opt/airflow/dags/export_data_operator.py for tasks to queue
[2023-06-09 00:08:20,166] {logging_mixin.py:115} INFO - [2023-06-09 00:08:20,166] {dagbag.py:508} INFO - Filling up the DagBag from /opt/airflow/dags/export_data_operator.py
[2023-06-09 00:08:20,387] {processor.py:653} WARNING - No viable dags retrieved from /opt/airflow/dags/export_data_operator.py
[2023-06-09 00:08:20,400] {processor.py:161} INFO - Processing /opt/airflow/dags/export_data_operator.py took 0.239 seconds
[2023-06-09 00:08:50,562] {processor.py:153} INFO - Started process (PID=40790) to work on /opt/airflow/dags/export_data_operator.py
[2023-06-09 00:08:50,563] {processor.py:641} INFO - Processing file /opt/airflow/dags/export_data_operator.py for tasks to queue
[2023-06-09 00:08:50,564] {logging_mixin.py:115} INFO - [2023-06-09 00:08:50,564] {dagbag.py:508} INFO - Filling up the DagBag from /opt/airflow/dags/export_data_operator.py
[2023-06-09 00:08:50,768] {processor.py:653} WARNING - No viable dags retrieved from /opt/airflow/dags/export_data_operator.py
[2023-06-09 00:08:50,781] {processor.py:161} INFO - Processing /opt/airflow/dags/export_data_operator.py took 0.222 seconds
[2023-06-09 00:09:21,641] {processor.py:153} INFO - Started process (PID=40824) to work on /opt/airflow/dags/export_data_operator.py
[2023-06-09 00:09:21,642] {processor.py:641} INFO - Processing file /opt/airflow/dags/export_data_operator.py for tasks to queue
[2023-06-09 00:09:21,642] {logging_mixin.py:115} INFO - [2023-06-09 00:09:21,642] {dagbag.py:508} INFO - Filling up the DagBag from /opt/airflow/dags/export_data_operator.py
[2023-06-09 00:09:21,848] {processor.py:653} WARNING - No viable dags retrieved from /opt/airflow/dags/export_data_operator.py
[2023-06-09 00:09:21,862] {processor.py:161} INFO - Processing /opt/airflow/dags/export_data_operator.py took 0.224 seconds
[2023-06-09 00:09:52,882] {processor.py:153} INFO - Started process (PID=40867) to work on /opt/airflow/dags/export_data_operator.py
[2023-06-09 00:09:52,883] {processor.py:641} INFO - Processing file /opt/airflow/dags/export_data_operator.py for tasks to queue
[2023-06-09 00:09:52,884] {logging_mixin.py:115} INFO - [2023-06-09 00:09:52,884] {dagbag.py:508} INFO - Filling up the DagBag from /opt/airflow/dags/export_data_operator.py
[2023-06-09 00:09:53,107] {processor.py:653} WARNING - No viable dags retrieved from /opt/airflow/dags/export_data_operator.py
[2023-06-09 00:09:53,123] {processor.py:161} INFO - Processing /opt/airflow/dags/export_data_operator.py took 0.243 seconds
[2023-06-09 00:10:23,989] {processor.py:153} INFO - Started process (PID=40910) to work on /opt/airflow/dags/export_data_operator.py
[2023-06-09 00:10:23,991] {processor.py:641} INFO - Processing file /opt/airflow/dags/export_data_operator.py for tasks to queue
[2023-06-09 00:10:23,991] {logging_mixin.py:115} INFO - [2023-06-09 00:10:23,991] {dagbag.py:508} INFO - Filling up the DagBag from /opt/airflow/dags/export_data_operator.py
[2023-06-09 00:10:24,178] {processor.py:653} WARNING - No viable dags retrieved from /opt/airflow/dags/export_data_operator.py
[2023-06-09 00:10:24,191] {processor.py:161} INFO - Processing /opt/airflow/dags/export_data_operator.py took 0.204 seconds
[2023-06-09 00:10:54,960] {processor.py:153} INFO - Started process (PID=40953) to work on /opt/airflow/dags/export_data_operator.py
[2023-06-09 00:10:54,961] {processor.py:641} INFO - Processing file /opt/airflow/dags/export_data_operator.py for tasks to queue
[2023-06-09 00:10:54,962] {logging_mixin.py:115} INFO - [2023-06-09 00:10:54,962] {dagbag.py:508} INFO - Filling up the DagBag from /opt/airflow/dags/export_data_operator.py
[2023-06-09 00:10:55,163] {processor.py:653} WARNING - No viable dags retrieved from /opt/airflow/dags/export_data_operator.py
[2023-06-09 00:10:55,176] {processor.py:161} INFO - Processing /opt/airflow/dags/export_data_operator.py took 0.219 seconds
[2023-06-09 00:11:25,953] {processor.py:153} INFO - Started process (PID=40996) to work on /opt/airflow/dags/export_data_operator.py
[2023-06-09 00:11:25,954] {processor.py:641} INFO - Processing file /opt/airflow/dags/export_data_operator.py for tasks to queue
[2023-06-09 00:11:25,955] {logging_mixin.py:115} INFO - [2023-06-09 00:11:25,955] {dagbag.py:508} INFO - Filling up the DagBag from /opt/airflow/dags/export_data_operator.py
[2023-06-09 00:11:26,152] {processor.py:653} WARNING - No viable dags retrieved from /opt/airflow/dags/export_data_operator.py
[2023-06-09 00:11:26,166] {processor.py:161} INFO - Processing /opt/airflow/dags/export_data_operator.py took 0.215 seconds
[2023-06-09 00:11:56,951] {processor.py:153} INFO - Started process (PID=41038) to work on /opt/airflow/dags/export_data_operator.py
[2023-06-09 00:11:56,952] {processor.py:641} INFO - Processing file /opt/airflow/dags/export_data_operator.py for tasks to queue
[2023-06-09 00:11:56,953] {logging_mixin.py:115} INFO - [2023-06-09 00:11:56,953] {dagbag.py:508} INFO - Filling up the DagBag from /opt/airflow/dags/export_data_operator.py
[2023-06-09 00:11:57,156] {processor.py:653} WARNING - No viable dags retrieved from /opt/airflow/dags/export_data_operator.py
[2023-06-09 00:11:57,173] {processor.py:161} INFO - Processing /opt/airflow/dags/export_data_operator.py took 0.224 seconds
[2023-06-09 00:12:27,916] {processor.py:153} INFO - Started process (PID=41081) to work on /opt/airflow/dags/export_data_operator.py
[2023-06-09 00:12:27,917] {processor.py:641} INFO - Processing file /opt/airflow/dags/export_data_operator.py for tasks to queue
[2023-06-09 00:12:27,918] {logging_mixin.py:115} INFO - [2023-06-09 00:12:27,918] {dagbag.py:508} INFO - Filling up the DagBag from /opt/airflow/dags/export_data_operator.py
[2023-06-09 00:12:28,106] {processor.py:653} WARNING - No viable dags retrieved from /opt/airflow/dags/export_data_operator.py
[2023-06-09 00:12:28,119] {processor.py:161} INFO - Processing /opt/airflow/dags/export_data_operator.py took 0.205 seconds
[2023-06-09 00:12:58,910] {processor.py:153} INFO - Started process (PID=41124) to work on /opt/airflow/dags/export_data_operator.py
[2023-06-09 00:12:58,911] {processor.py:641} INFO - Processing file /opt/airflow/dags/export_data_operator.py for tasks to queue
[2023-06-09 00:12:58,912] {logging_mixin.py:115} INFO - [2023-06-09 00:12:58,912] {dagbag.py:508} INFO - Filling up the DagBag from /opt/airflow/dags/export_data_operator.py
[2023-06-09 00:12:59,140] {processor.py:653} WARNING - No viable dags retrieved from /opt/airflow/dags/export_data_operator.py
[2023-06-09 00:12:59,160] {processor.py:161} INFO - Processing /opt/airflow/dags/export_data_operator.py took 0.254 seconds
[2023-06-09 00:13:29,966] {processor.py:153} INFO - Started process (PID=41157) to work on /opt/airflow/dags/export_data_operator.py
[2023-06-09 00:13:29,967] {processor.py:641} INFO - Processing file /opt/airflow/dags/export_data_operator.py for tasks to queue
[2023-06-09 00:13:29,968] {logging_mixin.py:115} INFO - [2023-06-09 00:13:29,968] {dagbag.py:508} INFO - Filling up the DagBag from /opt/airflow/dags/export_data_operator.py
[2023-06-09 00:13:30,158] {processor.py:653} WARNING - No viable dags retrieved from /opt/airflow/dags/export_data_operator.py
[2023-06-09 00:13:30,171] {processor.py:161} INFO - Processing /opt/airflow/dags/export_data_operator.py took 0.207 seconds
[2023-06-09 00:14:00,914] {processor.py:153} INFO - Started process (PID=41199) to work on /opt/airflow/dags/export_data_operator.py
[2023-06-09 00:14:00,915] {processor.py:641} INFO - Processing file /opt/airflow/dags/export_data_operator.py for tasks to queue
[2023-06-09 00:14:00,916] {logging_mixin.py:115} INFO - [2023-06-09 00:14:00,916] {dagbag.py:508} INFO - Filling up the DagBag from /opt/airflow/dags/export_data_operator.py
[2023-06-09 00:14:01,104] {processor.py:653} WARNING - No viable dags retrieved from /opt/airflow/dags/export_data_operator.py
[2023-06-09 00:14:01,117] {processor.py:161} INFO - Processing /opt/airflow/dags/export_data_operator.py took 0.205 seconds
[2023-06-09 00:14:31,854] {processor.py:153} INFO - Started process (PID=41242) to work on /opt/airflow/dags/export_data_operator.py
[2023-06-09 00:14:31,855] {processor.py:641} INFO - Processing file /opt/airflow/dags/export_data_operator.py for tasks to queue
[2023-06-09 00:14:31,856] {logging_mixin.py:115} INFO - [2023-06-09 00:14:31,856] {dagbag.py:508} INFO - Filling up the DagBag from /opt/airflow/dags/export_data_operator.py
[2023-06-09 00:14:32,052] {processor.py:653} WARNING - No viable dags retrieved from /opt/airflow/dags/export_data_operator.py
[2023-06-09 00:14:32,064] {processor.py:161} INFO - Processing /opt/airflow/dags/export_data_operator.py took 0.212 seconds
[2023-06-09 00:15:02,975] {processor.py:153} INFO - Started process (PID=41285) to work on /opt/airflow/dags/export_data_operator.py
[2023-06-09 00:15:02,976] {processor.py:641} INFO - Processing file /opt/airflow/dags/export_data_operator.py for tasks to queue
[2023-06-09 00:15:02,977] {logging_mixin.py:115} INFO - [2023-06-09 00:15:02,976] {dagbag.py:508} INFO - Filling up the DagBag from /opt/airflow/dags/export_data_operator.py
[2023-06-09 00:15:03,178] {processor.py:653} WARNING - No viable dags retrieved from /opt/airflow/dags/export_data_operator.py
[2023-06-09 00:15:03,191] {processor.py:161} INFO - Processing /opt/airflow/dags/export_data_operator.py took 0.219 seconds
[2023-06-09 00:15:33,923] {processor.py:153} INFO - Started process (PID=41327) to work on /opt/airflow/dags/export_data_operator.py
[2023-06-09 00:15:33,924] {processor.py:641} INFO - Processing file /opt/airflow/dags/export_data_operator.py for tasks to queue
[2023-06-09 00:15:33,925] {logging_mixin.py:115} INFO - [2023-06-09 00:15:33,925] {dagbag.py:508} INFO - Filling up the DagBag from /opt/airflow/dags/export_data_operator.py
[2023-06-09 00:15:34,107] {processor.py:653} WARNING - No viable dags retrieved from /opt/airflow/dags/export_data_operator.py
[2023-06-09 00:15:34,120] {processor.py:161} INFO - Processing /opt/airflow/dags/export_data_operator.py took 0.200 seconds
[2023-06-09 00:16:04,792] {processor.py:153} INFO - Started process (PID=41370) to work on /opt/airflow/dags/export_data_operator.py
[2023-06-09 00:16:04,793] {processor.py:641} INFO - Processing file /opt/airflow/dags/export_data_operator.py for tasks to queue
[2023-06-09 00:16:04,794] {logging_mixin.py:115} INFO - [2023-06-09 00:16:04,793] {dagbag.py:508} INFO - Filling up the DagBag from /opt/airflow/dags/export_data_operator.py
[2023-06-09 00:16:04,978] {processor.py:653} WARNING - No viable dags retrieved from /opt/airflow/dags/export_data_operator.py
[2023-06-09 00:16:04,991] {processor.py:161} INFO - Processing /opt/airflow/dags/export_data_operator.py took 0.201 seconds
[2023-06-09 00:16:35,777] {processor.py:153} INFO - Started process (PID=41413) to work on /opt/airflow/dags/export_data_operator.py
[2023-06-09 00:16:35,778] {processor.py:641} INFO - Processing file /opt/airflow/dags/export_data_operator.py for tasks to queue
[2023-06-09 00:16:35,779] {logging_mixin.py:115} INFO - [2023-06-09 00:16:35,779] {dagbag.py:508} INFO - Filling up the DagBag from /opt/airflow/dags/export_data_operator.py
[2023-06-09 00:16:35,971] {processor.py:653} WARNING - No viable dags retrieved from /opt/airflow/dags/export_data_operator.py
[2023-06-09 00:16:35,983] {processor.py:161} INFO - Processing /opt/airflow/dags/export_data_operator.py took 0.208 seconds
[2023-06-09 00:17:06,894] {processor.py:153} INFO - Started process (PID=41447) to work on /opt/airflow/dags/export_data_operator.py
[2023-06-09 00:17:06,895] {processor.py:641} INFO - Processing file /opt/airflow/dags/export_data_operator.py for tasks to queue
[2023-06-09 00:17:06,896] {logging_mixin.py:115} INFO - [2023-06-09 00:17:06,896] {dagbag.py:508} INFO - Filling up the DagBag from /opt/airflow/dags/export_data_operator.py
[2023-06-09 00:17:07,080] {processor.py:653} WARNING - No viable dags retrieved from /opt/airflow/dags/export_data_operator.py
[2023-06-09 00:17:07,093] {processor.py:161} INFO - Processing /opt/airflow/dags/export_data_operator.py took 0.202 seconds
[2023-06-09 00:17:37,808] {processor.py:153} INFO - Started process (PID=41491) to work on /opt/airflow/dags/export_data_operator.py
[2023-06-09 00:17:37,809] {processor.py:641} INFO - Processing file /opt/airflow/dags/export_data_operator.py for tasks to queue
[2023-06-09 00:17:37,810] {logging_mixin.py:115} INFO - [2023-06-09 00:17:37,810] {dagbag.py:508} INFO - Filling up the DagBag from /opt/airflow/dags/export_data_operator.py
[2023-06-09 00:17:37,993] {processor.py:653} WARNING - No viable dags retrieved from /opt/airflow/dags/export_data_operator.py
[2023-06-09 00:17:38,006] {processor.py:161} INFO - Processing /opt/airflow/dags/export_data_operator.py took 0.201 seconds
[2023-06-09 00:18:08,719] {processor.py:153} INFO - Started process (PID=41534) to work on /opt/airflow/dags/export_data_operator.py
[2023-06-09 00:18:08,721] {processor.py:641} INFO - Processing file /opt/airflow/dags/export_data_operator.py for tasks to queue
[2023-06-09 00:18:08,721] {logging_mixin.py:115} INFO - [2023-06-09 00:18:08,721] {dagbag.py:508} INFO - Filling up the DagBag from /opt/airflow/dags/export_data_operator.py
[2023-06-09 00:18:08,905] {processor.py:653} WARNING - No viable dags retrieved from /opt/airflow/dags/export_data_operator.py
[2023-06-09 00:18:08,917] {processor.py:161} INFO - Processing /opt/airflow/dags/export_data_operator.py took 0.201 seconds
[2023-06-09 00:18:39,666] {processor.py:153} INFO - Started process (PID=41578) to work on /opt/airflow/dags/export_data_operator.py
[2023-06-09 00:18:39,667] {processor.py:641} INFO - Processing file /opt/airflow/dags/export_data_operator.py for tasks to queue
[2023-06-09 00:18:39,668] {logging_mixin.py:115} INFO - [2023-06-09 00:18:39,668] {dagbag.py:508} INFO - Filling up the DagBag from /opt/airflow/dags/export_data_operator.py
[2023-06-09 00:18:39,854] {processor.py:653} WARNING - No viable dags retrieved from /opt/airflow/dags/export_data_operator.py
[2023-06-09 00:18:39,867] {processor.py:161} INFO - Processing /opt/airflow/dags/export_data_operator.py took 0.203 seconds
[2023-06-09 00:19:10,672] {processor.py:153} INFO - Started process (PID=41621) to work on /opt/airflow/dags/export_data_operator.py
[2023-06-09 00:19:10,673] {processor.py:641} INFO - Processing file /opt/airflow/dags/export_data_operator.py for tasks to queue
[2023-06-09 00:19:10,674] {logging_mixin.py:115} INFO - [2023-06-09 00:19:10,674] {dagbag.py:508} INFO - Filling up the DagBag from /opt/airflow/dags/export_data_operator.py
[2023-06-09 00:19:10,867] {processor.py:653} WARNING - No viable dags retrieved from /opt/airflow/dags/export_data_operator.py
[2023-06-09 00:19:10,883] {processor.py:161} INFO - Processing /opt/airflow/dags/export_data_operator.py took 0.214 seconds
[2023-06-09 00:19:41,611] {processor.py:153} INFO - Started process (PID=41663) to work on /opt/airflow/dags/export_data_operator.py
[2023-06-09 00:19:41,613] {processor.py:641} INFO - Processing file /opt/airflow/dags/export_data_operator.py for tasks to queue
[2023-06-09 00:19:41,613] {logging_mixin.py:115} INFO - [2023-06-09 00:19:41,613] {dagbag.py:508} INFO - Filling up the DagBag from /opt/airflow/dags/export_data_operator.py
[2023-06-09 00:19:41,809] {processor.py:653} WARNING - No viable dags retrieved from /opt/airflow/dags/export_data_operator.py
[2023-06-09 00:19:41,823] {processor.py:161} INFO - Processing /opt/airflow/dags/export_data_operator.py took 0.214 seconds
[2023-06-09 00:20:12,720] {processor.py:153} INFO - Started process (PID=41706) to work on /opt/airflow/dags/export_data_operator.py
[2023-06-09 00:20:12,721] {processor.py:641} INFO - Processing file /opt/airflow/dags/export_data_operator.py for tasks to queue
[2023-06-09 00:20:12,722] {logging_mixin.py:115} INFO - [2023-06-09 00:20:12,721] {dagbag.py:508} INFO - Filling up the DagBag from /opt/airflow/dags/export_data_operator.py
[2023-06-09 00:20:12,913] {processor.py:653} WARNING - No viable dags retrieved from /opt/airflow/dags/export_data_operator.py
[2023-06-09 00:20:12,926] {processor.py:161} INFO - Processing /opt/airflow/dags/export_data_operator.py took 0.209 seconds
[2023-06-09 00:20:43,756] {processor.py:153} INFO - Started process (PID=41740) to work on /opt/airflow/dags/export_data_operator.py
[2023-06-09 00:20:43,758] {processor.py:641} INFO - Processing file /opt/airflow/dags/export_data_operator.py for tasks to queue
[2023-06-09 00:20:43,758] {logging_mixin.py:115} INFO - [2023-06-09 00:20:43,758] {dagbag.py:508} INFO - Filling up the DagBag from /opt/airflow/dags/export_data_operator.py
[2023-06-09 00:20:43,971] {processor.py:653} WARNING - No viable dags retrieved from /opt/airflow/dags/export_data_operator.py
[2023-06-09 00:20:43,988] {processor.py:161} INFO - Processing /opt/airflow/dags/export_data_operator.py took 0.234 seconds
[2023-06-09 00:21:14,892] {processor.py:153} INFO - Started process (PID=41782) to work on /opt/airflow/dags/export_data_operator.py
[2023-06-09 00:21:14,893] {processor.py:641} INFO - Processing file /opt/airflow/dags/export_data_operator.py for tasks to queue
[2023-06-09 00:21:14,894] {logging_mixin.py:115} INFO - [2023-06-09 00:21:14,894] {dagbag.py:508} INFO - Filling up the DagBag from /opt/airflow/dags/export_data_operator.py
[2023-06-09 00:21:15,078] {processor.py:653} WARNING - No viable dags retrieved from /opt/airflow/dags/export_data_operator.py
[2023-06-09 00:21:15,090] {processor.py:161} INFO - Processing /opt/airflow/dags/export_data_operator.py took 0.201 seconds
[2023-06-09 00:21:45,816] {processor.py:153} INFO - Started process (PID=41825) to work on /opt/airflow/dags/export_data_operator.py
[2023-06-09 00:21:45,817] {processor.py:641} INFO - Processing file /opt/airflow/dags/export_data_operator.py for tasks to queue
[2023-06-09 00:21:45,818] {logging_mixin.py:115} INFO - [2023-06-09 00:21:45,818] {dagbag.py:508} INFO - Filling up the DagBag from /opt/airflow/dags/export_data_operator.py
[2023-06-09 00:21:46,009] {processor.py:653} WARNING - No viable dags retrieved from /opt/airflow/dags/export_data_operator.py
[2023-06-09 00:21:46,022] {processor.py:161} INFO - Processing /opt/airflow/dags/export_data_operator.py took 0.208 seconds
[2023-06-09 00:22:16,850] {processor.py:153} INFO - Started process (PID=41868) to work on /opt/airflow/dags/export_data_operator.py
[2023-06-09 00:22:16,851] {processor.py:641} INFO - Processing file /opt/airflow/dags/export_data_operator.py for tasks to queue
[2023-06-09 00:22:16,852] {logging_mixin.py:115} INFO - [2023-06-09 00:22:16,852] {dagbag.py:508} INFO - Filling up the DagBag from /opt/airflow/dags/export_data_operator.py
[2023-06-09 00:22:17,036] {processor.py:653} WARNING - No viable dags retrieved from /opt/airflow/dags/export_data_operator.py
[2023-06-09 00:22:17,049] {processor.py:161} INFO - Processing /opt/airflow/dags/export_data_operator.py took 0.202 seconds
[2023-06-09 00:22:47,848] {processor.py:153} INFO - Started process (PID=41911) to work on /opt/airflow/dags/export_data_operator.py
[2023-06-09 00:22:47,849] {processor.py:641} INFO - Processing file /opt/airflow/dags/export_data_operator.py for tasks to queue
[2023-06-09 00:22:47,850] {logging_mixin.py:115} INFO - [2023-06-09 00:22:47,850] {dagbag.py:508} INFO - Filling up the DagBag from /opt/airflow/dags/export_data_operator.py
[2023-06-09 00:22:48,040] {processor.py:653} WARNING - No viable dags retrieved from /opt/airflow/dags/export_data_operator.py
[2023-06-09 00:22:48,053] {processor.py:161} INFO - Processing /opt/airflow/dags/export_data_operator.py took 0.208 seconds
[2023-06-09 00:23:18,781] {processor.py:153} INFO - Started process (PID=41954) to work on /opt/airflow/dags/export_data_operator.py
[2023-06-09 00:23:18,782] {processor.py:641} INFO - Processing file /opt/airflow/dags/export_data_operator.py for tasks to queue
[2023-06-09 00:23:18,782] {logging_mixin.py:115} INFO - [2023-06-09 00:23:18,782] {dagbag.py:508} INFO - Filling up the DagBag from /opt/airflow/dags/export_data_operator.py
[2023-06-09 00:23:18,970] {processor.py:653} WARNING - No viable dags retrieved from /opt/airflow/dags/export_data_operator.py
[2023-06-09 00:23:18,983] {processor.py:161} INFO - Processing /opt/airflow/dags/export_data_operator.py took 0.205 seconds
[2023-06-09 00:23:49,802] {processor.py:153} INFO - Started process (PID=41997) to work on /opt/airflow/dags/export_data_operator.py
[2023-06-09 00:23:49,803] {processor.py:641} INFO - Processing file /opt/airflow/dags/export_data_operator.py for tasks to queue
[2023-06-09 00:23:49,804] {logging_mixin.py:115} INFO - [2023-06-09 00:23:49,804] {dagbag.py:508} INFO - Filling up the DagBag from /opt/airflow/dags/export_data_operator.py
[2023-06-09 00:23:49,989] {processor.py:653} WARNING - No viable dags retrieved from /opt/airflow/dags/export_data_operator.py
[2023-06-09 00:23:50,002] {processor.py:161} INFO - Processing /opt/airflow/dags/export_data_operator.py took 0.202 seconds
[2023-06-09 00:24:20,763] {processor.py:153} INFO - Started process (PID=42040) to work on /opt/airflow/dags/export_data_operator.py
[2023-06-09 00:24:20,765] {processor.py:641} INFO - Processing file /opt/airflow/dags/export_data_operator.py for tasks to queue
[2023-06-09 00:24:20,768] {logging_mixin.py:115} INFO - [2023-06-09 00:24:20,768] {dagbag.py:508} INFO - Filling up the DagBag from /opt/airflow/dags/export_data_operator.py
[2023-06-09 00:24:20,987] {processor.py:653} WARNING - No viable dags retrieved from /opt/airflow/dags/export_data_operator.py
[2023-06-09 00:24:21,007] {processor.py:161} INFO - Processing /opt/airflow/dags/export_data_operator.py took 0.246 seconds
[2023-06-09 00:24:51,860] {processor.py:153} INFO - Started process (PID=42074) to work on /opt/airflow/dags/export_data_operator.py
[2023-06-09 00:24:51,861] {processor.py:641} INFO - Processing file /opt/airflow/dags/export_data_operator.py for tasks to queue
[2023-06-09 00:24:51,862] {logging_mixin.py:115} INFO - [2023-06-09 00:24:51,862] {dagbag.py:508} INFO - Filling up the DagBag from /opt/airflow/dags/export_data_operator.py
[2023-06-09 00:24:52,054] {processor.py:653} WARNING - No viable dags retrieved from /opt/airflow/dags/export_data_operator.py
[2023-06-09 00:24:52,068] {processor.py:161} INFO - Processing /opt/airflow/dags/export_data_operator.py took 0.211 seconds
[2023-06-09 00:25:22,893] {processor.py:153} INFO - Started process (PID=42118) to work on /opt/airflow/dags/export_data_operator.py
[2023-06-09 00:25:22,894] {processor.py:641} INFO - Processing file /opt/airflow/dags/export_data_operator.py for tasks to queue
[2023-06-09 00:25:22,895] {logging_mixin.py:115} INFO - [2023-06-09 00:25:22,895] {dagbag.py:508} INFO - Filling up the DagBag from /opt/airflow/dags/export_data_operator.py
[2023-06-09 00:25:23,083] {processor.py:653} WARNING - No viable dags retrieved from /opt/airflow/dags/export_data_operator.py
[2023-06-09 00:25:23,096] {processor.py:161} INFO - Processing /opt/airflow/dags/export_data_operator.py took 0.206 seconds
[2023-06-09 00:25:53,852] {processor.py:153} INFO - Started process (PID=42160) to work on /opt/airflow/dags/export_data_operator.py
[2023-06-09 00:25:53,854] {processor.py:641} INFO - Processing file /opt/airflow/dags/export_data_operator.py for tasks to queue
[2023-06-09 00:25:53,854] {logging_mixin.py:115} INFO - [2023-06-09 00:25:53,854] {dagbag.py:508} INFO - Filling up the DagBag from /opt/airflow/dags/export_data_operator.py
[2023-06-09 00:25:54,049] {processor.py:653} WARNING - No viable dags retrieved from /opt/airflow/dags/export_data_operator.py
[2023-06-09 00:25:54,061] {processor.py:161} INFO - Processing /opt/airflow/dags/export_data_operator.py took 0.211 seconds
[2023-06-09 00:26:24,848] {processor.py:153} INFO - Started process (PID=42203) to work on /opt/airflow/dags/export_data_operator.py
[2023-06-09 00:26:24,849] {processor.py:641} INFO - Processing file /opt/airflow/dags/export_data_operator.py for tasks to queue
[2023-06-09 00:26:24,850] {logging_mixin.py:115} INFO - [2023-06-09 00:26:24,850] {dagbag.py:508} INFO - Filling up the DagBag from /opt/airflow/dags/export_data_operator.py
[2023-06-09 00:26:25,038] {processor.py:653} WARNING - No viable dags retrieved from /opt/airflow/dags/export_data_operator.py
[2023-06-09 00:26:25,051] {processor.py:161} INFO - Processing /opt/airflow/dags/export_data_operator.py took 0.206 seconds
[2023-06-09 00:26:56,010] {processor.py:153} INFO - Started process (PID=42245) to work on /opt/airflow/dags/export_data_operator.py
[2023-06-09 00:26:56,011] {processor.py:641} INFO - Processing file /opt/airflow/dags/export_data_operator.py for tasks to queue
[2023-06-09 00:26:56,012] {logging_mixin.py:115} INFO - [2023-06-09 00:26:56,012] {dagbag.py:508} INFO - Filling up the DagBag from /opt/airflow/dags/export_data_operator.py
[2023-06-09 00:26:56,202] {processor.py:653} WARNING - No viable dags retrieved from /opt/airflow/dags/export_data_operator.py
[2023-06-09 00:26:56,215] {processor.py:161} INFO - Processing /opt/airflow/dags/export_data_operator.py took 0.208 seconds
[2023-06-09 00:27:26,945] {processor.py:153} INFO - Started process (PID=42288) to work on /opt/airflow/dags/export_data_operator.py
[2023-06-09 00:27:26,947] {processor.py:641} INFO - Processing file /opt/airflow/dags/export_data_operator.py for tasks to queue
[2023-06-09 00:27:26,947] {logging_mixin.py:115} INFO - [2023-06-09 00:27:26,947] {dagbag.py:508} INFO - Filling up the DagBag from /opt/airflow/dags/export_data_operator.py
[2023-06-09 00:27:27,135] {processor.py:653} WARNING - No viable dags retrieved from /opt/airflow/dags/export_data_operator.py
[2023-06-09 00:27:27,148] {processor.py:161} INFO - Processing /opt/airflow/dags/export_data_operator.py took 0.206 seconds
[2023-06-09 00:27:57,853] {processor.py:153} INFO - Started process (PID=42331) to work on /opt/airflow/dags/export_data_operator.py
[2023-06-09 00:27:57,855] {processor.py:641} INFO - Processing file /opt/airflow/dags/export_data_operator.py for tasks to queue
[2023-06-09 00:27:57,855] {logging_mixin.py:115} INFO - [2023-06-09 00:27:57,855] {dagbag.py:508} INFO - Filling up the DagBag from /opt/airflow/dags/export_data_operator.py
[2023-06-09 00:27:58,048] {processor.py:653} WARNING - No viable dags retrieved from /opt/airflow/dags/export_data_operator.py
[2023-06-09 00:27:58,062] {processor.py:161} INFO - Processing /opt/airflow/dags/export_data_operator.py took 0.211 seconds
[2023-06-09 00:28:28,803] {processor.py:153} INFO - Started process (PID=42365) to work on /opt/airflow/dags/export_data_operator.py
[2023-06-09 00:28:28,804] {processor.py:641} INFO - Processing file /opt/airflow/dags/export_data_operator.py for tasks to queue
[2023-06-09 00:28:28,805] {logging_mixin.py:115} INFO - [2023-06-09 00:28:28,805] {dagbag.py:508} INFO - Filling up the DagBag from /opt/airflow/dags/export_data_operator.py
[2023-06-09 00:28:28,998] {processor.py:653} WARNING - No viable dags retrieved from /opt/airflow/dags/export_data_operator.py
[2023-06-09 00:28:29,011] {processor.py:161} INFO - Processing /opt/airflow/dags/export_data_operator.py took 0.211 seconds
[2023-06-09 00:28:59,891] {processor.py:153} INFO - Started process (PID=42408) to work on /opt/airflow/dags/export_data_operator.py
[2023-06-09 00:28:59,892] {processor.py:641} INFO - Processing file /opt/airflow/dags/export_data_operator.py for tasks to queue
[2023-06-09 00:28:59,893] {logging_mixin.py:115} INFO - [2023-06-09 00:28:59,893] {dagbag.py:508} INFO - Filling up the DagBag from /opt/airflow/dags/export_data_operator.py
[2023-06-09 00:29:00,084] {processor.py:653} WARNING - No viable dags retrieved from /opt/airflow/dags/export_data_operator.py
[2023-06-09 00:29:00,098] {processor.py:161} INFO - Processing /opt/airflow/dags/export_data_operator.py took 0.210 seconds
[2023-06-09 00:29:31,098] {processor.py:153} INFO - Started process (PID=42451) to work on /opt/airflow/dags/export_data_operator.py
[2023-06-09 00:29:31,099] {processor.py:641} INFO - Processing file /opt/airflow/dags/export_data_operator.py for tasks to queue
[2023-06-09 00:29:31,100] {logging_mixin.py:115} INFO - [2023-06-09 00:29:31,100] {dagbag.py:508} INFO - Filling up the DagBag from /opt/airflow/dags/export_data_operator.py
[2023-06-09 00:29:31,294] {processor.py:653} WARNING - No viable dags retrieved from /opt/airflow/dags/export_data_operator.py
[2023-06-09 00:29:31,309] {processor.py:161} INFO - Processing /opt/airflow/dags/export_data_operator.py took 0.213 seconds
[2023-06-09 00:30:02,163] {processor.py:153} INFO - Started process (PID=42485) to work on /opt/airflow/dags/export_data_operator.py
[2023-06-09 00:30:02,164] {processor.py:641} INFO - Processing file /opt/airflow/dags/export_data_operator.py for tasks to queue
[2023-06-09 00:30:02,165] {logging_mixin.py:115} INFO - [2023-06-09 00:30:02,165] {dagbag.py:508} INFO - Filling up the DagBag from /opt/airflow/dags/export_data_operator.py
[2023-06-09 00:30:02,356] {processor.py:653} WARNING - No viable dags retrieved from /opt/airflow/dags/export_data_operator.py
[2023-06-09 00:30:02,369] {processor.py:161} INFO - Processing /opt/airflow/dags/export_data_operator.py took 0.209 seconds
[2023-06-09 00:30:33,429] {processor.py:153} INFO - Started process (PID=42527) to work on /opt/airflow/dags/export_data_operator.py
[2023-06-09 00:30:33,431] {processor.py:641} INFO - Processing file /opt/airflow/dags/export_data_operator.py for tasks to queue
[2023-06-09 00:30:33,433] {logging_mixin.py:115} INFO - [2023-06-09 00:30:33,433] {dagbag.py:508} INFO - Filling up the DagBag from /opt/airflow/dags/export_data_operator.py
[2023-06-09 00:30:33,664] {processor.py:653} WARNING - No viable dags retrieved from /opt/airflow/dags/export_data_operator.py
[2023-06-09 00:30:33,687] {processor.py:161} INFO - Processing /opt/airflow/dags/export_data_operator.py took 0.261 seconds
[2023-06-09 00:31:03,844] {processor.py:153} INFO - Started process (PID=42561) to work on /opt/airflow/dags/export_data_operator.py
[2023-06-09 00:31:03,845] {processor.py:641} INFO - Processing file /opt/airflow/dags/export_data_operator.py for tasks to queue
[2023-06-09 00:31:03,846] {logging_mixin.py:115} INFO - [2023-06-09 00:31:03,846] {dagbag.py:508} INFO - Filling up the DagBag from /opt/airflow/dags/export_data_operator.py
[2023-06-09 00:31:04,059] {processor.py:653} WARNING - No viable dags retrieved from /opt/airflow/dags/export_data_operator.py
[2023-06-09 00:31:04,073] {processor.py:161} INFO - Processing /opt/airflow/dags/export_data_operator.py took 0.232 seconds
[2023-06-09 00:31:34,952] {processor.py:153} INFO - Started process (PID=42603) to work on /opt/airflow/dags/export_data_operator.py
[2023-06-09 00:31:34,953] {processor.py:641} INFO - Processing file /opt/airflow/dags/export_data_operator.py for tasks to queue
[2023-06-09 00:31:34,954] {logging_mixin.py:115} INFO - [2023-06-09 00:31:34,954] {dagbag.py:508} INFO - Filling up the DagBag from /opt/airflow/dags/export_data_operator.py
[2023-06-09 00:31:35,142] {processor.py:653} WARNING - No viable dags retrieved from /opt/airflow/dags/export_data_operator.py
[2023-06-09 00:31:35,154] {processor.py:161} INFO - Processing /opt/airflow/dags/export_data_operator.py took 0.207 seconds
[2023-06-09 00:32:05,936] {processor.py:153} INFO - Started process (PID=42646) to work on /opt/airflow/dags/export_data_operator.py
[2023-06-09 00:32:05,937] {processor.py:641} INFO - Processing file /opt/airflow/dags/export_data_operator.py for tasks to queue
[2023-06-09 00:32:05,938] {logging_mixin.py:115} INFO - [2023-06-09 00:32:05,938] {dagbag.py:508} INFO - Filling up the DagBag from /opt/airflow/dags/export_data_operator.py
[2023-06-09 00:32:06,128] {processor.py:653} WARNING - No viable dags retrieved from /opt/airflow/dags/export_data_operator.py
[2023-06-09 00:32:06,143] {processor.py:161} INFO - Processing /opt/airflow/dags/export_data_operator.py took 0.210 seconds
[2023-06-09 00:32:37,053] {processor.py:153} INFO - Started process (PID=42688) to work on /opt/airflow/dags/export_data_operator.py
[2023-06-09 00:32:37,056] {processor.py:641} INFO - Processing file /opt/airflow/dags/export_data_operator.py for tasks to queue
[2023-06-09 00:32:37,058] {logging_mixin.py:115} INFO - [2023-06-09 00:32:37,058] {dagbag.py:508} INFO - Filling up the DagBag from /opt/airflow/dags/export_data_operator.py
[2023-06-09 00:32:37,276] {processor.py:653} WARNING - No viable dags retrieved from /opt/airflow/dags/export_data_operator.py
[2023-06-09 00:32:37,289] {processor.py:161} INFO - Processing /opt/airflow/dags/export_data_operator.py took 0.240 seconds
[2023-06-09 00:54:04,090] {processor.py:153} INFO - Started process (PID=42722) to work on /opt/airflow/dags/export_data_operator.py
[2023-06-09 00:54:04,093] {processor.py:641} INFO - Processing file /opt/airflow/dags/export_data_operator.py for tasks to queue
[2023-06-09 00:54:04,095] {logging_mixin.py:115} INFO - [2023-06-09 00:54:04,095] {dagbag.py:508} INFO - Filling up the DagBag from /opt/airflow/dags/export_data_operator.py
[2023-06-09 00:54:04,773] {processor.py:653} WARNING - No viable dags retrieved from /opt/airflow/dags/export_data_operator.py
[2023-06-09 00:54:04,836] {processor.py:161} INFO - Processing /opt/airflow/dags/export_data_operator.py took 0.752 seconds
[2023-06-09 01:59:07,820] {processor.py:153} INFO - Started process (PID=42765) to work on /opt/airflow/dags/export_data_operator.py
[2023-06-09 01:59:07,822] {processor.py:641} INFO - Processing file /opt/airflow/dags/export_data_operator.py for tasks to queue
[2023-06-09 01:59:07,835] {logging_mixin.py:115} INFO - [2023-06-09 01:59:07,835] {dagbag.py:508} INFO - Filling up the DagBag from /opt/airflow/dags/export_data_operator.py
[2023-06-09 01:59:08,485] {processor.py:653} WARNING - No viable dags retrieved from /opt/airflow/dags/export_data_operator.py
[2023-06-09 01:59:08,520] {processor.py:161} INFO - Processing /opt/airflow/dags/export_data_operator.py took 0.707 seconds
[2023-06-09 03:04:41,297] {processor.py:153} INFO - Started process (PID=42798) to work on /opt/airflow/dags/export_data_operator.py
[2023-06-09 03:04:41,313] {processor.py:641} INFO - Processing file /opt/airflow/dags/export_data_operator.py for tasks to queue
[2023-06-09 03:04:41,334] {logging_mixin.py:115} INFO - [2023-06-09 03:04:41,333] {dagbag.py:508} INFO - Filling up the DagBag from /opt/airflow/dags/export_data_operator.py
[2023-06-09 03:04:42,571] {processor.py:653} WARNING - No viable dags retrieved from /opt/airflow/dags/export_data_operator.py
[2023-06-09 03:04:42,636] {processor.py:161} INFO - Processing /opt/airflow/dags/export_data_operator.py took 1.381 seconds
[2023-06-09 13:58:12,043] {processor.py:153} INFO - Started process (PID=42833) to work on /opt/airflow/dags/export_data_operator.py
[2023-06-09 13:58:12,091] {processor.py:641} INFO - Processing file /opt/airflow/dags/export_data_operator.py for tasks to queue
[2023-06-09 13:58:12,125] {logging_mixin.py:115} INFO - [2023-06-09 13:58:12,124] {dagbag.py:508} INFO - Filling up the DagBag from /opt/airflow/dags/export_data_operator.py
[2023-06-09 13:58:13,403] {processor.py:653} WARNING - No viable dags retrieved from /opt/airflow/dags/export_data_operator.py
[2023-06-09 13:58:13,491] {processor.py:161} INFO - Processing /opt/airflow/dags/export_data_operator.py took 1.458 seconds
[2023-06-09 13:58:43,941] {processor.py:153} INFO - Started process (PID=42876) to work on /opt/airflow/dags/export_data_operator.py
[2023-06-09 13:58:43,942] {processor.py:641} INFO - Processing file /opt/airflow/dags/export_data_operator.py for tasks to queue
[2023-06-09 13:58:43,943] {logging_mixin.py:115} INFO - [2023-06-09 13:58:43,943] {dagbag.py:508} INFO - Filling up the DagBag from /opt/airflow/dags/export_data_operator.py
[2023-06-09 13:58:44,212] {processor.py:653} WARNING - No viable dags retrieved from /opt/airflow/dags/export_data_operator.py
[2023-06-09 13:58:44,229] {processor.py:161} INFO - Processing /opt/airflow/dags/export_data_operator.py took 0.292 seconds
[2023-06-09 14:01:16,136] {processor.py:153} INFO - Started process (PID=42910) to work on /opt/airflow/dags/export_data_operator.py
[2023-06-09 14:01:16,139] {processor.py:641} INFO - Processing file /opt/airflow/dags/export_data_operator.py for tasks to queue
[2023-06-09 14:01:16,141] {logging_mixin.py:115} INFO - [2023-06-09 14:01:16,141] {dagbag.py:508} INFO - Filling up the DagBag from /opt/airflow/dags/export_data_operator.py
[2023-06-09 14:01:16,519] {processor.py:653} WARNING - No viable dags retrieved from /opt/airflow/dags/export_data_operator.py
[2023-06-09 14:01:16,556] {processor.py:161} INFO - Processing /opt/airflow/dags/export_data_operator.py took 0.430 seconds
[2023-06-09 14:01:46,671] {processor.py:153} INFO - Started process (PID=42953) to work on /opt/airflow/dags/export_data_operator.py
[2023-06-09 14:01:46,672] {processor.py:641} INFO - Processing file /opt/airflow/dags/export_data_operator.py for tasks to queue
[2023-06-09 14:01:46,673] {logging_mixin.py:115} INFO - [2023-06-09 14:01:46,673] {dagbag.py:508} INFO - Filling up the DagBag from /opt/airflow/dags/export_data_operator.py
[2023-06-09 14:01:46,948] {processor.py:653} WARNING - No viable dags retrieved from /opt/airflow/dags/export_data_operator.py
[2023-06-09 14:01:46,973] {processor.py:161} INFO - Processing /opt/airflow/dags/export_data_operator.py took 0.305 seconds
[2023-06-09 14:02:17,030] {processor.py:153} INFO - Started process (PID=42987) to work on /opt/airflow/dags/export_data_operator.py
[2023-06-09 14:02:17,031] {processor.py:641} INFO - Processing file /opt/airflow/dags/export_data_operator.py for tasks to queue
[2023-06-09 14:02:17,032] {logging_mixin.py:115} INFO - [2023-06-09 14:02:17,032] {dagbag.py:508} INFO - Filling up the DagBag from /opt/airflow/dags/export_data_operator.py
[2023-06-09 14:02:17,220] {processor.py:653} WARNING - No viable dags retrieved from /opt/airflow/dags/export_data_operator.py
[2023-06-09 14:02:17,234] {processor.py:161} INFO - Processing /opt/airflow/dags/export_data_operator.py took 0.206 seconds
