[2023-06-09 00:06:48,885] {processor.py:153} INFO - Started process (PID=40635) to work on /opt/airflow/dags/prepare_cv_lac_data_operator.py
[2023-06-09 00:06:48,890] {processor.py:641} INFO - Processing file /opt/airflow/dags/prepare_cv_lac_data_operator.py for tasks to queue
[2023-06-09 00:06:48,893] {logging_mixin.py:115} INFO - [2023-06-09 00:06:48,893] {dagbag.py:508} INFO - Filling up the DagBag from /opt/airflow/dags/prepare_cv_lac_data_operator.py
[2023-06-09 00:06:49,100] {processor.py:653} WARNING - No viable dags retrieved from /opt/airflow/dags/prepare_cv_lac_data_operator.py
[2023-06-09 00:06:49,148] {processor.py:161} INFO - Processing /opt/airflow/dags/prepare_cv_lac_data_operator.py took 0.269 seconds
[2023-06-09 00:07:20,021] {processor.py:153} INFO - Started process (PID=40669) to work on /opt/airflow/dags/prepare_cv_lac_data_operator.py
[2023-06-09 00:07:20,022] {processor.py:641} INFO - Processing file /opt/airflow/dags/prepare_cv_lac_data_operator.py for tasks to queue
[2023-06-09 00:07:20,023] {logging_mixin.py:115} INFO - [2023-06-09 00:07:20,023] {dagbag.py:508} INFO - Filling up the DagBag from /opt/airflow/dags/prepare_cv_lac_data_operator.py
[2023-06-09 00:07:20,223] {processor.py:653} WARNING - No viable dags retrieved from /opt/airflow/dags/prepare_cv_lac_data_operator.py
[2023-06-09 00:07:20,248] {processor.py:161} INFO - Processing /opt/airflow/dags/prepare_cv_lac_data_operator.py took 0.232 seconds
[2023-06-09 00:07:50,366] {processor.py:153} INFO - Started process (PID=40712) to work on /opt/airflow/dags/prepare_cv_lac_data_operator.py
[2023-06-09 00:07:50,368] {processor.py:641} INFO - Processing file /opt/airflow/dags/prepare_cv_lac_data_operator.py for tasks to queue
[2023-06-09 00:07:50,369] {logging_mixin.py:115} INFO - [2023-06-09 00:07:50,369] {dagbag.py:508} INFO - Filling up the DagBag from /opt/airflow/dags/prepare_cv_lac_data_operator.py
[2023-06-09 00:07:50,513] {processor.py:653} WARNING - No viable dags retrieved from /opt/airflow/dags/prepare_cv_lac_data_operator.py
[2023-06-09 00:07:50,527] {processor.py:161} INFO - Processing /opt/airflow/dags/prepare_cv_lac_data_operator.py took 0.163 seconds
[2023-06-09 00:08:20,803] {processor.py:153} INFO - Started process (PID=40755) to work on /opt/airflow/dags/prepare_cv_lac_data_operator.py
[2023-06-09 00:08:20,804] {processor.py:641} INFO - Processing file /opt/airflow/dags/prepare_cv_lac_data_operator.py for tasks to queue
[2023-06-09 00:08:20,805] {logging_mixin.py:115} INFO - [2023-06-09 00:08:20,805] {dagbag.py:508} INFO - Filling up the DagBag from /opt/airflow/dags/prepare_cv_lac_data_operator.py
[2023-06-09 00:08:20,940] {processor.py:653} WARNING - No viable dags retrieved from /opt/airflow/dags/prepare_cv_lac_data_operator.py
[2023-06-09 00:08:20,956] {processor.py:161} INFO - Processing /opt/airflow/dags/prepare_cv_lac_data_operator.py took 0.155 seconds
[2023-06-09 00:08:50,999] {processor.py:153} INFO - Started process (PID=40798) to work on /opt/airflow/dags/prepare_cv_lac_data_operator.py
[2023-06-09 00:08:51,000] {processor.py:641} INFO - Processing file /opt/airflow/dags/prepare_cv_lac_data_operator.py for tasks to queue
[2023-06-09 00:08:51,001] {logging_mixin.py:115} INFO - [2023-06-09 00:08:51,001] {dagbag.py:508} INFO - Filling up the DagBag from /opt/airflow/dags/prepare_cv_lac_data_operator.py
[2023-06-09 00:08:51,133] {processor.py:653} WARNING - No viable dags retrieved from /opt/airflow/dags/prepare_cv_lac_data_operator.py
[2023-06-09 00:08:51,146] {processor.py:161} INFO - Processing /opt/airflow/dags/prepare_cv_lac_data_operator.py took 0.150 seconds
[2023-06-09 00:09:22,098] {processor.py:153} INFO - Started process (PID=40841) to work on /opt/airflow/dags/prepare_cv_lac_data_operator.py
[2023-06-09 00:09:22,100] {processor.py:641} INFO - Processing file /opt/airflow/dags/prepare_cv_lac_data_operator.py for tasks to queue
[2023-06-09 00:09:22,100] {logging_mixin.py:115} INFO - [2023-06-09 00:09:22,100] {dagbag.py:508} INFO - Filling up the DagBag from /opt/airflow/dags/prepare_cv_lac_data_operator.py
[2023-06-09 00:09:22,248] {processor.py:653} WARNING - No viable dags retrieved from /opt/airflow/dags/prepare_cv_lac_data_operator.py
[2023-06-09 00:09:22,262] {processor.py:161} INFO - Processing /opt/airflow/dags/prepare_cv_lac_data_operator.py took 0.167 seconds
[2023-06-09 00:09:53,320] {processor.py:153} INFO - Started process (PID=40875) to work on /opt/airflow/dags/prepare_cv_lac_data_operator.py
[2023-06-09 00:09:53,321] {processor.py:641} INFO - Processing file /opt/airflow/dags/prepare_cv_lac_data_operator.py for tasks to queue
[2023-06-09 00:09:53,321] {logging_mixin.py:115} INFO - [2023-06-09 00:09:53,321] {dagbag.py:508} INFO - Filling up the DagBag from /opt/airflow/dags/prepare_cv_lac_data_operator.py
[2023-06-09 00:09:53,451] {processor.py:653} WARNING - No viable dags retrieved from /opt/airflow/dags/prepare_cv_lac_data_operator.py
[2023-06-09 00:09:53,465] {processor.py:161} INFO - Processing /opt/airflow/dags/prepare_cv_lac_data_operator.py took 0.147 seconds
[2023-06-09 00:10:24,403] {processor.py:153} INFO - Started process (PID=40918) to work on /opt/airflow/dags/prepare_cv_lac_data_operator.py
[2023-06-09 00:10:24,405] {processor.py:641} INFO - Processing file /opt/airflow/dags/prepare_cv_lac_data_operator.py for tasks to queue
[2023-06-09 00:10:24,405] {logging_mixin.py:115} INFO - [2023-06-09 00:10:24,405] {dagbag.py:508} INFO - Filling up the DagBag from /opt/airflow/dags/prepare_cv_lac_data_operator.py
[2023-06-09 00:10:24,531] {processor.py:653} WARNING - No viable dags retrieved from /opt/airflow/dags/prepare_cv_lac_data_operator.py
[2023-06-09 00:10:24,545] {processor.py:161} INFO - Processing /opt/airflow/dags/prepare_cv_lac_data_operator.py took 0.144 seconds
[2023-06-09 00:10:55,380] {processor.py:153} INFO - Started process (PID=40961) to work on /opt/airflow/dags/prepare_cv_lac_data_operator.py
[2023-06-09 00:10:55,381] {processor.py:641} INFO - Processing file /opt/airflow/dags/prepare_cv_lac_data_operator.py for tasks to queue
[2023-06-09 00:10:55,381] {logging_mixin.py:115} INFO - [2023-06-09 00:10:55,381] {dagbag.py:508} INFO - Filling up the DagBag from /opt/airflow/dags/prepare_cv_lac_data_operator.py
[2023-06-09 00:10:55,516] {processor.py:653} WARNING - No viable dags retrieved from /opt/airflow/dags/prepare_cv_lac_data_operator.py
[2023-06-09 00:10:55,531] {processor.py:161} INFO - Processing /opt/airflow/dags/prepare_cv_lac_data_operator.py took 0.154 seconds
[2023-06-09 00:11:26,372] {processor.py:153} INFO - Started process (PID=41004) to work on /opt/airflow/dags/prepare_cv_lac_data_operator.py
[2023-06-09 00:11:26,373] {processor.py:641} INFO - Processing file /opt/airflow/dags/prepare_cv_lac_data_operator.py for tasks to queue
[2023-06-09 00:11:26,374] {logging_mixin.py:115} INFO - [2023-06-09 00:11:26,374] {dagbag.py:508} INFO - Filling up the DagBag from /opt/airflow/dags/prepare_cv_lac_data_operator.py
[2023-06-09 00:11:26,496] {processor.py:653} WARNING - No viable dags retrieved from /opt/airflow/dags/prepare_cv_lac_data_operator.py
[2023-06-09 00:11:26,509] {processor.py:161} INFO - Processing /opt/airflow/dags/prepare_cv_lac_data_operator.py took 0.140 seconds
[2023-06-09 00:11:57,384] {processor.py:153} INFO - Started process (PID=41046) to work on /opt/airflow/dags/prepare_cv_lac_data_operator.py
[2023-06-09 00:11:57,385] {processor.py:641} INFO - Processing file /opt/airflow/dags/prepare_cv_lac_data_operator.py for tasks to queue
[2023-06-09 00:11:57,385] {logging_mixin.py:115} INFO - [2023-06-09 00:11:57,385] {dagbag.py:508} INFO - Filling up the DagBag from /opt/airflow/dags/prepare_cv_lac_data_operator.py
[2023-06-09 00:11:57,519] {processor.py:653} WARNING - No viable dags retrieved from /opt/airflow/dags/prepare_cv_lac_data_operator.py
[2023-06-09 00:11:57,533] {processor.py:161} INFO - Processing /opt/airflow/dags/prepare_cv_lac_data_operator.py took 0.152 seconds
[2023-06-09 00:12:28,325] {processor.py:153} INFO - Started process (PID=41089) to work on /opt/airflow/dags/prepare_cv_lac_data_operator.py
[2023-06-09 00:12:28,326] {processor.py:641} INFO - Processing file /opt/airflow/dags/prepare_cv_lac_data_operator.py for tasks to queue
[2023-06-09 00:12:28,327] {logging_mixin.py:115} INFO - [2023-06-09 00:12:28,327] {dagbag.py:508} INFO - Filling up the DagBag from /opt/airflow/dags/prepare_cv_lac_data_operator.py
[2023-06-09 00:12:28,452] {processor.py:653} WARNING - No viable dags retrieved from /opt/airflow/dags/prepare_cv_lac_data_operator.py
[2023-06-09 00:12:28,466] {processor.py:161} INFO - Processing /opt/airflow/dags/prepare_cv_lac_data_operator.py took 0.144 seconds
[2023-06-09 00:12:59,394] {processor.py:153} INFO - Started process (PID=41132) to work on /opt/airflow/dags/prepare_cv_lac_data_operator.py
[2023-06-09 00:12:59,395] {processor.py:641} INFO - Processing file /opt/airflow/dags/prepare_cv_lac_data_operator.py for tasks to queue
[2023-06-09 00:12:59,396] {logging_mixin.py:115} INFO - [2023-06-09 00:12:59,396] {dagbag.py:508} INFO - Filling up the DagBag from /opt/airflow/dags/prepare_cv_lac_data_operator.py
[2023-06-09 00:12:59,519] {processor.py:653} WARNING - No viable dags retrieved from /opt/airflow/dags/prepare_cv_lac_data_operator.py
[2023-06-09 00:12:59,533] {processor.py:161} INFO - Processing /opt/airflow/dags/prepare_cv_lac_data_operator.py took 0.142 seconds
[2023-06-09 00:13:30,379] {processor.py:153} INFO - Started process (PID=41165) to work on /opt/airflow/dags/prepare_cv_lac_data_operator.py
[2023-06-09 00:13:30,380] {processor.py:641} INFO - Processing file /opt/airflow/dags/prepare_cv_lac_data_operator.py for tasks to queue
[2023-06-09 00:13:30,381] {logging_mixin.py:115} INFO - [2023-06-09 00:13:30,381] {dagbag.py:508} INFO - Filling up the DagBag from /opt/airflow/dags/prepare_cv_lac_data_operator.py
[2023-06-09 00:13:30,501] {processor.py:653} WARNING - No viable dags retrieved from /opt/airflow/dags/prepare_cv_lac_data_operator.py
[2023-06-09 00:13:30,514] {processor.py:161} INFO - Processing /opt/airflow/dags/prepare_cv_lac_data_operator.py took 0.137 seconds
[2023-06-09 00:14:01,325] {processor.py:153} INFO - Started process (PID=41207) to work on /opt/airflow/dags/prepare_cv_lac_data_operator.py
[2023-06-09 00:14:01,327] {processor.py:641} INFO - Processing file /opt/airflow/dags/prepare_cv_lac_data_operator.py for tasks to queue
[2023-06-09 00:14:01,327] {logging_mixin.py:115} INFO - [2023-06-09 00:14:01,327] {dagbag.py:508} INFO - Filling up the DagBag from /opt/airflow/dags/prepare_cv_lac_data_operator.py
[2023-06-09 00:14:01,456] {processor.py:653} WARNING - No viable dags retrieved from /opt/airflow/dags/prepare_cv_lac_data_operator.py
[2023-06-09 00:14:01,469] {processor.py:161} INFO - Processing /opt/airflow/dags/prepare_cv_lac_data_operator.py took 0.147 seconds
[2023-06-09 00:14:32,274] {processor.py:153} INFO - Started process (PID=41250) to work on /opt/airflow/dags/prepare_cv_lac_data_operator.py
[2023-06-09 00:14:32,275] {processor.py:641} INFO - Processing file /opt/airflow/dags/prepare_cv_lac_data_operator.py for tasks to queue
[2023-06-09 00:14:32,276] {logging_mixin.py:115} INFO - [2023-06-09 00:14:32,276] {dagbag.py:508} INFO - Filling up the DagBag from /opt/airflow/dags/prepare_cv_lac_data_operator.py
[2023-06-09 00:14:32,400] {processor.py:653} WARNING - No viable dags retrieved from /opt/airflow/dags/prepare_cv_lac_data_operator.py
[2023-06-09 00:14:32,413] {processor.py:161} INFO - Processing /opt/airflow/dags/prepare_cv_lac_data_operator.py took 0.142 seconds
[2023-06-09 00:15:03,392] {processor.py:153} INFO - Started process (PID=41293) to work on /opt/airflow/dags/prepare_cv_lac_data_operator.py
[2023-06-09 00:15:03,393] {processor.py:641} INFO - Processing file /opt/airflow/dags/prepare_cv_lac_data_operator.py for tasks to queue
[2023-06-09 00:15:03,393] {logging_mixin.py:115} INFO - [2023-06-09 00:15:03,393] {dagbag.py:508} INFO - Filling up the DagBag from /opt/airflow/dags/prepare_cv_lac_data_operator.py
[2023-06-09 00:15:03,514] {processor.py:653} WARNING - No viable dags retrieved from /opt/airflow/dags/prepare_cv_lac_data_operator.py
[2023-06-09 00:15:03,527] {processor.py:161} INFO - Processing /opt/airflow/dags/prepare_cv_lac_data_operator.py took 0.138 seconds
[2023-06-09 00:15:34,329] {processor.py:153} INFO - Started process (PID=41335) to work on /opt/airflow/dags/prepare_cv_lac_data_operator.py
[2023-06-09 00:15:34,330] {processor.py:641} INFO - Processing file /opt/airflow/dags/prepare_cv_lac_data_operator.py for tasks to queue
[2023-06-09 00:15:34,330] {logging_mixin.py:115} INFO - [2023-06-09 00:15:34,330] {dagbag.py:508} INFO - Filling up the DagBag from /opt/airflow/dags/prepare_cv_lac_data_operator.py
[2023-06-09 00:15:34,464] {processor.py:653} WARNING - No viable dags retrieved from /opt/airflow/dags/prepare_cv_lac_data_operator.py
[2023-06-09 00:15:34,478] {processor.py:161} INFO - Processing /opt/airflow/dags/prepare_cv_lac_data_operator.py took 0.152 seconds
[2023-06-09 00:16:05,195] {processor.py:153} INFO - Started process (PID=41378) to work on /opt/airflow/dags/prepare_cv_lac_data_operator.py
[2023-06-09 00:16:05,196] {processor.py:641} INFO - Processing file /opt/airflow/dags/prepare_cv_lac_data_operator.py for tasks to queue
[2023-06-09 00:16:05,197] {logging_mixin.py:115} INFO - [2023-06-09 00:16:05,197] {dagbag.py:508} INFO - Filling up the DagBag from /opt/airflow/dags/prepare_cv_lac_data_operator.py
[2023-06-09 00:16:05,327] {processor.py:653} WARNING - No viable dags retrieved from /opt/airflow/dags/prepare_cv_lac_data_operator.py
[2023-06-09 00:16:05,340] {processor.py:161} INFO - Processing /opt/airflow/dags/prepare_cv_lac_data_operator.py took 0.148 seconds
[2023-06-09 00:16:36,190] {processor.py:153} INFO - Started process (PID=41421) to work on /opt/airflow/dags/prepare_cv_lac_data_operator.py
[2023-06-09 00:16:36,192] {processor.py:641} INFO - Processing file /opt/airflow/dags/prepare_cv_lac_data_operator.py for tasks to queue
[2023-06-09 00:16:36,192] {logging_mixin.py:115} INFO - [2023-06-09 00:16:36,192] {dagbag.py:508} INFO - Filling up the DagBag from /opt/airflow/dags/prepare_cv_lac_data_operator.py
[2023-06-09 00:16:36,315] {processor.py:653} WARNING - No viable dags retrieved from /opt/airflow/dags/prepare_cv_lac_data_operator.py
[2023-06-09 00:16:36,328] {processor.py:161} INFO - Processing /opt/airflow/dags/prepare_cv_lac_data_operator.py took 0.141 seconds
[2023-06-09 00:17:07,311] {processor.py:153} INFO - Started process (PID=41454) to work on /opt/airflow/dags/prepare_cv_lac_data_operator.py
[2023-06-09 00:17:07,312] {processor.py:641} INFO - Processing file /opt/airflow/dags/prepare_cv_lac_data_operator.py for tasks to queue
[2023-06-09 00:17:07,313] {logging_mixin.py:115} INFO - [2023-06-09 00:17:07,313] {dagbag.py:508} INFO - Filling up the DagBag from /opt/airflow/dags/prepare_cv_lac_data_operator.py
[2023-06-09 00:17:07,444] {processor.py:653} WARNING - No viable dags retrieved from /opt/airflow/dags/prepare_cv_lac_data_operator.py
[2023-06-09 00:17:07,459] {processor.py:161} INFO - Processing /opt/airflow/dags/prepare_cv_lac_data_operator.py took 0.151 seconds
[2023-06-09 00:17:38,212] {processor.py:153} INFO - Started process (PID=41499) to work on /opt/airflow/dags/prepare_cv_lac_data_operator.py
[2023-06-09 00:17:38,213] {processor.py:641} INFO - Processing file /opt/airflow/dags/prepare_cv_lac_data_operator.py for tasks to queue
[2023-06-09 00:17:38,214] {logging_mixin.py:115} INFO - [2023-06-09 00:17:38,214] {dagbag.py:508} INFO - Filling up the DagBag from /opt/airflow/dags/prepare_cv_lac_data_operator.py
[2023-06-09 00:17:38,337] {processor.py:653} WARNING - No viable dags retrieved from /opt/airflow/dags/prepare_cv_lac_data_operator.py
[2023-06-09 00:17:38,350] {processor.py:161} INFO - Processing /opt/airflow/dags/prepare_cv_lac_data_operator.py took 0.141 seconds
[2023-06-09 00:18:09,125] {processor.py:153} INFO - Started process (PID=41542) to work on /opt/airflow/dags/prepare_cv_lac_data_operator.py
[2023-06-09 00:18:09,125] {processor.py:641} INFO - Processing file /opt/airflow/dags/prepare_cv_lac_data_operator.py for tasks to queue
[2023-06-09 00:18:09,126] {logging_mixin.py:115} INFO - [2023-06-09 00:18:09,126] {dagbag.py:508} INFO - Filling up the DagBag from /opt/airflow/dags/prepare_cv_lac_data_operator.py
[2023-06-09 00:18:09,248] {processor.py:653} WARNING - No viable dags retrieved from /opt/airflow/dags/prepare_cv_lac_data_operator.py
[2023-06-09 00:18:09,261] {processor.py:161} INFO - Processing /opt/airflow/dags/prepare_cv_lac_data_operator.py took 0.140 seconds
[2023-06-09 00:18:40,076] {processor.py:153} INFO - Started process (PID=41586) to work on /opt/airflow/dags/prepare_cv_lac_data_operator.py
[2023-06-09 00:18:40,077] {processor.py:641} INFO - Processing file /opt/airflow/dags/prepare_cv_lac_data_operator.py for tasks to queue
[2023-06-09 00:18:40,077] {logging_mixin.py:115} INFO - [2023-06-09 00:18:40,077] {dagbag.py:508} INFO - Filling up the DagBag from /opt/airflow/dags/prepare_cv_lac_data_operator.py
[2023-06-09 00:18:40,235] {processor.py:653} WARNING - No viable dags retrieved from /opt/airflow/dags/prepare_cv_lac_data_operator.py
[2023-06-09 00:18:40,254] {processor.py:161} INFO - Processing /opt/airflow/dags/prepare_cv_lac_data_operator.py took 0.181 seconds
[2023-06-09 00:19:11,081] {processor.py:153} INFO - Started process (PID=41629) to work on /opt/airflow/dags/prepare_cv_lac_data_operator.py
[2023-06-09 00:19:11,082] {processor.py:641} INFO - Processing file /opt/airflow/dags/prepare_cv_lac_data_operator.py for tasks to queue
[2023-06-09 00:19:11,083] {logging_mixin.py:115} INFO - [2023-06-09 00:19:11,083] {dagbag.py:508} INFO - Filling up the DagBag from /opt/airflow/dags/prepare_cv_lac_data_operator.py
[2023-06-09 00:19:11,212] {processor.py:653} WARNING - No viable dags retrieved from /opt/airflow/dags/prepare_cv_lac_data_operator.py
[2023-06-09 00:19:11,225] {processor.py:161} INFO - Processing /opt/airflow/dags/prepare_cv_lac_data_operator.py took 0.147 seconds
[2023-06-09 00:19:42,032] {processor.py:153} INFO - Started process (PID=41671) to work on /opt/airflow/dags/prepare_cv_lac_data_operator.py
[2023-06-09 00:19:42,033] {processor.py:641} INFO - Processing file /opt/airflow/dags/prepare_cv_lac_data_operator.py for tasks to queue
[2023-06-09 00:19:42,034] {logging_mixin.py:115} INFO - [2023-06-09 00:19:42,034] {dagbag.py:508} INFO - Filling up the DagBag from /opt/airflow/dags/prepare_cv_lac_data_operator.py
[2023-06-09 00:19:42,170] {processor.py:653} WARNING - No viable dags retrieved from /opt/airflow/dags/prepare_cv_lac_data_operator.py
[2023-06-09 00:19:42,184] {processor.py:161} INFO - Processing /opt/airflow/dags/prepare_cv_lac_data_operator.py took 0.154 seconds
[2023-06-09 00:20:13,125] {processor.py:153} INFO - Started process (PID=41713) to work on /opt/airflow/dags/prepare_cv_lac_data_operator.py
[2023-06-09 00:20:13,126] {processor.py:641} INFO - Processing file /opt/airflow/dags/prepare_cv_lac_data_operator.py for tasks to queue
[2023-06-09 00:20:13,127] {logging_mixin.py:115} INFO - [2023-06-09 00:20:13,127] {dagbag.py:508} INFO - Filling up the DagBag from /opt/airflow/dags/prepare_cv_lac_data_operator.py
[2023-06-09 00:20:13,249] {processor.py:653} WARNING - No viable dags retrieved from /opt/airflow/dags/prepare_cv_lac_data_operator.py
[2023-06-09 00:20:13,263] {processor.py:161} INFO - Processing /opt/airflow/dags/prepare_cv_lac_data_operator.py took 0.140 seconds
[2023-06-09 00:20:44,217] {processor.py:153} INFO - Started process (PID=41756) to work on /opt/airflow/dags/prepare_cv_lac_data_operator.py
[2023-06-09 00:20:44,218] {processor.py:641} INFO - Processing file /opt/airflow/dags/prepare_cv_lac_data_operator.py for tasks to queue
[2023-06-09 00:20:44,219] {logging_mixin.py:115} INFO - [2023-06-09 00:20:44,219] {dagbag.py:508} INFO - Filling up the DagBag from /opt/airflow/dags/prepare_cv_lac_data_operator.py
[2023-06-09 00:20:44,351] {processor.py:653} WARNING - No viable dags retrieved from /opt/airflow/dags/prepare_cv_lac_data_operator.py
[2023-06-09 00:20:44,364] {processor.py:161} INFO - Processing /opt/airflow/dags/prepare_cv_lac_data_operator.py took 0.150 seconds
[2023-06-09 00:21:15,294] {processor.py:153} INFO - Started process (PID=41790) to work on /opt/airflow/dags/prepare_cv_lac_data_operator.py
[2023-06-09 00:21:15,295] {processor.py:641} INFO - Processing file /opt/airflow/dags/prepare_cv_lac_data_operator.py for tasks to queue
[2023-06-09 00:21:15,296] {logging_mixin.py:115} INFO - [2023-06-09 00:21:15,296] {dagbag.py:508} INFO - Filling up the DagBag from /opt/airflow/dags/prepare_cv_lac_data_operator.py
[2023-06-09 00:21:15,415] {processor.py:653} WARNING - No viable dags retrieved from /opt/airflow/dags/prepare_cv_lac_data_operator.py
[2023-06-09 00:21:15,428] {processor.py:161} INFO - Processing /opt/airflow/dags/prepare_cv_lac_data_operator.py took 0.136 seconds
[2023-06-09 00:21:46,232] {processor.py:153} INFO - Started process (PID=41833) to work on /opt/airflow/dags/prepare_cv_lac_data_operator.py
[2023-06-09 00:21:46,234] {processor.py:641} INFO - Processing file /opt/airflow/dags/prepare_cv_lac_data_operator.py for tasks to queue
[2023-06-09 00:21:46,234] {logging_mixin.py:115} INFO - [2023-06-09 00:21:46,234] {dagbag.py:508} INFO - Filling up the DagBag from /opt/airflow/dags/prepare_cv_lac_data_operator.py
[2023-06-09 00:21:46,356] {processor.py:653} WARNING - No viable dags retrieved from /opt/airflow/dags/prepare_cv_lac_data_operator.py
[2023-06-09 00:21:46,369] {processor.py:161} INFO - Processing /opt/airflow/dags/prepare_cv_lac_data_operator.py took 0.148 seconds
[2023-06-09 00:22:17,255] {processor.py:153} INFO - Started process (PID=41876) to work on /opt/airflow/dags/prepare_cv_lac_data_operator.py
[2023-06-09 00:22:17,256] {processor.py:641} INFO - Processing file /opt/airflow/dags/prepare_cv_lac_data_operator.py for tasks to queue
[2023-06-09 00:22:17,257] {logging_mixin.py:115} INFO - [2023-06-09 00:22:17,257] {dagbag.py:508} INFO - Filling up the DagBag from /opt/airflow/dags/prepare_cv_lac_data_operator.py
[2023-06-09 00:22:17,379] {processor.py:653} WARNING - No viable dags retrieved from /opt/airflow/dags/prepare_cv_lac_data_operator.py
[2023-06-09 00:22:17,391] {processor.py:161} INFO - Processing /opt/airflow/dags/prepare_cv_lac_data_operator.py took 0.138 seconds
[2023-06-09 00:22:48,251] {processor.py:153} INFO - Started process (PID=41918) to work on /opt/airflow/dags/prepare_cv_lac_data_operator.py
[2023-06-09 00:22:48,252] {processor.py:641} INFO - Processing file /opt/airflow/dags/prepare_cv_lac_data_operator.py for tasks to queue
[2023-06-09 00:22:48,254] {logging_mixin.py:115} INFO - [2023-06-09 00:22:48,253] {dagbag.py:508} INFO - Filling up the DagBag from /opt/airflow/dags/prepare_cv_lac_data_operator.py
[2023-06-09 00:22:48,377] {processor.py:653} WARNING - No viable dags retrieved from /opt/airflow/dags/prepare_cv_lac_data_operator.py
[2023-06-09 00:22:48,390] {processor.py:161} INFO - Processing /opt/airflow/dags/prepare_cv_lac_data_operator.py took 0.141 seconds
[2023-06-09 00:23:19,193] {processor.py:153} INFO - Started process (PID=41962) to work on /opt/airflow/dags/prepare_cv_lac_data_operator.py
[2023-06-09 00:23:19,194] {processor.py:641} INFO - Processing file /opt/airflow/dags/prepare_cv_lac_data_operator.py for tasks to queue
[2023-06-09 00:23:19,195] {logging_mixin.py:115} INFO - [2023-06-09 00:23:19,195] {dagbag.py:508} INFO - Filling up the DagBag from /opt/airflow/dags/prepare_cv_lac_data_operator.py
[2023-06-09 00:23:19,327] {processor.py:653} WARNING - No viable dags retrieved from /opt/airflow/dags/prepare_cv_lac_data_operator.py
[2023-06-09 00:23:19,341] {processor.py:161} INFO - Processing /opt/airflow/dags/prepare_cv_lac_data_operator.py took 0.152 seconds
[2023-06-09 00:23:50,218] {processor.py:153} INFO - Started process (PID=42005) to work on /opt/airflow/dags/prepare_cv_lac_data_operator.py
[2023-06-09 00:23:50,219] {processor.py:641} INFO - Processing file /opt/airflow/dags/prepare_cv_lac_data_operator.py for tasks to queue
[2023-06-09 00:23:50,220] {logging_mixin.py:115} INFO - [2023-06-09 00:23:50,220] {dagbag.py:508} INFO - Filling up the DagBag from /opt/airflow/dags/prepare_cv_lac_data_operator.py
[2023-06-09 00:23:50,346] {processor.py:653} WARNING - No viable dags retrieved from /opt/airflow/dags/prepare_cv_lac_data_operator.py
[2023-06-09 00:23:50,360] {processor.py:161} INFO - Processing /opt/airflow/dags/prepare_cv_lac_data_operator.py took 0.144 seconds
[2023-06-09 00:24:21,261] {processor.py:153} INFO - Started process (PID=42048) to work on /opt/airflow/dags/prepare_cv_lac_data_operator.py
[2023-06-09 00:24:21,262] {processor.py:641} INFO - Processing file /opt/airflow/dags/prepare_cv_lac_data_operator.py for tasks to queue
[2023-06-09 00:24:21,263] {logging_mixin.py:115} INFO - [2023-06-09 00:24:21,263] {dagbag.py:508} INFO - Filling up the DagBag from /opt/airflow/dags/prepare_cv_lac_data_operator.py
[2023-06-09 00:24:21,389] {processor.py:653} WARNING - No viable dags retrieved from /opt/airflow/dags/prepare_cv_lac_data_operator.py
[2023-06-09 00:24:21,402] {processor.py:161} INFO - Processing /opt/airflow/dags/prepare_cv_lac_data_operator.py took 0.143 seconds
[2023-06-09 00:24:52,286] {processor.py:153} INFO - Started process (PID=42081) to work on /opt/airflow/dags/prepare_cv_lac_data_operator.py
[2023-06-09 00:24:52,287] {processor.py:641} INFO - Processing file /opt/airflow/dags/prepare_cv_lac_data_operator.py for tasks to queue
[2023-06-09 00:24:52,288] {logging_mixin.py:115} INFO - [2023-06-09 00:24:52,288] {dagbag.py:508} INFO - Filling up the DagBag from /opt/airflow/dags/prepare_cv_lac_data_operator.py
[2023-06-09 00:24:52,412] {processor.py:653} WARNING - No viable dags retrieved from /opt/airflow/dags/prepare_cv_lac_data_operator.py
[2023-06-09 00:24:52,426] {processor.py:161} INFO - Processing /opt/airflow/dags/prepare_cv_lac_data_operator.py took 0.142 seconds
[2023-06-09 00:25:23,298] {processor.py:153} INFO - Started process (PID=42126) to work on /opt/airflow/dags/prepare_cv_lac_data_operator.py
[2023-06-09 00:25:23,299] {processor.py:641} INFO - Processing file /opt/airflow/dags/prepare_cv_lac_data_operator.py for tasks to queue
[2023-06-09 00:25:23,299] {logging_mixin.py:115} INFO - [2023-06-09 00:25:23,299] {dagbag.py:508} INFO - Filling up the DagBag from /opt/airflow/dags/prepare_cv_lac_data_operator.py
[2023-06-09 00:25:23,421] {processor.py:653} WARNING - No viable dags retrieved from /opt/airflow/dags/prepare_cv_lac_data_operator.py
[2023-06-09 00:25:23,434] {processor.py:161} INFO - Processing /opt/airflow/dags/prepare_cv_lac_data_operator.py took 0.139 seconds
[2023-06-09 00:25:54,274] {processor.py:153} INFO - Started process (PID=42168) to work on /opt/airflow/dags/prepare_cv_lac_data_operator.py
[2023-06-09 00:25:54,275] {processor.py:641} INFO - Processing file /opt/airflow/dags/prepare_cv_lac_data_operator.py for tasks to queue
[2023-06-09 00:25:54,275] {logging_mixin.py:115} INFO - [2023-06-09 00:25:54,275] {dagbag.py:508} INFO - Filling up the DagBag from /opt/airflow/dags/prepare_cv_lac_data_operator.py
[2023-06-09 00:25:54,401] {processor.py:653} WARNING - No viable dags retrieved from /opt/airflow/dags/prepare_cv_lac_data_operator.py
[2023-06-09 00:25:54,414] {processor.py:161} INFO - Processing /opt/airflow/dags/prepare_cv_lac_data_operator.py took 0.144 seconds
[2023-06-09 00:26:25,257] {processor.py:153} INFO - Started process (PID=42211) to work on /opt/airflow/dags/prepare_cv_lac_data_operator.py
[2023-06-09 00:26:25,259] {processor.py:641} INFO - Processing file /opt/airflow/dags/prepare_cv_lac_data_operator.py for tasks to queue
[2023-06-09 00:26:25,260] {logging_mixin.py:115} INFO - [2023-06-09 00:26:25,260] {dagbag.py:508} INFO - Filling up the DagBag from /opt/airflow/dags/prepare_cv_lac_data_operator.py
[2023-06-09 00:26:25,398] {processor.py:653} WARNING - No viable dags retrieved from /opt/airflow/dags/prepare_cv_lac_data_operator.py
[2023-06-09 00:26:25,411] {processor.py:161} INFO - Processing /opt/airflow/dags/prepare_cv_lac_data_operator.py took 0.157 seconds
[2023-06-09 00:26:56,411] {processor.py:153} INFO - Started process (PID=42253) to work on /opt/airflow/dags/prepare_cv_lac_data_operator.py
[2023-06-09 00:26:56,412] {processor.py:641} INFO - Processing file /opt/airflow/dags/prepare_cv_lac_data_operator.py for tasks to queue
[2023-06-09 00:26:56,412] {logging_mixin.py:115} INFO - [2023-06-09 00:26:56,412] {dagbag.py:508} INFO - Filling up the DagBag from /opt/airflow/dags/prepare_cv_lac_data_operator.py
[2023-06-09 00:26:56,551] {processor.py:653} WARNING - No viable dags retrieved from /opt/airflow/dags/prepare_cv_lac_data_operator.py
[2023-06-09 00:26:56,565] {processor.py:161} INFO - Processing /opt/airflow/dags/prepare_cv_lac_data_operator.py took 0.157 seconds
[2023-06-09 00:27:27,354] {processor.py:153} INFO - Started process (PID=42296) to work on /opt/airflow/dags/prepare_cv_lac_data_operator.py
[2023-06-09 00:27:27,355] {processor.py:641} INFO - Processing file /opt/airflow/dags/prepare_cv_lac_data_operator.py for tasks to queue
[2023-06-09 00:27:27,356] {logging_mixin.py:115} INFO - [2023-06-09 00:27:27,355] {dagbag.py:508} INFO - Filling up the DagBag from /opt/airflow/dags/prepare_cv_lac_data_operator.py
[2023-06-09 00:27:27,477] {processor.py:653} WARNING - No viable dags retrieved from /opt/airflow/dags/prepare_cv_lac_data_operator.py
[2023-06-09 00:27:27,490] {processor.py:161} INFO - Processing /opt/airflow/dags/prepare_cv_lac_data_operator.py took 0.139 seconds
[2023-06-09 00:27:58,269] {processor.py:153} INFO - Started process (PID=42339) to work on /opt/airflow/dags/prepare_cv_lac_data_operator.py
[2023-06-09 00:27:58,270] {processor.py:641} INFO - Processing file /opt/airflow/dags/prepare_cv_lac_data_operator.py for tasks to queue
[2023-06-09 00:27:58,271] {logging_mixin.py:115} INFO - [2023-06-09 00:27:58,271] {dagbag.py:508} INFO - Filling up the DagBag from /opt/airflow/dags/prepare_cv_lac_data_operator.py
[2023-06-09 00:27:58,399] {processor.py:653} WARNING - No viable dags retrieved from /opt/airflow/dags/prepare_cv_lac_data_operator.py
[2023-06-09 00:27:58,412] {processor.py:161} INFO - Processing /opt/airflow/dags/prepare_cv_lac_data_operator.py took 0.145 seconds
[2023-06-09 00:28:29,227] {processor.py:153} INFO - Started process (PID=42382) to work on /opt/airflow/dags/prepare_cv_lac_data_operator.py
[2023-06-09 00:28:29,228] {processor.py:641} INFO - Processing file /opt/airflow/dags/prepare_cv_lac_data_operator.py for tasks to queue
[2023-06-09 00:28:29,229] {logging_mixin.py:115} INFO - [2023-06-09 00:28:29,229] {dagbag.py:508} INFO - Filling up the DagBag from /opt/airflow/dags/prepare_cv_lac_data_operator.py
[2023-06-09 00:28:29,360] {processor.py:653} WARNING - No viable dags retrieved from /opt/airflow/dags/prepare_cv_lac_data_operator.py
[2023-06-09 00:28:29,373] {processor.py:161} INFO - Processing /opt/airflow/dags/prepare_cv_lac_data_operator.py took 0.149 seconds
[2023-06-09 00:29:00,283] {processor.py:153} INFO - Started process (PID=42416) to work on /opt/airflow/dags/prepare_cv_lac_data_operator.py
[2023-06-09 00:29:00,284] {processor.py:641} INFO - Processing file /opt/airflow/dags/prepare_cv_lac_data_operator.py for tasks to queue
[2023-06-09 00:29:00,285] {logging_mixin.py:115} INFO - [2023-06-09 00:29:00,285] {dagbag.py:508} INFO - Filling up the DagBag from /opt/airflow/dags/prepare_cv_lac_data_operator.py
[2023-06-09 00:29:00,418] {processor.py:653} WARNING - No viable dags retrieved from /opt/airflow/dags/prepare_cv_lac_data_operator.py
[2023-06-09 00:29:00,432] {processor.py:161} INFO - Processing /opt/airflow/dags/prepare_cv_lac_data_operator.py took 0.152 seconds
[2023-06-09 00:29:31,492] {processor.py:153} INFO - Started process (PID=42459) to work on /opt/airflow/dags/prepare_cv_lac_data_operator.py
[2023-06-09 00:29:31,493] {processor.py:641} INFO - Processing file /opt/airflow/dags/prepare_cv_lac_data_operator.py for tasks to queue
[2023-06-09 00:29:31,494] {logging_mixin.py:115} INFO - [2023-06-09 00:29:31,494] {dagbag.py:508} INFO - Filling up the DagBag from /opt/airflow/dags/prepare_cv_lac_data_operator.py
[2023-06-09 00:29:31,622] {processor.py:653} WARNING - No viable dags retrieved from /opt/airflow/dags/prepare_cv_lac_data_operator.py
[2023-06-09 00:29:31,635] {processor.py:161} INFO - Processing /opt/airflow/dags/prepare_cv_lac_data_operator.py took 0.146 seconds
[2023-06-09 00:30:02,575] {processor.py:153} INFO - Started process (PID=42493) to work on /opt/airflow/dags/prepare_cv_lac_data_operator.py
[2023-06-09 00:30:02,576] {processor.py:641} INFO - Processing file /opt/airflow/dags/prepare_cv_lac_data_operator.py for tasks to queue
[2023-06-09 00:30:02,577] {logging_mixin.py:115} INFO - [2023-06-09 00:30:02,577] {dagbag.py:508} INFO - Filling up the DagBag from /opt/airflow/dags/prepare_cv_lac_data_operator.py
[2023-06-09 00:30:02,707] {processor.py:653} WARNING - No viable dags retrieved from /opt/airflow/dags/prepare_cv_lac_data_operator.py
[2023-06-09 00:30:02,720] {processor.py:161} INFO - Processing /opt/airflow/dags/prepare_cv_lac_data_operator.py took 0.150 seconds
[2023-06-09 00:30:33,909] {processor.py:153} INFO - Started process (PID=42535) to work on /opt/airflow/dags/prepare_cv_lac_data_operator.py
[2023-06-09 00:30:33,910] {processor.py:641} INFO - Processing file /opt/airflow/dags/prepare_cv_lac_data_operator.py for tasks to queue
[2023-06-09 00:30:33,911] {logging_mixin.py:115} INFO - [2023-06-09 00:30:33,911] {dagbag.py:508} INFO - Filling up the DagBag from /opt/airflow/dags/prepare_cv_lac_data_operator.py
[2023-06-09 00:30:34,041] {processor.py:653} WARNING - No viable dags retrieved from /opt/airflow/dags/prepare_cv_lac_data_operator.py
[2023-06-09 00:30:34,054] {processor.py:161} INFO - Processing /opt/airflow/dags/prepare_cv_lac_data_operator.py took 0.149 seconds
[2023-06-09 00:31:04,281] {processor.py:153} INFO - Started process (PID=42569) to work on /opt/airflow/dags/prepare_cv_lac_data_operator.py
[2023-06-09 00:31:04,282] {processor.py:641} INFO - Processing file /opt/airflow/dags/prepare_cv_lac_data_operator.py for tasks to queue
[2023-06-09 00:31:04,283] {logging_mixin.py:115} INFO - [2023-06-09 00:31:04,283] {dagbag.py:508} INFO - Filling up the DagBag from /opt/airflow/dags/prepare_cv_lac_data_operator.py
[2023-06-09 00:31:04,413] {processor.py:653} WARNING - No viable dags retrieved from /opt/airflow/dags/prepare_cv_lac_data_operator.py
[2023-06-09 00:31:04,427] {processor.py:161} INFO - Processing /opt/airflow/dags/prepare_cv_lac_data_operator.py took 0.148 seconds
[2023-06-09 00:31:35,359] {processor.py:153} INFO - Started process (PID=42611) to work on /opt/airflow/dags/prepare_cv_lac_data_operator.py
[2023-06-09 00:31:35,360] {processor.py:641} INFO - Processing file /opt/airflow/dags/prepare_cv_lac_data_operator.py for tasks to queue
[2023-06-09 00:31:35,360] {logging_mixin.py:115} INFO - [2023-06-09 00:31:35,360] {dagbag.py:508} INFO - Filling up the DagBag from /opt/airflow/dags/prepare_cv_lac_data_operator.py
[2023-06-09 00:31:35,485] {processor.py:653} WARNING - No viable dags retrieved from /opt/airflow/dags/prepare_cv_lac_data_operator.py
[2023-06-09 00:31:35,498] {processor.py:161} INFO - Processing /opt/airflow/dags/prepare_cv_lac_data_operator.py took 0.142 seconds
[2023-06-09 00:32:06,360] {processor.py:153} INFO - Started process (PID=42654) to work on /opt/airflow/dags/prepare_cv_lac_data_operator.py
[2023-06-09 00:32:06,361] {processor.py:641} INFO - Processing file /opt/airflow/dags/prepare_cv_lac_data_operator.py for tasks to queue
[2023-06-09 00:32:06,362] {logging_mixin.py:115} INFO - [2023-06-09 00:32:06,362] {dagbag.py:508} INFO - Filling up the DagBag from /opt/airflow/dags/prepare_cv_lac_data_operator.py
[2023-06-09 00:32:06,497] {processor.py:653} WARNING - No viable dags retrieved from /opt/airflow/dags/prepare_cv_lac_data_operator.py
[2023-06-09 00:32:06,511] {processor.py:161} INFO - Processing /opt/airflow/dags/prepare_cv_lac_data_operator.py took 0.154 seconds
[2023-06-09 00:32:37,482] {processor.py:153} INFO - Started process (PID=42696) to work on /opt/airflow/dags/prepare_cv_lac_data_operator.py
[2023-06-09 00:32:37,483] {processor.py:641} INFO - Processing file /opt/airflow/dags/prepare_cv_lac_data_operator.py for tasks to queue
[2023-06-09 00:32:37,484] {logging_mixin.py:115} INFO - [2023-06-09 00:32:37,484] {dagbag.py:508} INFO - Filling up the DagBag from /opt/airflow/dags/prepare_cv_lac_data_operator.py
[2023-06-09 00:32:37,606] {processor.py:653} WARNING - No viable dags retrieved from /opt/airflow/dags/prepare_cv_lac_data_operator.py
[2023-06-09 00:32:37,621] {processor.py:161} INFO - Processing /opt/airflow/dags/prepare_cv_lac_data_operator.py took 0.141 seconds
[2023-06-09 00:54:05,511] {processor.py:153} INFO - Started process (PID=42730) to work on /opt/airflow/dags/prepare_cv_lac_data_operator.py
[2023-06-09 00:54:05,514] {processor.py:641} INFO - Processing file /opt/airflow/dags/prepare_cv_lac_data_operator.py for tasks to queue
[2023-06-09 00:54:05,515] {logging_mixin.py:115} INFO - [2023-06-09 00:54:05,515] {dagbag.py:508} INFO - Filling up the DagBag from /opt/airflow/dags/prepare_cv_lac_data_operator.py
[2023-06-09 00:54:05,913] {processor.py:653} WARNING - No viable dags retrieved from /opt/airflow/dags/prepare_cv_lac_data_operator.py
[2023-06-09 00:54:05,950] {processor.py:161} INFO - Processing /opt/airflow/dags/prepare_cv_lac_data_operator.py took 0.444 seconds
[2023-06-09 01:59:09,274] {processor.py:153} INFO - Started process (PID=42773) to work on /opt/airflow/dags/prepare_cv_lac_data_operator.py
[2023-06-09 01:59:09,278] {processor.py:641} INFO - Processing file /opt/airflow/dags/prepare_cv_lac_data_operator.py for tasks to queue
[2023-06-09 01:59:09,282] {logging_mixin.py:115} INFO - [2023-06-09 01:59:09,282] {dagbag.py:508} INFO - Filling up the DagBag from /opt/airflow/dags/prepare_cv_lac_data_operator.py
[2023-06-09 01:59:09,809] {processor.py:653} WARNING - No viable dags retrieved from /opt/airflow/dags/prepare_cv_lac_data_operator.py
[2023-06-09 01:59:09,909] {processor.py:161} INFO - Processing /opt/airflow/dags/prepare_cv_lac_data_operator.py took 0.642 seconds
[2023-06-09 03:04:43,320] {processor.py:153} INFO - Started process (PID=42806) to work on /opt/airflow/dags/prepare_cv_lac_data_operator.py
[2023-06-09 03:04:43,324] {processor.py:641} INFO - Processing file /opt/airflow/dags/prepare_cv_lac_data_operator.py for tasks to queue
[2023-06-09 03:04:43,334] {logging_mixin.py:115} INFO - [2023-06-09 03:04:43,334] {dagbag.py:508} INFO - Filling up the DagBag from /opt/airflow/dags/prepare_cv_lac_data_operator.py
[2023-06-09 03:04:43,782] {processor.py:653} WARNING - No viable dags retrieved from /opt/airflow/dags/prepare_cv_lac_data_operator.py
[2023-06-09 03:04:43,814] {processor.py:161} INFO - Processing /opt/airflow/dags/prepare_cv_lac_data_operator.py took 0.499 seconds
[2023-06-09 13:58:15,228] {processor.py:153} INFO - Started process (PID=42848) to work on /opt/airflow/dags/prepare_cv_lac_data_operator.py
[2023-06-09 13:58:15,252] {processor.py:641} INFO - Processing file /opt/airflow/dags/prepare_cv_lac_data_operator.py for tasks to queue
[2023-06-09 13:58:15,263] {logging_mixin.py:115} INFO - [2023-06-09 13:58:15,263] {dagbag.py:508} INFO - Filling up the DagBag from /opt/airflow/dags/prepare_cv_lac_data_operator.py
[2023-06-09 13:58:15,878] {processor.py:653} WARNING - No viable dags retrieved from /opt/airflow/dags/prepare_cv_lac_data_operator.py
[2023-06-09 13:58:15,985] {processor.py:161} INFO - Processing /opt/airflow/dags/prepare_cv_lac_data_operator.py took 0.779 seconds
[2023-06-09 13:58:46,311] {processor.py:153} INFO - Started process (PID=42883) to work on /opt/airflow/dags/prepare_cv_lac_data_operator.py
[2023-06-09 13:58:46,312] {processor.py:641} INFO - Processing file /opt/airflow/dags/prepare_cv_lac_data_operator.py for tasks to queue
[2023-06-09 13:58:46,313] {logging_mixin.py:115} INFO - [2023-06-09 13:58:46,313] {dagbag.py:508} INFO - Filling up the DagBag from /opt/airflow/dags/prepare_cv_lac_data_operator.py
[2023-06-09 13:58:46,487] {processor.py:653} WARNING - No viable dags retrieved from /opt/airflow/dags/prepare_cv_lac_data_operator.py
[2023-06-09 13:58:46,505] {processor.py:161} INFO - Processing /opt/airflow/dags/prepare_cv_lac_data_operator.py took 0.199 seconds
[2023-06-09 14:01:16,939] {processor.py:153} INFO - Started process (PID=42918) to work on /opt/airflow/dags/prepare_cv_lac_data_operator.py
[2023-06-09 14:01:16,943] {processor.py:641} INFO - Processing file /opt/airflow/dags/prepare_cv_lac_data_operator.py for tasks to queue
[2023-06-09 14:01:16,948] {logging_mixin.py:115} INFO - [2023-06-09 14:01:16,948] {dagbag.py:508} INFO - Filling up the DagBag from /opt/airflow/dags/prepare_cv_lac_data_operator.py
[2023-06-09 14:01:17,099] {processor.py:653} WARNING - No viable dags retrieved from /opt/airflow/dags/prepare_cv_lac_data_operator.py
[2023-06-09 14:01:17,115] {processor.py:161} INFO - Processing /opt/airflow/dags/prepare_cv_lac_data_operator.py took 0.182 seconds
[2023-06-09 14:01:47,467] {processor.py:153} INFO - Started process (PID=42961) to work on /opt/airflow/dags/prepare_cv_lac_data_operator.py
[2023-06-09 14:01:47,468] {processor.py:641} INFO - Processing file /opt/airflow/dags/prepare_cv_lac_data_operator.py for tasks to queue
[2023-06-09 14:01:47,469] {logging_mixin.py:115} INFO - [2023-06-09 14:01:47,469] {dagbag.py:508} INFO - Filling up the DagBag from /opt/airflow/dags/prepare_cv_lac_data_operator.py
[2023-06-09 14:01:47,611] {processor.py:653} WARNING - No viable dags retrieved from /opt/airflow/dags/prepare_cv_lac_data_operator.py
[2023-06-09 14:01:47,625] {processor.py:161} INFO - Processing /opt/airflow/dags/prepare_cv_lac_data_operator.py took 0.162 seconds
[2023-06-09 14:02:18,417] {processor.py:153} INFO - Started process (PID=43004) to work on /opt/airflow/dags/prepare_cv_lac_data_operator.py
[2023-06-09 14:02:18,418] {processor.py:641} INFO - Processing file /opt/airflow/dags/prepare_cv_lac_data_operator.py for tasks to queue
[2023-06-09 14:02:18,419] {logging_mixin.py:115} INFO - [2023-06-09 14:02:18,419] {dagbag.py:508} INFO - Filling up the DagBag from /opt/airflow/dags/prepare_cv_lac_data_operator.py
[2023-06-09 14:02:18,545] {processor.py:653} WARNING - No viable dags retrieved from /opt/airflow/dags/prepare_cv_lac_data_operator.py
[2023-06-09 14:02:18,558] {processor.py:161} INFO - Processing /opt/airflow/dags/prepare_cv_lac_data_operator.py took 0.144 seconds
