[2023-06-09 00:06:47,168] {processor.py:153} INFO - Started process (PID=40612) to work on /opt/airflow/dags/read_scopus_operator.py
[2023-06-09 00:06:47,174] {processor.py:641} INFO - Processing file /opt/airflow/dags/read_scopus_operator.py for tasks to queue
[2023-06-09 00:06:47,185] {logging_mixin.py:115} INFO - [2023-06-09 00:06:47,185] {dagbag.py:508} INFO - Filling up the DagBag from /opt/airflow/dags/read_scopus_operator.py
[2023-06-09 00:06:47,254] {logging_mixin.py:115} INFO - [2023-06-09 00:06:47,242] {log_util.py:40} INFO - Module loaded.
[2023-06-09 00:06:47,753] {logging_mixin.py:115} INFO - [2023-06-09 00:06:47,752] {log_util.py:40} INFO - Module loaded.
[2023-06-09 00:06:47,756] {logging_mixin.py:115} INFO - [2023-06-09 00:06:47,756] {log_util.py:40} INFO - Module loaded.
[2023-06-09 00:06:47,762] {logging_mixin.py:115} INFO - [2023-06-09 00:06:47,761] {log_util.py:40} INFO - Module loaded.
[2023-06-09 00:06:47,765] {logging_mixin.py:115} INFO - [2023-06-09 00:06:47,765] {log_util.py:40} INFO - Module loaded.
[2023-06-09 00:06:47,766] {processor.py:653} WARNING - No viable dags retrieved from /opt/airflow/dags/read_scopus_operator.py
[2023-06-09 00:06:47,794] {processor.py:161} INFO - Processing /opt/airflow/dags/read_scopus_operator.py took 0.642 seconds
[2023-06-09 00:07:18,021] {processor.py:153} INFO - Started process (PID=40655) to work on /opt/airflow/dags/read_scopus_operator.py
[2023-06-09 00:07:18,023] {processor.py:641} INFO - Processing file /opt/airflow/dags/read_scopus_operator.py for tasks to queue
[2023-06-09 00:07:18,024] {logging_mixin.py:115} INFO - [2023-06-09 00:07:18,024] {dagbag.py:508} INFO - Filling up the DagBag from /opt/airflow/dags/read_scopus_operator.py
[2023-06-09 00:07:18,035] {logging_mixin.py:115} INFO - [2023-06-09 00:07:18,034] {log_util.py:40} INFO - Module loaded.
[2023-06-09 00:07:18,229] {logging_mixin.py:115} INFO - [2023-06-09 00:07:18,229] {log_util.py:40} INFO - Module loaded.
[2023-06-09 00:07:18,233] {logging_mixin.py:115} INFO - [2023-06-09 00:07:18,232] {log_util.py:40} INFO - Module loaded.
[2023-06-09 00:07:18,236] {logging_mixin.py:115} INFO - [2023-06-09 00:07:18,235] {log_util.py:40} INFO - Module loaded.
[2023-06-09 00:07:18,238] {logging_mixin.py:115} INFO - [2023-06-09 00:07:18,238] {log_util.py:40} INFO - Module loaded.
[2023-06-09 00:07:18,239] {processor.py:653} WARNING - No viable dags retrieved from /opt/airflow/dags/read_scopus_operator.py
[2023-06-09 00:07:18,259] {processor.py:161} INFO - Processing /opt/airflow/dags/read_scopus_operator.py took 0.245 seconds
[2023-06-09 00:07:48,421] {processor.py:153} INFO - Started process (PID=40698) to work on /opt/airflow/dags/read_scopus_operator.py
[2023-06-09 00:07:48,423] {processor.py:641} INFO - Processing file /opt/airflow/dags/read_scopus_operator.py for tasks to queue
[2023-06-09 00:07:48,424] {logging_mixin.py:115} INFO - [2023-06-09 00:07:48,424] {dagbag.py:508} INFO - Filling up the DagBag from /opt/airflow/dags/read_scopus_operator.py
[2023-06-09 00:07:48,436] {logging_mixin.py:115} INFO - [2023-06-09 00:07:48,435] {log_util.py:40} INFO - Module loaded.
[2023-06-09 00:07:48,652] {logging_mixin.py:115} INFO - [2023-06-09 00:07:48,651] {log_util.py:40} INFO - Module loaded.
[2023-06-09 00:07:48,655] {logging_mixin.py:115} INFO - [2023-06-09 00:07:48,654] {log_util.py:40} INFO - Module loaded.
[2023-06-09 00:07:48,657] {logging_mixin.py:115} INFO - [2023-06-09 00:07:48,657] {log_util.py:40} INFO - Module loaded.
[2023-06-09 00:07:48,660] {logging_mixin.py:115} INFO - [2023-06-09 00:07:48,660] {log_util.py:40} INFO - Module loaded.
[2023-06-09 00:07:48,661] {processor.py:653} WARNING - No viable dags retrieved from /opt/airflow/dags/read_scopus_operator.py
[2023-06-09 00:07:48,681] {processor.py:161} INFO - Processing /opt/airflow/dags/read_scopus_operator.py took 0.265 seconds
[2023-06-09 00:08:19,672] {processor.py:153} INFO - Started process (PID=40741) to work on /opt/airflow/dags/read_scopus_operator.py
[2023-06-09 00:08:19,675] {processor.py:641} INFO - Processing file /opt/airflow/dags/read_scopus_operator.py for tasks to queue
[2023-06-09 00:08:19,677] {logging_mixin.py:115} INFO - [2023-06-09 00:08:19,677] {dagbag.py:508} INFO - Filling up the DagBag from /opt/airflow/dags/read_scopus_operator.py
[2023-06-09 00:08:19,691] {logging_mixin.py:115} INFO - [2023-06-09 00:08:19,690] {log_util.py:40} INFO - Module loaded.
[2023-06-09 00:08:19,926] {logging_mixin.py:115} INFO - [2023-06-09 00:08:19,926] {log_util.py:40} INFO - Module loaded.
[2023-06-09 00:08:19,930] {logging_mixin.py:115} INFO - [2023-06-09 00:08:19,929] {log_util.py:40} INFO - Module loaded.
[2023-06-09 00:08:19,932] {logging_mixin.py:115} INFO - [2023-06-09 00:08:19,932] {log_util.py:40} INFO - Module loaded.
[2023-06-09 00:08:19,935] {logging_mixin.py:115} INFO - [2023-06-09 00:08:19,934] {log_util.py:40} INFO - Module loaded.
[2023-06-09 00:08:19,936] {processor.py:653} WARNING - No viable dags retrieved from /opt/airflow/dags/read_scopus_operator.py
[2023-06-09 00:08:19,978] {processor.py:161} INFO - Processing /opt/airflow/dags/read_scopus_operator.py took 0.328 seconds
[2023-06-09 00:08:50,113] {processor.py:153} INFO - Started process (PID=40784) to work on /opt/airflow/dags/read_scopus_operator.py
[2023-06-09 00:08:50,115] {processor.py:641} INFO - Processing file /opt/airflow/dags/read_scopus_operator.py for tasks to queue
[2023-06-09 00:08:50,116] {logging_mixin.py:115} INFO - [2023-06-09 00:08:50,116] {dagbag.py:508} INFO - Filling up the DagBag from /opt/airflow/dags/read_scopus_operator.py
[2023-06-09 00:08:50,128] {logging_mixin.py:115} INFO - [2023-06-09 00:08:50,128] {log_util.py:40} INFO - Module loaded.
[2023-06-09 00:08:50,323] {logging_mixin.py:115} INFO - [2023-06-09 00:08:50,322] {log_util.py:40} INFO - Module loaded.
[2023-06-09 00:08:50,325] {logging_mixin.py:115} INFO - [2023-06-09 00:08:50,325] {log_util.py:40} INFO - Module loaded.
[2023-06-09 00:08:50,328] {logging_mixin.py:115} INFO - [2023-06-09 00:08:50,327] {log_util.py:40} INFO - Module loaded.
[2023-06-09 00:08:50,330] {logging_mixin.py:115} INFO - [2023-06-09 00:08:50,329] {log_util.py:40} INFO - Module loaded.
[2023-06-09 00:08:50,331] {processor.py:653} WARNING - No viable dags retrieved from /opt/airflow/dags/read_scopus_operator.py
[2023-06-09 00:08:50,347] {processor.py:161} INFO - Processing /opt/airflow/dags/read_scopus_operator.py took 0.238 seconds
[2023-06-09 00:09:21,313] {processor.py:153} INFO - Started process (PID=40818) to work on /opt/airflow/dags/read_scopus_operator.py
[2023-06-09 00:09:21,315] {processor.py:641} INFO - Processing file /opt/airflow/dags/read_scopus_operator.py for tasks to queue
[2023-06-09 00:09:21,316] {logging_mixin.py:115} INFO - [2023-06-09 00:09:21,316] {dagbag.py:508} INFO - Filling up the DagBag from /opt/airflow/dags/read_scopus_operator.py
[2023-06-09 00:09:21,326] {logging_mixin.py:115} INFO - [2023-06-09 00:09:21,325] {log_util.py:40} INFO - Module loaded.
[2023-06-09 00:09:21,474] {logging_mixin.py:115} INFO - [2023-06-09 00:09:21,473] {log_util.py:40} INFO - Module loaded.
[2023-06-09 00:09:21,477] {logging_mixin.py:115} INFO - [2023-06-09 00:09:21,476] {log_util.py:40} INFO - Module loaded.
[2023-06-09 00:09:21,479] {logging_mixin.py:115} INFO - [2023-06-09 00:09:21,479] {log_util.py:40} INFO - Module loaded.
[2023-06-09 00:09:21,482] {logging_mixin.py:115} INFO - [2023-06-09 00:09:21,481] {log_util.py:40} INFO - Module loaded.
[2023-06-09 00:09:21,483] {processor.py:653} WARNING - No viable dags retrieved from /opt/airflow/dags/read_scopus_operator.py
[2023-06-09 00:09:21,499] {processor.py:161} INFO - Processing /opt/airflow/dags/read_scopus_operator.py took 0.190 seconds
[2023-06-09 00:09:52,396] {processor.py:153} INFO - Started process (PID=40861) to work on /opt/airflow/dags/read_scopus_operator.py
[2023-06-09 00:09:52,398] {processor.py:641} INFO - Processing file /opt/airflow/dags/read_scopus_operator.py for tasks to queue
[2023-06-09 00:09:52,399] {logging_mixin.py:115} INFO - [2023-06-09 00:09:52,399] {dagbag.py:508} INFO - Filling up the DagBag from /opt/airflow/dags/read_scopus_operator.py
[2023-06-09 00:09:52,414] {logging_mixin.py:115} INFO - [2023-06-09 00:09:52,413] {log_util.py:40} INFO - Module loaded.
[2023-06-09 00:09:52,676] {logging_mixin.py:115} INFO - [2023-06-09 00:09:52,675] {log_util.py:40} INFO - Module loaded.
[2023-06-09 00:09:52,680] {logging_mixin.py:115} INFO - [2023-06-09 00:09:52,679] {log_util.py:40} INFO - Module loaded.
[2023-06-09 00:09:52,683] {logging_mixin.py:115} INFO - [2023-06-09 00:09:52,682] {log_util.py:40} INFO - Module loaded.
[2023-06-09 00:09:52,686] {logging_mixin.py:115} INFO - [2023-06-09 00:09:52,685] {log_util.py:40} INFO - Module loaded.
[2023-06-09 00:09:52,686] {processor.py:653} WARNING - No viable dags retrieved from /opt/airflow/dags/read_scopus_operator.py
[2023-06-09 00:09:52,718] {processor.py:161} INFO - Processing /opt/airflow/dags/read_scopus_operator.py took 0.328 seconds
[2023-06-09 00:10:23,617] {processor.py:153} INFO - Started process (PID=40904) to work on /opt/airflow/dags/read_scopus_operator.py
[2023-06-09 00:10:23,619] {processor.py:641} INFO - Processing file /opt/airflow/dags/read_scopus_operator.py for tasks to queue
[2023-06-09 00:10:23,620] {logging_mixin.py:115} INFO - [2023-06-09 00:10:23,620] {dagbag.py:508} INFO - Filling up the DagBag from /opt/airflow/dags/read_scopus_operator.py
[2023-06-09 00:10:23,631] {logging_mixin.py:115} INFO - [2023-06-09 00:10:23,630] {log_util.py:40} INFO - Module loaded.
[2023-06-09 00:10:23,814] {logging_mixin.py:115} INFO - [2023-06-09 00:10:23,813] {log_util.py:40} INFO - Module loaded.
[2023-06-09 00:10:23,817] {logging_mixin.py:115} INFO - [2023-06-09 00:10:23,816] {log_util.py:40} INFO - Module loaded.
[2023-06-09 00:10:23,819] {logging_mixin.py:115} INFO - [2023-06-09 00:10:23,818] {log_util.py:40} INFO - Module loaded.
[2023-06-09 00:10:23,821] {logging_mixin.py:115} INFO - [2023-06-09 00:10:23,821] {log_util.py:40} INFO - Module loaded.
[2023-06-09 00:10:23,822] {processor.py:653} WARNING - No viable dags retrieved from /opt/airflow/dags/read_scopus_operator.py
[2023-06-09 00:10:23,842] {processor.py:161} INFO - Processing /opt/airflow/dags/read_scopus_operator.py took 0.230 seconds
[2023-06-09 00:10:54,623] {processor.py:153} INFO - Started process (PID=40947) to work on /opt/airflow/dags/read_scopus_operator.py
[2023-06-09 00:10:54,626] {processor.py:641} INFO - Processing file /opt/airflow/dags/read_scopus_operator.py for tasks to queue
[2023-06-09 00:10:54,627] {logging_mixin.py:115} INFO - [2023-06-09 00:10:54,627] {dagbag.py:508} INFO - Filling up the DagBag from /opt/airflow/dags/read_scopus_operator.py
[2023-06-09 00:10:54,639] {logging_mixin.py:115} INFO - [2023-06-09 00:10:54,638] {log_util.py:40} INFO - Module loaded.
[2023-06-09 00:10:54,775] {logging_mixin.py:115} INFO - [2023-06-09 00:10:54,774] {log_util.py:40} INFO - Module loaded.
[2023-06-09 00:10:54,778] {logging_mixin.py:115} INFO - [2023-06-09 00:10:54,777] {log_util.py:40} INFO - Module loaded.
[2023-06-09 00:10:54,780] {logging_mixin.py:115} INFO - [2023-06-09 00:10:54,780] {log_util.py:40} INFO - Module loaded.
[2023-06-09 00:10:54,783] {logging_mixin.py:115} INFO - [2023-06-09 00:10:54,782] {log_util.py:40} INFO - Module loaded.
[2023-06-09 00:10:54,783] {processor.py:653} WARNING - No viable dags retrieved from /opt/airflow/dags/read_scopus_operator.py
[2023-06-09 00:10:54,797] {processor.py:161} INFO - Processing /opt/airflow/dags/read_scopus_operator.py took 0.182 seconds
[2023-06-09 00:11:25,608] {processor.py:153} INFO - Started process (PID=40990) to work on /opt/airflow/dags/read_scopus_operator.py
[2023-06-09 00:11:25,612] {processor.py:641} INFO - Processing file /opt/airflow/dags/read_scopus_operator.py for tasks to queue
[2023-06-09 00:11:25,613] {logging_mixin.py:115} INFO - [2023-06-09 00:11:25,612] {dagbag.py:508} INFO - Filling up the DagBag from /opt/airflow/dags/read_scopus_operator.py
[2023-06-09 00:11:25,621] {logging_mixin.py:115} INFO - [2023-06-09 00:11:25,621] {log_util.py:40} INFO - Module loaded.
[2023-06-09 00:11:25,781] {logging_mixin.py:115} INFO - [2023-06-09 00:11:25,780] {log_util.py:40} INFO - Module loaded.
[2023-06-09 00:11:25,784] {logging_mixin.py:115} INFO - [2023-06-09 00:11:25,784] {log_util.py:40} INFO - Module loaded.
[2023-06-09 00:11:25,786] {logging_mixin.py:115} INFO - [2023-06-09 00:11:25,786] {log_util.py:40} INFO - Module loaded.
[2023-06-09 00:11:25,789] {logging_mixin.py:115} INFO - [2023-06-09 00:11:25,788] {log_util.py:40} INFO - Module loaded.
[2023-06-09 00:11:25,790] {processor.py:653} WARNING - No viable dags retrieved from /opt/airflow/dags/read_scopus_operator.py
[2023-06-09 00:11:25,807] {processor.py:161} INFO - Processing /opt/airflow/dags/read_scopus_operator.py took 0.204 seconds
[2023-06-09 00:11:56,652] {processor.py:153} INFO - Started process (PID=41032) to work on /opt/airflow/dags/read_scopus_operator.py
[2023-06-09 00:11:56,654] {processor.py:641} INFO - Processing file /opt/airflow/dags/read_scopus_operator.py for tasks to queue
[2023-06-09 00:11:56,655] {logging_mixin.py:115} INFO - [2023-06-09 00:11:56,655] {dagbag.py:508} INFO - Filling up the DagBag from /opt/airflow/dags/read_scopus_operator.py
[2023-06-09 00:11:56,668] {logging_mixin.py:115} INFO - [2023-06-09 00:11:56,668] {log_util.py:40} INFO - Module loaded.
[2023-06-09 00:11:56,797] {logging_mixin.py:115} INFO - [2023-06-09 00:11:56,796] {log_util.py:40} INFO - Module loaded.
[2023-06-09 00:11:56,800] {logging_mixin.py:115} INFO - [2023-06-09 00:11:56,799] {log_util.py:40} INFO - Module loaded.
[2023-06-09 00:11:56,802] {logging_mixin.py:115} INFO - [2023-06-09 00:11:56,801] {log_util.py:40} INFO - Module loaded.
[2023-06-09 00:11:56,804] {logging_mixin.py:115} INFO - [2023-06-09 00:11:56,804] {log_util.py:40} INFO - Module loaded.
[2023-06-09 00:11:56,805] {processor.py:653} WARNING - No viable dags retrieved from /opt/airflow/dags/read_scopus_operator.py
[2023-06-09 00:11:56,819] {processor.py:161} INFO - Processing /opt/airflow/dags/read_scopus_operator.py took 0.173 seconds
[2023-06-09 00:12:27,609] {processor.py:153} INFO - Started process (PID=41075) to work on /opt/airflow/dags/read_scopus_operator.py
[2023-06-09 00:12:27,612] {processor.py:641} INFO - Processing file /opt/airflow/dags/read_scopus_operator.py for tasks to queue
[2023-06-09 00:12:27,613] {logging_mixin.py:115} INFO - [2023-06-09 00:12:27,613] {dagbag.py:508} INFO - Filling up the DagBag from /opt/airflow/dags/read_scopus_operator.py
[2023-06-09 00:12:27,625] {logging_mixin.py:115} INFO - [2023-06-09 00:12:27,625] {log_util.py:40} INFO - Module loaded.
[2023-06-09 00:12:27,754] {logging_mixin.py:115} INFO - [2023-06-09 00:12:27,753] {log_util.py:40} INFO - Module loaded.
[2023-06-09 00:12:27,757] {logging_mixin.py:115} INFO - [2023-06-09 00:12:27,757] {log_util.py:40} INFO - Module loaded.
[2023-06-09 00:12:27,760] {logging_mixin.py:115} INFO - [2023-06-09 00:12:27,759] {log_util.py:40} INFO - Module loaded.
[2023-06-09 00:12:27,762] {logging_mixin.py:115} INFO - [2023-06-09 00:12:27,762] {log_util.py:40} INFO - Module loaded.
[2023-06-09 00:12:27,763] {processor.py:653} WARNING - No viable dags retrieved from /opt/airflow/dags/read_scopus_operator.py
[2023-06-09 00:12:27,777] {processor.py:161} INFO - Processing /opt/airflow/dags/read_scopus_operator.py took 0.174 seconds
[2023-06-09 00:12:58,507] {processor.py:153} INFO - Started process (PID=41116) to work on /opt/airflow/dags/read_scopus_operator.py
[2023-06-09 00:12:58,509] {processor.py:641} INFO - Processing file /opt/airflow/dags/read_scopus_operator.py for tasks to queue
[2023-06-09 00:12:58,510] {logging_mixin.py:115} INFO - [2023-06-09 00:12:58,510] {dagbag.py:508} INFO - Filling up the DagBag from /opt/airflow/dags/read_scopus_operator.py
[2023-06-09 00:12:58,523] {logging_mixin.py:115} INFO - [2023-06-09 00:12:58,522] {log_util.py:40} INFO - Module loaded.
[2023-06-09 00:12:58,694] {logging_mixin.py:115} INFO - [2023-06-09 00:12:58,692] {log_util.py:40} INFO - Module loaded.
[2023-06-09 00:12:58,697] {logging_mixin.py:115} INFO - [2023-06-09 00:12:58,696] {log_util.py:40} INFO - Module loaded.
[2023-06-09 00:12:58,700] {logging_mixin.py:115} INFO - [2023-06-09 00:12:58,699] {log_util.py:40} INFO - Module loaded.
[2023-06-09 00:12:58,703] {logging_mixin.py:115} INFO - [2023-06-09 00:12:58,702] {log_util.py:40} INFO - Module loaded.
[2023-06-09 00:12:58,704] {processor.py:653} WARNING - No viable dags retrieved from /opt/airflow/dags/read_scopus_operator.py
[2023-06-09 00:12:58,721] {processor.py:161} INFO - Processing /opt/airflow/dags/read_scopus_operator.py took 0.219 seconds
[2023-06-09 00:13:29,664] {processor.py:153} INFO - Started process (PID=41151) to work on /opt/airflow/dags/read_scopus_operator.py
[2023-06-09 00:13:29,665] {processor.py:641} INFO - Processing file /opt/airflow/dags/read_scopus_operator.py for tasks to queue
[2023-06-09 00:13:29,666] {logging_mixin.py:115} INFO - [2023-06-09 00:13:29,666] {dagbag.py:508} INFO - Filling up the DagBag from /opt/airflow/dags/read_scopus_operator.py
[2023-06-09 00:13:29,674] {logging_mixin.py:115} INFO - [2023-06-09 00:13:29,673] {log_util.py:40} INFO - Module loaded.
[2023-06-09 00:13:29,807] {logging_mixin.py:115} INFO - [2023-06-09 00:13:29,807] {log_util.py:40} INFO - Module loaded.
[2023-06-09 00:13:29,810] {logging_mixin.py:115} INFO - [2023-06-09 00:13:29,809] {log_util.py:40} INFO - Module loaded.
[2023-06-09 00:13:29,812] {logging_mixin.py:115} INFO - [2023-06-09 00:13:29,812] {log_util.py:40} INFO - Module loaded.
[2023-06-09 00:13:29,814] {logging_mixin.py:115} INFO - [2023-06-09 00:13:29,814] {log_util.py:40} INFO - Module loaded.
[2023-06-09 00:13:29,815] {processor.py:653} WARNING - No viable dags retrieved from /opt/airflow/dags/read_scopus_operator.py
[2023-06-09 00:13:29,829] {processor.py:161} INFO - Processing /opt/airflow/dags/read_scopus_operator.py took 0.169 seconds
[2023-06-09 00:14:00,607] {processor.py:153} INFO - Started process (PID=41193) to work on /opt/airflow/dags/read_scopus_operator.py
[2023-06-09 00:14:00,610] {processor.py:641} INFO - Processing file /opt/airflow/dags/read_scopus_operator.py for tasks to queue
[2023-06-09 00:14:00,612] {logging_mixin.py:115} INFO - [2023-06-09 00:14:00,612] {dagbag.py:508} INFO - Filling up the DagBag from /opt/airflow/dags/read_scopus_operator.py
[2023-06-09 00:14:00,626] {logging_mixin.py:115} INFO - [2023-06-09 00:14:00,625] {log_util.py:40} INFO - Module loaded.
[2023-06-09 00:14:00,753] {logging_mixin.py:115} INFO - [2023-06-09 00:14:00,752] {log_util.py:40} INFO - Module loaded.
[2023-06-09 00:14:00,756] {logging_mixin.py:115} INFO - [2023-06-09 00:14:00,755] {log_util.py:40} INFO - Module loaded.
[2023-06-09 00:14:00,758] {logging_mixin.py:115} INFO - [2023-06-09 00:14:00,757] {log_util.py:40} INFO - Module loaded.
[2023-06-09 00:14:00,761] {logging_mixin.py:115} INFO - [2023-06-09 00:14:00,761] {log_util.py:40} INFO - Module loaded.
[2023-06-09 00:14:00,762] {processor.py:653} WARNING - No viable dags retrieved from /opt/airflow/dags/read_scopus_operator.py
[2023-06-09 00:14:00,777] {processor.py:161} INFO - Processing /opt/airflow/dags/read_scopus_operator.py took 0.179 seconds
[2023-06-09 00:14:31,554] {processor.py:153} INFO - Started process (PID=41236) to work on /opt/airflow/dags/read_scopus_operator.py
[2023-06-09 00:14:31,557] {processor.py:641} INFO - Processing file /opt/airflow/dags/read_scopus_operator.py for tasks to queue
[2023-06-09 00:14:31,558] {logging_mixin.py:115} INFO - [2023-06-09 00:14:31,558] {dagbag.py:508} INFO - Filling up the DagBag from /opt/airflow/dags/read_scopus_operator.py
[2023-06-09 00:14:31,571] {logging_mixin.py:115} INFO - [2023-06-09 00:14:31,569] {log_util.py:40} INFO - Module loaded.
[2023-06-09 00:14:31,702] {logging_mixin.py:115} INFO - [2023-06-09 00:14:31,701] {log_util.py:40} INFO - Module loaded.
[2023-06-09 00:14:31,704] {logging_mixin.py:115} INFO - [2023-06-09 00:14:31,703] {log_util.py:40} INFO - Module loaded.
[2023-06-09 00:14:31,707] {logging_mixin.py:115} INFO - [2023-06-09 00:14:31,706] {log_util.py:40} INFO - Module loaded.
[2023-06-09 00:14:31,709] {logging_mixin.py:115} INFO - [2023-06-09 00:14:31,709] {log_util.py:40} INFO - Module loaded.
[2023-06-09 00:14:31,710] {processor.py:653} WARNING - No viable dags retrieved from /opt/airflow/dags/read_scopus_operator.py
[2023-06-09 00:14:31,723] {processor.py:161} INFO - Processing /opt/airflow/dags/read_scopus_operator.py took 0.175 seconds
[2023-06-09 00:15:02,487] {processor.py:153} INFO - Started process (PID=41279) to work on /opt/airflow/dags/read_scopus_operator.py
[2023-06-09 00:15:02,489] {processor.py:641} INFO - Processing file /opt/airflow/dags/read_scopus_operator.py for tasks to queue
[2023-06-09 00:15:02,492] {logging_mixin.py:115} INFO - [2023-06-09 00:15:02,492] {dagbag.py:508} INFO - Filling up the DagBag from /opt/airflow/dags/read_scopus_operator.py
[2023-06-09 00:15:02,523] {logging_mixin.py:115} INFO - [2023-06-09 00:15:02,521] {log_util.py:40} INFO - Module loaded.
[2023-06-09 00:15:02,757] {logging_mixin.py:115} INFO - [2023-06-09 00:15:02,756] {log_util.py:40} INFO - Module loaded.
[2023-06-09 00:15:02,760] {logging_mixin.py:115} INFO - [2023-06-09 00:15:02,759] {log_util.py:40} INFO - Module loaded.
[2023-06-09 00:15:02,762] {logging_mixin.py:115} INFO - [2023-06-09 00:15:02,762] {log_util.py:40} INFO - Module loaded.
[2023-06-09 00:15:02,765] {logging_mixin.py:115} INFO - [2023-06-09 00:15:02,764] {log_util.py:40} INFO - Module loaded.
[2023-06-09 00:15:02,766] {processor.py:653} WARNING - No viable dags retrieved from /opt/airflow/dags/read_scopus_operator.py
[2023-06-09 00:15:02,800] {processor.py:161} INFO - Processing /opt/airflow/dags/read_scopus_operator.py took 0.318 seconds
[2023-06-09 00:15:33,624] {processor.py:153} INFO - Started process (PID=41321) to work on /opt/airflow/dags/read_scopus_operator.py
[2023-06-09 00:15:33,627] {processor.py:641} INFO - Processing file /opt/airflow/dags/read_scopus_operator.py for tasks to queue
[2023-06-09 00:15:33,628] {logging_mixin.py:115} INFO - [2023-06-09 00:15:33,628] {dagbag.py:508} INFO - Filling up the DagBag from /opt/airflow/dags/read_scopus_operator.py
[2023-06-09 00:15:33,644] {logging_mixin.py:115} INFO - [2023-06-09 00:15:33,643] {log_util.py:40} INFO - Module loaded.
[2023-06-09 00:15:33,771] {logging_mixin.py:115} INFO - [2023-06-09 00:15:33,770] {log_util.py:40} INFO - Module loaded.
[2023-06-09 00:15:33,773] {logging_mixin.py:115} INFO - [2023-06-09 00:15:33,773] {log_util.py:40} INFO - Module loaded.
[2023-06-09 00:15:33,776] {logging_mixin.py:115} INFO - [2023-06-09 00:15:33,775] {log_util.py:40} INFO - Module loaded.
[2023-06-09 00:15:33,778] {logging_mixin.py:115} INFO - [2023-06-09 00:15:33,778] {log_util.py:40} INFO - Module loaded.
[2023-06-09 00:15:33,779] {processor.py:653} WARNING - No viable dags retrieved from /opt/airflow/dags/read_scopus_operator.py
[2023-06-09 00:15:33,792] {processor.py:161} INFO - Processing /opt/airflow/dags/read_scopus_operator.py took 0.175 seconds
[2023-06-09 00:16:04,486] {processor.py:153} INFO - Started process (PID=41364) to work on /opt/airflow/dags/read_scopus_operator.py
[2023-06-09 00:16:04,488] {processor.py:641} INFO - Processing file /opt/airflow/dags/read_scopus_operator.py for tasks to queue
[2023-06-09 00:16:04,489] {logging_mixin.py:115} INFO - [2023-06-09 00:16:04,489] {dagbag.py:508} INFO - Filling up the DagBag from /opt/airflow/dags/read_scopus_operator.py
[2023-06-09 00:16:04,499] {logging_mixin.py:115} INFO - [2023-06-09 00:16:04,498] {log_util.py:40} INFO - Module loaded.
[2023-06-09 00:16:04,635] {logging_mixin.py:115} INFO - [2023-06-09 00:16:04,634] {log_util.py:40} INFO - Module loaded.
[2023-06-09 00:16:04,638] {logging_mixin.py:115} INFO - [2023-06-09 00:16:04,637] {log_util.py:40} INFO - Module loaded.
[2023-06-09 00:16:04,640] {logging_mixin.py:115} INFO - [2023-06-09 00:16:04,640] {log_util.py:40} INFO - Module loaded.
[2023-06-09 00:16:04,643] {logging_mixin.py:115} INFO - [2023-06-09 00:16:04,642] {log_util.py:40} INFO - Module loaded.
[2023-06-09 00:16:04,644] {processor.py:653} WARNING - No viable dags retrieved from /opt/airflow/dags/read_scopus_operator.py
[2023-06-09 00:16:04,658] {processor.py:161} INFO - Processing /opt/airflow/dags/read_scopus_operator.py took 0.176 seconds
[2023-06-09 00:16:35,405] {processor.py:153} INFO - Started process (PID=41407) to work on /opt/airflow/dags/read_scopus_operator.py
[2023-06-09 00:16:35,408] {processor.py:641} INFO - Processing file /opt/airflow/dags/read_scopus_operator.py for tasks to queue
[2023-06-09 00:16:35,409] {logging_mixin.py:115} INFO - [2023-06-09 00:16:35,409] {dagbag.py:508} INFO - Filling up the DagBag from /opt/airflow/dags/read_scopus_operator.py
[2023-06-09 00:16:35,420] {logging_mixin.py:115} INFO - [2023-06-09 00:16:35,419] {log_util.py:40} INFO - Module loaded.
[2023-06-09 00:16:35,595] {logging_mixin.py:115} INFO - [2023-06-09 00:16:35,593] {log_util.py:40} INFO - Module loaded.
[2023-06-09 00:16:35,600] {logging_mixin.py:115} INFO - [2023-06-09 00:16:35,600] {log_util.py:40} INFO - Module loaded.
[2023-06-09 00:16:35,603] {logging_mixin.py:115} INFO - [2023-06-09 00:16:35,602] {log_util.py:40} INFO - Module loaded.
[2023-06-09 00:16:35,606] {logging_mixin.py:115} INFO - [2023-06-09 00:16:35,605] {log_util.py:40} INFO - Module loaded.
[2023-06-09 00:16:35,607] {processor.py:653} WARNING - No viable dags retrieved from /opt/airflow/dags/read_scopus_operator.py
[2023-06-09 00:16:35,626] {processor.py:161} INFO - Processing /opt/airflow/dags/read_scopus_operator.py took 0.225 seconds
[2023-06-09 00:17:06,544] {processor.py:153} INFO - Started process (PID=41441) to work on /opt/airflow/dags/read_scopus_operator.py
[2023-06-09 00:17:06,547] {processor.py:641} INFO - Processing file /opt/airflow/dags/read_scopus_operator.py for tasks to queue
[2023-06-09 00:17:06,548] {logging_mixin.py:115} INFO - [2023-06-09 00:17:06,548] {dagbag.py:508} INFO - Filling up the DagBag from /opt/airflow/dags/read_scopus_operator.py
[2023-06-09 00:17:06,561] {logging_mixin.py:115} INFO - [2023-06-09 00:17:06,560] {log_util.py:40} INFO - Module loaded.
[2023-06-09 00:17:06,723] {logging_mixin.py:115} INFO - [2023-06-09 00:17:06,721] {log_util.py:40} INFO - Module loaded.
[2023-06-09 00:17:06,726] {logging_mixin.py:115} INFO - [2023-06-09 00:17:06,725] {log_util.py:40} INFO - Module loaded.
[2023-06-09 00:17:06,728] {logging_mixin.py:115} INFO - [2023-06-09 00:17:06,727] {log_util.py:40} INFO - Module loaded.
[2023-06-09 00:17:06,730] {logging_mixin.py:115} INFO - [2023-06-09 00:17:06,730] {log_util.py:40} INFO - Module loaded.
[2023-06-09 00:17:06,731] {processor.py:653} WARNING - No viable dags retrieved from /opt/airflow/dags/read_scopus_operator.py
[2023-06-09 00:17:06,746] {processor.py:161} INFO - Processing /opt/airflow/dags/read_scopus_operator.py took 0.210 seconds
[2023-06-09 00:17:37,489] {processor.py:153} INFO - Started process (PID=41485) to work on /opt/airflow/dags/read_scopus_operator.py
[2023-06-09 00:17:37,492] {processor.py:641} INFO - Processing file /opt/airflow/dags/read_scopus_operator.py for tasks to queue
[2023-06-09 00:17:37,494] {logging_mixin.py:115} INFO - [2023-06-09 00:17:37,494] {dagbag.py:508} INFO - Filling up the DagBag from /opt/airflow/dags/read_scopus_operator.py
[2023-06-09 00:17:37,507] {logging_mixin.py:115} INFO - [2023-06-09 00:17:37,506] {log_util.py:40} INFO - Module loaded.
[2023-06-09 00:17:37,645] {logging_mixin.py:115} INFO - [2023-06-09 00:17:37,645] {log_util.py:40} INFO - Module loaded.
[2023-06-09 00:17:37,648] {logging_mixin.py:115} INFO - [2023-06-09 00:17:37,648] {log_util.py:40} INFO - Module loaded.
[2023-06-09 00:17:37,650] {logging_mixin.py:115} INFO - [2023-06-09 00:17:37,650] {log_util.py:40} INFO - Module loaded.
[2023-06-09 00:17:37,652] {logging_mixin.py:115} INFO - [2023-06-09 00:17:37,652] {log_util.py:40} INFO - Module loaded.
[2023-06-09 00:17:37,653] {processor.py:653} WARNING - No viable dags retrieved from /opt/airflow/dags/read_scopus_operator.py
[2023-06-09 00:17:37,671] {processor.py:161} INFO - Processing /opt/airflow/dags/read_scopus_operator.py took 0.192 seconds
[2023-06-09 00:18:08,423] {processor.py:153} INFO - Started process (PID=41528) to work on /opt/airflow/dags/read_scopus_operator.py
[2023-06-09 00:18:08,425] {processor.py:641} INFO - Processing file /opt/airflow/dags/read_scopus_operator.py for tasks to queue
[2023-06-09 00:18:08,426] {logging_mixin.py:115} INFO - [2023-06-09 00:18:08,426] {dagbag.py:508} INFO - Filling up the DagBag from /opt/airflow/dags/read_scopus_operator.py
[2023-06-09 00:18:08,437] {logging_mixin.py:115} INFO - [2023-06-09 00:18:08,436] {log_util.py:40} INFO - Module loaded.
[2023-06-09 00:18:08,564] {logging_mixin.py:115} INFO - [2023-06-09 00:18:08,563] {log_util.py:40} INFO - Module loaded.
[2023-06-09 00:18:08,567] {logging_mixin.py:115} INFO - [2023-06-09 00:18:08,566] {log_util.py:40} INFO - Module loaded.
[2023-06-09 00:18:08,569] {logging_mixin.py:115} INFO - [2023-06-09 00:18:08,568] {log_util.py:40} INFO - Module loaded.
[2023-06-09 00:18:08,571] {logging_mixin.py:115} INFO - [2023-06-09 00:18:08,570] {log_util.py:40} INFO - Module loaded.
[2023-06-09 00:18:08,572] {processor.py:653} WARNING - No viable dags retrieved from /opt/airflow/dags/read_scopus_operator.py
[2023-06-09 00:18:08,586] {processor.py:161} INFO - Processing /opt/airflow/dags/read_scopus_operator.py took 0.170 seconds
[2023-06-09 00:18:39,336] {processor.py:153} INFO - Started process (PID=41572) to work on /opt/airflow/dags/read_scopus_operator.py
[2023-06-09 00:18:39,338] {processor.py:641} INFO - Processing file /opt/airflow/dags/read_scopus_operator.py for tasks to queue
[2023-06-09 00:18:39,339] {logging_mixin.py:115} INFO - [2023-06-09 00:18:39,339] {dagbag.py:508} INFO - Filling up the DagBag from /opt/airflow/dags/read_scopus_operator.py
[2023-06-09 00:18:39,350] {logging_mixin.py:115} INFO - [2023-06-09 00:18:39,349] {log_util.py:40} INFO - Module loaded.
[2023-06-09 00:18:39,509] {logging_mixin.py:115} INFO - [2023-06-09 00:18:39,508] {log_util.py:40} INFO - Module loaded.
[2023-06-09 00:18:39,512] {logging_mixin.py:115} INFO - [2023-06-09 00:18:39,511] {log_util.py:40} INFO - Module loaded.
[2023-06-09 00:18:39,515] {logging_mixin.py:115} INFO - [2023-06-09 00:18:39,514] {log_util.py:40} INFO - Module loaded.
[2023-06-09 00:18:39,517] {logging_mixin.py:115} INFO - [2023-06-09 00:18:39,517] {log_util.py:40} INFO - Module loaded.
[2023-06-09 00:18:39,518] {processor.py:653} WARNING - No viable dags retrieved from /opt/airflow/dags/read_scopus_operator.py
[2023-06-09 00:18:39,534] {processor.py:161} INFO - Processing /opt/airflow/dags/read_scopus_operator.py took 0.202 seconds
[2023-06-09 00:19:10,343] {processor.py:153} INFO - Started process (PID=41615) to work on /opt/airflow/dags/read_scopus_operator.py
[2023-06-09 00:19:10,346] {processor.py:641} INFO - Processing file /opt/airflow/dags/read_scopus_operator.py for tasks to queue
[2023-06-09 00:19:10,348] {logging_mixin.py:115} INFO - [2023-06-09 00:19:10,348] {dagbag.py:508} INFO - Filling up the DagBag from /opt/airflow/dags/read_scopus_operator.py
[2023-06-09 00:19:10,365] {logging_mixin.py:115} INFO - [2023-06-09 00:19:10,363] {log_util.py:40} INFO - Module loaded.
[2023-06-09 00:19:10,499] {logging_mixin.py:115} INFO - [2023-06-09 00:19:10,498] {log_util.py:40} INFO - Module loaded.
[2023-06-09 00:19:10,503] {logging_mixin.py:115} INFO - [2023-06-09 00:19:10,502] {log_util.py:40} INFO - Module loaded.
[2023-06-09 00:19:10,505] {logging_mixin.py:115} INFO - [2023-06-09 00:19:10,505] {log_util.py:40} INFO - Module loaded.
[2023-06-09 00:19:10,508] {logging_mixin.py:115} INFO - [2023-06-09 00:19:10,507] {log_util.py:40} INFO - Module loaded.
[2023-06-09 00:19:10,508] {processor.py:653} WARNING - No viable dags retrieved from /opt/airflow/dags/read_scopus_operator.py
[2023-06-09 00:19:10,521] {processor.py:161} INFO - Processing /opt/airflow/dags/read_scopus_operator.py took 0.185 seconds
[2023-06-09 00:19:41,293] {processor.py:153} INFO - Started process (PID=41657) to work on /opt/airflow/dags/read_scopus_operator.py
[2023-06-09 00:19:41,295] {processor.py:641} INFO - Processing file /opt/airflow/dags/read_scopus_operator.py for tasks to queue
[2023-06-09 00:19:41,296] {logging_mixin.py:115} INFO - [2023-06-09 00:19:41,296] {dagbag.py:508} INFO - Filling up the DagBag from /opt/airflow/dags/read_scopus_operator.py
[2023-06-09 00:19:41,304] {logging_mixin.py:115} INFO - [2023-06-09 00:19:41,304] {log_util.py:40} INFO - Module loaded.
[2023-06-09 00:19:41,445] {logging_mixin.py:115} INFO - [2023-06-09 00:19:41,444] {log_util.py:40} INFO - Module loaded.
[2023-06-09 00:19:41,448] {logging_mixin.py:115} INFO - [2023-06-09 00:19:41,447] {log_util.py:40} INFO - Module loaded.
[2023-06-09 00:19:41,450] {logging_mixin.py:115} INFO - [2023-06-09 00:19:41,450] {log_util.py:40} INFO - Module loaded.
[2023-06-09 00:19:41,453] {logging_mixin.py:115} INFO - [2023-06-09 00:19:41,452] {log_util.py:40} INFO - Module loaded.
[2023-06-09 00:19:41,454] {processor.py:653} WARNING - No viable dags retrieved from /opt/airflow/dags/read_scopus_operator.py
[2023-06-09 00:19:41,468] {processor.py:161} INFO - Processing /opt/airflow/dags/read_scopus_operator.py took 0.178 seconds
[2023-06-09 00:20:12,349] {processor.py:153} INFO - Started process (PID=41700) to work on /opt/airflow/dags/read_scopus_operator.py
[2023-06-09 00:20:12,350] {processor.py:641} INFO - Processing file /opt/airflow/dags/read_scopus_operator.py for tasks to queue
[2023-06-09 00:20:12,351] {logging_mixin.py:115} INFO - [2023-06-09 00:20:12,351] {dagbag.py:508} INFO - Filling up the DagBag from /opt/airflow/dags/read_scopus_operator.py
[2023-06-09 00:20:12,362] {logging_mixin.py:115} INFO - [2023-06-09 00:20:12,362] {log_util.py:40} INFO - Module loaded.
[2023-06-09 00:20:12,537] {logging_mixin.py:115} INFO - [2023-06-09 00:20:12,536] {log_util.py:40} INFO - Module loaded.
[2023-06-09 00:20:12,540] {logging_mixin.py:115} INFO - [2023-06-09 00:20:12,539] {log_util.py:40} INFO - Module loaded.
[2023-06-09 00:20:12,542] {logging_mixin.py:115} INFO - [2023-06-09 00:20:12,541] {log_util.py:40} INFO - Module loaded.
[2023-06-09 00:20:12,545] {logging_mixin.py:115} INFO - [2023-06-09 00:20:12,545] {log_util.py:40} INFO - Module loaded.
[2023-06-09 00:20:12,546] {processor.py:653} WARNING - No viable dags retrieved from /opt/airflow/dags/read_scopus_operator.py
[2023-06-09 00:20:12,562] {processor.py:161} INFO - Processing /opt/airflow/dags/read_scopus_operator.py took 0.218 seconds
[2023-06-09 00:20:43,390] {processor.py:153} INFO - Started process (PID=41734) to work on /opt/airflow/dags/read_scopus_operator.py
[2023-06-09 00:20:43,393] {processor.py:641} INFO - Processing file /opt/airflow/dags/read_scopus_operator.py for tasks to queue
[2023-06-09 00:20:43,395] {logging_mixin.py:115} INFO - [2023-06-09 00:20:43,394] {dagbag.py:508} INFO - Filling up the DagBag from /opt/airflow/dags/read_scopus_operator.py
[2023-06-09 00:20:43,408] {logging_mixin.py:115} INFO - [2023-06-09 00:20:43,407] {log_util.py:40} INFO - Module loaded.
[2023-06-09 00:20:43,585] {logging_mixin.py:115} INFO - [2023-06-09 00:20:43,584] {log_util.py:40} INFO - Module loaded.
[2023-06-09 00:20:43,588] {logging_mixin.py:115} INFO - [2023-06-09 00:20:43,588] {log_util.py:40} INFO - Module loaded.
[2023-06-09 00:20:43,591] {logging_mixin.py:115} INFO - [2023-06-09 00:20:43,591] {log_util.py:40} INFO - Module loaded.
[2023-06-09 00:20:43,594] {logging_mixin.py:115} INFO - [2023-06-09 00:20:43,593] {log_util.py:40} INFO - Module loaded.
[2023-06-09 00:20:43,595] {processor.py:653} WARNING - No viable dags retrieved from /opt/airflow/dags/read_scopus_operator.py
[2023-06-09 00:20:43,612] {processor.py:161} INFO - Processing /opt/airflow/dags/read_scopus_operator.py took 0.232 seconds
[2023-06-09 00:21:14,548] {processor.py:153} INFO - Started process (PID=41776) to work on /opt/airflow/dags/read_scopus_operator.py
[2023-06-09 00:21:14,550] {processor.py:641} INFO - Processing file /opt/airflow/dags/read_scopus_operator.py for tasks to queue
[2023-06-09 00:21:14,551] {logging_mixin.py:115} INFO - [2023-06-09 00:21:14,551] {dagbag.py:508} INFO - Filling up the DagBag from /opt/airflow/dags/read_scopus_operator.py
[2023-06-09 00:21:14,564] {logging_mixin.py:115} INFO - [2023-06-09 00:21:14,563] {log_util.py:40} INFO - Module loaded.
[2023-06-09 00:21:14,718] {logging_mixin.py:115} INFO - [2023-06-09 00:21:14,717] {log_util.py:40} INFO - Module loaded.
[2023-06-09 00:21:14,720] {logging_mixin.py:115} INFO - [2023-06-09 00:21:14,719] {log_util.py:40} INFO - Module loaded.
[2023-06-09 00:21:14,723] {logging_mixin.py:115} INFO - [2023-06-09 00:21:14,722] {log_util.py:40} INFO - Module loaded.
[2023-06-09 00:21:14,725] {logging_mixin.py:115} INFO - [2023-06-09 00:21:14,724] {log_util.py:40} INFO - Module loaded.
[2023-06-09 00:21:14,726] {processor.py:653} WARNING - No viable dags retrieved from /opt/airflow/dags/read_scopus_operator.py
[2023-06-09 00:21:14,743] {processor.py:161} INFO - Processing /opt/airflow/dags/read_scopus_operator.py took 0.203 seconds
[2023-06-09 00:21:45,507] {processor.py:153} INFO - Started process (PID=41819) to work on /opt/airflow/dags/read_scopus_operator.py
[2023-06-09 00:21:45,508] {processor.py:641} INFO - Processing file /opt/airflow/dags/read_scopus_operator.py for tasks to queue
[2023-06-09 00:21:45,510] {logging_mixin.py:115} INFO - [2023-06-09 00:21:45,509] {dagbag.py:508} INFO - Filling up the DagBag from /opt/airflow/dags/read_scopus_operator.py
[2023-06-09 00:21:45,521] {logging_mixin.py:115} INFO - [2023-06-09 00:21:45,520] {log_util.py:40} INFO - Module loaded.
[2023-06-09 00:21:45,663] {logging_mixin.py:115} INFO - [2023-06-09 00:21:45,663] {log_util.py:40} INFO - Module loaded.
[2023-06-09 00:21:45,666] {logging_mixin.py:115} INFO - [2023-06-09 00:21:45,666] {log_util.py:40} INFO - Module loaded.
[2023-06-09 00:21:45,668] {logging_mixin.py:115} INFO - [2023-06-09 00:21:45,668] {log_util.py:40} INFO - Module loaded.
[2023-06-09 00:21:45,671] {logging_mixin.py:115} INFO - [2023-06-09 00:21:45,670] {log_util.py:40} INFO - Module loaded.
[2023-06-09 00:21:45,672] {processor.py:653} WARNING - No viable dags retrieved from /opt/airflow/dags/read_scopus_operator.py
[2023-06-09 00:21:45,687] {processor.py:161} INFO - Processing /opt/airflow/dags/read_scopus_operator.py took 0.188 seconds
[2023-06-09 00:22:16,552] {processor.py:153} INFO - Started process (PID=41862) to work on /opt/airflow/dags/read_scopus_operator.py
[2023-06-09 00:22:16,554] {processor.py:641} INFO - Processing file /opt/airflow/dags/read_scopus_operator.py for tasks to queue
[2023-06-09 00:22:16,555] {logging_mixin.py:115} INFO - [2023-06-09 00:22:16,555] {dagbag.py:508} INFO - Filling up the DagBag from /opt/airflow/dags/read_scopus_operator.py
[2023-06-09 00:22:16,567] {logging_mixin.py:115} INFO - [2023-06-09 00:22:16,567] {log_util.py:40} INFO - Module loaded.
[2023-06-09 00:22:16,699] {logging_mixin.py:115} INFO - [2023-06-09 00:22:16,699] {log_util.py:40} INFO - Module loaded.
[2023-06-09 00:22:16,702] {logging_mixin.py:115} INFO - [2023-06-09 00:22:16,701] {log_util.py:40} INFO - Module loaded.
[2023-06-09 00:22:16,704] {logging_mixin.py:115} INFO - [2023-06-09 00:22:16,703] {log_util.py:40} INFO - Module loaded.
[2023-06-09 00:22:16,707] {logging_mixin.py:115} INFO - [2023-06-09 00:22:16,706] {log_util.py:40} INFO - Module loaded.
[2023-06-09 00:22:16,708] {processor.py:653} WARNING - No viable dags retrieved from /opt/airflow/dags/read_scopus_operator.py
[2023-06-09 00:22:16,722] {processor.py:161} INFO - Processing /opt/airflow/dags/read_scopus_operator.py took 0.177 seconds
[2023-06-09 00:22:47,497] {processor.py:153} INFO - Started process (PID=41905) to work on /opt/airflow/dags/read_scopus_operator.py
[2023-06-09 00:22:47,500] {processor.py:641} INFO - Processing file /opt/airflow/dags/read_scopus_operator.py for tasks to queue
[2023-06-09 00:22:47,502] {logging_mixin.py:115} INFO - [2023-06-09 00:22:47,501] {dagbag.py:508} INFO - Filling up the DagBag from /opt/airflow/dags/read_scopus_operator.py
[2023-06-09 00:22:47,517] {logging_mixin.py:115} INFO - [2023-06-09 00:22:47,516] {log_util.py:40} INFO - Module loaded.
[2023-06-09 00:22:47,672] {logging_mixin.py:115} INFO - [2023-06-09 00:22:47,672] {log_util.py:40} INFO - Module loaded.
[2023-06-09 00:22:47,675] {logging_mixin.py:115} INFO - [2023-06-09 00:22:47,674] {log_util.py:40} INFO - Module loaded.
[2023-06-09 00:22:47,677] {logging_mixin.py:115} INFO - [2023-06-09 00:22:47,677] {log_util.py:40} INFO - Module loaded.
[2023-06-09 00:22:47,680] {logging_mixin.py:115} INFO - [2023-06-09 00:22:47,680] {log_util.py:40} INFO - Module loaded.
[2023-06-09 00:22:47,681] {processor.py:653} WARNING - No viable dags retrieved from /opt/airflow/dags/read_scopus_operator.py
[2023-06-09 00:22:47,698] {processor.py:161} INFO - Processing /opt/airflow/dags/read_scopus_operator.py took 0.212 seconds
[2023-06-09 00:23:18,493] {processor.py:153} INFO - Started process (PID=41948) to work on /opt/airflow/dags/read_scopus_operator.py
[2023-06-09 00:23:18,495] {processor.py:641} INFO - Processing file /opt/airflow/dags/read_scopus_operator.py for tasks to queue
[2023-06-09 00:23:18,496] {logging_mixin.py:115} INFO - [2023-06-09 00:23:18,496] {dagbag.py:508} INFO - Filling up the DagBag from /opt/airflow/dags/read_scopus_operator.py
[2023-06-09 00:23:18,505] {logging_mixin.py:115} INFO - [2023-06-09 00:23:18,505] {log_util.py:40} INFO - Module loaded.
[2023-06-09 00:23:18,631] {logging_mixin.py:115} INFO - [2023-06-09 00:23:18,631] {log_util.py:40} INFO - Module loaded.
[2023-06-09 00:23:18,634] {logging_mixin.py:115} INFO - [2023-06-09 00:23:18,633] {log_util.py:40} INFO - Module loaded.
[2023-06-09 00:23:18,636] {logging_mixin.py:115} INFO - [2023-06-09 00:23:18,636] {log_util.py:40} INFO - Module loaded.
[2023-06-09 00:23:18,639] {logging_mixin.py:115} INFO - [2023-06-09 00:23:18,638] {log_util.py:40} INFO - Module loaded.
[2023-06-09 00:23:18,640] {processor.py:653} WARNING - No viable dags retrieved from /opt/airflow/dags/read_scopus_operator.py
[2023-06-09 00:23:18,652] {processor.py:161} INFO - Processing /opt/airflow/dags/read_scopus_operator.py took 0.164 seconds
[2023-06-09 00:23:49,488] {processor.py:153} INFO - Started process (PID=41991) to work on /opt/airflow/dags/read_scopus_operator.py
[2023-06-09 00:23:49,490] {processor.py:641} INFO - Processing file /opt/airflow/dags/read_scopus_operator.py for tasks to queue
[2023-06-09 00:23:49,491] {logging_mixin.py:115} INFO - [2023-06-09 00:23:49,491] {dagbag.py:508} INFO - Filling up the DagBag from /opt/airflow/dags/read_scopus_operator.py
[2023-06-09 00:23:49,503] {logging_mixin.py:115} INFO - [2023-06-09 00:23:49,502] {log_util.py:40} INFO - Module loaded.
[2023-06-09 00:23:49,645] {logging_mixin.py:115} INFO - [2023-06-09 00:23:49,644] {log_util.py:40} INFO - Module loaded.
[2023-06-09 00:23:49,649] {logging_mixin.py:115} INFO - [2023-06-09 00:23:49,648] {log_util.py:40} INFO - Module loaded.
[2023-06-09 00:23:49,651] {logging_mixin.py:115} INFO - [2023-06-09 00:23:49,651] {log_util.py:40} INFO - Module loaded.
[2023-06-09 00:23:49,654] {logging_mixin.py:115} INFO - [2023-06-09 00:23:49,653] {log_util.py:40} INFO - Module loaded.
[2023-06-09 00:23:49,655] {processor.py:653} WARNING - No viable dags retrieved from /opt/airflow/dags/read_scopus_operator.py
[2023-06-09 00:23:49,669] {processor.py:161} INFO - Processing /opt/airflow/dags/read_scopus_operator.py took 0.187 seconds
[2023-06-09 00:24:20,425] {processor.py:153} INFO - Started process (PID=42034) to work on /opt/airflow/dags/read_scopus_operator.py
[2023-06-09 00:24:20,426] {processor.py:641} INFO - Processing file /opt/airflow/dags/read_scopus_operator.py for tasks to queue
[2023-06-09 00:24:20,427] {logging_mixin.py:115} INFO - [2023-06-09 00:24:20,427] {dagbag.py:508} INFO - Filling up the DagBag from /opt/airflow/dags/read_scopus_operator.py
[2023-06-09 00:24:20,435] {logging_mixin.py:115} INFO - [2023-06-09 00:24:20,435] {log_util.py:40} INFO - Module loaded.
[2023-06-09 00:24:20,574] {logging_mixin.py:115} INFO - [2023-06-09 00:24:20,573] {log_util.py:40} INFO - Module loaded.
[2023-06-09 00:24:20,577] {logging_mixin.py:115} INFO - [2023-06-09 00:24:20,576] {log_util.py:40} INFO - Module loaded.
[2023-06-09 00:24:20,580] {logging_mixin.py:115} INFO - [2023-06-09 00:24:20,579] {log_util.py:40} INFO - Module loaded.
[2023-06-09 00:24:20,584] {logging_mixin.py:115} INFO - [2023-06-09 00:24:20,583] {log_util.py:40} INFO - Module loaded.
[2023-06-09 00:24:20,585] {processor.py:653} WARNING - No viable dags retrieved from /opt/airflow/dags/read_scopus_operator.py
[2023-06-09 00:24:20,604] {processor.py:161} INFO - Processing /opt/airflow/dags/read_scopus_operator.py took 0.182 seconds
[2023-06-09 00:24:51,515] {processor.py:153} INFO - Started process (PID=42068) to work on /opt/airflow/dags/read_scopus_operator.py
[2023-06-09 00:24:51,517] {processor.py:641} INFO - Processing file /opt/airflow/dags/read_scopus_operator.py for tasks to queue
[2023-06-09 00:24:51,518] {logging_mixin.py:115} INFO - [2023-06-09 00:24:51,518] {dagbag.py:508} INFO - Filling up the DagBag from /opt/airflow/dags/read_scopus_operator.py
[2023-06-09 00:24:51,529] {logging_mixin.py:115} INFO - [2023-06-09 00:24:51,528] {log_util.py:40} INFO - Module loaded.
[2023-06-09 00:24:51,680] {logging_mixin.py:115} INFO - [2023-06-09 00:24:51,679] {log_util.py:40} INFO - Module loaded.
[2023-06-09 00:24:51,683] {logging_mixin.py:115} INFO - [2023-06-09 00:24:51,683] {log_util.py:40} INFO - Module loaded.
[2023-06-09 00:24:51,686] {logging_mixin.py:115} INFO - [2023-06-09 00:24:51,686] {log_util.py:40} INFO - Module loaded.
[2023-06-09 00:24:51,690] {logging_mixin.py:115} INFO - [2023-06-09 00:24:51,689] {log_util.py:40} INFO - Module loaded.
[2023-06-09 00:24:51,691] {processor.py:653} WARNING - No viable dags retrieved from /opt/airflow/dags/read_scopus_operator.py
[2023-06-09 00:24:51,708] {processor.py:161} INFO - Processing /opt/airflow/dags/read_scopus_operator.py took 0.197 seconds
[2023-06-09 00:25:22,595] {processor.py:153} INFO - Started process (PID=42112) to work on /opt/airflow/dags/read_scopus_operator.py
[2023-06-09 00:25:22,596] {processor.py:641} INFO - Processing file /opt/airflow/dags/read_scopus_operator.py for tasks to queue
[2023-06-09 00:25:22,597] {logging_mixin.py:115} INFO - [2023-06-09 00:25:22,597] {dagbag.py:508} INFO - Filling up the DagBag from /opt/airflow/dags/read_scopus_operator.py
[2023-06-09 00:25:22,604] {logging_mixin.py:115} INFO - [2023-06-09 00:25:22,604] {log_util.py:40} INFO - Module loaded.
[2023-06-09 00:25:22,742] {logging_mixin.py:115} INFO - [2023-06-09 00:25:22,742] {log_util.py:40} INFO - Module loaded.
[2023-06-09 00:25:22,745] {logging_mixin.py:115} INFO - [2023-06-09 00:25:22,744] {log_util.py:40} INFO - Module loaded.
[2023-06-09 00:25:22,747] {logging_mixin.py:115} INFO - [2023-06-09 00:25:22,746] {log_util.py:40} INFO - Module loaded.
[2023-06-09 00:25:22,750] {logging_mixin.py:115} INFO - [2023-06-09 00:25:22,749] {log_util.py:40} INFO - Module loaded.
[2023-06-09 00:25:22,750] {processor.py:653} WARNING - No viable dags retrieved from /opt/airflow/dags/read_scopus_operator.py
[2023-06-09 00:25:22,764] {processor.py:161} INFO - Processing /opt/airflow/dags/read_scopus_operator.py took 0.172 seconds
[2023-06-09 00:25:53,541] {processor.py:153} INFO - Started process (PID=42154) to work on /opt/airflow/dags/read_scopus_operator.py
[2023-06-09 00:25:53,545] {processor.py:641} INFO - Processing file /opt/airflow/dags/read_scopus_operator.py for tasks to queue
[2023-06-09 00:25:53,546] {logging_mixin.py:115} INFO - [2023-06-09 00:25:53,546] {dagbag.py:508} INFO - Filling up the DagBag from /opt/airflow/dags/read_scopus_operator.py
[2023-06-09 00:25:53,560] {logging_mixin.py:115} INFO - [2023-06-09 00:25:53,559] {log_util.py:40} INFO - Module loaded.
[2023-06-09 00:25:53,701] {logging_mixin.py:115} INFO - [2023-06-09 00:25:53,700] {log_util.py:40} INFO - Module loaded.
[2023-06-09 00:25:53,705] {logging_mixin.py:115} INFO - [2023-06-09 00:25:53,704] {log_util.py:40} INFO - Module loaded.
[2023-06-09 00:25:53,708] {logging_mixin.py:115} INFO - [2023-06-09 00:25:53,707] {log_util.py:40} INFO - Module loaded.
[2023-06-09 00:25:53,710] {logging_mixin.py:115} INFO - [2023-06-09 00:25:53,709] {log_util.py:40} INFO - Module loaded.
[2023-06-09 00:25:53,711] {processor.py:653} WARNING - No viable dags retrieved from /opt/airflow/dags/read_scopus_operator.py
[2023-06-09 00:25:53,724] {processor.py:161} INFO - Processing /opt/airflow/dags/read_scopus_operator.py took 0.191 seconds
[2023-06-09 00:26:24,535] {processor.py:153} INFO - Started process (PID=42197) to work on /opt/airflow/dags/read_scopus_operator.py
[2023-06-09 00:26:24,539] {processor.py:641} INFO - Processing file /opt/airflow/dags/read_scopus_operator.py for tasks to queue
[2023-06-09 00:26:24,541] {logging_mixin.py:115} INFO - [2023-06-09 00:26:24,541] {dagbag.py:508} INFO - Filling up the DagBag from /opt/airflow/dags/read_scopus_operator.py
[2023-06-09 00:26:24,556] {logging_mixin.py:115} INFO - [2023-06-09 00:26:24,555] {log_util.py:40} INFO - Module loaded.
[2023-06-09 00:26:24,693] {logging_mixin.py:115} INFO - [2023-06-09 00:26:24,693] {log_util.py:40} INFO - Module loaded.
[2023-06-09 00:26:24,696] {logging_mixin.py:115} INFO - [2023-06-09 00:26:24,696] {log_util.py:40} INFO - Module loaded.
[2023-06-09 00:26:24,698] {logging_mixin.py:115} INFO - [2023-06-09 00:26:24,698] {log_util.py:40} INFO - Module loaded.
[2023-06-09 00:26:24,701] {logging_mixin.py:115} INFO - [2023-06-09 00:26:24,700] {log_util.py:40} INFO - Module loaded.
[2023-06-09 00:26:24,702] {processor.py:653} WARNING - No viable dags retrieved from /opt/airflow/dags/read_scopus_operator.py
[2023-06-09 00:26:24,716] {processor.py:161} INFO - Processing /opt/airflow/dags/read_scopus_operator.py took 0.188 seconds
[2023-06-09 00:26:55,633] {processor.py:153} INFO - Started process (PID=42239) to work on /opt/airflow/dags/read_scopus_operator.py
[2023-06-09 00:26:55,634] {processor.py:641} INFO - Processing file /opt/airflow/dags/read_scopus_operator.py for tasks to queue
[2023-06-09 00:26:55,635] {logging_mixin.py:115} INFO - [2023-06-09 00:26:55,635] {dagbag.py:508} INFO - Filling up the DagBag from /opt/airflow/dags/read_scopus_operator.py
[2023-06-09 00:26:55,647] {logging_mixin.py:115} INFO - [2023-06-09 00:26:55,646] {log_util.py:40} INFO - Module loaded.
[2023-06-09 00:26:55,831] {logging_mixin.py:115} INFO - [2023-06-09 00:26:55,830] {log_util.py:40} INFO - Module loaded.
[2023-06-09 00:26:55,835] {logging_mixin.py:115} INFO - [2023-06-09 00:26:55,833] {log_util.py:40} INFO - Module loaded.
[2023-06-09 00:26:55,837] {logging_mixin.py:115} INFO - [2023-06-09 00:26:55,837] {log_util.py:40} INFO - Module loaded.
[2023-06-09 00:26:55,840] {logging_mixin.py:115} INFO - [2023-06-09 00:26:55,839] {log_util.py:40} INFO - Module loaded.
[2023-06-09 00:26:55,841] {processor.py:653} WARNING - No viable dags retrieved from /opt/airflow/dags/read_scopus_operator.py
[2023-06-09 00:26:55,857] {processor.py:161} INFO - Processing /opt/airflow/dags/read_scopus_operator.py took 0.229 seconds
[2023-06-09 00:27:26,638] {processor.py:153} INFO - Started process (PID=42282) to work on /opt/airflow/dags/read_scopus_operator.py
[2023-06-09 00:27:26,640] {processor.py:641} INFO - Processing file /opt/airflow/dags/read_scopus_operator.py for tasks to queue
[2023-06-09 00:27:26,642] {logging_mixin.py:115} INFO - [2023-06-09 00:27:26,641] {dagbag.py:508} INFO - Filling up the DagBag from /opt/airflow/dags/read_scopus_operator.py
[2023-06-09 00:27:26,654] {logging_mixin.py:115} INFO - [2023-06-09 00:27:26,653] {log_util.py:40} INFO - Module loaded.
[2023-06-09 00:27:26,789] {logging_mixin.py:115} INFO - [2023-06-09 00:27:26,788] {log_util.py:40} INFO - Module loaded.
[2023-06-09 00:27:26,793] {logging_mixin.py:115} INFO - [2023-06-09 00:27:26,793] {log_util.py:40} INFO - Module loaded.
[2023-06-09 00:27:26,795] {logging_mixin.py:115} INFO - [2023-06-09 00:27:26,795] {log_util.py:40} INFO - Module loaded.
[2023-06-09 00:27:26,798] {logging_mixin.py:115} INFO - [2023-06-09 00:27:26,797] {log_util.py:40} INFO - Module loaded.
[2023-06-09 00:27:26,799] {processor.py:653} WARNING - No viable dags retrieved from /opt/airflow/dags/read_scopus_operator.py
[2023-06-09 00:27:26,814] {processor.py:161} INFO - Processing /opt/airflow/dags/read_scopus_operator.py took 0.183 seconds
[2023-06-09 00:27:57,553] {processor.py:153} INFO - Started process (PID=42325) to work on /opt/airflow/dags/read_scopus_operator.py
[2023-06-09 00:27:57,554] {processor.py:641} INFO - Processing file /opt/airflow/dags/read_scopus_operator.py for tasks to queue
[2023-06-09 00:27:57,555] {logging_mixin.py:115} INFO - [2023-06-09 00:27:57,555] {dagbag.py:508} INFO - Filling up the DagBag from /opt/airflow/dags/read_scopus_operator.py
[2023-06-09 00:27:57,563] {logging_mixin.py:115} INFO - [2023-06-09 00:27:57,563] {log_util.py:40} INFO - Module loaded.
[2023-06-09 00:27:57,702] {logging_mixin.py:115} INFO - [2023-06-09 00:27:57,701] {log_util.py:40} INFO - Module loaded.
[2023-06-09 00:27:57,704] {logging_mixin.py:115} INFO - [2023-06-09 00:27:57,704] {log_util.py:40} INFO - Module loaded.
[2023-06-09 00:27:57,706] {logging_mixin.py:115} INFO - [2023-06-09 00:27:57,706] {log_util.py:40} INFO - Module loaded.
[2023-06-09 00:27:57,709] {logging_mixin.py:115} INFO - [2023-06-09 00:27:57,708] {log_util.py:40} INFO - Module loaded.
[2023-06-09 00:27:57,710] {processor.py:653} WARNING - No viable dags retrieved from /opt/airflow/dags/read_scopus_operator.py
[2023-06-09 00:27:57,723] {processor.py:161} INFO - Processing /opt/airflow/dags/read_scopus_operator.py took 0.173 seconds
[2023-06-09 00:28:28,491] {processor.py:153} INFO - Started process (PID=42359) to work on /opt/airflow/dags/read_scopus_operator.py
[2023-06-09 00:28:28,492] {processor.py:641} INFO - Processing file /opt/airflow/dags/read_scopus_operator.py for tasks to queue
[2023-06-09 00:28:28,493] {logging_mixin.py:115} INFO - [2023-06-09 00:28:28,493] {dagbag.py:508} INFO - Filling up the DagBag from /opt/airflow/dags/read_scopus_operator.py
[2023-06-09 00:28:28,502] {logging_mixin.py:115} INFO - [2023-06-09 00:28:28,501] {log_util.py:40} INFO - Module loaded.
[2023-06-09 00:28:28,642] {logging_mixin.py:115} INFO - [2023-06-09 00:28:28,641] {log_util.py:40} INFO - Module loaded.
[2023-06-09 00:28:28,644] {logging_mixin.py:115} INFO - [2023-06-09 00:28:28,644] {log_util.py:40} INFO - Module loaded.
[2023-06-09 00:28:28,648] {logging_mixin.py:115} INFO - [2023-06-09 00:28:28,647] {log_util.py:40} INFO - Module loaded.
[2023-06-09 00:28:28,650] {logging_mixin.py:115} INFO - [2023-06-09 00:28:28,650] {log_util.py:40} INFO - Module loaded.
[2023-06-09 00:28:28,651] {processor.py:653} WARNING - No viable dags retrieved from /opt/airflow/dags/read_scopus_operator.py
[2023-06-09 00:28:28,667] {processor.py:161} INFO - Processing /opt/airflow/dags/read_scopus_operator.py took 0.180 seconds
[2023-06-09 00:28:59,505] {processor.py:153} INFO - Started process (PID=42402) to work on /opt/airflow/dags/read_scopus_operator.py
[2023-06-09 00:28:59,507] {processor.py:641} INFO - Processing file /opt/airflow/dags/read_scopus_operator.py for tasks to queue
[2023-06-09 00:28:59,508] {logging_mixin.py:115} INFO - [2023-06-09 00:28:59,508] {dagbag.py:508} INFO - Filling up the DagBag from /opt/airflow/dags/read_scopus_operator.py
[2023-06-09 00:28:59,519] {logging_mixin.py:115} INFO - [2023-06-09 00:28:59,518] {log_util.py:40} INFO - Module loaded.
[2023-06-09 00:28:59,696] {logging_mixin.py:115} INFO - [2023-06-09 00:28:59,696] {log_util.py:40} INFO - Module loaded.
[2023-06-09 00:28:59,700] {logging_mixin.py:115} INFO - [2023-06-09 00:28:59,699] {log_util.py:40} INFO - Module loaded.
[2023-06-09 00:28:59,703] {logging_mixin.py:115} INFO - [2023-06-09 00:28:59,702] {log_util.py:40} INFO - Module loaded.
[2023-06-09 00:28:59,705] {logging_mixin.py:115} INFO - [2023-06-09 00:28:59,705] {log_util.py:40} INFO - Module loaded.
[2023-06-09 00:28:59,706] {processor.py:653} WARNING - No viable dags retrieved from /opt/airflow/dags/read_scopus_operator.py
[2023-06-09 00:28:59,722] {processor.py:161} INFO - Processing /opt/airflow/dags/read_scopus_operator.py took 0.221 seconds
[2023-06-09 00:29:30,608] {processor.py:153} INFO - Started process (PID=42445) to work on /opt/airflow/dags/read_scopus_operator.py
[2023-06-09 00:29:30,611] {processor.py:641} INFO - Processing file /opt/airflow/dags/read_scopus_operator.py for tasks to queue
[2023-06-09 00:29:30,612] {logging_mixin.py:115} INFO - [2023-06-09 00:29:30,612] {dagbag.py:508} INFO - Filling up the DagBag from /opt/airflow/dags/read_scopus_operator.py
[2023-06-09 00:29:30,628] {logging_mixin.py:115} INFO - [2023-06-09 00:29:30,627] {log_util.py:40} INFO - Module loaded.
[2023-06-09 00:29:30,863] {logging_mixin.py:115} INFO - [2023-06-09 00:29:30,862] {log_util.py:40} INFO - Module loaded.
[2023-06-09 00:29:30,866] {logging_mixin.py:115} INFO - [2023-06-09 00:29:30,865] {log_util.py:40} INFO - Module loaded.
[2023-06-09 00:29:30,869] {logging_mixin.py:115} INFO - [2023-06-09 00:29:30,868] {log_util.py:40} INFO - Module loaded.
[2023-06-09 00:29:30,871] {logging_mixin.py:115} INFO - [2023-06-09 00:29:30,871] {log_util.py:40} INFO - Module loaded.
[2023-06-09 00:29:30,872] {processor.py:653} WARNING - No viable dags retrieved from /opt/airflow/dags/read_scopus_operator.py
[2023-06-09 00:29:30,898] {processor.py:161} INFO - Processing /opt/airflow/dags/read_scopus_operator.py took 0.304 seconds
[2023-06-09 00:30:01,762] {processor.py:153} INFO - Started process (PID=42479) to work on /opt/airflow/dags/read_scopus_operator.py
[2023-06-09 00:30:01,764] {processor.py:641} INFO - Processing file /opt/airflow/dags/read_scopus_operator.py for tasks to queue
[2023-06-09 00:30:01,766] {logging_mixin.py:115} INFO - [2023-06-09 00:30:01,765] {dagbag.py:508} INFO - Filling up the DagBag from /opt/airflow/dags/read_scopus_operator.py
[2023-06-09 00:30:01,779] {logging_mixin.py:115} INFO - [2023-06-09 00:30:01,778] {log_util.py:40} INFO - Module loaded.
[2023-06-09 00:30:01,971] {logging_mixin.py:115} INFO - [2023-06-09 00:30:01,970] {log_util.py:40} INFO - Module loaded.
[2023-06-09 00:30:01,974] {logging_mixin.py:115} INFO - [2023-06-09 00:30:01,973] {log_util.py:40} INFO - Module loaded.
[2023-06-09 00:30:01,976] {logging_mixin.py:115} INFO - [2023-06-09 00:30:01,975] {log_util.py:40} INFO - Module loaded.
[2023-06-09 00:30:01,978] {logging_mixin.py:115} INFO - [2023-06-09 00:30:01,978] {log_util.py:40} INFO - Module loaded.
[2023-06-09 00:30:01,980] {processor.py:653} WARNING - No viable dags retrieved from /opt/airflow/dags/read_scopus_operator.py
[2023-06-09 00:30:01,998] {processor.py:161} INFO - Processing /opt/airflow/dags/read_scopus_operator.py took 0.240 seconds
[2023-06-09 00:30:32,891] {processor.py:153} INFO - Started process (PID=42514) to work on /opt/airflow/dags/read_scopus_operator.py
[2023-06-09 00:30:32,894] {processor.py:641} INFO - Processing file /opt/airflow/dags/read_scopus_operator.py for tasks to queue
[2023-06-09 00:30:32,895] {logging_mixin.py:115} INFO - [2023-06-09 00:30:32,895] {dagbag.py:508} INFO - Filling up the DagBag from /opt/airflow/dags/read_scopus_operator.py
[2023-06-09 00:30:32,927] {logging_mixin.py:115} INFO - [2023-06-09 00:30:32,926] {log_util.py:40} INFO - Module loaded.
[2023-06-09 00:30:33,151] {logging_mixin.py:115} INFO - [2023-06-09 00:30:33,150] {log_util.py:40} INFO - Module loaded.
[2023-06-09 00:30:33,159] {logging_mixin.py:115} INFO - [2023-06-09 00:30:33,158] {log_util.py:40} INFO - Module loaded.
[2023-06-09 00:30:33,163] {logging_mixin.py:115} INFO - [2023-06-09 00:30:33,162] {log_util.py:40} INFO - Module loaded.
[2023-06-09 00:30:33,167] {logging_mixin.py:115} INFO - [2023-06-09 00:30:33,166] {log_util.py:40} INFO - Module loaded.
[2023-06-09 00:30:33,168] {processor.py:653} WARNING - No viable dags retrieved from /opt/airflow/dags/read_scopus_operator.py
[2023-06-09 00:30:33,192] {processor.py:161} INFO - Processing /opt/airflow/dags/read_scopus_operator.py took 0.308 seconds
[2023-06-09 00:31:03,289] {processor.py:153} INFO - Started process (PID=42555) to work on /opt/airflow/dags/read_scopus_operator.py
[2023-06-09 00:31:03,290] {processor.py:641} INFO - Processing file /opt/airflow/dags/read_scopus_operator.py for tasks to queue
[2023-06-09 00:31:03,292] {logging_mixin.py:115} INFO - [2023-06-09 00:31:03,292] {dagbag.py:508} INFO - Filling up the DagBag from /opt/airflow/dags/read_scopus_operator.py
[2023-06-09 00:31:03,317] {logging_mixin.py:115} INFO - [2023-06-09 00:31:03,316] {log_util.py:40} INFO - Module loaded.
[2023-06-09 00:31:03,564] {logging_mixin.py:115} INFO - [2023-06-09 00:31:03,564] {log_util.py:40} INFO - Module loaded.
[2023-06-09 00:31:03,568] {logging_mixin.py:115} INFO - [2023-06-09 00:31:03,567] {log_util.py:40} INFO - Module loaded.
[2023-06-09 00:31:03,571] {logging_mixin.py:115} INFO - [2023-06-09 00:31:03,570] {log_util.py:40} INFO - Module loaded.
[2023-06-09 00:31:03,573] {logging_mixin.py:115} INFO - [2023-06-09 00:31:03,573] {log_util.py:40} INFO - Module loaded.
[2023-06-09 00:31:03,574] {processor.py:653} WARNING - No viable dags retrieved from /opt/airflow/dags/read_scopus_operator.py
[2023-06-09 00:31:03,594] {processor.py:161} INFO - Processing /opt/airflow/dags/read_scopus_operator.py took 0.310 seconds
[2023-06-09 00:31:34,583] {processor.py:153} INFO - Started process (PID=42597) to work on /opt/airflow/dags/read_scopus_operator.py
[2023-06-09 00:31:34,585] {processor.py:641} INFO - Processing file /opt/airflow/dags/read_scopus_operator.py for tasks to queue
[2023-06-09 00:31:34,587] {logging_mixin.py:115} INFO - [2023-06-09 00:31:34,587] {dagbag.py:508} INFO - Filling up the DagBag from /opt/airflow/dags/read_scopus_operator.py
[2023-06-09 00:31:34,603] {logging_mixin.py:115} INFO - [2023-06-09 00:31:34,602] {log_util.py:40} INFO - Module loaded.
[2023-06-09 00:31:34,774] {logging_mixin.py:115} INFO - [2023-06-09 00:31:34,774] {log_util.py:40} INFO - Module loaded.
[2023-06-09 00:31:34,778] {logging_mixin.py:115} INFO - [2023-06-09 00:31:34,777] {log_util.py:40} INFO - Module loaded.
[2023-06-09 00:31:34,781] {logging_mixin.py:115} INFO - [2023-06-09 00:31:34,780] {log_util.py:40} INFO - Module loaded.
[2023-06-09 00:31:34,783] {logging_mixin.py:115} INFO - [2023-06-09 00:31:34,782] {log_util.py:40} INFO - Module loaded.
[2023-06-09 00:31:34,784] {processor.py:653} WARNING - No viable dags retrieved from /opt/airflow/dags/read_scopus_operator.py
[2023-06-09 00:31:34,804] {processor.py:161} INFO - Processing /opt/airflow/dags/read_scopus_operator.py took 0.230 seconds
[2023-06-09 00:32:05,623] {processor.py:153} INFO - Started process (PID=42640) to work on /opt/airflow/dags/read_scopus_operator.py
[2023-06-09 00:32:05,625] {processor.py:641} INFO - Processing file /opt/airflow/dags/read_scopus_operator.py for tasks to queue
[2023-06-09 00:32:05,626] {logging_mixin.py:115} INFO - [2023-06-09 00:32:05,626] {dagbag.py:508} INFO - Filling up the DagBag from /opt/airflow/dags/read_scopus_operator.py
[2023-06-09 00:32:05,637] {logging_mixin.py:115} INFO - [2023-06-09 00:32:05,636] {log_util.py:40} INFO - Module loaded.
[2023-06-09 00:32:05,784] {logging_mixin.py:115} INFO - [2023-06-09 00:32:05,783] {log_util.py:40} INFO - Module loaded.
[2023-06-09 00:32:05,786] {logging_mixin.py:115} INFO - [2023-06-09 00:32:05,786] {log_util.py:40} INFO - Module loaded.
[2023-06-09 00:32:05,789] {logging_mixin.py:115} INFO - [2023-06-09 00:32:05,788] {log_util.py:40} INFO - Module loaded.
[2023-06-09 00:32:05,792] {logging_mixin.py:115} INFO - [2023-06-09 00:32:05,791] {log_util.py:40} INFO - Module loaded.
[2023-06-09 00:32:05,792] {processor.py:653} WARNING - No viable dags retrieved from /opt/airflow/dags/read_scopus_operator.py
[2023-06-09 00:32:05,806] {processor.py:161} INFO - Processing /opt/airflow/dags/read_scopus_operator.py took 0.190 seconds
[2023-06-09 00:32:36,605] {processor.py:153} INFO - Started process (PID=42682) to work on /opt/airflow/dags/read_scopus_operator.py
[2023-06-09 00:32:36,607] {processor.py:641} INFO - Processing file /opt/airflow/dags/read_scopus_operator.py for tasks to queue
[2023-06-09 00:32:36,608] {logging_mixin.py:115} INFO - [2023-06-09 00:32:36,608] {dagbag.py:508} INFO - Filling up the DagBag from /opt/airflow/dags/read_scopus_operator.py
[2023-06-09 00:32:36,620] {logging_mixin.py:115} INFO - [2023-06-09 00:32:36,620] {log_util.py:40} INFO - Module loaded.
[2023-06-09 00:32:36,826] {logging_mixin.py:115} INFO - [2023-06-09 00:32:36,825] {log_util.py:40} INFO - Module loaded.
[2023-06-09 00:32:36,828] {logging_mixin.py:115} INFO - [2023-06-09 00:32:36,828] {log_util.py:40} INFO - Module loaded.
[2023-06-09 00:32:36,831] {logging_mixin.py:115} INFO - [2023-06-09 00:32:36,830] {log_util.py:40} INFO - Module loaded.
[2023-06-09 00:32:36,833] {logging_mixin.py:115} INFO - [2023-06-09 00:32:36,833] {log_util.py:40} INFO - Module loaded.
[2023-06-09 00:32:36,835] {processor.py:653} WARNING - No viable dags retrieved from /opt/airflow/dags/read_scopus_operator.py
[2023-06-09 00:32:36,855] {processor.py:161} INFO - Processing /opt/airflow/dags/read_scopus_operator.py took 0.256 seconds
[2023-06-09 00:54:02,989] {processor.py:153} INFO - Started process (PID=42716) to work on /opt/airflow/dags/read_scopus_operator.py
[2023-06-09 00:54:02,990] {processor.py:641} INFO - Processing file /opt/airflow/dags/read_scopus_operator.py for tasks to queue
[2023-06-09 00:54:02,991] {logging_mixin.py:115} INFO - [2023-06-09 00:54:02,991] {dagbag.py:508} INFO - Filling up the DagBag from /opt/airflow/dags/read_scopus_operator.py
[2023-06-09 00:54:03,017] {logging_mixin.py:115} INFO - [2023-06-09 00:54:03,015] {log_util.py:40} INFO - Module loaded.
[2023-06-09 00:54:03,409] {logging_mixin.py:115} INFO - [2023-06-09 00:54:03,401] {log_util.py:40} INFO - Module loaded.
[2023-06-09 00:54:03,432] {logging_mixin.py:115} INFO - [2023-06-09 00:54:03,429] {log_util.py:40} INFO - Module loaded.
[2023-06-09 00:54:03,442] {logging_mixin.py:115} INFO - [2023-06-09 00:54:03,440] {log_util.py:40} INFO - Module loaded.
[2023-06-09 00:54:03,469] {logging_mixin.py:115} INFO - [2023-06-09 00:54:03,465] {log_util.py:40} INFO - Module loaded.
[2023-06-09 00:54:03,473] {processor.py:653} WARNING - No viable dags retrieved from /opt/airflow/dags/read_scopus_operator.py
[2023-06-09 00:54:03,539] {processor.py:161} INFO - Processing /opt/airflow/dags/read_scopus_operator.py took 0.555 seconds
[2023-06-09 01:59:06,061] {processor.py:153} INFO - Started process (PID=42759) to work on /opt/airflow/dags/read_scopus_operator.py
[2023-06-09 01:59:06,087] {processor.py:641} INFO - Processing file /opt/airflow/dags/read_scopus_operator.py for tasks to queue
[2023-06-09 01:59:06,123] {logging_mixin.py:115} INFO - [2023-06-09 01:59:06,123] {dagbag.py:508} INFO - Filling up the DagBag from /opt/airflow/dags/read_scopus_operator.py
[2023-06-09 01:59:06,213] {logging_mixin.py:115} INFO - [2023-06-09 01:59:06,207] {log_util.py:40} INFO - Module loaded.
[2023-06-09 01:59:06,760] {logging_mixin.py:115} INFO - [2023-06-09 01:59:06,744] {log_util.py:40} INFO - Module loaded.
[2023-06-09 01:59:06,791] {logging_mixin.py:115} INFO - [2023-06-09 01:59:06,789] {log_util.py:40} INFO - Module loaded.
[2023-06-09 01:59:06,818] {logging_mixin.py:115} INFO - [2023-06-09 01:59:06,807] {log_util.py:40} INFO - Module loaded.
[2023-06-09 01:59:06,858] {logging_mixin.py:115} INFO - [2023-06-09 01:59:06,854] {log_util.py:40} INFO - Module loaded.
[2023-06-09 01:59:06,860] {processor.py:653} WARNING - No viable dags retrieved from /opt/airflow/dags/read_scopus_operator.py
[2023-06-09 01:59:07,015] {processor.py:161} INFO - Processing /opt/airflow/dags/read_scopus_operator.py took 0.982 seconds
[2023-06-09 03:04:37,622] {processor.py:153} INFO - Started process (PID=42790) to work on /opt/airflow/dags/read_scopus_operator.py
[2023-06-09 03:04:37,643] {processor.py:641} INFO - Processing file /opt/airflow/dags/read_scopus_operator.py for tasks to queue
[2023-06-09 03:04:37,648] {logging_mixin.py:115} INFO - [2023-06-09 03:04:37,648] {dagbag.py:508} INFO - Filling up the DagBag from /opt/airflow/dags/read_scopus_operator.py
[2023-06-09 03:04:37,743] {logging_mixin.py:115} INFO - [2023-06-09 03:04:37,739] {log_util.py:40} INFO - Module loaded.
[2023-06-09 03:04:38,888] {logging_mixin.py:115} INFO - [2023-06-09 03:04:38,884] {log_util.py:40} INFO - Module loaded.
[2023-06-09 03:04:39,000] {logging_mixin.py:115} INFO - [2023-06-09 03:04:38,997] {log_util.py:40} INFO - Module loaded.
[2023-06-09 03:04:39,074] {logging_mixin.py:115} INFO - [2023-06-09 03:04:39,062] {log_util.py:40} INFO - Module loaded.
[2023-06-09 03:04:39,154] {logging_mixin.py:115} INFO - [2023-06-09 03:04:39,152] {log_util.py:40} INFO - Module loaded.
[2023-06-09 03:04:39,157] {processor.py:653} WARNING - No viable dags retrieved from /opt/airflow/dags/read_scopus_operator.py
[2023-06-09 03:04:39,420] {processor.py:161} INFO - Processing /opt/airflow/dags/read_scopus_operator.py took 1.810 seconds
[2023-06-09 13:58:08,040] {processor.py:153} INFO - Started process (PID=42827) to work on /opt/airflow/dags/read_scopus_operator.py
[2023-06-09 13:58:08,088] {processor.py:641} INFO - Processing file /opt/airflow/dags/read_scopus_operator.py for tasks to queue
[2023-06-09 13:58:08,181] {logging_mixin.py:115} INFO - [2023-06-09 13:58:08,181] {dagbag.py:508} INFO - Filling up the DagBag from /opt/airflow/dags/read_scopus_operator.py
[2023-06-09 13:58:08,780] {logging_mixin.py:115} INFO - [2023-06-09 13:58:08,706] {log_util.py:40} INFO - Module loaded.
[2023-06-09 13:58:11,033] {logging_mixin.py:115} INFO - [2023-06-09 13:58:11,017] {log_util.py:40} INFO - Module loaded.
[2023-06-09 13:58:11,062] {logging_mixin.py:115} INFO - [2023-06-09 13:58:11,059] {log_util.py:40} INFO - Module loaded.
[2023-06-09 13:58:11,089] {logging_mixin.py:115} INFO - [2023-06-09 13:58:11,077] {log_util.py:40} INFO - Module loaded.
[2023-06-09 13:58:11,113] {logging_mixin.py:115} INFO - [2023-06-09 13:58:11,109] {log_util.py:40} INFO - Module loaded.
[2023-06-09 13:58:11,117] {processor.py:653} WARNING - No viable dags retrieved from /opt/airflow/dags/read_scopus_operator.py
[2023-06-09 13:58:11,198] {processor.py:161} INFO - Processing /opt/airflow/dags/read_scopus_operator.py took 3.219 seconds
[2023-06-09 13:58:41,456] {processor.py:153} INFO - Started process (PID=42870) to work on /opt/airflow/dags/read_scopus_operator.py
[2023-06-09 13:58:41,457] {processor.py:641} INFO - Processing file /opt/airflow/dags/read_scopus_operator.py for tasks to queue
[2023-06-09 13:58:41,458] {logging_mixin.py:115} INFO - [2023-06-09 13:58:41,458] {dagbag.py:508} INFO - Filling up the DagBag from /opt/airflow/dags/read_scopus_operator.py
[2023-06-09 13:58:41,467] {logging_mixin.py:115} INFO - [2023-06-09 13:58:41,467] {log_util.py:40} INFO - Module loaded.
[2023-06-09 13:58:41,638] {logging_mixin.py:115} INFO - [2023-06-09 13:58:41,638] {log_util.py:40} INFO - Module loaded.
[2023-06-09 13:58:41,642] {logging_mixin.py:115} INFO - [2023-06-09 13:58:41,641] {log_util.py:40} INFO - Module loaded.
[2023-06-09 13:58:41,645] {logging_mixin.py:115} INFO - [2023-06-09 13:58:41,644] {log_util.py:40} INFO - Module loaded.
[2023-06-09 13:58:41,648] {logging_mixin.py:115} INFO - [2023-06-09 13:58:41,647] {log_util.py:40} INFO - Module loaded.
[2023-06-09 13:58:41,649] {processor.py:653} WARNING - No viable dags retrieved from /opt/airflow/dags/read_scopus_operator.py
[2023-06-09 13:58:41,670] {processor.py:161} INFO - Processing /opt/airflow/dags/read_scopus_operator.py took 0.217 seconds
[2023-06-09 14:01:15,597] {processor.py:153} INFO - Started process (PID=42904) to work on /opt/airflow/dags/read_scopus_operator.py
[2023-06-09 14:01:15,598] {processor.py:641} INFO - Processing file /opt/airflow/dags/read_scopus_operator.py for tasks to queue
[2023-06-09 14:01:15,600] {logging_mixin.py:115} INFO - [2023-06-09 14:01:15,600] {dagbag.py:508} INFO - Filling up the DagBag from /opt/airflow/dags/read_scopus_operator.py
[2023-06-09 14:01:15,611] {logging_mixin.py:115} INFO - [2023-06-09 14:01:15,610] {log_util.py:40} INFO - Module loaded.
[2023-06-09 14:01:15,791] {logging_mixin.py:115} INFO - [2023-06-09 14:01:15,791] {log_util.py:40} INFO - Module loaded.
[2023-06-09 14:01:15,795] {logging_mixin.py:115} INFO - [2023-06-09 14:01:15,794] {log_util.py:40} INFO - Module loaded.
[2023-06-09 14:01:15,797] {logging_mixin.py:115} INFO - [2023-06-09 14:01:15,796] {log_util.py:40} INFO - Module loaded.
[2023-06-09 14:01:15,799] {logging_mixin.py:115} INFO - [2023-06-09 14:01:15,799] {log_util.py:40} INFO - Module loaded.
[2023-06-09 14:01:15,800] {processor.py:653} WARNING - No viable dags retrieved from /opt/airflow/dags/read_scopus_operator.py
[2023-06-09 14:01:15,816] {processor.py:161} INFO - Processing /opt/airflow/dags/read_scopus_operator.py took 0.223 seconds
[2023-06-09 14:01:46,191] {processor.py:153} INFO - Started process (PID=42947) to work on /opt/airflow/dags/read_scopus_operator.py
[2023-06-09 14:01:46,193] {processor.py:641} INFO - Processing file /opt/airflow/dags/read_scopus_operator.py for tasks to queue
[2023-06-09 14:01:46,194] {logging_mixin.py:115} INFO - [2023-06-09 14:01:46,194] {dagbag.py:508} INFO - Filling up the DagBag from /opt/airflow/dags/read_scopus_operator.py
[2023-06-09 14:01:46,214] {logging_mixin.py:115} INFO - [2023-06-09 14:01:46,213] {log_util.py:40} INFO - Module loaded.
[2023-06-09 14:01:46,441] {logging_mixin.py:115} INFO - [2023-06-09 14:01:46,440] {log_util.py:40} INFO - Module loaded.
[2023-06-09 14:01:46,444] {logging_mixin.py:115} INFO - [2023-06-09 14:01:46,444] {log_util.py:40} INFO - Module loaded.
[2023-06-09 14:01:46,447] {logging_mixin.py:115} INFO - [2023-06-09 14:01:46,447] {log_util.py:40} INFO - Module loaded.
[2023-06-09 14:01:46,451] {logging_mixin.py:115} INFO - [2023-06-09 14:01:46,450] {log_util.py:40} INFO - Module loaded.
[2023-06-09 14:01:46,452] {processor.py:653} WARNING - No viable dags retrieved from /opt/airflow/dags/read_scopus_operator.py
[2023-06-09 14:01:46,473] {processor.py:161} INFO - Processing /opt/airflow/dags/read_scopus_operator.py took 0.289 seconds
[2023-06-09 14:02:16,650] {processor.py:153} INFO - Started process (PID=42981) to work on /opt/airflow/dags/read_scopus_operator.py
[2023-06-09 14:02:16,652] {processor.py:641} INFO - Processing file /opt/airflow/dags/read_scopus_operator.py for tasks to queue
[2023-06-09 14:02:16,653] {logging_mixin.py:115} INFO - [2023-06-09 14:02:16,653] {dagbag.py:508} INFO - Filling up the DagBag from /opt/airflow/dags/read_scopus_operator.py
[2023-06-09 14:02:16,663] {logging_mixin.py:115} INFO - [2023-06-09 14:02:16,662] {log_util.py:40} INFO - Module loaded.
[2023-06-09 14:02:16,797] {logging_mixin.py:115} INFO - [2023-06-09 14:02:16,796] {log_util.py:40} INFO - Module loaded.
[2023-06-09 14:02:16,799] {logging_mixin.py:115} INFO - [2023-06-09 14:02:16,799] {log_util.py:40} INFO - Module loaded.
[2023-06-09 14:02:16,802] {logging_mixin.py:115} INFO - [2023-06-09 14:02:16,801] {log_util.py:40} INFO - Module loaded.
[2023-06-09 14:02:16,804] {logging_mixin.py:115} INFO - [2023-06-09 14:02:16,804] {log_util.py:40} INFO - Module loaded.
[2023-06-09 14:02:16,805] {processor.py:653} WARNING - No viable dags retrieved from /opt/airflow/dags/read_scopus_operator.py
[2023-06-09 14:02:16,818] {processor.py:161} INFO - Processing /opt/airflow/dags/read_scopus_operator.py took 0.171 seconds
