[2023-06-09 00:06:47,168] {processor.py:153} INFO - Started process (PID=40613) to work on /opt/airflow/dags/vic_investigacion_dag.py
[2023-06-09 00:06:47,175] {processor.py:641} INFO - Processing file /opt/airflow/dags/vic_investigacion_dag.py for tasks to queue
[2023-06-09 00:06:47,184] {logging_mixin.py:115} INFO - [2023-06-09 00:06:47,184] {dagbag.py:508} INFO - Filling up the DagBag from /opt/airflow/dags/vic_investigacion_dag.py
[2023-06-09 00:06:47,262] {logging_mixin.py:115} INFO - [2023-06-09 00:06:47,242] {log_util.py:40} INFO - Module loaded.
[2023-06-09 00:06:47,718] {logging_mixin.py:115} INFO - [2023-06-09 00:06:47,711] {log_util.py:40} INFO - Module loaded.
[2023-06-09 00:06:47,750] {logging_mixin.py:115} INFO - [2023-06-09 00:06:47,742] {log_util.py:40} INFO - Module loaded.
[2023-06-09 00:06:47,755] {logging_mixin.py:115} INFO - [2023-06-09 00:06:47,754] {log_util.py:40} INFO - Module loaded.
[2023-06-09 00:06:47,760] {logging_mixin.py:115} INFO - [2023-06-09 00:06:47,758] {log_util.py:40} INFO - Module loaded.
[2023-06-09 00:06:47,902] {processor.py:651} INFO - DAG(s) dict_keys(['vic_investigacion_ETL']) retrieved from /opt/airflow/dags/vic_investigacion_dag.py
[2023-06-09 00:06:47,931] {logging_mixin.py:115} INFO - [2023-06-09 00:06:47,930] {dag.py:2420} INFO - Sync 1 DAGs
[2023-06-09 00:06:47,962] {logging_mixin.py:115} INFO - [2023-06-09 00:06:47,962] {dag.py:2972} INFO - Setting next_dagrun for vic_investigacion_ETL to None, run_after=None
[2023-06-09 00:06:47,974] {processor.py:161} INFO - Processing /opt/airflow/dags/vic_investigacion_dag.py took 0.820 seconds
[2023-06-09 00:07:18,294] {processor.py:153} INFO - Started process (PID=40657) to work on /opt/airflow/dags/vic_investigacion_dag.py
[2023-06-09 00:07:18,295] {processor.py:641} INFO - Processing file /opt/airflow/dags/vic_investigacion_dag.py for tasks to queue
[2023-06-09 00:07:18,296] {logging_mixin.py:115} INFO - [2023-06-09 00:07:18,296] {dagbag.py:508} INFO - Filling up the DagBag from /opt/airflow/dags/vic_investigacion_dag.py
[2023-06-09 00:07:18,310] {logging_mixin.py:115} INFO - [2023-06-09 00:07:18,309] {log_util.py:40} INFO - Module loaded.
[2023-06-09 00:07:18,454] {logging_mixin.py:115} INFO - [2023-06-09 00:07:18,454] {log_util.py:40} INFO - Module loaded.
[2023-06-09 00:07:18,458] {logging_mixin.py:115} INFO - [2023-06-09 00:07:18,457] {log_util.py:40} INFO - Module loaded.
[2023-06-09 00:07:18,462] {logging_mixin.py:115} INFO - [2023-06-09 00:07:18,462] {log_util.py:40} INFO - Module loaded.
[2023-06-09 00:07:18,469] {logging_mixin.py:115} INFO - [2023-06-09 00:07:18,466] {log_util.py:40} INFO - Module loaded.
[2023-06-09 00:07:18,580] {processor.py:651} INFO - DAG(s) dict_keys(['vic_investigacion_ETL']) retrieved from /opt/airflow/dags/vic_investigacion_dag.py
[2023-06-09 00:07:18,603] {logging_mixin.py:115} INFO - [2023-06-09 00:07:18,603] {dag.py:2420} INFO - Sync 1 DAGs
[2023-06-09 00:07:18,622] {logging_mixin.py:115} INFO - [2023-06-09 00:07:18,622] {dag.py:2972} INFO - Setting next_dagrun for vic_investigacion_ETL to None, run_after=None
[2023-06-09 00:07:18,632] {processor.py:161} INFO - Processing /opt/airflow/dags/vic_investigacion_dag.py took 0.340 seconds
[2023-06-09 00:07:48,715] {processor.py:153} INFO - Started process (PID=40700) to work on /opt/airflow/dags/vic_investigacion_dag.py
[2023-06-09 00:07:48,716] {processor.py:641} INFO - Processing file /opt/airflow/dags/vic_investigacion_dag.py for tasks to queue
[2023-06-09 00:07:48,717] {logging_mixin.py:115} INFO - [2023-06-09 00:07:48,717] {dagbag.py:508} INFO - Filling up the DagBag from /opt/airflow/dags/vic_investigacion_dag.py
[2023-06-09 00:07:48,728] {logging_mixin.py:115} INFO - [2023-06-09 00:07:48,727] {log_util.py:40} INFO - Module loaded.
[2023-06-09 00:07:48,862] {logging_mixin.py:115} INFO - [2023-06-09 00:07:48,861] {log_util.py:40} INFO - Module loaded.
[2023-06-09 00:07:48,865] {logging_mixin.py:115} INFO - [2023-06-09 00:07:48,864] {log_util.py:40} INFO - Module loaded.
[2023-06-09 00:07:48,868] {logging_mixin.py:115} INFO - [2023-06-09 00:07:48,867] {log_util.py:40} INFO - Module loaded.
[2023-06-09 00:07:48,871] {logging_mixin.py:115} INFO - [2023-06-09 00:07:48,870] {log_util.py:40} INFO - Module loaded.
[2023-06-09 00:07:48,970] {processor.py:651} INFO - DAG(s) dict_keys(['vic_investigacion_ETL']) retrieved from /opt/airflow/dags/vic_investigacion_dag.py
[2023-06-09 00:07:48,992] {logging_mixin.py:115} INFO - [2023-06-09 00:07:48,992] {dag.py:2420} INFO - Sync 1 DAGs
[2023-06-09 00:07:49,010] {logging_mixin.py:115} INFO - [2023-06-09 00:07:49,009] {dag.py:2972} INFO - Setting next_dagrun for vic_investigacion_ETL to None, run_after=None
[2023-06-09 00:07:49,018] {processor.py:161} INFO - Processing /opt/airflow/dags/vic_investigacion_dag.py took 0.306 seconds
[2023-06-09 00:08:19,672] {processor.py:153} INFO - Started process (PID=40742) to work on /opt/airflow/dags/vic_investigacion_dag.py
[2023-06-09 00:08:19,675] {processor.py:641} INFO - Processing file /opt/airflow/dags/vic_investigacion_dag.py for tasks to queue
[2023-06-09 00:08:19,677] {logging_mixin.py:115} INFO - [2023-06-09 00:08:19,677] {dagbag.py:508} INFO - Filling up the DagBag from /opt/airflow/dags/vic_investigacion_dag.py
[2023-06-09 00:08:19,691] {logging_mixin.py:115} INFO - [2023-06-09 00:08:19,690] {log_util.py:40} INFO - Module loaded.
[2023-06-09 00:08:19,927] {logging_mixin.py:115} INFO - [2023-06-09 00:08:19,926] {log_util.py:40} INFO - Module loaded.
[2023-06-09 00:08:19,930] {logging_mixin.py:115} INFO - [2023-06-09 00:08:19,929] {log_util.py:40} INFO - Module loaded.
[2023-06-09 00:08:19,933] {logging_mixin.py:115} INFO - [2023-06-09 00:08:19,932] {log_util.py:40} INFO - Module loaded.
[2023-06-09 00:08:19,935] {logging_mixin.py:115} INFO - [2023-06-09 00:08:19,934] {log_util.py:40} INFO - Module loaded.
[2023-06-09 00:08:20,068] {processor.py:651} INFO - DAG(s) dict_keys(['vic_investigacion_ETL']) retrieved from /opt/airflow/dags/vic_investigacion_dag.py
[2023-06-09 00:08:20,092] {logging_mixin.py:115} INFO - [2023-06-09 00:08:20,092] {dag.py:2420} INFO - Sync 1 DAGs
[2023-06-09 00:08:20,111] {logging_mixin.py:115} INFO - [2023-06-09 00:08:20,111] {dag.py:2972} INFO - Setting next_dagrun for vic_investigacion_ETL to None, run_after=None
[2023-06-09 00:08:20,122] {processor.py:161} INFO - Processing /opt/airflow/dags/vic_investigacion_dag.py took 0.470 seconds
[2023-06-09 00:08:50,377] {processor.py:153} INFO - Started process (PID=40786) to work on /opt/airflow/dags/vic_investigacion_dag.py
[2023-06-09 00:08:50,378] {processor.py:641} INFO - Processing file /opt/airflow/dags/vic_investigacion_dag.py for tasks to queue
[2023-06-09 00:08:50,382] {logging_mixin.py:115} INFO - [2023-06-09 00:08:50,382] {dagbag.py:508} INFO - Filling up the DagBag from /opt/airflow/dags/vic_investigacion_dag.py
[2023-06-09 00:08:50,392] {logging_mixin.py:115} INFO - [2023-06-09 00:08:50,391] {log_util.py:40} INFO - Module loaded.
[2023-06-09 00:08:50,519] {logging_mixin.py:115} INFO - [2023-06-09 00:08:50,518] {log_util.py:40} INFO - Module loaded.
[2023-06-09 00:08:50,521] {logging_mixin.py:115} INFO - [2023-06-09 00:08:50,521] {log_util.py:40} INFO - Module loaded.
[2023-06-09 00:08:50,523] {logging_mixin.py:115} INFO - [2023-06-09 00:08:50,523] {log_util.py:40} INFO - Module loaded.
[2023-06-09 00:08:50,526] {logging_mixin.py:115} INFO - [2023-06-09 00:08:50,525] {log_util.py:40} INFO - Module loaded.
[2023-06-09 00:08:50,622] {processor.py:651} INFO - DAG(s) dict_keys(['vic_investigacion_ETL']) retrieved from /opt/airflow/dags/vic_investigacion_dag.py
[2023-06-09 00:08:50,644] {logging_mixin.py:115} INFO - [2023-06-09 00:08:50,644] {dag.py:2420} INFO - Sync 1 DAGs
[2023-06-09 00:08:50,662] {logging_mixin.py:115} INFO - [2023-06-09 00:08:50,662] {dag.py:2972} INFO - Setting next_dagrun for vic_investigacion_ETL to None, run_after=None
[2023-06-09 00:08:50,670] {processor.py:161} INFO - Processing /opt/airflow/dags/vic_investigacion_dag.py took 0.296 seconds
[2023-06-09 00:09:21,318] {processor.py:153} INFO - Started process (PID=40819) to work on /opt/airflow/dags/vic_investigacion_dag.py
[2023-06-09 00:09:21,319] {processor.py:641} INFO - Processing file /opt/airflow/dags/vic_investigacion_dag.py for tasks to queue
[2023-06-09 00:09:21,321] {logging_mixin.py:115} INFO - [2023-06-09 00:09:21,321] {dagbag.py:508} INFO - Filling up the DagBag from /opt/airflow/dags/vic_investigacion_dag.py
[2023-06-09 00:09:21,330] {logging_mixin.py:115} INFO - [2023-06-09 00:09:21,330] {log_util.py:40} INFO - Module loaded.
[2023-06-09 00:09:21,474] {logging_mixin.py:115} INFO - [2023-06-09 00:09:21,473] {log_util.py:40} INFO - Module loaded.
[2023-06-09 00:09:21,476] {logging_mixin.py:115} INFO - [2023-06-09 00:09:21,476] {log_util.py:40} INFO - Module loaded.
[2023-06-09 00:09:21,479] {logging_mixin.py:115} INFO - [2023-06-09 00:09:21,479] {log_util.py:40} INFO - Module loaded.
[2023-06-09 00:09:21,482] {logging_mixin.py:115} INFO - [2023-06-09 00:09:21,481] {log_util.py:40} INFO - Module loaded.
[2023-06-09 00:09:21,565] {processor.py:651} INFO - DAG(s) dict_keys(['vic_investigacion_ETL']) retrieved from /opt/airflow/dags/vic_investigacion_dag.py
[2023-06-09 00:09:21,585] {logging_mixin.py:115} INFO - [2023-06-09 00:09:21,585] {dag.py:2420} INFO - Sync 1 DAGs
[2023-06-09 00:09:21,598] {logging_mixin.py:115} INFO - [2023-06-09 00:09:21,598] {dag.py:2972} INFO - Setting next_dagrun for vic_investigacion_ETL to None, run_after=None
[2023-06-09 00:09:21,607] {processor.py:161} INFO - Processing /opt/airflow/dags/vic_investigacion_dag.py took 0.293 seconds
[2023-06-09 00:09:52,396] {processor.py:153} INFO - Started process (PID=40862) to work on /opt/airflow/dags/vic_investigacion_dag.py
[2023-06-09 00:09:52,398] {processor.py:641} INFO - Processing file /opt/airflow/dags/vic_investigacion_dag.py for tasks to queue
[2023-06-09 00:09:52,399] {logging_mixin.py:115} INFO - [2023-06-09 00:09:52,399] {dagbag.py:508} INFO - Filling up the DagBag from /opt/airflow/dags/vic_investigacion_dag.py
[2023-06-09 00:09:52,415] {logging_mixin.py:115} INFO - [2023-06-09 00:09:52,413] {log_util.py:40} INFO - Module loaded.
[2023-06-09 00:09:52,677] {logging_mixin.py:115} INFO - [2023-06-09 00:09:52,675] {log_util.py:40} INFO - Module loaded.
[2023-06-09 00:09:52,679] {logging_mixin.py:115} INFO - [2023-06-09 00:09:52,679] {log_util.py:40} INFO - Module loaded.
[2023-06-09 00:09:52,682] {logging_mixin.py:115} INFO - [2023-06-09 00:09:52,681] {log_util.py:40} INFO - Module loaded.
[2023-06-09 00:09:52,684] {logging_mixin.py:115} INFO - [2023-06-09 00:09:52,684] {log_util.py:40} INFO - Module loaded.
[2023-06-09 00:09:52,800] {processor.py:651} INFO - DAG(s) dict_keys(['vic_investigacion_ETL']) retrieved from /opt/airflow/dags/vic_investigacion_dag.py
[2023-06-09 00:09:52,824] {logging_mixin.py:115} INFO - [2023-06-09 00:09:52,823] {dag.py:2420} INFO - Sync 1 DAGs
[2023-06-09 00:09:52,840] {logging_mixin.py:115} INFO - [2023-06-09 00:09:52,840] {dag.py:2972} INFO - Setting next_dagrun for vic_investigacion_ETL to None, run_after=None
[2023-06-09 00:09:52,848] {processor.py:161} INFO - Processing /opt/airflow/dags/vic_investigacion_dag.py took 0.458 seconds
[2023-06-09 00:10:23,619] {processor.py:153} INFO - Started process (PID=40905) to work on /opt/airflow/dags/vic_investigacion_dag.py
[2023-06-09 00:10:23,620] {processor.py:641} INFO - Processing file /opt/airflow/dags/vic_investigacion_dag.py for tasks to queue
[2023-06-09 00:10:23,621] {logging_mixin.py:115} INFO - [2023-06-09 00:10:23,621] {dagbag.py:508} INFO - Filling up the DagBag from /opt/airflow/dags/vic_investigacion_dag.py
[2023-06-09 00:10:23,631] {logging_mixin.py:115} INFO - [2023-06-09 00:10:23,630] {log_util.py:40} INFO - Module loaded.
[2023-06-09 00:10:23,814] {logging_mixin.py:115} INFO - [2023-06-09 00:10:23,813] {log_util.py:40} INFO - Module loaded.
[2023-06-09 00:10:23,817] {logging_mixin.py:115} INFO - [2023-06-09 00:10:23,816] {log_util.py:40} INFO - Module loaded.
[2023-06-09 00:10:23,820] {logging_mixin.py:115} INFO - [2023-06-09 00:10:23,819] {log_util.py:40} INFO - Module loaded.
[2023-06-09 00:10:23,822] {logging_mixin.py:115} INFO - [2023-06-09 00:10:23,822] {log_util.py:40} INFO - Module loaded.
[2023-06-09 00:10:23,914] {processor.py:651} INFO - DAG(s) dict_keys(['vic_investigacion_ETL']) retrieved from /opt/airflow/dags/vic_investigacion_dag.py
[2023-06-09 00:10:23,934] {logging_mixin.py:115} INFO - [2023-06-09 00:10:23,933] {dag.py:2420} INFO - Sync 1 DAGs
[2023-06-09 00:10:23,948] {logging_mixin.py:115} INFO - [2023-06-09 00:10:23,948] {dag.py:2972} INFO - Setting next_dagrun for vic_investigacion_ETL to None, run_after=None
[2023-06-09 00:10:23,956] {processor.py:161} INFO - Processing /opt/airflow/dags/vic_investigacion_dag.py took 0.341 seconds
[2023-06-09 00:10:54,629] {processor.py:153} INFO - Started process (PID=40948) to work on /opt/airflow/dags/vic_investigacion_dag.py
[2023-06-09 00:10:54,631] {processor.py:641} INFO - Processing file /opt/airflow/dags/vic_investigacion_dag.py for tasks to queue
[2023-06-09 00:10:54,632] {logging_mixin.py:115} INFO - [2023-06-09 00:10:54,632] {dagbag.py:508} INFO - Filling up the DagBag from /opt/airflow/dags/vic_investigacion_dag.py
[2023-06-09 00:10:54,641] {logging_mixin.py:115} INFO - [2023-06-09 00:10:54,641] {log_util.py:40} INFO - Module loaded.
[2023-06-09 00:10:54,774] {logging_mixin.py:115} INFO - [2023-06-09 00:10:54,774] {log_util.py:40} INFO - Module loaded.
[2023-06-09 00:10:54,777] {logging_mixin.py:115} INFO - [2023-06-09 00:10:54,777] {log_util.py:40} INFO - Module loaded.
[2023-06-09 00:10:54,779] {logging_mixin.py:115} INFO - [2023-06-09 00:10:54,779] {log_util.py:40} INFO - Module loaded.
[2023-06-09 00:10:54,782] {logging_mixin.py:115} INFO - [2023-06-09 00:10:54,781] {log_util.py:40} INFO - Module loaded.
[2023-06-09 00:10:54,879] {processor.py:651} INFO - DAG(s) dict_keys(['vic_investigacion_ETL']) retrieved from /opt/airflow/dags/vic_investigacion_dag.py
[2023-06-09 00:10:54,899] {logging_mixin.py:115} INFO - [2023-06-09 00:10:54,899] {dag.py:2420} INFO - Sync 1 DAGs
[2023-06-09 00:10:54,913] {logging_mixin.py:115} INFO - [2023-06-09 00:10:54,913] {dag.py:2972} INFO - Setting next_dagrun for vic_investigacion_ETL to None, run_after=None
[2023-06-09 00:10:54,920] {processor.py:161} INFO - Processing /opt/airflow/dags/vic_investigacion_dag.py took 0.296 seconds
[2023-06-09 00:11:25,610] {processor.py:153} INFO - Started process (PID=40991) to work on /opt/airflow/dags/vic_investigacion_dag.py
[2023-06-09 00:11:25,611] {processor.py:641} INFO - Processing file /opt/airflow/dags/vic_investigacion_dag.py for tasks to queue
[2023-06-09 00:11:25,612] {logging_mixin.py:115} INFO - [2023-06-09 00:11:25,612] {dagbag.py:508} INFO - Filling up the DagBag from /opt/airflow/dags/vic_investigacion_dag.py
[2023-06-09 00:11:25,622] {logging_mixin.py:115} INFO - [2023-06-09 00:11:25,621] {log_util.py:40} INFO - Module loaded.
[2023-06-09 00:11:25,781] {logging_mixin.py:115} INFO - [2023-06-09 00:11:25,780] {log_util.py:40} INFO - Module loaded.
[2023-06-09 00:11:25,785] {logging_mixin.py:115} INFO - [2023-06-09 00:11:25,784] {log_util.py:40} INFO - Module loaded.
[2023-06-09 00:11:25,787] {logging_mixin.py:115} INFO - [2023-06-09 00:11:25,787] {log_util.py:40} INFO - Module loaded.
[2023-06-09 00:11:25,790] {logging_mixin.py:115} INFO - [2023-06-09 00:11:25,789] {log_util.py:40} INFO - Module loaded.
[2023-06-09 00:11:25,875] {processor.py:651} INFO - DAG(s) dict_keys(['vic_investigacion_ETL']) retrieved from /opt/airflow/dags/vic_investigacion_dag.py
[2023-06-09 00:11:25,896] {logging_mixin.py:115} INFO - [2023-06-09 00:11:25,896] {dag.py:2420} INFO - Sync 1 DAGs
[2023-06-09 00:11:25,911] {logging_mixin.py:115} INFO - [2023-06-09 00:11:25,911] {dag.py:2972} INFO - Setting next_dagrun for vic_investigacion_ETL to None, run_after=None
[2023-06-09 00:11:25,919] {processor.py:161} INFO - Processing /opt/airflow/dags/vic_investigacion_dag.py took 0.313 seconds
[2023-06-09 00:11:56,655] {processor.py:153} INFO - Started process (PID=41033) to work on /opt/airflow/dags/vic_investigacion_dag.py
[2023-06-09 00:11:56,657] {processor.py:641} INFO - Processing file /opt/airflow/dags/vic_investigacion_dag.py for tasks to queue
[2023-06-09 00:11:56,659] {logging_mixin.py:115} INFO - [2023-06-09 00:11:56,659] {dagbag.py:508} INFO - Filling up the DagBag from /opt/airflow/dags/vic_investigacion_dag.py
[2023-06-09 00:11:56,671] {logging_mixin.py:115} INFO - [2023-06-09 00:11:56,670] {log_util.py:40} INFO - Module loaded.
[2023-06-09 00:11:56,796] {logging_mixin.py:115} INFO - [2023-06-09 00:11:56,796] {log_util.py:40} INFO - Module loaded.
[2023-06-09 00:11:56,799] {logging_mixin.py:115} INFO - [2023-06-09 00:11:56,799] {log_util.py:40} INFO - Module loaded.
[2023-06-09 00:11:56,802] {logging_mixin.py:115} INFO - [2023-06-09 00:11:56,801] {log_util.py:40} INFO - Module loaded.
[2023-06-09 00:11:56,804] {logging_mixin.py:115} INFO - [2023-06-09 00:11:56,803] {log_util.py:40} INFO - Module loaded.
[2023-06-09 00:11:56,880] {processor.py:651} INFO - DAG(s) dict_keys(['vic_investigacion_ETL']) retrieved from /opt/airflow/dags/vic_investigacion_dag.py
[2023-06-09 00:11:56,898] {logging_mixin.py:115} INFO - [2023-06-09 00:11:56,898] {dag.py:2420} INFO - Sync 1 DAGs
[2023-06-09 00:11:56,910] {logging_mixin.py:115} INFO - [2023-06-09 00:11:56,910] {dag.py:2972} INFO - Setting next_dagrun for vic_investigacion_ETL to None, run_after=None
[2023-06-09 00:11:56,918] {processor.py:161} INFO - Processing /opt/airflow/dags/vic_investigacion_dag.py took 0.268 seconds
[2023-06-09 00:12:27,612] {processor.py:153} INFO - Started process (PID=41076) to work on /opt/airflow/dags/vic_investigacion_dag.py
[2023-06-09 00:12:27,614] {processor.py:641} INFO - Processing file /opt/airflow/dags/vic_investigacion_dag.py for tasks to queue
[2023-06-09 00:12:27,615] {logging_mixin.py:115} INFO - [2023-06-09 00:12:27,615] {dagbag.py:508} INFO - Filling up the DagBag from /opt/airflow/dags/vic_investigacion_dag.py
[2023-06-09 00:12:27,627] {logging_mixin.py:115} INFO - [2023-06-09 00:12:27,627] {log_util.py:40} INFO - Module loaded.
[2023-06-09 00:12:27,753] {logging_mixin.py:115} INFO - [2023-06-09 00:12:27,753] {log_util.py:40} INFO - Module loaded.
[2023-06-09 00:12:27,756] {logging_mixin.py:115} INFO - [2023-06-09 00:12:27,756] {log_util.py:40} INFO - Module loaded.
[2023-06-09 00:12:27,758] {logging_mixin.py:115} INFO - [2023-06-09 00:12:27,758] {log_util.py:40} INFO - Module loaded.
[2023-06-09 00:12:27,761] {logging_mixin.py:115} INFO - [2023-06-09 00:12:27,760] {log_util.py:40} INFO - Module loaded.
[2023-06-09 00:12:27,847] {processor.py:651} INFO - DAG(s) dict_keys(['vic_investigacion_ETL']) retrieved from /opt/airflow/dags/vic_investigacion_dag.py
[2023-06-09 00:12:27,864] {logging_mixin.py:115} INFO - [2023-06-09 00:12:27,864] {dag.py:2420} INFO - Sync 1 DAGs
[2023-06-09 00:12:27,877] {logging_mixin.py:115} INFO - [2023-06-09 00:12:27,877] {dag.py:2972} INFO - Setting next_dagrun for vic_investigacion_ETL to None, run_after=None
[2023-06-09 00:12:27,884] {processor.py:161} INFO - Processing /opt/airflow/dags/vic_investigacion_dag.py took 0.277 seconds
[2023-06-09 00:12:58,509] {processor.py:153} INFO - Started process (PID=41117) to work on /opt/airflow/dags/vic_investigacion_dag.py
[2023-06-09 00:12:58,510] {processor.py:641} INFO - Processing file /opt/airflow/dags/vic_investigacion_dag.py for tasks to queue
[2023-06-09 00:12:58,512] {logging_mixin.py:115} INFO - [2023-06-09 00:12:58,511] {dagbag.py:508} INFO - Filling up the DagBag from /opt/airflow/dags/vic_investigacion_dag.py
[2023-06-09 00:12:58,524] {logging_mixin.py:115} INFO - [2023-06-09 00:12:58,522] {log_util.py:40} INFO - Module loaded.
[2023-06-09 00:12:58,692] {logging_mixin.py:115} INFO - [2023-06-09 00:12:58,692] {log_util.py:40} INFO - Module loaded.
[2023-06-09 00:12:58,696] {logging_mixin.py:115} INFO - [2023-06-09 00:12:58,695] {log_util.py:40} INFO - Module loaded.
[2023-06-09 00:12:58,698] {logging_mixin.py:115} INFO - [2023-06-09 00:12:58,698] {log_util.py:40} INFO - Module loaded.
[2023-06-09 00:12:58,701] {logging_mixin.py:115} INFO - [2023-06-09 00:12:58,700] {log_util.py:40} INFO - Module loaded.
[2023-06-09 00:12:58,795] {processor.py:651} INFO - DAG(s) dict_keys(['vic_investigacion_ETL']) retrieved from /opt/airflow/dags/vic_investigacion_dag.py
[2023-06-09 00:12:58,827] {logging_mixin.py:115} INFO - [2023-06-09 00:12:58,827] {dag.py:2420} INFO - Sync 1 DAGs
[2023-06-09 00:12:58,846] {logging_mixin.py:115} INFO - [2023-06-09 00:12:58,846] {dag.py:2972} INFO - Setting next_dagrun for vic_investigacion_ETL to None, run_after=None
[2023-06-09 00:12:58,857] {processor.py:161} INFO - Processing /opt/airflow/dags/vic_investigacion_dag.py took 0.353 seconds
[2023-06-09 00:13:29,668] {processor.py:153} INFO - Started process (PID=41152) to work on /opt/airflow/dags/vic_investigacion_dag.py
[2023-06-09 00:13:29,669] {processor.py:641} INFO - Processing file /opt/airflow/dags/vic_investigacion_dag.py for tasks to queue
[2023-06-09 00:13:29,670] {logging_mixin.py:115} INFO - [2023-06-09 00:13:29,670] {dagbag.py:508} INFO - Filling up the DagBag from /opt/airflow/dags/vic_investigacion_dag.py
[2023-06-09 00:13:29,679] {logging_mixin.py:115} INFO - [2023-06-09 00:13:29,678] {log_util.py:40} INFO - Module loaded.
[2023-06-09 00:13:29,808] {logging_mixin.py:115} INFO - [2023-06-09 00:13:29,807] {log_util.py:40} INFO - Module loaded.
[2023-06-09 00:13:29,810] {logging_mixin.py:115} INFO - [2023-06-09 00:13:29,809] {log_util.py:40} INFO - Module loaded.
[2023-06-09 00:13:29,812] {logging_mixin.py:115} INFO - [2023-06-09 00:13:29,812] {log_util.py:40} INFO - Module loaded.
[2023-06-09 00:13:29,815] {logging_mixin.py:115} INFO - [2023-06-09 00:13:29,815] {log_util.py:40} INFO - Module loaded.
[2023-06-09 00:13:29,894] {processor.py:651} INFO - DAG(s) dict_keys(['vic_investigacion_ETL']) retrieved from /opt/airflow/dags/vic_investigacion_dag.py
[2023-06-09 00:13:29,913] {logging_mixin.py:115} INFO - [2023-06-09 00:13:29,913] {dag.py:2420} INFO - Sync 1 DAGs
[2023-06-09 00:13:29,926] {logging_mixin.py:115} INFO - [2023-06-09 00:13:29,926] {dag.py:2972} INFO - Setting next_dagrun for vic_investigacion_ETL to None, run_after=None
[2023-06-09 00:13:29,934] {processor.py:161} INFO - Processing /opt/airflow/dags/vic_investigacion_dag.py took 0.270 seconds
[2023-06-09 00:14:00,610] {processor.py:153} INFO - Started process (PID=41194) to work on /opt/airflow/dags/vic_investigacion_dag.py
[2023-06-09 00:14:00,612] {processor.py:641} INFO - Processing file /opt/airflow/dags/vic_investigacion_dag.py for tasks to queue
[2023-06-09 00:14:00,613] {logging_mixin.py:115} INFO - [2023-06-09 00:14:00,613] {dagbag.py:508} INFO - Filling up the DagBag from /opt/airflow/dags/vic_investigacion_dag.py
[2023-06-09 00:14:00,627] {logging_mixin.py:115} INFO - [2023-06-09 00:14:00,626] {log_util.py:40} INFO - Module loaded.
[2023-06-09 00:14:00,753] {logging_mixin.py:115} INFO - [2023-06-09 00:14:00,752] {log_util.py:40} INFO - Module loaded.
[2023-06-09 00:14:00,755] {logging_mixin.py:115} INFO - [2023-06-09 00:14:00,755] {log_util.py:40} INFO - Module loaded.
[2023-06-09 00:14:00,758] {logging_mixin.py:115} INFO - [2023-06-09 00:14:00,757] {log_util.py:40} INFO - Module loaded.
[2023-06-09 00:14:00,760] {logging_mixin.py:115} INFO - [2023-06-09 00:14:00,760] {log_util.py:40} INFO - Module loaded.
[2023-06-09 00:14:00,843] {processor.py:651} INFO - DAG(s) dict_keys(['vic_investigacion_ETL']) retrieved from /opt/airflow/dags/vic_investigacion_dag.py
[2023-06-09 00:14:00,861] {logging_mixin.py:115} INFO - [2023-06-09 00:14:00,860] {dag.py:2420} INFO - Sync 1 DAGs
[2023-06-09 00:14:00,873] {logging_mixin.py:115} INFO - [2023-06-09 00:14:00,873] {dag.py:2972} INFO - Setting next_dagrun for vic_investigacion_ETL to None, run_after=None
[2023-06-09 00:14:00,881] {processor.py:161} INFO - Processing /opt/airflow/dags/vic_investigacion_dag.py took 0.277 seconds
[2023-06-09 00:14:31,562] {processor.py:153} INFO - Started process (PID=41237) to work on /opt/airflow/dags/vic_investigacion_dag.py
[2023-06-09 00:14:31,564] {processor.py:641} INFO - Processing file /opt/airflow/dags/vic_investigacion_dag.py for tasks to queue
[2023-06-09 00:14:31,565] {logging_mixin.py:115} INFO - [2023-06-09 00:14:31,565] {dagbag.py:508} INFO - Filling up the DagBag from /opt/airflow/dags/vic_investigacion_dag.py
[2023-06-09 00:14:31,576] {logging_mixin.py:115} INFO - [2023-06-09 00:14:31,575] {log_util.py:40} INFO - Module loaded.
[2023-06-09 00:14:31,701] {logging_mixin.py:115} INFO - [2023-06-09 00:14:31,701] {log_util.py:40} INFO - Module loaded.
[2023-06-09 00:14:31,704] {logging_mixin.py:115} INFO - [2023-06-09 00:14:31,703] {log_util.py:40} INFO - Module loaded.
[2023-06-09 00:14:31,706] {logging_mixin.py:115} INFO - [2023-06-09 00:14:31,705] {log_util.py:40} INFO - Module loaded.
[2023-06-09 00:14:31,708] {logging_mixin.py:115} INFO - [2023-06-09 00:14:31,708] {log_util.py:40} INFO - Module loaded.
[2023-06-09 00:14:31,782] {processor.py:651} INFO - DAG(s) dict_keys(['vic_investigacion_ETL']) retrieved from /opt/airflow/dags/vic_investigacion_dag.py
[2023-06-09 00:14:31,800] {logging_mixin.py:115} INFO - [2023-06-09 00:14:31,800] {dag.py:2420} INFO - Sync 1 DAGs
[2023-06-09 00:14:31,812] {logging_mixin.py:115} INFO - [2023-06-09 00:14:31,812] {dag.py:2972} INFO - Setting next_dagrun for vic_investigacion_ETL to None, run_after=None
[2023-06-09 00:14:31,820] {processor.py:161} INFO - Processing /opt/airflow/dags/vic_investigacion_dag.py took 0.264 seconds
[2023-06-09 00:15:02,487] {processor.py:153} INFO - Started process (PID=41280) to work on /opt/airflow/dags/vic_investigacion_dag.py
[2023-06-09 00:15:02,489] {processor.py:641} INFO - Processing file /opt/airflow/dags/vic_investigacion_dag.py for tasks to queue
[2023-06-09 00:15:02,492] {logging_mixin.py:115} INFO - [2023-06-09 00:15:02,492] {dagbag.py:508} INFO - Filling up the DagBag from /opt/airflow/dags/vic_investigacion_dag.py
[2023-06-09 00:15:02,522] {logging_mixin.py:115} INFO - [2023-06-09 00:15:02,521] {log_util.py:40} INFO - Module loaded.
[2023-06-09 00:15:02,756] {logging_mixin.py:115} INFO - [2023-06-09 00:15:02,756] {log_util.py:40} INFO - Module loaded.
[2023-06-09 00:15:02,760] {logging_mixin.py:115} INFO - [2023-06-09 00:15:02,759] {log_util.py:40} INFO - Module loaded.
[2023-06-09 00:15:02,763] {logging_mixin.py:115} INFO - [2023-06-09 00:15:02,762] {log_util.py:40} INFO - Module loaded.
[2023-06-09 00:15:02,765] {logging_mixin.py:115} INFO - [2023-06-09 00:15:02,764] {log_util.py:40} INFO - Module loaded.
[2023-06-09 00:15:02,889] {processor.py:651} INFO - DAG(s) dict_keys(['vic_investigacion_ETL']) retrieved from /opt/airflow/dags/vic_investigacion_dag.py
[2023-06-09 00:15:02,912] {logging_mixin.py:115} INFO - [2023-06-09 00:15:02,912] {dag.py:2420} INFO - Sync 1 DAGs
[2023-06-09 00:15:02,932] {logging_mixin.py:115} INFO - [2023-06-09 00:15:02,932] {dag.py:2972} INFO - Setting next_dagrun for vic_investigacion_ETL to None, run_after=None
[2023-06-09 00:15:02,941] {processor.py:161} INFO - Processing /opt/airflow/dags/vic_investigacion_dag.py took 0.459 seconds
[2023-06-09 00:15:33,629] {processor.py:153} INFO - Started process (PID=41322) to work on /opt/airflow/dags/vic_investigacion_dag.py
[2023-06-09 00:15:33,631] {processor.py:641} INFO - Processing file /opt/airflow/dags/vic_investigacion_dag.py for tasks to queue
[2023-06-09 00:15:33,633] {logging_mixin.py:115} INFO - [2023-06-09 00:15:33,632] {dagbag.py:508} INFO - Filling up the DagBag from /opt/airflow/dags/vic_investigacion_dag.py
[2023-06-09 00:15:33,648] {logging_mixin.py:115} INFO - [2023-06-09 00:15:33,648] {log_util.py:40} INFO - Module loaded.
[2023-06-09 00:15:33,771] {logging_mixin.py:115} INFO - [2023-06-09 00:15:33,770] {log_util.py:40} INFO - Module loaded.
[2023-06-09 00:15:33,775] {logging_mixin.py:115} INFO - [2023-06-09 00:15:33,774] {log_util.py:40} INFO - Module loaded.
[2023-06-09 00:15:33,777] {logging_mixin.py:115} INFO - [2023-06-09 00:15:33,776] {log_util.py:40} INFO - Module loaded.
[2023-06-09 00:15:33,779] {logging_mixin.py:115} INFO - [2023-06-09 00:15:33,779] {log_util.py:40} INFO - Module loaded.
[2023-06-09 00:15:33,852] {processor.py:651} INFO - DAG(s) dict_keys(['vic_investigacion_ETL']) retrieved from /opt/airflow/dags/vic_investigacion_dag.py
[2023-06-09 00:15:33,871] {logging_mixin.py:115} INFO - [2023-06-09 00:15:33,870] {dag.py:2420} INFO - Sync 1 DAGs
[2023-06-09 00:15:33,883] {logging_mixin.py:115} INFO - [2023-06-09 00:15:33,883] {dag.py:2972} INFO - Setting next_dagrun for vic_investigacion_ETL to None, run_after=None
[2023-06-09 00:15:33,891] {processor.py:161} INFO - Processing /opt/airflow/dags/vic_investigacion_dag.py took 0.267 seconds
[2023-06-09 00:16:04,490] {processor.py:153} INFO - Started process (PID=41365) to work on /opt/airflow/dags/vic_investigacion_dag.py
[2023-06-09 00:16:04,492] {processor.py:641} INFO - Processing file /opt/airflow/dags/vic_investigacion_dag.py for tasks to queue
[2023-06-09 00:16:04,493] {logging_mixin.py:115} INFO - [2023-06-09 00:16:04,493] {dagbag.py:508} INFO - Filling up the DagBag from /opt/airflow/dags/vic_investigacion_dag.py
[2023-06-09 00:16:04,503] {logging_mixin.py:115} INFO - [2023-06-09 00:16:04,503] {log_util.py:40} INFO - Module loaded.
[2023-06-09 00:16:04,636] {logging_mixin.py:115} INFO - [2023-06-09 00:16:04,635] {log_util.py:40} INFO - Module loaded.
[2023-06-09 00:16:04,639] {logging_mixin.py:115} INFO - [2023-06-09 00:16:04,637] {log_util.py:40} INFO - Module loaded.
[2023-06-09 00:16:04,641] {logging_mixin.py:115} INFO - [2023-06-09 00:16:04,641] {log_util.py:40} INFO - Module loaded.
[2023-06-09 00:16:04,644] {logging_mixin.py:115} INFO - [2023-06-09 00:16:04,643] {log_util.py:40} INFO - Module loaded.
[2023-06-09 00:16:04,720] {processor.py:651} INFO - DAG(s) dict_keys(['vic_investigacion_ETL']) retrieved from /opt/airflow/dags/vic_investigacion_dag.py
[2023-06-09 00:16:04,738] {logging_mixin.py:115} INFO - [2023-06-09 00:16:04,737] {dag.py:2420} INFO - Sync 1 DAGs
[2023-06-09 00:16:04,750] {logging_mixin.py:115} INFO - [2023-06-09 00:16:04,750] {dag.py:2972} INFO - Setting next_dagrun for vic_investigacion_ETL to None, run_after=None
[2023-06-09 00:16:04,758] {processor.py:161} INFO - Processing /opt/airflow/dags/vic_investigacion_dag.py took 0.272 seconds
[2023-06-09 00:16:35,406] {processor.py:153} INFO - Started process (PID=41408) to work on /opt/airflow/dags/vic_investigacion_dag.py
[2023-06-09 00:16:35,408] {processor.py:641} INFO - Processing file /opt/airflow/dags/vic_investigacion_dag.py for tasks to queue
[2023-06-09 00:16:35,410] {logging_mixin.py:115} INFO - [2023-06-09 00:16:35,410] {dagbag.py:508} INFO - Filling up the DagBag from /opt/airflow/dags/vic_investigacion_dag.py
[2023-06-09 00:16:35,420] {logging_mixin.py:115} INFO - [2023-06-09 00:16:35,420] {log_util.py:40} INFO - Module loaded.
[2023-06-09 00:16:35,594] {logging_mixin.py:115} INFO - [2023-06-09 00:16:35,593] {log_util.py:40} INFO - Module loaded.
[2023-06-09 00:16:35,599] {logging_mixin.py:115} INFO - [2023-06-09 00:16:35,598] {log_util.py:40} INFO - Module loaded.
[2023-06-09 00:16:35,601] {logging_mixin.py:115} INFO - [2023-06-09 00:16:35,601] {log_util.py:40} INFO - Module loaded.
[2023-06-09 00:16:35,604] {logging_mixin.py:115} INFO - [2023-06-09 00:16:35,604] {log_util.py:40} INFO - Module loaded.
[2023-06-09 00:16:35,696] {processor.py:651} INFO - DAG(s) dict_keys(['vic_investigacion_ETL']) retrieved from /opt/airflow/dags/vic_investigacion_dag.py
[2023-06-09 00:16:35,720] {logging_mixin.py:115} INFO - [2023-06-09 00:16:35,719] {dag.py:2420} INFO - Sync 1 DAGs
[2023-06-09 00:16:35,734] {logging_mixin.py:115} INFO - [2023-06-09 00:16:35,734] {dag.py:2972} INFO - Setting next_dagrun for vic_investigacion_ETL to None, run_after=None
[2023-06-09 00:16:35,743] {processor.py:161} INFO - Processing /opt/airflow/dags/vic_investigacion_dag.py took 0.339 seconds
[2023-06-09 00:17:06,551] {processor.py:153} INFO - Started process (PID=41442) to work on /opt/airflow/dags/vic_investigacion_dag.py
[2023-06-09 00:17:06,552] {processor.py:641} INFO - Processing file /opt/airflow/dags/vic_investigacion_dag.py for tasks to queue
[2023-06-09 00:17:06,553] {logging_mixin.py:115} INFO - [2023-06-09 00:17:06,553] {dagbag.py:508} INFO - Filling up the DagBag from /opt/airflow/dags/vic_investigacion_dag.py
[2023-06-09 00:17:06,564] {logging_mixin.py:115} INFO - [2023-06-09 00:17:06,564] {log_util.py:40} INFO - Module loaded.
[2023-06-09 00:17:06,723] {logging_mixin.py:115} INFO - [2023-06-09 00:17:06,721] {log_util.py:40} INFO - Module loaded.
[2023-06-09 00:17:06,727] {logging_mixin.py:115} INFO - [2023-06-09 00:17:06,726] {log_util.py:40} INFO - Module loaded.
[2023-06-09 00:17:06,729] {logging_mixin.py:115} INFO - [2023-06-09 00:17:06,728] {log_util.py:40} INFO - Module loaded.
[2023-06-09 00:17:06,731] {logging_mixin.py:115} INFO - [2023-06-09 00:17:06,731] {log_util.py:40} INFO - Module loaded.
[2023-06-09 00:17:06,818] {processor.py:651} INFO - DAG(s) dict_keys(['vic_investigacion_ETL']) retrieved from /opt/airflow/dags/vic_investigacion_dag.py
[2023-06-09 00:17:06,837] {logging_mixin.py:115} INFO - [2023-06-09 00:17:06,837] {dag.py:2420} INFO - Sync 1 DAGs
[2023-06-09 00:17:06,852] {logging_mixin.py:115} INFO - [2023-06-09 00:17:06,852] {dag.py:2972} INFO - Setting next_dagrun for vic_investigacion_ETL to None, run_after=None
[2023-06-09 00:17:06,860] {processor.py:161} INFO - Processing /opt/airflow/dags/vic_investigacion_dag.py took 0.316 seconds
[2023-06-09 00:17:37,492] {processor.py:153} INFO - Started process (PID=41486) to work on /opt/airflow/dags/vic_investigacion_dag.py
[2023-06-09 00:17:37,494] {processor.py:641} INFO - Processing file /opt/airflow/dags/vic_investigacion_dag.py for tasks to queue
[2023-06-09 00:17:37,495] {logging_mixin.py:115} INFO - [2023-06-09 00:17:37,495] {dagbag.py:508} INFO - Filling up the DagBag from /opt/airflow/dags/vic_investigacion_dag.py
[2023-06-09 00:17:37,508] {logging_mixin.py:115} INFO - [2023-06-09 00:17:37,506] {log_util.py:40} INFO - Module loaded.
[2023-06-09 00:17:37,646] {logging_mixin.py:115} INFO - [2023-06-09 00:17:37,645] {log_util.py:40} INFO - Module loaded.
[2023-06-09 00:17:37,649] {logging_mixin.py:115} INFO - [2023-06-09 00:17:37,648] {log_util.py:40} INFO - Module loaded.
[2023-06-09 00:17:37,651] {logging_mixin.py:115} INFO - [2023-06-09 00:17:37,650] {log_util.py:40} INFO - Module loaded.
[2023-06-09 00:17:37,653] {logging_mixin.py:115} INFO - [2023-06-09 00:17:37,653] {log_util.py:40} INFO - Module loaded.
[2023-06-09 00:17:37,736] {processor.py:651} INFO - DAG(s) dict_keys(['vic_investigacion_ETL']) retrieved from /opt/airflow/dags/vic_investigacion_dag.py
[2023-06-09 00:17:37,754] {logging_mixin.py:115} INFO - [2023-06-09 00:17:37,754] {dag.py:2420} INFO - Sync 1 DAGs
[2023-06-09 00:17:37,767] {logging_mixin.py:115} INFO - [2023-06-09 00:17:37,767] {dag.py:2972} INFO - Setting next_dagrun for vic_investigacion_ETL to None, run_after=None
[2023-06-09 00:17:37,775] {processor.py:161} INFO - Processing /opt/airflow/dags/vic_investigacion_dag.py took 0.289 seconds
[2023-06-09 00:18:08,425] {processor.py:153} INFO - Started process (PID=41529) to work on /opt/airflow/dags/vic_investigacion_dag.py
[2023-06-09 00:18:08,426] {processor.py:641} INFO - Processing file /opt/airflow/dags/vic_investigacion_dag.py for tasks to queue
[2023-06-09 00:18:08,427] {logging_mixin.py:115} INFO - [2023-06-09 00:18:08,427] {dagbag.py:508} INFO - Filling up the DagBag from /opt/airflow/dags/vic_investigacion_dag.py
[2023-06-09 00:18:08,436] {logging_mixin.py:115} INFO - [2023-06-09 00:18:08,436] {log_util.py:40} INFO - Module loaded.
[2023-06-09 00:18:08,564] {logging_mixin.py:115} INFO - [2023-06-09 00:18:08,563] {log_util.py:40} INFO - Module loaded.
[2023-06-09 00:18:08,566] {logging_mixin.py:115} INFO - [2023-06-09 00:18:08,566] {log_util.py:40} INFO - Module loaded.
[2023-06-09 00:18:08,569] {logging_mixin.py:115} INFO - [2023-06-09 00:18:08,568] {log_util.py:40} INFO - Module loaded.
[2023-06-09 00:18:08,571] {logging_mixin.py:115} INFO - [2023-06-09 00:18:08,570] {log_util.py:40} INFO - Module loaded.
[2023-06-09 00:18:08,647] {processor.py:651} INFO - DAG(s) dict_keys(['vic_investigacion_ETL']) retrieved from /opt/airflow/dags/vic_investigacion_dag.py
[2023-06-09 00:18:08,665] {logging_mixin.py:115} INFO - [2023-06-09 00:18:08,664] {dag.py:2420} INFO - Sync 1 DAGs
[2023-06-09 00:18:08,677] {logging_mixin.py:115} INFO - [2023-06-09 00:18:08,677] {dag.py:2972} INFO - Setting next_dagrun for vic_investigacion_ETL to None, run_after=None
[2023-06-09 00:18:08,686] {processor.py:161} INFO - Processing /opt/airflow/dags/vic_investigacion_dag.py took 0.266 seconds
[2023-06-09 00:18:39,340] {processor.py:153} INFO - Started process (PID=41573) to work on /opt/airflow/dags/vic_investigacion_dag.py
[2023-06-09 00:18:39,341] {processor.py:641} INFO - Processing file /opt/airflow/dags/vic_investigacion_dag.py for tasks to queue
[2023-06-09 00:18:39,343] {logging_mixin.py:115} INFO - [2023-06-09 00:18:39,343] {dagbag.py:508} INFO - Filling up the DagBag from /opt/airflow/dags/vic_investigacion_dag.py
[2023-06-09 00:18:39,352] {logging_mixin.py:115} INFO - [2023-06-09 00:18:39,352] {log_util.py:40} INFO - Module loaded.
[2023-06-09 00:18:39,509] {logging_mixin.py:115} INFO - [2023-06-09 00:18:39,508] {log_util.py:40} INFO - Module loaded.
[2023-06-09 00:18:39,511] {logging_mixin.py:115} INFO - [2023-06-09 00:18:39,511] {log_util.py:40} INFO - Module loaded.
[2023-06-09 00:18:39,514] {logging_mixin.py:115} INFO - [2023-06-09 00:18:39,513] {log_util.py:40} INFO - Module loaded.
[2023-06-09 00:18:39,516] {logging_mixin.py:115} INFO - [2023-06-09 00:18:39,516] {log_util.py:40} INFO - Module loaded.
[2023-06-09 00:18:39,596] {processor.py:651} INFO - DAG(s) dict_keys(['vic_investigacion_ETL']) retrieved from /opt/airflow/dags/vic_investigacion_dag.py
[2023-06-09 00:18:39,614] {logging_mixin.py:115} INFO - [2023-06-09 00:18:39,614] {dag.py:2420} INFO - Sync 1 DAGs
[2023-06-09 00:18:39,626] {logging_mixin.py:115} INFO - [2023-06-09 00:18:39,626] {dag.py:2972} INFO - Setting next_dagrun for vic_investigacion_ETL to None, run_after=None
[2023-06-09 00:18:39,633] {processor.py:161} INFO - Processing /opt/airflow/dags/vic_investigacion_dag.py took 0.297 seconds
[2023-06-09 00:19:10,353] {processor.py:153} INFO - Started process (PID=41616) to work on /opt/airflow/dags/vic_investigacion_dag.py
[2023-06-09 00:19:10,355] {processor.py:641} INFO - Processing file /opt/airflow/dags/vic_investigacion_dag.py for tasks to queue
[2023-06-09 00:19:10,356] {logging_mixin.py:115} INFO - [2023-06-09 00:19:10,356] {dagbag.py:508} INFO - Filling up the DagBag from /opt/airflow/dags/vic_investigacion_dag.py
[2023-06-09 00:19:10,370] {logging_mixin.py:115} INFO - [2023-06-09 00:19:10,369] {log_util.py:40} INFO - Module loaded.
[2023-06-09 00:19:10,499] {logging_mixin.py:115} INFO - [2023-06-09 00:19:10,498] {log_util.py:40} INFO - Module loaded.
[2023-06-09 00:19:10,501] {logging_mixin.py:115} INFO - [2023-06-09 00:19:10,501] {log_util.py:40} INFO - Module loaded.
[2023-06-09 00:19:10,504] {logging_mixin.py:115} INFO - [2023-06-09 00:19:10,503] {log_util.py:40} INFO - Module loaded.
[2023-06-09 00:19:10,507] {logging_mixin.py:115} INFO - [2023-06-09 00:19:10,506] {log_util.py:40} INFO - Module loaded.
[2023-06-09 00:19:10,596] {processor.py:651} INFO - DAG(s) dict_keys(['vic_investigacion_ETL']) retrieved from /opt/airflow/dags/vic_investigacion_dag.py
[2023-06-09 00:19:10,616] {logging_mixin.py:115} INFO - [2023-06-09 00:19:10,616] {dag.py:2420} INFO - Sync 1 DAGs
[2023-06-09 00:19:10,631] {logging_mixin.py:115} INFO - [2023-06-09 00:19:10,631] {dag.py:2972} INFO - Setting next_dagrun for vic_investigacion_ETL to None, run_after=None
[2023-06-09 00:19:10,639] {processor.py:161} INFO - Processing /opt/airflow/dags/vic_investigacion_dag.py took 0.293 seconds
[2023-06-09 00:19:41,296] {processor.py:153} INFO - Started process (PID=41658) to work on /opt/airflow/dags/vic_investigacion_dag.py
[2023-06-09 00:19:41,297] {processor.py:641} INFO - Processing file /opt/airflow/dags/vic_investigacion_dag.py for tasks to queue
[2023-06-09 00:19:41,298] {logging_mixin.py:115} INFO - [2023-06-09 00:19:41,298] {dagbag.py:508} INFO - Filling up the DagBag from /opt/airflow/dags/vic_investigacion_dag.py
[2023-06-09 00:19:41,307] {logging_mixin.py:115} INFO - [2023-06-09 00:19:41,307] {log_util.py:40} INFO - Module loaded.
[2023-06-09 00:19:41,446] {logging_mixin.py:115} INFO - [2023-06-09 00:19:41,445] {log_util.py:40} INFO - Module loaded.
[2023-06-09 00:19:41,449] {logging_mixin.py:115} INFO - [2023-06-09 00:19:41,448] {log_util.py:40} INFO - Module loaded.
[2023-06-09 00:19:41,452] {logging_mixin.py:115} INFO - [2023-06-09 00:19:41,451] {log_util.py:40} INFO - Module loaded.
[2023-06-09 00:19:41,455] {logging_mixin.py:115} INFO - [2023-06-09 00:19:41,454] {log_util.py:40} INFO - Module loaded.
[2023-06-09 00:19:41,533] {processor.py:651} INFO - DAG(s) dict_keys(['vic_investigacion_ETL']) retrieved from /opt/airflow/dags/vic_investigacion_dag.py
[2023-06-09 00:19:41,554] {logging_mixin.py:115} INFO - [2023-06-09 00:19:41,553] {dag.py:2420} INFO - Sync 1 DAGs
[2023-06-09 00:19:41,568] {logging_mixin.py:115} INFO - [2023-06-09 00:19:41,568] {dag.py:2972} INFO - Setting next_dagrun for vic_investigacion_ETL to None, run_after=None
[2023-06-09 00:19:41,575] {processor.py:161} INFO - Processing /opt/airflow/dags/vic_investigacion_dag.py took 0.281 seconds
[2023-06-09 00:20:12,352] {processor.py:153} INFO - Started process (PID=41701) to work on /opt/airflow/dags/vic_investigacion_dag.py
[2023-06-09 00:20:12,354] {processor.py:641} INFO - Processing file /opt/airflow/dags/vic_investigacion_dag.py for tasks to queue
[2023-06-09 00:20:12,355] {logging_mixin.py:115} INFO - [2023-06-09 00:20:12,355] {dagbag.py:508} INFO - Filling up the DagBag from /opt/airflow/dags/vic_investigacion_dag.py
[2023-06-09 00:20:12,365] {logging_mixin.py:115} INFO - [2023-06-09 00:20:12,364] {log_util.py:40} INFO - Module loaded.
[2023-06-09 00:20:12,537] {logging_mixin.py:115} INFO - [2023-06-09 00:20:12,536] {log_util.py:40} INFO - Module loaded.
[2023-06-09 00:20:12,540] {logging_mixin.py:115} INFO - [2023-06-09 00:20:12,539] {log_util.py:40} INFO - Module loaded.
[2023-06-09 00:20:12,542] {logging_mixin.py:115} INFO - [2023-06-09 00:20:12,541] {log_util.py:40} INFO - Module loaded.
[2023-06-09 00:20:12,544] {logging_mixin.py:115} INFO - [2023-06-09 00:20:12,543] {log_util.py:40} INFO - Module loaded.
[2023-06-09 00:20:12,643] {processor.py:651} INFO - DAG(s) dict_keys(['vic_investigacion_ETL']) retrieved from /opt/airflow/dags/vic_investigacion_dag.py
[2023-06-09 00:20:12,663] {logging_mixin.py:115} INFO - [2023-06-09 00:20:12,663] {dag.py:2420} INFO - Sync 1 DAGs
[2023-06-09 00:20:12,677] {logging_mixin.py:115} INFO - [2023-06-09 00:20:12,677] {dag.py:2972} INFO - Setting next_dagrun for vic_investigacion_ETL to None, run_after=None
[2023-06-09 00:20:12,686] {processor.py:161} INFO - Processing /opt/airflow/dags/vic_investigacion_dag.py took 0.338 seconds
[2023-06-09 00:20:43,393] {processor.py:153} INFO - Started process (PID=41735) to work on /opt/airflow/dags/vic_investigacion_dag.py
[2023-06-09 00:20:43,395] {processor.py:641} INFO - Processing file /opt/airflow/dags/vic_investigacion_dag.py for tasks to queue
[2023-06-09 00:20:43,397] {logging_mixin.py:115} INFO - [2023-06-09 00:20:43,397] {dagbag.py:508} INFO - Filling up the DagBag from /opt/airflow/dags/vic_investigacion_dag.py
[2023-06-09 00:20:43,409] {logging_mixin.py:115} INFO - [2023-06-09 00:20:43,408] {log_util.py:40} INFO - Module loaded.
[2023-06-09 00:20:43,584] {logging_mixin.py:115} INFO - [2023-06-09 00:20:43,584] {log_util.py:40} INFO - Module loaded.
[2023-06-09 00:20:43,587] {logging_mixin.py:115} INFO - [2023-06-09 00:20:43,586] {log_util.py:40} INFO - Module loaded.
[2023-06-09 00:20:43,590] {logging_mixin.py:115} INFO - [2023-06-09 00:20:43,589] {log_util.py:40} INFO - Module loaded.
[2023-06-09 00:20:43,593] {logging_mixin.py:115} INFO - [2023-06-09 00:20:43,592] {log_util.py:40} INFO - Module loaded.
[2023-06-09 00:20:43,679] {processor.py:651} INFO - DAG(s) dict_keys(['vic_investigacion_ETL']) retrieved from /opt/airflow/dags/vic_investigacion_dag.py
[2023-06-09 00:20:43,697] {logging_mixin.py:115} INFO - [2023-06-09 00:20:43,697] {dag.py:2420} INFO - Sync 1 DAGs
[2023-06-09 00:20:43,709] {logging_mixin.py:115} INFO - [2023-06-09 00:20:43,709] {dag.py:2972} INFO - Setting next_dagrun for vic_investigacion_ETL to None, run_after=None
[2023-06-09 00:20:43,718] {processor.py:161} INFO - Processing /opt/airflow/dags/vic_investigacion_dag.py took 0.331 seconds
[2023-06-09 00:21:14,549] {processor.py:153} INFO - Started process (PID=41777) to work on /opt/airflow/dags/vic_investigacion_dag.py
[2023-06-09 00:21:14,550] {processor.py:641} INFO - Processing file /opt/airflow/dags/vic_investigacion_dag.py for tasks to queue
[2023-06-09 00:21:14,551] {logging_mixin.py:115} INFO - [2023-06-09 00:21:14,551] {dagbag.py:508} INFO - Filling up the DagBag from /opt/airflow/dags/vic_investigacion_dag.py
[2023-06-09 00:21:14,564] {logging_mixin.py:115} INFO - [2023-06-09 00:21:14,563] {log_util.py:40} INFO - Module loaded.
[2023-06-09 00:21:14,717] {logging_mixin.py:115} INFO - [2023-06-09 00:21:14,716] {log_util.py:40} INFO - Module loaded.
[2023-06-09 00:21:14,720] {logging_mixin.py:115} INFO - [2023-06-09 00:21:14,719] {log_util.py:40} INFO - Module loaded.
[2023-06-09 00:21:14,723] {logging_mixin.py:115} INFO - [2023-06-09 00:21:14,722] {log_util.py:40} INFO - Module loaded.
[2023-06-09 00:21:14,725] {logging_mixin.py:115} INFO - [2023-06-09 00:21:14,725] {log_util.py:40} INFO - Module loaded.
[2023-06-09 00:21:14,817] {processor.py:651} INFO - DAG(s) dict_keys(['vic_investigacion_ETL']) retrieved from /opt/airflow/dags/vic_investigacion_dag.py
[2023-06-09 00:21:14,838] {logging_mixin.py:115} INFO - [2023-06-09 00:21:14,837] {dag.py:2420} INFO - Sync 1 DAGs
[2023-06-09 00:21:14,852] {logging_mixin.py:115} INFO - [2023-06-09 00:21:14,852] {dag.py:2972} INFO - Setting next_dagrun for vic_investigacion_ETL to None, run_after=None
[2023-06-09 00:21:14,859] {processor.py:161} INFO - Processing /opt/airflow/dags/vic_investigacion_dag.py took 0.315 seconds
[2023-06-09 00:21:45,511] {processor.py:153} INFO - Started process (PID=41820) to work on /opt/airflow/dags/vic_investigacion_dag.py
[2023-06-09 00:21:45,513] {processor.py:641} INFO - Processing file /opt/airflow/dags/vic_investigacion_dag.py for tasks to queue
[2023-06-09 00:21:45,514] {logging_mixin.py:115} INFO - [2023-06-09 00:21:45,514] {dagbag.py:508} INFO - Filling up the DagBag from /opt/airflow/dags/vic_investigacion_dag.py
[2023-06-09 00:21:45,524] {logging_mixin.py:115} INFO - [2023-06-09 00:21:45,523] {log_util.py:40} INFO - Module loaded.
[2023-06-09 00:21:45,664] {logging_mixin.py:115} INFO - [2023-06-09 00:21:45,663] {log_util.py:40} INFO - Module loaded.
[2023-06-09 00:21:45,666] {logging_mixin.py:115} INFO - [2023-06-09 00:21:45,666] {log_util.py:40} INFO - Module loaded.
[2023-06-09 00:21:45,669] {logging_mixin.py:115} INFO - [2023-06-09 00:21:45,669] {log_util.py:40} INFO - Module loaded.
[2023-06-09 00:21:45,672] {logging_mixin.py:115} INFO - [2023-06-09 00:21:45,671] {log_util.py:40} INFO - Module loaded.
[2023-06-09 00:21:45,745] {processor.py:651} INFO - DAG(s) dict_keys(['vic_investigacion_ETL']) retrieved from /opt/airflow/dags/vic_investigacion_dag.py
[2023-06-09 00:21:45,763] {logging_mixin.py:115} INFO - [2023-06-09 00:21:45,763] {dag.py:2420} INFO - Sync 1 DAGs
[2023-06-09 00:21:45,776] {logging_mixin.py:115} INFO - [2023-06-09 00:21:45,776] {dag.py:2972} INFO - Setting next_dagrun for vic_investigacion_ETL to None, run_after=None
[2023-06-09 00:21:45,783] {processor.py:161} INFO - Processing /opt/airflow/dags/vic_investigacion_dag.py took 0.278 seconds
[2023-06-09 00:22:16,559] {processor.py:153} INFO - Started process (PID=41863) to work on /opt/airflow/dags/vic_investigacion_dag.py
[2023-06-09 00:22:16,561] {processor.py:641} INFO - Processing file /opt/airflow/dags/vic_investigacion_dag.py for tasks to queue
[2023-06-09 00:22:16,562] {logging_mixin.py:115} INFO - [2023-06-09 00:22:16,562] {dagbag.py:508} INFO - Filling up the DagBag from /opt/airflow/dags/vic_investigacion_dag.py
[2023-06-09 00:22:16,572] {logging_mixin.py:115} INFO - [2023-06-09 00:22:16,572] {log_util.py:40} INFO - Module loaded.
[2023-06-09 00:22:16,700] {logging_mixin.py:115} INFO - [2023-06-09 00:22:16,699] {log_util.py:40} INFO - Module loaded.
[2023-06-09 00:22:16,703] {logging_mixin.py:115} INFO - [2023-06-09 00:22:16,702] {log_util.py:40} INFO - Module loaded.
[2023-06-09 00:22:16,705] {logging_mixin.py:115} INFO - [2023-06-09 00:22:16,705] {log_util.py:40} INFO - Module loaded.
[2023-06-09 00:22:16,708] {logging_mixin.py:115} INFO - [2023-06-09 00:22:16,708] {log_util.py:40} INFO - Module loaded.
[2023-06-09 00:22:16,781] {processor.py:651} INFO - DAG(s) dict_keys(['vic_investigacion_ETL']) retrieved from /opt/airflow/dags/vic_investigacion_dag.py
[2023-06-09 00:22:16,799] {logging_mixin.py:115} INFO - [2023-06-09 00:22:16,799] {dag.py:2420} INFO - Sync 1 DAGs
[2023-06-09 00:22:16,811] {logging_mixin.py:115} INFO - [2023-06-09 00:22:16,811] {dag.py:2972} INFO - Setting next_dagrun for vic_investigacion_ETL to None, run_after=None
[2023-06-09 00:22:16,818] {processor.py:161} INFO - Processing /opt/airflow/dags/vic_investigacion_dag.py took 0.265 seconds
[2023-06-09 00:22:47,500] {processor.py:153} INFO - Started process (PID=41906) to work on /opt/airflow/dags/vic_investigacion_dag.py
[2023-06-09 00:22:47,502] {processor.py:641} INFO - Processing file /opt/airflow/dags/vic_investigacion_dag.py for tasks to queue
[2023-06-09 00:22:47,503] {logging_mixin.py:115} INFO - [2023-06-09 00:22:47,503] {dagbag.py:508} INFO - Filling up the DagBag from /opt/airflow/dags/vic_investigacion_dag.py
[2023-06-09 00:22:47,518] {logging_mixin.py:115} INFO - [2023-06-09 00:22:47,517] {log_util.py:40} INFO - Module loaded.
[2023-06-09 00:22:47,673] {logging_mixin.py:115} INFO - [2023-06-09 00:22:47,672] {log_util.py:40} INFO - Module loaded.
[2023-06-09 00:22:47,676] {logging_mixin.py:115} INFO - [2023-06-09 00:22:47,676] {log_util.py:40} INFO - Module loaded.
[2023-06-09 00:22:47,679] {logging_mixin.py:115} INFO - [2023-06-09 00:22:47,678] {log_util.py:40} INFO - Module loaded.
[2023-06-09 00:22:47,681] {logging_mixin.py:115} INFO - [2023-06-09 00:22:47,681] {log_util.py:40} INFO - Module loaded.
[2023-06-09 00:22:47,772] {processor.py:651} INFO - DAG(s) dict_keys(['vic_investigacion_ETL']) retrieved from /opt/airflow/dags/vic_investigacion_dag.py
[2023-06-09 00:22:47,792] {logging_mixin.py:115} INFO - [2023-06-09 00:22:47,791] {dag.py:2420} INFO - Sync 1 DAGs
[2023-06-09 00:22:47,807] {logging_mixin.py:115} INFO - [2023-06-09 00:22:47,807] {dag.py:2972} INFO - Setting next_dagrun for vic_investigacion_ETL to None, run_after=None
[2023-06-09 00:22:47,814] {processor.py:161} INFO - Processing /opt/airflow/dags/vic_investigacion_dag.py took 0.320 seconds
[2023-06-09 00:23:18,496] {processor.py:153} INFO - Started process (PID=41949) to work on /opt/airflow/dags/vic_investigacion_dag.py
[2023-06-09 00:23:18,497] {processor.py:641} INFO - Processing file /opt/airflow/dags/vic_investigacion_dag.py for tasks to queue
[2023-06-09 00:23:18,498] {logging_mixin.py:115} INFO - [2023-06-09 00:23:18,497] {dagbag.py:508} INFO - Filling up the DagBag from /opt/airflow/dags/vic_investigacion_dag.py
[2023-06-09 00:23:18,508] {logging_mixin.py:115} INFO - [2023-06-09 00:23:18,507] {log_util.py:40} INFO - Module loaded.
[2023-06-09 00:23:18,632] {logging_mixin.py:115} INFO - [2023-06-09 00:23:18,631] {log_util.py:40} INFO - Module loaded.
[2023-06-09 00:23:18,634] {logging_mixin.py:115} INFO - [2023-06-09 00:23:18,633] {log_util.py:40} INFO - Module loaded.
[2023-06-09 00:23:18,636] {logging_mixin.py:115} INFO - [2023-06-09 00:23:18,636] {log_util.py:40} INFO - Module loaded.
[2023-06-09 00:23:18,638] {logging_mixin.py:115} INFO - [2023-06-09 00:23:18,638] {log_util.py:40} INFO - Module loaded.
[2023-06-09 00:23:18,710] {processor.py:651} INFO - DAG(s) dict_keys(['vic_investigacion_ETL']) retrieved from /opt/airflow/dags/vic_investigacion_dag.py
[2023-06-09 00:23:18,728] {logging_mixin.py:115} INFO - [2023-06-09 00:23:18,728] {dag.py:2420} INFO - Sync 1 DAGs
[2023-06-09 00:23:18,740] {logging_mixin.py:115} INFO - [2023-06-09 00:23:18,740] {dag.py:2972} INFO - Setting next_dagrun for vic_investigacion_ETL to None, run_after=None
[2023-06-09 00:23:18,747] {processor.py:161} INFO - Processing /opt/airflow/dags/vic_investigacion_dag.py took 0.255 seconds
[2023-06-09 00:23:49,493] {processor.py:153} INFO - Started process (PID=41992) to work on /opt/airflow/dags/vic_investigacion_dag.py
[2023-06-09 00:23:49,494] {processor.py:641} INFO - Processing file /opt/airflow/dags/vic_investigacion_dag.py for tasks to queue
[2023-06-09 00:23:49,495] {logging_mixin.py:115} INFO - [2023-06-09 00:23:49,495] {dagbag.py:508} INFO - Filling up the DagBag from /opt/airflow/dags/vic_investigacion_dag.py
[2023-06-09 00:23:49,506] {logging_mixin.py:115} INFO - [2023-06-09 00:23:49,505] {log_util.py:40} INFO - Module loaded.
[2023-06-09 00:23:49,645] {logging_mixin.py:115} INFO - [2023-06-09 00:23:49,644] {log_util.py:40} INFO - Module loaded.
[2023-06-09 00:23:49,647] {logging_mixin.py:115} INFO - [2023-06-09 00:23:49,647] {log_util.py:40} INFO - Module loaded.
[2023-06-09 00:23:49,650] {logging_mixin.py:115} INFO - [2023-06-09 00:23:49,649] {log_util.py:40} INFO - Module loaded.
[2023-06-09 00:23:49,653] {logging_mixin.py:115} INFO - [2023-06-09 00:23:49,652] {log_util.py:40} INFO - Module loaded.
[2023-06-09 00:23:49,727] {processor.py:651} INFO - DAG(s) dict_keys(['vic_investigacion_ETL']) retrieved from /opt/airflow/dags/vic_investigacion_dag.py
[2023-06-09 00:23:49,746] {logging_mixin.py:115} INFO - [2023-06-09 00:23:49,746] {dag.py:2420} INFO - Sync 1 DAGs
[2023-06-09 00:23:49,760] {logging_mixin.py:115} INFO - [2023-06-09 00:23:49,760] {dag.py:2972} INFO - Setting next_dagrun for vic_investigacion_ETL to None, run_after=None
[2023-06-09 00:23:49,769] {processor.py:161} INFO - Processing /opt/airflow/dags/vic_investigacion_dag.py took 0.280 seconds
[2023-06-09 00:24:20,427] {processor.py:153} INFO - Started process (PID=42035) to work on /opt/airflow/dags/vic_investigacion_dag.py
[2023-06-09 00:24:20,428] {processor.py:641} INFO - Processing file /opt/airflow/dags/vic_investigacion_dag.py for tasks to queue
[2023-06-09 00:24:20,429] {logging_mixin.py:115} INFO - [2023-06-09 00:24:20,429] {dagbag.py:508} INFO - Filling up the DagBag from /opt/airflow/dags/vic_investigacion_dag.py
[2023-06-09 00:24:20,437] {logging_mixin.py:115} INFO - [2023-06-09 00:24:20,437] {log_util.py:40} INFO - Module loaded.
[2023-06-09 00:24:20,574] {logging_mixin.py:115} INFO - [2023-06-09 00:24:20,573] {log_util.py:40} INFO - Module loaded.
[2023-06-09 00:24:20,577] {logging_mixin.py:115} INFO - [2023-06-09 00:24:20,576] {log_util.py:40} INFO - Module loaded.
[2023-06-09 00:24:20,580] {logging_mixin.py:115} INFO - [2023-06-09 00:24:20,579] {log_util.py:40} INFO - Module loaded.
[2023-06-09 00:24:20,583] {logging_mixin.py:115} INFO - [2023-06-09 00:24:20,582] {log_util.py:40} INFO - Module loaded.
[2023-06-09 00:24:20,663] {processor.py:651} INFO - DAG(s) dict_keys(['vic_investigacion_ETL']) retrieved from /opt/airflow/dags/vic_investigacion_dag.py
[2023-06-09 00:24:20,682] {logging_mixin.py:115} INFO - [2023-06-09 00:24:20,682] {dag.py:2420} INFO - Sync 1 DAGs
[2023-06-09 00:24:20,701] {logging_mixin.py:115} INFO - [2023-06-09 00:24:20,701] {dag.py:2972} INFO - Setting next_dagrun for vic_investigacion_ETL to None, run_after=None
[2023-06-09 00:24:20,712] {processor.py:161} INFO - Processing /opt/airflow/dags/vic_investigacion_dag.py took 0.288 seconds
[2023-06-09 00:24:51,517] {processor.py:153} INFO - Started process (PID=42069) to work on /opt/airflow/dags/vic_investigacion_dag.py
[2023-06-09 00:24:51,518] {processor.py:641} INFO - Processing file /opt/airflow/dags/vic_investigacion_dag.py for tasks to queue
[2023-06-09 00:24:51,519] {logging_mixin.py:115} INFO - [2023-06-09 00:24:51,519] {dagbag.py:508} INFO - Filling up the DagBag from /opt/airflow/dags/vic_investigacion_dag.py
[2023-06-09 00:24:51,529] {logging_mixin.py:115} INFO - [2023-06-09 00:24:51,529] {log_util.py:40} INFO - Module loaded.
[2023-06-09 00:24:51,681] {logging_mixin.py:115} INFO - [2023-06-09 00:24:51,680] {log_util.py:40} INFO - Module loaded.
[2023-06-09 00:24:51,685] {logging_mixin.py:115} INFO - [2023-06-09 00:24:51,684] {log_util.py:40} INFO - Module loaded.
[2023-06-09 00:24:51,688] {logging_mixin.py:115} INFO - [2023-06-09 00:24:51,687] {log_util.py:40} INFO - Module loaded.
[2023-06-09 00:24:51,691] {logging_mixin.py:115} INFO - [2023-06-09 00:24:51,690] {log_util.py:40} INFO - Module loaded.
[2023-06-09 00:24:51,783] {processor.py:651} INFO - DAG(s) dict_keys(['vic_investigacion_ETL']) retrieved from /opt/airflow/dags/vic_investigacion_dag.py
[2023-06-09 00:24:51,804] {logging_mixin.py:115} INFO - [2023-06-09 00:24:51,803] {dag.py:2420} INFO - Sync 1 DAGs
[2023-06-09 00:24:51,820] {logging_mixin.py:115} INFO - [2023-06-09 00:24:51,820] {dag.py:2972} INFO - Setting next_dagrun for vic_investigacion_ETL to None, run_after=None
[2023-06-09 00:24:51,827] {processor.py:161} INFO - Processing /opt/airflow/dags/vic_investigacion_dag.py took 0.314 seconds
[2023-06-09 00:25:22,598] {processor.py:153} INFO - Started process (PID=42113) to work on /opt/airflow/dags/vic_investigacion_dag.py
[2023-06-09 00:25:22,599] {processor.py:641} INFO - Processing file /opt/airflow/dags/vic_investigacion_dag.py for tasks to queue
[2023-06-09 00:25:22,600] {logging_mixin.py:115} INFO - [2023-06-09 00:25:22,600] {dagbag.py:508} INFO - Filling up the DagBag from /opt/airflow/dags/vic_investigacion_dag.py
[2023-06-09 00:25:22,607] {logging_mixin.py:115} INFO - [2023-06-09 00:25:22,607] {log_util.py:40} INFO - Module loaded.
[2023-06-09 00:25:22,742] {logging_mixin.py:115} INFO - [2023-06-09 00:25:22,741] {log_util.py:40} INFO - Module loaded.
[2023-06-09 00:25:22,745] {logging_mixin.py:115} INFO - [2023-06-09 00:25:22,744] {log_util.py:40} INFO - Module loaded.
[2023-06-09 00:25:22,747] {logging_mixin.py:115} INFO - [2023-06-09 00:25:22,746] {log_util.py:40} INFO - Module loaded.
[2023-06-09 00:25:22,749] {logging_mixin.py:115} INFO - [2023-06-09 00:25:22,749] {log_util.py:40} INFO - Module loaded.
[2023-06-09 00:25:22,824] {processor.py:651} INFO - DAG(s) dict_keys(['vic_investigacion_ETL']) retrieved from /opt/airflow/dags/vic_investigacion_dag.py
[2023-06-09 00:25:22,842] {logging_mixin.py:115} INFO - [2023-06-09 00:25:22,842] {dag.py:2420} INFO - Sync 1 DAGs
[2023-06-09 00:25:22,854] {logging_mixin.py:115} INFO - [2023-06-09 00:25:22,853] {dag.py:2972} INFO - Setting next_dagrun for vic_investigacion_ETL to None, run_after=None
[2023-06-09 00:25:22,860] {processor.py:161} INFO - Processing /opt/airflow/dags/vic_investigacion_dag.py took 0.265 seconds
[2023-06-09 00:25:53,545] {processor.py:153} INFO - Started process (PID=42155) to work on /opt/airflow/dags/vic_investigacion_dag.py
[2023-06-09 00:25:53,547] {processor.py:641} INFO - Processing file /opt/airflow/dags/vic_investigacion_dag.py for tasks to queue
[2023-06-09 00:25:53,548] {logging_mixin.py:115} INFO - [2023-06-09 00:25:53,548] {dagbag.py:508} INFO - Filling up the DagBag from /opt/airflow/dags/vic_investigacion_dag.py
[2023-06-09 00:25:53,562] {logging_mixin.py:115} INFO - [2023-06-09 00:25:53,561] {log_util.py:40} INFO - Module loaded.
[2023-06-09 00:25:53,700] {logging_mixin.py:115} INFO - [2023-06-09 00:25:53,699] {log_util.py:40} INFO - Module loaded.
[2023-06-09 00:25:53,703] {logging_mixin.py:115} INFO - [2023-06-09 00:25:53,702] {log_util.py:40} INFO - Module loaded.
[2023-06-09 00:25:53,706] {logging_mixin.py:115} INFO - [2023-06-09 00:25:53,706] {log_util.py:40} INFO - Module loaded.
[2023-06-09 00:25:53,709] {logging_mixin.py:115} INFO - [2023-06-09 00:25:53,708] {log_util.py:40} INFO - Module loaded.
[2023-06-09 00:25:53,784] {processor.py:651} INFO - DAG(s) dict_keys(['vic_investigacion_ETL']) retrieved from /opt/airflow/dags/vic_investigacion_dag.py
[2023-06-09 00:25:53,801] {logging_mixin.py:115} INFO - [2023-06-09 00:25:53,801] {dag.py:2420} INFO - Sync 1 DAGs
[2023-06-09 00:25:53,814] {logging_mixin.py:115} INFO - [2023-06-09 00:25:53,814] {dag.py:2972} INFO - Setting next_dagrun for vic_investigacion_ETL to None, run_after=None
[2023-06-09 00:25:53,821] {processor.py:161} INFO - Processing /opt/airflow/dags/vic_investigacion_dag.py took 0.283 seconds
[2023-06-09 00:26:24,546] {processor.py:153} INFO - Started process (PID=42198) to work on /opt/airflow/dags/vic_investigacion_dag.py
[2023-06-09 00:26:24,548] {processor.py:641} INFO - Processing file /opt/airflow/dags/vic_investigacion_dag.py for tasks to queue
[2023-06-09 00:26:24,550] {logging_mixin.py:115} INFO - [2023-06-09 00:26:24,550] {dagbag.py:508} INFO - Filling up the DagBag from /opt/airflow/dags/vic_investigacion_dag.py
[2023-06-09 00:26:24,565] {logging_mixin.py:115} INFO - [2023-06-09 00:26:24,565] {log_util.py:40} INFO - Module loaded.
[2023-06-09 00:26:24,694] {logging_mixin.py:115} INFO - [2023-06-09 00:26:24,693] {log_util.py:40} INFO - Module loaded.
[2023-06-09 00:26:24,697] {logging_mixin.py:115} INFO - [2023-06-09 00:26:24,696] {log_util.py:40} INFO - Module loaded.
[2023-06-09 00:26:24,699] {logging_mixin.py:115} INFO - [2023-06-09 00:26:24,698] {log_util.py:40} INFO - Module loaded.
[2023-06-09 00:26:24,702] {logging_mixin.py:115} INFO - [2023-06-09 00:26:24,701] {log_util.py:40} INFO - Module loaded.
[2023-06-09 00:26:24,778] {processor.py:651} INFO - DAG(s) dict_keys(['vic_investigacion_ETL']) retrieved from /opt/airflow/dags/vic_investigacion_dag.py
[2023-06-09 00:26:24,795] {logging_mixin.py:115} INFO - [2023-06-09 00:26:24,795] {dag.py:2420} INFO - Sync 1 DAGs
[2023-06-09 00:26:24,808] {logging_mixin.py:115} INFO - [2023-06-09 00:26:24,808] {dag.py:2972} INFO - Setting next_dagrun for vic_investigacion_ETL to None, run_after=None
[2023-06-09 00:26:24,814] {processor.py:161} INFO - Processing /opt/airflow/dags/vic_investigacion_dag.py took 0.274 seconds
[2023-06-09 00:26:55,633] {processor.py:153} INFO - Started process (PID=42240) to work on /opt/airflow/dags/vic_investigacion_dag.py
[2023-06-09 00:26:55,634] {processor.py:641} INFO - Processing file /opt/airflow/dags/vic_investigacion_dag.py for tasks to queue
[2023-06-09 00:26:55,635] {logging_mixin.py:115} INFO - [2023-06-09 00:26:55,635] {dagbag.py:508} INFO - Filling up the DagBag from /opt/airflow/dags/vic_investigacion_dag.py
[2023-06-09 00:26:55,647] {logging_mixin.py:115} INFO - [2023-06-09 00:26:55,646] {log_util.py:40} INFO - Module loaded.
[2023-06-09 00:26:55,831] {logging_mixin.py:115} INFO - [2023-06-09 00:26:55,830] {log_util.py:40} INFO - Module loaded.
[2023-06-09 00:26:55,834] {logging_mixin.py:115} INFO - [2023-06-09 00:26:55,833] {log_util.py:40} INFO - Module loaded.
[2023-06-09 00:26:55,836] {logging_mixin.py:115} INFO - [2023-06-09 00:26:55,836] {log_util.py:40} INFO - Module loaded.
[2023-06-09 00:26:55,839] {logging_mixin.py:115} INFO - [2023-06-09 00:26:55,838] {log_util.py:40} INFO - Module loaded.
[2023-06-09 00:26:55,936] {processor.py:651} INFO - DAG(s) dict_keys(['vic_investigacion_ETL']) retrieved from /opt/airflow/dags/vic_investigacion_dag.py
[2023-06-09 00:26:55,955] {logging_mixin.py:115} INFO - [2023-06-09 00:26:55,955] {dag.py:2420} INFO - Sync 1 DAGs
[2023-06-09 00:26:55,969] {logging_mixin.py:115} INFO - [2023-06-09 00:26:55,969] {dag.py:2972} INFO - Setting next_dagrun for vic_investigacion_ETL to None, run_after=None
[2023-06-09 00:26:55,977] {processor.py:161} INFO - Processing /opt/airflow/dags/vic_investigacion_dag.py took 0.348 seconds
[2023-06-09 00:27:26,643] {processor.py:153} INFO - Started process (PID=42283) to work on /opt/airflow/dags/vic_investigacion_dag.py
[2023-06-09 00:27:26,645] {processor.py:641} INFO - Processing file /opt/airflow/dags/vic_investigacion_dag.py for tasks to queue
[2023-06-09 00:27:26,646] {logging_mixin.py:115} INFO - [2023-06-09 00:27:26,646] {dagbag.py:508} INFO - Filling up the DagBag from /opt/airflow/dags/vic_investigacion_dag.py
[2023-06-09 00:27:26,656] {logging_mixin.py:115} INFO - [2023-06-09 00:27:26,656] {log_util.py:40} INFO - Module loaded.
[2023-06-09 00:27:26,789] {logging_mixin.py:115} INFO - [2023-06-09 00:27:26,788] {log_util.py:40} INFO - Module loaded.
[2023-06-09 00:27:26,792] {logging_mixin.py:115} INFO - [2023-06-09 00:27:26,791] {log_util.py:40} INFO - Module loaded.
[2023-06-09 00:27:26,794] {logging_mixin.py:115} INFO - [2023-06-09 00:27:26,794] {log_util.py:40} INFO - Module loaded.
[2023-06-09 00:27:26,797] {logging_mixin.py:115} INFO - [2023-06-09 00:27:26,796] {log_util.py:40} INFO - Module loaded.
[2023-06-09 00:27:26,874] {processor.py:651} INFO - DAG(s) dict_keys(['vic_investigacion_ETL']) retrieved from /opt/airflow/dags/vic_investigacion_dag.py
[2023-06-09 00:27:26,892] {logging_mixin.py:115} INFO - [2023-06-09 00:27:26,892] {dag.py:2420} INFO - Sync 1 DAGs
[2023-06-09 00:27:26,905] {logging_mixin.py:115} INFO - [2023-06-09 00:27:26,905] {dag.py:2972} INFO - Setting next_dagrun for vic_investigacion_ETL to None, run_after=None
[2023-06-09 00:27:26,912] {processor.py:161} INFO - Processing /opt/airflow/dags/vic_investigacion_dag.py took 0.276 seconds
[2023-06-09 00:27:57,556] {processor.py:153} INFO - Started process (PID=42326) to work on /opt/airflow/dags/vic_investigacion_dag.py
[2023-06-09 00:27:57,557] {processor.py:641} INFO - Processing file /opt/airflow/dags/vic_investigacion_dag.py for tasks to queue
[2023-06-09 00:27:57,558] {logging_mixin.py:115} INFO - [2023-06-09 00:27:57,558] {dagbag.py:508} INFO - Filling up the DagBag from /opt/airflow/dags/vic_investigacion_dag.py
[2023-06-09 00:27:57,567] {logging_mixin.py:115} INFO - [2023-06-09 00:27:57,567] {log_util.py:40} INFO - Module loaded.
[2023-06-09 00:27:57,702] {logging_mixin.py:115} INFO - [2023-06-09 00:27:57,701] {log_util.py:40} INFO - Module loaded.
[2023-06-09 00:27:57,705] {logging_mixin.py:115} INFO - [2023-06-09 00:27:57,705] {log_util.py:40} INFO - Module loaded.
[2023-06-09 00:27:57,707] {logging_mixin.py:115} INFO - [2023-06-09 00:27:57,707] {log_util.py:40} INFO - Module loaded.
[2023-06-09 00:27:57,710] {logging_mixin.py:115} INFO - [2023-06-09 00:27:57,710] {log_util.py:40} INFO - Module loaded.
[2023-06-09 00:27:57,784] {processor.py:651} INFO - DAG(s) dict_keys(['vic_investigacion_ETL']) retrieved from /opt/airflow/dags/vic_investigacion_dag.py
[2023-06-09 00:27:57,801] {logging_mixin.py:115} INFO - [2023-06-09 00:27:57,801] {dag.py:2420} INFO - Sync 1 DAGs
[2023-06-09 00:27:57,814] {logging_mixin.py:115} INFO - [2023-06-09 00:27:57,814] {dag.py:2972} INFO - Setting next_dagrun for vic_investigacion_ETL to None, run_after=None
[2023-06-09 00:27:57,821] {processor.py:161} INFO - Processing /opt/airflow/dags/vic_investigacion_dag.py took 0.267 seconds
[2023-06-09 00:28:28,493] {processor.py:153} INFO - Started process (PID=42360) to work on /opt/airflow/dags/vic_investigacion_dag.py
[2023-06-09 00:28:28,495] {processor.py:641} INFO - Processing file /opt/airflow/dags/vic_investigacion_dag.py for tasks to queue
[2023-06-09 00:28:28,495] {logging_mixin.py:115} INFO - [2023-06-09 00:28:28,495] {dagbag.py:508} INFO - Filling up the DagBag from /opt/airflow/dags/vic_investigacion_dag.py
[2023-06-09 00:28:28,504] {logging_mixin.py:115} INFO - [2023-06-09 00:28:28,504] {log_util.py:40} INFO - Module loaded.
[2023-06-09 00:28:28,641] {logging_mixin.py:115} INFO - [2023-06-09 00:28:28,641] {log_util.py:40} INFO - Module loaded.
[2023-06-09 00:28:28,644] {logging_mixin.py:115} INFO - [2023-06-09 00:28:28,643] {log_util.py:40} INFO - Module loaded.
[2023-06-09 00:28:28,646] {logging_mixin.py:115} INFO - [2023-06-09 00:28:28,646] {log_util.py:40} INFO - Module loaded.
[2023-06-09 00:28:28,649] {logging_mixin.py:115} INFO - [2023-06-09 00:28:28,648] {log_util.py:40} INFO - Module loaded.
[2023-06-09 00:28:28,733] {processor.py:651} INFO - DAG(s) dict_keys(['vic_investigacion_ETL']) retrieved from /opt/airflow/dags/vic_investigacion_dag.py
[2023-06-09 00:28:28,751] {logging_mixin.py:115} INFO - [2023-06-09 00:28:28,751] {dag.py:2420} INFO - Sync 1 DAGs
[2023-06-09 00:28:28,764] {logging_mixin.py:115} INFO - [2023-06-09 00:28:28,764] {dag.py:2972} INFO - Setting next_dagrun for vic_investigacion_ETL to None, run_after=None
[2023-06-09 00:28:28,770] {processor.py:161} INFO - Processing /opt/airflow/dags/vic_investigacion_dag.py took 0.280 seconds
[2023-06-09 00:28:59,506] {processor.py:153} INFO - Started process (PID=42403) to work on /opt/airflow/dags/vic_investigacion_dag.py
[2023-06-09 00:28:59,507] {processor.py:641} INFO - Processing file /opt/airflow/dags/vic_investigacion_dag.py for tasks to queue
[2023-06-09 00:28:59,508] {logging_mixin.py:115} INFO - [2023-06-09 00:28:59,508] {dagbag.py:508} INFO - Filling up the DagBag from /opt/airflow/dags/vic_investigacion_dag.py
[2023-06-09 00:28:59,519] {logging_mixin.py:115} INFO - [2023-06-09 00:28:59,518] {log_util.py:40} INFO - Module loaded.
[2023-06-09 00:28:59,697] {logging_mixin.py:115} INFO - [2023-06-09 00:28:59,696] {log_util.py:40} INFO - Module loaded.
[2023-06-09 00:28:59,700] {logging_mixin.py:115} INFO - [2023-06-09 00:28:59,699] {log_util.py:40} INFO - Module loaded.
[2023-06-09 00:28:59,702] {logging_mixin.py:115} INFO - [2023-06-09 00:28:59,701] {log_util.py:40} INFO - Module loaded.
[2023-06-09 00:28:59,704] {logging_mixin.py:115} INFO - [2023-06-09 00:28:59,704] {log_util.py:40} INFO - Module loaded.
[2023-06-09 00:28:59,800] {processor.py:651} INFO - DAG(s) dict_keys(['vic_investigacion_ETL']) retrieved from /opt/airflow/dags/vic_investigacion_dag.py
[2023-06-09 00:28:59,831] {logging_mixin.py:115} INFO - [2023-06-09 00:28:59,831] {dag.py:2420} INFO - Sync 1 DAGs
[2023-06-09 00:28:59,848] {logging_mixin.py:115} INFO - [2023-06-09 00:28:59,848] {dag.py:2972} INFO - Setting next_dagrun for vic_investigacion_ETL to None, run_after=None
[2023-06-09 00:28:59,857] {processor.py:161} INFO - Processing /opt/airflow/dags/vic_investigacion_dag.py took 0.354 seconds
[2023-06-09 00:29:30,608] {processor.py:153} INFO - Started process (PID=42446) to work on /opt/airflow/dags/vic_investigacion_dag.py
[2023-06-09 00:29:30,611] {processor.py:641} INFO - Processing file /opt/airflow/dags/vic_investigacion_dag.py for tasks to queue
[2023-06-09 00:29:30,612] {logging_mixin.py:115} INFO - [2023-06-09 00:29:30,612] {dagbag.py:508} INFO - Filling up the DagBag from /opt/airflow/dags/vic_investigacion_dag.py
[2023-06-09 00:29:30,628] {logging_mixin.py:115} INFO - [2023-06-09 00:29:30,627] {log_util.py:40} INFO - Module loaded.
[2023-06-09 00:29:30,862] {logging_mixin.py:115} INFO - [2023-06-09 00:29:30,861] {log_util.py:40} INFO - Module loaded.
[2023-06-09 00:29:30,865] {logging_mixin.py:115} INFO - [2023-06-09 00:29:30,865] {log_util.py:40} INFO - Module loaded.
[2023-06-09 00:29:30,867] {logging_mixin.py:115} INFO - [2023-06-09 00:29:30,867] {log_util.py:40} INFO - Module loaded.
[2023-06-09 00:29:30,870] {logging_mixin.py:115} INFO - [2023-06-09 00:29:30,870] {log_util.py:40} INFO - Module loaded.
[2023-06-09 00:29:31,000] {processor.py:651} INFO - DAG(s) dict_keys(['vic_investigacion_ETL']) retrieved from /opt/airflow/dags/vic_investigacion_dag.py
[2023-06-09 00:29:31,022] {logging_mixin.py:115} INFO - [2023-06-09 00:29:31,022] {dag.py:2420} INFO - Sync 1 DAGs
[2023-06-09 00:29:31,051] {logging_mixin.py:115} INFO - [2023-06-09 00:29:31,051] {dag.py:2972} INFO - Setting next_dagrun for vic_investigacion_ETL to None, run_after=None
[2023-06-09 00:29:31,060] {processor.py:161} INFO - Processing /opt/airflow/dags/vic_investigacion_dag.py took 0.465 seconds
[2023-06-09 00:30:01,762] {processor.py:153} INFO - Started process (PID=42480) to work on /opt/airflow/dags/vic_investigacion_dag.py
[2023-06-09 00:30:01,764] {processor.py:641} INFO - Processing file /opt/airflow/dags/vic_investigacion_dag.py for tasks to queue
[2023-06-09 00:30:01,766] {logging_mixin.py:115} INFO - [2023-06-09 00:30:01,765] {dagbag.py:508} INFO - Filling up the DagBag from /opt/airflow/dags/vic_investigacion_dag.py
[2023-06-09 00:30:01,779] {logging_mixin.py:115} INFO - [2023-06-09 00:30:01,778] {log_util.py:40} INFO - Module loaded.
[2023-06-09 00:30:01,970] {logging_mixin.py:115} INFO - [2023-06-09 00:30:01,970] {log_util.py:40} INFO - Module loaded.
[2023-06-09 00:30:01,973] {logging_mixin.py:115} INFO - [2023-06-09 00:30:01,973] {log_util.py:40} INFO - Module loaded.
[2023-06-09 00:30:01,976] {logging_mixin.py:115} INFO - [2023-06-09 00:30:01,975] {log_util.py:40} INFO - Module loaded.
[2023-06-09 00:30:01,979] {logging_mixin.py:115} INFO - [2023-06-09 00:30:01,978] {log_util.py:40} INFO - Module loaded.
[2023-06-09 00:30:02,074] {processor.py:651} INFO - DAG(s) dict_keys(['vic_investigacion_ETL']) retrieved from /opt/airflow/dags/vic_investigacion_dag.py
[2023-06-09 00:30:02,103] {logging_mixin.py:115} INFO - [2023-06-09 00:30:02,103] {dag.py:2420} INFO - Sync 1 DAGs
[2023-06-09 00:30:02,120] {logging_mixin.py:115} INFO - [2023-06-09 00:30:02,120] {dag.py:2972} INFO - Setting next_dagrun for vic_investigacion_ETL to None, run_after=None
[2023-06-09 00:30:02,128] {processor.py:161} INFO - Processing /opt/airflow/dags/vic_investigacion_dag.py took 0.370 seconds
[2023-06-09 00:30:32,891] {processor.py:153} INFO - Started process (PID=42519) to work on /opt/airflow/dags/vic_investigacion_dag.py
[2023-06-09 00:30:32,894] {processor.py:641} INFO - Processing file /opt/airflow/dags/vic_investigacion_dag.py for tasks to queue
[2023-06-09 00:30:32,895] {logging_mixin.py:115} INFO - [2023-06-09 00:30:32,895] {dagbag.py:508} INFO - Filling up the DagBag from /opt/airflow/dags/vic_investigacion_dag.py
[2023-06-09 00:30:32,931] {logging_mixin.py:115} INFO - [2023-06-09 00:30:32,929] {log_util.py:40} INFO - Module loaded.
[2023-06-09 00:30:33,156] {logging_mixin.py:115} INFO - [2023-06-09 00:30:33,154] {log_util.py:40} INFO - Module loaded.
[2023-06-09 00:30:33,161] {logging_mixin.py:115} INFO - [2023-06-09 00:30:33,160] {log_util.py:40} INFO - Module loaded.
[2023-06-09 00:30:33,165] {logging_mixin.py:115} INFO - [2023-06-09 00:30:33,164] {log_util.py:40} INFO - Module loaded.
[2023-06-09 00:30:33,168] {logging_mixin.py:115} INFO - [2023-06-09 00:30:33,167] {log_util.py:40} INFO - Module loaded.
[2023-06-09 00:30:33,293] {processor.py:651} INFO - DAG(s) dict_keys(['vic_investigacion_ETL']) retrieved from /opt/airflow/dags/vic_investigacion_dag.py
[2023-06-09 00:30:33,325] {logging_mixin.py:115} INFO - [2023-06-09 00:30:33,325] {dag.py:2420} INFO - Sync 1 DAGs
[2023-06-09 00:30:33,347] {logging_mixin.py:115} INFO - [2023-06-09 00:30:33,347] {dag.py:2972} INFO - Setting next_dagrun for vic_investigacion_ETL to None, run_after=None
[2023-06-09 00:30:33,381] {processor.py:161} INFO - Processing /opt/airflow/dags/vic_investigacion_dag.py took 0.497 seconds
[2023-06-09 00:31:03,628] {processor.py:153} INFO - Started process (PID=42557) to work on /opt/airflow/dags/vic_investigacion_dag.py
[2023-06-09 00:31:03,629] {processor.py:641} INFO - Processing file /opt/airflow/dags/vic_investigacion_dag.py for tasks to queue
[2023-06-09 00:31:03,630] {logging_mixin.py:115} INFO - [2023-06-09 00:31:03,630] {dagbag.py:508} INFO - Filling up the DagBag from /opt/airflow/dags/vic_investigacion_dag.py
[2023-06-09 00:31:03,640] {logging_mixin.py:115} INFO - [2023-06-09 00:31:03,638] {log_util.py:40} INFO - Module loaded.
[2023-06-09 00:31:03,786] {logging_mixin.py:115} INFO - [2023-06-09 00:31:03,785] {log_util.py:40} INFO - Module loaded.
[2023-06-09 00:31:03,789] {logging_mixin.py:115} INFO - [2023-06-09 00:31:03,789] {log_util.py:40} INFO - Module loaded.
[2023-06-09 00:31:03,792] {logging_mixin.py:115} INFO - [2023-06-09 00:31:03,791] {log_util.py:40} INFO - Module loaded.
[2023-06-09 00:31:03,795] {logging_mixin.py:115} INFO - [2023-06-09 00:31:03,794] {log_util.py:40} INFO - Module loaded.
[2023-06-09 00:31:03,899] {processor.py:651} INFO - DAG(s) dict_keys(['vic_investigacion_ETL']) retrieved from /opt/airflow/dags/vic_investigacion_dag.py
[2023-06-09 00:31:03,924] {logging_mixin.py:115} INFO - [2023-06-09 00:31:03,924] {dag.py:2420} INFO - Sync 1 DAGs
[2023-06-09 00:31:03,948] {logging_mixin.py:115} INFO - [2023-06-09 00:31:03,948] {dag.py:2972} INFO - Setting next_dagrun for vic_investigacion_ETL to None, run_after=None
[2023-06-09 00:31:03,958] {processor.py:161} INFO - Processing /opt/airflow/dags/vic_investigacion_dag.py took 0.332 seconds
[2023-06-09 00:31:34,585] {processor.py:153} INFO - Started process (PID=42598) to work on /opt/airflow/dags/vic_investigacion_dag.py
[2023-06-09 00:31:34,586] {processor.py:641} INFO - Processing file /opt/airflow/dags/vic_investigacion_dag.py for tasks to queue
[2023-06-09 00:31:34,588] {logging_mixin.py:115} INFO - [2023-06-09 00:31:34,587] {dagbag.py:508} INFO - Filling up the DagBag from /opt/airflow/dags/vic_investigacion_dag.py
[2023-06-09 00:31:34,604] {logging_mixin.py:115} INFO - [2023-06-09 00:31:34,603] {log_util.py:40} INFO - Module loaded.
[2023-06-09 00:31:34,775] {logging_mixin.py:115} INFO - [2023-06-09 00:31:34,774] {log_util.py:40} INFO - Module loaded.
[2023-06-09 00:31:34,778] {logging_mixin.py:115} INFO - [2023-06-09 00:31:34,777] {log_util.py:40} INFO - Module loaded.
[2023-06-09 00:31:34,780] {logging_mixin.py:115} INFO - [2023-06-09 00:31:34,780] {log_util.py:40} INFO - Module loaded.
[2023-06-09 00:31:34,783] {logging_mixin.py:115} INFO - [2023-06-09 00:31:34,782] {log_util.py:40} INFO - Module loaded.
[2023-06-09 00:31:34,875] {processor.py:651} INFO - DAG(s) dict_keys(['vic_investigacion_ETL']) retrieved from /opt/airflow/dags/vic_investigacion_dag.py
[2023-06-09 00:31:34,895] {logging_mixin.py:115} INFO - [2023-06-09 00:31:34,895] {dag.py:2420} INFO - Sync 1 DAGs
[2023-06-09 00:31:34,909] {logging_mixin.py:115} INFO - [2023-06-09 00:31:34,909] {dag.py:2972} INFO - Setting next_dagrun for vic_investigacion_ETL to None, run_after=None
[2023-06-09 00:31:34,917] {processor.py:161} INFO - Processing /opt/airflow/dags/vic_investigacion_dag.py took 0.339 seconds
[2023-06-09 00:32:05,627] {processor.py:153} INFO - Started process (PID=42641) to work on /opt/airflow/dags/vic_investigacion_dag.py
[2023-06-09 00:32:05,629] {processor.py:641} INFO - Processing file /opt/airflow/dags/vic_investigacion_dag.py for tasks to queue
[2023-06-09 00:32:05,630] {logging_mixin.py:115} INFO - [2023-06-09 00:32:05,630] {dagbag.py:508} INFO - Filling up the DagBag from /opt/airflow/dags/vic_investigacion_dag.py
[2023-06-09 00:32:05,641] {logging_mixin.py:115} INFO - [2023-06-09 00:32:05,641] {log_util.py:40} INFO - Module loaded.
[2023-06-09 00:32:05,785] {logging_mixin.py:115} INFO - [2023-06-09 00:32:05,783] {log_util.py:40} INFO - Module loaded.
[2023-06-09 00:32:05,788] {logging_mixin.py:115} INFO - [2023-06-09 00:32:05,787] {log_util.py:40} INFO - Module loaded.
[2023-06-09 00:32:05,790] {logging_mixin.py:115} INFO - [2023-06-09 00:32:05,790] {log_util.py:40} INFO - Module loaded.
[2023-06-09 00:32:05,793] {logging_mixin.py:115} INFO - [2023-06-09 00:32:05,792] {log_util.py:40} INFO - Module loaded.
[2023-06-09 00:32:05,867] {processor.py:651} INFO - DAG(s) dict_keys(['vic_investigacion_ETL']) retrieved from /opt/airflow/dags/vic_investigacion_dag.py
[2023-06-09 00:32:05,883] {logging_mixin.py:115} INFO - [2023-06-09 00:32:05,883] {dag.py:2420} INFO - Sync 1 DAGs
[2023-06-09 00:32:05,896] {logging_mixin.py:115} INFO - [2023-06-09 00:32:05,896] {dag.py:2972} INFO - Setting next_dagrun for vic_investigacion_ETL to None, run_after=None
[2023-06-09 00:32:05,903] {processor.py:161} INFO - Processing /opt/airflow/dags/vic_investigacion_dag.py took 0.282 seconds
[2023-06-09 00:32:36,605] {processor.py:153} INFO - Started process (PID=42683) to work on /opt/airflow/dags/vic_investigacion_dag.py
[2023-06-09 00:32:36,607] {processor.py:641} INFO - Processing file /opt/airflow/dags/vic_investigacion_dag.py for tasks to queue
[2023-06-09 00:32:36,608] {logging_mixin.py:115} INFO - [2023-06-09 00:32:36,608] {dagbag.py:508} INFO - Filling up the DagBag from /opt/airflow/dags/vic_investigacion_dag.py
[2023-06-09 00:32:36,621] {logging_mixin.py:115} INFO - [2023-06-09 00:32:36,620] {log_util.py:40} INFO - Module loaded.
[2023-06-09 00:32:36,825] {logging_mixin.py:115} INFO - [2023-06-09 00:32:36,825] {log_util.py:40} INFO - Module loaded.
[2023-06-09 00:32:36,829] {logging_mixin.py:115} INFO - [2023-06-09 00:32:36,828] {log_util.py:40} INFO - Module loaded.
[2023-06-09 00:32:36,832] {logging_mixin.py:115} INFO - [2023-06-09 00:32:36,831] {log_util.py:40} INFO - Module loaded.
[2023-06-09 00:32:36,834] {logging_mixin.py:115} INFO - [2023-06-09 00:32:36,834] {log_util.py:40} INFO - Module loaded.
[2023-06-09 00:32:36,965] {processor.py:651} INFO - DAG(s) dict_keys(['vic_investigacion_ETL']) retrieved from /opt/airflow/dags/vic_investigacion_dag.py
[2023-06-09 00:32:36,987] {logging_mixin.py:115} INFO - [2023-06-09 00:32:36,987] {dag.py:2420} INFO - Sync 1 DAGs
[2023-06-09 00:32:37,003] {logging_mixin.py:115} INFO - [2023-06-09 00:32:37,003] {dag.py:2972} INFO - Setting next_dagrun for vic_investigacion_ETL to None, run_after=None
[2023-06-09 00:32:37,011] {processor.py:161} INFO - Processing /opt/airflow/dags/vic_investigacion_dag.py took 0.411 seconds
[2023-06-09 00:54:02,989] {processor.py:153} INFO - Started process (PID=42717) to work on /opt/airflow/dags/vic_investigacion_dag.py
[2023-06-09 00:54:02,990] {processor.py:641} INFO - Processing file /opt/airflow/dags/vic_investigacion_dag.py for tasks to queue
[2023-06-09 00:54:02,991] {logging_mixin.py:115} INFO - [2023-06-09 00:54:02,991] {dagbag.py:508} INFO - Filling up the DagBag from /opt/airflow/dags/vic_investigacion_dag.py
[2023-06-09 00:54:03,013] {logging_mixin.py:115} INFO - [2023-06-09 00:54:03,007] {log_util.py:40} INFO - Module loaded.
[2023-06-09 00:54:03,385] {logging_mixin.py:115} INFO - [2023-06-09 00:54:03,383] {log_util.py:40} INFO - Module loaded.
[2023-06-09 00:54:03,416] {logging_mixin.py:115} INFO - [2023-06-09 00:54:03,412] {log_util.py:40} INFO - Module loaded.
[2023-06-09 00:54:03,436] {logging_mixin.py:115} INFO - [2023-06-09 00:54:03,430] {log_util.py:40} INFO - Module loaded.
[2023-06-09 00:54:03,455] {logging_mixin.py:115} INFO - [2023-06-09 00:54:03,444] {log_util.py:40} INFO - Module loaded.
[2023-06-09 00:54:03,796] {processor.py:651} INFO - DAG(s) dict_keys(['vic_investigacion_ETL']) retrieved from /opt/airflow/dags/vic_investigacion_dag.py
[2023-06-09 00:54:03,873] {logging_mixin.py:115} INFO - [2023-06-09 00:54:03,872] {dag.py:2420} INFO - Sync 1 DAGs
[2023-06-09 00:54:03,922] {logging_mixin.py:115} INFO - [2023-06-09 00:54:03,922] {dag.py:2972} INFO - Setting next_dagrun for vic_investigacion_ETL to None, run_after=None
[2023-06-09 00:54:03,978] {processor.py:161} INFO - Processing /opt/airflow/dags/vic_investigacion_dag.py took 0.991 seconds
[2023-06-09 01:59:06,069] {processor.py:153} INFO - Started process (PID=42760) to work on /opt/airflow/dags/vic_investigacion_dag.py
[2023-06-09 01:59:06,087] {processor.py:641} INFO - Processing file /opt/airflow/dags/vic_investigacion_dag.py for tasks to queue
[2023-06-09 01:59:06,123] {logging_mixin.py:115} INFO - [2023-06-09 01:59:06,123] {dagbag.py:508} INFO - Filling up the DagBag from /opt/airflow/dags/vic_investigacion_dag.py
[2023-06-09 01:59:06,243] {logging_mixin.py:115} INFO - [2023-06-09 01:59:06,209] {log_util.py:40} INFO - Module loaded.
[2023-06-09 01:59:06,729] {logging_mixin.py:115} INFO - [2023-06-09 01:59:06,704] {log_util.py:40} INFO - Module loaded.
[2023-06-09 01:59:06,786] {logging_mixin.py:115} INFO - [2023-06-09 01:59:06,777] {log_util.py:40} INFO - Module loaded.
[2023-06-09 01:59:06,797] {logging_mixin.py:115} INFO - [2023-06-09 01:59:06,793] {log_util.py:40} INFO - Module loaded.
[2023-06-09 01:59:06,846] {logging_mixin.py:115} INFO - [2023-06-09 01:59:06,828] {log_util.py:40} INFO - Module loaded.
[2023-06-09 01:59:07,319] {processor.py:651} INFO - DAG(s) dict_keys(['vic_investigacion_ETL']) retrieved from /opt/airflow/dags/vic_investigacion_dag.py
[2023-06-09 01:59:07,442] {logging_mixin.py:115} INFO - [2023-06-09 01:59:07,441] {dag.py:2420} INFO - Sync 1 DAGs
[2023-06-09 01:59:07,508] {logging_mixin.py:115} INFO - [2023-06-09 01:59:07,507] {dag.py:2972} INFO - Setting next_dagrun for vic_investigacion_ETL to None, run_after=None
[2023-06-09 01:59:07,589] {processor.py:161} INFO - Processing /opt/airflow/dags/vic_investigacion_dag.py took 1.556 seconds
[2023-06-09 03:04:37,629] {processor.py:153} INFO - Started process (PID=42791) to work on /opt/airflow/dags/vic_investigacion_dag.py
[2023-06-09 03:04:37,640] {processor.py:641} INFO - Processing file /opt/airflow/dags/vic_investigacion_dag.py for tasks to queue
[2023-06-09 03:04:37,647] {logging_mixin.py:115} INFO - [2023-06-09 03:04:37,647] {dagbag.py:508} INFO - Filling up the DagBag from /opt/airflow/dags/vic_investigacion_dag.py
[2023-06-09 03:04:37,736] {logging_mixin.py:115} INFO - [2023-06-09 03:04:37,732] {log_util.py:40} INFO - Module loaded.
[2023-06-09 03:04:38,925] {logging_mixin.py:115} INFO - [2023-06-09 03:04:38,920] {log_util.py:40} INFO - Module loaded.
[2023-06-09 03:04:39,004] {logging_mixin.py:115} INFO - [2023-06-09 03:04:39,003] {log_util.py:40} INFO - Module loaded.
[2023-06-09 03:04:39,121] {logging_mixin.py:115} INFO - [2023-06-09 03:04:39,095] {log_util.py:40} INFO - Module loaded.
[2023-06-09 03:04:39,148] {logging_mixin.py:115} INFO - [2023-06-09 03:04:39,145] {log_util.py:40} INFO - Module loaded.
[2023-06-09 03:04:40,724] {processor.py:651} INFO - DAG(s) dict_keys(['vic_investigacion_ETL']) retrieved from /opt/airflow/dags/vic_investigacion_dag.py
[2023-06-09 03:04:40,834] {logging_mixin.py:115} INFO - [2023-06-09 03:04:40,830] {dag.py:2420} INFO - Sync 1 DAGs
[2023-06-09 03:04:40,926] {logging_mixin.py:115} INFO - [2023-06-09 03:04:40,926] {dag.py:2972} INFO - Setting next_dagrun for vic_investigacion_ETL to None, run_after=None
[2023-06-09 03:04:40,997] {processor.py:161} INFO - Processing /opt/airflow/dags/vic_investigacion_dag.py took 3.388 seconds
[2023-06-09 13:58:08,037] {processor.py:153} INFO - Started process (PID=42828) to work on /opt/airflow/dags/vic_investigacion_dag.py
[2023-06-09 13:58:08,065] {processor.py:641} INFO - Processing file /opt/airflow/dags/vic_investigacion_dag.py for tasks to queue
[2023-06-09 13:58:08,118] {logging_mixin.py:115} INFO - [2023-06-09 13:58:08,118] {dagbag.py:508} INFO - Filling up the DagBag from /opt/airflow/dags/vic_investigacion_dag.py
[2023-06-09 13:58:08,886] {logging_mixin.py:115} INFO - [2023-06-09 13:58:08,851] {log_util.py:40} INFO - Module loaded.
[2023-06-09 13:58:10,973] {logging_mixin.py:115} INFO - [2023-06-09 13:58:10,953] {log_util.py:40} INFO - Module loaded.
[2023-06-09 13:58:11,040] {logging_mixin.py:115} INFO - [2023-06-09 13:58:11,026] {log_util.py:40} INFO - Module loaded.
[2023-06-09 13:58:11,057] {logging_mixin.py:115} INFO - [2023-06-09 13:58:11,055] {log_util.py:40} INFO - Module loaded.
[2023-06-09 13:58:11,075] {logging_mixin.py:115} INFO - [2023-06-09 13:58:11,067] {log_util.py:40} INFO - Module loaded.
[2023-06-09 13:58:11,559] {processor.py:651} INFO - DAG(s) dict_keys(['vic_investigacion_ETL']) retrieved from /opt/airflow/dags/vic_investigacion_dag.py
[2023-06-09 13:58:11,743] {logging_mixin.py:115} INFO - [2023-06-09 13:58:11,741] {dag.py:2420} INFO - Sync 1 DAGs
[2023-06-09 13:58:11,799] {logging_mixin.py:115} INFO - [2023-06-09 13:58:11,799] {dag.py:2972} INFO - Setting next_dagrun for vic_investigacion_ETL to None, run_after=None
[2023-06-09 13:58:11,837] {processor.py:161} INFO - Processing /opt/airflow/dags/vic_investigacion_dag.py took 3.859 seconds
[2023-06-09 13:58:42,470] {processor.py:153} INFO - Started process (PID=42872) to work on /opt/airflow/dags/vic_investigacion_dag.py
[2023-06-09 13:58:42,472] {processor.py:641} INFO - Processing file /opt/airflow/dags/vic_investigacion_dag.py for tasks to queue
[2023-06-09 13:58:42,474] {logging_mixin.py:115} INFO - [2023-06-09 13:58:42,474] {dagbag.py:508} INFO - Filling up the DagBag from /opt/airflow/dags/vic_investigacion_dag.py
[2023-06-09 13:58:42,489] {logging_mixin.py:115} INFO - [2023-06-09 13:58:42,488] {log_util.py:40} INFO - Module loaded.
[2023-06-09 13:58:42,810] {logging_mixin.py:115} INFO - [2023-06-09 13:58:42,801] {log_util.py:40} INFO - Module loaded.
[2023-06-09 13:58:42,855] {logging_mixin.py:115} INFO - [2023-06-09 13:58:42,854] {log_util.py:40} INFO - Module loaded.
[2023-06-09 13:58:42,863] {logging_mixin.py:115} INFO - [2023-06-09 13:58:42,861] {log_util.py:40} INFO - Module loaded.
[2023-06-09 13:58:42,883] {logging_mixin.py:115} INFO - [2023-06-09 13:58:42,881] {log_util.py:40} INFO - Module loaded.
[2023-06-09 13:58:43,049] {processor.py:651} INFO - DAG(s) dict_keys(['vic_investigacion_ETL']) retrieved from /opt/airflow/dags/vic_investigacion_dag.py
[2023-06-09 13:58:43,082] {logging_mixin.py:115} INFO - [2023-06-09 13:58:43,081] {dag.py:2420} INFO - Sync 1 DAGs
[2023-06-09 13:58:43,109] {logging_mixin.py:115} INFO - [2023-06-09 13:58:43,109] {dag.py:2972} INFO - Setting next_dagrun for vic_investigacion_ETL to None, run_after=None
[2023-06-09 13:58:43,122] {processor.py:161} INFO - Processing /opt/airflow/dags/vic_investigacion_dag.py took 0.659 seconds
[2023-06-09 14:01:15,601] {processor.py:153} INFO - Started process (PID=42905) to work on /opt/airflow/dags/vic_investigacion_dag.py
[2023-06-09 14:01:15,602] {processor.py:641} INFO - Processing file /opt/airflow/dags/vic_investigacion_dag.py for tasks to queue
[2023-06-09 14:01:15,603] {logging_mixin.py:115} INFO - [2023-06-09 14:01:15,603] {dagbag.py:508} INFO - Filling up the DagBag from /opt/airflow/dags/vic_investigacion_dag.py
[2023-06-09 14:01:15,612] {logging_mixin.py:115} INFO - [2023-06-09 14:01:15,611] {log_util.py:40} INFO - Module loaded.
[2023-06-09 14:01:15,792] {logging_mixin.py:115} INFO - [2023-06-09 14:01:15,791] {log_util.py:40} INFO - Module loaded.
[2023-06-09 14:01:15,796] {logging_mixin.py:115} INFO - [2023-06-09 14:01:15,795] {log_util.py:40} INFO - Module loaded.
[2023-06-09 14:01:15,798] {logging_mixin.py:115} INFO - [2023-06-09 14:01:15,797] {log_util.py:40} INFO - Module loaded.
[2023-06-09 14:01:15,800] {logging_mixin.py:115} INFO - [2023-06-09 14:01:15,800] {log_util.py:40} INFO - Module loaded.
[2023-06-09 14:01:15,912] {processor.py:651} INFO - DAG(s) dict_keys(['vic_investigacion_ETL']) retrieved from /opt/airflow/dags/vic_investigacion_dag.py
[2023-06-09 14:01:15,943] {logging_mixin.py:115} INFO - [2023-06-09 14:01:15,943] {dag.py:2420} INFO - Sync 1 DAGs
[2023-06-09 14:01:16,024] {logging_mixin.py:115} INFO - [2023-06-09 14:01:16,023] {dag.py:2972} INFO - Setting next_dagrun for vic_investigacion_ETL to None, run_after=None
[2023-06-09 14:01:16,054] {processor.py:161} INFO - Processing /opt/airflow/dags/vic_investigacion_dag.py took 0.457 seconds
[2023-06-09 14:01:46,191] {processor.py:153} INFO - Started process (PID=42948) to work on /opt/airflow/dags/vic_investigacion_dag.py
[2023-06-09 14:01:46,193] {processor.py:641} INFO - Processing file /opt/airflow/dags/vic_investigacion_dag.py for tasks to queue
[2023-06-09 14:01:46,194] {logging_mixin.py:115} INFO - [2023-06-09 14:01:46,194] {dagbag.py:508} INFO - Filling up the DagBag from /opt/airflow/dags/vic_investigacion_dag.py
[2023-06-09 14:01:46,215] {logging_mixin.py:115} INFO - [2023-06-09 14:01:46,213] {log_util.py:40} INFO - Module loaded.
[2023-06-09 14:01:46,440] {logging_mixin.py:115} INFO - [2023-06-09 14:01:46,440] {log_util.py:40} INFO - Module loaded.
[2023-06-09 14:01:46,445] {logging_mixin.py:115} INFO - [2023-06-09 14:01:46,444] {log_util.py:40} INFO - Module loaded.
[2023-06-09 14:01:46,448] {logging_mixin.py:115} INFO - [2023-06-09 14:01:46,447] {log_util.py:40} INFO - Module loaded.
[2023-06-09 14:01:46,450] {logging_mixin.py:115} INFO - [2023-06-09 14:01:46,450] {log_util.py:40} INFO - Module loaded.
[2023-06-09 14:01:46,571] {processor.py:651} INFO - DAG(s) dict_keys(['vic_investigacion_ETL']) retrieved from /opt/airflow/dags/vic_investigacion_dag.py
[2023-06-09 14:01:46,593] {logging_mixin.py:115} INFO - [2023-06-09 14:01:46,593] {dag.py:2420} INFO - Sync 1 DAGs
[2023-06-09 14:01:46,615] {logging_mixin.py:115} INFO - [2023-06-09 14:01:46,615] {dag.py:2972} INFO - Setting next_dagrun for vic_investigacion_ETL to None, run_after=None
[2023-06-09 14:01:46,626] {processor.py:161} INFO - Processing /opt/airflow/dags/vic_investigacion_dag.py took 0.441 seconds
[2023-06-09 14:02:16,771] {processor.py:153} INFO - Started process (PID=42983) to work on /opt/airflow/dags/vic_investigacion_dag.py
[2023-06-09 14:02:16,773] {processor.py:641} INFO - Processing file /opt/airflow/dags/vic_investigacion_dag.py for tasks to queue
[2023-06-09 14:02:16,774] {logging_mixin.py:115} INFO - [2023-06-09 14:02:16,774] {dagbag.py:508} INFO - Filling up the DagBag from /opt/airflow/dags/vic_investigacion_dag.py
[2023-06-09 14:02:16,782] {logging_mixin.py:115} INFO - [2023-06-09 14:02:16,781] {log_util.py:40} INFO - Module loaded.
[2023-06-09 14:02:16,918] {logging_mixin.py:115} INFO - [2023-06-09 14:02:16,917] {log_util.py:40} INFO - Module loaded.
[2023-06-09 14:02:16,920] {logging_mixin.py:115} INFO - [2023-06-09 14:02:16,920] {log_util.py:40} INFO - Module loaded.
[2023-06-09 14:02:16,923] {logging_mixin.py:115} INFO - [2023-06-09 14:02:16,922] {log_util.py:40} INFO - Module loaded.
[2023-06-09 14:02:16,925] {logging_mixin.py:115} INFO - [2023-06-09 14:02:16,925] {log_util.py:40} INFO - Module loaded.
[2023-06-09 14:02:16,994] {processor.py:651} INFO - DAG(s) dict_keys(['vic_investigacion_ETL']) retrieved from /opt/airflow/dags/vic_investigacion_dag.py
[2023-06-09 14:02:17,011] {logging_mixin.py:115} INFO - [2023-06-09 14:02:17,011] {dag.py:2420} INFO - Sync 1 DAGs
[2023-06-09 14:02:17,025] {logging_mixin.py:115} INFO - [2023-06-09 14:02:17,025] {dag.py:2972} INFO - Setting next_dagrun for vic_investigacion_ETL to None, run_after=None
[2023-06-09 14:02:17,032] {processor.py:161} INFO - Processing /opt/airflow/dags/vic_investigacion_dag.py took 0.263 seconds
