[2023-07-26 17:49:02,379] {taskinstance.py:1179} INFO - Dependencies all met for <TaskInstance: vic_investigacion_ETL.profesores_core_data manual__2023-07-26T17:48:59.794284+00:00 [queued]>
[2023-07-26 17:49:02,398] {taskinstance.py:1179} INFO - Dependencies all met for <TaskInstance: vic_investigacion_ETL.profesores_core_data manual__2023-07-26T17:48:59.794284+00:00 [queued]>
[2023-07-26 17:49:02,401] {taskinstance.py:1376} INFO - 
--------------------------------------------------------------------------------
[2023-07-26 17:49:02,405] {taskinstance.py:1377} INFO - Starting attempt 1 of 1
[2023-07-26 17:49:02,407] {taskinstance.py:1378} INFO - 
--------------------------------------------------------------------------------
[2023-07-26 17:49:02,438] {taskinstance.py:1397} INFO - Executing <Task(PrepareProfesoresData): profesores_core_data> on 2023-07-26 17:48:59.794284+00:00
[2023-07-26 17:49:02,458] {standard_task_runner.py:52} INFO - Started process 234 to run task
[2023-07-26 17:49:02,473] {standard_task_runner.py:79} INFO - Running: ['***', 'tasks', 'run', 'vic_investigacion_ETL', 'profesores_core_data', 'manual__2023-07-26T17:48:59.794284+00:00', '--job-id', '148', '--raw', '--subdir', 'DAGS_FOLDER/vic_investigacion_dag.py', '--cfg-path', '/tmp/tmpbcw6_meh', '--error-file', '/tmp/tmpifqjys3a']
[2023-07-26 17:49:02,483] {standard_task_runner.py:80} INFO - Job 148: Subtask profesores_core_data
[2023-07-26 17:49:02,720] {task_command.py:371} INFO - Running <TaskInstance: vic_investigacion_ETL.profesores_core_data manual__2023-07-26T17:48:59.794284+00:00 [running]> on host 6c8a51d4a614
[2023-07-26 17:49:03,010] {taskinstance.py:1591} INFO - Exporting the following env vars:
AIRFLOW_CTX_DAG_OWNER=***
AIRFLOW_CTX_DAG_ID=vic_investigacion_ETL
AIRFLOW_CTX_TASK_ID=profesores_core_data
AIRFLOW_CTX_EXECUTION_DATE=2023-07-26T17:48:59.794284+00:00
AIRFLOW_CTX_TRY_NUMBER=1
AIRFLOW_CTX_DAG_RUN_ID=manual__2023-07-26T17:48:59.794284+00:00
[2023-07-26 17:49:03,021] {logging_mixin.py:115} INFO - Preparing Profesores Core Data
[2023-07-26 17:49:16,767] {taskinstance.py:1420} INFO - Marking task as SUCCESS. dag_id=vic_investigacion_ETL, task_id=profesores_core_data, execution_date=20230726T174859, start_date=20230726T174902, end_date=20230726T174916
[2023-07-26 17:49:16,869] {local_task_job.py:156} INFO - Task exited with return code 0
