[2023-06-01 00:29:10,950] {taskinstance.py:1179} INFO - Dependencies all met for <TaskInstance: vic_investigacion_ETL.upload_data_big_query manual__2023-06-01T00:29:09.374397+00:00 [queued]>
[2023-06-01 00:29:10,961] {taskinstance.py:1179} INFO - Dependencies all met for <TaskInstance: vic_investigacion_ETL.upload_data_big_query manual__2023-06-01T00:29:09.374397+00:00 [queued]>
[2023-06-01 00:29:10,963] {taskinstance.py:1376} INFO - 
--------------------------------------------------------------------------------
[2023-06-01 00:29:10,964] {taskinstance.py:1377} INFO - Starting attempt 1 of 1
[2023-06-01 00:29:10,966] {taskinstance.py:1378} INFO - 
--------------------------------------------------------------------------------
[2023-06-01 00:29:10,984] {taskinstance.py:1397} INFO - Executing <Task(ExportData): upload_data_big_query> on 2023-06-01 00:29:09.374397+00:00
[2023-06-01 00:29:10,993] {standard_task_runner.py:52} INFO - Started process 3269 to run task
[2023-06-01 00:29:10,998] {standard_task_runner.py:79} INFO - Running: ['***', 'tasks', 'run', 'vic_investigacion_ETL', 'upload_data_big_query', 'manual__2023-06-01T00:29:09.374397+00:00', '--job-id', '73', '--raw', '--subdir', 'DAGS_FOLDER/vic_investigacion_dag.py', '--cfg-path', '/tmp/tmp21gz57rn', '--error-file', '/tmp/tmp7gf79mls']
[2023-06-01 00:29:11,003] {standard_task_runner.py:80} INFO - Job 73: Subtask upload_data_big_query
[2023-06-01 00:29:11,111] {task_command.py:371} INFO - Running <TaskInstance: vic_investigacion_ETL.upload_data_big_query manual__2023-06-01T00:29:09.374397+00:00 [running]> on host 5d9ccb732815
[2023-06-01 00:29:11,207] {taskinstance.py:1591} INFO - Exporting the following env vars:
AIRFLOW_CTX_DAG_OWNER=***
AIRFLOW_CTX_DAG_ID=vic_investigacion_ETL
AIRFLOW_CTX_TASK_ID=upload_data_big_query
AIRFLOW_CTX_EXECUTION_DATE=2023-06-01T00:29:09.374397+00:00
AIRFLOW_CTX_TRY_NUMBER=1
AIRFLOW_CTX_DAG_RUN_ID=manual__2023-06-01T00:29:09.374397+00:00
[2023-06-01 00:29:11,210] {logging_mixin.py:115} INFO - Exporting Data
[2023-06-01 00:29:11,212] {logging_mixin.py:115} INFO - /opt/***/data/scopus/to_upload_data/authors_join.csv
[2023-06-01 00:29:15,675] {logging_mixin.py:115} INFO - LoadJob<project=viceinvestigacion, location=US, id=d639aeb2-f54a-445f-aaa8-ba735fc478a5>
[2023-06-01 00:29:15,677] {logging_mixin.py:115} INFO - /opt/***/data/scopus/to_upload_data/subject_areas.csv
[2023-06-01 00:29:19,427] {logging_mixin.py:115} INFO - LoadJob<project=viceinvestigacion, location=US, id=ae34ef73-5229-44e4-bca7-d433e01c8f6e>
[2023-06-01 00:29:19,447] {taskinstance.py:1420} INFO - Marking task as SUCCESS. dag_id=vic_investigacion_ETL, task_id=upload_data_big_query, execution_date=20230601T002909, start_date=20230601T002910, end_date=20230601T002919
[2023-06-01 00:29:19,594] {local_task_job.py:156} INFO - Task exited with return code 0
[2023-06-01 00:29:19,624] {local_task_job.py:273} INFO - 0 downstream tasks scheduled from follow-on schedule check
