[2023-04-24 20:29:32,227] {taskinstance.py:1179} INFO - Dependencies all met for <TaskInstance: vic_investigacion_ETL.prepare_group_lac_data manual__2023-04-24T20:29:27.815112+00:00 [queued]>
[2023-04-24 20:29:32,237] {taskinstance.py:1179} INFO - Dependencies all met for <TaskInstance: vic_investigacion_ETL.prepare_group_lac_data manual__2023-04-24T20:29:27.815112+00:00 [queued]>
[2023-04-24 20:29:32,238] {taskinstance.py:1376} INFO - 
--------------------------------------------------------------------------------
[2023-04-24 20:29:32,238] {taskinstance.py:1377} INFO - Starting attempt 1 of 1
[2023-04-24 20:29:32,239] {taskinstance.py:1378} INFO - 
--------------------------------------------------------------------------------
[2023-04-24 20:29:32,249] {taskinstance.py:1397} INFO - Executing <Task(PrepareGroupLacData): prepare_group_lac_data> on 2023-04-24 20:29:27.815112+00:00
[2023-04-24 20:29:32,256] {standard_task_runner.py:52} INFO - Started process 12205 to run task
[2023-04-24 20:29:32,261] {standard_task_runner.py:79} INFO - Running: ['***', 'tasks', 'run', 'vic_investigacion_ETL', 'prepare_group_lac_data', 'manual__2023-04-24T20:29:27.815112+00:00', '--job-id', '436', '--raw', '--subdir', 'DAGS_FOLDER/vic_investigacion_dag.py', '--cfg-path', '/tmp/tmpxoir1hv5', '--error-file', '/tmp/tmp4t8cirju']
[2023-04-24 20:29:32,263] {standard_task_runner.py:80} INFO - Job 436: Subtask prepare_group_lac_data
[2023-04-24 20:29:32,339] {task_command.py:371} INFO - Running <TaskInstance: vic_investigacion_ETL.prepare_group_lac_data manual__2023-04-24T20:29:27.815112+00:00 [running]> on host b136a0a45498
[2023-04-24 20:29:32,413] {taskinstance.py:1591} INFO - Exporting the following env vars:
AIRFLOW_CTX_DAG_OWNER=***
AIRFLOW_CTX_DAG_ID=vic_investigacion_ETL
AIRFLOW_CTX_TASK_ID=prepare_group_lac_data
AIRFLOW_CTX_EXECUTION_DATE=2023-04-24T20:29:27.815112+00:00
AIRFLOW_CTX_TRY_NUMBER=1
AIRFLOW_CTX_DAG_RUN_ID=manual__2023-04-24T20:29:27.815112+00:00
[2023-04-24 20:29:32,415] {logging_mixin.py:115} INFO - Preparing group lac Data
[2023-04-24 20:29:32,696] {taskinstance.py:1420} INFO - Marking task as SUCCESS. dag_id=vic_investigacion_ETL, task_id=prepare_group_lac_data, execution_date=20230424T202927, start_date=20230424T202932, end_date=20230424T202932
[2023-04-24 20:29:32,761] {local_task_job.py:156} INFO - Task exited with return code 0
