[2023-04-17 17:39:03,265] {taskinstance.py:1179} INFO - Dependencies all met for <TaskInstance: vic_investigacion_ETL.upload_data_big_query manual__2023-04-17T17:38:57.632152+00:00 [queued]>
[2023-04-17 17:39:03,271] {taskinstance.py:1179} INFO - Dependencies all met for <TaskInstance: vic_investigacion_ETL.upload_data_big_query manual__2023-04-17T17:38:57.632152+00:00 [queued]>
[2023-04-17 17:39:03,272] {taskinstance.py:1376} INFO - 
--------------------------------------------------------------------------------
[2023-04-17 17:39:03,273] {taskinstance.py:1377} INFO - Starting attempt 1 of 1
[2023-04-17 17:39:03,273] {taskinstance.py:1378} INFO - 
--------------------------------------------------------------------------------
[2023-04-17 17:39:03,280] {taskinstance.py:1397} INFO - Executing <Task(ExportingData): upload_data_big_query> on 2023-04-17 17:38:57.632152+00:00
[2023-04-17 17:39:03,285] {standard_task_runner.py:52} INFO - Started process 634 to run task
[2023-04-17 17:39:03,288] {standard_task_runner.py:79} INFO - Running: ['***', 'tasks', 'run', 'vic_investigacion_ETL', 'upload_data_big_query', 'manual__2023-04-17T17:38:57.632152+00:00', '--job-id', '223', '--raw', '--subdir', 'DAGS_FOLDER/vic_investigacion_dag.py', '--cfg-path', '/tmp/tmpunjn3st8', '--error-file', '/tmp/tmpd4_5in7l']
[2023-04-17 17:39:03,290] {standard_task_runner.py:80} INFO - Job 223: Subtask upload_data_big_query
[2023-04-17 17:39:03,348] {task_command.py:371} INFO - Running <TaskInstance: vic_investigacion_ETL.upload_data_big_query manual__2023-04-17T17:38:57.632152+00:00 [running]> on host 6071715564b2
[2023-04-17 17:39:03,397] {taskinstance.py:1591} INFO - Exporting the following env vars:
AIRFLOW_CTX_DAG_OWNER=***
AIRFLOW_CTX_DAG_ID=vic_investigacion_ETL
AIRFLOW_CTX_TASK_ID=upload_data_big_query
AIRFLOW_CTX_EXECUTION_DATE=2023-04-17T17:38:57.632152+00:00
AIRFLOW_CTX_TRY_NUMBER=1
AIRFLOW_CTX_DAG_RUN_ID=manual__2023-04-17T17:38:57.632152+00:00
[2023-04-17 17:39:03,399] {logging_mixin.py:115} INFO - Exporting Data
[2023-04-17 17:39:03,400] {logging_mixin.py:115} INFO - /opt/***/raw_data/clean_authors_core_data/afilliations_history.csv
[2023-04-17 17:39:04,919] {logging_mixin.py:115} INFO - --
[2023-04-17 17:39:04,921] {logging_mixin.py:115} INFO - /opt/***/raw_data/clean_authors_core_data/core_data.csv
[2023-04-17 17:39:11,253] {logging_mixin.py:115} INFO - LoadJob<project=viceinvestigacion, location=US, id=908b86d1-56bf-4d51-936e-6551078918a1>
[2023-04-17 17:39:11,255] {logging_mixin.py:115} INFO - /opt/***/raw_data/clean_authors_core_data/current_afilliations.csv
[2023-04-17 17:39:11,875] {logging_mixin.py:115} INFO - --
[2023-04-17 17:39:11,876] {logging_mixin.py:115} INFO - /opt/***/raw_data/clean_authors_core_data/products.csv
[2023-04-17 17:39:12,109] {logging_mixin.py:115} INFO - --
[2023-04-17 17:39:12,109] {logging_mixin.py:115} INFO - /opt/***/raw_data/clean_authors_core_data/subject_areas.csv
[2023-04-17 17:39:12,616] {logging_mixin.py:115} INFO - --
[2023-04-17 17:39:12,618] {logging_mixin.py:115} INFO - /opt/***/raw_data/clean_authors_products_data/clean_products.csv
[2023-04-17 17:39:16,553] {logging_mixin.py:115} INFO - LoadJob<project=viceinvestigacion, location=US, id=51f3bb2a-17e3-47dd-a13f-139bc97d52b5>
[2023-04-17 17:39:16,591] {taskinstance.py:1420} INFO - Marking task as SUCCESS. dag_id=vic_investigacion_ETL, task_id=upload_data_big_query, execution_date=20230417T173857, start_date=20230417T173903, end_date=20230417T173916
[2023-04-17 17:39:16,671] {local_task_job.py:156} INFO - Task exited with return code 0
[2023-04-17 17:39:16,701] {local_task_job.py:273} INFO - 0 downstream tasks scheduled from follow-on schedule check
