[2023-06-01 02:05:59,077] {taskinstance.py:1179} INFO - Dependencies all met for <TaskInstance: vic_investigacion_ETL.get_cv_lac_data manual__2023-06-01T02:05:57.129557+00:00 [queued]>
[2023-06-01 02:05:59,090] {taskinstance.py:1179} INFO - Dependencies all met for <TaskInstance: vic_investigacion_ETL.get_cv_lac_data manual__2023-06-01T02:05:57.129557+00:00 [queued]>
[2023-06-01 02:05:59,091] {taskinstance.py:1376} INFO - 
--------------------------------------------------------------------------------
[2023-06-01 02:05:59,092] {taskinstance.py:1377} INFO - Starting attempt 1 of 1
[2023-06-01 02:05:59,093] {taskinstance.py:1378} INFO - 
--------------------------------------------------------------------------------
[2023-06-01 02:05:59,117] {taskinstance.py:1397} INFO - Executing <Task(ReadCvLAC): get_cv_lac_data> on 2023-06-01 02:05:57.129557+00:00
[2023-06-01 02:05:59,137] {standard_task_runner.py:52} INFO - Started process 5090 to run task
[2023-06-01 02:05:59,146] {standard_task_runner.py:79} INFO - Running: ['***', 'tasks', 'run', 'vic_investigacion_ETL', 'get_cv_lac_data', 'manual__2023-06-01T02:05:57.129557+00:00', '--job-id', '215', '--raw', '--subdir', 'DAGS_FOLDER/vic_investigacion_dag.py', '--cfg-path', '/tmp/tmp8fdwj1bj', '--error-file', '/tmp/tmpepqmlw7r']
[2023-06-01 02:05:59,150] {standard_task_runner.py:80} INFO - Job 215: Subtask get_cv_lac_data
[2023-06-01 02:05:59,282] {task_command.py:371} INFO - Running <TaskInstance: vic_investigacion_ETL.get_cv_lac_data manual__2023-06-01T02:05:57.129557+00:00 [running]> on host 5d9ccb732815
[2023-06-01 02:05:59,394] {taskinstance.py:1591} INFO - Exporting the following env vars:
AIRFLOW_CTX_DAG_OWNER=***
AIRFLOW_CTX_DAG_ID=vic_investigacion_ETL
AIRFLOW_CTX_TASK_ID=get_cv_lac_data
AIRFLOW_CTX_EXECUTION_DATE=2023-06-01T02:05:57.129557+00:00
AIRFLOW_CTX_TRY_NUMBER=1
AIRFLOW_CTX_DAG_RUN_ID=manual__2023-06-01T02:05:57.129557+00:00
[2023-06-01 02:05:59,398] {logging_mixin.py:115} INFO - Getting CV LAC Data
[2023-06-01 02:05:59,440] {taskinstance.py:1420} INFO - Marking task as SUCCESS. dag_id=vic_investigacion_ETL, task_id=get_cv_lac_data, execution_date=20230601T020557, start_date=20230601T020559, end_date=20230601T020559
[2023-06-01 02:05:59,524] {local_task_job.py:156} INFO - Task exited with return code 0
[2023-06-01 02:05:59,613] {local_task_job.py:273} INFO - 0 downstream tasks scheduled from follow-on schedule check
