[2023-04-17 21:35:50,974] {taskinstance.py:1179} INFO - Dependencies all met for <TaskInstance: vic_investigacion_ETL.get_cv_lac_data manual__2023-04-17T21:35:48.783338+00:00 [queued]>
[2023-04-17 21:35:50,982] {taskinstance.py:1179} INFO - Dependencies all met for <TaskInstance: vic_investigacion_ETL.get_cv_lac_data manual__2023-04-17T21:35:48.783338+00:00 [queued]>
[2023-04-17 21:35:50,983] {taskinstance.py:1376} INFO - 
--------------------------------------------------------------------------------
[2023-04-17 21:35:50,984] {taskinstance.py:1377} INFO - Starting attempt 1 of 1
[2023-04-17 21:35:50,984] {taskinstance.py:1378} INFO - 
--------------------------------------------------------------------------------
[2023-04-17 21:35:50,999] {taskinstance.py:1397} INFO - Executing <Task(ReadCvLAC): get_cv_lac_data> on 2023-04-17 21:35:48.783338+00:00
[2023-04-17 21:35:51,009] {standard_task_runner.py:52} INFO - Started process 196 to run task
[2023-04-17 21:35:51,018] {standard_task_runner.py:79} INFO - Running: ['***', 'tasks', 'run', 'vic_investigacion_ETL', 'get_cv_lac_data', 'manual__2023-04-17T21:35:48.783338+00:00', '--job-id', '234', '--raw', '--subdir', 'DAGS_FOLDER/vic_investigacion_dag.py', '--cfg-path', '/tmp/tmpbn0ph_7r', '--error-file', '/tmp/tmppiw_4qbm']
[2023-04-17 21:35:51,021] {standard_task_runner.py:80} INFO - Job 234: Subtask get_cv_lac_data
[2023-04-17 21:35:51,143] {task_command.py:371} INFO - Running <TaskInstance: vic_investigacion_ETL.get_cv_lac_data manual__2023-04-17T21:35:48.783338+00:00 [running]> on host 3ea76e08ced3
[2023-04-17 21:35:51,243] {taskinstance.py:1591} INFO - Exporting the following env vars:
AIRFLOW_CTX_DAG_OWNER=***
AIRFLOW_CTX_DAG_ID=vic_investigacion_ETL
AIRFLOW_CTX_TASK_ID=get_cv_lac_data
AIRFLOW_CTX_EXECUTION_DATE=2023-04-17T21:35:48.783338+00:00
AIRFLOW_CTX_TRY_NUMBER=1
AIRFLOW_CTX_DAG_RUN_ID=manual__2023-04-17T21:35:48.783338+00:00
[2023-04-17 21:35:51,246] {logging_mixin.py:115} INFO - Getting CV LAC Data
[2023-04-17 21:35:51,262] {taskinstance.py:1420} INFO - Marking task as SUCCESS. dag_id=vic_investigacion_ETL, task_id=get_cv_lac_data, execution_date=20230417T213548, start_date=20230417T213550, end_date=20230417T213551
[2023-04-17 21:35:51,311] {local_task_job.py:156} INFO - Task exited with return code 0
