[2023-06-01 01:59:01,961] {taskinstance.py:1179} INFO - Dependencies all met for <TaskInstance: vic_investigacion_ETL.prepare_wos_data manual__2023-06-01T01:58:59.752934+00:00 [queued]>
[2023-06-01 01:59:01,975] {taskinstance.py:1179} INFO - Dependencies all met for <TaskInstance: vic_investigacion_ETL.prepare_wos_data manual__2023-06-01T01:58:59.752934+00:00 [queued]>
[2023-06-01 01:59:01,976] {taskinstance.py:1376} INFO - 
--------------------------------------------------------------------------------
[2023-06-01 01:59:01,978] {taskinstance.py:1377} INFO - Starting attempt 1 of 1
[2023-06-01 01:59:01,979] {taskinstance.py:1378} INFO - 
--------------------------------------------------------------------------------
[2023-06-01 01:59:02,005] {taskinstance.py:1397} INFO - Executing <Task(PrepareWosData): prepare_wos_data> on 2023-06-01 01:58:59.752934+00:00
[2023-06-01 01:59:02,022] {standard_task_runner.py:52} INFO - Started process 4643 to run task
[2023-06-01 01:59:02,032] {standard_task_runner.py:79} INFO - Running: ['***', 'tasks', 'run', 'vic_investigacion_ETL', 'prepare_wos_data', 'manual__2023-06-01T01:58:59.752934+00:00', '--job-id', '183', '--raw', '--subdir', 'DAGS_FOLDER/vic_investigacion_dag.py', '--cfg-path', '/tmp/tmpyy_a1i9o', '--error-file', '/tmp/tmpbdhmcs80']
[2023-06-01 01:59:02,036] {standard_task_runner.py:80} INFO - Job 183: Subtask prepare_wos_data
[2023-06-01 01:59:02,184] {task_command.py:371} INFO - Running <TaskInstance: vic_investigacion_ETL.prepare_wos_data manual__2023-06-01T01:58:59.752934+00:00 [running]> on host 5d9ccb732815
[2023-06-01 01:59:02,286] {taskinstance.py:1591} INFO - Exporting the following env vars:
AIRFLOW_CTX_DAG_OWNER=***
AIRFLOW_CTX_DAG_ID=vic_investigacion_ETL
AIRFLOW_CTX_TASK_ID=prepare_wos_data
AIRFLOW_CTX_EXECUTION_DATE=2023-06-01T01:58:59.752934+00:00
AIRFLOW_CTX_TRY_NUMBER=1
AIRFLOW_CTX_DAG_RUN_ID=manual__2023-06-01T01:58:59.752934+00:00
[2023-06-01 01:59:02,290] {logging_mixin.py:115} INFO - Preparing WOS Data
[2023-06-01 01:59:02,319] {taskinstance.py:1420} INFO - Marking task as SUCCESS. dag_id=vic_investigacion_ETL, task_id=prepare_wos_data, execution_date=20230601T015859, start_date=20230601T015901, end_date=20230601T015902
[2023-06-01 01:59:02,362] {local_task_job.py:156} INFO - Task exited with return code 0
[2023-06-01 01:59:02,393] {local_task_job.py:273} INFO - 0 downstream tasks scheduled from follow-on schedule check
