[2023-06-01 00:21:49,210] {taskinstance.py:1179} INFO - Dependencies all met for <TaskInstance: vic_investigacion_ETL.get_cv_lac_data manual__2023-06-01T00:21:46.870578+00:00 [queued]>
[2023-06-01 00:21:49,225] {taskinstance.py:1179} INFO - Dependencies all met for <TaskInstance: vic_investigacion_ETL.get_cv_lac_data manual__2023-06-01T00:21:46.870578+00:00 [queued]>
[2023-06-01 00:21:49,228] {taskinstance.py:1376} INFO - 
--------------------------------------------------------------------------------
[2023-06-01 00:21:49,235] {taskinstance.py:1377} INFO - Starting attempt 1 of 1
[2023-06-01 00:21:49,242] {taskinstance.py:1378} INFO - 
--------------------------------------------------------------------------------
[2023-06-01 00:21:49,280] {taskinstance.py:1397} INFO - Executing <Task(ReadCvLAC): get_cv_lac_data> on 2023-06-01 00:21:46.870578+00:00
[2023-06-01 00:21:49,313] {standard_task_runner.py:52} INFO - Started process 2854 to run task
[2023-06-01 00:21:49,317] {standard_task_runner.py:79} INFO - Running: ['***', 'tasks', 'run', 'vic_investigacion_ETL', 'get_cv_lac_data', 'manual__2023-06-01T00:21:46.870578+00:00', '--job-id', '53', '--raw', '--subdir', 'DAGS_FOLDER/vic_investigacion_dag.py', '--cfg-path', '/tmp/tmpejq2ztfx', '--error-file', '/tmp/tmp4dajdya7']
[2023-06-01 00:21:49,327] {standard_task_runner.py:80} INFO - Job 53: Subtask get_cv_lac_data
[2023-06-01 00:21:49,483] {task_command.py:371} INFO - Running <TaskInstance: vic_investigacion_ETL.get_cv_lac_data manual__2023-06-01T00:21:46.870578+00:00 [running]> on host 5d9ccb732815
[2023-06-01 00:21:49,569] {taskinstance.py:1591} INFO - Exporting the following env vars:
AIRFLOW_CTX_DAG_OWNER=***
AIRFLOW_CTX_DAG_ID=vic_investigacion_ETL
AIRFLOW_CTX_TASK_ID=get_cv_lac_data
AIRFLOW_CTX_EXECUTION_DATE=2023-06-01T00:21:46.870578+00:00
AIRFLOW_CTX_TRY_NUMBER=1
AIRFLOW_CTX_DAG_RUN_ID=manual__2023-06-01T00:21:46.870578+00:00
[2023-06-01 00:21:49,572] {logging_mixin.py:115} INFO - Getting CV LAC Data
[2023-06-01 00:21:49,882] {taskinstance.py:1420} INFO - Marking task as SUCCESS. dag_id=vic_investigacion_ETL, task_id=get_cv_lac_data, execution_date=20230601T002146, start_date=20230601T002149, end_date=20230601T002149
[2023-06-01 00:21:49,906] {local_task_job.py:156} INFO - Task exited with return code 0
[2023-06-01 00:21:49,955] {local_task_job.py:273} INFO - 0 downstream tasks scheduled from follow-on schedule check
