[2023-04-17 15:06:57,227] {taskinstance.py:1179} INFO - Dependencies all met for <TaskInstance: vic_investigacion_ETL.get_group_lac_data manual__2023-04-17T15:06:56.158157+00:00 [queued]>
[2023-04-17 15:06:57,236] {taskinstance.py:1179} INFO - Dependencies all met for <TaskInstance: vic_investigacion_ETL.get_group_lac_data manual__2023-04-17T15:06:56.158157+00:00 [queued]>
[2023-04-17 15:06:57,237] {taskinstance.py:1376} INFO - 
--------------------------------------------------------------------------------
[2023-04-17 15:06:57,238] {taskinstance.py:1377} INFO - Starting attempt 1 of 1
[2023-04-17 15:06:57,239] {taskinstance.py:1378} INFO - 
--------------------------------------------------------------------------------
[2023-04-17 15:06:57,252] {taskinstance.py:1397} INFO - Executing <Task(PythonOperator): get_group_lac_data> on 2023-04-17 15:06:56.158157+00:00
[2023-04-17 15:06:57,265] {standard_task_runner.py:52} INFO - Started process 527 to run task
[2023-04-17 15:06:57,273] {standard_task_runner.py:79} INFO - Running: ['***', 'tasks', 'run', 'vic_investigacion_ETL', 'get_group_lac_data', 'manual__2023-04-17T15:06:56.158157+00:00', '--job-id', '174', '--raw', '--subdir', 'DAGS_FOLDER/vic_investigacion_dag.py', '--cfg-path', '/tmp/tmpn7l058n1', '--error-file', '/tmp/tmp28pp3z4q']
[2023-04-17 15:06:57,276] {standard_task_runner.py:80} INFO - Job 174: Subtask get_group_lac_data
[2023-04-17 15:06:57,382] {task_command.py:371} INFO - Running <TaskInstance: vic_investigacion_ETL.get_group_lac_data manual__2023-04-17T15:06:56.158157+00:00 [running]> on host 6051ec54e0cc
[2023-04-17 15:06:57,479] {taskinstance.py:1591} INFO - Exporting the following env vars:
AIRFLOW_CTX_DAG_OWNER=***
AIRFLOW_CTX_DAG_ID=vic_investigacion_ETL
AIRFLOW_CTX_TASK_ID=get_group_lac_data
AIRFLOW_CTX_EXECUTION_DATE=2023-04-17T15:06:56.158157+00:00
AIRFLOW_CTX_TRY_NUMBER=1
AIRFLOW_CTX_DAG_RUN_ID=manual__2023-04-17T15:06:56.158157+00:00
[2023-04-17 15:06:57,481] {logging_mixin.py:115} INFO - Getting GROUP LAC Data
[2023-04-17 15:06:57,482] {python.py:173} INFO - Done. Returned value was: None
[2023-04-17 15:06:57,516] {taskinstance.py:1420} INFO - Marking task as SUCCESS. dag_id=vic_investigacion_ETL, task_id=get_group_lac_data, execution_date=20230417T150656, start_date=20230417T150657, end_date=20230417T150657
[2023-04-17 15:06:57,563] {local_task_job.py:156} INFO - Task exited with return code 0
[2023-04-17 15:06:57,599] {local_task_job.py:273} INFO - 0 downstream tasks scheduled from follow-on schedule check
