[2023-06-07 19:09:43,689] {taskinstance.py:1179} INFO - Dependencies all met for <TaskInstance: vic_investigacion_ETL.get_scopus_data manual__2023-06-07T19:09:41.496759+00:00 [queued]>
[2023-06-07 19:09:43,697] {taskinstance.py:1179} INFO - Dependencies all met for <TaskInstance: vic_investigacion_ETL.get_scopus_data manual__2023-06-07T19:09:41.496759+00:00 [queued]>
[2023-06-07 19:09:43,697] {taskinstance.py:1376} INFO - 
--------------------------------------------------------------------------------
[2023-06-07 19:09:43,698] {taskinstance.py:1377} INFO - Starting attempt 1 of 1
[2023-06-07 19:09:43,699] {taskinstance.py:1378} INFO - 
--------------------------------------------------------------------------------
[2023-06-07 19:09:43,708] {taskinstance.py:1397} INFO - Executing <Task(ReadScopus): get_scopus_data> on 2023-06-07 19:09:41.496759+00:00
[2023-06-07 19:09:43,715] {standard_task_runner.py:52} INFO - Started process 153 to run task
[2023-06-07 19:09:43,719] {standard_task_runner.py:79} INFO - Running: ['***', 'tasks', 'run', 'vic_investigacion_ETL', 'get_scopus_data', 'manual__2023-06-07T19:09:41.496759+00:00', '--job-id', '342', '--raw', '--subdir', 'DAGS_FOLDER/vic_investigacion_dag.py', '--cfg-path', '/tmp/tmplw7o4bw4', '--error-file', '/tmp/tmpeuwkba0q']
[2023-06-07 19:09:43,722] {standard_task_runner.py:80} INFO - Job 342: Subtask get_scopus_data
[2023-06-07 19:09:43,808] {task_command.py:371} INFO - Running <TaskInstance: vic_investigacion_ETL.get_scopus_data manual__2023-06-07T19:09:41.496759+00:00 [running]> on host 1f25aadc2672
[2023-06-07 19:09:43,871] {taskinstance.py:1591} INFO - Exporting the following env vars:
AIRFLOW_CTX_DAG_OWNER=***
AIRFLOW_CTX_DAG_ID=vic_investigacion_ETL
AIRFLOW_CTX_TASK_ID=get_scopus_data
AIRFLOW_CTX_EXECUTION_DATE=2023-06-07T19:09:41.496759+00:00
AIRFLOW_CTX_TRY_NUMBER=1
AIRFLOW_CTX_DAG_RUN_ID=manual__2023-06-07T19:09:41.496759+00:00
[2023-06-07 19:09:43,872] {logging_mixin.py:115} INFO - Getting Scopus Data
[2023-06-07 19:09:43,873] {logging_mixin.py:115} INFO - The api key is:  ecfa002fa03d10079a37957428838986
[2023-06-07 19:09:43,886] {taskinstance.py:1420} INFO - Marking task as SUCCESS. dag_id=vic_investigacion_ETL, task_id=get_scopus_data, execution_date=20230607T190941, start_date=20230607T190943, end_date=20230607T190943
[2023-06-07 19:09:43,940] {local_task_job.py:156} INFO - Task exited with return code 0
