[2023-04-17 17:30:09,051] {taskinstance.py:1179} INFO - Dependencies all met for <TaskInstance: vic_investigacion_ETL.get_scopus_data manual__2023-04-17T17:30:05.735950+00:00 [queued]>
[2023-04-17 17:30:09,068] {taskinstance.py:1179} INFO - Dependencies all met for <TaskInstance: vic_investigacion_ETL.get_scopus_data manual__2023-04-17T17:30:05.735950+00:00 [queued]>
[2023-04-17 17:30:09,070] {taskinstance.py:1376} INFO - 
--------------------------------------------------------------------------------
[2023-04-17 17:30:09,072] {taskinstance.py:1377} INFO - Starting attempt 1 of 1
[2023-04-17 17:30:09,073] {taskinstance.py:1378} INFO - 
--------------------------------------------------------------------------------
[2023-04-17 17:30:09,089] {taskinstance.py:1397} INFO - Executing <Task(ReadScopus): get_scopus_data> on 2023-04-17 17:30:05.735950+00:00
[2023-04-17 17:30:09,102] {standard_task_runner.py:52} INFO - Started process 122 to run task
[2023-04-17 17:30:09,111] {standard_task_runner.py:79} INFO - Running: ['***', 'tasks', 'run', 'vic_investigacion_ETL', 'get_scopus_data', 'manual__2023-04-17T17:30:05.735950+00:00', '--job-id', '196', '--raw', '--subdir', 'DAGS_FOLDER/vic_investigacion_dag.py', '--cfg-path', '/tmp/tmprr2iy3ox', '--error-file', '/tmp/tmp7xy_n9xv']
[2023-04-17 17:30:09,115] {standard_task_runner.py:80} INFO - Job 196: Subtask get_scopus_data
[2023-04-17 17:30:09,242] {task_command.py:371} INFO - Running <TaskInstance: vic_investigacion_ETL.get_scopus_data manual__2023-04-17T17:30:05.735950+00:00 [running]> on host 6071715564b2
[2023-04-17 17:30:09,343] {taskinstance.py:1591} INFO - Exporting the following env vars:
AIRFLOW_CTX_DAG_OWNER=***
AIRFLOW_CTX_DAG_ID=vic_investigacion_ETL
AIRFLOW_CTX_TASK_ID=get_scopus_data
AIRFLOW_CTX_EXECUTION_DATE=2023-04-17T17:30:05.735950+00:00
AIRFLOW_CTX_TRY_NUMBER=1
AIRFLOW_CTX_DAG_RUN_ID=manual__2023-04-17T17:30:05.735950+00:00
[2023-04-17 17:30:09,353] {logging_mixin.py:115} INFO - Getting Scopus Data
[2023-04-17 17:30:09,356] {logging_mixin.py:115} INFO - The api key is:  640ababb3eaaa3723c7cc11be848250b
[2023-04-17 17:30:09,359] {logging_mixin.py:115} INFO - DAG PATH:  /opt/***
[2023-04-17 17:30:09,908] {logging_mixin.py:115} INFO -        Cedula                       Nombre    Scopus_ID
0  52390079.0  Pomares Quimbaya Alexandra   24832026300
1         NaN  Carlos Andres Parra Acevedo  57212998692
[2023-04-17 17:30:09,926] {taskinstance.py:1420} INFO - Marking task as SUCCESS. dag_id=vic_investigacion_ETL, task_id=get_scopus_data, execution_date=20230417T173005, start_date=20230417T173009, end_date=20230417T173009
[2023-04-17 17:30:09,997] {local_task_job.py:156} INFO - Task exited with return code 0
