[2023-06-01 01:59:01,695] {taskinstance.py:1179} INFO - Dependencies all met for <TaskInstance: vic_investigacion_ETL.upload_data_big_query manual__2023-06-01T01:58:59.752934+00:00 [queued]>
[2023-06-01 01:59:01,707] {taskinstance.py:1179} INFO - Dependencies all met for <TaskInstance: vic_investigacion_ETL.upload_data_big_query manual__2023-06-01T01:58:59.752934+00:00 [queued]>
[2023-06-01 01:59:01,709] {taskinstance.py:1376} INFO - 
--------------------------------------------------------------------------------
[2023-06-01 01:59:01,710] {taskinstance.py:1377} INFO - Starting attempt 1 of 1
[2023-06-01 01:59:01,712] {taskinstance.py:1378} INFO - 
--------------------------------------------------------------------------------
[2023-06-01 01:59:01,729] {taskinstance.py:1397} INFO - Executing <Task(ExportData): upload_data_big_query> on 2023-06-01 01:58:59.752934+00:00
[2023-06-01 01:59:01,744] {standard_task_runner.py:52} INFO - Started process 4636 to run task
[2023-06-01 01:59:01,758] {standard_task_runner.py:79} INFO - Running: ['***', 'tasks', 'run', 'vic_investigacion_ETL', 'upload_data_big_query', 'manual__2023-06-01T01:58:59.752934+00:00', '--job-id', '177', '--raw', '--subdir', 'DAGS_FOLDER/vic_investigacion_dag.py', '--cfg-path', '/tmp/tmpqy9jsou1', '--error-file', '/tmp/tmpqd1ocd6n']
[2023-06-01 01:59:01,761] {standard_task_runner.py:80} INFO - Job 177: Subtask upload_data_big_query
[2023-06-01 01:59:01,852] {task_command.py:371} INFO - Running <TaskInstance: vic_investigacion_ETL.upload_data_big_query manual__2023-06-01T01:58:59.752934+00:00 [running]> on host 5d9ccb732815
[2023-06-01 01:59:01,958] {taskinstance.py:1591} INFO - Exporting the following env vars:
AIRFLOW_CTX_DAG_OWNER=***
AIRFLOW_CTX_DAG_ID=vic_investigacion_ETL
AIRFLOW_CTX_TASK_ID=upload_data_big_query
AIRFLOW_CTX_EXECUTION_DATE=2023-06-01T01:58:59.752934+00:00
AIRFLOW_CTX_TRY_NUMBER=1
AIRFLOW_CTX_DAG_RUN_ID=manual__2023-06-01T01:58:59.752934+00:00
[2023-06-01 01:59:01,962] {logging_mixin.py:115} INFO - Exporting Data
[2023-06-01 01:59:01,968] {logging_mixin.py:115} INFO - /opt/***/data/scopus/to_upload_data/authors_join.csv
[2023-06-01 01:59:06,114] {logging_mixin.py:115} INFO - LoadJob<project=viceinvestigacion, location=US, id=6b9c494e-74cf-40e0-8a64-8b26661f1963>
[2023-06-01 01:59:06,115] {logging_mixin.py:115} INFO - /opt/***/data/scopus/to_upload_data/subject_areas.csv
[2023-06-01 01:59:10,681] {logging_mixin.py:115} INFO - LoadJob<project=viceinvestigacion, location=US, id=89ab69ab-fa7a-442e-8a32-d93277e3bba8>
[2023-06-01 01:59:10,928] {taskinstance.py:1420} INFO - Marking task as SUCCESS. dag_id=vic_investigacion_ETL, task_id=upload_data_big_query, execution_date=20230601T015859, start_date=20230601T015901, end_date=20230601T015910
[2023-06-01 01:59:10,992] {local_task_job.py:156} INFO - Task exited with return code 0
[2023-06-01 01:59:11,019] {local_task_job.py:273} INFO - 0 downstream tasks scheduled from follow-on schedule check
