[2023-08-02 22:32:02,934] {taskinstance.py:1179} INFO - Dependencies all met for <TaskInstance: vic_investigacion_ETL.proyectos manual__2023-08-02T22:32:00.479946+00:00 [queued]>
[2023-08-02 22:32:02,947] {taskinstance.py:1179} INFO - Dependencies all met for <TaskInstance: vic_investigacion_ETL.proyectos manual__2023-08-02T22:32:00.479946+00:00 [queued]>
[2023-08-02 22:32:02,948] {taskinstance.py:1376} INFO - 
--------------------------------------------------------------------------------
[2023-08-02 22:32:02,949] {taskinstance.py:1377} INFO - Starting attempt 1 of 1
[2023-08-02 22:32:02,950] {taskinstance.py:1378} INFO - 
--------------------------------------------------------------------------------
[2023-08-02 22:32:02,979] {taskinstance.py:1397} INFO - Executing <Task(PrepareProyectos): proyectos> on 2023-08-02 22:32:00.479946+00:00
[2023-08-02 22:32:02,996] {standard_task_runner.py:52} INFO - Started process 680 to run task
[2023-08-02 22:32:03,004] {standard_task_runner.py:79} INFO - Running: ['***', 'tasks', 'run', 'vic_investigacion_ETL', 'proyectos', 'manual__2023-08-02T22:32:00.479946+00:00', '--job-id', '207', '--raw', '--subdir', 'DAGS_FOLDER/vic_investigacion_dag.py', '--cfg-path', '/tmp/tmpank40f5j', '--error-file', '/tmp/tmpto0v_q33']
[2023-08-02 22:32:03,012] {standard_task_runner.py:80} INFO - Job 207: Subtask proyectos
[2023-08-02 22:32:03,213] {task_command.py:371} INFO - Running <TaskInstance: vic_investigacion_ETL.proyectos manual__2023-08-02T22:32:00.479946+00:00 [running]> on host 6c8a51d4a614
[2023-08-02 22:32:03,361] {taskinstance.py:1591} INFO - Exporting the following env vars:
AIRFLOW_CTX_DAG_OWNER=***
AIRFLOW_CTX_DAG_ID=vic_investigacion_ETL
AIRFLOW_CTX_TASK_ID=proyectos
AIRFLOW_CTX_EXECUTION_DATE=2023-08-02T22:32:00.479946+00:00
AIRFLOW_CTX_TRY_NUMBER=1
AIRFLOW_CTX_DAG_RUN_ID=manual__2023-08-02T22:32:00.479946+00:00
[2023-08-02 22:32:03,371] {logging_mixin.py:115} INFO - Reading Journals
[2023-08-02 22:32:16,787] {taskinstance.py:1420} INFO - Marking task as SUCCESS. dag_id=vic_investigacion_ETL, task_id=proyectos, execution_date=20230802T223200, start_date=20230802T223202, end_date=20230802T223216
[2023-08-02 22:32:16,940] {local_task_job.py:156} INFO - Task exited with return code 0
