[2023-06-01 01:23:04,640] {taskinstance.py:1179} INFO - Dependencies all met for <TaskInstance: vic_investigacion_ETL.prepare_wos_data manual__2023-06-01T01:23:01.908550+00:00 [queued]>
[2023-06-01 01:23:04,653] {taskinstance.py:1179} INFO - Dependencies all met for <TaskInstance: vic_investigacion_ETL.prepare_wos_data manual__2023-06-01T01:23:01.908550+00:00 [queued]>
[2023-06-01 01:23:04,656] {taskinstance.py:1376} INFO - 
--------------------------------------------------------------------------------
[2023-06-01 01:23:04,657] {taskinstance.py:1377} INFO - Starting attempt 1 of 1
[2023-06-01 01:23:04,660] {taskinstance.py:1378} INFO - 
--------------------------------------------------------------------------------
[2023-06-01 01:23:04,682] {taskinstance.py:1397} INFO - Executing <Task(PrepareWosData): prepare_wos_data> on 2023-06-01 01:23:01.908550+00:00
[2023-06-01 01:23:04,697] {standard_task_runner.py:52} INFO - Started process 2851 to run task
[2023-06-01 01:23:04,702] {standard_task_runner.py:79} INFO - Running: ['***', 'tasks', 'run', 'vic_investigacion_ETL', 'prepare_wos_data', 'manual__2023-06-01T01:23:01.908550+00:00', '--job-id', '173', '--raw', '--subdir', 'DAGS_FOLDER/vic_investigacion_dag.py', '--cfg-path', '/tmp/tmpglrfiamt', '--error-file', '/tmp/tmppvfbnvho']
[2023-06-01 01:23:04,707] {standard_task_runner.py:80} INFO - Job 173: Subtask prepare_wos_data
[2023-06-01 01:23:04,872] {task_command.py:371} INFO - Running <TaskInstance: vic_investigacion_ETL.prepare_wos_data manual__2023-06-01T01:23:01.908550+00:00 [running]> on host 5d9ccb732815
[2023-06-01 01:23:04,950] {taskinstance.py:1591} INFO - Exporting the following env vars:
AIRFLOW_CTX_DAG_OWNER=***
AIRFLOW_CTX_DAG_ID=vic_investigacion_ETL
AIRFLOW_CTX_TASK_ID=prepare_wos_data
AIRFLOW_CTX_EXECUTION_DATE=2023-06-01T01:23:01.908550+00:00
AIRFLOW_CTX_TRY_NUMBER=1
AIRFLOW_CTX_DAG_RUN_ID=manual__2023-06-01T01:23:01.908550+00:00
[2023-06-01 01:23:04,955] {logging_mixin.py:115} INFO - Preparing WOS Data
[2023-06-01 01:23:04,975] {taskinstance.py:1420} INFO - Marking task as SUCCESS. dag_id=vic_investigacion_ETL, task_id=prepare_wos_data, execution_date=20230601T012301, start_date=20230601T012304, end_date=20230601T012304
[2023-06-01 01:23:05,002] {local_task_job.py:156} INFO - Task exited with return code 0
[2023-06-01 01:23:05,068] {local_task_job.py:273} INFO - 0 downstream tasks scheduled from follow-on schedule check
