[2023-07-04 23:20:38,211] {taskinstance.py:1179} INFO - Dependencies all met for <TaskInstance: vic_investigacion_ETL.upload_data_big_query manual__2023-07-04T23:20:34.940576+00:00 [queued]>
[2023-07-04 23:20:38,218] {taskinstance.py:1179} INFO - Dependencies all met for <TaskInstance: vic_investigacion_ETL.upload_data_big_query manual__2023-07-04T23:20:34.940576+00:00 [queued]>
[2023-07-04 23:20:38,218] {taskinstance.py:1376} INFO - 
--------------------------------------------------------------------------------
[2023-07-04 23:20:38,219] {taskinstance.py:1377} INFO - Starting attempt 1 of 1
[2023-07-04 23:20:38,219] {taskinstance.py:1378} INFO - 
--------------------------------------------------------------------------------
[2023-07-04 23:20:38,227] {taskinstance.py:1397} INFO - Executing <Task(ExportData): upload_data_big_query> on 2023-07-04 23:20:34.940576+00:00
[2023-07-04 23:20:38,232] {standard_task_runner.py:52} INFO - Started process 1065 to run task
[2023-07-04 23:20:38,237] {standard_task_runner.py:79} INFO - Running: ['***', 'tasks', 'run', 'vic_investigacion_ETL', 'upload_data_big_query', 'manual__2023-07-04T23:20:34.940576+00:00', '--job-id', '40', '--raw', '--subdir', 'DAGS_FOLDER/vic_investigacion_dag.py', '--cfg-path', '/tmp/tmpr2gcs30w', '--error-file', '/tmp/tmp3m2wmw_q']
[2023-07-04 23:20:38,241] {standard_task_runner.py:80} INFO - Job 40: Subtask upload_data_big_query
[2023-07-04 23:20:38,293] {task_command.py:371} INFO - Running <TaskInstance: vic_investigacion_ETL.upload_data_big_query manual__2023-07-04T23:20:34.940576+00:00 [running]> on host f4f0af373b5a
[2023-07-04 23:20:38,345] {taskinstance.py:1591} INFO - Exporting the following env vars:
AIRFLOW_CTX_DAG_OWNER=***
AIRFLOW_CTX_DAG_ID=vic_investigacion_ETL
AIRFLOW_CTX_TASK_ID=upload_data_big_query
AIRFLOW_CTX_EXECUTION_DATE=2023-07-04T23:20:34.940576+00:00
AIRFLOW_CTX_TRY_NUMBER=1
AIRFLOW_CTX_DAG_RUN_ID=manual__2023-07-04T23:20:34.940576+00:00
[2023-07-04 23:20:38,347] {logging_mixin.py:115} INFO - Exporting Data
[2023-07-04 23:20:38,348] {logging_mixin.py:115} INFO - /opt/***/data/to_upload/journals.xlsx
[2023-07-04 23:20:38,349] {logging_mixin.py:115} INFO - FileName: journals
[2023-07-04 23:20:38,688] {logging_mixin.py:115} INFO -        ISSN                              Name  ... Category Vigencia Minciencias
0  14741741         Nature Reviews Immunology  ...      NaN                  NaN
1  17401534       Nature Reviews Microbiology  ...      NaN                  NaN
2  17483395             Nature Nanotechnology  ...      NaN                  NaN
3  17545706  Energy and Environmental Science  ...      NaN                  NaN
4  0147006X     Annual Review of Neuroscience  ...      NaN                  NaN

[5 rows x 9 columns]
[2023-07-04 23:20:46,093] {logging_mixin.py:115} INFO - LoadJob<project=viceinvestigacion, location=US, id=29cc5272-6a19-48d0-86b7-82cbd113d48a>
[2023-07-04 23:20:46,096] {logging_mixin.py:115} INFO - /opt/***/data/to_upload/produccion_validada.csv
[2023-07-04 23:20:46,097] {logging_mixin.py:115} INFO - FileName: produccion_validada
[2023-07-04 23:20:46,244] {logging_mixin.py:115} INFO -                     Programa_de_creacion  ... Afiliacion_Citantes Google_Scholar
0  Pregrado en Ciencia de la Información  ...                                NaN
1  Pregrado en Ciencia de la Información  ...                                NaN
2  Pregrado en Ciencia de la Información  ...                                NaN
3  Pregrado en Ciencia de la Información  ...                                NaN
4  Pregrado en Ciencia de la Información  ...                                NaN

[5 rows x 27 columns]
[2023-07-04 23:20:47,346] {logging_mixin.py:115} INFO - --
[2023-07-04 23:20:47,375] {taskinstance.py:1420} INFO - Marking task as SUCCESS. dag_id=vic_investigacion_ETL, task_id=upload_data_big_query, execution_date=20230704T232034, start_date=20230704T232038, end_date=20230704T232047
[2023-07-04 23:20:47,521] {local_task_job.py:156} INFO - Task exited with return code 0
[2023-07-04 23:20:47,568] {local_task_job.py:273} INFO - 0 downstream tasks scheduled from follow-on schedule check
