[2023-06-01 01:23:04,693] {taskinstance.py:1179} INFO - Dependencies all met for <TaskInstance: vic_investigacion_ETL.get_wos_data manual__2023-06-01T01:23:01.908550+00:00 [queued]>
[2023-06-01 01:23:04,718] {taskinstance.py:1179} INFO - Dependencies all met for <TaskInstance: vic_investigacion_ETL.get_wos_data manual__2023-06-01T01:23:01.908550+00:00 [queued]>
[2023-06-01 01:23:04,729] {taskinstance.py:1376} INFO - 
--------------------------------------------------------------------------------
[2023-06-01 01:23:04,731] {taskinstance.py:1377} INFO - Starting attempt 1 of 1
[2023-06-01 01:23:04,733] {taskinstance.py:1378} INFO - 
--------------------------------------------------------------------------------
[2023-06-01 01:23:04,750] {taskinstance.py:1397} INFO - Executing <Task(ReadWOS): get_wos_data> on 2023-06-01 01:23:01.908550+00:00
[2023-06-01 01:23:04,769] {standard_task_runner.py:52} INFO - Started process 2852 to run task
[2023-06-01 01:23:04,783] {standard_task_runner.py:79} INFO - Running: ['***', 'tasks', 'run', 'vic_investigacion_ETL', 'get_wos_data', 'manual__2023-06-01T01:23:01.908550+00:00', '--job-id', '174', '--raw', '--subdir', 'DAGS_FOLDER/vic_investigacion_dag.py', '--cfg-path', '/tmp/tmpao4dj74d', '--error-file', '/tmp/tmp7k26q43l']
[2023-06-01 01:23:04,786] {standard_task_runner.py:80} INFO - Job 174: Subtask get_wos_data
[2023-06-01 01:23:04,899] {task_command.py:371} INFO - Running <TaskInstance: vic_investigacion_ETL.get_wos_data manual__2023-06-01T01:23:01.908550+00:00 [running]> on host 5d9ccb732815
[2023-06-01 01:23:04,999] {taskinstance.py:1591} INFO - Exporting the following env vars:
AIRFLOW_CTX_DAG_OWNER=***
AIRFLOW_CTX_DAG_ID=vic_investigacion_ETL
AIRFLOW_CTX_TASK_ID=get_wos_data
AIRFLOW_CTX_EXECUTION_DATE=2023-06-01T01:23:01.908550+00:00
AIRFLOW_CTX_TRY_NUMBER=1
AIRFLOW_CTX_DAG_RUN_ID=manual__2023-06-01T01:23:01.908550+00:00
[2023-06-01 01:23:05,002] {logging_mixin.py:115} INFO - Getting WOS Data
[2023-06-01 01:23:05,026] {taskinstance.py:1420} INFO - Marking task as SUCCESS. dag_id=vic_investigacion_ETL, task_id=get_wos_data, execution_date=20230601T012301, start_date=20230601T012304, end_date=20230601T012305
[2023-06-01 01:23:05,075] {local_task_job.py:156} INFO - Task exited with return code 0
[2023-06-01 01:23:05,124] {local_task_job.py:273} INFO - 0 downstream tasks scheduled from follow-on schedule check
