[2023-06-29 20:49:56,530] {taskinstance.py:1179} INFO - Dependencies all met for <TaskInstance: vic_investigacion_ETL.upload_data_big_query manual__2023-06-29T20:49:55.341629+00:00 [queued]>
[2023-06-29 20:49:56,536] {taskinstance.py:1179} INFO - Dependencies all met for <TaskInstance: vic_investigacion_ETL.upload_data_big_query manual__2023-06-29T20:49:55.341629+00:00 [queued]>
[2023-06-29 20:49:56,537] {taskinstance.py:1376} INFO - 
--------------------------------------------------------------------------------
[2023-06-29 20:49:56,538] {taskinstance.py:1377} INFO - Starting attempt 1 of 1
[2023-06-29 20:49:56,538] {taskinstance.py:1378} INFO - 
--------------------------------------------------------------------------------
[2023-06-29 20:49:56,547] {taskinstance.py:1397} INFO - Executing <Task(ExportData): upload_data_big_query> on 2023-06-29 20:49:55.341629+00:00
[2023-06-29 20:49:56,555] {standard_task_runner.py:52} INFO - Started process 345 to run task
[2023-06-29 20:49:56,560] {standard_task_runner.py:79} INFO - Running: ['***', 'tasks', 'run', 'vic_investigacion_ETL', 'upload_data_big_query', 'manual__2023-06-29T20:49:55.341629+00:00', '--job-id', '22', '--raw', '--subdir', 'DAGS_FOLDER/vic_investigacion_dag.py', '--cfg-path', '/tmp/tmpj5_f5q96', '--error-file', '/tmp/tmpkkhvq624']
[2023-06-29 20:49:56,563] {standard_task_runner.py:80} INFO - Job 22: Subtask upload_data_big_query
[2023-06-29 20:49:56,652] {task_command.py:371} INFO - Running <TaskInstance: vic_investigacion_ETL.upload_data_big_query manual__2023-06-29T20:49:55.341629+00:00 [running]> on host ce13f1e72365
[2023-06-29 20:49:56,714] {taskinstance.py:1591} INFO - Exporting the following env vars:
AIRFLOW_CTX_DAG_OWNER=***
AIRFLOW_CTX_DAG_ID=vic_investigacion_ETL
AIRFLOW_CTX_TASK_ID=upload_data_big_query
AIRFLOW_CTX_EXECUTION_DATE=2023-06-29T20:49:55.341629+00:00
AIRFLOW_CTX_TRY_NUMBER=1
AIRFLOW_CTX_DAG_RUN_ID=manual__2023-06-29T20:49:55.341629+00:00
[2023-06-29 20:49:56,715] {logging_mixin.py:115} INFO - Exporting Data
[2023-06-29 20:49:56,718] {logging_mixin.py:115} INFO - /opt/***/data/to_upload/journals.xlsx
[2023-06-29 20:50:10,813] {logging_mixin.py:115} INFO - LoadJob<project=viceinvestigacion, location=US, id=2b05b48a-72b6-4d6f-b18b-ca1c2df38776>
[2023-06-29 20:50:10,815] {logging_mixin.py:115} INFO - /opt/***/data/to_upload/respositorio_inst.xlsx
[2023-06-29 20:50:39,806] {logging_mixin.py:115} INFO - LoadJob<project=viceinvestigacion, location=US, id=190609fb-b7e3-4edd-b7d6-332a2424fc70>
[2023-06-29 20:50:40,166] {taskinstance.py:1420} INFO - Marking task as SUCCESS. dag_id=vic_investigacion_ETL, task_id=upload_data_big_query, execution_date=20230629T204955, start_date=20230629T204956, end_date=20230629T205040
[2023-06-29 20:50:40,489] {local_task_job.py:156} INFO - Task exited with return code 0
[2023-06-29 20:50:40,519] {local_task_job.py:273} INFO - 0 downstream tasks scheduled from follow-on schedule check
