[2023-04-24 18:13:02,263] {taskinstance.py:1179} INFO - Dependencies all met for <TaskInstance: vic_investigacion_ETL.prepare_group_lac_data manual__2023-04-24T18:12:56.581208+00:00 [queued]>
[2023-04-24 18:13:02,274] {taskinstance.py:1179} INFO - Dependencies all met for <TaskInstance: vic_investigacion_ETL.prepare_group_lac_data manual__2023-04-24T18:12:56.581208+00:00 [queued]>
[2023-04-24 18:13:02,275] {taskinstance.py:1376} INFO - 
--------------------------------------------------------------------------------
[2023-04-24 18:13:02,276] {taskinstance.py:1377} INFO - Starting attempt 1 of 1
[2023-04-24 18:13:02,283] {taskinstance.py:1378} INFO - 
--------------------------------------------------------------------------------
[2023-04-24 18:13:02,318] {taskinstance.py:1397} INFO - Executing <Task(PrepareGroupLacData): prepare_group_lac_data> on 2023-04-24 18:12:56.581208+00:00
[2023-04-24 18:13:02,365] {standard_task_runner.py:52} INFO - Started process 8383 to run task
[2023-04-24 18:13:02,388] {standard_task_runner.py:79} INFO - Running: ['***', 'tasks', 'run', 'vic_investigacion_ETL', 'prepare_group_lac_data', 'manual__2023-04-24T18:12:56.581208+00:00', '--job-id', '417', '--raw', '--subdir', 'DAGS_FOLDER/vic_investigacion_dag.py', '--cfg-path', '/tmp/tmp7zqy4kds', '--error-file', '/tmp/tmp2cpb0x2h']
[2023-04-24 18:13:02,391] {standard_task_runner.py:80} INFO - Job 417: Subtask prepare_group_lac_data
[2023-04-24 18:13:02,518] {task_command.py:371} INFO - Running <TaskInstance: vic_investigacion_ETL.prepare_group_lac_data manual__2023-04-24T18:12:56.581208+00:00 [running]> on host b136a0a45498
[2023-04-24 18:13:02,628] {taskinstance.py:1591} INFO - Exporting the following env vars:
AIRFLOW_CTX_DAG_OWNER=***
AIRFLOW_CTX_DAG_ID=vic_investigacion_ETL
AIRFLOW_CTX_TASK_ID=prepare_group_lac_data
AIRFLOW_CTX_EXECUTION_DATE=2023-04-24T18:12:56.581208+00:00
AIRFLOW_CTX_TRY_NUMBER=1
AIRFLOW_CTX_DAG_RUN_ID=manual__2023-04-24T18:12:56.581208+00:00
[2023-04-24 18:13:02,634] {logging_mixin.py:115} INFO - Preparing group lac Data
[2023-04-24 18:13:03,105] {taskinstance.py:1420} INFO - Marking task as SUCCESS. dag_id=vic_investigacion_ETL, task_id=prepare_group_lac_data, execution_date=20230424T181256, start_date=20230424T181302, end_date=20230424T181303
[2023-04-24 18:13:03,162] {local_task_job.py:156} INFO - Task exited with return code 0
