[2023-06-01 01:21:26,170] {taskinstance.py:1179} INFO - Dependencies all met for <TaskInstance: vic_investigacion_ETL.get_group_lac_data manual__2023-06-01T01:21:24.172305+00:00 [queued]>
[2023-06-01 01:21:26,190] {taskinstance.py:1179} INFO - Dependencies all met for <TaskInstance: vic_investigacion_ETL.get_group_lac_data manual__2023-06-01T01:21:24.172305+00:00 [queued]>
[2023-06-01 01:21:26,191] {taskinstance.py:1376} INFO - 
--------------------------------------------------------------------------------
[2023-06-01 01:21:26,203] {taskinstance.py:1377} INFO - Starting attempt 1 of 1
[2023-06-01 01:21:26,211] {taskinstance.py:1378} INFO - 
--------------------------------------------------------------------------------
[2023-06-01 01:21:26,242] {taskinstance.py:1397} INFO - Executing <Task(ReadGroupLAC): get_group_lac_data> on 2023-06-01 01:21:24.172305+00:00
[2023-06-01 01:21:26,252] {standard_task_runner.py:52} INFO - Started process 2711 to run task
[2023-06-01 01:21:26,260] {standard_task_runner.py:79} INFO - Running: ['***', 'tasks', 'run', 'vic_investigacion_ETL', 'get_group_lac_data', 'manual__2023-06-01T01:21:24.172305+00:00', '--job-id', '152', '--raw', '--subdir', 'DAGS_FOLDER/vic_investigacion_dag.py', '--cfg-path', '/tmp/tmp1fcsy694', '--error-file', '/tmp/tmpq36nul36']
[2023-06-01 01:21:26,264] {standard_task_runner.py:80} INFO - Job 152: Subtask get_group_lac_data
[2023-06-01 01:21:26,399] {task_command.py:371} INFO - Running <TaskInstance: vic_investigacion_ETL.get_group_lac_data manual__2023-06-01T01:21:24.172305+00:00 [running]> on host 5d9ccb732815
[2023-06-01 01:21:26,482] {taskinstance.py:1591} INFO - Exporting the following env vars:
AIRFLOW_CTX_DAG_OWNER=***
AIRFLOW_CTX_DAG_ID=vic_investigacion_ETL
AIRFLOW_CTX_TASK_ID=get_group_lac_data
AIRFLOW_CTX_EXECUTION_DATE=2023-06-01T01:21:24.172305+00:00
AIRFLOW_CTX_TRY_NUMBER=1
AIRFLOW_CTX_DAG_RUN_ID=manual__2023-06-01T01:21:24.172305+00:00
[2023-06-01 01:21:26,484] {logging_mixin.py:115} INFO - Getting Group LAC Data
[2023-06-01 01:21:26,562] {taskinstance.py:1420} INFO - Marking task as SUCCESS. dag_id=vic_investigacion_ETL, task_id=get_group_lac_data, execution_date=20230601T012124, start_date=20230601T012126, end_date=20230601T012126
[2023-06-01 01:21:26,603] {local_task_job.py:156} INFO - Task exited with return code 0
[2023-06-01 01:21:26,662] {local_task_job.py:273} INFO - 0 downstream tasks scheduled from follow-on schedule check
