2023-06-09 00:06:47,242 - elsapy.elsclient - INFO - Module loaded.
2023-06-09 00:06:47,242 - elsapy.elsclient - INFO - Module loaded.
2023-06-09 00:06:47,711 - elsapy.elsentity - INFO - Module loaded.
2023-06-09 00:06:47,742 - elsapy.utils - INFO - Module loaded.
2023-06-09 00:06:47,752 - elsapy.elsentity - INFO - Module loaded.
2023-06-09 00:06:47,754 - elsapy.elsprofile - INFO - Module loaded.
2023-06-09 00:06:47,756 - elsapy.utils - INFO - Module loaded.
2023-06-09 00:06:47,758 - elsapy.elssearch - INFO - Module loaded.
2023-06-09 00:06:47,761 - elsapy.elsprofile - INFO - Module loaded.
2023-06-09 00:06:47,765 - elsapy.elssearch - INFO - Module loaded.
2023-06-09 00:07:18,034 - elsapy.elsclient - INFO - Module loaded.
2023-06-09 00:07:18,229 - elsapy.elsentity - INFO - Module loaded.
2023-06-09 00:07:18,232 - elsapy.utils - INFO - Module loaded.
2023-06-09 00:07:18,235 - elsapy.elsprofile - INFO - Module loaded.
2023-06-09 00:07:18,238 - elsapy.elssearch - INFO - Module loaded.
2023-06-09 00:07:18,309 - elsapy.elsclient - INFO - Module loaded.
2023-06-09 00:07:18,454 - elsapy.elsentity - INFO - Module loaded.
2023-06-09 00:07:18,457 - elsapy.utils - INFO - Module loaded.
2023-06-09 00:07:18,462 - elsapy.elsprofile - INFO - Module loaded.
2023-06-09 00:07:18,466 - elsapy.elssearch - INFO - Module loaded.
2023-06-09 00:07:48,435 - elsapy.elsclient - INFO - Module loaded.
2023-06-09 00:07:48,651 - elsapy.elsentity - INFO - Module loaded.
2023-06-09 00:07:48,654 - elsapy.utils - INFO - Module loaded.
2023-06-09 00:07:48,657 - elsapy.elsprofile - INFO - Module loaded.
2023-06-09 00:07:48,660 - elsapy.elssearch - INFO - Module loaded.
2023-06-09 00:07:48,727 - elsapy.elsclient - INFO - Module loaded.
2023-06-09 00:07:48,861 - elsapy.elsentity - INFO - Module loaded.
2023-06-09 00:07:48,864 - elsapy.utils - INFO - Module loaded.
2023-06-09 00:07:48,867 - elsapy.elsprofile - INFO - Module loaded.
2023-06-09 00:07:48,870 - elsapy.elssearch - INFO - Module loaded.
2023-06-09 00:08:19,690 - elsapy.elsclient - INFO - Module loaded.
2023-06-09 00:08:19,690 - elsapy.elsclient - INFO - Module loaded.
2023-06-09 00:08:19,926 - elsapy.elsentity - INFO - Module loaded.
2023-06-09 00:08:19,926 - elsapy.elsentity - INFO - Module loaded.
2023-06-09 00:08:19,929 - elsapy.utils - INFO - Module loaded.
2023-06-09 00:08:19,929 - elsapy.utils - INFO - Module loaded.
2023-06-09 00:08:19,932 - elsapy.elsprofile - INFO - Module loaded.
2023-06-09 00:08:19,932 - elsapy.elsprofile - INFO - Module loaded.
2023-06-09 00:08:19,934 - elsapy.elssearch - INFO - Module loaded.
2023-06-09 00:08:19,934 - elsapy.elssearch - INFO - Module loaded.
2023-06-09 00:08:50,128 - elsapy.elsclient - INFO - Module loaded.
2023-06-09 00:08:50,322 - elsapy.elsentity - INFO - Module loaded.
2023-06-09 00:08:50,325 - elsapy.utils - INFO - Module loaded.
2023-06-09 00:08:50,327 - elsapy.elsprofile - INFO - Module loaded.
2023-06-09 00:08:50,329 - elsapy.elssearch - INFO - Module loaded.
2023-06-09 00:08:50,391 - elsapy.elsclient - INFO - Module loaded.
2023-06-09 00:08:50,518 - elsapy.elsentity - INFO - Module loaded.
2023-06-09 00:08:50,521 - elsapy.utils - INFO - Module loaded.
2023-06-09 00:08:50,523 - elsapy.elsprofile - INFO - Module loaded.
2023-06-09 00:08:50,525 - elsapy.elssearch - INFO - Module loaded.
2023-06-09 00:09:21,325 - elsapy.elsclient - INFO - Module loaded.
2023-06-09 00:09:21,330 - elsapy.elsclient - INFO - Module loaded.
2023-06-09 00:09:21,473 - elsapy.elsentity - INFO - Module loaded.
2023-06-09 00:09:21,473 - elsapy.elsentity - INFO - Module loaded.
2023-06-09 00:09:21,476 - elsapy.utils - INFO - Module loaded.
2023-06-09 00:09:21,476 - elsapy.utils - INFO - Module loaded.
2023-06-09 00:09:21,479 - elsapy.elsprofile - INFO - Module loaded.
2023-06-09 00:09:21,479 - elsapy.elsprofile - INFO - Module loaded.
2023-06-09 00:09:21,481 - elsapy.elssearch - INFO - Module loaded.
2023-06-09 00:09:21,481 - elsapy.elssearch - INFO - Module loaded.
2023-06-09 00:09:52,413 - elsapy.elsclient - INFO - Module loaded.
2023-06-09 00:09:52,413 - elsapy.elsclient - INFO - Module loaded.
2023-06-09 00:09:52,675 - elsapy.elsentity - INFO - Module loaded.
2023-06-09 00:09:52,675 - elsapy.elsentity - INFO - Module loaded.
2023-06-09 00:09:52,679 - elsapy.utils - INFO - Module loaded.
2023-06-09 00:09:52,679 - elsapy.utils - INFO - Module loaded.
2023-06-09 00:09:52,681 - elsapy.elsprofile - INFO - Module loaded.
2023-06-09 00:09:52,682 - elsapy.elsprofile - INFO - Module loaded.
2023-06-09 00:09:52,684 - elsapy.elssearch - INFO - Module loaded.
2023-06-09 00:09:52,685 - elsapy.elssearch - INFO - Module loaded.
2023-06-09 00:10:23,630 - elsapy.elsclient - INFO - Module loaded.
2023-06-09 00:10:23,630 - elsapy.elsclient - INFO - Module loaded.
2023-06-09 00:10:23,813 - elsapy.elsentity - INFO - Module loaded.
2023-06-09 00:10:23,813 - elsapy.elsentity - INFO - Module loaded.
2023-06-09 00:10:23,816 - elsapy.utils - INFO - Module loaded.
2023-06-09 00:10:23,816 - elsapy.utils - INFO - Module loaded.
2023-06-09 00:10:23,818 - elsapy.elsprofile - INFO - Module loaded.
2023-06-09 00:10:23,819 - elsapy.elsprofile - INFO - Module loaded.
2023-06-09 00:10:23,821 - elsapy.elssearch - INFO - Module loaded.
2023-06-09 00:10:23,822 - elsapy.elssearch - INFO - Module loaded.
2023-06-09 00:10:54,638 - elsapy.elsclient - INFO - Module loaded.
2023-06-09 00:10:54,641 - elsapy.elsclient - INFO - Module loaded.
2023-06-09 00:10:54,774 - elsapy.elsentity - INFO - Module loaded.
2023-06-09 00:10:54,774 - elsapy.elsentity - INFO - Module loaded.
2023-06-09 00:10:54,777 - elsapy.utils - INFO - Module loaded.
2023-06-09 00:10:54,777 - elsapy.utils - INFO - Module loaded.
2023-06-09 00:10:54,779 - elsapy.elsprofile - INFO - Module loaded.
2023-06-09 00:10:54,780 - elsapy.elsprofile - INFO - Module loaded.
2023-06-09 00:10:54,781 - elsapy.elssearch - INFO - Module loaded.
2023-06-09 00:10:54,782 - elsapy.elssearch - INFO - Module loaded.
2023-06-09 00:11:25,621 - elsapy.elsclient - INFO - Module loaded.
2023-06-09 00:11:25,621 - elsapy.elsclient - INFO - Module loaded.
2023-06-09 00:11:25,780 - elsapy.elsentity - INFO - Module loaded.
2023-06-09 00:11:25,780 - elsapy.elsentity - INFO - Module loaded.
2023-06-09 00:11:25,784 - elsapy.utils - INFO - Module loaded.
2023-06-09 00:11:25,784 - elsapy.utils - INFO - Module loaded.
2023-06-09 00:11:25,786 - elsapy.elsprofile - INFO - Module loaded.
2023-06-09 00:11:25,787 - elsapy.elsprofile - INFO - Module loaded.
2023-06-09 00:11:25,788 - elsapy.elssearch - INFO - Module loaded.
2023-06-09 00:11:25,789 - elsapy.elssearch - INFO - Module loaded.
2023-06-09 00:11:56,668 - elsapy.elsclient - INFO - Module loaded.
2023-06-09 00:11:56,670 - elsapy.elsclient - INFO - Module loaded.
2023-06-09 00:11:56,796 - elsapy.elsentity - INFO - Module loaded.
2023-06-09 00:11:56,796 - elsapy.elsentity - INFO - Module loaded.
2023-06-09 00:11:56,799 - elsapy.utils - INFO - Module loaded.
2023-06-09 00:11:56,799 - elsapy.utils - INFO - Module loaded.
2023-06-09 00:11:56,801 - elsapy.elsprofile - INFO - Module loaded.
2023-06-09 00:11:56,801 - elsapy.elsprofile - INFO - Module loaded.
2023-06-09 00:11:56,803 - elsapy.elssearch - INFO - Module loaded.
2023-06-09 00:11:56,804 - elsapy.elssearch - INFO - Module loaded.
2023-06-09 00:12:27,625 - elsapy.elsclient - INFO - Module loaded.
2023-06-09 00:12:27,627 - elsapy.elsclient - INFO - Module loaded.
2023-06-09 00:12:27,753 - elsapy.elsentity - INFO - Module loaded.
2023-06-09 00:12:27,753 - elsapy.elsentity - INFO - Module loaded.
2023-06-09 00:12:27,756 - elsapy.utils - INFO - Module loaded.
2023-06-09 00:12:27,757 - elsapy.utils - INFO - Module loaded.
2023-06-09 00:12:27,758 - elsapy.elsprofile - INFO - Module loaded.
2023-06-09 00:12:27,759 - elsapy.elsprofile - INFO - Module loaded.
2023-06-09 00:12:27,760 - elsapy.elssearch - INFO - Module loaded.
2023-06-09 00:12:27,762 - elsapy.elssearch - INFO - Module loaded.
2023-06-09 00:12:58,522 - elsapy.elsclient - INFO - Module loaded.
2023-06-09 00:12:58,522 - elsapy.elsclient - INFO - Module loaded.
2023-06-09 00:12:58,692 - elsapy.elsentity - INFO - Module loaded.
2023-06-09 00:12:58,692 - elsapy.elsentity - INFO - Module loaded.
2023-06-09 00:12:58,695 - elsapy.utils - INFO - Module loaded.
2023-06-09 00:12:58,696 - elsapy.utils - INFO - Module loaded.
2023-06-09 00:12:58,698 - elsapy.elsprofile - INFO - Module loaded.
2023-06-09 00:12:58,699 - elsapy.elsprofile - INFO - Module loaded.
2023-06-09 00:12:58,700 - elsapy.elssearch - INFO - Module loaded.
2023-06-09 00:12:58,702 - elsapy.elssearch - INFO - Module loaded.
2023-06-09 00:13:29,673 - elsapy.elsclient - INFO - Module loaded.
2023-06-09 00:13:29,678 - elsapy.elsclient - INFO - Module loaded.
2023-06-09 00:13:29,807 - elsapy.elsentity - INFO - Module loaded.
2023-06-09 00:13:29,807 - elsapy.elsentity - INFO - Module loaded.
2023-06-09 00:13:29,809 - elsapy.utils - INFO - Module loaded.
2023-06-09 00:13:29,809 - elsapy.utils - INFO - Module loaded.
2023-06-09 00:13:29,812 - elsapy.elsprofile - INFO - Module loaded.
2023-06-09 00:13:29,812 - elsapy.elsprofile - INFO - Module loaded.
2023-06-09 00:13:29,814 - elsapy.elssearch - INFO - Module loaded.
2023-06-09 00:13:29,815 - elsapy.elssearch - INFO - Module loaded.
2023-06-09 00:14:00,625 - elsapy.elsclient - INFO - Module loaded.
2023-06-09 00:14:00,626 - elsapy.elsclient - INFO - Module loaded.
2023-06-09 00:14:00,752 - elsapy.elsentity - INFO - Module loaded.
2023-06-09 00:14:00,752 - elsapy.elsentity - INFO - Module loaded.
2023-06-09 00:14:00,755 - elsapy.utils - INFO - Module loaded.
2023-06-09 00:14:00,755 - elsapy.utils - INFO - Module loaded.
2023-06-09 00:14:00,757 - elsapy.elsprofile - INFO - Module loaded.
2023-06-09 00:14:00,757 - elsapy.elsprofile - INFO - Module loaded.
2023-06-09 00:14:00,760 - elsapy.elssearch - INFO - Module loaded.
2023-06-09 00:14:00,761 - elsapy.elssearch - INFO - Module loaded.
2023-06-09 00:14:31,569 - elsapy.elsclient - INFO - Module loaded.
2023-06-09 00:14:31,575 - elsapy.elsclient - INFO - Module loaded.
2023-06-09 00:14:31,701 - elsapy.elsentity - INFO - Module loaded.
2023-06-09 00:14:31,701 - elsapy.elsentity - INFO - Module loaded.
2023-06-09 00:14:31,703 - elsapy.utils - INFO - Module loaded.
2023-06-09 00:14:31,703 - elsapy.utils - INFO - Module loaded.
2023-06-09 00:14:31,705 - elsapy.elsprofile - INFO - Module loaded.
2023-06-09 00:14:31,706 - elsapy.elsprofile - INFO - Module loaded.
2023-06-09 00:14:31,708 - elsapy.elssearch - INFO - Module loaded.
2023-06-09 00:14:31,709 - elsapy.elssearch - INFO - Module loaded.
2023-06-09 00:15:02,521 - elsapy.elsclient - INFO - Module loaded.
2023-06-09 00:15:02,521 - elsapy.elsclient - INFO - Module loaded.
2023-06-09 00:15:02,756 - elsapy.elsentity - INFO - Module loaded.
2023-06-09 00:15:02,756 - elsapy.elsentity - INFO - Module loaded.
2023-06-09 00:15:02,759 - elsapy.utils - INFO - Module loaded.
2023-06-09 00:15:02,759 - elsapy.utils - INFO - Module loaded.
2023-06-09 00:15:02,762 - elsapy.elsprofile - INFO - Module loaded.
2023-06-09 00:15:02,762 - elsapy.elsprofile - INFO - Module loaded.
2023-06-09 00:15:02,764 - elsapy.elssearch - INFO - Module loaded.
2023-06-09 00:15:02,764 - elsapy.elssearch - INFO - Module loaded.
2023-06-09 00:15:33,643 - elsapy.elsclient - INFO - Module loaded.
2023-06-09 00:15:33,648 - elsapy.elsclient - INFO - Module loaded.
2023-06-09 00:15:33,770 - elsapy.elsentity - INFO - Module loaded.
2023-06-09 00:15:33,770 - elsapy.elsentity - INFO - Module loaded.
2023-06-09 00:15:33,773 - elsapy.utils - INFO - Module loaded.
2023-06-09 00:15:33,774 - elsapy.utils - INFO - Module loaded.
2023-06-09 00:15:33,775 - elsapy.elsprofile - INFO - Module loaded.
2023-06-09 00:15:33,776 - elsapy.elsprofile - INFO - Module loaded.
2023-06-09 00:15:33,778 - elsapy.elssearch - INFO - Module loaded.
2023-06-09 00:15:33,779 - elsapy.elssearch - INFO - Module loaded.
2023-06-09 00:16:04,498 - elsapy.elsclient - INFO - Module loaded.
2023-06-09 00:16:04,503 - elsapy.elsclient - INFO - Module loaded.
2023-06-09 00:16:04,634 - elsapy.elsentity - INFO - Module loaded.
2023-06-09 00:16:04,635 - elsapy.elsentity - INFO - Module loaded.
2023-06-09 00:16:04,637 - elsapy.utils - INFO - Module loaded.
2023-06-09 00:16:04,637 - elsapy.utils - INFO - Module loaded.
2023-06-09 00:16:04,640 - elsapy.elsprofile - INFO - Module loaded.
2023-06-09 00:16:04,641 - elsapy.elsprofile - INFO - Module loaded.
2023-06-09 00:16:04,642 - elsapy.elssearch - INFO - Module loaded.
2023-06-09 00:16:04,643 - elsapy.elssearch - INFO - Module loaded.
2023-06-09 00:16:35,419 - elsapy.elsclient - INFO - Module loaded.
2023-06-09 00:16:35,420 - elsapy.elsclient - INFO - Module loaded.
2023-06-09 00:16:35,593 - elsapy.elsentity - INFO - Module loaded.
2023-06-09 00:16:35,593 - elsapy.elsentity - INFO - Module loaded.
2023-06-09 00:16:35,598 - elsapy.utils - INFO - Module loaded.
2023-06-09 00:16:35,600 - elsapy.utils - INFO - Module loaded.
2023-06-09 00:16:35,601 - elsapy.elsprofile - INFO - Module loaded.
2023-06-09 00:16:35,602 - elsapy.elsprofile - INFO - Module loaded.
2023-06-09 00:16:35,604 - elsapy.elssearch - INFO - Module loaded.
2023-06-09 00:16:35,605 - elsapy.elssearch - INFO - Module loaded.
2023-06-09 00:17:06,560 - elsapy.elsclient - INFO - Module loaded.
2023-06-09 00:17:06,564 - elsapy.elsclient - INFO - Module loaded.
2023-06-09 00:17:06,721 - elsapy.elsentity - INFO - Module loaded.
2023-06-09 00:17:06,721 - elsapy.elsentity - INFO - Module loaded.
2023-06-09 00:17:06,725 - elsapy.utils - INFO - Module loaded.
2023-06-09 00:17:06,726 - elsapy.utils - INFO - Module loaded.
2023-06-09 00:17:06,727 - elsapy.elsprofile - INFO - Module loaded.
2023-06-09 00:17:06,728 - elsapy.elsprofile - INFO - Module loaded.
2023-06-09 00:17:06,730 - elsapy.elssearch - INFO - Module loaded.
2023-06-09 00:17:06,731 - elsapy.elssearch - INFO - Module loaded.
2023-06-09 00:17:37,506 - elsapy.elsclient - INFO - Module loaded.
2023-06-09 00:17:37,506 - elsapy.elsclient - INFO - Module loaded.
2023-06-09 00:17:37,645 - elsapy.elsentity - INFO - Module loaded.
2023-06-09 00:17:37,645 - elsapy.elsentity - INFO - Module loaded.
2023-06-09 00:17:37,648 - elsapy.utils - INFO - Module loaded.
2023-06-09 00:17:37,648 - elsapy.utils - INFO - Module loaded.
2023-06-09 00:17:37,650 - elsapy.elsprofile - INFO - Module loaded.
2023-06-09 00:17:37,650 - elsapy.elsprofile - INFO - Module loaded.
2023-06-09 00:17:37,652 - elsapy.elssearch - INFO - Module loaded.
2023-06-09 00:17:37,653 - elsapy.elssearch - INFO - Module loaded.
2023-06-09 00:18:08,436 - elsapy.elsclient - INFO - Module loaded.
2023-06-09 00:18:08,436 - elsapy.elsclient - INFO - Module loaded.
2023-06-09 00:18:08,563 - elsapy.elsentity - INFO - Module loaded.
2023-06-09 00:18:08,563 - elsapy.elsentity - INFO - Module loaded.
2023-06-09 00:18:08,566 - elsapy.utils - INFO - Module loaded.
2023-06-09 00:18:08,566 - elsapy.utils - INFO - Module loaded.
2023-06-09 00:18:08,568 - elsapy.elsprofile - INFO - Module loaded.
2023-06-09 00:18:08,568 - elsapy.elsprofile - INFO - Module loaded.
2023-06-09 00:18:08,570 - elsapy.elssearch - INFO - Module loaded.
2023-06-09 00:18:08,570 - elsapy.elssearch - INFO - Module loaded.
2023-06-09 00:18:39,349 - elsapy.elsclient - INFO - Module loaded.
2023-06-09 00:18:39,352 - elsapy.elsclient - INFO - Module loaded.
2023-06-09 00:18:39,508 - elsapy.elsentity - INFO - Module loaded.
2023-06-09 00:18:39,508 - elsapy.elsentity - INFO - Module loaded.
2023-06-09 00:18:39,511 - elsapy.utils - INFO - Module loaded.
2023-06-09 00:18:39,511 - elsapy.utils - INFO - Module loaded.
2023-06-09 00:18:39,513 - elsapy.elsprofile - INFO - Module loaded.
2023-06-09 00:18:39,514 - elsapy.elsprofile - INFO - Module loaded.
2023-06-09 00:18:39,516 - elsapy.elssearch - INFO - Module loaded.
2023-06-09 00:18:39,517 - elsapy.elssearch - INFO - Module loaded.
2023-06-09 00:19:10,363 - elsapy.elsclient - INFO - Module loaded.
2023-06-09 00:19:10,369 - elsapy.elsclient - INFO - Module loaded.
2023-06-09 00:19:10,498 - elsapy.elsentity - INFO - Module loaded.
2023-06-09 00:19:10,498 - elsapy.elsentity - INFO - Module loaded.
2023-06-09 00:19:10,501 - elsapy.utils - INFO - Module loaded.
2023-06-09 00:19:10,502 - elsapy.utils - INFO - Module loaded.
2023-06-09 00:19:10,503 - elsapy.elsprofile - INFO - Module loaded.
2023-06-09 00:19:10,505 - elsapy.elsprofile - INFO - Module loaded.
2023-06-09 00:19:10,506 - elsapy.elssearch - INFO - Module loaded.
2023-06-09 00:19:10,507 - elsapy.elssearch - INFO - Module loaded.
2023-06-09 00:19:41,304 - elsapy.elsclient - INFO - Module loaded.
2023-06-09 00:19:41,307 - elsapy.elsclient - INFO - Module loaded.
2023-06-09 00:19:41,444 - elsapy.elsentity - INFO - Module loaded.
2023-06-09 00:19:41,445 - elsapy.elsentity - INFO - Module loaded.
2023-06-09 00:19:41,447 - elsapy.utils - INFO - Module loaded.
2023-06-09 00:19:41,448 - elsapy.utils - INFO - Module loaded.
2023-06-09 00:19:41,450 - elsapy.elsprofile - INFO - Module loaded.
2023-06-09 00:19:41,451 - elsapy.elsprofile - INFO - Module loaded.
2023-06-09 00:19:41,452 - elsapy.elssearch - INFO - Module loaded.
2023-06-09 00:19:41,454 - elsapy.elssearch - INFO - Module loaded.
2023-06-09 00:20:12,362 - elsapy.elsclient - INFO - Module loaded.
2023-06-09 00:20:12,364 - elsapy.elsclient - INFO - Module loaded.
2023-06-09 00:20:12,536 - elsapy.elsentity - INFO - Module loaded.
2023-06-09 00:20:12,536 - elsapy.elsentity - INFO - Module loaded.
2023-06-09 00:20:12,539 - elsapy.utils - INFO - Module loaded.
2023-06-09 00:20:12,539 - elsapy.utils - INFO - Module loaded.
2023-06-09 00:20:12,541 - elsapy.elsprofile - INFO - Module loaded.
2023-06-09 00:20:12,541 - elsapy.elsprofile - INFO - Module loaded.
2023-06-09 00:20:12,543 - elsapy.elssearch - INFO - Module loaded.
2023-06-09 00:20:12,545 - elsapy.elssearch - INFO - Module loaded.
2023-06-09 00:20:43,407 - elsapy.elsclient - INFO - Module loaded.
2023-06-09 00:20:43,408 - elsapy.elsclient - INFO - Module loaded.
2023-06-09 00:20:43,584 - elsapy.elsentity - INFO - Module loaded.
2023-06-09 00:20:43,584 - elsapy.elsentity - INFO - Module loaded.
2023-06-09 00:20:43,586 - elsapy.utils - INFO - Module loaded.
2023-06-09 00:20:43,588 - elsapy.utils - INFO - Module loaded.
2023-06-09 00:20:43,589 - elsapy.elsprofile - INFO - Module loaded.
2023-06-09 00:20:43,591 - elsapy.elsprofile - INFO - Module loaded.
2023-06-09 00:20:43,592 - elsapy.elssearch - INFO - Module loaded.
2023-06-09 00:20:43,593 - elsapy.elssearch - INFO - Module loaded.
2023-06-09 00:21:14,563 - elsapy.elsclient - INFO - Module loaded.
2023-06-09 00:21:14,563 - elsapy.elsclient - INFO - Module loaded.
2023-06-09 00:21:14,716 - elsapy.elsentity - INFO - Module loaded.
2023-06-09 00:21:14,717 - elsapy.elsentity - INFO - Module loaded.
2023-06-09 00:21:14,719 - elsapy.utils - INFO - Module loaded.
2023-06-09 00:21:14,719 - elsapy.utils - INFO - Module loaded.
2023-06-09 00:21:14,722 - elsapy.elsprofile - INFO - Module loaded.
2023-06-09 00:21:14,722 - elsapy.elsprofile - INFO - Module loaded.
2023-06-09 00:21:14,724 - elsapy.elssearch - INFO - Module loaded.
2023-06-09 00:21:14,725 - elsapy.elssearch - INFO - Module loaded.
2023-06-09 00:21:45,520 - elsapy.elsclient - INFO - Module loaded.
2023-06-09 00:21:45,523 - elsapy.elsclient - INFO - Module loaded.
2023-06-09 00:21:45,663 - elsapy.elsentity - INFO - Module loaded.
2023-06-09 00:21:45,663 - elsapy.elsentity - INFO - Module loaded.
2023-06-09 00:21:45,666 - elsapy.utils - INFO - Module loaded.
2023-06-09 00:21:45,666 - elsapy.utils - INFO - Module loaded.
2023-06-09 00:21:45,668 - elsapy.elsprofile - INFO - Module loaded.
2023-06-09 00:21:45,669 - elsapy.elsprofile - INFO - Module loaded.
2023-06-09 00:21:45,670 - elsapy.elssearch - INFO - Module loaded.
2023-06-09 00:21:45,671 - elsapy.elssearch - INFO - Module loaded.
2023-06-09 00:22:16,567 - elsapy.elsclient - INFO - Module loaded.
2023-06-09 00:22:16,572 - elsapy.elsclient - INFO - Module loaded.
2023-06-09 00:22:16,699 - elsapy.elsentity - INFO - Module loaded.
2023-06-09 00:22:16,699 - elsapy.elsentity - INFO - Module loaded.
2023-06-09 00:22:16,701 - elsapy.utils - INFO - Module loaded.
2023-06-09 00:22:16,702 - elsapy.utils - INFO - Module loaded.
2023-06-09 00:22:16,703 - elsapy.elsprofile - INFO - Module loaded.
2023-06-09 00:22:16,705 - elsapy.elsprofile - INFO - Module loaded.
2023-06-09 00:22:16,706 - elsapy.elssearch - INFO - Module loaded.
2023-06-09 00:22:16,708 - elsapy.elssearch - INFO - Module loaded.
2023-06-09 00:22:47,516 - elsapy.elsclient - INFO - Module loaded.
2023-06-09 00:22:47,517 - elsapy.elsclient - INFO - Module loaded.
2023-06-09 00:22:47,672 - elsapy.elsentity - INFO - Module loaded.
2023-06-09 00:22:47,672 - elsapy.elsentity - INFO - Module loaded.
2023-06-09 00:22:47,674 - elsapy.utils - INFO - Module loaded.
2023-06-09 00:22:47,676 - elsapy.utils - INFO - Module loaded.
2023-06-09 00:22:47,677 - elsapy.elsprofile - INFO - Module loaded.
2023-06-09 00:22:47,678 - elsapy.elsprofile - INFO - Module loaded.
2023-06-09 00:22:47,680 - elsapy.elssearch - INFO - Module loaded.
2023-06-09 00:22:47,681 - elsapy.elssearch - INFO - Module loaded.
2023-06-09 00:23:18,505 - elsapy.elsclient - INFO - Module loaded.
2023-06-09 00:23:18,507 - elsapy.elsclient - INFO - Module loaded.
2023-06-09 00:23:18,631 - elsapy.elsentity - INFO - Module loaded.
2023-06-09 00:23:18,631 - elsapy.elsentity - INFO - Module loaded.
2023-06-09 00:23:18,633 - elsapy.utils - INFO - Module loaded.
2023-06-09 00:23:18,633 - elsapy.utils - INFO - Module loaded.
2023-06-09 00:23:18,636 - elsapy.elsprofile - INFO - Module loaded.
2023-06-09 00:23:18,636 - elsapy.elsprofile - INFO - Module loaded.
2023-06-09 00:23:18,638 - elsapy.elssearch - INFO - Module loaded.
2023-06-09 00:23:18,638 - elsapy.elssearch - INFO - Module loaded.
2023-06-09 00:23:49,502 - elsapy.elsclient - INFO - Module loaded.
2023-06-09 00:23:49,505 - elsapy.elsclient - INFO - Module loaded.
2023-06-09 00:23:49,644 - elsapy.elsentity - INFO - Module loaded.
2023-06-09 00:23:49,644 - elsapy.elsentity - INFO - Module loaded.
2023-06-09 00:23:49,647 - elsapy.utils - INFO - Module loaded.
2023-06-09 00:23:49,648 - elsapy.utils - INFO - Module loaded.
2023-06-09 00:23:49,649 - elsapy.elsprofile - INFO - Module loaded.
2023-06-09 00:23:49,651 - elsapy.elsprofile - INFO - Module loaded.
2023-06-09 00:23:49,652 - elsapy.elssearch - INFO - Module loaded.
2023-06-09 00:23:49,653 - elsapy.elssearch - INFO - Module loaded.
2023-06-09 00:24:20,435 - elsapy.elsclient - INFO - Module loaded.
2023-06-09 00:24:20,437 - elsapy.elsclient - INFO - Module loaded.
2023-06-09 00:24:20,573 - elsapy.elsentity - INFO - Module loaded.
2023-06-09 00:24:20,573 - elsapy.elsentity - INFO - Module loaded.
2023-06-09 00:24:20,576 - elsapy.utils - INFO - Module loaded.
2023-06-09 00:24:20,576 - elsapy.utils - INFO - Module loaded.
2023-06-09 00:24:20,579 - elsapy.elsprofile - INFO - Module loaded.
2023-06-09 00:24:20,579 - elsapy.elsprofile - INFO - Module loaded.
2023-06-09 00:24:20,582 - elsapy.elssearch - INFO - Module loaded.
2023-06-09 00:24:20,583 - elsapy.elssearch - INFO - Module loaded.
2023-06-09 00:24:51,528 - elsapy.elsclient - INFO - Module loaded.
2023-06-09 00:24:51,529 - elsapy.elsclient - INFO - Module loaded.
2023-06-09 00:24:51,679 - elsapy.elsentity - INFO - Module loaded.
2023-06-09 00:24:51,680 - elsapy.elsentity - INFO - Module loaded.
2023-06-09 00:24:51,683 - elsapy.utils - INFO - Module loaded.
2023-06-09 00:24:51,684 - elsapy.utils - INFO - Module loaded.
2023-06-09 00:24:51,686 - elsapy.elsprofile - INFO - Module loaded.
2023-06-09 00:24:51,687 - elsapy.elsprofile - INFO - Module loaded.
2023-06-09 00:24:51,689 - elsapy.elssearch - INFO - Module loaded.
2023-06-09 00:24:51,690 - elsapy.elssearch - INFO - Module loaded.
2023-06-09 00:25:22,604 - elsapy.elsclient - INFO - Module loaded.
2023-06-09 00:25:22,607 - elsapy.elsclient - INFO - Module loaded.
2023-06-09 00:25:22,741 - elsapy.elsentity - INFO - Module loaded.
2023-06-09 00:25:22,742 - elsapy.elsentity - INFO - Module loaded.
2023-06-09 00:25:22,744 - elsapy.utils - INFO - Module loaded.
2023-06-09 00:25:22,744 - elsapy.utils - INFO - Module loaded.
2023-06-09 00:25:22,746 - elsapy.elsprofile - INFO - Module loaded.
2023-06-09 00:25:22,746 - elsapy.elsprofile - INFO - Module loaded.
2023-06-09 00:25:22,749 - elsapy.elssearch - INFO - Module loaded.
2023-06-09 00:25:22,749 - elsapy.elssearch - INFO - Module loaded.
2023-06-09 00:25:53,559 - elsapy.elsclient - INFO - Module loaded.
2023-06-09 00:25:53,561 - elsapy.elsclient - INFO - Module loaded.
2023-06-09 00:25:53,699 - elsapy.elsentity - INFO - Module loaded.
2023-06-09 00:25:53,700 - elsapy.elsentity - INFO - Module loaded.
2023-06-09 00:25:53,702 - elsapy.utils - INFO - Module loaded.
2023-06-09 00:25:53,704 - elsapy.utils - INFO - Module loaded.
2023-06-09 00:25:53,706 - elsapy.elsprofile - INFO - Module loaded.
2023-06-09 00:25:53,707 - elsapy.elsprofile - INFO - Module loaded.
2023-06-09 00:25:53,708 - elsapy.elssearch - INFO - Module loaded.
2023-06-09 00:25:53,709 - elsapy.elssearch - INFO - Module loaded.
2023-06-09 00:26:24,555 - elsapy.elsclient - INFO - Module loaded.
2023-06-09 00:26:24,565 - elsapy.elsclient - INFO - Module loaded.
2023-06-09 00:26:24,693 - elsapy.elsentity - INFO - Module loaded.
2023-06-09 00:26:24,693 - elsapy.elsentity - INFO - Module loaded.
2023-06-09 00:26:24,696 - elsapy.utils - INFO - Module loaded.
2023-06-09 00:26:24,696 - elsapy.utils - INFO - Module loaded.
2023-06-09 00:26:24,698 - elsapy.elsprofile - INFO - Module loaded.
2023-06-09 00:26:24,698 - elsapy.elsprofile - INFO - Module loaded.
2023-06-09 00:26:24,700 - elsapy.elssearch - INFO - Module loaded.
2023-06-09 00:26:24,701 - elsapy.elssearch - INFO - Module loaded.
2023-06-09 00:26:55,646 - elsapy.elsclient - INFO - Module loaded.
2023-06-09 00:26:55,646 - elsapy.elsclient - INFO - Module loaded.
2023-06-09 00:26:55,830 - elsapy.elsentity - INFO - Module loaded.
2023-06-09 00:26:55,830 - elsapy.elsentity - INFO - Module loaded.
2023-06-09 00:26:55,833 - elsapy.utils - INFO - Module loaded.
2023-06-09 00:26:55,833 - elsapy.utils - INFO - Module loaded.
2023-06-09 00:26:55,836 - elsapy.elsprofile - INFO - Module loaded.
2023-06-09 00:26:55,837 - elsapy.elsprofile - INFO - Module loaded.
2023-06-09 00:26:55,838 - elsapy.elssearch - INFO - Module loaded.
2023-06-09 00:26:55,839 - elsapy.elssearch - INFO - Module loaded.
2023-06-09 00:27:26,653 - elsapy.elsclient - INFO - Module loaded.
2023-06-09 00:27:26,656 - elsapy.elsclient - INFO - Module loaded.
2023-06-09 00:27:26,788 - elsapy.elsentity - INFO - Module loaded.
2023-06-09 00:27:26,788 - elsapy.elsentity - INFO - Module loaded.
2023-06-09 00:27:26,791 - elsapy.utils - INFO - Module loaded.
2023-06-09 00:27:26,793 - elsapy.utils - INFO - Module loaded.
2023-06-09 00:27:26,794 - elsapy.elsprofile - INFO - Module loaded.
2023-06-09 00:27:26,795 - elsapy.elsprofile - INFO - Module loaded.
2023-06-09 00:27:26,796 - elsapy.elssearch - INFO - Module loaded.
2023-06-09 00:27:26,797 - elsapy.elssearch - INFO - Module loaded.
2023-06-09 00:27:57,563 - elsapy.elsclient - INFO - Module loaded.
2023-06-09 00:27:57,567 - elsapy.elsclient - INFO - Module loaded.
2023-06-09 00:27:57,701 - elsapy.elsentity - INFO - Module loaded.
2023-06-09 00:27:57,701 - elsapy.elsentity - INFO - Module loaded.
2023-06-09 00:27:57,704 - elsapy.utils - INFO - Module loaded.
2023-06-09 00:27:57,705 - elsapy.utils - INFO - Module loaded.
2023-06-09 00:27:57,706 - elsapy.elsprofile - INFO - Module loaded.
2023-06-09 00:27:57,707 - elsapy.elsprofile - INFO - Module loaded.
2023-06-09 00:27:57,708 - elsapy.elssearch - INFO - Module loaded.
2023-06-09 00:27:57,710 - elsapy.elssearch - INFO - Module loaded.
2023-06-09 00:28:28,501 - elsapy.elsclient - INFO - Module loaded.
2023-06-09 00:28:28,504 - elsapy.elsclient - INFO - Module loaded.
2023-06-09 00:28:28,641 - elsapy.elsentity - INFO - Module loaded.
2023-06-09 00:28:28,641 - elsapy.elsentity - INFO - Module loaded.
2023-06-09 00:28:28,643 - elsapy.utils - INFO - Module loaded.
2023-06-09 00:28:28,644 - elsapy.utils - INFO - Module loaded.
2023-06-09 00:28:28,646 - elsapy.elsprofile - INFO - Module loaded.
2023-06-09 00:28:28,647 - elsapy.elsprofile - INFO - Module loaded.
2023-06-09 00:28:28,648 - elsapy.elssearch - INFO - Module loaded.
2023-06-09 00:28:28,650 - elsapy.elssearch - INFO - Module loaded.
2023-06-09 00:28:59,518 - elsapy.elsclient - INFO - Module loaded.
2023-06-09 00:28:59,518 - elsapy.elsclient - INFO - Module loaded.
2023-06-09 00:28:59,696 - elsapy.elsentity - INFO - Module loaded.
2023-06-09 00:28:59,696 - elsapy.elsentity - INFO - Module loaded.
2023-06-09 00:28:59,699 - elsapy.utils - INFO - Module loaded.
2023-06-09 00:28:59,699 - elsapy.utils - INFO - Module loaded.
2023-06-09 00:28:59,701 - elsapy.elsprofile - INFO - Module loaded.
2023-06-09 00:28:59,702 - elsapy.elsprofile - INFO - Module loaded.
2023-06-09 00:28:59,704 - elsapy.elssearch - INFO - Module loaded.
2023-06-09 00:28:59,705 - elsapy.elssearch - INFO - Module loaded.
2023-06-09 00:29:30,627 - elsapy.elsclient - INFO - Module loaded.
2023-06-09 00:29:30,627 - elsapy.elsclient - INFO - Module loaded.
2023-06-09 00:29:30,861 - elsapy.elsentity - INFO - Module loaded.
2023-06-09 00:29:30,862 - elsapy.elsentity - INFO - Module loaded.
2023-06-09 00:29:30,865 - elsapy.utils - INFO - Module loaded.
2023-06-09 00:29:30,865 - elsapy.utils - INFO - Module loaded.
2023-06-09 00:29:30,867 - elsapy.elsprofile - INFO - Module loaded.
2023-06-09 00:29:30,868 - elsapy.elsprofile - INFO - Module loaded.
2023-06-09 00:29:30,870 - elsapy.elssearch - INFO - Module loaded.
2023-06-09 00:29:30,871 - elsapy.elssearch - INFO - Module loaded.
2023-06-09 00:30:01,778 - elsapy.elsclient - INFO - Module loaded.
2023-06-09 00:30:01,778 - elsapy.elsclient - INFO - Module loaded.
2023-06-09 00:30:01,970 - elsapy.elsentity - INFO - Module loaded.
2023-06-09 00:30:01,970 - elsapy.elsentity - INFO - Module loaded.
2023-06-09 00:30:01,973 - elsapy.utils - INFO - Module loaded.
2023-06-09 00:30:01,973 - elsapy.utils - INFO - Module loaded.
2023-06-09 00:30:01,975 - elsapy.elsprofile - INFO - Module loaded.
2023-06-09 00:30:01,975 - elsapy.elsprofile - INFO - Module loaded.
2023-06-09 00:30:01,978 - elsapy.elssearch - INFO - Module loaded.
2023-06-09 00:30:01,978 - elsapy.elssearch - INFO - Module loaded.
2023-06-09 00:30:32,926 - elsapy.elsclient - INFO - Module loaded.
2023-06-09 00:30:32,929 - elsapy.elsclient - INFO - Module loaded.
2023-06-09 00:30:33,150 - elsapy.elsentity - INFO - Module loaded.
2023-06-09 00:30:33,154 - elsapy.elsentity - INFO - Module loaded.
2023-06-09 00:30:33,158 - elsapy.utils - INFO - Module loaded.
2023-06-09 00:30:33,160 - elsapy.utils - INFO - Module loaded.
2023-06-09 00:30:33,162 - elsapy.elsprofile - INFO - Module loaded.
2023-06-09 00:30:33,164 - elsapy.elsprofile - INFO - Module loaded.
2023-06-09 00:30:33,166 - elsapy.elssearch - INFO - Module loaded.
2023-06-09 00:30:33,167 - elsapy.elssearch - INFO - Module loaded.
2023-06-09 00:31:03,316 - elsapy.elsclient - INFO - Module loaded.
2023-06-09 00:31:03,564 - elsapy.elsentity - INFO - Module loaded.
2023-06-09 00:31:03,567 - elsapy.utils - INFO - Module loaded.
2023-06-09 00:31:03,570 - elsapy.elsprofile - INFO - Module loaded.
2023-06-09 00:31:03,573 - elsapy.elssearch - INFO - Module loaded.
2023-06-09 00:31:03,638 - elsapy.elsclient - INFO - Module loaded.
2023-06-09 00:31:03,785 - elsapy.elsentity - INFO - Module loaded.
2023-06-09 00:31:03,789 - elsapy.utils - INFO - Module loaded.
2023-06-09 00:31:03,791 - elsapy.elsprofile - INFO - Module loaded.
2023-06-09 00:31:03,794 - elsapy.elssearch - INFO - Module loaded.
2023-06-09 00:31:34,602 - elsapy.elsclient - INFO - Module loaded.
2023-06-09 00:31:34,603 - elsapy.elsclient - INFO - Module loaded.
2023-06-09 00:31:34,774 - elsapy.elsentity - INFO - Module loaded.
2023-06-09 00:31:34,774 - elsapy.elsentity - INFO - Module loaded.
2023-06-09 00:31:34,777 - elsapy.utils - INFO - Module loaded.
2023-06-09 00:31:34,777 - elsapy.utils - INFO - Module loaded.
2023-06-09 00:31:34,780 - elsapy.elsprofile - INFO - Module loaded.
2023-06-09 00:31:34,780 - elsapy.elsprofile - INFO - Module loaded.
2023-06-09 00:31:34,782 - elsapy.elssearch - INFO - Module loaded.
2023-06-09 00:31:34,782 - elsapy.elssearch - INFO - Module loaded.
2023-06-09 00:32:05,636 - elsapy.elsclient - INFO - Module loaded.
2023-06-09 00:32:05,641 - elsapy.elsclient - INFO - Module loaded.
2023-06-09 00:32:05,783 - elsapy.elsentity - INFO - Module loaded.
2023-06-09 00:32:05,783 - elsapy.elsentity - INFO - Module loaded.
2023-06-09 00:32:05,786 - elsapy.utils - INFO - Module loaded.
2023-06-09 00:32:05,787 - elsapy.utils - INFO - Module loaded.
2023-06-09 00:32:05,788 - elsapy.elsprofile - INFO - Module loaded.
2023-06-09 00:32:05,790 - elsapy.elsprofile - INFO - Module loaded.
2023-06-09 00:32:05,791 - elsapy.elssearch - INFO - Module loaded.
2023-06-09 00:32:05,792 - elsapy.elssearch - INFO - Module loaded.
2023-06-09 00:32:36,620 - elsapy.elsclient - INFO - Module loaded.
2023-06-09 00:32:36,620 - elsapy.elsclient - INFO - Module loaded.
2023-06-09 00:32:36,825 - elsapy.elsentity - INFO - Module loaded.
2023-06-09 00:32:36,825 - elsapy.elsentity - INFO - Module loaded.
2023-06-09 00:32:36,828 - elsapy.utils - INFO - Module loaded.
2023-06-09 00:32:36,828 - elsapy.utils - INFO - Module loaded.
2023-06-09 00:32:36,830 - elsapy.elsprofile - INFO - Module loaded.
2023-06-09 00:32:36,831 - elsapy.elsprofile - INFO - Module loaded.
2023-06-09 00:32:36,833 - elsapy.elssearch - INFO - Module loaded.
2023-06-09 00:32:36,834 - elsapy.elssearch - INFO - Module loaded.
2023-06-09 00:54:03,007 - elsapy.elsclient - INFO - Module loaded.
2023-06-09 00:54:03,015 - elsapy.elsclient - INFO - Module loaded.
2023-06-09 00:54:03,383 - elsapy.elsentity - INFO - Module loaded.
2023-06-09 00:54:03,401 - elsapy.elsentity - INFO - Module loaded.
2023-06-09 00:54:03,412 - elsapy.utils - INFO - Module loaded.
2023-06-09 00:54:03,429 - elsapy.utils - INFO - Module loaded.
2023-06-09 00:54:03,430 - elsapy.elsprofile - INFO - Module loaded.
2023-06-09 00:54:03,440 - elsapy.elsprofile - INFO - Module loaded.
2023-06-09 00:54:03,444 - elsapy.elssearch - INFO - Module loaded.
2023-06-09 00:54:03,465 - elsapy.elssearch - INFO - Module loaded.
2023-06-09 01:59:06,207 - elsapy.elsclient - INFO - Module loaded.
2023-06-09 01:59:06,209 - elsapy.elsclient - INFO - Module loaded.
2023-06-09 01:59:06,704 - elsapy.elsentity - INFO - Module loaded.
2023-06-09 01:59:06,744 - elsapy.elsentity - INFO - Module loaded.
2023-06-09 01:59:06,777 - elsapy.utils - INFO - Module loaded.
2023-06-09 01:59:06,789 - elsapy.utils - INFO - Module loaded.
2023-06-09 01:59:06,793 - elsapy.elsprofile - INFO - Module loaded.
2023-06-09 01:59:06,807 - elsapy.elsprofile - INFO - Module loaded.
2023-06-09 01:59:06,828 - elsapy.elssearch - INFO - Module loaded.
2023-06-09 01:59:06,854 - elsapy.elssearch - INFO - Module loaded.
2023-06-09 03:04:37,732 - elsapy.elsclient - INFO - Module loaded.
2023-06-09 03:04:37,739 - elsapy.elsclient - INFO - Module loaded.
2023-06-09 03:04:38,884 - elsapy.elsentity - INFO - Module loaded.
2023-06-09 03:04:38,920 - elsapy.elsentity - INFO - Module loaded.
2023-06-09 03:04:38,997 - elsapy.utils - INFO - Module loaded.
2023-06-09 03:04:39,003 - elsapy.utils - INFO - Module loaded.
2023-06-09 03:04:39,062 - elsapy.elsprofile - INFO - Module loaded.
2023-06-09 03:04:39,095 - elsapy.elsprofile - INFO - Module loaded.
2023-06-09 03:04:39,145 - elsapy.elssearch - INFO - Module loaded.
2023-06-09 03:04:39,152 - elsapy.elssearch - INFO - Module loaded.
2023-06-09 13:58:08,706 - elsapy.elsclient - INFO - Module loaded.
2023-06-09 13:58:08,851 - elsapy.elsclient - INFO - Module loaded.
2023-06-09 13:58:10,953 - elsapy.elsentity - INFO - Module loaded.
2023-06-09 13:58:11,017 - elsapy.elsentity - INFO - Module loaded.
2023-06-09 13:58:11,026 - elsapy.utils - INFO - Module loaded.
2023-06-09 13:58:11,055 - elsapy.elsprofile - INFO - Module loaded.
2023-06-09 13:58:11,059 - elsapy.utils - INFO - Module loaded.
2023-06-09 13:58:11,067 - elsapy.elssearch - INFO - Module loaded.
2023-06-09 13:58:11,077 - elsapy.elsprofile - INFO - Module loaded.
2023-06-09 13:58:11,109 - elsapy.elssearch - INFO - Module loaded.
2023-06-09 13:58:41,467 - elsapy.elsclient - INFO - Module loaded.
2023-06-09 13:58:41,638 - elsapy.elsentity - INFO - Module loaded.
2023-06-09 13:58:41,641 - elsapy.utils - INFO - Module loaded.
2023-06-09 13:58:41,644 - elsapy.elsprofile - INFO - Module loaded.
2023-06-09 13:58:41,647 - elsapy.elssearch - INFO - Module loaded.
2023-06-09 13:58:42,488 - elsapy.elsclient - INFO - Module loaded.
2023-06-09 13:58:42,801 - elsapy.elsentity - INFO - Module loaded.
2023-06-09 13:58:42,854 - elsapy.utils - INFO - Module loaded.
2023-06-09 13:58:42,861 - elsapy.elsprofile - INFO - Module loaded.
2023-06-09 13:58:42,881 - elsapy.elssearch - INFO - Module loaded.
2023-06-09 14:01:15,610 - elsapy.elsclient - INFO - Module loaded.
2023-06-09 14:01:15,611 - elsapy.elsclient - INFO - Module loaded.
2023-06-09 14:01:15,791 - elsapy.elsentity - INFO - Module loaded.
2023-06-09 14:01:15,791 - elsapy.elsentity - INFO - Module loaded.
2023-06-09 14:01:15,794 - elsapy.utils - INFO - Module loaded.
2023-06-09 14:01:15,795 - elsapy.utils - INFO - Module loaded.
2023-06-09 14:01:15,796 - elsapy.elsprofile - INFO - Module loaded.
2023-06-09 14:01:15,797 - elsapy.elsprofile - INFO - Module loaded.
2023-06-09 14:01:15,799 - elsapy.elssearch - INFO - Module loaded.
2023-06-09 14:01:15,800 - elsapy.elssearch - INFO - Module loaded.
2023-06-09 14:01:46,213 - elsapy.elsclient - INFO - Module loaded.
2023-06-09 14:01:46,213 - elsapy.elsclient - INFO - Module loaded.
2023-06-09 14:01:46,440 - elsapy.elsentity - INFO - Module loaded.
2023-06-09 14:01:46,440 - elsapy.elsentity - INFO - Module loaded.
2023-06-09 14:01:46,444 - elsapy.utils - INFO - Module loaded.
2023-06-09 14:01:46,444 - elsapy.utils - INFO - Module loaded.
2023-06-09 14:01:46,447 - elsapy.elsprofile - INFO - Module loaded.
2023-06-09 14:01:46,447 - elsapy.elsprofile - INFO - Module loaded.
2023-06-09 14:01:46,450 - elsapy.elssearch - INFO - Module loaded.
2023-06-09 14:01:46,450 - elsapy.elssearch - INFO - Module loaded.
2023-06-09 14:02:16,662 - elsapy.elsclient - INFO - Module loaded.
2023-06-09 14:02:16,781 - elsapy.elsclient - INFO - Module loaded.
2023-06-09 14:02:16,796 - elsapy.elsentity - INFO - Module loaded.
2023-06-09 14:02:16,799 - elsapy.utils - INFO - Module loaded.
2023-06-09 14:02:16,801 - elsapy.elsprofile - INFO - Module loaded.
2023-06-09 14:02:16,804 - elsapy.elssearch - INFO - Module loaded.
2023-06-09 14:02:16,917 - elsapy.elsentity - INFO - Module loaded.
2023-06-09 14:02:16,920 - elsapy.utils - INFO - Module loaded.
2023-06-09 14:02:16,922 - elsapy.elsprofile - INFO - Module loaded.
2023-06-09 14:02:16,925 - elsapy.elssearch - INFO - Module loaded.
