2023-09-02 18:03:35,561 - elsapy.elsclient - INFO - Module loaded.
2023-09-02 18:03:35,563 - elsapy.elsclient - INFO - Module loaded.
2023-09-02 18:03:36,068 - elsapy.elsentity - INFO - Module loaded.
2023-09-02 18:03:36,068 - elsapy.elsentity - INFO - Module loaded.
2023-09-02 18:03:36,071 - elsapy.utils - INFO - Module loaded.
2023-09-02 18:03:36,071 - elsapy.utils - INFO - Module loaded.
2023-09-02 18:03:36,073 - elsapy.elsprofile - INFO - Module loaded.
2023-09-02 18:03:36,073 - elsapy.elsprofile - INFO - Module loaded.
2023-09-02 18:03:36,076 - elsapy.elssearch - INFO - Module loaded.
2023-09-02 18:03:36,076 - elsapy.elssearch - INFO - Module loaded.
2023-09-02 18:03:36,578 - elsapy.elsclient - INFO - Module loaded.
2023-09-02 18:03:37,042 - elsapy.elsentity - INFO - Module loaded.
2023-09-02 18:03:37,053 - elsapy.utils - INFO - Module loaded.
2023-09-02 18:03:37,084 - elsapy.elsprofile - INFO - Module loaded.
2023-09-02 18:03:37,120 - elsapy.elssearch - INFO - Module loaded.
2023-09-02 18:03:37,363 - elsapy.elsclient - INFO - Module loaded.
2023-09-02 18:03:37,663 - elsapy.elsclient - INFO - Module loaded.
2023-09-02 18:03:38,370 - elsapy.elsentity - INFO - Module loaded.
2023-09-02 18:03:38,414 - elsapy.utils - INFO - Module loaded.
2023-09-02 18:03:38,447 - elsapy.elsprofile - INFO - Module loaded.
2023-09-02 18:03:38,500 - elsapy.elssearch - INFO - Module loaded.
2023-09-02 18:03:39,131 - elsapy.elsentity - INFO - Module loaded.
2023-09-02 18:03:39,159 - elsapy.utils - INFO - Module loaded.
2023-09-02 18:03:39,180 - elsapy.elsprofile - INFO - Module loaded.
2023-09-02 18:03:39,192 - elsapy.elssearch - INFO - Module loaded.
2023-09-02 18:03:39,610 - elsapy.elsclient - INFO - Module loaded.
2023-09-02 18:03:39,965 - elsapy.elsentity - INFO - Module loaded.
2023-09-02 18:03:39,978 - elsapy.utils - INFO - Module loaded.
2023-09-02 18:03:39,983 - elsapy.elsprofile - INFO - Module loaded.
2023-09-02 18:03:39,989 - elsapy.elssearch - INFO - Module loaded.
2023-09-02 18:03:40,064 - elsapy.elsclient - INFO - Module loaded.
2023-09-02 18:03:40,321 - elsapy.elsentity - INFO - Module loaded.
2023-09-02 18:03:40,329 - elsapy.utils - INFO - Module loaded.
2023-09-02 18:03:40,335 - elsapy.elsprofile - INFO - Module loaded.
2023-09-02 18:03:40,340 - elsapy.elssearch - INFO - Module loaded.
2023-09-02 18:04:06,877 - elsapy.elsclient - INFO - Module loaded.
2023-09-02 18:04:06,878 - elsapy.elsclient - INFO - Module loaded.
2023-09-02 18:04:07,231 - elsapy.elsentity - INFO - Module loaded.
2023-09-02 18:04:07,231 - elsapy.elsentity - INFO - Module loaded.
2023-09-02 18:04:07,233 - elsapy.utils - INFO - Module loaded.
2023-09-02 18:04:07,235 - elsapy.utils - INFO - Module loaded.
2023-09-02 18:04:07,238 - elsapy.elsprofile - INFO - Module loaded.
2023-09-02 18:04:07,239 - elsapy.elsprofile - INFO - Module loaded.
2023-09-02 18:04:07,241 - elsapy.elssearch - INFO - Module loaded.
2023-09-02 18:04:07,242 - elsapy.elssearch - INFO - Module loaded.
2023-09-02 18:04:07,570 - elsapy.elsclient - INFO - Module loaded.
2023-09-02 18:04:07,779 - elsapy.elsentity - INFO - Module loaded.
2023-09-02 18:04:07,782 - elsapy.utils - INFO - Module loaded.
2023-09-02 18:04:07,784 - elsapy.elsprofile - INFO - Module loaded.
2023-09-02 18:04:07,787 - elsapy.elssearch - INFO - Module loaded.
2023-09-02 18:04:09,865 - elsapy.elsclient - INFO - Module loaded.
2023-09-02 18:04:09,868 - elsapy.elsclient - INFO - Module loaded.
2023-09-02 18:04:10,078 - elsapy.elsentity - INFO - Module loaded.
2023-09-02 18:04:10,079 - elsapy.elsentity - INFO - Module loaded.
2023-09-02 18:04:10,081 - elsapy.utils - INFO - Module loaded.
2023-09-02 18:04:10,082 - elsapy.utils - INFO - Module loaded.
2023-09-02 18:04:10,083 - elsapy.elsprofile - INFO - Module loaded.
2023-09-02 18:04:10,084 - elsapy.elsprofile - INFO - Module loaded.
2023-09-02 18:04:10,086 - elsapy.elssearch - INFO - Module loaded.
2023-09-02 18:04:10,087 - elsapy.elssearch - INFO - Module loaded.
2023-09-02 18:04:10,391 - elsapy.elsclient - INFO - Module loaded.
2023-09-02 18:04:10,600 - elsapy.elsentity - INFO - Module loaded.
2023-09-02 18:04:10,603 - elsapy.utils - INFO - Module loaded.
2023-09-02 18:04:10,605 - elsapy.elsprofile - INFO - Module loaded.
2023-09-02 18:04:10,607 - elsapy.elssearch - INFO - Module loaded.
2023-09-02 18:04:10,703 - elsapy.elsclient - INFO - Module loaded.
2023-09-02 18:04:10,915 - elsapy.elsentity - INFO - Module loaded.
2023-09-02 18:04:10,918 - elsapy.utils - INFO - Module loaded.
2023-09-02 18:04:10,921 - elsapy.elsprofile - INFO - Module loaded.
2023-09-02 18:04:10,924 - elsapy.elssearch - INFO - Module loaded.
2023-09-02 18:04:37,426 - elsapy.elsclient - INFO - Module loaded.
2023-09-02 18:04:37,594 - elsapy.elsclient - INFO - Module loaded.
2023-09-02 18:04:37,702 - elsapy.elsentity - INFO - Module loaded.
2023-09-02 18:04:37,705 - elsapy.utils - INFO - Module loaded.
2023-09-02 18:04:37,707 - elsapy.elsprofile - INFO - Module loaded.
2023-09-02 18:04:37,709 - elsapy.elssearch - INFO - Module loaded.
2023-09-02 18:04:37,832 - elsapy.elsentity - INFO - Module loaded.
2023-09-02 18:04:37,834 - elsapy.utils - INFO - Module loaded.
2023-09-02 18:04:37,837 - elsapy.elsprofile - INFO - Module loaded.
2023-09-02 18:04:37,841 - elsapy.elssearch - INFO - Module loaded.
2023-09-02 18:04:38,106 - elsapy.elsclient - INFO - Module loaded.
2023-09-02 18:04:38,311 - elsapy.elsentity - INFO - Module loaded.
2023-09-02 18:04:38,314 - elsapy.utils - INFO - Module loaded.
2023-09-02 18:04:38,316 - elsapy.elsprofile - INFO - Module loaded.
2023-09-02 18:04:38,319 - elsapy.elssearch - INFO - Module loaded.
2023-09-02 18:04:40,402 - elsapy.elsclient - INFO - Module loaded.
2023-09-02 18:04:40,404 - elsapy.elsclient - INFO - Module loaded.
2023-09-02 18:04:40,619 - elsapy.elsentity - INFO - Module loaded.
2023-09-02 18:04:40,619 - elsapy.elsentity - INFO - Module loaded.
2023-09-02 18:04:40,621 - elsapy.utils - INFO - Module loaded.
2023-09-02 18:04:40,621 - elsapy.utils - INFO - Module loaded.
2023-09-02 18:04:40,623 - elsapy.elsprofile - INFO - Module loaded.
2023-09-02 18:04:40,624 - elsapy.elsprofile - INFO - Module loaded.
2023-09-02 18:04:40,625 - elsapy.elssearch - INFO - Module loaded.
2023-09-02 18:04:40,627 - elsapy.elssearch - INFO - Module loaded.
2023-09-02 18:04:40,954 - elsapy.elsclient - INFO - Module loaded.
2023-09-02 18:04:41,149 - elsapy.elsentity - INFO - Module loaded.
2023-09-02 18:04:41,152 - elsapy.utils - INFO - Module loaded.
2023-09-02 18:04:41,154 - elsapy.elsprofile - INFO - Module loaded.
2023-09-02 18:04:41,157 - elsapy.elssearch - INFO - Module loaded.
2023-09-02 18:04:41,261 - elsapy.elsclient - INFO - Module loaded.
2023-09-02 18:04:41,490 - elsapy.elsentity - INFO - Module loaded.
2023-09-02 18:04:41,492 - elsapy.utils - INFO - Module loaded.
2023-09-02 18:04:41,494 - elsapy.elsprofile - INFO - Module loaded.
2023-09-02 18:04:41,496 - elsapy.elssearch - INFO - Module loaded.
2023-09-02 18:05:07,928 - elsapy.elsclient - INFO - Module loaded.
2023-09-02 18:05:08,154 - elsapy.elsclient - INFO - Module loaded.
2023-09-02 18:05:08,230 - elsapy.elsentity - INFO - Module loaded.
2023-09-02 18:05:08,233 - elsapy.utils - INFO - Module loaded.
2023-09-02 18:05:08,235 - elsapy.elsprofile - INFO - Module loaded.
2023-09-02 18:05:08,238 - elsapy.elssearch - INFO - Module loaded.
2023-09-02 18:05:08,402 - elsapy.elsentity - INFO - Module loaded.
2023-09-02 18:05:08,404 - elsapy.utils - INFO - Module loaded.
2023-09-02 18:05:08,407 - elsapy.elsprofile - INFO - Module loaded.
2023-09-02 18:05:08,409 - elsapy.elssearch - INFO - Module loaded.
2023-09-02 18:05:08,607 - elsapy.elsclient - INFO - Module loaded.
2023-09-02 18:05:08,804 - elsapy.elsentity - INFO - Module loaded.
2023-09-02 18:05:08,807 - elsapy.utils - INFO - Module loaded.
2023-09-02 18:05:08,809 - elsapy.elsprofile - INFO - Module loaded.
2023-09-02 18:05:08,812 - elsapy.elssearch - INFO - Module loaded.
2023-09-02 18:05:10,884 - elsapy.elsclient - INFO - Module loaded.
2023-09-02 18:05:10,887 - elsapy.elsclient - INFO - Module loaded.
2023-09-02 18:05:11,112 - elsapy.elsentity - INFO - Module loaded.
2023-09-02 18:05:11,112 - elsapy.elsentity - INFO - Module loaded.
2023-09-02 18:05:11,115 - elsapy.utils - INFO - Module loaded.
2023-09-02 18:05:11,116 - elsapy.utils - INFO - Module loaded.
2023-09-02 18:05:11,117 - elsapy.elsprofile - INFO - Module loaded.
2023-09-02 18:05:11,118 - elsapy.elsprofile - INFO - Module loaded.
2023-09-02 18:05:11,119 - elsapy.elssearch - INFO - Module loaded.
2023-09-02 18:05:11,120 - elsapy.elssearch - INFO - Module loaded.
2023-09-02 18:05:11,420 - elsapy.elsclient - INFO - Module loaded.
2023-09-02 18:05:11,620 - elsapy.elsentity - INFO - Module loaded.
2023-09-02 18:05:11,623 - elsapy.utils - INFO - Module loaded.
2023-09-02 18:05:11,626 - elsapy.elsprofile - INFO - Module loaded.
2023-09-02 18:05:11,628 - elsapy.elssearch - INFO - Module loaded.
2023-09-02 18:05:11,685 - elsapy.elsclient - INFO - Module loaded.
2023-09-02 18:05:11,924 - elsapy.elsentity - INFO - Module loaded.
2023-09-02 18:05:11,927 - elsapy.utils - INFO - Module loaded.
2023-09-02 18:05:11,930 - elsapy.elsprofile - INFO - Module loaded.
2023-09-02 18:05:11,932 - elsapy.elssearch - INFO - Module loaded.
2023-09-02 18:05:38,606 - elsapy.elsclient - INFO - Module loaded.
2023-09-02 18:05:38,642 - elsapy.elsclient - INFO - Module loaded.
2023-09-02 18:05:38,944 - elsapy.elsentity - INFO - Module loaded.
2023-09-02 18:05:38,944 - elsapy.elsentity - INFO - Module loaded.
2023-09-02 18:05:38,947 - elsapy.utils - INFO - Module loaded.
2023-09-02 18:05:38,948 - elsapy.utils - INFO - Module loaded.
2023-09-02 18:05:38,949 - elsapy.elsprofile - INFO - Module loaded.
2023-09-02 18:05:38,950 - elsapy.elsprofile - INFO - Module loaded.
2023-09-02 18:05:38,952 - elsapy.elssearch - INFO - Module loaded.
2023-09-02 18:05:38,953 - elsapy.elssearch - INFO - Module loaded.
2023-09-02 18:05:39,285 - elsapy.elsclient - INFO - Module loaded.
2023-09-02 18:05:39,493 - elsapy.elsentity - INFO - Module loaded.
2023-09-02 18:05:39,496 - elsapy.utils - INFO - Module loaded.
2023-09-02 18:05:39,499 - elsapy.elsprofile - INFO - Module loaded.
2023-09-02 18:05:39,502 - elsapy.elssearch - INFO - Module loaded.
2023-09-02 18:05:41,587 - elsapy.elsclient - INFO - Module loaded.
2023-09-02 18:05:41,589 - elsapy.elsclient - INFO - Module loaded.
2023-09-02 18:05:41,860 - elsapy.elsentity - INFO - Module loaded.
2023-09-02 18:05:41,860 - elsapy.elsentity - INFO - Module loaded.
2023-09-02 18:05:41,863 - elsapy.utils - INFO - Module loaded.
2023-09-02 18:05:41,863 - elsapy.utils - INFO - Module loaded.
2023-09-02 18:05:41,866 - elsapy.elsprofile - INFO - Module loaded.
2023-09-02 18:05:41,866 - elsapy.elsprofile - INFO - Module loaded.
2023-09-02 18:05:41,868 - elsapy.elssearch - INFO - Module loaded.
2023-09-02 18:05:41,868 - elsapy.elssearch - INFO - Module loaded.
2023-09-02 18:05:42,201 - elsapy.elsclient - INFO - Module loaded.
2023-09-02 18:05:42,401 - elsapy.elsentity - INFO - Module loaded.
2023-09-02 18:05:42,403 - elsapy.utils - INFO - Module loaded.
2023-09-02 18:05:42,406 - elsapy.elsprofile - INFO - Module loaded.
2023-09-02 18:05:42,408 - elsapy.elssearch - INFO - Module loaded.
2023-09-02 18:05:42,462 - elsapy.elsclient - INFO - Module loaded.
2023-09-02 18:05:42,678 - elsapy.elsentity - INFO - Module loaded.
2023-09-02 18:05:42,681 - elsapy.utils - INFO - Module loaded.
2023-09-02 18:05:42,683 - elsapy.elsprofile - INFO - Module loaded.
2023-09-02 18:05:42,686 - elsapy.elssearch - INFO - Module loaded.
2023-09-02 18:06:09,205 - elsapy.elsclient - INFO - Module loaded.
2023-09-02 18:06:09,205 - elsapy.elsclient - INFO - Module loaded.
2023-09-02 18:06:09,533 - elsapy.elsentity - INFO - Module loaded.
2023-09-02 18:06:09,533 - elsapy.elsentity - INFO - Module loaded.
2023-09-02 18:06:09,536 - elsapy.utils - INFO - Module loaded.
2023-09-02 18:06:09,538 - elsapy.utils - INFO - Module loaded.
2023-09-02 18:06:09,540 - elsapy.elsprofile - INFO - Module loaded.
2023-09-02 18:06:09,542 - elsapy.elsprofile - INFO - Module loaded.
2023-09-02 18:06:09,545 - elsapy.elssearch - INFO - Module loaded.
2023-09-02 18:06:09,548 - elsapy.elssearch - INFO - Module loaded.
2023-09-02 18:06:09,907 - elsapy.elsclient - INFO - Module loaded.
2023-09-02 18:06:10,144 - elsapy.elsentity - INFO - Module loaded.
2023-09-02 18:06:10,147 - elsapy.utils - INFO - Module loaded.
2023-09-02 18:06:10,149 - elsapy.elsprofile - INFO - Module loaded.
2023-09-02 18:06:10,152 - elsapy.elssearch - INFO - Module loaded.
2023-09-02 18:06:12,226 - elsapy.elsclient - INFO - Module loaded.
2023-09-02 18:06:12,226 - elsapy.elsclient - INFO - Module loaded.
2023-09-02 18:06:12,430 - elsapy.elsentity - INFO - Module loaded.
2023-09-02 18:06:12,430 - elsapy.elsentity - INFO - Module loaded.
2023-09-02 18:06:12,433 - elsapy.utils - INFO - Module loaded.
2023-09-02 18:06:12,433 - elsapy.utils - INFO - Module loaded.
2023-09-02 18:06:12,436 - elsapy.elsprofile - INFO - Module loaded.
2023-09-02 18:06:12,437 - elsapy.elsprofile - INFO - Module loaded.
2023-09-02 18:06:12,439 - elsapy.elssearch - INFO - Module loaded.
2023-09-02 18:06:12,440 - elsapy.elssearch - INFO - Module loaded.
2023-09-02 18:06:12,753 - elsapy.elsclient - INFO - Module loaded.
2023-09-02 18:06:12,952 - elsapy.elsentity - INFO - Module loaded.
2023-09-02 18:06:12,954 - elsapy.utils - INFO - Module loaded.
2023-09-02 18:06:12,957 - elsapy.elsprofile - INFO - Module loaded.
2023-09-02 18:06:12,959 - elsapy.elssearch - INFO - Module loaded.
2023-09-02 18:06:13,012 - elsapy.elsclient - INFO - Module loaded.
2023-09-02 18:06:13,223 - elsapy.elsentity - INFO - Module loaded.
2023-09-02 18:06:13,226 - elsapy.utils - INFO - Module loaded.
2023-09-02 18:06:13,228 - elsapy.elsprofile - INFO - Module loaded.
2023-09-02 18:06:13,230 - elsapy.elssearch - INFO - Module loaded.
2023-09-02 18:06:39,719 - elsapy.elsclient - INFO - Module loaded.
2023-09-02 18:06:39,888 - elsapy.elsclient - INFO - Module loaded.
2023-09-02 18:06:40,230 - elsapy.elsentity - INFO - Module loaded.
2023-09-02 18:06:40,233 - elsapy.utils - INFO - Module loaded.
2023-09-02 18:06:40,235 - elsapy.elsprofile - INFO - Module loaded.
2023-09-02 18:06:40,237 - elsapy.elssearch - INFO - Module loaded.
2023-09-02 18:06:40,293 - elsapy.elsentity - INFO - Module loaded.
2023-09-02 18:06:40,296 - elsapy.utils - INFO - Module loaded.
2023-09-02 18:06:40,300 - elsapy.elsprofile - INFO - Module loaded.
2023-09-02 18:06:40,303 - elsapy.elssearch - INFO - Module loaded.
2023-09-02 18:06:40,593 - elsapy.elsclient - INFO - Module loaded.
2023-09-02 18:06:40,839 - elsapy.elsentity - INFO - Module loaded.
2023-09-02 18:06:40,843 - elsapy.utils - INFO - Module loaded.
2023-09-02 18:06:40,846 - elsapy.elsprofile - INFO - Module loaded.
2023-09-02 18:06:40,849 - elsapy.elssearch - INFO - Module loaded.
2023-09-02 18:06:42,913 - elsapy.elsclient - INFO - Module loaded.
2023-09-02 18:06:42,914 - elsapy.elsclient - INFO - Module loaded.
2023-09-02 18:06:43,252 - elsapy.elsentity - INFO - Module loaded.
2023-09-02 18:06:43,252 - elsapy.elsentity - INFO - Module loaded.
2023-09-02 18:06:43,255 - elsapy.utils - INFO - Module loaded.
2023-09-02 18:06:43,256 - elsapy.utils - INFO - Module loaded.
2023-09-02 18:06:43,258 - elsapy.elsprofile - INFO - Module loaded.
2023-09-02 18:06:43,260 - elsapy.elsprofile - INFO - Module loaded.
2023-09-02 18:06:43,264 - elsapy.elssearch - INFO - Module loaded.
2023-09-02 18:06:43,266 - elsapy.elssearch - INFO - Module loaded.
2023-09-02 18:06:43,676 - elsapy.elsclient - INFO - Module loaded.
2023-09-02 18:06:44,133 - elsapy.elsentity - INFO - Module loaded.
2023-09-02 18:06:44,137 - elsapy.utils - INFO - Module loaded.
2023-09-02 18:06:44,139 - elsapy.elsprofile - INFO - Module loaded.
2023-09-02 18:06:44,141 - elsapy.elssearch - INFO - Module loaded.
2023-09-02 18:06:44,200 - elsapy.elsclient - INFO - Module loaded.
2023-09-02 18:06:44,557 - elsapy.elsentity - INFO - Module loaded.
2023-09-02 18:06:44,566 - elsapy.utils - INFO - Module loaded.
2023-09-02 18:06:44,576 - elsapy.elsprofile - INFO - Module loaded.
2023-09-02 18:06:44,581 - elsapy.elssearch - INFO - Module loaded.
2023-09-02 18:07:10,590 - elsapy.elsclient - INFO - Module loaded.
2023-09-02 18:07:10,589 - elsapy.elsclient - INFO - Module loaded.
2023-09-02 18:07:10,996 - elsapy.elsentity - INFO - Module loaded.
2023-09-02 18:07:10,996 - elsapy.elsentity - INFO - Module loaded.
2023-09-02 18:07:10,999 - elsapy.utils - INFO - Module loaded.
2023-09-02 18:07:11,000 - elsapy.utils - INFO - Module loaded.
2023-09-02 18:07:11,002 - elsapy.elsprofile - INFO - Module loaded.
2023-09-02 18:07:11,004 - elsapy.elsprofile - INFO - Module loaded.
2023-09-02 18:07:11,005 - elsapy.elssearch - INFO - Module loaded.
2023-09-02 18:07:11,006 - elsapy.elssearch - INFO - Module loaded.
2023-09-02 18:07:11,352 - elsapy.elsclient - INFO - Module loaded.
2023-09-02 18:07:11,593 - elsapy.elsentity - INFO - Module loaded.
2023-09-02 18:07:11,596 - elsapy.utils - INFO - Module loaded.
2023-09-02 18:07:11,599 - elsapy.elsprofile - INFO - Module loaded.
2023-09-02 18:07:11,602 - elsapy.elssearch - INFO - Module loaded.
2023-09-02 18:07:13,690 - elsapy.elsclient - INFO - Module loaded.
2023-09-02 18:07:13,693 - elsapy.elsclient - INFO - Module loaded.
2023-09-02 18:07:13,949 - elsapy.elsentity - INFO - Module loaded.
2023-09-02 18:07:13,950 - elsapy.elsentity - INFO - Module loaded.
2023-09-02 18:07:13,952 - elsapy.utils - INFO - Module loaded.
2023-09-02 18:07:13,953 - elsapy.utils - INFO - Module loaded.
2023-09-02 18:07:13,954 - elsapy.elsprofile - INFO - Module loaded.
2023-09-02 18:07:13,955 - elsapy.elsprofile - INFO - Module loaded.
2023-09-02 18:07:13,957 - elsapy.elssearch - INFO - Module loaded.
2023-09-02 18:07:13,958 - elsapy.elssearch - INFO - Module loaded.
2023-09-02 18:07:14,285 - elsapy.elsclient - INFO - Module loaded.
2023-09-02 18:07:14,510 - elsapy.elsentity - INFO - Module loaded.
2023-09-02 18:07:14,512 - elsapy.utils - INFO - Module loaded.
2023-09-02 18:07:14,515 - elsapy.elsprofile - INFO - Module loaded.
2023-09-02 18:07:14,518 - elsapy.elssearch - INFO - Module loaded.
2023-09-02 18:07:15,599 - elsapy.elsclient - INFO - Module loaded.
2023-09-02 18:07:15,867 - elsapy.elsentity - INFO - Module loaded.
2023-09-02 18:07:15,871 - elsapy.utils - INFO - Module loaded.
2023-09-02 18:07:15,873 - elsapy.elsprofile - INFO - Module loaded.
2023-09-02 18:07:15,876 - elsapy.elssearch - INFO - Module loaded.
2023-09-02 18:07:41,415 - elsapy.elsclient - INFO - Module loaded.
2023-09-02 18:07:41,415 - elsapy.elsclient - INFO - Module loaded.
2023-09-02 18:07:42,001 - elsapy.elsentity - INFO - Module loaded.
2023-09-02 18:07:42,001 - elsapy.elsentity - INFO - Module loaded.
2023-09-02 18:07:42,004 - elsapy.utils - INFO - Module loaded.
2023-09-02 18:07:42,004 - elsapy.utils - INFO - Module loaded.
2023-09-02 18:07:42,006 - elsapy.elsprofile - INFO - Module loaded.
2023-09-02 18:07:42,007 - elsapy.elsprofile - INFO - Module loaded.
2023-09-02 18:07:42,009 - elsapy.elssearch - INFO - Module loaded.
2023-09-02 18:07:42,010 - elsapy.elssearch - INFO - Module loaded.
2023-09-02 18:07:42,378 - elsapy.elsclient - INFO - Module loaded.
2023-09-02 18:07:42,612 - elsapy.elsentity - INFO - Module loaded.
2023-09-02 18:07:42,618 - elsapy.utils - INFO - Module loaded.
2023-09-02 18:07:42,620 - elsapy.elsprofile - INFO - Module loaded.
2023-09-02 18:07:42,622 - elsapy.elssearch - INFO - Module loaded.
2023-09-02 18:07:44,709 - elsapy.elsclient - INFO - Module loaded.
2023-09-02 18:07:44,711 - elsapy.elsclient - INFO - Module loaded.
2023-09-02 18:07:44,972 - elsapy.elsentity - INFO - Module loaded.
2023-09-02 18:07:44,975 - elsapy.elsentity - INFO - Module loaded.
2023-09-02 18:07:44,975 - elsapy.utils - INFO - Module loaded.
2023-09-02 18:07:44,979 - elsapy.utils - INFO - Module loaded.
2023-09-02 18:07:44,979 - elsapy.elsprofile - INFO - Module loaded.
2023-09-02 18:07:44,983 - elsapy.elsprofile - INFO - Module loaded.
2023-09-02 18:07:44,985 - elsapy.elssearch - INFO - Module loaded.
2023-09-02 18:07:44,986 - elsapy.elssearch - INFO - Module loaded.
2023-09-02 18:07:45,320 - elsapy.elsclient - INFO - Module loaded.
2023-09-02 18:07:45,548 - elsapy.elsentity - INFO - Module loaded.
2023-09-02 18:07:45,550 - elsapy.utils - INFO - Module loaded.
2023-09-02 18:07:45,553 - elsapy.elsprofile - INFO - Module loaded.
2023-09-02 18:07:45,556 - elsapy.elssearch - INFO - Module loaded.
2023-09-02 18:07:46,643 - elsapy.elsclient - INFO - Module loaded.
2023-09-02 18:07:46,862 - elsapy.elsentity - INFO - Module loaded.
2023-09-02 18:07:46,865 - elsapy.utils - INFO - Module loaded.
2023-09-02 18:07:46,868 - elsapy.elsprofile - INFO - Module loaded.
2023-09-02 18:07:46,871 - elsapy.elssearch - INFO - Module loaded.
2023-09-02 18:08:12,292 - elsapy.elsclient - INFO - Module loaded.
2023-09-02 18:08:12,292 - elsapy.elsclient - INFO - Module loaded.
2023-09-02 18:08:12,847 - elsapy.elsentity - INFO - Module loaded.
2023-09-02 18:08:12,848 - elsapy.elsentity - INFO - Module loaded.
2023-09-02 18:08:12,851 - elsapy.utils - INFO - Module loaded.
2023-09-02 18:08:12,853 - elsapy.utils - INFO - Module loaded.
2023-09-02 18:08:12,855 - elsapy.elsprofile - INFO - Module loaded.
2023-09-02 18:08:12,857 - elsapy.elsprofile - INFO - Module loaded.
2023-09-02 18:08:12,861 - elsapy.elssearch - INFO - Module loaded.
2023-09-02 18:08:12,865 - elsapy.elssearch - INFO - Module loaded.
2023-09-02 18:08:13,254 - elsapy.elsclient - INFO - Module loaded.
2023-09-02 18:08:13,573 - elsapy.elsentity - INFO - Module loaded.
2023-09-02 18:08:13,595 - elsapy.utils - INFO - Module loaded.
2023-09-02 18:08:13,605 - elsapy.elsprofile - INFO - Module loaded.
2023-09-02 18:08:13,615 - elsapy.elssearch - INFO - Module loaded.
2023-09-02 18:08:15,748 - elsapy.elsclient - INFO - Module loaded.
2023-09-02 18:08:15,748 - elsapy.elsclient - INFO - Module loaded.
2023-09-02 18:08:16,032 - elsapy.elsentity - INFO - Module loaded.
2023-09-02 18:08:16,032 - elsapy.elsentity - INFO - Module loaded.
2023-09-02 18:08:16,035 - elsapy.utils - INFO - Module loaded.
2023-09-02 18:08:16,036 - elsapy.utils - INFO - Module loaded.
2023-09-02 18:08:16,038 - elsapy.elsprofile - INFO - Module loaded.
2023-09-02 18:08:16,040 - elsapy.elsprofile - INFO - Module loaded.
2023-09-02 18:08:16,041 - elsapy.elssearch - INFO - Module loaded.
2023-09-02 18:08:16,043 - elsapy.elssearch - INFO - Module loaded.
2023-09-02 18:08:16,536 - elsapy.elsclient - INFO - Module loaded.
2023-09-02 18:08:16,851 - elsapy.elsentity - INFO - Module loaded.
2023-09-02 18:08:16,857 - elsapy.utils - INFO - Module loaded.
2023-09-02 18:08:16,861 - elsapy.elsprofile - INFO - Module loaded.
2023-09-02 18:08:16,866 - elsapy.elssearch - INFO - Module loaded.
2023-09-02 18:08:16,955 - elsapy.elsclient - INFO - Module loaded.
2023-09-02 18:08:17,234 - elsapy.elsentity - INFO - Module loaded.
2023-09-02 18:08:17,238 - elsapy.utils - INFO - Module loaded.
2023-09-02 18:08:17,242 - elsapy.elsprofile - INFO - Module loaded.
2023-09-02 18:08:17,245 - elsapy.elssearch - INFO - Module loaded.
2023-09-02 18:08:43,023 - elsapy.elsclient - INFO - Module loaded.
2023-09-02 18:08:43,456 - elsapy.elsentity - INFO - Module loaded.
2023-09-02 18:08:43,458 - elsapy.utils - INFO - Module loaded.
2023-09-02 18:08:43,461 - elsapy.elsprofile - INFO - Module loaded.
2023-09-02 18:08:43,464 - elsapy.elssearch - INFO - Module loaded.
2023-09-02 18:08:43,546 - elsapy.elsclient - INFO - Module loaded.
2023-09-02 18:08:43,905 - elsapy.elsentity - INFO - Module loaded.
2023-09-02 18:08:43,908 - elsapy.utils - INFO - Module loaded.
2023-09-02 18:08:43,910 - elsapy.elsprofile - INFO - Module loaded.
2023-09-02 18:08:43,913 - elsapy.elssearch - INFO - Module loaded.
2023-09-02 18:08:44,095 - elsapy.elsclient - INFO - Module loaded.
2023-09-02 18:08:44,310 - elsapy.elsentity - INFO - Module loaded.
2023-09-02 18:08:44,313 - elsapy.utils - INFO - Module loaded.
2023-09-02 18:08:44,315 - elsapy.elsprofile - INFO - Module loaded.
2023-09-02 18:08:44,318 - elsapy.elssearch - INFO - Module loaded.
2023-09-02 18:08:46,407 - elsapy.elsclient - INFO - Module loaded.
2023-09-02 18:08:46,410 - elsapy.elsclient - INFO - Module loaded.
2023-09-02 18:08:46,652 - elsapy.elsentity - INFO - Module loaded.
2023-09-02 18:08:46,653 - elsapy.elsentity - INFO - Module loaded.
2023-09-02 18:08:46,655 - elsapy.utils - INFO - Module loaded.
2023-09-02 18:08:46,656 - elsapy.utils - INFO - Module loaded.
2023-09-02 18:08:46,658 - elsapy.elsprofile - INFO - Module loaded.
2023-09-02 18:08:46,660 - elsapy.elsprofile - INFO - Module loaded.
2023-09-02 18:08:46,661 - elsapy.elssearch - INFO - Module loaded.
2023-09-02 18:08:46,662 - elsapy.elssearch - INFO - Module loaded.
2023-09-02 18:08:46,994 - elsapy.elsclient - INFO - Module loaded.
2023-09-02 18:08:47,212 - elsapy.elsentity - INFO - Module loaded.
2023-09-02 18:08:47,215 - elsapy.utils - INFO - Module loaded.
2023-09-02 18:08:47,217 - elsapy.elsprofile - INFO - Module loaded.
2023-09-02 18:08:47,220 - elsapy.elssearch - INFO - Module loaded.
2023-09-02 18:08:47,605 - elsapy.elsclient - INFO - Module loaded.
2023-09-02 18:08:47,824 - elsapy.elsentity - INFO - Module loaded.
2023-09-02 18:08:47,826 - elsapy.utils - INFO - Module loaded.
2023-09-02 18:08:47,829 - elsapy.elsprofile - INFO - Module loaded.
2023-09-02 18:08:47,831 - elsapy.elssearch - INFO - Module loaded.
2023-09-02 18:09:13,590 - elsapy.elsclient - INFO - Module loaded.
2023-09-02 18:09:13,796 - elsapy.elsentity - INFO - Module loaded.
2023-09-02 18:09:13,799 - elsapy.utils - INFO - Module loaded.
2023-09-02 18:09:13,802 - elsapy.elsprofile - INFO - Module loaded.
2023-09-02 18:09:13,804 - elsapy.elssearch - INFO - Module loaded.
2023-09-02 18:09:14,608 - elsapy.elsclient - INFO - Module loaded.
2023-09-02 18:09:14,823 - elsapy.elsentity - INFO - Module loaded.
2023-09-02 18:09:14,826 - elsapy.utils - INFO - Module loaded.
2023-09-02 18:09:14,829 - elsapy.elsprofile - INFO - Module loaded.
2023-09-02 18:09:14,831 - elsapy.elssearch - INFO - Module loaded.
2023-09-02 18:09:15,023 - elsapy.elsclient - INFO - Module loaded.
2023-09-02 18:09:15,241 - elsapy.elsentity - INFO - Module loaded.
2023-09-02 18:09:15,244 - elsapy.utils - INFO - Module loaded.
2023-09-02 18:09:15,246 - elsapy.elsprofile - INFO - Module loaded.
2023-09-02 18:09:15,249 - elsapy.elssearch - INFO - Module loaded.
2023-09-02 18:09:17,332 - elsapy.elsclient - INFO - Module loaded.
2023-09-02 18:09:17,334 - elsapy.elsclient - INFO - Module loaded.
2023-09-02 18:09:17,693 - elsapy.elsentity - INFO - Module loaded.
2023-09-02 18:09:17,693 - elsapy.elsentity - INFO - Module loaded.
2023-09-02 18:09:17,696 - elsapy.utils - INFO - Module loaded.
2023-09-02 18:09:17,697 - elsapy.utils - INFO - Module loaded.
2023-09-02 18:09:17,699 - elsapy.elsprofile - INFO - Module loaded.
2023-09-02 18:09:17,699 - elsapy.elsprofile - INFO - Module loaded.
2023-09-02 18:09:17,702 - elsapy.elssearch - INFO - Module loaded.
2023-09-02 18:09:17,702 - elsapy.elssearch - INFO - Module loaded.
2023-09-02 18:09:18,054 - elsapy.elsclient - INFO - Module loaded.
2023-09-02 18:09:18,275 - elsapy.elsentity - INFO - Module loaded.
2023-09-02 18:09:18,278 - elsapy.utils - INFO - Module loaded.
2023-09-02 18:09:18,280 - elsapy.elsprofile - INFO - Module loaded.
2023-09-02 18:09:18,283 - elsapy.elssearch - INFO - Module loaded.
2023-09-02 18:09:18,349 - elsapy.elsclient - INFO - Module loaded.
2023-09-02 18:09:18,665 - elsapy.elsentity - INFO - Module loaded.
2023-09-02 18:09:18,668 - elsapy.utils - INFO - Module loaded.
2023-09-02 18:09:18,672 - elsapy.elsprofile - INFO - Module loaded.
2023-09-02 18:09:18,675 - elsapy.elssearch - INFO - Module loaded.
2023-09-02 18:09:44,593 - elsapy.elsclient - INFO - Module loaded.
2023-09-02 18:09:45,034 - elsapy.elsentity - INFO - Module loaded.
2023-09-02 18:09:45,037 - elsapy.utils - INFO - Module loaded.
2023-09-02 18:09:45,039 - elsapy.elsprofile - INFO - Module loaded.
2023-09-02 18:09:45,042 - elsapy.elssearch - INFO - Module loaded.
2023-09-02 18:09:45,123 - elsapy.elsclient - INFO - Module loaded.
2023-09-02 18:09:45,539 - elsapy.elsentity - INFO - Module loaded.
2023-09-02 18:09:45,543 - elsapy.utils - INFO - Module loaded.
2023-09-02 18:09:45,546 - elsapy.elsprofile - INFO - Module loaded.
2023-09-02 18:09:45,550 - elsapy.elssearch - INFO - Module loaded.
2023-09-02 18:09:45,784 - elsapy.elsclient - INFO - Module loaded.
2023-09-02 18:09:46,035 - elsapy.elsentity - INFO - Module loaded.
2023-09-02 18:09:46,039 - elsapy.utils - INFO - Module loaded.
2023-09-02 18:09:46,042 - elsapy.elsprofile - INFO - Module loaded.
2023-09-02 18:09:46,045 - elsapy.elssearch - INFO - Module loaded.
2023-09-02 18:09:48,140 - elsapy.elsclient - INFO - Module loaded.
2023-09-02 18:09:48,142 - elsapy.elsclient - INFO - Module loaded.
2023-09-02 18:09:48,382 - elsapy.elsentity - INFO - Module loaded.
2023-09-02 18:09:48,384 - elsapy.elsentity - INFO - Module loaded.
2023-09-02 18:09:48,384 - elsapy.utils - INFO - Module loaded.
2023-09-02 18:09:48,386 - elsapy.utils - INFO - Module loaded.
2023-09-02 18:09:48,388 - elsapy.elsprofile - INFO - Module loaded.
2023-09-02 18:09:48,389 - elsapy.elsprofile - INFO - Module loaded.
2023-09-02 18:09:48,390 - elsapy.elssearch - INFO - Module loaded.
2023-09-02 18:09:48,391 - elsapy.elssearch - INFO - Module loaded.
2023-09-02 18:09:48,726 - elsapy.elsclient - INFO - Module loaded.
2023-09-02 18:09:48,939 - elsapy.elsentity - INFO - Module loaded.
2023-09-02 18:09:48,942 - elsapy.utils - INFO - Module loaded.
2023-09-02 18:09:48,944 - elsapy.elsprofile - INFO - Module loaded.
2023-09-02 18:09:48,946 - elsapy.elssearch - INFO - Module loaded.
2023-09-02 18:09:49,010 - elsapy.elsclient - INFO - Module loaded.
2023-09-02 18:09:49,220 - elsapy.elsentity - INFO - Module loaded.
2023-09-02 18:09:49,222 - elsapy.utils - INFO - Module loaded.
2023-09-02 18:09:49,225 - elsapy.elsprofile - INFO - Module loaded.
2023-09-02 18:09:49,227 - elsapy.elssearch - INFO - Module loaded.
2023-09-02 18:10:16,079 - elsapy.elsclient - INFO - Module loaded.
2023-09-02 18:10:16,079 - elsapy.elsclient - INFO - Module loaded.
2023-09-02 18:10:16,294 - elsapy.elsentity - INFO - Module loaded.
2023-09-02 18:10:16,296 - elsapy.elsentity - INFO - Module loaded.
2023-09-02 18:10:16,296 - elsapy.utils - INFO - Module loaded.
2023-09-02 18:10:16,298 - elsapy.utils - INFO - Module loaded.
2023-09-02 18:10:16,299 - elsapy.elsprofile - INFO - Module loaded.
2023-09-02 18:10:16,300 - elsapy.elsprofile - INFO - Module loaded.
2023-09-02 18:10:16,302 - elsapy.elssearch - INFO - Module loaded.
2023-09-02 18:10:16,303 - elsapy.elssearch - INFO - Module loaded.
2023-09-02 18:10:16,637 - elsapy.elsclient - INFO - Module loaded.
2023-09-02 18:10:16,859 - elsapy.elsentity - INFO - Module loaded.
2023-09-02 18:10:16,862 - elsapy.utils - INFO - Module loaded.
2023-09-02 18:10:16,864 - elsapy.elsprofile - INFO - Module loaded.
2023-09-02 18:10:16,867 - elsapy.elssearch - INFO - Module loaded.
2023-09-02 18:10:18,957 - elsapy.elsclient - INFO - Module loaded.
2023-09-02 18:10:18,962 - elsapy.elsclient - INFO - Module loaded.
2023-09-02 18:10:19,299 - elsapy.elsentity - INFO - Module loaded.
2023-09-02 18:10:19,302 - elsapy.utils - INFO - Module loaded.
2023-09-02 18:10:19,305 - elsapy.elsentity - INFO - Module loaded.
2023-09-02 18:10:19,305 - elsapy.elsprofile - INFO - Module loaded.
2023-09-02 18:10:19,307 - elsapy.utils - INFO - Module loaded.
2023-09-02 18:10:19,307 - elsapy.elssearch - INFO - Module loaded.
2023-09-02 18:10:19,309 - elsapy.elsprofile - INFO - Module loaded.
2023-09-02 18:10:19,312 - elsapy.elssearch - INFO - Module loaded.
2023-09-02 18:10:19,645 - elsapy.elsclient - INFO - Module loaded.
2023-09-02 18:10:19,947 - elsapy.elsentity - INFO - Module loaded.
2023-09-02 18:10:19,951 - elsapy.utils - INFO - Module loaded.
2023-09-02 18:10:19,954 - elsapy.elsprofile - INFO - Module loaded.
2023-09-02 18:10:19,956 - elsapy.elssearch - INFO - Module loaded.
2023-09-02 18:10:20,035 - elsapy.elsclient - INFO - Module loaded.
2023-09-02 18:10:20,373 - elsapy.elsentity - INFO - Module loaded.
2023-09-02 18:10:20,376 - elsapy.utils - INFO - Module loaded.
2023-09-02 18:10:20,379 - elsapy.elsprofile - INFO - Module loaded.
2023-09-02 18:10:20,382 - elsapy.elssearch - INFO - Module loaded.
2023-09-02 18:10:47,249 - elsapy.elsclient - INFO - Module loaded.
2023-09-02 18:10:47,249 - elsapy.elsclient - INFO - Module loaded.
2023-09-02 18:10:47,762 - elsapy.elsentity - INFO - Module loaded.
2023-09-02 18:10:47,762 - elsapy.elsentity - INFO - Module loaded.
2023-09-02 18:10:47,765 - elsapy.utils - INFO - Module loaded.
2023-09-02 18:10:47,767 - elsapy.utils - INFO - Module loaded.
2023-09-02 18:10:47,768 - elsapy.elsprofile - INFO - Module loaded.
2023-09-02 18:10:47,770 - elsapy.elsprofile - INFO - Module loaded.
2023-09-02 18:10:47,771 - elsapy.elssearch - INFO - Module loaded.
2023-09-02 18:10:47,775 - elsapy.elssearch - INFO - Module loaded.
2023-09-02 18:10:48,194 - elsapy.elsclient - INFO - Module loaded.
2023-09-02 18:10:48,432 - elsapy.elsentity - INFO - Module loaded.
2023-09-02 18:10:48,435 - elsapy.utils - INFO - Module loaded.
2023-09-02 18:10:48,437 - elsapy.elsprofile - INFO - Module loaded.
2023-09-02 18:10:48,440 - elsapy.elssearch - INFO - Module loaded.
2023-09-02 18:10:49,517 - elsapy.elsclient - INFO - Module loaded.
2023-09-02 18:10:49,520 - elsapy.elsclient - INFO - Module loaded.
2023-09-02 18:10:49,735 - elsapy.elsentity - INFO - Module loaded.
2023-09-02 18:10:49,735 - elsapy.elsentity - INFO - Module loaded.
2023-09-02 18:10:49,738 - elsapy.utils - INFO - Module loaded.
2023-09-02 18:10:49,739 - elsapy.utils - INFO - Module loaded.
2023-09-02 18:10:49,740 - elsapy.elsprofile - INFO - Module loaded.
2023-09-02 18:10:49,741 - elsapy.elsprofile - INFO - Module loaded.
2023-09-02 18:10:49,742 - elsapy.elssearch - INFO - Module loaded.
2023-09-02 18:10:49,744 - elsapy.elssearch - INFO - Module loaded.
2023-09-02 18:10:50,083 - elsapy.elsclient - INFO - Module loaded.
2023-09-02 18:10:50,284 - elsapy.elsentity - INFO - Module loaded.
2023-09-02 18:10:50,286 - elsapy.utils - INFO - Module loaded.
2023-09-02 18:10:50,289 - elsapy.elsprofile - INFO - Module loaded.
2023-09-02 18:10:50,291 - elsapy.elssearch - INFO - Module loaded.
2023-09-02 18:10:50,660 - elsapy.elsclient - INFO - Module loaded.
2023-09-02 18:10:50,873 - elsapy.elsentity - INFO - Module loaded.
2023-09-02 18:10:50,876 - elsapy.utils - INFO - Module loaded.
2023-09-02 18:10:50,878 - elsapy.elsprofile - INFO - Module loaded.
2023-09-02 18:10:50,880 - elsapy.elssearch - INFO - Module loaded.
2023-09-02 18:11:18,337 - elsapy.elsclient - INFO - Module loaded.
2023-09-02 18:11:18,337 - elsapy.elsclient - INFO - Module loaded.
2023-09-02 18:11:18,709 - elsapy.elsentity - INFO - Module loaded.
2023-09-02 18:11:18,709 - elsapy.elsentity - INFO - Module loaded.
2023-09-02 18:11:18,712 - elsapy.utils - INFO - Module loaded.
2023-09-02 18:11:18,712 - elsapy.utils - INFO - Module loaded.
2023-09-02 18:11:18,714 - elsapy.elsprofile - INFO - Module loaded.
2023-09-02 18:11:18,715 - elsapy.elsprofile - INFO - Module loaded.
2023-09-02 18:11:18,717 - elsapy.elssearch - INFO - Module loaded.
2023-09-02 18:11:18,717 - elsapy.elssearch - INFO - Module loaded.
2023-09-02 18:11:19,116 - elsapy.elsclient - INFO - Module loaded.
2023-09-02 18:11:19,331 - elsapy.elsentity - INFO - Module loaded.
2023-09-02 18:11:19,334 - elsapy.utils - INFO - Module loaded.
2023-09-02 18:11:19,336 - elsapy.elsprofile - INFO - Module loaded.
2023-09-02 18:11:19,338 - elsapy.elssearch - INFO - Module loaded.
2023-09-02 18:11:20,398 - elsapy.elsclient - INFO - Module loaded.
2023-09-02 18:11:20,417 - elsapy.elsclient - INFO - Module loaded.
2023-09-02 18:11:20,636 - elsapy.elsentity - INFO - Module loaded.
2023-09-02 18:11:20,639 - elsapy.utils - INFO - Module loaded.
2023-09-02 18:11:20,643 - elsapy.elsprofile - INFO - Module loaded.
2023-09-02 18:11:20,646 - elsapy.elssearch - INFO - Module loaded.
2023-09-02 18:11:20,652 - elsapy.elsentity - INFO - Module loaded.
2023-09-02 18:11:20,654 - elsapy.utils - INFO - Module loaded.
2023-09-02 18:11:20,656 - elsapy.elsprofile - INFO - Module loaded.
2023-09-02 18:11:20,659 - elsapy.elssearch - INFO - Module loaded.
2023-09-02 18:11:20,721 - elsapy.elsclient - INFO - Module loaded.
2023-09-02 18:11:20,963 - elsapy.elsentity - INFO - Module loaded.
2023-09-02 18:11:20,966 - elsapy.utils - INFO - Module loaded.
2023-09-02 18:11:20,969 - elsapy.elsprofile - INFO - Module loaded.
2023-09-02 18:11:20,971 - elsapy.elssearch - INFO - Module loaded.
2023-09-02 18:11:21,035 - elsapy.elsclient - INFO - Module loaded.
2023-09-02 18:11:21,296 - elsapy.elsentity - INFO - Module loaded.
2023-09-02 18:11:21,299 - elsapy.utils - INFO - Module loaded.
2023-09-02 18:11:21,302 - elsapy.elsprofile - INFO - Module loaded.
2023-09-02 18:11:21,305 - elsapy.elssearch - INFO - Module loaded.
2023-09-02 18:11:49,162 - elsapy.elsclient - INFO - Module loaded.
2023-09-02 18:11:49,164 - elsapy.elsclient - INFO - Module loaded.
2023-09-02 18:11:49,619 - elsapy.elsentity - INFO - Module loaded.
2023-09-02 18:11:49,619 - elsapy.elsentity - INFO - Module loaded.
2023-09-02 18:11:49,623 - elsapy.utils - INFO - Module loaded.
2023-09-02 18:11:49,624 - elsapy.utils - INFO - Module loaded.
2023-09-02 18:11:49,625 - elsapy.elsprofile - INFO - Module loaded.
2023-09-02 18:11:49,626 - elsapy.elsprofile - INFO - Module loaded.
2023-09-02 18:11:49,627 - elsapy.elssearch - INFO - Module loaded.
2023-09-02 18:11:49,629 - elsapy.elssearch - INFO - Module loaded.
2023-09-02 18:11:49,998 - elsapy.elsclient - INFO - Module loaded.
2023-09-02 18:11:50,261 - elsapy.elsentity - INFO - Module loaded.
2023-09-02 18:11:50,267 - elsapy.utils - INFO - Module loaded.
2023-09-02 18:11:50,272 - elsapy.elsprofile - INFO - Module loaded.
2023-09-02 18:11:50,275 - elsapy.elssearch - INFO - Module loaded.
2023-09-02 18:11:51,375 - elsapy.elsclient - INFO - Module loaded.
2023-09-02 18:11:51,375 - elsapy.elsclient - INFO - Module loaded.
2023-09-02 18:11:51,602 - elsapy.elsentity - INFO - Module loaded.
2023-09-02 18:11:51,602 - elsapy.elsentity - INFO - Module loaded.
2023-09-02 18:11:51,605 - elsapy.utils - INFO - Module loaded.
2023-09-02 18:11:51,606 - elsapy.utils - INFO - Module loaded.
2023-09-02 18:11:51,608 - elsapy.elsprofile - INFO - Module loaded.
2023-09-02 18:11:51,609 - elsapy.elsprofile - INFO - Module loaded.
2023-09-02 18:11:51,611 - elsapy.elssearch - INFO - Module loaded.
2023-09-02 18:11:51,612 - elsapy.elssearch - INFO - Module loaded.
2023-09-02 18:11:51,950 - elsapy.elsclient - INFO - Module loaded.
2023-09-02 18:11:52,162 - elsapy.elsentity - INFO - Module loaded.
2023-09-02 18:11:52,164 - elsapy.utils - INFO - Module loaded.
2023-09-02 18:11:52,167 - elsapy.elsprofile - INFO - Module loaded.
2023-09-02 18:11:52,169 - elsapy.elssearch - INFO - Module loaded.
2023-09-02 18:11:52,231 - elsapy.elsclient - INFO - Module loaded.
2023-09-02 18:11:52,444 - elsapy.elsentity - INFO - Module loaded.
2023-09-02 18:11:52,446 - elsapy.utils - INFO - Module loaded.
2023-09-02 18:11:52,449 - elsapy.elsprofile - INFO - Module loaded.
2023-09-02 18:11:52,452 - elsapy.elssearch - INFO - Module loaded.
