2023-05-31 23:28:23,889 - elsapy.elsclient - INFO - Module loaded.
2023-05-31 23:28:24,644 - elsapy.elsentity - INFO - Module loaded.
2023-05-31 23:28:24,651 - elsapy.utils - INFO - Module loaded.
2023-05-31 23:28:24,657 - elsapy.elsprofile - INFO - Module loaded.
2023-05-31 23:28:24,665 - elsapy.elssearch - INFO - Module loaded.
2023-05-31 23:28:25,026 - elsapy.elsclient - INFO - Module loaded.
2023-05-31 23:28:25,291 - elsapy.elsentity - INFO - Module loaded.
2023-05-31 23:28:25,296 - elsapy.utils - INFO - Module loaded.
2023-05-31 23:28:25,301 - elsapy.elsprofile - INFO - Module loaded.
2023-05-31 23:28:25,306 - elsapy.elssearch - INFO - Module loaded.
2023-05-31 23:28:55,200 - elsapy.elsclient - INFO - Module loaded.
2023-05-31 23:28:55,360 - elsapy.elsentity - INFO - Module loaded.
2023-05-31 23:28:55,363 - elsapy.utils - INFO - Module loaded.
2023-05-31 23:28:55,367 - elsapy.elsprofile - INFO - Module loaded.
2023-05-31 23:28:55,369 - elsapy.elssearch - INFO - Module loaded.
2023-05-31 23:28:55,668 - elsapy.elsclient - INFO - Module loaded.
2023-05-31 23:28:55,801 - elsapy.elsentity - INFO - Module loaded.
2023-05-31 23:28:55,804 - elsapy.utils - INFO - Module loaded.
2023-05-31 23:28:55,806 - elsapy.elsprofile - INFO - Module loaded.
2023-05-31 23:28:55,809 - elsapy.elssearch - INFO - Module loaded.
2023-05-31 23:29:25,482 - elsapy.elsclient - INFO - Module loaded.
2023-05-31 23:29:25,632 - elsapy.elsentity - INFO - Module loaded.
2023-05-31 23:29:25,635 - elsapy.utils - INFO - Module loaded.
2023-05-31 23:29:25,638 - elsapy.elsprofile - INFO - Module loaded.
2023-05-31 23:29:25,640 - elsapy.elssearch - INFO - Module loaded.
2023-05-31 23:29:26,040 - elsapy.elsclient - INFO - Module loaded.
2023-05-31 23:29:26,166 - elsapy.elsentity - INFO - Module loaded.
2023-05-31 23:29:26,169 - elsapy.utils - INFO - Module loaded.
2023-05-31 23:29:26,171 - elsapy.elsprofile - INFO - Module loaded.
2023-05-31 23:29:26,174 - elsapy.elssearch - INFO - Module loaded.
2023-05-31 23:29:30,547 - elsapy.elsclient - INFO - Module loaded.
2023-05-31 23:29:30,547 - elsapy.elsclient - INFO - Module loaded.
2023-05-31 23:29:30,548 - elsapy.elsclient - INFO - Module loaded.
2023-05-31 23:29:30,552 - elsapy.elsclient - INFO - Module loaded.
2023-05-31 23:29:31,163 - elsapy.elsentity - INFO - Module loaded.
2023-05-31 23:29:31,163 - elsapy.elsentity - INFO - Module loaded.
2023-05-31 23:29:31,163 - elsapy.elsentity - INFO - Module loaded.
2023-05-31 23:29:31,163 - elsapy.elsentity - INFO - Module loaded.
2023-05-31 23:29:31,166 - elsapy.utils - INFO - Module loaded.
2023-05-31 23:29:31,166 - elsapy.utils - INFO - Module loaded.
2023-05-31 23:29:31,166 - elsapy.utils - INFO - Module loaded.
2023-05-31 23:29:31,168 - elsapy.elsprofile - INFO - Module loaded.
2023-05-31 23:29:31,168 - elsapy.elsprofile - INFO - Module loaded.
2023-05-31 23:29:31,168 - elsapy.utils - INFO - Module loaded.
2023-05-31 23:29:31,172 - elsapy.elsprofile - INFO - Module loaded.
2023-05-31 23:29:31,172 - elsapy.elsprofile - INFO - Module loaded.
2023-05-31 23:29:31,172 - elsapy.elssearch - INFO - Module loaded.
2023-05-31 23:29:31,172 - elsapy.elssearch - INFO - Module loaded.
2023-05-31 23:29:31,175 - elsapy.elssearch - INFO - Module loaded.
2023-05-31 23:29:31,175 - elsapy.elssearch - INFO - Module loaded.
2023-05-31 23:29:32,185 - elsapy.elsclient - INFO - Sending GET request to https://api.elsevier.com/content/author/author_id/24832026300
2023-05-31 23:29:32,856 - elsapy.elsclient - INFO - Module loaded.
2023-05-31 23:29:32,856 - elsapy.elsclient - INFO - Module loaded.
2023-05-31 23:29:32,858 - elsapy.elsclient - INFO - Module loaded.
2023-05-31 23:29:33,009 - elsapy.elsentity - INFO - Module loaded.
2023-05-31 23:29:33,009 - elsapy.elsentity - INFO - Module loaded.
2023-05-31 23:29:33,009 - elsapy.elsentity - INFO - Module loaded.
2023-05-31 23:29:33,012 - elsapy.utils - INFO - Module loaded.
2023-05-31 23:29:33,012 - elsapy.utils - INFO - Module loaded.
2023-05-31 23:29:33,014 - elsapy.utils - INFO - Module loaded.
2023-05-31 23:29:33,014 - elsapy.elsprofile - INFO - Module loaded.
2023-05-31 23:29:33,017 - elsapy.elsprofile - INFO - Module loaded.
2023-05-31 23:29:33,017 - elsapy.elsprofile - INFO - Module loaded.
2023-05-31 23:29:33,019 - elsapy.elssearch - INFO - Module loaded.
2023-05-31 23:29:33,021 - elsapy.elssearch - INFO - Module loaded.
2023-05-31 23:29:33,021 - elsapy.elssearch - INFO - Module loaded.
2023-05-31 23:29:33,061 - elsapy.elsentity - INFO - Data loaded for https://api.elsevier.com/content/author/author_id/24832026300
2023-05-31 23:29:34,067 - elsapy.elsclient - INFO - Sending GET request to https://api.elsevier.com/content/search/scopus?query=AU-ID%2824832026300%29
2023-05-31 23:29:35,425 - elsapy.utils - INFO - Converting prism:coverDate
2023-05-31 23:29:36,422 - elsapy.elsclient - INFO - Sending GET request to https://api.elsevier.com/content/author/author_id/57212998692
2023-05-31 23:29:37,069 - elsapy.elsentity - INFO - Data loaded for https://api.elsevier.com/content/author/author_id/57212998692
2023-05-31 23:29:38,068 - elsapy.elsclient - INFO - Sending GET request to https://api.elsevier.com/content/search/scopus?query=AU-ID%2857212998692%29
2023-05-31 23:29:39,332 - elsapy.utils - INFO - Converting prism:coverDate
2023-05-31 23:29:40,328 - elsapy.elsclient - INFO - Sending GET request to https://api.elsevier.com/content/author/author_id/20436581100
2023-05-31 23:29:40,932 - elsapy.elsentity - INFO - Data loaded for https://api.elsevier.com/content/author/author_id/20436581100
2023-05-31 23:29:41,932 - elsapy.elsclient - INFO - Sending GET request to https://api.elsevier.com/content/search/scopus?query=AU-ID%2820436581100%29
2023-05-31 23:29:42,911 - elsapy.utils - INFO - Converting prism:coverDate
2023-05-31 23:29:43,914 - elsapy.elsclient - INFO - Sending GET request to https://api.elsevier.com/content/author/author_id/24462330500
2023-05-31 23:29:44,534 - elsapy.elsentity - INFO - Data loaded for https://api.elsevier.com/content/author/author_id/24462330500
2023-05-31 23:29:45,536 - elsapy.elsclient - INFO - Sending GET request to https://api.elsevier.com/content/search/scopus?query=AU-ID%2824462330500%29
2023-05-31 23:29:46,581 - elsapy.utils - INFO - Converting prism:coverDate
2023-05-31 23:29:47,582 - elsapy.elsclient - INFO - Sending GET request to https://api.elsevier.com/content/author/author_id/13403648000
2023-05-31 23:29:49,054 - elsapy.elsentity - INFO - Data loaded for https://api.elsevier.com/content/author/author_id/13403648000
2023-05-31 23:29:50,059 - elsapy.elsclient - INFO - Sending GET request to https://api.elsevier.com/content/search/scopus?query=AU-ID%2813403648000%29
2023-05-31 23:29:51,193 - elsapy.utils - INFO - Converting prism:coverDate
2023-05-31 23:29:52,192 - elsapy.elsclient - INFO - Sending GET request to https://api.elsevier.com/content/author/author_id/56491243500
2023-05-31 23:29:52,830 - elsapy.elsentity - INFO - Data loaded for https://api.elsevier.com/content/author/author_id/56491243500
2023-05-31 23:29:53,830 - elsapy.elsclient - INFO - Sending GET request to https://api.elsevier.com/content/search/scopus?query=AU-ID%2856491243500%29
2023-05-31 23:29:55,003 - elsapy.utils - INFO - Converting prism:coverDate
2023-05-31 23:29:55,715 - elsapy.elsclient - INFO - Module loaded.
2023-05-31 23:29:55,880 - elsapy.elsentity - INFO - Module loaded.
2023-05-31 23:29:55,882 - elsapy.utils - INFO - Module loaded.
2023-05-31 23:29:55,884 - elsapy.elsprofile - INFO - Module loaded.
2023-05-31 23:29:55,887 - elsapy.elssearch - INFO - Module loaded.
2023-05-31 23:29:56,525 - elsapy.elsclient - INFO - Module loaded.
2023-05-31 23:29:56,679 - elsapy.elsentity - INFO - Module loaded.
2023-05-31 23:29:56,682 - elsapy.utils - INFO - Module loaded.
2023-05-31 23:29:56,684 - elsapy.elsprofile - INFO - Module loaded.
2023-05-31 23:29:56,687 - elsapy.elssearch - INFO - Module loaded.
2023-05-31 23:29:56,912 - elsapy.elsclient - INFO - Module loaded.
2023-05-31 23:29:57,050 - elsapy.elsentity - INFO - Module loaded.
2023-05-31 23:29:57,053 - elsapy.utils - INFO - Module loaded.
2023-05-31 23:29:57,055 - elsapy.elsprofile - INFO - Module loaded.
2023-05-31 23:29:57,058 - elsapy.elssearch - INFO - Module loaded.
2023-05-31 23:30:27,624 - elsapy.elsclient - INFO - Module loaded.
2023-05-31 23:30:27,754 - elsapy.elsentity - INFO - Module loaded.
2023-05-31 23:30:27,756 - elsapy.utils - INFO - Module loaded.
2023-05-31 23:30:27,758 - elsapy.elsprofile - INFO - Module loaded.
2023-05-31 23:30:27,761 - elsapy.elssearch - INFO - Module loaded.
2023-05-31 23:30:28,001 - elsapy.elsclient - INFO - Module loaded.
2023-05-31 23:30:28,129 - elsapy.elsentity - INFO - Module loaded.
2023-05-31 23:30:28,131 - elsapy.utils - INFO - Module loaded.
2023-05-31 23:30:28,134 - elsapy.elsprofile - INFO - Module loaded.
2023-05-31 23:30:28,136 - elsapy.elssearch - INFO - Module loaded.
2023-05-31 23:30:58,574 - elsapy.elsclient - INFO - Module loaded.
2023-05-31 23:30:58,703 - elsapy.elsentity - INFO - Module loaded.
2023-05-31 23:30:58,706 - elsapy.utils - INFO - Module loaded.
2023-05-31 23:30:58,708 - elsapy.elsprofile - INFO - Module loaded.
2023-05-31 23:30:58,711 - elsapy.elssearch - INFO - Module loaded.
2023-05-31 23:30:58,926 - elsapy.elsclient - INFO - Module loaded.
2023-05-31 23:30:59,058 - elsapy.elsentity - INFO - Module loaded.
2023-05-31 23:30:59,061 - elsapy.utils - INFO - Module loaded.
2023-05-31 23:30:59,063 - elsapy.elsprofile - INFO - Module loaded.
2023-05-31 23:30:59,066 - elsapy.elssearch - INFO - Module loaded.
2023-05-31 23:31:29,560 - elsapy.elsclient - INFO - Module loaded.
2023-05-31 23:31:29,688 - elsapy.elsentity - INFO - Module loaded.
2023-05-31 23:31:29,691 - elsapy.utils - INFO - Module loaded.
2023-05-31 23:31:29,693 - elsapy.elsprofile - INFO - Module loaded.
2023-05-31 23:31:29,696 - elsapy.elssearch - INFO - Module loaded.
2023-05-31 23:31:29,912 - elsapy.elsclient - INFO - Module loaded.
2023-05-31 23:31:30,042 - elsapy.elsentity - INFO - Module loaded.
2023-05-31 23:31:30,046 - elsapy.utils - INFO - Module loaded.
2023-05-31 23:31:30,051 - elsapy.elsprofile - INFO - Module loaded.
2023-05-31 23:31:30,054 - elsapy.elssearch - INFO - Module loaded.
2023-05-31 23:32:00,568 - elsapy.elsclient - INFO - Module loaded.
2023-05-31 23:32:00,720 - elsapy.elsentity - INFO - Module loaded.
2023-05-31 23:32:00,723 - elsapy.utils - INFO - Module loaded.
2023-05-31 23:32:00,726 - elsapy.elsprofile - INFO - Module loaded.
2023-05-31 23:32:00,729 - elsapy.elssearch - INFO - Module loaded.
2023-05-31 23:32:00,968 - elsapy.elsclient - INFO - Module loaded.
2023-05-31 23:32:01,103 - elsapy.elsentity - INFO - Module loaded.
2023-05-31 23:32:01,107 - elsapy.utils - INFO - Module loaded.
2023-05-31 23:32:01,111 - elsapy.elsprofile - INFO - Module loaded.
2023-05-31 23:32:01,114 - elsapy.elssearch - INFO - Module loaded.
2023-05-31 23:32:31,655 - elsapy.elsclient - INFO - Module loaded.
2023-05-31 23:32:31,779 - elsapy.elsentity - INFO - Module loaded.
2023-05-31 23:32:31,782 - elsapy.utils - INFO - Module loaded.
2023-05-31 23:32:31,784 - elsapy.elsprofile - INFO - Module loaded.
2023-05-31 23:32:31,787 - elsapy.elssearch - INFO - Module loaded.
2023-05-31 23:32:32,004 - elsapy.elsclient - INFO - Module loaded.
2023-05-31 23:32:32,132 - elsapy.elsentity - INFO - Module loaded.
2023-05-31 23:32:32,134 - elsapy.utils - INFO - Module loaded.
2023-05-31 23:32:32,137 - elsapy.elsprofile - INFO - Module loaded.
2023-05-31 23:32:32,139 - elsapy.elssearch - INFO - Module loaded.
2023-05-31 23:33:02,610 - elsapy.elsclient - INFO - Module loaded.
2023-05-31 23:33:02,737 - elsapy.elsentity - INFO - Module loaded.
2023-05-31 23:33:02,740 - elsapy.utils - INFO - Module loaded.
2023-05-31 23:33:02,742 - elsapy.elsprofile - INFO - Module loaded.
2023-05-31 23:33:02,745 - elsapy.elssearch - INFO - Module loaded.
2023-05-31 23:33:02,960 - elsapy.elsclient - INFO - Module loaded.
2023-05-31 23:33:03,090 - elsapy.elsentity - INFO - Module loaded.
2023-05-31 23:33:03,092 - elsapy.utils - INFO - Module loaded.
2023-05-31 23:33:03,095 - elsapy.elsprofile - INFO - Module loaded.
2023-05-31 23:33:03,097 - elsapy.elssearch - INFO - Module loaded.
2023-05-31 23:33:33,661 - elsapy.elsclient - INFO - Module loaded.
2023-05-31 23:33:33,790 - elsapy.elsentity - INFO - Module loaded.
2023-05-31 23:33:33,793 - elsapy.utils - INFO - Module loaded.
2023-05-31 23:33:33,795 - elsapy.elsprofile - INFO - Module loaded.
2023-05-31 23:33:33,797 - elsapy.elssearch - INFO - Module loaded.
2023-05-31 23:33:34,015 - elsapy.elsclient - INFO - Module loaded.
2023-05-31 23:33:34,144 - elsapy.elsentity - INFO - Module loaded.
2023-05-31 23:33:34,146 - elsapy.utils - INFO - Module loaded.
2023-05-31 23:33:34,148 - elsapy.elsprofile - INFO - Module loaded.
2023-05-31 23:33:34,150 - elsapy.elssearch - INFO - Module loaded.
2023-05-31 23:34:04,653 - elsapy.elsclient - INFO - Module loaded.
2023-05-31 23:34:04,784 - elsapy.elsentity - INFO - Module loaded.
2023-05-31 23:34:04,787 - elsapy.utils - INFO - Module loaded.
2023-05-31 23:34:04,789 - elsapy.elsprofile - INFO - Module loaded.
2023-05-31 23:34:04,791 - elsapy.elssearch - INFO - Module loaded.
2023-05-31 23:34:05,009 - elsapy.elsclient - INFO - Module loaded.
2023-05-31 23:34:05,137 - elsapy.elsentity - INFO - Module loaded.
2023-05-31 23:34:05,140 - elsapy.utils - INFO - Module loaded.
2023-05-31 23:34:05,142 - elsapy.elsprofile - INFO - Module loaded.
2023-05-31 23:34:05,144 - elsapy.elssearch - INFO - Module loaded.
2023-05-31 23:34:35,602 - elsapy.elsclient - INFO - Module loaded.
2023-05-31 23:34:35,739 - elsapy.elsentity - INFO - Module loaded.
2023-05-31 23:34:35,742 - elsapy.utils - INFO - Module loaded.
2023-05-31 23:34:35,744 - elsapy.elsprofile - INFO - Module loaded.
2023-05-31 23:34:35,747 - elsapy.elssearch - INFO - Module loaded.
2023-05-31 23:34:35,964 - elsapy.elsclient - INFO - Module loaded.
2023-05-31 23:34:36,099 - elsapy.elsentity - INFO - Module loaded.
2023-05-31 23:34:36,101 - elsapy.utils - INFO - Module loaded.
2023-05-31 23:34:36,104 - elsapy.elsprofile - INFO - Module loaded.
2023-05-31 23:34:36,106 - elsapy.elssearch - INFO - Module loaded.
2023-05-31 23:35:06,640 - elsapy.elsclient - INFO - Module loaded.
2023-05-31 23:35:06,849 - elsapy.elsentity - INFO - Module loaded.
2023-05-31 23:35:06,852 - elsapy.utils - INFO - Module loaded.
2023-05-31 23:35:06,855 - elsapy.elsprofile - INFO - Module loaded.
2023-05-31 23:35:06,857 - elsapy.elssearch - INFO - Module loaded.
2023-05-31 23:35:07,128 - elsapy.elsclient - INFO - Module loaded.
2023-05-31 23:35:07,267 - elsapy.elsentity - INFO - Module loaded.
2023-05-31 23:35:07,270 - elsapy.utils - INFO - Module loaded.
2023-05-31 23:35:07,273 - elsapy.elsprofile - INFO - Module loaded.
2023-05-31 23:35:07,276 - elsapy.elssearch - INFO - Module loaded.
2023-05-31 23:35:37,794 - elsapy.elsclient - INFO - Module loaded.
2023-05-31 23:35:37,949 - elsapy.elsentity - INFO - Module loaded.
2023-05-31 23:35:37,953 - elsapy.utils - INFO - Module loaded.
2023-05-31 23:35:37,955 - elsapy.elsprofile - INFO - Module loaded.
2023-05-31 23:35:37,958 - elsapy.elssearch - INFO - Module loaded.
2023-05-31 23:35:38,184 - elsapy.elsclient - INFO - Module loaded.
2023-05-31 23:35:38,321 - elsapy.elsentity - INFO - Module loaded.
2023-05-31 23:35:38,323 - elsapy.utils - INFO - Module loaded.
2023-05-31 23:35:38,326 - elsapy.elsprofile - INFO - Module loaded.
2023-05-31 23:35:38,328 - elsapy.elssearch - INFO - Module loaded.
2023-05-31 23:35:40,663 - elsapy.elsclient - INFO - Module loaded.
2023-05-31 23:35:40,814 - elsapy.elsentity - INFO - Module loaded.
2023-05-31 23:35:40,817 - elsapy.utils - INFO - Module loaded.
2023-05-31 23:35:40,819 - elsapy.elsprofile - INFO - Module loaded.
2023-05-31 23:35:40,822 - elsapy.elssearch - INFO - Module loaded.
2023-05-31 23:36:08,159 - elsapy.elsclient - INFO - Module loaded.
2023-05-31 23:36:08,296 - elsapy.elsentity - INFO - Module loaded.
2023-05-31 23:36:08,299 - elsapy.utils - INFO - Module loaded.
2023-05-31 23:36:08,301 - elsapy.elsprofile - INFO - Module loaded.
2023-05-31 23:36:08,304 - elsapy.elssearch - INFO - Module loaded.
2023-05-31 23:36:11,938 - elsapy.elsclient - INFO - Module loaded.
2023-05-31 23:36:12,085 - elsapy.elsentity - INFO - Module loaded.
2023-05-31 23:36:12,088 - elsapy.utils - INFO - Module loaded.
2023-05-31 23:36:12,090 - elsapy.elsprofile - INFO - Module loaded.
2023-05-31 23:36:12,093 - elsapy.elssearch - INFO - Module loaded.
2023-05-31 23:36:23,339 - elsapy.elsclient - INFO - Module loaded.
2023-05-31 23:36:23,474 - elsapy.elsentity - INFO - Module loaded.
2023-05-31 23:36:23,477 - elsapy.utils - INFO - Module loaded.
2023-05-31 23:36:23,479 - elsapy.elsprofile - INFO - Module loaded.
2023-05-31 23:36:23,482 - elsapy.elssearch - INFO - Module loaded.
2023-05-31 23:36:43,195 - elsapy.elsclient - INFO - Module loaded.
2023-05-31 23:36:43,327 - elsapy.elsentity - INFO - Module loaded.
2023-05-31 23:36:43,330 - elsapy.utils - INFO - Module loaded.
2023-05-31 23:36:43,332 - elsapy.elsprofile - INFO - Module loaded.
2023-05-31 23:36:43,334 - elsapy.elssearch - INFO - Module loaded.
2023-05-31 23:36:54,318 - elsapy.elsclient - INFO - Module loaded.
2023-05-31 23:36:54,465 - elsapy.elsentity - INFO - Module loaded.
2023-05-31 23:36:54,468 - elsapy.utils - INFO - Module loaded.
2023-05-31 23:36:54,470 - elsapy.elsprofile - INFO - Module loaded.
2023-05-31 23:36:54,473 - elsapy.elssearch - INFO - Module loaded.
2023-05-31 23:37:14,380 - elsapy.elsclient - INFO - Module loaded.
2023-05-31 23:37:14,515 - elsapy.elsentity - INFO - Module loaded.
2023-05-31 23:37:14,518 - elsapy.utils - INFO - Module loaded.
2023-05-31 23:37:14,520 - elsapy.elsprofile - INFO - Module loaded.
2023-05-31 23:37:14,523 - elsapy.elssearch - INFO - Module loaded.
2023-05-31 23:37:24,719 - elsapy.elsclient - INFO - Module loaded.
2023-05-31 23:37:24,871 - elsapy.elsentity - INFO - Module loaded.
2023-05-31 23:37:24,875 - elsapy.utils - INFO - Module loaded.
2023-05-31 23:37:24,878 - elsapy.elsprofile - INFO - Module loaded.
2023-05-31 23:37:24,881 - elsapy.elssearch - INFO - Module loaded.
2023-05-31 23:37:26,795 - elsapy.elsclient - INFO - Module loaded.
2023-05-31 23:37:26,942 - elsapy.elsentity - INFO - Module loaded.
2023-05-31 23:37:26,945 - elsapy.utils - INFO - Module loaded.
2023-05-31 23:37:26,947 - elsapy.elsprofile - INFO - Module loaded.
2023-05-31 23:37:26,949 - elsapy.elssearch - INFO - Module loaded.
2023-05-31 23:37:55,776 - elsapy.elsclient - INFO - Module loaded.
2023-05-31 23:37:55,937 - elsapy.elsentity - INFO - Module loaded.
2023-05-31 23:37:55,940 - elsapy.utils - INFO - Module loaded.
2023-05-31 23:37:55,942 - elsapy.elsprofile - INFO - Module loaded.
2023-05-31 23:37:55,944 - elsapy.elssearch - INFO - Module loaded.
2023-05-31 23:37:57,919 - elsapy.elsclient - INFO - Module loaded.
2023-05-31 23:37:58,068 - elsapy.elsentity - INFO - Module loaded.
2023-05-31 23:37:58,071 - elsapy.utils - INFO - Module loaded.
2023-05-31 23:37:58,073 - elsapy.elsprofile - INFO - Module loaded.
2023-05-31 23:37:58,075 - elsapy.elssearch - INFO - Module loaded.
2023-05-31 23:37:58,937 - elsapy.elsclient - INFO - Module loaded.
2023-05-31 23:37:58,948 - elsapy.elsclient - INFO - Module loaded.
2023-05-31 23:37:58,962 - elsapy.elsclient - INFO - Module loaded.
2023-05-31 23:37:58,986 - elsapy.elsclient - INFO - Module loaded.
2023-05-31 23:37:59,018 - elsapy.elsclient - INFO - Module loaded.
2023-05-31 23:37:59,017 - elsapy.elsclient - INFO - Module loaded.
2023-05-31 23:37:59,045 - elsapy.elsclient - INFO - Module loaded.
2023-05-31 23:37:59,051 - elsapy.elsclient - INFO - Module loaded.
2023-05-31 23:37:59,075 - elsapy.elsclient - INFO - Module loaded.
2023-05-31 23:37:59,339 - elsapy.elsentity - INFO - Module loaded.
2023-05-31 23:37:59,353 - elsapy.utils - INFO - Module loaded.
2023-05-31 23:37:59,361 - elsapy.elsprofile - INFO - Module loaded.
2023-05-31 23:37:59,366 - elsapy.elssearch - INFO - Module loaded.
2023-05-31 23:37:59,398 - elsapy.elsentity - INFO - Module loaded.
2023-05-31 23:37:59,409 - elsapy.elsentity - INFO - Module loaded.
2023-05-31 23:37:59,410 - elsapy.utils - INFO - Module loaded.
2023-05-31 23:37:59,423 - elsapy.utils - INFO - Module loaded.
2023-05-31 23:37:59,423 - elsapy.elsprofile - INFO - Module loaded.
2023-05-31 23:37:59,435 - elsapy.elsprofile - INFO - Module loaded.
2023-05-31 23:37:59,445 - elsapy.elssearch - INFO - Module loaded.
2023-05-31 23:37:59,446 - elsapy.elsentity - INFO - Module loaded.
2023-05-31 23:37:59,450 - elsapy.elssearch - INFO - Module loaded.
2023-05-31 23:37:59,460 - elsapy.utils - INFO - Module loaded.
2023-05-31 23:37:59,472 - elsapy.elsprofile - INFO - Module loaded.
2023-05-31 23:37:59,477 - elsapy.elsentity - INFO - Module loaded.
2023-05-31 23:37:59,485 - elsapy.elsentity - INFO - Module loaded.
2023-05-31 23:37:59,488 - elsapy.elssearch - INFO - Module loaded.
2023-05-31 23:37:59,500 - elsapy.utils - INFO - Module loaded.
2023-05-31 23:37:59,500 - elsapy.utils - INFO - Module loaded.
2023-05-31 23:37:59,504 - elsapy.elsprofile - INFO - Module loaded.
2023-05-31 23:37:59,513 - elsapy.elsprofile - INFO - Module loaded.
2023-05-31 23:37:59,514 - elsapy.elssearch - INFO - Module loaded.
2023-05-31 23:37:59,518 - elsapy.elsentity - INFO - Module loaded.
2023-05-31 23:37:59,531 - elsapy.elssearch - INFO - Module loaded.
2023-05-31 23:37:59,538 - elsapy.elsentity - INFO - Module loaded.
2023-05-31 23:37:59,543 - elsapy.utils - INFO - Module loaded.
2023-05-31 23:37:59,544 - elsapy.utils - INFO - Module loaded.
2023-05-31 23:37:59,549 - elsapy.elsprofile - INFO - Module loaded.
2023-05-31 23:37:59,551 - elsapy.elsprofile - INFO - Module loaded.
2023-05-31 23:37:59,554 - elsapy.elsentity - INFO - Module loaded.
2023-05-31 23:37:59,559 - elsapy.elssearch - INFO - Module loaded.
2023-05-31 23:37:59,561 - elsapy.utils - INFO - Module loaded.
2023-05-31 23:37:59,560 - elsapy.elssearch - INFO - Module loaded.
2023-05-31 23:37:59,576 - elsapy.elsprofile - INFO - Module loaded.
2023-05-31 23:37:59,582 - elsapy.elssearch - INFO - Module loaded.
2023-05-31 23:38:00,641 - elsapy.elsclient - INFO - Sending GET request to https://api.elsevier.com/content/author/author_id/24832026300
2023-05-31 23:38:01,691 - elsapy.elsentity - INFO - Data loaded for https://api.elsevier.com/content/author/author_id/24832026300
2023-05-31 23:38:02,691 - elsapy.elsclient - INFO - Sending GET request to https://api.elsevier.com/content/search/scopus?query=AU-ID%2824832026300%29
2023-05-31 23:38:03,493 - elsapy.utils - INFO - Converting prism:coverDate
2023-05-31 23:38:04,494 - elsapy.elsclient - INFO - Sending GET request to https://api.elsevier.com/content/author/author_id/57212998692
2023-05-31 23:38:05,170 - elsapy.elsentity - INFO - Data loaded for https://api.elsevier.com/content/author/author_id/57212998692
2023-05-31 23:38:06,173 - elsapy.elsclient - INFO - Sending GET request to https://api.elsevier.com/content/search/scopus?query=AU-ID%2857212998692%29
2023-05-31 23:38:07,428 - elsapy.utils - INFO - Converting prism:coverDate
2023-05-31 23:38:08,426 - elsapy.elsclient - INFO - Sending GET request to https://api.elsevier.com/content/author/author_id/20436581100
2023-05-31 23:38:08,911 - elsapy.elsentity - INFO - Data loaded for https://api.elsevier.com/content/author/author_id/20436581100
2023-05-31 23:38:09,911 - elsapy.elsclient - INFO - Sending GET request to https://api.elsevier.com/content/search/scopus?query=AU-ID%2820436581100%29
2023-05-31 23:38:11,243 - elsapy.utils - INFO - Converting prism:coverDate
2023-05-31 23:38:12,229 - elsapy.elsclient - INFO - Sending GET request to https://api.elsevier.com/content/author/author_id/24462330500
2023-05-31 23:38:13,124 - elsapy.elsentity - INFO - Data loaded for https://api.elsevier.com/content/author/author_id/24462330500
2023-05-31 23:38:14,122 - elsapy.elsclient - INFO - Sending GET request to https://api.elsevier.com/content/search/scopus?query=AU-ID%2824462330500%29
2023-05-31 23:38:15,212 - elsapy.utils - INFO - Converting prism:coverDate
2023-05-31 23:38:16,213 - elsapy.elsclient - INFO - Sending GET request to https://api.elsevier.com/content/author/author_id/13403648000
2023-05-31 23:38:16,843 - elsapy.elsentity - INFO - Data loaded for https://api.elsevier.com/content/author/author_id/13403648000
2023-05-31 23:38:17,845 - elsapy.elsclient - INFO - Sending GET request to https://api.elsevier.com/content/search/scopus?query=AU-ID%2813403648000%29
2023-05-31 23:38:18,398 - elsapy.utils - INFO - Converting prism:coverDate
2023-05-31 23:38:19,398 - elsapy.elsclient - INFO - Sending GET request to https://api.elsevier.com/content/author/author_id/56491243500
2023-05-31 23:38:20,020 - elsapy.elsentity - INFO - Data loaded for https://api.elsevier.com/content/author/author_id/56491243500
2023-05-31 23:38:21,022 - elsapy.elsclient - INFO - Sending GET request to https://api.elsevier.com/content/search/scopus?query=AU-ID%2856491243500%29
2023-05-31 23:38:22,073 - elsapy.utils - INFO - Converting prism:coverDate
2023-05-31 23:38:22,965 - elsapy.elsclient - INFO - Module loaded.
2023-05-31 23:38:23,141 - elsapy.elsentity - INFO - Module loaded.
2023-05-31 23:38:23,144 - elsapy.utils - INFO - Module loaded.
2023-05-31 23:38:23,145 - elsapy.elsprofile - INFO - Module loaded.
2023-05-31 23:38:23,147 - elsapy.elssearch - INFO - Module loaded.
2023-05-31 23:38:26,100 - elsapy.elsclient - INFO - Module loaded.
2023-05-31 23:38:26,253 - elsapy.elsentity - INFO - Module loaded.
2023-05-31 23:38:26,256 - elsapy.utils - INFO - Module loaded.
2023-05-31 23:38:26,258 - elsapy.elsprofile - INFO - Module loaded.
2023-05-31 23:38:26,260 - elsapy.elssearch - INFO - Module loaded.
2023-05-31 23:38:28,346 - elsapy.elsclient - INFO - Module loaded.
2023-05-31 23:38:28,468 - elsapy.elsentity - INFO - Module loaded.
2023-05-31 23:38:28,471 - elsapy.utils - INFO - Module loaded.
2023-05-31 23:38:28,473 - elsapy.elsprofile - INFO - Module loaded.
2023-05-31 23:38:28,475 - elsapy.elssearch - INFO - Module loaded.
2023-05-31 23:38:30,663 - elsapy.elsclient - INFO - Module loaded.
2023-05-31 23:38:30,810 - elsapy.elsentity - INFO - Module loaded.
2023-05-31 23:38:30,814 - elsapy.utils - INFO - Module loaded.
2023-05-31 23:38:30,818 - elsapy.elsprofile - INFO - Module loaded.
2023-05-31 23:38:30,821 - elsapy.elssearch - INFO - Module loaded.
2023-05-31 23:38:55,575 - elsapy.elsclient - INFO - Module loaded.
2023-05-31 23:38:55,720 - elsapy.elsentity - INFO - Module loaded.
2023-05-31 23:38:55,723 - elsapy.utils - INFO - Module loaded.
2023-05-31 23:38:55,725 - elsapy.elsprofile - INFO - Module loaded.
2023-05-31 23:38:55,728 - elsapy.elssearch - INFO - Module loaded.
2023-05-31 23:38:56,654 - elsapy.elsclient - INFO - Module loaded.
2023-05-31 23:38:56,795 - elsapy.elsentity - INFO - Module loaded.
2023-05-31 23:38:56,798 - elsapy.utils - INFO - Module loaded.
2023-05-31 23:38:56,800 - elsapy.elsprofile - INFO - Module loaded.
2023-05-31 23:38:56,802 - elsapy.elssearch - INFO - Module loaded.
2023-05-31 23:39:15,388 - elsapy.elsclient - INFO - Module loaded.
2023-05-31 23:39:15,444 - elsapy.elsclient - INFO - Module loaded.
2023-05-31 23:39:15,444 - elsapy.elsclient - INFO - Module loaded.
2023-05-31 23:39:15,481 - elsapy.elsclient - INFO - Module loaded.
2023-05-31 23:39:15,496 - elsapy.elsclient - INFO - Module loaded.
2023-05-31 23:39:15,533 - elsapy.elsclient - INFO - Module loaded.
2023-05-31 23:39:15,542 - elsapy.elsclient - INFO - Module loaded.
2023-05-31 23:39:15,571 - elsapy.elsclient - INFO - Module loaded.
2023-05-31 23:39:15,571 - elsapy.elsclient - INFO - Module loaded.
2023-05-31 23:39:15,616 - elsapy.elsclient - INFO - Module loaded.
2023-05-31 23:39:15,845 - elsapy.elsentity - INFO - Module loaded.
2023-05-31 23:39:15,854 - elsapy.elsentity - INFO - Module loaded.
2023-05-31 23:39:15,855 - elsapy.utils - INFO - Module loaded.
2023-05-31 23:39:15,862 - elsapy.elsprofile - INFO - Module loaded.
2023-05-31 23:39:15,862 - elsapy.utils - INFO - Module loaded.
2023-05-31 23:39:15,870 - elsapy.elsprofile - INFO - Module loaded.
2023-05-31 23:39:15,870 - elsapy.elssearch - INFO - Module loaded.
2023-05-31 23:39:15,879 - elsapy.elssearch - INFO - Module loaded.
2023-05-31 23:39:15,879 - elsapy.elsentity - INFO - Module loaded.
2023-05-31 23:39:15,897 - elsapy.utils - INFO - Module loaded.
2023-05-31 23:39:15,908 - elsapy.elsprofile - INFO - Module loaded.
2023-05-31 23:39:15,931 - elsapy.elssearch - INFO - Module loaded.
2023-05-31 23:39:15,931 - elsapy.elsentity - INFO - Module loaded.
2023-05-31 23:39:15,961 - elsapy.elsentity - INFO - Module loaded.
2023-05-31 23:39:15,962 - elsapy.utils - INFO - Module loaded.
2023-05-31 23:39:15,997 - elsapy.utils - INFO - Module loaded.
2023-05-31 23:39:16,000 - elsapy.elsprofile - INFO - Module loaded.
2023-05-31 23:39:16,003 - elsapy.elsentity - INFO - Module loaded.
2023-05-31 23:39:16,016 - elsapy.elsprofile - INFO - Module loaded.
2023-05-31 23:39:16,016 - elsapy.utils - INFO - Module loaded.
2023-05-31 23:39:16,017 - elsapy.elssearch - INFO - Module loaded.
2023-05-31 23:39:16,038 - elsapy.elssearch - INFO - Module loaded.
2023-05-31 23:39:16,039 - elsapy.elsprofile - INFO - Module loaded.
2023-05-31 23:39:16,060 - elsapy.elssearch - INFO - Module loaded.
2023-05-31 23:39:16,095 - elsapy.elsentity - INFO - Module loaded.
2023-05-31 23:39:16,103 - elsapy.utils - INFO - Module loaded.
2023-05-31 23:39:16,122 - elsapy.elsentity - INFO - Module loaded.
2023-05-31 23:39:16,131 - elsapy.elsprofile - INFO - Module loaded.
2023-05-31 23:39:16,135 - elsapy.utils - INFO - Module loaded.
2023-05-31 23:39:16,139 - elsapy.elssearch - INFO - Module loaded.
2023-05-31 23:39:16,139 - elsapy.elsprofile - INFO - Module loaded.
2023-05-31 23:39:16,152 - elsapy.elsentity - INFO - Module loaded.
2023-05-31 23:39:16,153 - elsapy.elssearch - INFO - Module loaded.
2023-05-31 23:39:16,160 - elsapy.utils - INFO - Module loaded.
2023-05-31 23:39:16,172 - elsapy.elsprofile - INFO - Module loaded.
2023-05-31 23:39:16,190 - elsapy.elssearch - INFO - Module loaded.
2023-05-31 23:39:16,217 - elsapy.elsentity - INFO - Module loaded.
2023-05-31 23:39:16,223 - elsapy.utils - INFO - Module loaded.
2023-05-31 23:39:16,229 - elsapy.elsprofile - INFO - Module loaded.
2023-05-31 23:39:16,236 - elsapy.elssearch - INFO - Module loaded.
2023-05-31 23:39:17,599 - elsapy.elsclient - INFO - Sending GET request to https://api.elsevier.com/content/author/author_id/24832026300
2023-05-31 23:39:18,140 - elsapy.elsentity - INFO - Data loaded for https://api.elsevier.com/content/author/author_id/24832026300
2023-05-31 23:39:19,140 - elsapy.elsclient - INFO - Sending GET request to https://api.elsevier.com/content/search/scopus?query=AU-ID%2824832026300%29
2023-05-31 23:39:20,438 - elsapy.utils - INFO - Converting prism:coverDate
2023-05-31 23:39:21,435 - elsapy.elsclient - INFO - Sending GET request to https://api.elsevier.com/content/author/author_id/57212998692
2023-05-31 23:39:21,968 - elsapy.elsentity - INFO - Data loaded for https://api.elsevier.com/content/author/author_id/57212998692
2023-05-31 23:39:22,972 - elsapy.elsclient - INFO - Sending GET request to https://api.elsevier.com/content/search/scopus?query=AU-ID%2857212998692%29
2023-05-31 23:39:24,333 - elsapy.utils - INFO - Converting prism:coverDate
2023-05-31 23:39:25,334 - elsapy.elsclient - INFO - Sending GET request to https://api.elsevier.com/content/author/author_id/20436581100
2023-05-31 23:39:25,794 - elsapy.elsentity - INFO - Data loaded for https://api.elsevier.com/content/author/author_id/20436581100
2023-05-31 23:39:26,023 - elsapy.elsclient - INFO - Module loaded.
2023-05-31 23:39:26,219 - elsapy.elsentity - INFO - Module loaded.
2023-05-31 23:39:26,223 - elsapy.utils - INFO - Module loaded.
2023-05-31 23:39:26,226 - elsapy.elsprofile - INFO - Module loaded.
2023-05-31 23:39:26,228 - elsapy.elssearch - INFO - Module loaded.
2023-05-31 23:39:26,799 - elsapy.elsclient - INFO - Sending GET request to https://api.elsevier.com/content/search/scopus?query=AU-ID%2820436581100%29
2023-05-31 23:39:27,000 - elsapy.elsclient - INFO - Module loaded.
2023-05-31 23:39:27,167 - elsapy.elsentity - INFO - Module loaded.
2023-05-31 23:39:27,170 - elsapy.utils - INFO - Module loaded.
2023-05-31 23:39:27,173 - elsapy.elsprofile - INFO - Module loaded.
2023-05-31 23:39:27,175 - elsapy.elssearch - INFO - Module loaded.
2023-05-31 23:39:27,513 - elsapy.utils - INFO - Converting prism:coverDate
2023-05-31 23:39:28,512 - elsapy.elsclient - INFO - Sending GET request to https://api.elsevier.com/content/author/author_id/24462330500
2023-05-31 23:39:29,035 - elsapy.elsentity - INFO - Data loaded for https://api.elsevier.com/content/author/author_id/24462330500
2023-05-31 23:39:30,036 - elsapy.elsclient - INFO - Sending GET request to https://api.elsevier.com/content/search/scopus?query=AU-ID%2824462330500%29
2023-05-31 23:39:30,616 - elsapy.utils - INFO - Converting prism:coverDate
2023-05-31 23:39:31,608 - elsapy.elsclient - INFO - Sending GET request to https://api.elsevier.com/content/author/author_id/13403648000
2023-05-31 23:39:32,084 - elsapy.elsentity - INFO - Data loaded for https://api.elsevier.com/content/author/author_id/13403648000
2023-05-31 23:39:33,088 - elsapy.elsclient - INFO - Sending GET request to https://api.elsevier.com/content/search/scopus?query=AU-ID%2813403648000%29
2023-05-31 23:39:34,260 - elsapy.utils - INFO - Converting prism:coverDate
2023-05-31 23:39:35,262 - elsapy.elsclient - INFO - Sending GET request to https://api.elsevier.com/content/author/author_id/56491243500
2023-05-31 23:39:35,780 - elsapy.elsentity - INFO - Data loaded for https://api.elsevier.com/content/author/author_id/56491243500
2023-05-31 23:39:36,784 - elsapy.elsclient - INFO - Sending GET request to https://api.elsevier.com/content/search/scopus?query=AU-ID%2856491243500%29
2023-05-31 23:39:37,540 - elsapy.utils - INFO - Converting prism:coverDate
2023-05-31 23:39:56,974 - elsapy.elsclient - INFO - Module loaded.
2023-05-31 23:39:57,150 - elsapy.elsentity - INFO - Module loaded.
2023-05-31 23:39:57,153 - elsapy.utils - INFO - Module loaded.
2023-05-31 23:39:57,155 - elsapy.elsprofile - INFO - Module loaded.
2023-05-31 23:39:57,157 - elsapy.elssearch - INFO - Module loaded.
2023-05-31 23:39:57,332 - elsapy.elsclient - INFO - Module loaded.
2023-05-31 23:39:57,469 - elsapy.elsentity - INFO - Module loaded.
2023-05-31 23:39:57,473 - elsapy.utils - INFO - Module loaded.
2023-05-31 23:39:57,475 - elsapy.elsprofile - INFO - Module loaded.
2023-05-31 23:39:57,479 - elsapy.elssearch - INFO - Module loaded.
2023-05-31 23:40:27,672 - elsapy.elsclient - INFO - Module loaded.
2023-05-31 23:40:27,672 - elsapy.elsclient - INFO - Module loaded.
2023-05-31 23:40:27,823 - elsapy.elsentity - INFO - Module loaded.
2023-05-31 23:40:27,823 - elsapy.elsentity - INFO - Module loaded.
2023-05-31 23:40:27,826 - elsapy.utils - INFO - Module loaded.
2023-05-31 23:40:27,826 - elsapy.utils - INFO - Module loaded.
2023-05-31 23:40:27,829 - elsapy.elsprofile - INFO - Module loaded.
2023-05-31 23:40:27,829 - elsapy.elsprofile - INFO - Module loaded.
2023-05-31 23:40:27,831 - elsapy.elssearch - INFO - Module loaded.
2023-05-31 23:40:27,831 - elsapy.elssearch - INFO - Module loaded.
2023-05-31 23:40:58,108 - elsapy.elsclient - INFO - Module loaded.
2023-05-31 23:40:58,108 - elsapy.elsclient - INFO - Module loaded.
2023-05-31 23:40:58,314 - elsapy.elsentity - INFO - Module loaded.
2023-05-31 23:40:58,314 - elsapy.elsentity - INFO - Module loaded.
2023-05-31 23:40:58,317 - elsapy.utils - INFO - Module loaded.
2023-05-31 23:40:58,318 - elsapy.utils - INFO - Module loaded.
2023-05-31 23:40:58,319 - elsapy.elsprofile - INFO - Module loaded.
2023-05-31 23:40:58,320 - elsapy.elsprofile - INFO - Module loaded.
2023-05-31 23:40:58,322 - elsapy.elssearch - INFO - Module loaded.
2023-05-31 23:40:58,324 - elsapy.elssearch - INFO - Module loaded.
2023-05-31 23:41:05,427 - elsapy.elsclient - INFO - Module loaded.
2023-05-31 23:41:05,562 - elsapy.elsentity - INFO - Module loaded.
2023-05-31 23:41:05,564 - elsapy.utils - INFO - Module loaded.
2023-05-31 23:41:05,567 - elsapy.elsprofile - INFO - Module loaded.
2023-05-31 23:41:05,569 - elsapy.elssearch - INFO - Module loaded.
2023-05-31 23:41:09,605 - elsapy.elsclient - INFO - Module loaded.
2023-05-31 23:41:09,753 - elsapy.elsentity - INFO - Module loaded.
2023-05-31 23:41:09,756 - elsapy.utils - INFO - Module loaded.
2023-05-31 23:41:09,758 - elsapy.elsprofile - INFO - Module loaded.
2023-05-31 23:41:09,761 - elsapy.elssearch - INFO - Module loaded.
2023-05-31 23:41:36,685 - elsapy.elsclient - INFO - Module loaded.
2023-05-31 23:41:36,849 - elsapy.elsentity - INFO - Module loaded.
2023-05-31 23:41:36,852 - elsapy.utils - INFO - Module loaded.
2023-05-31 23:41:36,854 - elsapy.elsprofile - INFO - Module loaded.
2023-05-31 23:41:36,857 - elsapy.elssearch - INFO - Module loaded.
2023-05-31 23:41:40,109 - elsapy.elsclient - INFO - Module loaded.
2023-05-31 23:41:40,251 - elsapy.elsentity - INFO - Module loaded.
2023-05-31 23:41:40,253 - elsapy.utils - INFO - Module loaded.
2023-05-31 23:41:40,256 - elsapy.elsprofile - INFO - Module loaded.
2023-05-31 23:41:40,258 - elsapy.elssearch - INFO - Module loaded.
2023-05-31 23:42:07,106 - elsapy.elsclient - INFO - Module loaded.
2023-05-31 23:42:07,227 - elsapy.elsentity - INFO - Module loaded.
2023-05-31 23:42:07,229 - elsapy.utils - INFO - Module loaded.
2023-05-31 23:42:07,232 - elsapy.elsprofile - INFO - Module loaded.
2023-05-31 23:42:07,234 - elsapy.elssearch - INFO - Module loaded.
2023-05-31 23:42:10,444 - elsapy.elsclient - INFO - Module loaded.
2023-05-31 23:42:10,579 - elsapy.elsentity - INFO - Module loaded.
2023-05-31 23:42:10,581 - elsapy.utils - INFO - Module loaded.
2023-05-31 23:42:10,584 - elsapy.elsprofile - INFO - Module loaded.
2023-05-31 23:42:10,586 - elsapy.elssearch - INFO - Module loaded.
2023-05-31 23:42:38,285 - elsapy.elsclient - INFO - Module loaded.
2023-05-31 23:42:38,454 - elsapy.elsentity - INFO - Module loaded.
2023-05-31 23:42:38,457 - elsapy.utils - INFO - Module loaded.
2023-05-31 23:42:38,459 - elsapy.elsprofile - INFO - Module loaded.
2023-05-31 23:42:38,462 - elsapy.elssearch - INFO - Module loaded.
2023-05-31 23:42:41,372 - elsapy.elsclient - INFO - Module loaded.
2023-05-31 23:42:41,521 - elsapy.elsentity - INFO - Module loaded.
2023-05-31 23:42:41,524 - elsapy.utils - INFO - Module loaded.
2023-05-31 23:42:41,527 - elsapy.elsprofile - INFO - Module loaded.
2023-05-31 23:42:41,529 - elsapy.elssearch - INFO - Module loaded.
2023-05-31 23:43:09,157 - elsapy.elsclient - INFO - Module loaded.
2023-05-31 23:43:09,374 - elsapy.elsentity - INFO - Module loaded.
2023-05-31 23:43:09,377 - elsapy.utils - INFO - Module loaded.
2023-05-31 23:43:09,380 - elsapy.elsprofile - INFO - Module loaded.
2023-05-31 23:43:09,382 - elsapy.elssearch - INFO - Module loaded.
2023-05-31 23:43:11,592 - elsapy.elsclient - INFO - Module loaded.
2023-05-31 23:43:11,764 - elsapy.elsentity - INFO - Module loaded.
2023-05-31 23:43:11,769 - elsapy.utils - INFO - Module loaded.
2023-05-31 23:43:11,773 - elsapy.elsprofile - INFO - Module loaded.
2023-05-31 23:43:11,776 - elsapy.elssearch - INFO - Module loaded.
2023-05-31 23:43:40,293 - elsapy.elsclient - INFO - Module loaded.
2023-05-31 23:43:40,431 - elsapy.elsentity - INFO - Module loaded.
2023-05-31 23:43:40,434 - elsapy.utils - INFO - Module loaded.
2023-05-31 23:43:40,437 - elsapy.elsprofile - INFO - Module loaded.
2023-05-31 23:43:40,439 - elsapy.elssearch - INFO - Module loaded.
2023-05-31 23:43:42,412 - elsapy.elsclient - INFO - Module loaded.
2023-05-31 23:43:42,557 - elsapy.elsentity - INFO - Module loaded.
2023-05-31 23:43:42,560 - elsapy.utils - INFO - Module loaded.
2023-05-31 23:43:42,562 - elsapy.elsprofile - INFO - Module loaded.
2023-05-31 23:43:42,564 - elsapy.elssearch - INFO - Module loaded.
2023-05-31 23:44:11,215 - elsapy.elsclient - INFO - Module loaded.
2023-05-31 23:44:11,424 - elsapy.elsentity - INFO - Module loaded.
2023-05-31 23:44:11,427 - elsapy.utils - INFO - Module loaded.
2023-05-31 23:44:11,429 - elsapy.elsprofile - INFO - Module loaded.
2023-05-31 23:44:11,431 - elsapy.elssearch - INFO - Module loaded.
2023-05-31 23:44:13,472 - elsapy.elsclient - INFO - Module loaded.
2023-05-31 23:44:13,613 - elsapy.elsentity - INFO - Module loaded.
2023-05-31 23:44:13,616 - elsapy.utils - INFO - Module loaded.
2023-05-31 23:44:13,618 - elsapy.elsprofile - INFO - Module loaded.
2023-05-31 23:44:13,621 - elsapy.elssearch - INFO - Module loaded.
2023-05-31 23:44:42,223 - elsapy.elsclient - INFO - Module loaded.
2023-05-31 23:44:42,367 - elsapy.elsentity - INFO - Module loaded.
2023-05-31 23:44:42,370 - elsapy.utils - INFO - Module loaded.
2023-05-31 23:44:42,372 - elsapy.elsprofile - INFO - Module loaded.
2023-05-31 23:44:42,375 - elsapy.elssearch - INFO - Module loaded.
2023-05-31 23:44:44,486 - elsapy.elsclient - INFO - Module loaded.
2023-05-31 23:44:44,640 - elsapy.elsentity - INFO - Module loaded.
2023-05-31 23:44:44,643 - elsapy.utils - INFO - Module loaded.
2023-05-31 23:44:44,645 - elsapy.elsprofile - INFO - Module loaded.
2023-05-31 23:44:44,648 - elsapy.elssearch - INFO - Module loaded.
2023-05-31 23:45:13,143 - elsapy.elsclient - INFO - Module loaded.
2023-05-31 23:45:13,316 - elsapy.elsentity - INFO - Module loaded.
2023-05-31 23:45:13,319 - elsapy.utils - INFO - Module loaded.
2023-05-31 23:45:13,321 - elsapy.elsprofile - INFO - Module loaded.
2023-05-31 23:45:13,323 - elsapy.elssearch - INFO - Module loaded.
2023-05-31 23:45:15,427 - elsapy.elsclient - INFO - Module loaded.
2023-05-31 23:45:15,563 - elsapy.elsentity - INFO - Module loaded.
2023-05-31 23:45:15,565 - elsapy.utils - INFO - Module loaded.
2023-05-31 23:45:15,567 - elsapy.elsprofile - INFO - Module loaded.
2023-05-31 23:45:15,570 - elsapy.elssearch - INFO - Module loaded.
2023-05-31 23:45:44,344 - elsapy.elsclient - INFO - Module loaded.
2023-05-31 23:45:44,477 - elsapy.elsentity - INFO - Module loaded.
2023-05-31 23:45:44,480 - elsapy.utils - INFO - Module loaded.
2023-05-31 23:45:44,482 - elsapy.elsprofile - INFO - Module loaded.
2023-05-31 23:45:44,485 - elsapy.elssearch - INFO - Module loaded.
2023-05-31 23:45:45,687 - elsapy.elsclient - INFO - Module loaded.
2023-05-31 23:45:45,834 - elsapy.elsentity - INFO - Module loaded.
2023-05-31 23:45:45,836 - elsapy.utils - INFO - Module loaded.
2023-05-31 23:45:45,838 - elsapy.elsprofile - INFO - Module loaded.
2023-05-31 23:45:45,841 - elsapy.elssearch - INFO - Module loaded.
2023-05-31 23:46:14,690 - elsapy.elsclient - INFO - Module loaded.
2023-05-31 23:46:14,872 - elsapy.elsentity - INFO - Module loaded.
2023-05-31 23:46:14,875 - elsapy.utils - INFO - Module loaded.
2023-05-31 23:46:14,877 - elsapy.elsprofile - INFO - Module loaded.
2023-05-31 23:46:14,880 - elsapy.elssearch - INFO - Module loaded.
2023-05-31 23:46:16,057 - elsapy.elsclient - INFO - Module loaded.
2023-05-31 23:46:16,206 - elsapy.elsentity - INFO - Module loaded.
2023-05-31 23:46:16,210 - elsapy.utils - INFO - Module loaded.
2023-05-31 23:46:16,215 - elsapy.elsprofile - INFO - Module loaded.
2023-05-31 23:46:16,217 - elsapy.elssearch - INFO - Module loaded.
2023-05-31 23:46:45,271 - elsapy.elsclient - INFO - Module loaded.
2023-05-31 23:46:45,412 - elsapy.elsentity - INFO - Module loaded.
2023-05-31 23:46:45,415 - elsapy.utils - INFO - Module loaded.
2023-05-31 23:46:45,417 - elsapy.elsprofile - INFO - Module loaded.
2023-05-31 23:46:45,419 - elsapy.elssearch - INFO - Module loaded.
2023-05-31 23:46:46,600 - elsapy.elsclient - INFO - Module loaded.
2023-05-31 23:46:46,770 - elsapy.elsentity - INFO - Module loaded.
2023-05-31 23:46:46,773 - elsapy.utils - INFO - Module loaded.
2023-05-31 23:46:46,776 - elsapy.elsprofile - INFO - Module loaded.
2023-05-31 23:46:46,778 - elsapy.elssearch - INFO - Module loaded.
2023-05-31 23:47:15,631 - elsapy.elsclient - INFO - Module loaded.
2023-05-31 23:47:15,837 - elsapy.elsentity - INFO - Module loaded.
2023-05-31 23:47:15,840 - elsapy.utils - INFO - Module loaded.
2023-05-31 23:47:15,842 - elsapy.elsprofile - INFO - Module loaded.
2023-05-31 23:47:15,845 - elsapy.elssearch - INFO - Module loaded.
2023-05-31 23:47:17,072 - elsapy.elsclient - INFO - Module loaded.
2023-05-31 23:47:17,214 - elsapy.elsentity - INFO - Module loaded.
2023-05-31 23:47:17,217 - elsapy.utils - INFO - Module loaded.
2023-05-31 23:47:17,219 - elsapy.elsprofile - INFO - Module loaded.
2023-05-31 23:47:17,222 - elsapy.elssearch - INFO - Module loaded.
2023-05-31 23:47:46,950 - elsapy.elsclient - INFO - Module loaded.
2023-05-31 23:47:47,118 - elsapy.elsentity - INFO - Module loaded.
2023-05-31 23:47:47,120 - elsapy.utils - INFO - Module loaded.
2023-05-31 23:47:47,122 - elsapy.elsprofile - INFO - Module loaded.
2023-05-31 23:47:47,125 - elsapy.elssearch - INFO - Module loaded.
2023-05-31 23:47:47,292 - elsapy.elsclient - INFO - Module loaded.
2023-05-31 23:47:47,423 - elsapy.elsentity - INFO - Module loaded.
2023-05-31 23:47:47,425 - elsapy.utils - INFO - Module loaded.
2023-05-31 23:47:47,427 - elsapy.elsprofile - INFO - Module loaded.
2023-05-31 23:47:47,430 - elsapy.elssearch - INFO - Module loaded.
2023-05-31 23:48:18,028 - elsapy.elsclient - INFO - Module loaded.
2023-05-31 23:48:18,028 - elsapy.elsclient - INFO - Module loaded.
2023-05-31 23:48:18,191 - elsapy.elsentity - INFO - Module loaded.
2023-05-31 23:48:18,192 - elsapy.elsentity - INFO - Module loaded.
2023-05-31 23:48:18,194 - elsapy.utils - INFO - Module loaded.
2023-05-31 23:48:18,194 - elsapy.utils - INFO - Module loaded.
2023-05-31 23:48:18,197 - elsapy.elsprofile - INFO - Module loaded.
2023-05-31 23:48:18,198 - elsapy.elsprofile - INFO - Module loaded.
2023-05-31 23:48:18,199 - elsapy.elssearch - INFO - Module loaded.
2023-05-31 23:48:18,200 - elsapy.elssearch - INFO - Module loaded.
2023-05-31 23:48:49,053 - elsapy.elsclient - INFO - Module loaded.
2023-05-31 23:48:49,054 - elsapy.elsclient - INFO - Module loaded.
2023-05-31 23:48:49,179 - elsapy.elsentity - INFO - Module loaded.
2023-05-31 23:48:49,179 - elsapy.elsentity - INFO - Module loaded.
2023-05-31 23:48:49,182 - elsapy.utils - INFO - Module loaded.
2023-05-31 23:48:49,182 - elsapy.utils - INFO - Module loaded.
2023-05-31 23:48:49,185 - elsapy.elsprofile - INFO - Module loaded.
2023-05-31 23:48:49,185 - elsapy.elsprofile - INFO - Module loaded.
2023-05-31 23:48:49,187 - elsapy.elssearch - INFO - Module loaded.
2023-05-31 23:48:49,188 - elsapy.elssearch - INFO - Module loaded.
2023-05-31 23:49:19,970 - elsapy.elsclient - INFO - Module loaded.
2023-05-31 23:49:19,970 - elsapy.elsclient - INFO - Module loaded.
2023-05-31 23:49:20,165 - elsapy.elsentity - INFO - Module loaded.
2023-05-31 23:49:20,165 - elsapy.elsentity - INFO - Module loaded.
2023-05-31 23:49:20,168 - elsapy.utils - INFO - Module loaded.
2023-05-31 23:49:20,170 - elsapy.utils - INFO - Module loaded.
2023-05-31 23:49:20,171 - elsapy.elsprofile - INFO - Module loaded.
2023-05-31 23:49:20,172 - elsapy.elsprofile - INFO - Module loaded.
2023-05-31 23:49:20,173 - elsapy.elssearch - INFO - Module loaded.
2023-05-31 23:49:20,175 - elsapy.elssearch - INFO - Module loaded.
2023-05-31 23:49:50,473 - elsapy.elsclient - INFO - Module loaded.
2023-05-31 23:49:50,473 - elsapy.elsclient - INFO - Module loaded.
2023-05-31 23:49:50,630 - elsapy.elsentity - INFO - Module loaded.
2023-05-31 23:49:50,630 - elsapy.elsentity - INFO - Module loaded.
2023-05-31 23:49:50,633 - elsapy.utils - INFO - Module loaded.
2023-05-31 23:49:50,635 - elsapy.utils - INFO - Module loaded.
2023-05-31 23:49:50,637 - elsapy.elsprofile - INFO - Module loaded.
2023-05-31 23:49:50,638 - elsapy.elsprofile - INFO - Module loaded.
2023-05-31 23:49:50,639 - elsapy.elssearch - INFO - Module loaded.
2023-05-31 23:49:50,640 - elsapy.elssearch - INFO - Module loaded.
2023-05-31 23:50:21,523 - elsapy.elsclient - INFO - Module loaded.
2023-05-31 23:50:21,528 - elsapy.elsclient - INFO - Module loaded.
2023-05-31 23:50:21,660 - elsapy.elsentity - INFO - Module loaded.
2023-05-31 23:50:21,660 - elsapy.elsentity - INFO - Module loaded.
2023-05-31 23:50:21,663 - elsapy.utils - INFO - Module loaded.
2023-05-31 23:50:21,664 - elsapy.utils - INFO - Module loaded.
2023-05-31 23:50:21,665 - elsapy.elsprofile - INFO - Module loaded.
2023-05-31 23:50:21,667 - elsapy.elsprofile - INFO - Module loaded.
2023-05-31 23:50:21,668 - elsapy.elssearch - INFO - Module loaded.
2023-05-31 23:50:21,669 - elsapy.elssearch - INFO - Module loaded.
2023-05-31 23:50:52,556 - elsapy.elsclient - INFO - Module loaded.
2023-05-31 23:50:52,556 - elsapy.elsclient - INFO - Module loaded.
2023-05-31 23:50:52,737 - elsapy.elsentity - INFO - Module loaded.
2023-05-31 23:50:52,738 - elsapy.elsentity - INFO - Module loaded.
2023-05-31 23:50:52,740 - elsapy.utils - INFO - Module loaded.
2023-05-31 23:50:52,742 - elsapy.utils - INFO - Module loaded.
2023-05-31 23:50:52,744 - elsapy.elsprofile - INFO - Module loaded.
2023-05-31 23:50:52,746 - elsapy.elsprofile - INFO - Module loaded.
2023-05-31 23:50:52,749 - elsapy.elssearch - INFO - Module loaded.
2023-05-31 23:50:52,750 - elsapy.elssearch - INFO - Module loaded.
2023-05-31 23:51:23,532 - elsapy.elsclient - INFO - Module loaded.
2023-05-31 23:51:23,532 - elsapy.elsclient - INFO - Module loaded.
2023-05-31 23:51:23,727 - elsapy.elsentity - INFO - Module loaded.
2023-05-31 23:51:23,727 - elsapy.elsentity - INFO - Module loaded.
2023-05-31 23:51:23,731 - elsapy.utils - INFO - Module loaded.
2023-05-31 23:51:23,731 - elsapy.utils - INFO - Module loaded.
2023-05-31 23:51:23,733 - elsapy.elsprofile - INFO - Module loaded.
2023-05-31 23:51:23,734 - elsapy.elsprofile - INFO - Module loaded.
2023-05-31 23:51:23,736 - elsapy.elssearch - INFO - Module loaded.
2023-05-31 23:51:23,737 - elsapy.elssearch - INFO - Module loaded.
2023-05-31 23:51:54,652 - elsapy.elsclient - INFO - Module loaded.
2023-05-31 23:51:54,652 - elsapy.elsclient - INFO - Module loaded.
2023-05-31 23:51:54,798 - elsapy.elsentity - INFO - Module loaded.
2023-05-31 23:51:54,798 - elsapy.elsentity - INFO - Module loaded.
2023-05-31 23:51:54,800 - elsapy.utils - INFO - Module loaded.
2023-05-31 23:51:54,800 - elsapy.utils - INFO - Module loaded.
2023-05-31 23:51:54,803 - elsapy.elsprofile - INFO - Module loaded.
2023-05-31 23:51:54,803 - elsapy.elsprofile - INFO - Module loaded.
2023-05-31 23:51:54,806 - elsapy.elssearch - INFO - Module loaded.
2023-05-31 23:51:54,807 - elsapy.elssearch - INFO - Module loaded.
2023-05-31 23:52:25,572 - elsapy.elsclient - INFO - Module loaded.
2023-05-31 23:52:25,572 - elsapy.elsclient - INFO - Module loaded.
2023-05-31 23:52:25,817 - elsapy.elsentity - INFO - Module loaded.
2023-05-31 23:52:25,817 - elsapy.elsentity - INFO - Module loaded.
2023-05-31 23:52:25,822 - elsapy.utils - INFO - Module loaded.
2023-05-31 23:52:25,822 - elsapy.utils - INFO - Module loaded.
2023-05-31 23:52:25,825 - elsapy.elsprofile - INFO - Module loaded.
2023-05-31 23:52:25,825 - elsapy.elsprofile - INFO - Module loaded.
2023-05-31 23:52:25,828 - elsapy.elssearch - INFO - Module loaded.
2023-05-31 23:52:25,829 - elsapy.elssearch - INFO - Module loaded.
2023-05-31 23:52:56,631 - elsapy.elsclient - INFO - Module loaded.
2023-05-31 23:52:56,638 - elsapy.elsclient - INFO - Module loaded.
2023-05-31 23:52:56,784 - elsapy.elsentity - INFO - Module loaded.
2023-05-31 23:52:56,784 - elsapy.elsentity - INFO - Module loaded.
2023-05-31 23:52:56,787 - elsapy.utils - INFO - Module loaded.
2023-05-31 23:52:56,788 - elsapy.utils - INFO - Module loaded.
2023-05-31 23:52:56,790 - elsapy.elsprofile - INFO - Module loaded.
2023-05-31 23:52:56,791 - elsapy.elsprofile - INFO - Module loaded.
2023-05-31 23:52:56,792 - elsapy.elssearch - INFO - Module loaded.
2023-05-31 23:52:56,793 - elsapy.elssearch - INFO - Module loaded.
2023-05-31 23:53:27,595 - elsapy.elsclient - INFO - Module loaded.
2023-05-31 23:53:27,595 - elsapy.elsclient - INFO - Module loaded.
2023-05-31 23:53:27,728 - elsapy.elsentity - INFO - Module loaded.
2023-05-31 23:53:27,728 - elsapy.elsentity - INFO - Module loaded.
2023-05-31 23:53:27,730 - elsapy.utils - INFO - Module loaded.
2023-05-31 23:53:27,730 - elsapy.utils - INFO - Module loaded.
2023-05-31 23:53:27,733 - elsapy.elsprofile - INFO - Module loaded.
2023-05-31 23:53:27,734 - elsapy.elsprofile - INFO - Module loaded.
2023-05-31 23:53:27,735 - elsapy.elssearch - INFO - Module loaded.
2023-05-31 23:53:27,736 - elsapy.elssearch - INFO - Module loaded.
2023-05-31 23:53:57,915 - elsapy.elsclient - INFO - Module loaded.
2023-05-31 23:53:57,915 - elsapy.elsclient - INFO - Module loaded.
2023-05-31 23:53:58,089 - elsapy.elsentity - INFO - Module loaded.
2023-05-31 23:53:58,089 - elsapy.elsentity - INFO - Module loaded.
2023-05-31 23:53:58,092 - elsapy.utils - INFO - Module loaded.
2023-05-31 23:53:58,092 - elsapy.utils - INFO - Module loaded.
2023-05-31 23:53:58,095 - elsapy.elsprofile - INFO - Module loaded.
2023-05-31 23:53:58,095 - elsapy.elsprofile - INFO - Module loaded.
2023-05-31 23:53:58,097 - elsapy.elssearch - INFO - Module loaded.
2023-05-31 23:53:58,098 - elsapy.elssearch - INFO - Module loaded.
2023-05-31 23:54:28,279 - elsapy.elsclient - INFO - Module loaded.
2023-05-31 23:54:28,462 - elsapy.elsentity - INFO - Module loaded.
2023-05-31 23:54:28,465 - elsapy.utils - INFO - Module loaded.
2023-05-31 23:54:28,467 - elsapy.elsprofile - INFO - Module loaded.
2023-05-31 23:54:28,470 - elsapy.elssearch - INFO - Module loaded.
2023-05-31 23:54:28,528 - elsapy.elsclient - INFO - Module loaded.
2023-05-31 23:54:28,659 - elsapy.elsentity - INFO - Module loaded.
2023-05-31 23:54:28,661 - elsapy.utils - INFO - Module loaded.
2023-05-31 23:54:28,664 - elsapy.elsprofile - INFO - Module loaded.
2023-05-31 23:54:28,666 - elsapy.elssearch - INFO - Module loaded.
2023-05-31 23:54:59,300 - elsapy.elsclient - INFO - Module loaded.
2023-05-31 23:54:59,300 - elsapy.elsclient - INFO - Module loaded.
2023-05-31 23:54:59,488 - elsapy.elsentity - INFO - Module loaded.
2023-05-31 23:54:59,488 - elsapy.elsentity - INFO - Module loaded.
2023-05-31 23:54:59,491 - elsapy.utils - INFO - Module loaded.
2023-05-31 23:54:59,492 - elsapy.utils - INFO - Module loaded.
2023-05-31 23:54:59,494 - elsapy.elsprofile - INFO - Module loaded.
2023-05-31 23:54:59,495 - elsapy.elsprofile - INFO - Module loaded.
2023-05-31 23:54:59,497 - elsapy.elssearch - INFO - Module loaded.
2023-05-31 23:54:59,498 - elsapy.elssearch - INFO - Module loaded.
2023-05-31 23:55:30,469 - elsapy.elsclient - INFO - Module loaded.
2023-05-31 23:55:30,469 - elsapy.elsclient - INFO - Module loaded.
2023-05-31 23:55:30,698 - elsapy.elsentity - INFO - Module loaded.
2023-05-31 23:55:30,698 - elsapy.elsentity - INFO - Module loaded.
2023-05-31 23:55:30,701 - elsapy.utils - INFO - Module loaded.
2023-05-31 23:55:30,701 - elsapy.utils - INFO - Module loaded.
2023-05-31 23:55:30,703 - elsapy.elsprofile - INFO - Module loaded.
2023-05-31 23:55:30,704 - elsapy.elsprofile - INFO - Module loaded.
2023-05-31 23:55:30,705 - elsapy.elssearch - INFO - Module loaded.
2023-05-31 23:55:30,706 - elsapy.elssearch - INFO - Module loaded.
2023-05-31 23:56:00,890 - elsapy.elsclient - INFO - Module loaded.
2023-05-31 23:56:01,078 - elsapy.elsentity - INFO - Module loaded.
2023-05-31 23:56:01,081 - elsapy.utils - INFO - Module loaded.
2023-05-31 23:56:01,083 - elsapy.elsprofile - INFO - Module loaded.
2023-05-31 23:56:01,085 - elsapy.elssearch - INFO - Module loaded.
2023-05-31 23:56:01,146 - elsapy.elsclient - INFO - Module loaded.
2023-05-31 23:56:01,272 - elsapy.elsentity - INFO - Module loaded.
2023-05-31 23:56:01,275 - elsapy.utils - INFO - Module loaded.
2023-05-31 23:56:01,277 - elsapy.elsprofile - INFO - Module loaded.
2023-05-31 23:56:01,280 - elsapy.elssearch - INFO - Module loaded.
2023-05-31 23:56:31,324 - elsapy.elsclient - INFO - Module loaded.
2023-05-31 23:56:31,498 - elsapy.elsentity - INFO - Module loaded.
2023-05-31 23:56:31,502 - elsapy.utils - INFO - Module loaded.
2023-05-31 23:56:31,504 - elsapy.elsprofile - INFO - Module loaded.
2023-05-31 23:56:31,506 - elsapy.elssearch - INFO - Module loaded.
2023-05-31 23:56:31,561 - elsapy.elsclient - INFO - Module loaded.
2023-05-31 23:56:31,691 - elsapy.elsentity - INFO - Module loaded.
2023-05-31 23:56:31,693 - elsapy.utils - INFO - Module loaded.
2023-05-31 23:56:31,695 - elsapy.elsprofile - INFO - Module loaded.
2023-05-31 23:56:31,696 - elsapy.elssearch - INFO - Module loaded.
2023-05-31 23:57:02,339 - elsapy.elsclient - INFO - Module loaded.
2023-05-31 23:57:02,341 - elsapy.elsclient - INFO - Module loaded.
2023-05-31 23:57:02,486 - elsapy.elsentity - INFO - Module loaded.
2023-05-31 23:57:02,488 - elsapy.elsentity - INFO - Module loaded.
2023-05-31 23:57:02,489 - elsapy.utils - INFO - Module loaded.
2023-05-31 23:57:02,491 - elsapy.utils - INFO - Module loaded.
2023-05-31 23:57:02,492 - elsapy.elsprofile - INFO - Module loaded.
2023-05-31 23:57:02,495 - elsapy.elsprofile - INFO - Module loaded.
2023-05-31 23:57:02,495 - elsapy.elssearch - INFO - Module loaded.
2023-05-31 23:57:02,498 - elsapy.elssearch - INFO - Module loaded.
2023-05-31 23:57:33,259 - elsapy.elsclient - INFO - Module loaded.
2023-05-31 23:57:33,260 - elsapy.elsclient - INFO - Module loaded.
2023-05-31 23:57:33,390 - elsapy.elsentity - INFO - Module loaded.
2023-05-31 23:57:33,390 - elsapy.elsentity - INFO - Module loaded.
2023-05-31 23:57:33,393 - elsapy.utils - INFO - Module loaded.
2023-05-31 23:57:33,393 - elsapy.utils - INFO - Module loaded.
2023-05-31 23:57:33,395 - elsapy.elsprofile - INFO - Module loaded.
2023-05-31 23:57:33,396 - elsapy.elsprofile - INFO - Module loaded.
2023-05-31 23:57:33,398 - elsapy.elssearch - INFO - Module loaded.
2023-05-31 23:57:33,398 - elsapy.elssearch - INFO - Module loaded.
2023-05-31 23:58:04,205 - elsapy.elsclient - INFO - Module loaded.
2023-05-31 23:58:04,205 - elsapy.elsclient - INFO - Module loaded.
2023-05-31 23:58:04,411 - elsapy.elsentity - INFO - Module loaded.
2023-05-31 23:58:04,411 - elsapy.elsentity - INFO - Module loaded.
2023-05-31 23:58:04,415 - elsapy.utils - INFO - Module loaded.
2023-05-31 23:58:04,416 - elsapy.utils - INFO - Module loaded.
2023-05-31 23:58:04,417 - elsapy.elsprofile - INFO - Module loaded.
2023-05-31 23:58:04,418 - elsapy.elsprofile - INFO - Module loaded.
2023-05-31 23:58:04,420 - elsapy.elssearch - INFO - Module loaded.
2023-05-31 23:58:04,421 - elsapy.elssearch - INFO - Module loaded.
2023-05-31 23:58:35,333 - elsapy.elsclient - INFO - Module loaded.
2023-05-31 23:58:35,333 - elsapy.elsclient - INFO - Module loaded.
2023-05-31 23:58:35,499 - elsapy.elsentity - INFO - Module loaded.
2023-05-31 23:58:35,499 - elsapy.elsentity - INFO - Module loaded.
2023-05-31 23:58:35,502 - elsapy.utils - INFO - Module loaded.
2023-05-31 23:58:35,502 - elsapy.utils - INFO - Module loaded.
2023-05-31 23:58:35,504 - elsapy.elsprofile - INFO - Module loaded.
2023-05-31 23:58:35,504 - elsapy.elsprofile - INFO - Module loaded.
2023-05-31 23:58:35,508 - elsapy.elssearch - INFO - Module loaded.
2023-05-31 23:58:35,509 - elsapy.elssearch - INFO - Module loaded.
2023-05-31 23:59:06,362 - elsapy.elsclient - INFO - Module loaded.
2023-05-31 23:59:06,368 - elsapy.elsclient - INFO - Module loaded.
2023-05-31 23:59:06,504 - elsapy.elsentity - INFO - Module loaded.
2023-05-31 23:59:06,504 - elsapy.elsentity - INFO - Module loaded.
2023-05-31 23:59:06,507 - elsapy.utils - INFO - Module loaded.
2023-05-31 23:59:06,508 - elsapy.utils - INFO - Module loaded.
2023-05-31 23:59:06,509 - elsapy.elsprofile - INFO - Module loaded.
2023-05-31 23:59:06,511 - elsapy.elsprofile - INFO - Module loaded.
2023-05-31 23:59:06,512 - elsapy.elssearch - INFO - Module loaded.
2023-05-31 23:59:06,514 - elsapy.elssearch - INFO - Module loaded.
2023-05-31 23:59:37,262 - elsapy.elsclient - INFO - Module loaded.
2023-05-31 23:59:37,262 - elsapy.elsclient - INFO - Module loaded.
2023-05-31 23:59:37,406 - elsapy.elsentity - INFO - Module loaded.
2023-05-31 23:59:37,406 - elsapy.elsentity - INFO - Module loaded.
2023-05-31 23:59:37,409 - elsapy.utils - INFO - Module loaded.
2023-05-31 23:59:37,410 - elsapy.utils - INFO - Module loaded.
2023-05-31 23:59:37,411 - elsapy.elsprofile - INFO - Module loaded.
2023-05-31 23:59:37,412 - elsapy.elsprofile - INFO - Module loaded.
2023-05-31 23:59:37,414 - elsapy.elssearch - INFO - Module loaded.
2023-05-31 23:59:37,415 - elsapy.elssearch - INFO - Module loaded.
2023-05-31 20:35:43,524 - elsapy.elsclient - INFO - Module loaded.
2023-05-31 20:35:43,525 - elsapy.elsentity - INFO - Module loaded.
2023-05-31 20:35:43,525 - elsapy.utils - INFO - Module loaded.
2023-05-31 20:35:43,525 - elsapy.elsprofile - INFO - Module loaded.
2023-05-31 20:35:43,525 - elsapy.elssearch - INFO - Module loaded.
