2023-05-16 23:52:11,299 - elsapy.elsclient - INFO - Module loaded.
2023-05-16 23:52:11,821 - elsapy.elsentity - INFO - Module loaded.
2023-05-16 23:52:11,825 - elsapy.utils - INFO - Module loaded.
2023-05-16 23:52:11,828 - elsapy.elsprofile - INFO - Module loaded.
2023-05-16 23:52:11,833 - elsapy.elssearch - INFO - Module loaded.
2023-05-16 23:52:12,389 - elsapy.elsclient - INFO - Module loaded.
2023-05-16 23:52:12,773 - elsapy.elsentity - INFO - Module loaded.
2023-05-16 23:52:12,777 - elsapy.utils - INFO - Module loaded.
2023-05-16 23:52:12,782 - elsapy.elsprofile - INFO - Module loaded.
2023-05-16 23:52:12,785 - elsapy.elssearch - INFO - Module loaded.
2023-05-16 23:52:42,211 - elsapy.elsclient - INFO - Module loaded.
2023-05-16 23:52:42,586 - elsapy.elsentity - INFO - Module loaded.
2023-05-16 23:52:42,589 - elsapy.utils - INFO - Module loaded.
2023-05-16 23:52:42,591 - elsapy.elsprofile - INFO - Module loaded.
2023-05-16 23:52:42,594 - elsapy.elssearch - INFO - Module loaded.
2023-05-16 23:52:43,963 - elsapy.elsclient - INFO - Module loaded.
2023-05-16 23:52:44,167 - elsapy.elsentity - INFO - Module loaded.
2023-05-16 23:52:44,170 - elsapy.utils - INFO - Module loaded.
2023-05-16 23:52:44,173 - elsapy.elsprofile - INFO - Module loaded.
2023-05-16 23:52:44,176 - elsapy.elssearch - INFO - Module loaded.
2023-05-16 23:53:12,737 - elsapy.elsclient - INFO - Module loaded.
2023-05-16 23:53:13,050 - elsapy.elsentity - INFO - Module loaded.
2023-05-16 23:53:13,053 - elsapy.utils - INFO - Module loaded.
2023-05-16 23:53:13,056 - elsapy.elsprofile - INFO - Module loaded.
2023-05-16 23:53:13,058 - elsapy.elssearch - INFO - Module loaded.
2023-05-16 23:53:14,442 - elsapy.elsclient - INFO - Module loaded.
2023-05-16 23:53:14,708 - elsapy.elsentity - INFO - Module loaded.
2023-05-16 23:53:14,710 - elsapy.utils - INFO - Module loaded.
2023-05-16 23:53:14,713 - elsapy.elsprofile - INFO - Module loaded.
2023-05-16 23:53:14,716 - elsapy.elssearch - INFO - Module loaded.
2023-05-16 23:53:43,210 - elsapy.elsclient - INFO - Module loaded.
2023-05-16 23:53:43,489 - elsapy.elsentity - INFO - Module loaded.
2023-05-16 23:53:43,492 - elsapy.utils - INFO - Module loaded.
2023-05-16 23:53:43,496 - elsapy.elsprofile - INFO - Module loaded.
2023-05-16 23:53:43,500 - elsapy.elssearch - INFO - Module loaded.
2023-05-16 23:53:44,903 - elsapy.elsclient - INFO - Module loaded.
2023-05-16 23:53:45,145 - elsapy.elsentity - INFO - Module loaded.
2023-05-16 23:53:45,148 - elsapy.utils - INFO - Module loaded.
2023-05-16 23:53:45,150 - elsapy.elsprofile - INFO - Module loaded.
2023-05-16 23:53:45,153 - elsapy.elssearch - INFO - Module loaded.
2023-05-16 23:54:13,914 - elsapy.elsclient - INFO - Module loaded.
2023-05-16 23:54:14,266 - elsapy.elsentity - INFO - Module loaded.
2023-05-16 23:54:14,269 - elsapy.utils - INFO - Module loaded.
2023-05-16 23:54:14,271 - elsapy.elsprofile - INFO - Module loaded.
2023-05-16 23:54:14,273 - elsapy.elssearch - INFO - Module loaded.
2023-05-16 23:54:15,614 - elsapy.elsclient - INFO - Module loaded.
2023-05-16 23:54:15,816 - elsapy.elsentity - INFO - Module loaded.
2023-05-16 23:54:15,819 - elsapy.utils - INFO - Module loaded.
2023-05-16 23:54:15,821 - elsapy.elsprofile - INFO - Module loaded.
2023-05-16 23:54:15,824 - elsapy.elssearch - INFO - Module loaded.
2023-05-16 23:54:45,283 - elsapy.elsclient - INFO - Module loaded.
2023-05-16 23:54:45,949 - elsapy.elsentity - INFO - Module loaded.
2023-05-16 23:54:45,959 - elsapy.utils - INFO - Module loaded.
2023-05-16 23:54:45,964 - elsapy.elsprofile - INFO - Module loaded.
2023-05-16 23:54:45,970 - elsapy.elssearch - INFO - Module loaded.
2023-05-16 23:54:46,406 - elsapy.elsclient - INFO - Module loaded.
2023-05-16 23:54:46,656 - elsapy.elsentity - INFO - Module loaded.
2023-05-16 23:54:46,661 - elsapy.utils - INFO - Module loaded.
2023-05-16 23:54:46,664 - elsapy.elsprofile - INFO - Module loaded.
2023-05-16 23:54:46,667 - elsapy.elssearch - INFO - Module loaded.
2023-05-16 23:55:16,284 - elsapy.elsclient - INFO - Module loaded.
2023-05-16 23:55:16,771 - elsapy.elsentity - INFO - Module loaded.
2023-05-16 23:55:16,776 - elsapy.utils - INFO - Module loaded.
2023-05-16 23:55:16,779 - elsapy.elsprofile - INFO - Module loaded.
2023-05-16 23:55:16,782 - elsapy.elssearch - INFO - Module loaded.
2023-05-16 23:55:17,231 - elsapy.elsclient - INFO - Module loaded.
2023-05-16 23:55:17,482 - elsapy.elsentity - INFO - Module loaded.
2023-05-16 23:55:17,484 - elsapy.utils - INFO - Module loaded.
2023-05-16 23:55:17,487 - elsapy.elsprofile - INFO - Module loaded.
2023-05-16 23:55:17,489 - elsapy.elssearch - INFO - Module loaded.
2023-05-16 23:55:47,101 - elsapy.elsclient - INFO - Module loaded.
2023-05-16 23:55:47,622 - elsapy.elsentity - INFO - Module loaded.
2023-05-16 23:55:47,626 - elsapy.utils - INFO - Module loaded.
2023-05-16 23:55:47,629 - elsapy.elsprofile - INFO - Module loaded.
2023-05-16 23:55:47,633 - elsapy.elssearch - INFO - Module loaded.
2023-05-16 23:55:48,015 - elsapy.elsclient - INFO - Module loaded.
2023-05-16 23:55:48,255 - elsapy.elsentity - INFO - Module loaded.
2023-05-16 23:55:48,258 - elsapy.utils - INFO - Module loaded.
2023-05-16 23:55:48,260 - elsapy.elsprofile - INFO - Module loaded.
2023-05-16 23:55:48,262 - elsapy.elssearch - INFO - Module loaded.
2023-05-16 23:56:17,916 - elsapy.elsclient - INFO - Module loaded.
2023-05-16 23:56:18,857 - elsapy.elsentity - INFO - Module loaded.
2023-05-16 23:56:18,864 - elsapy.utils - INFO - Module loaded.
2023-05-16 23:56:18,873 - elsapy.elsprofile - INFO - Module loaded.
2023-05-16 23:56:18,881 - elsapy.elssearch - INFO - Module loaded.
2023-05-16 23:56:19,312 - elsapy.elsclient - INFO - Module loaded.
2023-05-16 23:56:19,587 - elsapy.elsentity - INFO - Module loaded.
2023-05-16 23:56:19,590 - elsapy.utils - INFO - Module loaded.
2023-05-16 23:56:19,593 - elsapy.elsprofile - INFO - Module loaded.
2023-05-16 23:56:19,596 - elsapy.elssearch - INFO - Module loaded.
2023-05-16 23:56:49,381 - elsapy.elsclient - INFO - Module loaded.
2023-05-16 23:56:49,840 - elsapy.elsentity - INFO - Module loaded.
2023-05-16 23:56:49,844 - elsapy.utils - INFO - Module loaded.
2023-05-16 23:56:49,847 - elsapy.elsprofile - INFO - Module loaded.
2023-05-16 23:56:49,850 - elsapy.elssearch - INFO - Module loaded.
2023-05-16 23:56:50,233 - elsapy.elsclient - INFO - Module loaded.
2023-05-16 23:56:50,476 - elsapy.elsentity - INFO - Module loaded.
2023-05-16 23:56:50,479 - elsapy.utils - INFO - Module loaded.
2023-05-16 23:56:50,481 - elsapy.elsprofile - INFO - Module loaded.
2023-05-16 23:56:50,484 - elsapy.elssearch - INFO - Module loaded.
2023-05-16 23:57:20,561 - elsapy.elsclient - INFO - Module loaded.
2023-05-16 23:57:20,902 - elsapy.elsentity - INFO - Module loaded.
2023-05-16 23:57:20,906 - elsapy.utils - INFO - Module loaded.
2023-05-16 23:57:20,910 - elsapy.elsprofile - INFO - Module loaded.
2023-05-16 23:57:20,913 - elsapy.elssearch - INFO - Module loaded.
2023-05-16 23:57:21,566 - elsapy.elsclient - INFO - Module loaded.
2023-05-16 23:57:21,798 - elsapy.elsentity - INFO - Module loaded.
2023-05-16 23:57:21,801 - elsapy.utils - INFO - Module loaded.
2023-05-16 23:57:21,803 - elsapy.elsprofile - INFO - Module loaded.
2023-05-16 23:57:21,806 - elsapy.elssearch - INFO - Module loaded.
2023-05-16 23:57:51,086 - elsapy.elsclient - INFO - Module loaded.
2023-05-16 23:57:51,486 - elsapy.elsentity - INFO - Module loaded.
2023-05-16 23:57:51,490 - elsapy.utils - INFO - Module loaded.
2023-05-16 23:57:51,492 - elsapy.elsprofile - INFO - Module loaded.
2023-05-16 23:57:51,495 - elsapy.elssearch - INFO - Module loaded.
2023-05-16 23:57:52,190 - elsapy.elsclient - INFO - Module loaded.
2023-05-16 23:57:52,552 - elsapy.elsentity - INFO - Module loaded.
2023-05-16 23:57:52,556 - elsapy.utils - INFO - Module loaded.
2023-05-16 23:57:52,560 - elsapy.elsprofile - INFO - Module loaded.
2023-05-16 23:57:52,564 - elsapy.elssearch - INFO - Module loaded.
2023-05-16 23:58:21,896 - elsapy.elsclient - INFO - Module loaded.
2023-05-16 23:58:22,376 - elsapy.elsentity - INFO - Module loaded.
2023-05-16 23:58:22,379 - elsapy.utils - INFO - Module loaded.
2023-05-16 23:58:22,381 - elsapy.elsprofile - INFO - Module loaded.
2023-05-16 23:58:22,385 - elsapy.elssearch - INFO - Module loaded.
2023-05-16 23:58:23,179 - elsapy.elsclient - INFO - Module loaded.
2023-05-16 23:58:23,482 - elsapy.elsentity - INFO - Module loaded.
2023-05-16 23:58:23,485 - elsapy.utils - INFO - Module loaded.
2023-05-16 23:58:23,488 - elsapy.elsprofile - INFO - Module loaded.
2023-05-16 23:58:23,490 - elsapy.elssearch - INFO - Module loaded.
2023-05-16 23:58:52,849 - elsapy.elsclient - INFO - Module loaded.
2023-05-16 23:58:53,440 - elsapy.elsentity - INFO - Module loaded.
2023-05-16 23:58:53,453 - elsapy.utils - INFO - Module loaded.
2023-05-16 23:58:53,470 - elsapy.elsprofile - INFO - Module loaded.
2023-05-16 23:58:53,484 - elsapy.elssearch - INFO - Module loaded.
2023-05-16 23:58:54,401 - elsapy.elsclient - INFO - Module loaded.
2023-05-16 23:58:54,747 - elsapy.elsentity - INFO - Module loaded.
2023-05-16 23:58:54,753 - elsapy.utils - INFO - Module loaded.
2023-05-16 23:58:54,756 - elsapy.elsprofile - INFO - Module loaded.
2023-05-16 23:58:54,760 - elsapy.elssearch - INFO - Module loaded.
2023-05-16 23:59:23,907 - elsapy.elsclient - INFO - Module loaded.
2023-05-16 23:59:24,486 - elsapy.elsentity - INFO - Module loaded.
2023-05-16 23:59:24,491 - elsapy.utils - INFO - Module loaded.
2023-05-16 23:59:24,494 - elsapy.elsprofile - INFO - Module loaded.
2023-05-16 23:59:24,497 - elsapy.elssearch - INFO - Module loaded.
2023-05-16 23:59:25,440 - elsapy.elsclient - INFO - Module loaded.
2023-05-16 23:59:25,800 - elsapy.elsentity - INFO - Module loaded.
2023-05-16 23:59:25,805 - elsapy.utils - INFO - Module loaded.
2023-05-16 23:59:25,808 - elsapy.elsprofile - INFO - Module loaded.
2023-05-16 23:59:25,811 - elsapy.elssearch - INFO - Module loaded.
2023-05-16 23:59:54,984 - elsapy.elsclient - INFO - Module loaded.
2023-05-16 23:59:55,580 - elsapy.elsentity - INFO - Module loaded.
2023-05-16 23:59:55,583 - elsapy.utils - INFO - Module loaded.
2023-05-16 23:59:55,586 - elsapy.elsprofile - INFO - Module loaded.
2023-05-16 23:59:55,593 - elsapy.elssearch - INFO - Module loaded.
2023-05-16 23:59:56,001 - elsapy.elsclient - INFO - Module loaded.
2023-05-16 23:59:56,251 - elsapy.elsentity - INFO - Module loaded.
2023-05-16 23:59:56,253 - elsapy.utils - INFO - Module loaded.
2023-05-16 23:59:56,256 - elsapy.elsprofile - INFO - Module loaded.
2023-05-16 23:59:56,258 - elsapy.elssearch - INFO - Module loaded.
