2023-04-29 00:00:23,871 - elsapy.elsclient - INFO - Module loaded.
2023-04-29 00:00:24,190 - elsapy.elsentity - INFO - Module loaded.
2023-04-29 00:00:24,200 - elsapy.utils - INFO - Module loaded.
2023-04-29 00:00:24,206 - elsapy.elsprofile - INFO - Module loaded.
2023-04-29 00:00:24,211 - elsapy.elssearch - INFO - Module loaded.
2023-04-29 00:00:24,615 - elsapy.elsclient - INFO - Module loaded.
2023-04-29 00:00:24,761 - elsapy.elsentity - INFO - Module loaded.
2023-04-29 00:00:24,764 - elsapy.utils - INFO - Module loaded.
2023-04-29 00:00:24,767 - elsapy.elsprofile - INFO - Module loaded.
2023-04-29 00:00:24,770 - elsapy.elssearch - INFO - Module loaded.
2023-04-29 00:00:54,789 - elsapy.elsclient - INFO - Module loaded.
2023-04-29 00:00:54,993 - elsapy.elsentity - INFO - Module loaded.
2023-04-29 00:00:54,997 - elsapy.utils - INFO - Module loaded.
2023-04-29 00:00:55,001 - elsapy.elsprofile - INFO - Module loaded.
2023-04-29 00:00:55,004 - elsapy.elssearch - INFO - Module loaded.
2023-04-29 00:00:55,278 - elsapy.elsclient - INFO - Module loaded.
2023-04-29 00:00:55,425 - elsapy.elsentity - INFO - Module loaded.
2023-04-29 00:00:55,427 - elsapy.utils - INFO - Module loaded.
2023-04-29 00:00:55,430 - elsapy.elsprofile - INFO - Module loaded.
2023-04-29 00:00:55,433 - elsapy.elssearch - INFO - Module loaded.
2023-04-29 00:01:25,286 - elsapy.elsclient - INFO - Module loaded.
2023-04-29 00:01:25,410 - elsapy.elsentity - INFO - Module loaded.
2023-04-29 00:01:25,413 - elsapy.utils - INFO - Module loaded.
2023-04-29 00:01:25,415 - elsapy.elsprofile - INFO - Module loaded.
2023-04-29 00:01:25,418 - elsapy.elssearch - INFO - Module loaded.
2023-04-29 00:01:25,745 - elsapy.elsclient - INFO - Module loaded.
2023-04-29 00:01:25,873 - elsapy.elsentity - INFO - Module loaded.
2023-04-29 00:01:25,876 - elsapy.utils - INFO - Module loaded.
2023-04-29 00:01:25,878 - elsapy.elsprofile - INFO - Module loaded.
2023-04-29 00:01:25,881 - elsapy.elssearch - INFO - Module loaded.
2023-04-29 00:01:56,306 - elsapy.elsclient - INFO - Module loaded.
2023-04-29 00:01:56,575 - elsapy.elsentity - INFO - Module loaded.
2023-04-29 00:01:56,586 - elsapy.utils - INFO - Module loaded.
2023-04-29 00:01:56,593 - elsapy.elsprofile - INFO - Module loaded.
2023-04-29 00:01:56,599 - elsapy.elssearch - INFO - Module loaded.
2023-04-29 00:01:56,936 - elsapy.elsclient - INFO - Module loaded.
2023-04-29 00:01:57,076 - elsapy.elsentity - INFO - Module loaded.
2023-04-29 00:01:57,079 - elsapy.utils - INFO - Module loaded.
2023-04-29 00:01:57,081 - elsapy.elsprofile - INFO - Module loaded.
2023-04-29 00:01:57,084 - elsapy.elssearch - INFO - Module loaded.
2023-04-29 00:02:26,809 - elsapy.elsclient - INFO - Module loaded.
2023-04-29 00:02:27,137 - elsapy.elsentity - INFO - Module loaded.
2023-04-29 00:02:27,167 - elsapy.utils - INFO - Module loaded.
2023-04-29 00:02:27,179 - elsapy.elsprofile - INFO - Module loaded.
2023-04-29 00:02:27,186 - elsapy.elssearch - INFO - Module loaded.
2023-04-29 00:02:27,573 - elsapy.elsclient - INFO - Module loaded.
2023-04-29 00:02:27,759 - elsapy.elsentity - INFO - Module loaded.
2023-04-29 00:02:27,763 - elsapy.utils - INFO - Module loaded.
2023-04-29 00:02:27,765 - elsapy.elsprofile - INFO - Module loaded.
2023-04-29 00:02:27,768 - elsapy.elssearch - INFO - Module loaded.
2023-04-29 00:02:57,396 - elsapy.elsclient - INFO - Module loaded.
2023-04-29 00:02:57,650 - elsapy.elsentity - INFO - Module loaded.
2023-04-29 00:02:57,658 - elsapy.utils - INFO - Module loaded.
2023-04-29 00:02:57,663 - elsapy.elsprofile - INFO - Module loaded.
2023-04-29 00:02:57,666 - elsapy.elssearch - INFO - Module loaded.
2023-04-29 00:02:58,188 - elsapy.elsclient - INFO - Module loaded.
2023-04-29 00:02:58,308 - elsapy.elsentity - INFO - Module loaded.
2023-04-29 00:02:58,311 - elsapy.utils - INFO - Module loaded.
2023-04-29 00:02:58,325 - elsapy.elsprofile - INFO - Module loaded.
2023-04-29 00:02:58,329 - elsapy.elssearch - INFO - Module loaded.
2023-04-29 00:03:27,873 - elsapy.elsclient - INFO - Module loaded.
2023-04-29 00:03:28,147 - elsapy.elsentity - INFO - Module loaded.
2023-04-29 00:03:28,151 - elsapy.utils - INFO - Module loaded.
2023-04-29 00:03:28,154 - elsapy.elsprofile - INFO - Module loaded.
2023-04-29 00:03:28,157 - elsapy.elssearch - INFO - Module loaded.
2023-04-29 00:03:28,661 - elsapy.elsclient - INFO - Module loaded.
2023-04-29 00:03:28,781 - elsapy.elsentity - INFO - Module loaded.
2023-04-29 00:03:28,784 - elsapy.utils - INFO - Module loaded.
2023-04-29 00:03:28,786 - elsapy.elsprofile - INFO - Module loaded.
2023-04-29 00:03:28,788 - elsapy.elssearch - INFO - Module loaded.
2023-04-29 00:04:48,708 - elsapy.elsclient - INFO - Module loaded.
2023-04-29 00:04:49,027 - elsapy.elsentity - INFO - Module loaded.
2023-04-29 00:04:49,037 - elsapy.utils - INFO - Module loaded.
2023-04-29 00:04:49,044 - elsapy.elsprofile - INFO - Module loaded.
2023-04-29 00:04:49,048 - elsapy.elssearch - INFO - Module loaded.
2023-04-29 00:04:49,441 - elsapy.elsclient - INFO - Module loaded.
2023-04-29 00:04:49,616 - elsapy.elsentity - INFO - Module loaded.
2023-04-29 00:04:49,627 - elsapy.utils - INFO - Module loaded.
2023-04-29 00:04:49,638 - elsapy.elsprofile - INFO - Module loaded.
2023-04-29 00:04:49,644 - elsapy.elssearch - INFO - Module loaded.
2023-04-29 00:05:43,848 - elsapy.elsclient - INFO - Module loaded.
2023-04-29 00:05:44,231 - elsapy.elsentity - INFO - Module loaded.
2023-04-29 00:05:44,238 - elsapy.utils - INFO - Module loaded.
2023-04-29 00:05:44,241 - elsapy.elsprofile - INFO - Module loaded.
2023-04-29 00:05:44,245 - elsapy.elssearch - INFO - Module loaded.
2023-04-29 00:05:44,751 - elsapy.elsclient - INFO - Module loaded.
2023-04-29 00:05:44,879 - elsapy.elsentity - INFO - Module loaded.
2023-04-29 00:05:44,881 - elsapy.utils - INFO - Module loaded.
2023-04-29 00:05:44,884 - elsapy.elsprofile - INFO - Module loaded.
2023-04-29 00:05:44,886 - elsapy.elssearch - INFO - Module loaded.
2023-04-29 00:36:35,670 - elsapy.elsclient - INFO - Module loaded.
2023-04-29 00:36:36,200 - elsapy.elsentity - INFO - Module loaded.
2023-04-29 00:36:36,209 - elsapy.utils - INFO - Module loaded.
2023-04-29 00:36:36,214 - elsapy.elsprofile - INFO - Module loaded.
2023-04-29 00:36:36,223 - elsapy.elssearch - INFO - Module loaded.
2023-04-29 00:36:36,872 - elsapy.elsclient - INFO - Module loaded.
2023-04-29 00:36:37,171 - elsapy.elsentity - INFO - Module loaded.
2023-04-29 00:36:37,177 - elsapy.utils - INFO - Module loaded.
2023-04-29 00:36:37,181 - elsapy.elsprofile - INFO - Module loaded.
2023-04-29 00:36:37,184 - elsapy.elssearch - INFO - Module loaded.
2023-04-29 01:44:00,836 - elsapy.elsclient - INFO - Module loaded.
2023-04-29 01:44:01,105 - elsapy.elsentity - INFO - Module loaded.
2023-04-29 01:44:01,109 - elsapy.utils - INFO - Module loaded.
2023-04-29 01:44:01,112 - elsapy.elsprofile - INFO - Module loaded.
2023-04-29 01:44:01,117 - elsapy.elssearch - INFO - Module loaded.
2023-04-29 01:44:01,817 - elsapy.elsclient - INFO - Module loaded.
2023-04-29 01:44:02,210 - elsapy.elsentity - INFO - Module loaded.
2023-04-29 01:44:02,228 - elsapy.utils - INFO - Module loaded.
2023-04-29 01:44:02,245 - elsapy.elsprofile - INFO - Module loaded.
2023-04-29 01:44:02,254 - elsapy.elssearch - INFO - Module loaded.
2023-04-29 02:11:57,255 - elsapy.elsclient - INFO - Module loaded.
2023-04-29 02:11:57,786 - elsapy.elsentity - INFO - Module loaded.
2023-04-29 02:11:57,797 - elsapy.utils - INFO - Module loaded.
2023-04-29 02:11:57,808 - elsapy.elsprofile - INFO - Module loaded.
2023-04-29 02:11:57,816 - elsapy.elssearch - INFO - Module loaded.
2023-04-29 02:11:58,242 - elsapy.elsclient - INFO - Module loaded.
2023-04-29 02:11:58,417 - elsapy.elsentity - INFO - Module loaded.
2023-04-29 02:11:58,425 - elsapy.utils - INFO - Module loaded.
2023-04-29 02:11:58,432 - elsapy.elsprofile - INFO - Module loaded.
2023-04-29 02:11:58,439 - elsapy.elssearch - INFO - Module loaded.
2023-04-29 02:12:28,197 - elsapy.elsclient - INFO - Module loaded.
2023-04-29 02:12:28,389 - elsapy.elsentity - INFO - Module loaded.
2023-04-29 02:12:28,393 - elsapy.utils - INFO - Module loaded.
2023-04-29 02:12:28,396 - elsapy.elsprofile - INFO - Module loaded.
2023-04-29 02:12:28,399 - elsapy.elssearch - INFO - Module loaded.
2023-04-29 02:12:28,695 - elsapy.elsclient - INFO - Module loaded.
2023-04-29 02:12:28,810 - elsapy.elsentity - INFO - Module loaded.
2023-04-29 02:12:28,812 - elsapy.utils - INFO - Module loaded.
2023-04-29 02:12:28,815 - elsapy.elsprofile - INFO - Module loaded.
2023-04-29 02:12:28,817 - elsapy.elssearch - INFO - Module loaded.
2023-04-29 02:14:33,194 - elsapy.elsclient - INFO - Module loaded.
2023-04-29 02:14:33,567 - elsapy.elsentity - INFO - Module loaded.
2023-04-29 02:14:33,591 - elsapy.utils - INFO - Module loaded.
2023-04-29 02:14:33,688 - elsapy.elsprofile - INFO - Module loaded.
2023-04-29 02:14:33,726 - elsapy.elssearch - INFO - Module loaded.
2023-04-29 02:14:34,022 - elsapy.elsclient - INFO - Module loaded.
2023-04-29 02:14:34,164 - elsapy.elsentity - INFO - Module loaded.
2023-04-29 02:14:34,167 - elsapy.utils - INFO - Module loaded.
2023-04-29 02:14:34,169 - elsapy.elsprofile - INFO - Module loaded.
2023-04-29 02:14:34,171 - elsapy.elssearch - INFO - Module loaded.
2023-04-29 02:16:04,093 - elsapy.elsclient - INFO - Module loaded.
2023-04-29 02:16:04,313 - elsapy.elsentity - INFO - Module loaded.
2023-04-29 02:16:04,317 - elsapy.utils - INFO - Module loaded.
2023-04-29 02:16:04,320 - elsapy.elsprofile - INFO - Module loaded.
2023-04-29 02:16:04,322 - elsapy.elssearch - INFO - Module loaded.
2023-04-29 02:16:04,547 - elsapy.elsclient - INFO - Module loaded.
2023-04-29 02:16:04,674 - elsapy.elsentity - INFO - Module loaded.
2023-04-29 02:16:04,677 - elsapy.utils - INFO - Module loaded.
2023-04-29 02:16:04,679 - elsapy.elsprofile - INFO - Module loaded.
2023-04-29 02:16:04,682 - elsapy.elssearch - INFO - Module loaded.
2023-04-29 02:33:18,152 - elsapy.elsclient - INFO - Module loaded.
2023-04-29 02:33:18,774 - elsapy.elsentity - INFO - Module loaded.
2023-04-29 02:33:18,786 - elsapy.utils - INFO - Module loaded.
2023-04-29 02:33:18,804 - elsapy.elsprofile - INFO - Module loaded.
2023-04-29 02:33:18,810 - elsapy.elssearch - INFO - Module loaded.
2023-04-29 02:33:19,709 - elsapy.elsclient - INFO - Module loaded.
2023-04-29 02:33:20,060 - elsapy.elsentity - INFO - Module loaded.
2023-04-29 02:33:20,109 - elsapy.utils - INFO - Module loaded.
2023-04-29 02:33:20,165 - elsapy.elsprofile - INFO - Module loaded.
2023-04-29 02:33:20,185 - elsapy.elssearch - INFO - Module loaded.
2023-04-29 02:34:07,371 - elsapy.elsclient - INFO - Module loaded.
2023-04-29 02:34:07,628 - elsapy.elsentity - INFO - Module loaded.
2023-04-29 02:34:07,632 - elsapy.utils - INFO - Module loaded.
2023-04-29 02:34:07,634 - elsapy.elsprofile - INFO - Module loaded.
2023-04-29 02:34:07,639 - elsapy.elssearch - INFO - Module loaded.
2023-04-29 02:34:07,928 - elsapy.elsclient - INFO - Module loaded.
2023-04-29 02:34:08,089 - elsapy.elsentity - INFO - Module loaded.
2023-04-29 02:34:08,091 - elsapy.utils - INFO - Module loaded.
2023-04-29 02:34:08,094 - elsapy.elsprofile - INFO - Module loaded.
2023-04-29 02:34:08,096 - elsapy.elssearch - INFO - Module loaded.
2023-04-29 03:29:32,625 - elsapy.elsclient - INFO - Module loaded.
2023-04-29 03:29:32,986 - elsapy.elsentity - INFO - Module loaded.
2023-04-29 03:29:33,000 - elsapy.utils - INFO - Module loaded.
2023-04-29 03:29:33,015 - elsapy.elsprofile - INFO - Module loaded.
2023-04-29 03:29:33,038 - elsapy.elssearch - INFO - Module loaded.
2023-04-29 03:29:33,423 - elsapy.elsclient - INFO - Module loaded.
2023-04-29 03:29:33,623 - elsapy.elsentity - INFO - Module loaded.
2023-04-29 03:29:33,639 - elsapy.utils - INFO - Module loaded.
2023-04-29 03:29:33,647 - elsapy.elsprofile - INFO - Module loaded.
2023-04-29 03:29:33,655 - elsapy.elssearch - INFO - Module loaded.
2023-04-29 03:45:26,515 - elsapy.elsclient - INFO - Module loaded.
2023-04-29 03:45:27,045 - elsapy.elsentity - INFO - Module loaded.
2023-04-29 03:45:27,050 - elsapy.utils - INFO - Module loaded.
2023-04-29 03:45:27,058 - elsapy.elsprofile - INFO - Module loaded.
2023-04-29 03:45:27,063 - elsapy.elssearch - INFO - Module loaded.
2023-04-29 03:45:27,608 - elsapy.elsclient - INFO - Module loaded.
2023-04-29 03:45:27,836 - elsapy.elsentity - INFO - Module loaded.
2023-04-29 03:45:27,864 - elsapy.utils - INFO - Module loaded.
2023-04-29 03:45:27,869 - elsapy.elsprofile - INFO - Module loaded.
2023-04-29 03:45:27,874 - elsapy.elssearch - INFO - Module loaded.
2023-04-29 04:54:16,785 - elsapy.elsclient - INFO - Module loaded.
2023-04-29 04:54:17,196 - elsapy.elsentity - INFO - Module loaded.
2023-04-29 04:54:17,211 - elsapy.utils - INFO - Module loaded.
2023-04-29 04:54:17,232 - elsapy.elsprofile - INFO - Module loaded.
2023-04-29 04:54:17,241 - elsapy.elssearch - INFO - Module loaded.
2023-04-29 04:54:17,711 - elsapy.elsclient - INFO - Module loaded.
2023-04-29 04:54:18,086 - elsapy.elsentity - INFO - Module loaded.
2023-04-29 04:54:18,110 - elsapy.utils - INFO - Module loaded.
2023-04-29 04:54:18,127 - elsapy.elsprofile - INFO - Module loaded.
2023-04-29 04:54:18,134 - elsapy.elssearch - INFO - Module loaded.
2023-04-29 05:57:20,930 - elsapy.elsclient - INFO - Module loaded.
2023-04-29 05:57:21,127 - elsapy.elsentity - INFO - Module loaded.
2023-04-29 05:57:21,131 - elsapy.utils - INFO - Module loaded.
2023-04-29 05:57:21,133 - elsapy.elsprofile - INFO - Module loaded.
2023-04-29 05:57:21,136 - elsapy.elssearch - INFO - Module loaded.
2023-04-29 05:57:21,372 - elsapy.elsclient - INFO - Module loaded.
2023-04-29 05:57:21,555 - elsapy.elsentity - INFO - Module loaded.
2023-04-29 05:57:21,557 - elsapy.utils - INFO - Module loaded.
2023-04-29 05:57:21,560 - elsapy.elsprofile - INFO - Module loaded.
2023-04-29 05:57:21,562 - elsapy.elssearch - INFO - Module loaded.
2023-04-29 07:03:32,342 - elsapy.elsclient - INFO - Module loaded.
2023-04-29 07:03:32,950 - elsapy.elsentity - INFO - Module loaded.
2023-04-29 07:03:32,971 - elsapy.utils - INFO - Module loaded.
2023-04-29 07:03:32,997 - elsapy.elsprofile - INFO - Module loaded.
2023-04-29 07:03:33,037 - elsapy.elssearch - INFO - Module loaded.
2023-04-29 07:03:33,663 - elsapy.elsclient - INFO - Module loaded.
2023-04-29 07:03:33,964 - elsapy.elsentity - INFO - Module loaded.
2023-04-29 07:03:33,984 - elsapy.utils - INFO - Module loaded.
2023-04-29 07:03:34,004 - elsapy.elsprofile - INFO - Module loaded.
2023-04-29 07:03:34,022 - elsapy.elssearch - INFO - Module loaded.
2023-04-29 08:27:10,219 - elsapy.elsclient - INFO - Module loaded.
2023-04-29 08:27:10,715 - elsapy.elsentity - INFO - Module loaded.
2023-04-29 08:27:10,725 - elsapy.utils - INFO - Module loaded.
2023-04-29 08:27:10,730 - elsapy.elsprofile - INFO - Module loaded.
2023-04-29 08:27:10,733 - elsapy.elssearch - INFO - Module loaded.
2023-04-29 08:27:11,161 - elsapy.elsclient - INFO - Module loaded.
2023-04-29 08:27:11,348 - elsapy.elsentity - INFO - Module loaded.
2023-04-29 08:27:11,367 - elsapy.utils - INFO - Module loaded.
2023-04-29 08:27:11,374 - elsapy.elsprofile - INFO - Module loaded.
2023-04-29 08:27:11,379 - elsapy.elssearch - INFO - Module loaded.
2023-04-29 09:31:17,450 - elsapy.elsclient - INFO - Module loaded.
2023-04-29 09:31:17,735 - elsapy.elsentity - INFO - Module loaded.
2023-04-29 09:31:17,759 - elsapy.utils - INFO - Module loaded.
2023-04-29 09:31:17,770 - elsapy.elsprofile - INFO - Module loaded.
2023-04-29 09:31:17,789 - elsapy.elssearch - INFO - Module loaded.
2023-04-29 09:31:18,405 - elsapy.elsclient - INFO - Module loaded.
2023-04-29 09:31:18,611 - elsapy.elsentity - INFO - Module loaded.
2023-04-29 09:31:18,616 - elsapy.utils - INFO - Module loaded.
2023-04-29 09:31:18,621 - elsapy.elsprofile - INFO - Module loaded.
2023-04-29 09:31:18,626 - elsapy.elssearch - INFO - Module loaded.
2023-04-29 10:15:41,341 - elsapy.elsclient - INFO - Module loaded.
2023-04-29 10:15:41,587 - elsapy.elsentity - INFO - Module loaded.
2023-04-29 10:15:41,594 - elsapy.utils - INFO - Module loaded.
2023-04-29 10:15:41,599 - elsapy.elsprofile - INFO - Module loaded.
2023-04-29 10:15:41,605 - elsapy.elssearch - INFO - Module loaded.
2023-04-29 10:15:41,919 - elsapy.elsclient - INFO - Module loaded.
2023-04-29 10:15:42,038 - elsapy.elsentity - INFO - Module loaded.
2023-04-29 10:15:42,041 - elsapy.utils - INFO - Module loaded.
2023-04-29 10:15:42,043 - elsapy.elsprofile - INFO - Module loaded.
2023-04-29 10:15:42,045 - elsapy.elssearch - INFO - Module loaded.
2023-04-29 10:47:17,404 - elsapy.elsclient - INFO - Module loaded.
2023-04-29 10:47:17,791 - elsapy.elsentity - INFO - Module loaded.
2023-04-29 10:47:17,799 - elsapy.utils - INFO - Module loaded.
2023-04-29 10:47:17,805 - elsapy.elsprofile - INFO - Module loaded.
2023-04-29 10:47:17,814 - elsapy.elssearch - INFO - Module loaded.
2023-04-29 10:47:18,192 - elsapy.elsclient - INFO - Module loaded.
2023-04-29 10:47:18,353 - elsapy.elsentity - INFO - Module loaded.
2023-04-29 10:47:18,358 - elsapy.utils - INFO - Module loaded.
2023-04-29 10:47:18,363 - elsapy.elsprofile - INFO - Module loaded.
2023-04-29 10:47:18,374 - elsapy.elssearch - INFO - Module loaded.
2023-04-29 11:52:15,888 - elsapy.elsclient - INFO - Module loaded.
2023-04-29 11:52:16,224 - elsapy.elsentity - INFO - Module loaded.
2023-04-29 11:52:16,230 - elsapy.utils - INFO - Module loaded.
2023-04-29 11:52:16,238 - elsapy.elsprofile - INFO - Module loaded.
2023-04-29 11:52:16,248 - elsapy.elssearch - INFO - Module loaded.
2023-04-29 11:52:16,757 - elsapy.elsclient - INFO - Module loaded.
2023-04-29 11:52:16,924 - elsapy.elsentity - INFO - Module loaded.
2023-04-29 11:52:16,928 - elsapy.utils - INFO - Module loaded.
2023-04-29 11:52:16,931 - elsapy.elsprofile - INFO - Module loaded.
2023-04-29 11:52:16,935 - elsapy.elssearch - INFO - Module loaded.
2023-04-29 12:58:47,699 - elsapy.elsclient - INFO - Module loaded.
2023-04-29 12:58:48,036 - elsapy.elsentity - INFO - Module loaded.
2023-04-29 12:58:48,053 - elsapy.utils - INFO - Module loaded.
2023-04-29 12:58:48,086 - elsapy.elsprofile - INFO - Module loaded.
2023-04-29 12:58:48,102 - elsapy.elssearch - INFO - Module loaded.
2023-04-29 12:58:48,524 - elsapy.elsclient - INFO - Module loaded.
2023-04-29 12:58:48,677 - elsapy.elsentity - INFO - Module loaded.
2023-04-29 12:58:48,694 - elsapy.utils - INFO - Module loaded.
2023-04-29 12:58:48,712 - elsapy.elsprofile - INFO - Module loaded.
2023-04-29 12:58:48,727 - elsapy.elssearch - INFO - Module loaded.
2023-04-29 13:16:55,008 - elsapy.elsclient - INFO - Module loaded.
2023-04-29 13:16:55,521 - elsapy.elsentity - INFO - Module loaded.
2023-04-29 13:16:55,565 - elsapy.utils - INFO - Module loaded.
2023-04-29 13:16:55,589 - elsapy.elsprofile - INFO - Module loaded.
2023-04-29 13:16:55,622 - elsapy.elssearch - INFO - Module loaded.
2023-04-29 13:16:56,019 - elsapy.elsclient - INFO - Module loaded.
2023-04-29 13:16:56,240 - elsapy.elsentity - INFO - Module loaded.
2023-04-29 13:16:56,247 - elsapy.utils - INFO - Module loaded.
2023-04-29 13:16:56,252 - elsapy.elsprofile - INFO - Module loaded.
2023-04-29 13:16:56,256 - elsapy.elssearch - INFO - Module loaded.
2023-04-29 13:17:25,879 - elsapy.elsclient - INFO - Module loaded.
2023-04-29 13:17:26,244 - elsapy.elsentity - INFO - Module loaded.
2023-04-29 13:17:26,251 - elsapy.utils - INFO - Module loaded.
2023-04-29 13:17:26,254 - elsapy.elsprofile - INFO - Module loaded.
2023-04-29 13:17:26,260 - elsapy.elssearch - INFO - Module loaded.
2023-04-29 13:17:26,954 - elsapy.elsclient - INFO - Module loaded.
2023-04-29 13:17:27,164 - elsapy.elsentity - INFO - Module loaded.
2023-04-29 13:17:27,178 - elsapy.utils - INFO - Module loaded.
2023-04-29 13:17:27,186 - elsapy.elsprofile - INFO - Module loaded.
2023-04-29 13:17:27,195 - elsapy.elssearch - INFO - Module loaded.
2023-04-29 13:17:56,599 - elsapy.elsclient - INFO - Module loaded.
2023-04-29 13:17:56,965 - elsapy.elsentity - INFO - Module loaded.
2023-04-29 13:17:56,977 - elsapy.utils - INFO - Module loaded.
2023-04-29 13:17:56,980 - elsapy.elsprofile - INFO - Module loaded.
2023-04-29 13:17:56,988 - elsapy.elssearch - INFO - Module loaded.
2023-04-29 13:17:58,694 - elsapy.elsclient - INFO - Module loaded.
2023-04-29 13:17:58,845 - elsapy.elsentity - INFO - Module loaded.
2023-04-29 13:17:58,849 - elsapy.utils - INFO - Module loaded.
2023-04-29 13:17:58,853 - elsapy.elsprofile - INFO - Module loaded.
2023-04-29 13:17:58,857 - elsapy.elssearch - INFO - Module loaded.
2023-04-29 13:18:27,312 - elsapy.elsclient - INFO - Module loaded.
2023-04-29 13:18:27,560 - elsapy.elsentity - INFO - Module loaded.
2023-04-29 13:18:27,564 - elsapy.utils - INFO - Module loaded.
2023-04-29 13:18:27,567 - elsapy.elsprofile - INFO - Module loaded.
2023-04-29 13:18:27,571 - elsapy.elssearch - INFO - Module loaded.
2023-04-29 13:18:29,118 - elsapy.elsclient - INFO - Module loaded.
2023-04-29 13:18:29,246 - elsapy.elsentity - INFO - Module loaded.
2023-04-29 13:18:29,249 - elsapy.utils - INFO - Module loaded.
2023-04-29 13:18:29,251 - elsapy.elsprofile - INFO - Module loaded.
2023-04-29 13:18:29,255 - elsapy.elssearch - INFO - Module loaded.
2023-04-29 13:18:58,671 - elsapy.elsclient - INFO - Module loaded.
2023-04-29 13:18:58,867 - elsapy.elsentity - INFO - Module loaded.
2023-04-29 13:18:58,870 - elsapy.utils - INFO - Module loaded.
2023-04-29 13:18:58,873 - elsapy.elsprofile - INFO - Module loaded.
2023-04-29 13:18:58,876 - elsapy.elssearch - INFO - Module loaded.
2023-04-29 13:18:59,504 - elsapy.elsclient - INFO - Module loaded.
2023-04-29 13:18:59,622 - elsapy.elsentity - INFO - Module loaded.
2023-04-29 13:18:59,625 - elsapy.utils - INFO - Module loaded.
2023-04-29 13:18:59,627 - elsapy.elsprofile - INFO - Module loaded.
2023-04-29 13:18:59,629 - elsapy.elssearch - INFO - Module loaded.
2023-04-29 13:19:29,033 - elsapy.elsclient - INFO - Module loaded.
2023-04-29 13:19:29,234 - elsapy.elsentity - INFO - Module loaded.
2023-04-29 13:19:29,237 - elsapy.utils - INFO - Module loaded.
2023-04-29 13:19:29,239 - elsapy.elsprofile - INFO - Module loaded.
2023-04-29 13:19:29,242 - elsapy.elssearch - INFO - Module loaded.
2023-04-29 13:19:29,831 - elsapy.elsclient - INFO - Module loaded.
2023-04-29 13:19:29,954 - elsapy.elsentity - INFO - Module loaded.
2023-04-29 13:19:29,957 - elsapy.utils - INFO - Module loaded.
2023-04-29 13:19:29,959 - elsapy.elsprofile - INFO - Module loaded.
2023-04-29 13:19:29,962 - elsapy.elssearch - INFO - Module loaded.
2023-04-29 13:19:59,363 - elsapy.elsclient - INFO - Module loaded.
2023-04-29 13:19:59,601 - elsapy.elsentity - INFO - Module loaded.
2023-04-29 13:19:59,609 - elsapy.utils - INFO - Module loaded.
2023-04-29 13:19:59,617 - elsapy.elsprofile - INFO - Module loaded.
2023-04-29 13:19:59,625 - elsapy.elssearch - INFO - Module loaded.
2023-04-29 13:20:00,288 - elsapy.elsclient - INFO - Module loaded.
2023-04-29 13:20:00,427 - elsapy.elsentity - INFO - Module loaded.
2023-04-29 13:20:00,432 - elsapy.utils - INFO - Module loaded.
2023-04-29 13:20:00,434 - elsapy.elsprofile - INFO - Module loaded.
2023-04-29 13:20:00,439 - elsapy.elssearch - INFO - Module loaded.
2023-04-29 13:20:30,116 - elsapy.elsclient - INFO - Module loaded.
2023-04-29 13:20:30,298 - elsapy.elsentity - INFO - Module loaded.
2023-04-29 13:20:30,301 - elsapy.utils - INFO - Module loaded.
2023-04-29 13:20:30,304 - elsapy.elsprofile - INFO - Module loaded.
2023-04-29 13:20:30,307 - elsapy.elssearch - INFO - Module loaded.
2023-04-29 13:20:30,625 - elsapy.elsclient - INFO - Module loaded.
2023-04-29 13:20:30,767 - elsapy.elsentity - INFO - Module loaded.
2023-04-29 13:20:30,770 - elsapy.utils - INFO - Module loaded.
2023-04-29 13:20:30,773 - elsapy.elsprofile - INFO - Module loaded.
2023-04-29 13:20:30,775 - elsapy.elssearch - INFO - Module loaded.
2023-04-29 13:21:01,179 - elsapy.elsclient - INFO - Module loaded.
2023-04-29 13:21:01,410 - elsapy.elsentity - INFO - Module loaded.
2023-04-29 13:21:01,414 - elsapy.utils - INFO - Module loaded.
2023-04-29 13:21:01,418 - elsapy.elsprofile - INFO - Module loaded.
2023-04-29 13:21:01,420 - elsapy.elssearch - INFO - Module loaded.
2023-04-29 13:21:01,682 - elsapy.elsclient - INFO - Module loaded.
2023-04-29 13:21:01,824 - elsapy.elsentity - INFO - Module loaded.
2023-04-29 13:21:01,826 - elsapy.utils - INFO - Module loaded.
2023-04-29 13:21:01,829 - elsapy.elsprofile - INFO - Module loaded.
2023-04-29 13:21:01,831 - elsapy.elssearch - INFO - Module loaded.
2023-04-29 13:21:32,542 - elsapy.elsclient - INFO - Module loaded.
2023-04-29 13:21:32,970 - elsapy.elsentity - INFO - Module loaded.
2023-04-29 13:21:32,976 - elsapy.utils - INFO - Module loaded.
2023-04-29 13:21:32,979 - elsapy.elsprofile - INFO - Module loaded.
2023-04-29 13:21:32,983 - elsapy.elssearch - INFO - Module loaded.
2023-04-29 13:21:33,502 - elsapy.elsclient - INFO - Module loaded.
2023-04-29 13:21:33,685 - elsapy.elsentity - INFO - Module loaded.
2023-04-29 13:21:33,689 - elsapy.utils - INFO - Module loaded.
2023-04-29 13:21:33,691 - elsapy.elsprofile - INFO - Module loaded.
2023-04-29 13:21:33,694 - elsapy.elssearch - INFO - Module loaded.
2023-04-29 13:22:03,626 - elsapy.elsclient - INFO - Module loaded.
2023-04-29 13:22:03,831 - elsapy.elsentity - INFO - Module loaded.
2023-04-29 13:22:03,835 - elsapy.utils - INFO - Module loaded.
2023-04-29 13:22:03,838 - elsapy.elsprofile - INFO - Module loaded.
2023-04-29 13:22:03,841 - elsapy.elssearch - INFO - Module loaded.
2023-04-29 13:22:04,065 - elsapy.elsclient - INFO - Module loaded.
2023-04-29 13:22:04,193 - elsapy.elsentity - INFO - Module loaded.
2023-04-29 13:22:04,196 - elsapy.utils - INFO - Module loaded.
2023-04-29 13:22:04,198 - elsapy.elsprofile - INFO - Module loaded.
2023-04-29 13:22:04,201 - elsapy.elssearch - INFO - Module loaded.
2023-04-29 13:22:34,551 - elsapy.elsclient - INFO - Module loaded.
2023-04-29 13:22:34,769 - elsapy.elsentity - INFO - Module loaded.
2023-04-29 13:22:34,779 - elsapy.utils - INFO - Module loaded.
2023-04-29 13:22:34,783 - elsapy.elsprofile - INFO - Module loaded.
2023-04-29 13:22:34,788 - elsapy.elssearch - INFO - Module loaded.
2023-04-29 13:22:35,138 - elsapy.elsclient - INFO - Module loaded.
2023-04-29 13:22:35,280 - elsapy.elsentity - INFO - Module loaded.
2023-04-29 13:22:35,283 - elsapy.utils - INFO - Module loaded.
2023-04-29 13:22:35,286 - elsapy.elsprofile - INFO - Module loaded.
2023-04-29 13:22:35,288 - elsapy.elssearch - INFO - Module loaded.
2023-04-29 13:23:04,947 - elsapy.elsclient - INFO - Module loaded.
2023-04-29 13:23:05,166 - elsapy.elsentity - INFO - Module loaded.
2023-04-29 13:23:05,171 - elsapy.utils - INFO - Module loaded.
2023-04-29 13:23:05,176 - elsapy.elsprofile - INFO - Module loaded.
2023-04-29 13:23:05,179 - elsapy.elssearch - INFO - Module loaded.
2023-04-29 13:23:05,693 - elsapy.elsclient - INFO - Module loaded.
2023-04-29 13:23:05,843 - elsapy.elsentity - INFO - Module loaded.
2023-04-29 13:23:05,846 - elsapy.utils - INFO - Module loaded.
2023-04-29 13:23:05,850 - elsapy.elsprofile - INFO - Module loaded.
2023-04-29 13:23:05,854 - elsapy.elssearch - INFO - Module loaded.
2023-04-29 13:23:35,291 - elsapy.elsclient - INFO - Module loaded.
2023-04-29 13:23:35,482 - elsapy.elsentity - INFO - Module loaded.
2023-04-29 13:23:35,487 - elsapy.utils - INFO - Module loaded.
2023-04-29 13:23:35,490 - elsapy.elsprofile - INFO - Module loaded.
2023-04-29 13:23:35,493 - elsapy.elssearch - INFO - Module loaded.
2023-04-29 13:23:36,931 - elsapy.elsclient - INFO - Module loaded.
2023-04-29 13:23:37,052 - elsapy.elsentity - INFO - Module loaded.
2023-04-29 13:23:37,055 - elsapy.utils - INFO - Module loaded.
2023-04-29 13:23:37,057 - elsapy.elsprofile - INFO - Module loaded.
2023-04-29 13:23:37,059 - elsapy.elssearch - INFO - Module loaded.
2023-04-29 13:24:06,482 - elsapy.elsclient - INFO - Module loaded.
2023-04-29 13:24:06,666 - elsapy.elsentity - INFO - Module loaded.
2023-04-29 13:24:06,669 - elsapy.utils - INFO - Module loaded.
2023-04-29 13:24:06,672 - elsapy.elsprofile - INFO - Module loaded.
2023-04-29 13:24:06,675 - elsapy.elssearch - INFO - Module loaded.
2023-04-29 13:24:08,048 - elsapy.elsclient - INFO - Module loaded.
2023-04-29 13:24:08,177 - elsapy.elsentity - INFO - Module loaded.
2023-04-29 13:24:08,179 - elsapy.utils - INFO - Module loaded.
2023-04-29 13:24:08,182 - elsapy.elsprofile - INFO - Module loaded.
2023-04-29 13:24:08,184 - elsapy.elssearch - INFO - Module loaded.
2023-04-29 13:24:37,547 - elsapy.elsclient - INFO - Module loaded.
2023-04-29 13:24:37,741 - elsapy.elsentity - INFO - Module loaded.
2023-04-29 13:24:37,746 - elsapy.utils - INFO - Module loaded.
2023-04-29 13:24:37,748 - elsapy.elsprofile - INFO - Module loaded.
2023-04-29 13:24:37,751 - elsapy.elssearch - INFO - Module loaded.
2023-04-29 13:24:39,073 - elsapy.elsclient - INFO - Module loaded.
2023-04-29 13:24:39,197 - elsapy.elsentity - INFO - Module loaded.
2023-04-29 13:24:39,200 - elsapy.utils - INFO - Module loaded.
2023-04-29 13:24:39,203 - elsapy.elsprofile - INFO - Module loaded.
2023-04-29 13:24:39,206 - elsapy.elssearch - INFO - Module loaded.
2023-04-29 13:25:08,634 - elsapy.elsclient - INFO - Module loaded.
2023-04-29 13:25:08,902 - elsapy.elsentity - INFO - Module loaded.
2023-04-29 13:25:08,906 - elsapy.utils - INFO - Module loaded.
2023-04-29 13:25:08,910 - elsapy.elsprofile - INFO - Module loaded.
2023-04-29 13:25:08,915 - elsapy.elssearch - INFO - Module loaded.
2023-04-29 13:25:09,477 - elsapy.elsclient - INFO - Module loaded.
2023-04-29 13:25:09,610 - elsapy.elsentity - INFO - Module loaded.
2023-04-29 13:25:09,613 - elsapy.utils - INFO - Module loaded.
2023-04-29 13:25:09,616 - elsapy.elsprofile - INFO - Module loaded.
2023-04-29 13:25:09,619 - elsapy.elssearch - INFO - Module loaded.
2023-04-29 13:25:39,132 - elsapy.elsclient - INFO - Module loaded.
2023-04-29 13:25:39,378 - elsapy.elsentity - INFO - Module loaded.
2023-04-29 13:25:39,381 - elsapy.utils - INFO - Module loaded.
2023-04-29 13:25:39,384 - elsapy.elsprofile - INFO - Module loaded.
2023-04-29 13:25:39,387 - elsapy.elssearch - INFO - Module loaded.
2023-04-29 13:25:40,086 - elsapy.elsclient - INFO - Module loaded.
2023-04-29 13:25:40,208 - elsapy.elsentity - INFO - Module loaded.
2023-04-29 13:25:40,211 - elsapy.utils - INFO - Module loaded.
2023-04-29 13:25:40,213 - elsapy.elsprofile - INFO - Module loaded.
2023-04-29 13:25:40,215 - elsapy.elssearch - INFO - Module loaded.
2023-04-29 13:26:09,580 - elsapy.elsclient - INFO - Module loaded.
2023-04-29 13:26:09,841 - elsapy.elsentity - INFO - Module loaded.
2023-04-29 13:26:09,845 - elsapy.utils - INFO - Module loaded.
2023-04-29 13:26:09,856 - elsapy.elsprofile - INFO - Module loaded.
2023-04-29 13:26:09,858 - elsapy.elssearch - INFO - Module loaded.
2023-04-29 13:26:10,485 - elsapy.elsclient - INFO - Module loaded.
2023-04-29 13:26:10,601 - elsapy.elsentity - INFO - Module loaded.
2023-04-29 13:26:10,604 - elsapy.utils - INFO - Module loaded.
2023-04-29 13:26:10,606 - elsapy.elsprofile - INFO - Module loaded.
2023-04-29 13:26:10,608 - elsapy.elssearch - INFO - Module loaded.
2023-04-29 13:26:40,903 - elsapy.elsclient - INFO - Module loaded.
2023-04-29 13:26:41,118 - elsapy.elsentity - INFO - Module loaded.
2023-04-29 13:26:41,122 - elsapy.utils - INFO - Module loaded.
2023-04-29 13:26:41,126 - elsapy.elsprofile - INFO - Module loaded.
2023-04-29 13:26:41,131 - elsapy.elssearch - INFO - Module loaded.
2023-04-29 13:26:41,434 - elsapy.elsclient - INFO - Module loaded.
2023-04-29 13:26:41,557 - elsapy.elsentity - INFO - Module loaded.
2023-04-29 13:26:41,560 - elsapy.utils - INFO - Module loaded.
2023-04-29 13:26:41,563 - elsapy.elsprofile - INFO - Module loaded.
2023-04-29 13:26:41,566 - elsapy.elssearch - INFO - Module loaded.
2023-04-29 13:27:12,210 - elsapy.elsclient - INFO - Module loaded.
2023-04-29 13:27:12,459 - elsapy.elsentity - INFO - Module loaded.
2023-04-29 13:27:12,463 - elsapy.utils - INFO - Module loaded.
2023-04-29 13:27:12,467 - elsapy.elsprofile - INFO - Module loaded.
2023-04-29 13:27:12,470 - elsapy.elssearch - INFO - Module loaded.
2023-04-29 13:27:12,826 - elsapy.elsclient - INFO - Module loaded.
2023-04-29 13:27:12,968 - elsapy.elsentity - INFO - Module loaded.
2023-04-29 13:27:12,971 - elsapy.utils - INFO - Module loaded.
2023-04-29 13:27:12,975 - elsapy.elsprofile - INFO - Module loaded.
2023-04-29 13:27:12,978 - elsapy.elssearch - INFO - Module loaded.
2023-04-29 13:27:43,604 - elsapy.elsclient - INFO - Module loaded.
2023-04-29 13:27:43,965 - elsapy.elsentity - INFO - Module loaded.
2023-04-29 13:27:43,988 - elsapy.utils - INFO - Module loaded.
2023-04-29 13:27:43,994 - elsapy.elsprofile - INFO - Module loaded.
2023-04-29 13:27:43,998 - elsapy.elssearch - INFO - Module loaded.
2023-04-29 13:27:44,599 - elsapy.elsclient - INFO - Module loaded.
2023-04-29 13:27:44,817 - elsapy.elsentity - INFO - Module loaded.
2023-04-29 13:27:44,821 - elsapy.utils - INFO - Module loaded.
2023-04-29 13:27:44,823 - elsapy.elsprofile - INFO - Module loaded.
2023-04-29 13:27:44,828 - elsapy.elssearch - INFO - Module loaded.
2023-04-29 13:28:14,642 - elsapy.elsclient - INFO - Module loaded.
2023-04-29 13:28:14,879 - elsapy.elsentity - INFO - Module loaded.
2023-04-29 13:28:14,883 - elsapy.utils - INFO - Module loaded.
2023-04-29 13:28:14,886 - elsapy.elsprofile - INFO - Module loaded.
2023-04-29 13:28:14,889 - elsapy.elssearch - INFO - Module loaded.
2023-04-29 13:28:15,214 - elsapy.elsclient - INFO - Module loaded.
2023-04-29 13:28:15,348 - elsapy.elsentity - INFO - Module loaded.
2023-04-29 13:28:15,351 - elsapy.utils - INFO - Module loaded.
2023-04-29 13:28:15,353 - elsapy.elsprofile - INFO - Module loaded.
2023-04-29 13:28:15,356 - elsapy.elssearch - INFO - Module loaded.
2023-04-29 13:28:45,091 - elsapy.elsclient - INFO - Module loaded.
2023-04-29 13:28:45,301 - elsapy.elsentity - INFO - Module loaded.
2023-04-29 13:28:45,305 - elsapy.utils - INFO - Module loaded.
2023-04-29 13:28:45,307 - elsapy.elsprofile - INFO - Module loaded.
2023-04-29 13:28:45,311 - elsapy.elssearch - INFO - Module loaded.
2023-04-29 13:28:45,645 - elsapy.elsclient - INFO - Module loaded.
2023-04-29 13:28:45,793 - elsapy.elsentity - INFO - Module loaded.
2023-04-29 13:28:45,796 - elsapy.utils - INFO - Module loaded.
2023-04-29 13:28:45,800 - elsapy.elsprofile - INFO - Module loaded.
2023-04-29 13:28:45,803 - elsapy.elssearch - INFO - Module loaded.
2023-04-29 13:29:16,362 - elsapy.elsclient - INFO - Module loaded.
2023-04-29 13:29:16,586 - elsapy.elsentity - INFO - Module loaded.
2023-04-29 13:29:16,593 - elsapy.utils - INFO - Module loaded.
2023-04-29 13:29:16,596 - elsapy.elsprofile - INFO - Module loaded.
2023-04-29 13:29:16,598 - elsapy.elssearch - INFO - Module loaded.
2023-04-29 13:29:16,936 - elsapy.elsclient - INFO - Module loaded.
2023-04-29 13:29:17,061 - elsapy.elsentity - INFO - Module loaded.
2023-04-29 13:29:17,064 - elsapy.utils - INFO - Module loaded.
2023-04-29 13:29:17,066 - elsapy.elsprofile - INFO - Module loaded.
2023-04-29 13:29:17,069 - elsapy.elssearch - INFO - Module loaded.
2023-04-29 13:29:47,628 - elsapy.elsclient - INFO - Module loaded.
2023-04-29 13:29:47,853 - elsapy.elsentity - INFO - Module loaded.
2023-04-29 13:29:47,858 - elsapy.utils - INFO - Module loaded.
2023-04-29 13:29:47,860 - elsapy.elsprofile - INFO - Module loaded.
2023-04-29 13:29:47,864 - elsapy.elssearch - INFO - Module loaded.
2023-04-29 13:29:48,135 - elsapy.elsclient - INFO - Module loaded.
2023-04-29 13:29:48,272 - elsapy.elsentity - INFO - Module loaded.
2023-04-29 13:29:48,275 - elsapy.utils - INFO - Module loaded.
2023-04-29 13:29:48,278 - elsapy.elsprofile - INFO - Module loaded.
2023-04-29 13:29:48,280 - elsapy.elssearch - INFO - Module loaded.
2023-04-29 13:30:18,846 - elsapy.elsclient - INFO - Module loaded.
2023-04-29 13:30:18,962 - elsapy.elsentity - INFO - Module loaded.
2023-04-29 13:30:18,965 - elsapy.utils - INFO - Module loaded.
2023-04-29 13:30:18,967 - elsapy.elsprofile - INFO - Module loaded.
2023-04-29 13:30:18,969 - elsapy.elssearch - INFO - Module loaded.
2023-04-29 13:30:19,184 - elsapy.elsclient - INFO - Module loaded.
2023-04-29 13:30:19,309 - elsapy.elsentity - INFO - Module loaded.
2023-04-29 13:30:19,312 - elsapy.utils - INFO - Module loaded.
2023-04-29 13:30:19,314 - elsapy.elsprofile - INFO - Module loaded.
2023-04-29 13:30:19,316 - elsapy.elssearch - INFO - Module loaded.
2023-04-29 13:30:49,782 - elsapy.elsclient - INFO - Module loaded.
2023-04-29 13:30:49,962 - elsapy.elsentity - INFO - Module loaded.
2023-04-29 13:30:49,965 - elsapy.utils - INFO - Module loaded.
2023-04-29 13:30:49,968 - elsapy.elsprofile - INFO - Module loaded.
2023-04-29 13:30:49,971 - elsapy.elssearch - INFO - Module loaded.
2023-04-29 13:30:50,284 - elsapy.elsclient - INFO - Module loaded.
2023-04-29 13:30:50,461 - elsapy.elsentity - INFO - Module loaded.
2023-04-29 13:30:50,464 - elsapy.utils - INFO - Module loaded.
2023-04-29 13:30:50,468 - elsapy.elsprofile - INFO - Module loaded.
2023-04-29 13:30:50,470 - elsapy.elssearch - INFO - Module loaded.
2023-04-29 13:31:20,150 - elsapy.elsclient - INFO - Module loaded.
2023-04-29 13:31:20,314 - elsapy.elsentity - INFO - Module loaded.
2023-04-29 13:31:20,317 - elsapy.utils - INFO - Module loaded.
2023-04-29 13:31:20,320 - elsapy.elsprofile - INFO - Module loaded.
2023-04-29 13:31:20,323 - elsapy.elssearch - INFO - Module loaded.
2023-04-29 13:31:20,756 - elsapy.elsclient - INFO - Module loaded.
2023-04-29 13:31:20,874 - elsapy.elsentity - INFO - Module loaded.
2023-04-29 13:31:20,878 - elsapy.utils - INFO - Module loaded.
2023-04-29 13:31:20,880 - elsapy.elsprofile - INFO - Module loaded.
2023-04-29 13:31:20,883 - elsapy.elssearch - INFO - Module loaded.
2023-04-29 13:31:51,324 - elsapy.elsclient - INFO - Module loaded.
2023-04-29 13:31:51,477 - elsapy.elsentity - INFO - Module loaded.
2023-04-29 13:31:51,482 - elsapy.utils - INFO - Module loaded.
2023-04-29 13:31:51,485 - elsapy.elsprofile - INFO - Module loaded.
2023-04-29 13:31:51,487 - elsapy.elssearch - INFO - Module loaded.
2023-04-29 13:31:51,783 - elsapy.elsclient - INFO - Module loaded.
2023-04-29 13:31:51,923 - elsapy.elsentity - INFO - Module loaded.
2023-04-29 13:31:51,925 - elsapy.utils - INFO - Module loaded.
2023-04-29 13:31:51,927 - elsapy.elsprofile - INFO - Module loaded.
2023-04-29 13:31:51,930 - elsapy.elssearch - INFO - Module loaded.
2023-04-29 13:32:22,482 - elsapy.elsclient - INFO - Module loaded.
2023-04-29 13:32:22,663 - elsapy.elsentity - INFO - Module loaded.
2023-04-29 13:32:22,666 - elsapy.utils - INFO - Module loaded.
2023-04-29 13:32:22,668 - elsapy.elsprofile - INFO - Module loaded.
2023-04-29 13:32:22,670 - elsapy.elssearch - INFO - Module loaded.
2023-04-29 13:32:22,958 - elsapy.elsclient - INFO - Module loaded.
2023-04-29 13:32:23,077 - elsapy.elsentity - INFO - Module loaded.
2023-04-29 13:32:23,080 - elsapy.utils - INFO - Module loaded.
2023-04-29 13:32:23,082 - elsapy.elsprofile - INFO - Module loaded.
2023-04-29 13:32:23,085 - elsapy.elssearch - INFO - Module loaded.
2023-04-29 13:32:53,660 - elsapy.elsclient - INFO - Module loaded.
2023-04-29 13:32:53,903 - elsapy.elsentity - INFO - Module loaded.
2023-04-29 13:32:53,907 - elsapy.utils - INFO - Module loaded.
2023-04-29 13:32:53,910 - elsapy.elsprofile - INFO - Module loaded.
2023-04-29 13:32:53,913 - elsapy.elssearch - INFO - Module loaded.
2023-04-29 13:32:54,247 - elsapy.elsclient - INFO - Module loaded.
2023-04-29 13:32:54,390 - elsapy.elsentity - INFO - Module loaded.
2023-04-29 13:32:54,392 - elsapy.utils - INFO - Module loaded.
2023-04-29 13:32:54,394 - elsapy.elsprofile - INFO - Module loaded.
2023-04-29 13:32:54,397 - elsapy.elssearch - INFO - Module loaded.
