2023-05-20 00:00:01,334 - elsapy.elsclient - INFO - Module loaded.
2023-05-20 00:00:01,518 - elsapy.elsentity - INFO - Module loaded.
2023-05-20 00:00:01,521 - elsapy.utils - INFO - Module loaded.
2023-05-20 00:00:01,523 - elsapy.elsprofile - INFO - Module loaded.
2023-05-20 00:00:01,526 - elsapy.elssearch - INFO - Module loaded.
2023-05-20 00:00:04,000 - elsapy.elsclient - INFO - Module loaded.
2023-05-20 00:00:04,141 - elsapy.elsentity - INFO - Module loaded.
2023-05-20 00:00:04,143 - elsapy.utils - INFO - Module loaded.
2023-05-20 00:00:04,145 - elsapy.elsprofile - INFO - Module loaded.
2023-05-20 00:00:04,148 - elsapy.elssearch - INFO - Module loaded.
2023-05-20 00:00:31,773 - elsapy.elsclient - INFO - Module loaded.
2023-05-20 00:00:31,903 - elsapy.elsentity - INFO - Module loaded.
2023-05-20 00:00:31,906 - elsapy.utils - INFO - Module loaded.
2023-05-20 00:00:31,910 - elsapy.elsprofile - INFO - Module loaded.
2023-05-20 00:00:31,913 - elsapy.elssearch - INFO - Module loaded.
2023-05-20 00:00:34,386 - elsapy.elsclient - INFO - Module loaded.
2023-05-20 00:00:34,541 - elsapy.elsentity - INFO - Module loaded.
2023-05-20 00:00:34,544 - elsapy.utils - INFO - Module loaded.
2023-05-20 00:00:34,546 - elsapy.elsprofile - INFO - Module loaded.
2023-05-20 00:00:34,549 - elsapy.elssearch - INFO - Module loaded.
2023-05-20 00:01:02,186 - elsapy.elsclient - INFO - Module loaded.
2023-05-20 00:01:02,314 - elsapy.elsentity - INFO - Module loaded.
2023-05-20 00:01:02,316 - elsapy.utils - INFO - Module loaded.
2023-05-20 00:01:02,319 - elsapy.elsprofile - INFO - Module loaded.
2023-05-20 00:01:02,321 - elsapy.elssearch - INFO - Module loaded.
2023-05-20 00:01:04,863 - elsapy.elsclient - INFO - Module loaded.
2023-05-20 00:01:05,076 - elsapy.elsentity - INFO - Module loaded.
2023-05-20 00:01:05,079 - elsapy.utils - INFO - Module loaded.
2023-05-20 00:01:05,081 - elsapy.elsprofile - INFO - Module loaded.
2023-05-20 00:01:05,084 - elsapy.elssearch - INFO - Module loaded.
2023-05-20 00:01:32,585 - elsapy.elsclient - INFO - Module loaded.
2023-05-20 00:01:32,815 - elsapy.elsentity - INFO - Module loaded.
2023-05-20 00:01:32,819 - elsapy.utils - INFO - Module loaded.
2023-05-20 00:01:32,822 - elsapy.elsprofile - INFO - Module loaded.
2023-05-20 00:01:32,824 - elsapy.elssearch - INFO - Module loaded.
2023-05-20 00:01:35,652 - elsapy.elsclient - INFO - Module loaded.
2023-05-20 00:01:35,777 - elsapy.elsentity - INFO - Module loaded.
2023-05-20 00:01:35,780 - elsapy.utils - INFO - Module loaded.
2023-05-20 00:01:35,783 - elsapy.elsprofile - INFO - Module loaded.
2023-05-20 00:01:35,786 - elsapy.elssearch - INFO - Module loaded.
2023-05-20 00:02:03,051 - elsapy.elsclient - INFO - Module loaded.
2023-05-20 00:02:03,277 - elsapy.elsentity - INFO - Module loaded.
2023-05-20 00:02:03,280 - elsapy.utils - INFO - Module loaded.
2023-05-20 00:02:03,283 - elsapy.elsprofile - INFO - Module loaded.
2023-05-20 00:02:03,286 - elsapy.elssearch - INFO - Module loaded.
2023-05-20 00:02:06,014 - elsapy.elsclient - INFO - Module loaded.
2023-05-20 00:02:06,152 - elsapy.elsentity - INFO - Module loaded.
2023-05-20 00:02:06,154 - elsapy.utils - INFO - Module loaded.
2023-05-20 00:02:06,156 - elsapy.elsprofile - INFO - Module loaded.
2023-05-20 00:02:06,159 - elsapy.elssearch - INFO - Module loaded.
2023-05-20 00:02:33,500 - elsapy.elsclient - INFO - Module loaded.
2023-05-20 00:02:33,709 - elsapy.elsentity - INFO - Module loaded.
2023-05-20 00:02:33,712 - elsapy.utils - INFO - Module loaded.
2023-05-20 00:02:33,714 - elsapy.elsprofile - INFO - Module loaded.
2023-05-20 00:02:33,717 - elsapy.elssearch - INFO - Module loaded.
2023-05-20 00:02:36,416 - elsapy.elsclient - INFO - Module loaded.
2023-05-20 00:02:36,546 - elsapy.elsentity - INFO - Module loaded.
2023-05-20 00:02:36,549 - elsapy.utils - INFO - Module loaded.
2023-05-20 00:02:36,551 - elsapy.elsprofile - INFO - Module loaded.
2023-05-20 00:02:36,553 - elsapy.elssearch - INFO - Module loaded.
2023-05-20 00:03:03,920 - elsapy.elsclient - INFO - Module loaded.
2023-05-20 00:03:04,135 - elsapy.elsentity - INFO - Module loaded.
2023-05-20 00:03:04,141 - elsapy.utils - INFO - Module loaded.
2023-05-20 00:03:04,145 - elsapy.elsprofile - INFO - Module loaded.
2023-05-20 00:03:04,151 - elsapy.elssearch - INFO - Module loaded.
2023-05-20 00:03:06,900 - elsapy.elsclient - INFO - Module loaded.
2023-05-20 00:03:07,077 - elsapy.elsentity - INFO - Module loaded.
2023-05-20 00:03:07,080 - elsapy.utils - INFO - Module loaded.
2023-05-20 00:03:07,083 - elsapy.elsprofile - INFO - Module loaded.
2023-05-20 00:03:07,086 - elsapy.elssearch - INFO - Module loaded.
2023-05-20 00:03:34,454 - elsapy.elsclient - INFO - Module loaded.
2023-05-20 00:03:34,646 - elsapy.elsentity - INFO - Module loaded.
2023-05-20 00:03:34,650 - elsapy.utils - INFO - Module loaded.
2023-05-20 00:03:34,652 - elsapy.elsprofile - INFO - Module loaded.
2023-05-20 00:03:34,655 - elsapy.elssearch - INFO - Module loaded.
2023-05-20 00:03:37,325 - elsapy.elsclient - INFO - Module loaded.
2023-05-20 00:03:37,475 - elsapy.elsentity - INFO - Module loaded.
2023-05-20 00:03:37,478 - elsapy.utils - INFO - Module loaded.
2023-05-20 00:03:37,480 - elsapy.elsprofile - INFO - Module loaded.
2023-05-20 00:03:37,482 - elsapy.elssearch - INFO - Module loaded.
2023-05-20 00:04:04,841 - elsapy.elsclient - INFO - Module loaded.
2023-05-20 00:04:05,045 - elsapy.elsentity - INFO - Module loaded.
2023-05-20 00:04:05,049 - elsapy.utils - INFO - Module loaded.
2023-05-20 00:04:05,051 - elsapy.elsprofile - INFO - Module loaded.
2023-05-20 00:04:05,054 - elsapy.elssearch - INFO - Module loaded.
2023-05-20 00:04:07,815 - elsapy.elsclient - INFO - Module loaded.
2023-05-20 00:04:07,939 - elsapy.elsentity - INFO - Module loaded.
2023-05-20 00:04:07,942 - elsapy.utils - INFO - Module loaded.
2023-05-20 00:04:07,944 - elsapy.elsprofile - INFO - Module loaded.
2023-05-20 00:04:07,946 - elsapy.elssearch - INFO - Module loaded.
2023-05-20 00:04:35,219 - elsapy.elsclient - INFO - Module loaded.
2023-05-20 00:04:35,430 - elsapy.elsentity - INFO - Module loaded.
2023-05-20 00:04:35,434 - elsapy.utils - INFO - Module loaded.
2023-05-20 00:04:35,437 - elsapy.elsprofile - INFO - Module loaded.
2023-05-20 00:04:35,440 - elsapy.elssearch - INFO - Module loaded.
2023-05-20 00:04:38,125 - elsapy.elsclient - INFO - Module loaded.
2023-05-20 00:04:38,263 - elsapy.elsentity - INFO - Module loaded.
2023-05-20 00:04:38,268 - elsapy.utils - INFO - Module loaded.
2023-05-20 00:04:38,271 - elsapy.elsprofile - INFO - Module loaded.
2023-05-20 00:04:38,274 - elsapy.elssearch - INFO - Module loaded.
2023-05-20 00:05:05,583 - elsapy.elsclient - INFO - Module loaded.
2023-05-20 00:05:05,707 - elsapy.elsentity - INFO - Module loaded.
2023-05-20 00:05:05,710 - elsapy.utils - INFO - Module loaded.
2023-05-20 00:05:05,713 - elsapy.elsprofile - INFO - Module loaded.
2023-05-20 00:05:05,715 - elsapy.elssearch - INFO - Module loaded.
2023-05-20 00:05:08,596 - elsapy.elsclient - INFO - Module loaded.
2023-05-20 00:05:08,729 - elsapy.elsentity - INFO - Module loaded.
2023-05-20 00:05:08,731 - elsapy.utils - INFO - Module loaded.
2023-05-20 00:05:08,733 - elsapy.elsprofile - INFO - Module loaded.
2023-05-20 00:05:08,736 - elsapy.elssearch - INFO - Module loaded.
2023-05-20 00:05:36,089 - elsapy.elsclient - INFO - Module loaded.
2023-05-20 00:05:36,276 - elsapy.elsentity - INFO - Module loaded.
2023-05-20 00:05:36,280 - elsapy.utils - INFO - Module loaded.
2023-05-20 00:05:36,282 - elsapy.elsprofile - INFO - Module loaded.
2023-05-20 00:05:36,285 - elsapy.elssearch - INFO - Module loaded.
2023-05-20 00:05:39,017 - elsapy.elsclient - INFO - Module loaded.
2023-05-20 00:05:39,146 - elsapy.elsentity - INFO - Module loaded.
2023-05-20 00:05:39,149 - elsapy.utils - INFO - Module loaded.
2023-05-20 00:05:39,151 - elsapy.elsprofile - INFO - Module loaded.
2023-05-20 00:05:39,153 - elsapy.elssearch - INFO - Module loaded.
2023-05-20 00:06:06,543 - elsapy.elsclient - INFO - Module loaded.
2023-05-20 00:06:06,676 - elsapy.elsentity - INFO - Module loaded.
2023-05-20 00:06:06,678 - elsapy.utils - INFO - Module loaded.
2023-05-20 00:06:06,681 - elsapy.elsprofile - INFO - Module loaded.
2023-05-20 00:06:06,685 - elsapy.elssearch - INFO - Module loaded.
2023-05-20 00:06:09,496 - elsapy.elsclient - INFO - Module loaded.
2023-05-20 00:06:09,629 - elsapy.elsentity - INFO - Module loaded.
2023-05-20 00:06:09,631 - elsapy.utils - INFO - Module loaded.
2023-05-20 00:06:09,633 - elsapy.elsprofile - INFO - Module loaded.
2023-05-20 00:06:09,635 - elsapy.elssearch - INFO - Module loaded.
2023-05-20 00:06:36,934 - elsapy.elsclient - INFO - Module loaded.
2023-05-20 00:06:37,131 - elsapy.elsentity - INFO - Module loaded.
2023-05-20 00:06:37,140 - elsapy.utils - INFO - Module loaded.
2023-05-20 00:06:37,146 - elsapy.elsprofile - INFO - Module loaded.
2023-05-20 00:06:37,150 - elsapy.elssearch - INFO - Module loaded.
2023-05-20 00:06:39,897 - elsapy.elsclient - INFO - Module loaded.
2023-05-20 00:06:40,031 - elsapy.elsentity - INFO - Module loaded.
2023-05-20 00:06:40,033 - elsapy.utils - INFO - Module loaded.
2023-05-20 00:06:40,035 - elsapy.elsprofile - INFO - Module loaded.
2023-05-20 00:06:40,038 - elsapy.elssearch - INFO - Module loaded.
2023-05-20 00:07:07,430 - elsapy.elsclient - INFO - Module loaded.
2023-05-20 00:07:07,657 - elsapy.elsentity - INFO - Module loaded.
2023-05-20 00:07:07,661 - elsapy.utils - INFO - Module loaded.
2023-05-20 00:07:07,664 - elsapy.elsprofile - INFO - Module loaded.
2023-05-20 00:07:07,667 - elsapy.elssearch - INFO - Module loaded.
2023-05-20 00:07:10,394 - elsapy.elsclient - INFO - Module loaded.
2023-05-20 00:07:10,524 - elsapy.elsentity - INFO - Module loaded.
2023-05-20 00:07:10,527 - elsapy.utils - INFO - Module loaded.
2023-05-20 00:07:10,529 - elsapy.elsprofile - INFO - Module loaded.
2023-05-20 00:07:10,531 - elsapy.elssearch - INFO - Module loaded.
2023-05-20 00:07:37,874 - elsapy.elsclient - INFO - Module loaded.
2023-05-20 00:07:38,126 - elsapy.elsentity - INFO - Module loaded.
2023-05-20 00:07:38,129 - elsapy.utils - INFO - Module loaded.
2023-05-20 00:07:38,131 - elsapy.elsprofile - INFO - Module loaded.
2023-05-20 00:07:38,134 - elsapy.elssearch - INFO - Module loaded.
2023-05-20 00:07:40,780 - elsapy.elsclient - INFO - Module loaded.
2023-05-20 00:07:40,910 - elsapy.elsentity - INFO - Module loaded.
2023-05-20 00:07:40,913 - elsapy.utils - INFO - Module loaded.
2023-05-20 00:07:40,915 - elsapy.elsprofile - INFO - Module loaded.
2023-05-20 00:07:40,918 - elsapy.elssearch - INFO - Module loaded.
2023-05-20 00:08:08,256 - elsapy.elsclient - INFO - Module loaded.
2023-05-20 00:08:08,415 - elsapy.elsentity - INFO - Module loaded.
2023-05-20 00:08:08,423 - elsapy.utils - INFO - Module loaded.
2023-05-20 00:08:08,425 - elsapy.elsprofile - INFO - Module loaded.
2023-05-20 00:08:08,427 - elsapy.elssearch - INFO - Module loaded.
2023-05-20 00:08:11,218 - elsapy.elsclient - INFO - Module loaded.
2023-05-20 00:08:11,350 - elsapy.elsentity - INFO - Module loaded.
2023-05-20 00:08:11,352 - elsapy.utils - INFO - Module loaded.
2023-05-20 00:08:11,355 - elsapy.elsprofile - INFO - Module loaded.
2023-05-20 00:08:11,357 - elsapy.elssearch - INFO - Module loaded.
2023-05-20 00:08:38,669 - elsapy.elsclient - INFO - Module loaded.
2023-05-20 00:08:38,794 - elsapy.elsentity - INFO - Module loaded.
2023-05-20 00:08:38,796 - elsapy.utils - INFO - Module loaded.
2023-05-20 00:08:38,799 - elsapy.elsprofile - INFO - Module loaded.
2023-05-20 00:08:38,801 - elsapy.elssearch - INFO - Module loaded.
2023-05-20 00:08:42,300 - elsapy.elsclient - INFO - Module loaded.
2023-05-20 00:08:42,427 - elsapy.elsentity - INFO - Module loaded.
2023-05-20 00:08:42,430 - elsapy.utils - INFO - Module loaded.
2023-05-20 00:08:42,432 - elsapy.elsprofile - INFO - Module loaded.
2023-05-20 00:08:42,434 - elsapy.elssearch - INFO - Module loaded.
2023-05-20 00:09:09,732 - elsapy.elsclient - INFO - Module loaded.
2023-05-20 00:09:09,923 - elsapy.elsentity - INFO - Module loaded.
2023-05-20 00:09:09,926 - elsapy.utils - INFO - Module loaded.
2023-05-20 00:09:09,929 - elsapy.elsprofile - INFO - Module loaded.
2023-05-20 00:09:09,931 - elsapy.elssearch - INFO - Module loaded.
2023-05-20 00:09:13,420 - elsapy.elsclient - INFO - Module loaded.
2023-05-20 00:09:13,556 - elsapy.elsentity - INFO - Module loaded.
2023-05-20 00:09:13,559 - elsapy.utils - INFO - Module loaded.
2023-05-20 00:09:13,561 - elsapy.elsprofile - INFO - Module loaded.
2023-05-20 00:09:13,564 - elsapy.elssearch - INFO - Module loaded.
2023-05-20 00:09:40,073 - elsapy.elsclient - INFO - Module loaded.
2023-05-20 00:09:40,281 - elsapy.elsentity - INFO - Module loaded.
2023-05-20 00:09:40,284 - elsapy.utils - INFO - Module loaded.
2023-05-20 00:09:40,286 - elsapy.elsprofile - INFO - Module loaded.
2023-05-20 00:09:40,289 - elsapy.elssearch - INFO - Module loaded.
2023-05-20 00:09:43,968 - elsapy.elsclient - INFO - Module loaded.
2023-05-20 00:09:44,089 - elsapy.elsentity - INFO - Module loaded.
2023-05-20 00:09:44,092 - elsapy.utils - INFO - Module loaded.
2023-05-20 00:09:44,094 - elsapy.elsprofile - INFO - Module loaded.
2023-05-20 00:09:44,097 - elsapy.elssearch - INFO - Module loaded.
2023-05-20 00:10:10,578 - elsapy.elsclient - INFO - Module loaded.
2023-05-20 00:10:10,746 - elsapy.elsentity - INFO - Module loaded.
2023-05-20 00:10:10,749 - elsapy.utils - INFO - Module loaded.
2023-05-20 00:10:10,752 - elsapy.elsprofile - INFO - Module loaded.
2023-05-20 00:10:10,754 - elsapy.elssearch - INFO - Module loaded.
2023-05-20 00:10:14,449 - elsapy.elsclient - INFO - Module loaded.
2023-05-20 00:10:14,612 - elsapy.elsentity - INFO - Module loaded.
2023-05-20 00:10:14,614 - elsapy.utils - INFO - Module loaded.
2023-05-20 00:10:14,617 - elsapy.elsprofile - INFO - Module loaded.
2023-05-20 00:10:14,619 - elsapy.elssearch - INFO - Module loaded.
2023-05-20 00:10:40,912 - elsapy.elsclient - INFO - Module loaded.
2023-05-20 00:10:41,128 - elsapy.elsentity - INFO - Module loaded.
2023-05-20 00:10:41,132 - elsapy.utils - INFO - Module loaded.
2023-05-20 00:10:41,134 - elsapy.elsprofile - INFO - Module loaded.
2023-05-20 00:10:41,137 - elsapy.elssearch - INFO - Module loaded.
2023-05-20 00:10:44,843 - elsapy.elsclient - INFO - Module loaded.
2023-05-20 00:10:44,963 - elsapy.elsentity - INFO - Module loaded.
2023-05-20 00:10:44,966 - elsapy.utils - INFO - Module loaded.
2023-05-20 00:10:44,968 - elsapy.elsprofile - INFO - Module loaded.
2023-05-20 00:10:44,970 - elsapy.elssearch - INFO - Module loaded.
2023-05-20 00:11:11,301 - elsapy.elsclient - INFO - Module loaded.
2023-05-20 00:11:11,428 - elsapy.elsentity - INFO - Module loaded.
2023-05-20 00:11:11,431 - elsapy.utils - INFO - Module loaded.
2023-05-20 00:11:11,433 - elsapy.elsprofile - INFO - Module loaded.
2023-05-20 00:11:11,436 - elsapy.elssearch - INFO - Module loaded.
2023-05-20 00:11:15,348 - elsapy.elsclient - INFO - Module loaded.
2023-05-20 00:11:15,513 - elsapy.elsentity - INFO - Module loaded.
2023-05-20 00:11:15,516 - elsapy.utils - INFO - Module loaded.
2023-05-20 00:11:15,518 - elsapy.elsprofile - INFO - Module loaded.
2023-05-20 00:11:15,521 - elsapy.elssearch - INFO - Module loaded.
2023-05-20 00:11:41,535 - elsapy.elsclient - INFO - Module loaded.
2023-05-20 00:11:41,747 - elsapy.elsentity - INFO - Module loaded.
2023-05-20 00:11:41,751 - elsapy.utils - INFO - Module loaded.
2023-05-20 00:11:41,754 - elsapy.elsprofile - INFO - Module loaded.
2023-05-20 00:11:41,757 - elsapy.elssearch - INFO - Module loaded.
2023-05-20 00:11:46,476 - elsapy.elsclient - INFO - Module loaded.
2023-05-20 00:11:46,602 - elsapy.elsentity - INFO - Module loaded.
2023-05-20 00:11:46,604 - elsapy.utils - INFO - Module loaded.
2023-05-20 00:11:46,606 - elsapy.elsprofile - INFO - Module loaded.
2023-05-20 00:11:46,609 - elsapy.elssearch - INFO - Module loaded.
2023-05-20 00:12:12,001 - elsapy.elsclient - INFO - Module loaded.
2023-05-20 00:12:12,202 - elsapy.elsentity - INFO - Module loaded.
2023-05-20 00:12:12,206 - elsapy.utils - INFO - Module loaded.
2023-05-20 00:12:12,208 - elsapy.elsprofile - INFO - Module loaded.
2023-05-20 00:12:12,212 - elsapy.elssearch - INFO - Module loaded.
2023-05-20 00:12:16,786 - elsapy.elsclient - INFO - Module loaded.
2023-05-20 00:12:16,911 - elsapy.elsentity - INFO - Module loaded.
2023-05-20 00:12:16,914 - elsapy.utils - INFO - Module loaded.
2023-05-20 00:12:16,916 - elsapy.elsprofile - INFO - Module loaded.
2023-05-20 00:12:16,919 - elsapy.elssearch - INFO - Module loaded.
2023-05-20 00:12:43,084 - elsapy.elsclient - INFO - Module loaded.
2023-05-20 00:12:43,304 - elsapy.elsentity - INFO - Module loaded.
2023-05-20 00:12:43,308 - elsapy.utils - INFO - Module loaded.
2023-05-20 00:12:43,310 - elsapy.elsprofile - INFO - Module loaded.
2023-05-20 00:12:43,313 - elsapy.elssearch - INFO - Module loaded.
2023-05-20 00:12:47,175 - elsapy.elsclient - INFO - Module loaded.
2023-05-20 00:12:47,313 - elsapy.elsentity - INFO - Module loaded.
2023-05-20 00:12:47,317 - elsapy.utils - INFO - Module loaded.
2023-05-20 00:12:47,322 - elsapy.elsprofile - INFO - Module loaded.
2023-05-20 00:12:47,326 - elsapy.elssearch - INFO - Module loaded.
2023-05-20 00:13:13,505 - elsapy.elsclient - INFO - Module loaded.
2023-05-20 00:13:13,649 - elsapy.elsentity - INFO - Module loaded.
2023-05-20 00:13:13,651 - elsapy.utils - INFO - Module loaded.
2023-05-20 00:13:13,654 - elsapy.elsprofile - INFO - Module loaded.
2023-05-20 00:13:13,656 - elsapy.elssearch - INFO - Module loaded.
2023-05-20 00:13:18,346 - elsapy.elsclient - INFO - Module loaded.
2023-05-20 00:13:18,555 - elsapy.elsentity - INFO - Module loaded.
2023-05-20 00:13:18,558 - elsapy.utils - INFO - Module loaded.
2023-05-20 00:13:18,561 - elsapy.elsprofile - INFO - Module loaded.
2023-05-20 00:13:18,564 - elsapy.elssearch - INFO - Module loaded.
2023-05-20 00:13:44,002 - elsapy.elsclient - INFO - Module loaded.
2023-05-20 00:13:44,200 - elsapy.elsentity - INFO - Module loaded.
2023-05-20 00:13:44,203 - elsapy.utils - INFO - Module loaded.
2023-05-20 00:13:44,206 - elsapy.elsprofile - INFO - Module loaded.
2023-05-20 00:13:44,208 - elsapy.elssearch - INFO - Module loaded.
2023-05-20 00:13:48,967 - elsapy.elsclient - INFO - Module loaded.
2023-05-20 00:13:49,230 - elsapy.elsentity - INFO - Module loaded.
2023-05-20 00:13:49,234 - elsapy.utils - INFO - Module loaded.
2023-05-20 00:13:49,236 - elsapy.elsprofile - INFO - Module loaded.
2023-05-20 00:13:49,238 - elsapy.elssearch - INFO - Module loaded.
2023-05-20 00:14:14,603 - elsapy.elsclient - INFO - Module loaded.
2023-05-20 00:14:14,750 - elsapy.elsentity - INFO - Module loaded.
2023-05-20 00:14:14,753 - elsapy.utils - INFO - Module loaded.
2023-05-20 00:14:14,756 - elsapy.elsprofile - INFO - Module loaded.
2023-05-20 00:14:14,758 - elsapy.elssearch - INFO - Module loaded.
2023-05-20 00:14:20,283 - elsapy.elsclient - INFO - Module loaded.
2023-05-20 00:14:20,412 - elsapy.elsentity - INFO - Module loaded.
2023-05-20 00:14:20,415 - elsapy.utils - INFO - Module loaded.
2023-05-20 00:14:20,417 - elsapy.elsprofile - INFO - Module loaded.
2023-05-20 00:14:20,419 - elsapy.elssearch - INFO - Module loaded.
2023-05-20 00:14:45,550 - elsapy.elsclient - INFO - Module loaded.
2023-05-20 00:14:45,717 - elsapy.elsentity - INFO - Module loaded.
2023-05-20 00:14:45,720 - elsapy.utils - INFO - Module loaded.
2023-05-20 00:14:45,724 - elsapy.elsprofile - INFO - Module loaded.
2023-05-20 00:14:45,727 - elsapy.elssearch - INFO - Module loaded.
2023-05-20 00:14:51,355 - elsapy.elsclient - INFO - Module loaded.
2023-05-20 00:14:51,487 - elsapy.elsentity - INFO - Module loaded.
2023-05-20 00:14:51,489 - elsapy.utils - INFO - Module loaded.
2023-05-20 00:14:51,491 - elsapy.elsprofile - INFO - Module loaded.
2023-05-20 00:14:51,494 - elsapy.elssearch - INFO - Module loaded.
2023-05-20 00:15:16,636 - elsapy.elsclient - INFO - Module loaded.
2023-05-20 00:15:16,783 - elsapy.elsentity - INFO - Module loaded.
2023-05-20 00:15:16,786 - elsapy.utils - INFO - Module loaded.
2023-05-20 00:15:16,789 - elsapy.elsprofile - INFO - Module loaded.
2023-05-20 00:15:16,792 - elsapy.elssearch - INFO - Module loaded.
2023-05-20 00:15:22,458 - elsapy.elsclient - INFO - Module loaded.
2023-05-20 00:15:22,584 - elsapy.elsentity - INFO - Module loaded.
2023-05-20 00:15:22,587 - elsapy.utils - INFO - Module loaded.
2023-05-20 00:15:22,589 - elsapy.elsprofile - INFO - Module loaded.
2023-05-20 00:15:22,592 - elsapy.elssearch - INFO - Module loaded.
2023-05-20 00:15:46,878 - elsapy.elsclient - INFO - Module loaded.
2023-05-20 00:15:47,040 - elsapy.elsentity - INFO - Module loaded.
2023-05-20 00:15:47,043 - elsapy.utils - INFO - Module loaded.
2023-05-20 00:15:47,045 - elsapy.elsprofile - INFO - Module loaded.
2023-05-20 00:15:47,047 - elsapy.elssearch - INFO - Module loaded.
2023-05-20 00:15:52,837 - elsapy.elsclient - INFO - Module loaded.
2023-05-20 00:15:52,965 - elsapy.elsentity - INFO - Module loaded.
2023-05-20 00:15:52,968 - elsapy.utils - INFO - Module loaded.
2023-05-20 00:15:52,970 - elsapy.elsprofile - INFO - Module loaded.
2023-05-20 00:15:52,972 - elsapy.elssearch - INFO - Module loaded.
2023-05-20 00:16:17,177 - elsapy.elsclient - INFO - Module loaded.
2023-05-20 00:16:17,491 - elsapy.elsentity - INFO - Module loaded.
2023-05-20 00:16:17,507 - elsapy.utils - INFO - Module loaded.
2023-05-20 00:16:17,518 - elsapy.elsprofile - INFO - Module loaded.
2023-05-20 00:16:17,528 - elsapy.elssearch - INFO - Module loaded.
2023-05-20 00:16:23,917 - elsapy.elsclient - INFO - Module loaded.
2023-05-20 00:16:24,331 - elsapy.elsentity - INFO - Module loaded.
2023-05-20 00:16:24,393 - elsapy.utils - INFO - Module loaded.
2023-05-20 00:16:24,403 - elsapy.elsprofile - INFO - Module loaded.
2023-05-20 00:16:24,414 - elsapy.elssearch - INFO - Module loaded.
2023-05-20 00:16:48,226 - elsapy.elsclient - INFO - Module loaded.
2023-05-20 00:16:48,709 - elsapy.elsentity - INFO - Module loaded.
2023-05-20 00:16:48,713 - elsapy.utils - INFO - Module loaded.
2023-05-20 00:16:48,717 - elsapy.elsprofile - INFO - Module loaded.
2023-05-20 00:16:48,720 - elsapy.elssearch - INFO - Module loaded.
2023-05-20 00:16:55,661 - elsapy.elsclient - INFO - Module loaded.
2023-05-20 00:16:55,881 - elsapy.elsentity - INFO - Module loaded.
2023-05-20 00:16:55,885 - elsapy.utils - INFO - Module loaded.
2023-05-20 00:16:55,887 - elsapy.elsprofile - INFO - Module loaded.
2023-05-20 00:16:55,889 - elsapy.elssearch - INFO - Module loaded.
2023-05-20 00:17:19,518 - elsapy.elsclient - INFO - Module loaded.
2023-05-20 00:17:19,743 - elsapy.elsentity - INFO - Module loaded.
2023-05-20 00:17:19,746 - elsapy.utils - INFO - Module loaded.
2023-05-20 00:17:19,749 - elsapy.elsprofile - INFO - Module loaded.
2023-05-20 00:17:19,751 - elsapy.elssearch - INFO - Module loaded.
2023-05-20 00:17:26,511 - elsapy.elsclient - INFO - Module loaded.
2023-05-20 00:17:26,645 - elsapy.elsentity - INFO - Module loaded.
2023-05-20 00:17:26,647 - elsapy.utils - INFO - Module loaded.
2023-05-20 00:17:26,650 - elsapy.elsprofile - INFO - Module loaded.
2023-05-20 00:17:26,654 - elsapy.elssearch - INFO - Module loaded.
2023-05-20 00:17:49,990 - elsapy.elsclient - INFO - Module loaded.
2023-05-20 00:17:50,192 - elsapy.elsentity - INFO - Module loaded.
2023-05-20 00:17:50,197 - elsapy.utils - INFO - Module loaded.
2023-05-20 00:17:50,199 - elsapy.elsprofile - INFO - Module loaded.
2023-05-20 00:17:50,201 - elsapy.elssearch - INFO - Module loaded.
2023-05-20 00:17:58,025 - elsapy.elsclient - INFO - Module loaded.
2023-05-20 00:17:58,858 - elsapy.elsentity - INFO - Module loaded.
2023-05-20 00:17:58,884 - elsapy.utils - INFO - Module loaded.
2023-05-20 00:17:58,889 - elsapy.elsprofile - INFO - Module loaded.
2023-05-20 00:17:58,900 - elsapy.elssearch - INFO - Module loaded.
2023-05-20 00:18:20,525 - elsapy.elsclient - INFO - Module loaded.
2023-05-20 00:18:20,855 - elsapy.elsentity - INFO - Module loaded.
2023-05-20 00:18:20,862 - elsapy.utils - INFO - Module loaded.
2023-05-20 00:18:20,866 - elsapy.elsprofile - INFO - Module loaded.
2023-05-20 00:18:20,870 - elsapy.elssearch - INFO - Module loaded.
2023-05-20 00:18:29,847 - elsapy.elsclient - INFO - Module loaded.
2023-05-20 00:18:30,080 - elsapy.elsentity - INFO - Module loaded.
2023-05-20 00:18:30,083 - elsapy.utils - INFO - Module loaded.
2023-05-20 00:18:30,086 - elsapy.elsprofile - INFO - Module loaded.
2023-05-20 00:18:30,088 - elsapy.elssearch - INFO - Module loaded.
2023-05-20 00:18:51,083 - elsapy.elsclient - INFO - Module loaded.
2023-05-20 00:18:51,241 - elsapy.elsentity - INFO - Module loaded.
2023-05-20 00:18:51,245 - elsapy.utils - INFO - Module loaded.
2023-05-20 00:18:51,247 - elsapy.elsprofile - INFO - Module loaded.
2023-05-20 00:18:51,249 - elsapy.elssearch - INFO - Module loaded.
2023-05-20 00:19:00,760 - elsapy.elsclient - INFO - Module loaded.
2023-05-20 00:19:00,898 - elsapy.elsentity - INFO - Module loaded.
2023-05-20 00:19:00,900 - elsapy.utils - INFO - Module loaded.
2023-05-20 00:19:00,902 - elsapy.elsprofile - INFO - Module loaded.
2023-05-20 00:19:00,905 - elsapy.elssearch - INFO - Module loaded.
2023-05-20 00:19:22,037 - elsapy.elsclient - INFO - Module loaded.
2023-05-20 00:19:22,276 - elsapy.elsentity - INFO - Module loaded.
2023-05-20 00:19:22,279 - elsapy.utils - INFO - Module loaded.
2023-05-20 00:19:22,282 - elsapy.elsprofile - INFO - Module loaded.
2023-05-20 00:19:22,285 - elsapy.elssearch - INFO - Module loaded.
2023-05-20 00:19:31,184 - elsapy.elsclient - INFO - Module loaded.
2023-05-20 00:19:31,301 - elsapy.elsentity - INFO - Module loaded.
2023-05-20 00:19:31,304 - elsapy.utils - INFO - Module loaded.
2023-05-20 00:19:31,306 - elsapy.elsprofile - INFO - Module loaded.
2023-05-20 00:19:31,308 - elsapy.elssearch - INFO - Module loaded.
2023-05-20 00:19:52,428 - elsapy.elsclient - INFO - Module loaded.
2023-05-20 00:19:52,586 - elsapy.elsentity - INFO - Module loaded.
2023-05-20 00:19:52,589 - elsapy.utils - INFO - Module loaded.
2023-05-20 00:19:52,592 - elsapy.elsprofile - INFO - Module loaded.
2023-05-20 00:19:52,594 - elsapy.elssearch - INFO - Module loaded.
2023-05-20 00:20:02,274 - elsapy.elsclient - INFO - Module loaded.
2023-05-20 00:20:02,430 - elsapy.elsentity - INFO - Module loaded.
2023-05-20 00:20:02,432 - elsapy.utils - INFO - Module loaded.
2023-05-20 00:20:02,434 - elsapy.elsprofile - INFO - Module loaded.
2023-05-20 00:20:02,437 - elsapy.elssearch - INFO - Module loaded.
2023-05-20 00:20:22,756 - elsapy.elsclient - INFO - Module loaded.
2023-05-20 00:20:22,943 - elsapy.elsentity - INFO - Module loaded.
2023-05-20 00:20:22,946 - elsapy.utils - INFO - Module loaded.
2023-05-20 00:20:22,949 - elsapy.elsprofile - INFO - Module loaded.
2023-05-20 00:20:22,951 - elsapy.elssearch - INFO - Module loaded.
2023-05-20 00:20:32,661 - elsapy.elsclient - INFO - Module loaded.
2023-05-20 00:20:32,806 - elsapy.elsentity - INFO - Module loaded.
2023-05-20 00:20:32,810 - elsapy.utils - INFO - Module loaded.
2023-05-20 00:20:32,812 - elsapy.elsprofile - INFO - Module loaded.
2023-05-20 00:20:32,814 - elsapy.elssearch - INFO - Module loaded.
2023-05-20 00:20:53,103 - elsapy.elsclient - INFO - Module loaded.
2023-05-20 00:20:53,363 - elsapy.elsentity - INFO - Module loaded.
2023-05-20 00:20:53,371 - elsapy.utils - INFO - Module loaded.
2023-05-20 00:20:53,375 - elsapy.elsprofile - INFO - Module loaded.
2023-05-20 00:20:53,379 - elsapy.elssearch - INFO - Module loaded.
2023-05-20 00:21:03,034 - elsapy.elsclient - INFO - Module loaded.
2023-05-20 00:21:03,232 - elsapy.elsentity - INFO - Module loaded.
2023-05-20 00:21:03,235 - elsapy.utils - INFO - Module loaded.
2023-05-20 00:21:03,237 - elsapy.elsprofile - INFO - Module loaded.
2023-05-20 00:21:03,239 - elsapy.elssearch - INFO - Module loaded.
2023-05-20 00:21:23,634 - elsapy.elsclient - INFO - Module loaded.
2023-05-20 00:21:23,871 - elsapy.elsentity - INFO - Module loaded.
2023-05-20 00:21:23,876 - elsapy.utils - INFO - Module loaded.
2023-05-20 00:21:23,879 - elsapy.elsprofile - INFO - Module loaded.
2023-05-20 00:21:23,882 - elsapy.elssearch - INFO - Module loaded.
2023-05-20 00:21:33,674 - elsapy.elsclient - INFO - Module loaded.
2023-05-20 00:21:33,874 - elsapy.elsentity - INFO - Module loaded.
2023-05-20 00:21:33,877 - elsapy.utils - INFO - Module loaded.
2023-05-20 00:21:33,879 - elsapy.elsprofile - INFO - Module loaded.
2023-05-20 00:21:33,882 - elsapy.elssearch - INFO - Module loaded.
2023-05-20 00:21:54,223 - elsapy.elsclient - INFO - Module loaded.
2023-05-20 00:21:54,566 - elsapy.elsentity - INFO - Module loaded.
2023-05-20 00:21:54,572 - elsapy.utils - INFO - Module loaded.
2023-05-20 00:21:54,574 - elsapy.elsprofile - INFO - Module loaded.
2023-05-20 00:21:54,578 - elsapy.elssearch - INFO - Module loaded.
2023-05-20 00:22:04,714 - elsapy.elsclient - INFO - Module loaded.
2023-05-20 00:22:05,227 - elsapy.elsentity - INFO - Module loaded.
2023-05-20 00:22:05,237 - elsapy.utils - INFO - Module loaded.
2023-05-20 00:22:05,247 - elsapy.elsprofile - INFO - Module loaded.
2023-05-20 00:22:05,254 - elsapy.elssearch - INFO - Module loaded.
2023-05-20 00:22:24,755 - elsapy.elsclient - INFO - Module loaded.
2023-05-20 00:22:24,945 - elsapy.elsentity - INFO - Module loaded.
2023-05-20 00:22:24,950 - elsapy.utils - INFO - Module loaded.
2023-05-20 00:22:24,952 - elsapy.elsprofile - INFO - Module loaded.
2023-05-20 00:22:24,955 - elsapy.elssearch - INFO - Module loaded.
2023-05-20 00:22:36,003 - elsapy.elsclient - INFO - Module loaded.
2023-05-20 00:22:36,431 - elsapy.elsentity - INFO - Module loaded.
2023-05-20 00:22:36,437 - elsapy.utils - INFO - Module loaded.
2023-05-20 00:22:36,440 - elsapy.elsprofile - INFO - Module loaded.
2023-05-20 00:22:36,449 - elsapy.elssearch - INFO - Module loaded.
2023-05-20 00:22:55,284 - elsapy.elsclient - INFO - Module loaded.
2023-05-20 00:22:55,995 - elsapy.elsentity - INFO - Module loaded.
2023-05-20 00:22:56,010 - elsapy.utils - INFO - Module loaded.
2023-05-20 00:22:56,015 - elsapy.elsprofile - INFO - Module loaded.
2023-05-20 00:22:56,023 - elsapy.elssearch - INFO - Module loaded.
2023-05-20 00:23:07,612 - elsapy.elsclient - INFO - Module loaded.
2023-05-20 00:23:07,821 - elsapy.elsentity - INFO - Module loaded.
2023-05-20 00:23:07,824 - elsapy.utils - INFO - Module loaded.
2023-05-20 00:23:07,825 - elsapy.elsprofile - INFO - Module loaded.
2023-05-20 00:23:07,827 - elsapy.elssearch - INFO - Module loaded.
2023-05-20 00:23:26,495 - elsapy.elsclient - INFO - Module loaded.
2023-05-20 00:23:26,620 - elsapy.elsentity - INFO - Module loaded.
2023-05-20 00:23:26,622 - elsapy.utils - INFO - Module loaded.
2023-05-20 00:23:26,626 - elsapy.elsprofile - INFO - Module loaded.
2023-05-20 00:23:26,628 - elsapy.elssearch - INFO - Module loaded.
2023-05-20 00:23:38,161 - elsapy.elsclient - INFO - Module loaded.
2023-05-20 00:23:38,332 - elsapy.elsentity - INFO - Module loaded.
2023-05-20 00:23:38,335 - elsapy.utils - INFO - Module loaded.
2023-05-20 00:23:38,338 - elsapy.elsprofile - INFO - Module loaded.
2023-05-20 00:23:38,340 - elsapy.elssearch - INFO - Module loaded.
2023-05-20 00:23:56,877 - elsapy.elsclient - INFO - Module loaded.
2023-05-20 00:23:57,013 - elsapy.elsentity - INFO - Module loaded.
2023-05-20 00:23:57,017 - elsapy.utils - INFO - Module loaded.
2023-05-20 00:23:57,024 - elsapy.elsprofile - INFO - Module loaded.
2023-05-20 00:23:57,028 - elsapy.elssearch - INFO - Module loaded.
2023-05-20 00:24:08,595 - elsapy.elsclient - INFO - Module loaded.
2023-05-20 00:24:08,827 - elsapy.elsentity - INFO - Module loaded.
2023-05-20 00:24:08,831 - elsapy.utils - INFO - Module loaded.
2023-05-20 00:24:08,833 - elsapy.elsprofile - INFO - Module loaded.
2023-05-20 00:24:08,836 - elsapy.elssearch - INFO - Module loaded.
2023-05-20 00:24:27,131 - elsapy.elsclient - INFO - Module loaded.
2023-05-20 00:24:27,331 - elsapy.elsentity - INFO - Module loaded.
2023-05-20 00:24:27,337 - elsapy.utils - INFO - Module loaded.
2023-05-20 00:24:27,344 - elsapy.elsprofile - INFO - Module loaded.
2023-05-20 00:24:27,348 - elsapy.elssearch - INFO - Module loaded.
2023-05-20 00:24:40,085 - elsapy.elsclient - INFO - Module loaded.
2023-05-20 00:24:40,215 - elsapy.elsentity - INFO - Module loaded.
2023-05-20 00:24:40,217 - elsapy.utils - INFO - Module loaded.
2023-05-20 00:24:40,220 - elsapy.elsprofile - INFO - Module loaded.
2023-05-20 00:24:40,222 - elsapy.elssearch - INFO - Module loaded.
2023-05-20 00:24:57,512 - elsapy.elsclient - INFO - Module loaded.
2023-05-20 00:24:57,740 - elsapy.elsentity - INFO - Module loaded.
2023-05-20 00:24:57,745 - elsapy.utils - INFO - Module loaded.
2023-05-20 00:24:57,748 - elsapy.elsprofile - INFO - Module loaded.
2023-05-20 00:24:57,751 - elsapy.elssearch - INFO - Module loaded.
2023-05-20 00:25:10,447 - elsapy.elsclient - INFO - Module loaded.
2023-05-20 00:25:10,591 - elsapy.elsentity - INFO - Module loaded.
2023-05-20 00:25:10,595 - elsapy.utils - INFO - Module loaded.
2023-05-20 00:25:10,597 - elsapy.elsprofile - INFO - Module loaded.
2023-05-20 00:25:10,600 - elsapy.elssearch - INFO - Module loaded.
2023-05-20 00:25:27,861 - elsapy.elsclient - INFO - Module loaded.
2023-05-20 00:25:28,229 - elsapy.elsentity - INFO - Module loaded.
2023-05-20 00:25:28,234 - elsapy.utils - INFO - Module loaded.
2023-05-20 00:25:28,236 - elsapy.elsprofile - INFO - Module loaded.
2023-05-20 00:25:28,239 - elsapy.elssearch - INFO - Module loaded.
2023-05-20 00:25:41,234 - elsapy.elsclient - INFO - Module loaded.
2023-05-20 00:25:41,699 - elsapy.elsentity - INFO - Module loaded.
2023-05-20 00:25:41,708 - elsapy.utils - INFO - Module loaded.
2023-05-20 00:25:41,714 - elsapy.elsprofile - INFO - Module loaded.
2023-05-20 00:25:41,719 - elsapy.elssearch - INFO - Module loaded.
2023-05-20 00:25:59,605 - elsapy.elsclient - INFO - Module loaded.
2023-05-20 00:26:02,998 - elsapy.elsentity - INFO - Module loaded.
2023-05-20 00:26:03,014 - elsapy.utils - INFO - Module loaded.
2023-05-20 00:26:03,079 - elsapy.elsprofile - INFO - Module loaded.
2023-05-20 00:26:03,140 - elsapy.elssearch - INFO - Module loaded.
2023-05-20 00:26:12,576 - elsapy.elsclient - INFO - Module loaded.
2023-05-20 00:26:12,937 - elsapy.elsentity - INFO - Module loaded.
2023-05-20 00:26:12,940 - elsapy.utils - INFO - Module loaded.
2023-05-20 00:26:12,943 - elsapy.elsprofile - INFO - Module loaded.
2023-05-20 00:26:12,945 - elsapy.elssearch - INFO - Module loaded.
2023-05-20 00:26:33,678 - elsapy.elsclient - INFO - Module loaded.
2023-05-20 00:26:33,864 - elsapy.elsentity - INFO - Module loaded.
2023-05-20 00:26:33,868 - elsapy.utils - INFO - Module loaded.
2023-05-20 00:26:33,871 - elsapy.elsprofile - INFO - Module loaded.
2023-05-20 00:26:33,874 - elsapy.elssearch - INFO - Module loaded.
2023-05-20 00:26:43,482 - elsapy.elsclient - INFO - Module loaded.
2023-05-20 00:26:43,623 - elsapy.elsentity - INFO - Module loaded.
2023-05-20 00:26:43,626 - elsapy.utils - INFO - Module loaded.
2023-05-20 00:26:43,628 - elsapy.elsprofile - INFO - Module loaded.
2023-05-20 00:26:43,630 - elsapy.elssearch - INFO - Module loaded.
2023-05-20 00:27:04,615 - elsapy.elsclient - INFO - Module loaded.
2023-05-20 00:27:04,774 - elsapy.elsentity - INFO - Module loaded.
2023-05-20 00:27:04,777 - elsapy.utils - INFO - Module loaded.
2023-05-20 00:27:04,780 - elsapy.elsprofile - INFO - Module loaded.
2023-05-20 00:27:04,783 - elsapy.elssearch - INFO - Module loaded.
2023-05-20 00:27:14,353 - elsapy.elsclient - INFO - Module loaded.
2023-05-20 00:27:14,505 - elsapy.elsentity - INFO - Module loaded.
2023-05-20 00:27:14,508 - elsapy.utils - INFO - Module loaded.
2023-05-20 00:27:14,510 - elsapy.elsprofile - INFO - Module loaded.
2023-05-20 00:27:14,513 - elsapy.elssearch - INFO - Module loaded.
2023-05-20 00:27:35,619 - elsapy.elsclient - INFO - Module loaded.
2023-05-20 00:27:35,913 - elsapy.elsentity - INFO - Module loaded.
2023-05-20 00:27:35,918 - elsapy.utils - INFO - Module loaded.
2023-05-20 00:27:35,920 - elsapy.elsprofile - INFO - Module loaded.
2023-05-20 00:27:35,923 - elsapy.elssearch - INFO - Module loaded.
2023-05-20 00:27:44,760 - elsapy.elsclient - INFO - Module loaded.
2023-05-20 00:27:44,890 - elsapy.elsentity - INFO - Module loaded.
2023-05-20 00:27:44,893 - elsapy.utils - INFO - Module loaded.
2023-05-20 00:27:44,895 - elsapy.elsprofile - INFO - Module loaded.
2023-05-20 00:27:44,897 - elsapy.elssearch - INFO - Module loaded.
2023-05-20 00:28:06,037 - elsapy.elsclient - INFO - Module loaded.
2023-05-20 00:28:06,293 - elsapy.elsentity - INFO - Module loaded.
2023-05-20 00:28:06,296 - elsapy.utils - INFO - Module loaded.
2023-05-20 00:28:06,298 - elsapy.elsprofile - INFO - Module loaded.
2023-05-20 00:28:06,301 - elsapy.elssearch - INFO - Module loaded.
2023-05-20 00:28:15,924 - elsapy.elsclient - INFO - Module loaded.
2023-05-20 00:28:16,094 - elsapy.elsentity - INFO - Module loaded.
2023-05-20 00:28:16,097 - elsapy.utils - INFO - Module loaded.
2023-05-20 00:28:16,100 - elsapy.elsprofile - INFO - Module loaded.
2023-05-20 00:28:16,103 - elsapy.elssearch - INFO - Module loaded.
2023-05-20 00:28:36,490 - elsapy.elsclient - INFO - Module loaded.
2023-05-20 00:28:36,838 - elsapy.elsentity - INFO - Module loaded.
2023-05-20 00:28:36,842 - elsapy.utils - INFO - Module loaded.
2023-05-20 00:28:36,844 - elsapy.elsprofile - INFO - Module loaded.
2023-05-20 00:28:36,847 - elsapy.elssearch - INFO - Module loaded.
2023-05-20 00:28:47,080 - elsapy.elsclient - INFO - Module loaded.
2023-05-20 00:28:47,391 - elsapy.elsentity - INFO - Module loaded.
2023-05-20 00:28:47,395 - elsapy.utils - INFO - Module loaded.
2023-05-20 00:28:47,397 - elsapy.elsprofile - INFO - Module loaded.
2023-05-20 00:28:47,399 - elsapy.elssearch - INFO - Module loaded.
2023-05-20 00:29:07,131 - elsapy.elsclient - INFO - Module loaded.
2023-05-20 00:29:08,244 - elsapy.elsentity - INFO - Module loaded.
2023-05-20 00:29:08,247 - elsapy.utils - INFO - Module loaded.
2023-05-20 00:29:08,256 - elsapy.elsprofile - INFO - Module loaded.
2023-05-20 00:29:08,261 - elsapy.elssearch - INFO - Module loaded.
2023-05-20 00:29:17,927 - elsapy.elsclient - INFO - Module loaded.
2023-05-20 00:29:18,060 - elsapy.elsentity - INFO - Module loaded.
2023-05-20 00:29:18,063 - elsapy.utils - INFO - Module loaded.
2023-05-20 00:29:18,065 - elsapy.elsprofile - INFO - Module loaded.
2023-05-20 00:29:18,067 - elsapy.elssearch - INFO - Module loaded.
2023-05-20 00:29:38,425 - elsapy.elsclient - INFO - Module loaded.
2023-05-20 00:29:38,672 - elsapy.elsentity - INFO - Module loaded.
2023-05-20 00:29:38,678 - elsapy.utils - INFO - Module loaded.
2023-05-20 00:29:38,680 - elsapy.elsprofile - INFO - Module loaded.
2023-05-20 00:29:38,682 - elsapy.elssearch - INFO - Module loaded.
2023-05-20 00:29:48,377 - elsapy.elsclient - INFO - Module loaded.
2023-05-20 00:29:48,515 - elsapy.elsentity - INFO - Module loaded.
2023-05-20 00:29:48,517 - elsapy.utils - INFO - Module loaded.
2023-05-20 00:29:48,520 - elsapy.elsprofile - INFO - Module loaded.
2023-05-20 00:29:48,523 - elsapy.elssearch - INFO - Module loaded.
2023-05-20 00:30:08,802 - elsapy.elsclient - INFO - Module loaded.
2023-05-20 00:30:08,956 - elsapy.elsentity - INFO - Module loaded.
2023-05-20 00:30:08,960 - elsapy.utils - INFO - Module loaded.
2023-05-20 00:30:08,962 - elsapy.elsprofile - INFO - Module loaded.
2023-05-20 00:30:08,965 - elsapy.elssearch - INFO - Module loaded.
2023-05-20 00:30:19,528 - elsapy.elsclient - INFO - Module loaded.
2023-05-20 00:30:19,658 - elsapy.elsentity - INFO - Module loaded.
2023-05-20 00:30:19,661 - elsapy.utils - INFO - Module loaded.
2023-05-20 00:30:19,664 - elsapy.elsprofile - INFO - Module loaded.
2023-05-20 00:30:19,667 - elsapy.elssearch - INFO - Module loaded.
2023-05-20 00:30:39,762 - elsapy.elsclient - INFO - Module loaded.
2023-05-20 00:30:39,919 - elsapy.elsentity - INFO - Module loaded.
2023-05-20 00:30:39,923 - elsapy.utils - INFO - Module loaded.
2023-05-20 00:30:39,926 - elsapy.elsprofile - INFO - Module loaded.
2023-05-20 00:30:39,930 - elsapy.elssearch - INFO - Module loaded.
2023-05-20 00:30:50,548 - elsapy.elsclient - INFO - Module loaded.
2023-05-20 00:30:50,786 - elsapy.elsentity - INFO - Module loaded.
2023-05-20 00:30:50,790 - elsapy.utils - INFO - Module loaded.
2023-05-20 00:30:50,793 - elsapy.elsprofile - INFO - Module loaded.
2023-05-20 00:30:50,795 - elsapy.elssearch - INFO - Module loaded.
2023-05-20 00:31:10,152 - elsapy.elsclient - INFO - Module loaded.
2023-05-20 00:31:10,364 - elsapy.elsentity - INFO - Module loaded.
2023-05-20 00:31:10,369 - elsapy.utils - INFO - Module loaded.
2023-05-20 00:31:10,371 - elsapy.elsprofile - INFO - Module loaded.
2023-05-20 00:31:10,374 - elsapy.elssearch - INFO - Module loaded.
2023-05-20 00:31:21,169 - elsapy.elsclient - INFO - Module loaded.
2023-05-20 00:31:21,493 - elsapy.elsentity - INFO - Module loaded.
2023-05-20 00:31:21,497 - elsapy.utils - INFO - Module loaded.
2023-05-20 00:31:21,499 - elsapy.elsprofile - INFO - Module loaded.
2023-05-20 00:31:21,502 - elsapy.elssearch - INFO - Module loaded.
2023-05-20 00:31:41,172 - elsapy.elsclient - INFO - Module loaded.
2023-05-20 00:31:41,979 - elsapy.elsentity - INFO - Module loaded.
2023-05-20 00:31:41,989 - elsapy.utils - INFO - Module loaded.
2023-05-20 00:31:41,992 - elsapy.elsprofile - INFO - Module loaded.
2023-05-20 00:31:41,996 - elsapy.elssearch - INFO - Module loaded.
2023-05-20 00:31:51,884 - elsapy.elsclient - INFO - Module loaded.
2023-05-20 00:31:52,242 - elsapy.elsentity - INFO - Module loaded.
2023-05-20 00:31:52,246 - elsapy.utils - INFO - Module loaded.
2023-05-20 00:31:52,248 - elsapy.elsprofile - INFO - Module loaded.
2023-05-20 00:31:52,254 - elsapy.elssearch - INFO - Module loaded.
2023-05-20 00:32:13,505 - elsapy.elsclient - INFO - Module loaded.
2023-05-20 00:32:15,172 - elsapy.elsentity - INFO - Module loaded.
2023-05-20 00:32:15,185 - elsapy.utils - INFO - Module loaded.
2023-05-20 00:32:15,190 - elsapy.elsprofile - INFO - Module loaded.
2023-05-20 00:32:15,212 - elsapy.elssearch - INFO - Module loaded.
2023-05-20 00:32:23,600 - elsapy.elsclient - INFO - Module loaded.
2023-05-20 00:32:24,661 - elsapy.elsentity - INFO - Module loaded.
2023-05-20 00:32:24,698 - elsapy.utils - INFO - Module loaded.
2023-05-20 00:32:24,702 - elsapy.elsprofile - INFO - Module loaded.
2023-05-20 00:32:24,707 - elsapy.elssearch - INFO - Module loaded.
2023-05-20 00:32:45,644 - elsapy.elsclient - INFO - Module loaded.
2023-05-20 00:32:45,938 - elsapy.elsentity - INFO - Module loaded.
2023-05-20 00:32:45,952 - elsapy.utils - INFO - Module loaded.
2023-05-20 00:32:45,954 - elsapy.elsprofile - INFO - Module loaded.
2023-05-20 00:32:45,959 - elsapy.elssearch - INFO - Module loaded.
2023-05-20 00:32:55,837 - elsapy.elsclient - INFO - Module loaded.
2023-05-20 00:32:56,957 - elsapy.elsentity - INFO - Module loaded.
2023-05-20 00:32:56,986 - elsapy.utils - INFO - Module loaded.
2023-05-20 00:32:56,996 - elsapy.elsprofile - INFO - Module loaded.
2023-05-20 00:32:57,010 - elsapy.elssearch - INFO - Module loaded.
2023-05-20 00:33:16,185 - elsapy.elsclient - INFO - Module loaded.
2023-05-20 00:33:16,580 - elsapy.elsentity - INFO - Module loaded.
2023-05-20 00:33:16,584 - elsapy.utils - INFO - Module loaded.
2023-05-20 00:33:16,592 - elsapy.elsprofile - INFO - Module loaded.
2023-05-20 00:33:16,595 - elsapy.elssearch - INFO - Module loaded.
2023-05-20 00:33:28,905 - elsapy.elsclient - INFO - Module loaded.
2023-05-20 00:33:29,071 - elsapy.elsentity - INFO - Module loaded.
2023-05-20 00:33:29,087 - elsapy.utils - INFO - Module loaded.
2023-05-20 00:33:29,107 - elsapy.elsprofile - INFO - Module loaded.
2023-05-20 00:33:29,113 - elsapy.elssearch - INFO - Module loaded.
2023-05-20 00:33:47,118 - elsapy.elsclient - INFO - Module loaded.
2023-05-20 00:33:47,387 - elsapy.elsentity - INFO - Module loaded.
2023-05-20 00:33:47,391 - elsapy.utils - INFO - Module loaded.
2023-05-20 00:33:47,395 - elsapy.elsprofile - INFO - Module loaded.
2023-05-20 00:33:47,398 - elsapy.elssearch - INFO - Module loaded.
2023-05-20 00:34:00,319 - elsapy.elsclient - INFO - Module loaded.
2023-05-20 00:34:00,590 - elsapy.elsentity - INFO - Module loaded.
2023-05-20 00:34:00,595 - elsapy.utils - INFO - Module loaded.
2023-05-20 00:34:00,598 - elsapy.elsprofile - INFO - Module loaded.
2023-05-20 00:34:00,600 - elsapy.elssearch - INFO - Module loaded.
2023-05-20 00:34:17,995 - elsapy.elsclient - INFO - Module loaded.
2023-05-20 00:34:18,313 - elsapy.elsentity - INFO - Module loaded.
2023-05-20 00:34:18,318 - elsapy.utils - INFO - Module loaded.
2023-05-20 00:34:18,320 - elsapy.elsprofile - INFO - Module loaded.
2023-05-20 00:34:18,323 - elsapy.elssearch - INFO - Module loaded.
2023-05-20 00:34:30,994 - elsapy.elsclient - INFO - Module loaded.
2023-05-20 00:34:31,220 - elsapy.elsentity - INFO - Module loaded.
2023-05-20 00:34:31,223 - elsapy.utils - INFO - Module loaded.
2023-05-20 00:34:31,225 - elsapy.elsprofile - INFO - Module loaded.
2023-05-20 00:34:31,228 - elsapy.elssearch - INFO - Module loaded.
2023-05-20 00:34:48,505 - elsapy.elsclient - INFO - Module loaded.
2023-05-20 00:34:48,637 - elsapy.elsentity - INFO - Module loaded.
2023-05-20 00:34:48,639 - elsapy.utils - INFO - Module loaded.
2023-05-20 00:34:48,643 - elsapy.elsprofile - INFO - Module loaded.
2023-05-20 00:34:48,646 - elsapy.elssearch - INFO - Module loaded.
2023-05-20 00:35:02,189 - elsapy.elsclient - INFO - Module loaded.
2023-05-20 00:35:02,311 - elsapy.elsentity - INFO - Module loaded.
2023-05-20 00:35:02,314 - elsapy.utils - INFO - Module loaded.
2023-05-20 00:35:02,316 - elsapy.elsprofile - INFO - Module loaded.
2023-05-20 00:35:02,319 - elsapy.elssearch - INFO - Module loaded.
2023-05-20 00:35:19,553 - elsapy.elsclient - INFO - Module loaded.
2023-05-20 00:35:19,763 - elsapy.elsentity - INFO - Module loaded.
2023-05-20 00:35:19,766 - elsapy.utils - INFO - Module loaded.
2023-05-20 00:35:19,768 - elsapy.elsprofile - INFO - Module loaded.
2023-05-20 00:35:19,771 - elsapy.elssearch - INFO - Module loaded.
2023-05-20 00:35:32,949 - elsapy.elsclient - INFO - Module loaded.
2023-05-20 00:35:33,226 - elsapy.elsentity - INFO - Module loaded.
2023-05-20 00:35:33,229 - elsapy.utils - INFO - Module loaded.
2023-05-20 00:35:33,232 - elsapy.elsprofile - INFO - Module loaded.
2023-05-20 00:35:33,235 - elsapy.elssearch - INFO - Module loaded.
2023-05-20 00:35:50,012 - elsapy.elsclient - INFO - Module loaded.
2023-05-20 00:35:50,338 - elsapy.elsentity - INFO - Module loaded.
2023-05-20 00:35:50,341 - elsapy.utils - INFO - Module loaded.
2023-05-20 00:35:50,344 - elsapy.elsprofile - INFO - Module loaded.
2023-05-20 00:35:50,348 - elsapy.elssearch - INFO - Module loaded.
2023-05-20 00:36:03,963 - elsapy.elsclient - INFO - Module loaded.
2023-05-20 00:36:04,106 - elsapy.elsentity - INFO - Module loaded.
2023-05-20 00:36:04,109 - elsapy.utils - INFO - Module loaded.
2023-05-20 00:36:04,111 - elsapy.elsprofile - INFO - Module loaded.
2023-05-20 00:36:04,114 - elsapy.elssearch - INFO - Module loaded.
2023-05-20 00:36:21,328 - elsapy.elsclient - INFO - Module loaded.
2023-05-20 00:36:21,534 - elsapy.elsentity - INFO - Module loaded.
2023-05-20 00:36:21,537 - elsapy.utils - INFO - Module loaded.
2023-05-20 00:36:21,541 - elsapy.elsprofile - INFO - Module loaded.
2023-05-20 00:36:21,543 - elsapy.elssearch - INFO - Module loaded.
2023-05-20 00:36:35,220 - elsapy.elsclient - INFO - Module loaded.
2023-05-20 00:36:35,360 - elsapy.elsentity - INFO - Module loaded.
2023-05-20 00:36:35,363 - elsapy.utils - INFO - Module loaded.
2023-05-20 00:36:35,366 - elsapy.elsprofile - INFO - Module loaded.
2023-05-20 00:36:35,370 - elsapy.elssearch - INFO - Module loaded.
2023-05-20 00:36:51,673 - elsapy.elsclient - INFO - Module loaded.
2023-05-20 00:36:51,893 - elsapy.elsentity - INFO - Module loaded.
2023-05-20 00:36:51,896 - elsapy.utils - INFO - Module loaded.
2023-05-20 00:36:51,900 - elsapy.elsprofile - INFO - Module loaded.
2023-05-20 00:36:51,903 - elsapy.elssearch - INFO - Module loaded.
2023-05-20 00:37:05,691 - elsapy.elsclient - INFO - Module loaded.
2023-05-20 00:37:05,858 - elsapy.elsentity - INFO - Module loaded.
2023-05-20 00:37:05,861 - elsapy.utils - INFO - Module loaded.
2023-05-20 00:37:05,863 - elsapy.elsprofile - INFO - Module loaded.
2023-05-20 00:37:05,866 - elsapy.elssearch - INFO - Module loaded.
2023-05-20 00:37:22,186 - elsapy.elsclient - INFO - Module loaded.
2023-05-20 00:37:22,600 - elsapy.elsentity - INFO - Module loaded.
2023-05-20 00:37:22,607 - elsapy.utils - INFO - Module loaded.
2023-05-20 00:37:22,613 - elsapy.elsprofile - INFO - Module loaded.
2023-05-20 00:37:22,620 - elsapy.elssearch - INFO - Module loaded.
2023-05-20 00:37:36,336 - elsapy.elsclient - INFO - Module loaded.
2023-05-20 00:37:36,553 - elsapy.elsentity - INFO - Module loaded.
2023-05-20 00:37:36,556 - elsapy.utils - INFO - Module loaded.
2023-05-20 00:37:36,559 - elsapy.elsprofile - INFO - Module loaded.
2023-05-20 00:37:36,562 - elsapy.elssearch - INFO - Module loaded.
2023-05-20 00:37:52,936 - elsapy.elsclient - INFO - Module loaded.
2023-05-20 00:37:53,168 - elsapy.elsentity - INFO - Module loaded.
2023-05-20 00:37:53,174 - elsapy.utils - INFO - Module loaded.
2023-05-20 00:37:53,176 - elsapy.elsprofile - INFO - Module loaded.
2023-05-20 00:37:53,179 - elsapy.elssearch - INFO - Module loaded.
2023-05-20 00:38:06,940 - elsapy.elsclient - INFO - Module loaded.
2023-05-20 00:38:07,230 - elsapy.elsentity - INFO - Module loaded.
2023-05-20 00:38:07,235 - elsapy.utils - INFO - Module loaded.
2023-05-20 00:38:07,237 - elsapy.elsprofile - INFO - Module loaded.
2023-05-20 00:38:07,244 - elsapy.elssearch - INFO - Module loaded.
2023-05-20 00:38:23,679 - elsapy.elsclient - INFO - Module loaded.
2023-05-20 00:38:24,008 - elsapy.elsentity - INFO - Module loaded.
2023-05-20 00:38:24,012 - elsapy.utils - INFO - Module loaded.
2023-05-20 00:38:24,016 - elsapy.elsprofile - INFO - Module loaded.
2023-05-20 00:38:24,021 - elsapy.elssearch - INFO - Module loaded.
2023-05-20 00:38:37,832 - elsapy.elsclient - INFO - Module loaded.
2023-05-20 00:38:38,136 - elsapy.elsentity - INFO - Module loaded.
2023-05-20 00:38:38,139 - elsapy.utils - INFO - Module loaded.
2023-05-20 00:38:38,142 - elsapy.elsprofile - INFO - Module loaded.
2023-05-20 00:38:38,144 - elsapy.elssearch - INFO - Module loaded.
2023-05-20 00:38:54,516 - elsapy.elsclient - INFO - Module loaded.
2023-05-20 00:38:54,777 - elsapy.elsentity - INFO - Module loaded.
2023-05-20 00:38:54,782 - elsapy.utils - INFO - Module loaded.
2023-05-20 00:38:54,785 - elsapy.elsprofile - INFO - Module loaded.
2023-05-20 00:38:54,789 - elsapy.elssearch - INFO - Module loaded.
2023-05-20 00:39:08,498 - elsapy.elsclient - INFO - Module loaded.
2023-05-20 00:39:08,750 - elsapy.elsentity - INFO - Module loaded.
2023-05-20 00:39:08,754 - elsapy.utils - INFO - Module loaded.
2023-05-20 00:39:08,756 - elsapy.elsprofile - INFO - Module loaded.
2023-05-20 00:39:08,759 - elsapy.elssearch - INFO - Module loaded.
2023-05-20 00:39:25,088 - elsapy.elsclient - INFO - Module loaded.
2023-05-20 00:39:25,311 - elsapy.elsentity - INFO - Module loaded.
2023-05-20 00:39:25,316 - elsapy.utils - INFO - Module loaded.
2023-05-20 00:39:25,319 - elsapy.elsprofile - INFO - Module loaded.
2023-05-20 00:39:25,321 - elsapy.elssearch - INFO - Module loaded.
2023-05-20 00:39:39,115 - elsapy.elsclient - INFO - Module loaded.
2023-05-20 00:39:39,355 - elsapy.elsentity - INFO - Module loaded.
2023-05-20 00:39:39,358 - elsapy.utils - INFO - Module loaded.
2023-05-20 00:39:39,360 - elsapy.elsprofile - INFO - Module loaded.
2023-05-20 00:39:39,363 - elsapy.elssearch - INFO - Module loaded.
2023-05-20 00:39:55,710 - elsapy.elsclient - INFO - Module loaded.
2023-05-20 00:39:55,850 - elsapy.elsentity - INFO - Module loaded.
2023-05-20 00:39:55,853 - elsapy.utils - INFO - Module loaded.
2023-05-20 00:39:55,856 - elsapy.elsprofile - INFO - Module loaded.
2023-05-20 00:39:55,858 - elsapy.elssearch - INFO - Module loaded.
2023-05-20 00:40:10,547 - elsapy.elsclient - INFO - Module loaded.
2023-05-20 00:40:10,725 - elsapy.elsentity - INFO - Module loaded.
2023-05-20 00:40:10,729 - elsapy.utils - INFO - Module loaded.
2023-05-20 00:40:10,731 - elsapy.elsprofile - INFO - Module loaded.
2023-05-20 00:40:10,735 - elsapy.elssearch - INFO - Module loaded.
2023-05-20 00:40:26,032 - elsapy.elsclient - INFO - Module loaded.
2023-05-20 00:40:26,207 - elsapy.elsentity - INFO - Module loaded.
2023-05-20 00:40:26,210 - elsapy.utils - INFO - Module loaded.
2023-05-20 00:40:26,214 - elsapy.elsprofile - INFO - Module loaded.
2023-05-20 00:40:26,216 - elsapy.elssearch - INFO - Module loaded.
2023-05-20 00:40:41,881 - elsapy.elsclient - INFO - Module loaded.
2023-05-20 00:40:42,048 - elsapy.elsentity - INFO - Module loaded.
2023-05-20 00:40:42,051 - elsapy.utils - INFO - Module loaded.
2023-05-20 00:40:42,053 - elsapy.elsprofile - INFO - Module loaded.
2023-05-20 00:40:42,055 - elsapy.elssearch - INFO - Module loaded.
2023-05-20 00:40:56,399 - elsapy.elsclient - INFO - Module loaded.
2023-05-20 00:40:56,584 - elsapy.elsentity - INFO - Module loaded.
2023-05-20 00:40:56,588 - elsapy.utils - INFO - Module loaded.
2023-05-20 00:40:56,591 - elsapy.elsprofile - INFO - Module loaded.
2023-05-20 00:40:56,593 - elsapy.elssearch - INFO - Module loaded.
2023-05-20 00:41:13,263 - elsapy.elsclient - INFO - Module loaded.
2023-05-20 00:41:13,538 - elsapy.elsentity - INFO - Module loaded.
2023-05-20 00:41:13,541 - elsapy.utils - INFO - Module loaded.
2023-05-20 00:41:13,543 - elsapy.elsprofile - INFO - Module loaded.
2023-05-20 00:41:13,547 - elsapy.elssearch - INFO - Module loaded.
2023-05-20 00:41:26,926 - elsapy.elsclient - INFO - Module loaded.
2023-05-20 00:41:27,229 - elsapy.elsentity - INFO - Module loaded.
2023-05-20 00:41:27,232 - elsapy.utils - INFO - Module loaded.
2023-05-20 00:41:27,235 - elsapy.elsprofile - INFO - Module loaded.
2023-05-20 00:41:27,239 - elsapy.elssearch - INFO - Module loaded.
2023-05-20 00:41:44,042 - elsapy.elsclient - INFO - Module loaded.
2023-05-20 00:41:44,287 - elsapy.elsentity - INFO - Module loaded.
2023-05-20 00:41:44,292 - elsapy.utils - INFO - Module loaded.
2023-05-20 00:41:44,296 - elsapy.elsprofile - INFO - Module loaded.
2023-05-20 00:41:44,300 - elsapy.elssearch - INFO - Module loaded.
2023-05-20 00:41:57,639 - elsapy.elsclient - INFO - Module loaded.
2023-05-20 00:41:57,915 - elsapy.elsentity - INFO - Module loaded.
2023-05-20 00:41:57,944 - elsapy.utils - INFO - Module loaded.
2023-05-20 00:41:57,954 - elsapy.elsprofile - INFO - Module loaded.
2023-05-20 00:41:57,969 - elsapy.elssearch - INFO - Module loaded.
2023-05-20 00:42:14,743 - elsapy.elsclient - INFO - Module loaded.
2023-05-20 00:42:14,994 - elsapy.elsentity - INFO - Module loaded.
2023-05-20 00:42:14,997 - elsapy.utils - INFO - Module loaded.
2023-05-20 00:42:14,999 - elsapy.elsprofile - INFO - Module loaded.
2023-05-20 00:42:15,001 - elsapy.elssearch - INFO - Module loaded.
2023-05-20 00:42:28,313 - elsapy.elsclient - INFO - Module loaded.
2023-05-20 00:42:28,506 - elsapy.elsentity - INFO - Module loaded.
2023-05-20 00:42:28,510 - elsapy.utils - INFO - Module loaded.
2023-05-20 00:42:28,512 - elsapy.elsprofile - INFO - Module loaded.
2023-05-20 00:42:28,515 - elsapy.elssearch - INFO - Module loaded.
2023-05-20 00:42:45,357 - elsapy.elsclient - INFO - Module loaded.
2023-05-20 00:42:45,631 - elsapy.elsentity - INFO - Module loaded.
2023-05-20 00:42:45,635 - elsapy.utils - INFO - Module loaded.
2023-05-20 00:42:45,637 - elsapy.elsprofile - INFO - Module loaded.
2023-05-20 00:42:45,640 - elsapy.elssearch - INFO - Module loaded.
2023-05-20 00:42:58,989 - elsapy.elsclient - INFO - Module loaded.
2023-05-20 00:42:59,127 - elsapy.elsentity - INFO - Module loaded.
2023-05-20 00:42:59,130 - elsapy.utils - INFO - Module loaded.
2023-05-20 00:42:59,133 - elsapy.elsprofile - INFO - Module loaded.
2023-05-20 00:42:59,135 - elsapy.elssearch - INFO - Module loaded.
2023-05-20 00:43:16,011 - elsapy.elsclient - INFO - Module loaded.
2023-05-20 00:43:16,232 - elsapy.elsentity - INFO - Module loaded.
2023-05-20 00:43:16,242 - elsapy.utils - INFO - Module loaded.
2023-05-20 00:43:16,246 - elsapy.elsprofile - INFO - Module loaded.
2023-05-20 00:43:16,250 - elsapy.elssearch - INFO - Module loaded.
2023-05-20 00:43:29,567 - elsapy.elsclient - INFO - Module loaded.
2023-05-20 00:43:29,844 - elsapy.elsentity - INFO - Module loaded.
2023-05-20 00:43:29,848 - elsapy.utils - INFO - Module loaded.
2023-05-20 00:43:29,851 - elsapy.elsprofile - INFO - Module loaded.
2023-05-20 00:43:29,854 - elsapy.elssearch - INFO - Module loaded.
2023-05-20 00:43:46,708 - elsapy.elsclient - INFO - Module loaded.
2023-05-20 00:43:47,024 - elsapy.elsentity - INFO - Module loaded.
2023-05-20 00:43:47,028 - elsapy.utils - INFO - Module loaded.
2023-05-20 00:43:47,031 - elsapy.elsprofile - INFO - Module loaded.
2023-05-20 00:43:47,035 - elsapy.elssearch - INFO - Module loaded.
2023-05-20 00:44:00,385 - elsapy.elsclient - INFO - Module loaded.
2023-05-20 00:44:00,640 - elsapy.elsentity - INFO - Module loaded.
2023-05-20 00:44:00,649 - elsapy.utils - INFO - Module loaded.
2023-05-20 00:44:00,656 - elsapy.elsprofile - INFO - Module loaded.
2023-05-20 00:44:00,690 - elsapy.elssearch - INFO - Module loaded.
2023-05-20 00:44:17,529 - elsapy.elsclient - INFO - Module loaded.
2023-05-20 00:44:17,879 - elsapy.elsentity - INFO - Module loaded.
2023-05-20 00:44:17,883 - elsapy.utils - INFO - Module loaded.
2023-05-20 00:44:17,887 - elsapy.elsprofile - INFO - Module loaded.
2023-05-20 00:44:17,890 - elsapy.elssearch - INFO - Module loaded.
2023-05-20 00:44:31,355 - elsapy.elsclient - INFO - Module loaded.
2023-05-20 00:44:31,561 - elsapy.elsentity - INFO - Module loaded.
2023-05-20 00:44:31,565 - elsapy.utils - INFO - Module loaded.
2023-05-20 00:44:31,567 - elsapy.elsprofile - INFO - Module loaded.
2023-05-20 00:44:31,570 - elsapy.elssearch - INFO - Module loaded.
2023-05-20 00:44:48,512 - elsapy.elsclient - INFO - Module loaded.
2023-05-20 00:44:48,785 - elsapy.elsentity - INFO - Module loaded.
2023-05-20 00:44:48,788 - elsapy.utils - INFO - Module loaded.
2023-05-20 00:44:48,791 - elsapy.elsprofile - INFO - Module loaded.
2023-05-20 00:44:48,793 - elsapy.elssearch - INFO - Module loaded.
2023-05-20 00:45:02,204 - elsapy.elsclient - INFO - Module loaded.
2023-05-20 00:45:02,539 - elsapy.elsentity - INFO - Module loaded.
2023-05-20 00:45:02,543 - elsapy.utils - INFO - Module loaded.
2023-05-20 00:45:02,547 - elsapy.elsprofile - INFO - Module loaded.
2023-05-20 00:45:02,551 - elsapy.elssearch - INFO - Module loaded.
2023-05-20 00:45:19,291 - elsapy.elsclient - INFO - Module loaded.
2023-05-20 00:45:19,518 - elsapy.elsentity - INFO - Module loaded.
2023-05-20 00:45:19,521 - elsapy.utils - INFO - Module loaded.
2023-05-20 00:45:19,524 - elsapy.elsprofile - INFO - Module loaded.
2023-05-20 00:45:19,526 - elsapy.elssearch - INFO - Module loaded.
2023-05-20 00:45:32,922 - elsapy.elsclient - INFO - Module loaded.
2023-05-20 00:45:33,351 - elsapy.elsentity - INFO - Module loaded.
2023-05-20 00:45:33,355 - elsapy.utils - INFO - Module loaded.
2023-05-20 00:45:33,358 - elsapy.elsprofile - INFO - Module loaded.
2023-05-20 00:45:33,367 - elsapy.elssearch - INFO - Module loaded.
2023-05-20 00:45:50,119 - elsapy.elsclient - INFO - Module loaded.
2023-05-20 00:45:50,325 - elsapy.elsentity - INFO - Module loaded.
2023-05-20 00:45:50,328 - elsapy.utils - INFO - Module loaded.
2023-05-20 00:45:50,330 - elsapy.elsprofile - INFO - Module loaded.
2023-05-20 00:45:50,333 - elsapy.elssearch - INFO - Module loaded.
2023-05-20 00:46:03,636 - elsapy.elsclient - INFO - Module loaded.
2023-05-20 00:46:03,802 - elsapy.elsentity - INFO - Module loaded.
2023-05-20 00:46:03,805 - elsapy.utils - INFO - Module loaded.
2023-05-20 00:46:03,808 - elsapy.elsprofile - INFO - Module loaded.
2023-05-20 00:46:03,810 - elsapy.elssearch - INFO - Module loaded.
2023-05-20 00:46:20,576 - elsapy.elsclient - INFO - Module loaded.
2023-05-20 00:46:20,857 - elsapy.elsentity - INFO - Module loaded.
2023-05-20 00:46:20,860 - elsapy.utils - INFO - Module loaded.
2023-05-20 00:46:20,863 - elsapy.elsprofile - INFO - Module loaded.
2023-05-20 00:46:20,866 - elsapy.elssearch - INFO - Module loaded.
2023-05-20 00:46:34,249 - elsapy.elsclient - INFO - Module loaded.
2023-05-20 00:46:34,477 - elsapy.elsentity - INFO - Module loaded.
2023-05-20 00:46:34,481 - elsapy.utils - INFO - Module loaded.
2023-05-20 00:46:34,484 - elsapy.elsprofile - INFO - Module loaded.
2023-05-20 00:46:34,486 - elsapy.elssearch - INFO - Module loaded.
2023-05-20 00:46:51,309 - elsapy.elsclient - INFO - Module loaded.
2023-05-20 00:46:51,596 - elsapy.elsentity - INFO - Module loaded.
2023-05-20 00:46:51,599 - elsapy.utils - INFO - Module loaded.
2023-05-20 00:46:51,601 - elsapy.elsprofile - INFO - Module loaded.
2023-05-20 00:46:51,604 - elsapy.elssearch - INFO - Module loaded.
2023-05-20 00:47:04,990 - elsapy.elsclient - INFO - Module loaded.
2023-05-20 00:47:05,203 - elsapy.elsentity - INFO - Module loaded.
2023-05-20 00:47:05,207 - elsapy.utils - INFO - Module loaded.
2023-05-20 00:47:05,210 - elsapy.elsprofile - INFO - Module loaded.
2023-05-20 00:47:05,213 - elsapy.elssearch - INFO - Module loaded.
2023-05-20 00:47:22,046 - elsapy.elsclient - INFO - Module loaded.
2023-05-20 00:47:22,301 - elsapy.elsentity - INFO - Module loaded.
2023-05-20 00:47:22,305 - elsapy.utils - INFO - Module loaded.
2023-05-20 00:47:22,308 - elsapy.elsprofile - INFO - Module loaded.
2023-05-20 00:47:22,311 - elsapy.elssearch - INFO - Module loaded.
2023-05-20 00:47:35,734 - elsapy.elsclient - INFO - Module loaded.
2023-05-20 00:47:36,051 - elsapy.elsentity - INFO - Module loaded.
2023-05-20 00:47:36,055 - elsapy.utils - INFO - Module loaded.
2023-05-20 00:47:36,057 - elsapy.elsprofile - INFO - Module loaded.
2023-05-20 00:47:36,060 - elsapy.elssearch - INFO - Module loaded.
2023-05-20 00:47:53,018 - elsapy.elsclient - INFO - Module loaded.
2023-05-20 00:47:53,146 - elsapy.elsentity - INFO - Module loaded.
2023-05-20 00:47:53,149 - elsapy.utils - INFO - Module loaded.
2023-05-20 00:47:53,151 - elsapy.elsprofile - INFO - Module loaded.
2023-05-20 00:47:53,153 - elsapy.elssearch - INFO - Module loaded.
2023-05-20 00:48:06,323 - elsapy.elsclient - INFO - Module loaded.
2023-05-20 00:48:06,656 - elsapy.elsentity - INFO - Module loaded.
2023-05-20 00:48:06,660 - elsapy.utils - INFO - Module loaded.
2023-05-20 00:48:06,664 - elsapy.elsprofile - INFO - Module loaded.
2023-05-20 00:48:06,667 - elsapy.elssearch - INFO - Module loaded.
2023-05-20 00:48:23,901 - elsapy.elsclient - INFO - Module loaded.
2023-05-20 00:48:24,668 - elsapy.elsentity - INFO - Module loaded.
2023-05-20 00:48:24,684 - elsapy.utils - INFO - Module loaded.
2023-05-20 00:48:24,702 - elsapy.elsprofile - INFO - Module loaded.
2023-05-20 00:48:24,719 - elsapy.elssearch - INFO - Module loaded.
2023-05-20 00:48:36,985 - elsapy.elsclient - INFO - Module loaded.
2023-05-20 00:48:37,183 - elsapy.elsentity - INFO - Module loaded.
2023-05-20 00:48:37,190 - elsapy.utils - INFO - Module loaded.
2023-05-20 00:48:37,194 - elsapy.elsprofile - INFO - Module loaded.
2023-05-20 00:48:37,197 - elsapy.elssearch - INFO - Module loaded.
2023-05-20 00:48:55,849 - elsapy.elsclient - INFO - Module loaded.
2023-05-20 00:48:55,981 - elsapy.elsentity - INFO - Module loaded.
2023-05-20 00:48:55,983 - elsapy.utils - INFO - Module loaded.
2023-05-20 00:48:55,985 - elsapy.elsprofile - INFO - Module loaded.
2023-05-20 00:48:55,987 - elsapy.elssearch - INFO - Module loaded.
2023-05-20 00:49:07,997 - elsapy.elsclient - INFO - Module loaded.
2023-05-20 00:49:08,149 - elsapy.elsentity - INFO - Module loaded.
2023-05-20 00:49:08,152 - elsapy.utils - INFO - Module loaded.
2023-05-20 00:49:08,155 - elsapy.elsprofile - INFO - Module loaded.
2023-05-20 00:49:08,158 - elsapy.elssearch - INFO - Module loaded.
2023-05-20 00:49:26,772 - elsapy.elsclient - INFO - Module loaded.
2023-05-20 00:49:26,927 - elsapy.elsentity - INFO - Module loaded.
2023-05-20 00:49:26,930 - elsapy.utils - INFO - Module loaded.
2023-05-20 00:49:26,933 - elsapy.elsprofile - INFO - Module loaded.
2023-05-20 00:49:26,935 - elsapy.elssearch - INFO - Module loaded.
2023-05-20 00:49:38,275 - elsapy.elsclient - INFO - Module loaded.
2023-05-20 00:49:38,432 - elsapy.elsentity - INFO - Module loaded.
2023-05-20 00:49:38,435 - elsapy.utils - INFO - Module loaded.
2023-05-20 00:49:38,438 - elsapy.elsprofile - INFO - Module loaded.
2023-05-20 00:49:38,440 - elsapy.elssearch - INFO - Module loaded.
2023-05-20 00:49:58,091 - elsapy.elsclient - INFO - Module loaded.
2023-05-20 00:49:58,212 - elsapy.elsentity - INFO - Module loaded.
2023-05-20 00:49:58,215 - elsapy.utils - INFO - Module loaded.
2023-05-20 00:49:58,218 - elsapy.elsprofile - INFO - Module loaded.
2023-05-20 00:49:58,220 - elsapy.elssearch - INFO - Module loaded.
2023-05-20 00:50:09,248 - elsapy.elsclient - INFO - Module loaded.
2023-05-20 00:50:09,375 - elsapy.elsentity - INFO - Module loaded.
2023-05-20 00:50:09,378 - elsapy.utils - INFO - Module loaded.
2023-05-20 00:50:09,381 - elsapy.elsprofile - INFO - Module loaded.
2023-05-20 00:50:09,383 - elsapy.elssearch - INFO - Module loaded.
2023-05-20 00:50:29,581 - elsapy.elsclient - INFO - Module loaded.
2023-05-20 00:50:31,578 - elsapy.elsentity - INFO - Module loaded.
2023-05-20 00:50:31,589 - elsapy.utils - INFO - Module loaded.
2023-05-20 00:50:31,592 - elsapy.elsprofile - INFO - Module loaded.
2023-05-20 00:50:31,597 - elsapy.elssearch - INFO - Module loaded.
2023-05-20 00:50:40,253 - elsapy.elsclient - INFO - Module loaded.
2023-05-20 00:50:40,701 - elsapy.elsentity - INFO - Module loaded.
2023-05-20 00:50:40,710 - elsapy.utils - INFO - Module loaded.
2023-05-20 00:50:40,748 - elsapy.elsprofile - INFO - Module loaded.
2023-05-20 00:50:40,754 - elsapy.elssearch - INFO - Module loaded.
2023-05-20 00:51:03,137 - elsapy.elsclient - INFO - Module loaded.
2023-05-20 00:51:03,479 - elsapy.elsentity - INFO - Module loaded.
2023-05-20 00:51:03,484 - elsapy.utils - INFO - Module loaded.
2023-05-20 00:51:03,488 - elsapy.elsprofile - INFO - Module loaded.
2023-05-20 00:51:03,493 - elsapy.elssearch - INFO - Module loaded.
2023-05-20 00:51:10,919 - elsapy.elsclient - INFO - Module loaded.
2023-05-20 00:51:11,100 - elsapy.elsentity - INFO - Module loaded.
2023-05-20 00:51:11,116 - elsapy.utils - INFO - Module loaded.
2023-05-20 00:51:11,125 - elsapy.elsprofile - INFO - Module loaded.
2023-05-20 00:51:11,130 - elsapy.elssearch - INFO - Module loaded.
2023-05-20 00:51:34,572 - elsapy.elsclient - INFO - Module loaded.
2023-05-20 00:51:35,846 - elsapy.elsentity - INFO - Module loaded.
2023-05-20 00:51:35,901 - elsapy.utils - INFO - Module loaded.
2023-05-20 00:51:35,951 - elsapy.elsprofile - INFO - Module loaded.
2023-05-20 00:51:35,980 - elsapy.elssearch - INFO - Module loaded.
2023-05-20 00:51:41,372 - elsapy.elsclient - INFO - Module loaded.
2023-05-20 00:51:41,626 - elsapy.elsentity - INFO - Module loaded.
2023-05-20 00:51:41,642 - elsapy.utils - INFO - Module loaded.
2023-05-20 00:51:41,650 - elsapy.elsprofile - INFO - Module loaded.
2023-05-20 00:51:41,681 - elsapy.elssearch - INFO - Module loaded.
2023-05-20 00:52:07,536 - elsapy.elsclient - INFO - Module loaded.
2023-05-20 00:52:07,723 - elsapy.elsentity - INFO - Module loaded.
2023-05-20 00:52:07,726 - elsapy.utils - INFO - Module loaded.
2023-05-20 00:52:07,729 - elsapy.elsprofile - INFO - Module loaded.
2023-05-20 00:52:07,731 - elsapy.elssearch - INFO - Module loaded.
2023-05-20 00:52:11,980 - elsapy.elsclient - INFO - Module loaded.
2023-05-20 00:52:12,127 - elsapy.elsentity - INFO - Module loaded.
2023-05-20 00:52:12,131 - elsapy.utils - INFO - Module loaded.
2023-05-20 00:52:12,133 - elsapy.elsprofile - INFO - Module loaded.
2023-05-20 00:52:12,135 - elsapy.elssearch - INFO - Module loaded.
2023-05-20 00:52:37,997 - elsapy.elsclient - INFO - Module loaded.
2023-05-20 00:52:38,130 - elsapy.elsentity - INFO - Module loaded.
2023-05-20 00:52:38,134 - elsapy.utils - INFO - Module loaded.
2023-05-20 00:52:38,137 - elsapy.elsprofile - INFO - Module loaded.
2023-05-20 00:52:38,140 - elsapy.elssearch - INFO - Module loaded.
2023-05-20 00:52:42,344 - elsapy.elsclient - INFO - Module loaded.
2023-05-20 00:52:42,471 - elsapy.elsentity - INFO - Module loaded.
2023-05-20 00:52:42,474 - elsapy.utils - INFO - Module loaded.
2023-05-20 00:52:42,476 - elsapy.elsprofile - INFO - Module loaded.
2023-05-20 00:52:42,479 - elsapy.elssearch - INFO - Module loaded.
2023-05-20 00:53:09,315 - elsapy.elsclient - INFO - Module loaded.
2023-05-20 00:53:09,613 - elsapy.elsentity - INFO - Module loaded.
2023-05-20 00:53:09,617 - elsapy.utils - INFO - Module loaded.
2023-05-20 00:53:09,619 - elsapy.elsprofile - INFO - Module loaded.
2023-05-20 00:53:09,621 - elsapy.elssearch - INFO - Module loaded.
2023-05-20 00:53:12,965 - elsapy.elsclient - INFO - Module loaded.
2023-05-20 00:53:13,149 - elsapy.elsentity - INFO - Module loaded.
2023-05-20 00:53:13,153 - elsapy.utils - INFO - Module loaded.
2023-05-20 00:53:13,155 - elsapy.elsprofile - INFO - Module loaded.
2023-05-20 00:53:13,158 - elsapy.elssearch - INFO - Module loaded.
2023-05-20 00:53:40,028 - elsapy.elsclient - INFO - Module loaded.
2023-05-20 00:53:40,288 - elsapy.elsentity - INFO - Module loaded.
2023-05-20 00:53:40,307 - elsapy.utils - INFO - Module loaded.
2023-05-20 00:53:40,316 - elsapy.elsprofile - INFO - Module loaded.
2023-05-20 00:53:40,322 - elsapy.elssearch - INFO - Module loaded.
2023-05-20 00:53:43,605 - elsapy.elsclient - INFO - Module loaded.
2023-05-20 00:53:43,916 - elsapy.elsentity - INFO - Module loaded.
2023-05-20 00:53:43,938 - elsapy.utils - INFO - Module loaded.
2023-05-20 00:53:43,941 - elsapy.elsprofile - INFO - Module loaded.
2023-05-20 00:53:43,944 - elsapy.elssearch - INFO - Module loaded.
2023-05-20 00:54:10,715 - elsapy.elsclient - INFO - Module loaded.
2023-05-20 00:54:10,877 - elsapy.elsentity - INFO - Module loaded.
2023-05-20 00:54:10,880 - elsapy.utils - INFO - Module loaded.
2023-05-20 00:54:10,882 - elsapy.elsprofile - INFO - Module loaded.
2023-05-20 00:54:10,884 - elsapy.elssearch - INFO - Module loaded.
2023-05-20 00:54:14,114 - elsapy.elsclient - INFO - Module loaded.
2023-05-20 00:54:14,242 - elsapy.elsentity - INFO - Module loaded.
2023-05-20 00:54:14,245 - elsapy.utils - INFO - Module loaded.
2023-05-20 00:54:14,247 - elsapy.elsprofile - INFO - Module loaded.
2023-05-20 00:54:14,250 - elsapy.elssearch - INFO - Module loaded.
2023-05-20 00:54:41,944 - elsapy.elsclient - INFO - Module loaded.
2023-05-20 00:54:42,087 - elsapy.elsentity - INFO - Module loaded.
2023-05-20 00:54:42,090 - elsapy.utils - INFO - Module loaded.
2023-05-20 00:54:42,093 - elsapy.elsprofile - INFO - Module loaded.
2023-05-20 00:54:42,095 - elsapy.elssearch - INFO - Module loaded.
2023-05-20 00:54:44,354 - elsapy.elsclient - INFO - Module loaded.
2023-05-20 00:54:44,485 - elsapy.elsentity - INFO - Module loaded.
2023-05-20 00:54:44,488 - elsapy.utils - INFO - Module loaded.
2023-05-20 00:54:44,491 - elsapy.elsprofile - INFO - Module loaded.
2023-05-20 00:54:44,493 - elsapy.elssearch - INFO - Module loaded.
2023-05-20 00:55:12,333 - elsapy.elsclient - INFO - Module loaded.
2023-05-20 00:55:12,559 - elsapy.elsentity - INFO - Module loaded.
2023-05-20 00:55:12,563 - elsapy.utils - INFO - Module loaded.
2023-05-20 00:55:12,566 - elsapy.elsprofile - INFO - Module loaded.
2023-05-20 00:55:12,570 - elsapy.elssearch - INFO - Module loaded.
2023-05-20 00:55:14,893 - elsapy.elsclient - INFO - Module loaded.
2023-05-20 00:55:15,034 - elsapy.elsentity - INFO - Module loaded.
2023-05-20 00:55:15,037 - elsapy.utils - INFO - Module loaded.
2023-05-20 00:55:15,040 - elsapy.elsprofile - INFO - Module loaded.
2023-05-20 00:55:15,045 - elsapy.elssearch - INFO - Module loaded.
2023-05-20 00:55:43,767 - elsapy.elsclient - INFO - Module loaded.
2023-05-20 00:55:44,064 - elsapy.elsentity - INFO - Module loaded.
2023-05-20 00:55:44,068 - elsapy.utils - INFO - Module loaded.
2023-05-20 00:55:44,071 - elsapy.elsprofile - INFO - Module loaded.
2023-05-20 00:55:44,074 - elsapy.elssearch - INFO - Module loaded.
2023-05-20 00:55:45,345 - elsapy.elsclient - INFO - Module loaded.
2023-05-20 00:55:45,481 - elsapy.elsentity - INFO - Module loaded.
2023-05-20 00:55:45,484 - elsapy.utils - INFO - Module loaded.
2023-05-20 00:55:45,487 - elsapy.elsprofile - INFO - Module loaded.
2023-05-20 00:55:45,489 - elsapy.elssearch - INFO - Module loaded.
2023-05-20 00:56:14,399 - elsapy.elsclient - INFO - Module loaded.
2023-05-20 00:56:14,702 - elsapy.elsentity - INFO - Module loaded.
2023-05-20 00:56:14,707 - elsapy.utils - INFO - Module loaded.
2023-05-20 00:56:14,711 - elsapy.elsprofile - INFO - Module loaded.
2023-05-20 00:56:14,715 - elsapy.elssearch - INFO - Module loaded.
2023-05-20 00:56:16,149 - elsapy.elsclient - INFO - Module loaded.
2023-05-20 00:56:16,424 - elsapy.elsentity - INFO - Module loaded.
2023-05-20 00:56:16,430 - elsapy.utils - INFO - Module loaded.
2023-05-20 00:56:16,436 - elsapy.elsprofile - INFO - Module loaded.
2023-05-20 00:56:16,443 - elsapy.elssearch - INFO - Module loaded.
