[2023-04-24 17:09:44,044] {taskinstance.py:1179} INFO - Dependencies all met for <TaskInstance: vic_investigacion_ETL.get_cv_lac_data manual__2023-04-24T17:09:41.691813+00:00 [queued]>
[2023-04-24 17:09:44,055] {taskinstance.py:1179} INFO - Dependencies all met for <TaskInstance: vic_investigacion_ETL.get_cv_lac_data manual__2023-04-24T17:09:41.691813+00:00 [queued]>
[2023-04-24 17:09:44,056] {taskinstance.py:1376} INFO - 
--------------------------------------------------------------------------------
[2023-04-24 17:09:44,057] {taskinstance.py:1377} INFO - Starting attempt 1 of 1
[2023-04-24 17:09:44,058] {taskinstance.py:1378} INFO - 
--------------------------------------------------------------------------------
[2023-04-24 17:09:44,090] {taskinstance.py:1397} INFO - Executing <Task(ReadCvLAC): get_cv_lac_data> on 2023-04-24 17:09:41.691813+00:00
[2023-04-24 17:09:44,101] {standard_task_runner.py:52} INFO - Started process 5298 to run task
[2023-04-24 17:09:44,109] {standard_task_runner.py:79} INFO - Running: ['***', 'tasks', 'run', 'vic_investigacion_ETL', 'get_cv_lac_data', 'manual__2023-04-24T17:09:41.691813+00:00', '--job-id', '366', '--raw', '--subdir', 'DAGS_FOLDER/vic_investigacion_dag.py', '--cfg-path', '/tmp/tmpjqaua7uv', '--error-file', '/tmp/tmpd1tiz752']
[2023-04-24 17:09:44,113] {standard_task_runner.py:80} INFO - Job 366: Subtask get_cv_lac_data
[2023-04-24 17:09:44,208] {task_command.py:371} INFO - Running <TaskInstance: vic_investigacion_ETL.get_cv_lac_data manual__2023-04-24T17:09:41.691813+00:00 [running]> on host b136a0a45498
[2023-04-24 17:09:44,317] {taskinstance.py:1591} INFO - Exporting the following env vars:
AIRFLOW_CTX_DAG_OWNER=***
AIRFLOW_CTX_DAG_ID=vic_investigacion_ETL
AIRFLOW_CTX_TASK_ID=get_cv_lac_data
AIRFLOW_CTX_EXECUTION_DATE=2023-04-24T17:09:41.691813+00:00
AIRFLOW_CTX_TRY_NUMBER=1
AIRFLOW_CTX_DAG_RUN_ID=manual__2023-04-24T17:09:41.691813+00:00
[2023-04-24 17:09:44,321] {logging_mixin.py:115} INFO - Getting CV LAC Data
[2023-04-24 17:09:44,692] {taskinstance.py:1420} INFO - Marking task as SUCCESS. dag_id=vic_investigacion_ETL, task_id=get_cv_lac_data, execution_date=20230424T170941, start_date=20230424T170944, end_date=20230424T170944
[2023-04-24 17:09:44,732] {local_task_job.py:156} INFO - Task exited with return code 0
