[2023-06-01 00:27:21,705] {taskinstance.py:1179} INFO - Dependencies all met for <TaskInstance: vic_investigacion_ETL.get_scopus_data manual__2023-06-01T00:27:19.574013+00:00 [queued]>
[2023-06-01 00:27:21,719] {taskinstance.py:1179} INFO - Dependencies all met for <TaskInstance: vic_investigacion_ETL.get_scopus_data manual__2023-06-01T00:27:19.574013+00:00 [queued]>
[2023-06-01 00:27:21,721] {taskinstance.py:1376} INFO - 
--------------------------------------------------------------------------------
[2023-06-01 00:27:21,722] {taskinstance.py:1377} INFO - Starting attempt 1 of 1
[2023-06-01 00:27:21,723] {taskinstance.py:1378} INFO - 
--------------------------------------------------------------------------------
[2023-06-01 00:27:21,746] {taskinstance.py:1397} INFO - Executing <Task(ReadScopus): get_scopus_data> on 2023-06-01 00:27:19.574013+00:00
[2023-06-01 00:27:21,759] {standard_task_runner.py:52} INFO - Started process 3160 to run task
[2023-06-01 00:27:21,773] {standard_task_runner.py:79} INFO - Running: ['***', 'tasks', 'run', 'vic_investigacion_ETL', 'get_scopus_data', 'manual__2023-06-01T00:27:19.574013+00:00', '--job-id', '62', '--raw', '--subdir', 'DAGS_FOLDER/vic_investigacion_dag.py', '--cfg-path', '/tmp/tmpwbv2brq3', '--error-file', '/tmp/tmpv2sqa2lw']
[2023-06-01 00:27:21,791] {standard_task_runner.py:80} INFO - Job 62: Subtask get_scopus_data
[2023-06-01 00:27:21,970] {task_command.py:371} INFO - Running <TaskInstance: vic_investigacion_ETL.get_scopus_data manual__2023-06-01T00:27:19.574013+00:00 [running]> on host 5d9ccb732815
[2023-06-01 00:27:22,110] {taskinstance.py:1591} INFO - Exporting the following env vars:
AIRFLOW_CTX_DAG_OWNER=***
AIRFLOW_CTX_DAG_ID=vic_investigacion_ETL
AIRFLOW_CTX_TASK_ID=get_scopus_data
AIRFLOW_CTX_EXECUTION_DATE=2023-06-01T00:27:19.574013+00:00
AIRFLOW_CTX_TRY_NUMBER=1
AIRFLOW_CTX_DAG_RUN_ID=manual__2023-06-01T00:27:19.574013+00:00
[2023-06-01 00:27:22,114] {logging_mixin.py:115} INFO - Getting Scopus Data
[2023-06-01 00:27:22,121] {logging_mixin.py:115} INFO - The api key is:  640ababb3eaaa3723c7cc11be848250b
[2023-06-01 00:27:22,125] {logging_mixin.py:115} INFO - DAG PATH:  /opt/***
[2023-06-01 00:27:22,538] {logging_mixin.py:115} INFO -         Cedula  ...     Scopus_ID
0   52390079.0  ...  2.483203e+10
1          NaN  ...  5.721300e+10
2   39785999.0  ...  2.043658e+10
3   21065987.0  ...  7.103100e+09
4   65771857.0  ...  5.722656e+10
5   65771857.0  ...  5.721508e+10
6   65771857.0  ...  5.721653e+10
7   10141825.0  ...  2.446233e+10
8   52693472.0  ...           NaN
9   52704428.0  ...  1.340365e+10
10  52772896.0  ...  5.649124e+10
11  79115528.0  ...  2.043649e+10
12  53036967.0  ...  5.722645e+10
13  53036967.0  ...  5.728776e+10
14  16655940.0  ...  5.719241e+10
15  79127450.0  ...  5.720279e+10
16  80084561.0  ...  5.721508e+10
17  80084561.0  ...  3.660141e+10
18  91261764.0  ...  3.693397e+10
19  22429942.0  ...  6.507268e+09
20  22429942.0  ...  5.719527e+10
21  80413743.0  ...  2.406998e+10
22  52622390.0  ...  5.721508e+10
23  79384695.0  ...  5.539188e+10
24  79384695.0  ...  5.721522e+10
25  79384695.0  ...  3.688303e+10
26  79384695.0  ...  7.004218e+09
27  52863512.0  ...           NaN
28  79622056.0  ...  8.941520e+09
29  20243354.0  ...  5.720253e+10
30   3072080.0  ...  6.507026e+09
31  28604429.0  ...  5.720586e+10
32  28604429.0  ...  5.719189e+10
33  52022600.0  ...           NaN

[34 rows x 10 columns]
[2023-06-01 00:27:22,539] {logging_mixin.py:115} INFO - SCOPUS ID:  24832026300.0
[2023-06-01 00:27:22,540] {elsclient.py:109} INFO - Sending GET request to https://api.elsevier.com/content/author/author_id/24832026300.0
[2023-06-01 00:27:22,944] {elsentity.py:81} WARNING - HTTP 400 Error from https://api.elsevier.com/content/author/author_id/24832026300.0
and using headers {'X-ELS-APIKey': '640ababb3eaaa3723c7cc11be848250b', 'User-Agent': 'elsapy-v0.5.1', 'Accept': 'application/json'}:
{"service-error":{"status":{"statusCode":"INVALID_INPUT","statusText":"Invalid authorId(s) submitted"}}}
[2023-06-01 00:27:23,947] {elsclient.py:109} INFO - Sending GET request to https://api.elsevier.com/content/search/scopus?query=AU-ID%2824832026300.0%29
[2023-06-01 00:27:24,449] {logging_mixin.py:115} INFO - SCOPUS ID:  57212998692.0
[2023-06-01 00:27:25,450] {elsclient.py:109} INFO - Sending GET request to https://api.elsevier.com/content/author/author_id/57212998692.0
[2023-06-01 00:27:25,833] {elsentity.py:81} WARNING - HTTP 400 Error from https://api.elsevier.com/content/author/author_id/57212998692.0
and using headers {'X-ELS-APIKey': '640ababb3eaaa3723c7cc11be848250b', 'User-Agent': 'elsapy-v0.5.1', 'Accept': 'application/json'}:
{"service-error":{"status":{"statusCode":"INVALID_INPUT","statusText":"Invalid authorId(s) submitted"}}}
[2023-06-01 00:27:26,835] {elsclient.py:109} INFO - Sending GET request to https://api.elsevier.com/content/search/scopus?query=AU-ID%2857212998692.0%29
[2023-06-01 00:27:27,290] {logging_mixin.py:115} INFO - SCOPUS ID:  20436581100.0
[2023-06-01 00:27:28,285] {elsclient.py:109} INFO - Sending GET request to https://api.elsevier.com/content/author/author_id/20436581100.0
[2023-06-01 00:27:28,692] {elsentity.py:81} WARNING - HTTP 400 Error from https://api.elsevier.com/content/author/author_id/20436581100.0
and using headers {'X-ELS-APIKey': '640ababb3eaaa3723c7cc11be848250b', 'User-Agent': 'elsapy-v0.5.1', 'Accept': 'application/json'}:
{"service-error":{"status":{"statusCode":"INVALID_INPUT","statusText":"Invalid authorId(s) submitted"}}}
[2023-06-01 00:27:29,692] {elsclient.py:109} INFO - Sending GET request to https://api.elsevier.com/content/search/scopus?query=AU-ID%2820436581100.0%29
[2023-06-01 00:27:30,162] {logging_mixin.py:115} INFO - SCOPUS ID:  7103099833.0
[2023-06-01 00:27:31,152] {elsclient.py:109} INFO - Sending GET request to https://api.elsevier.com/content/author/author_id/7103099833.0
[2023-06-01 00:27:31,555] {elsentity.py:81} WARNING - HTTP 400 Error from https://api.elsevier.com/content/author/author_id/7103099833.0
and using headers {'X-ELS-APIKey': '640ababb3eaaa3723c7cc11be848250b', 'User-Agent': 'elsapy-v0.5.1', 'Accept': 'application/json'}:
{"service-error":{"status":{"statusCode":"INVALID_INPUT","statusText":"Invalid authorId(s) submitted"}}}
[2023-06-01 00:27:32,559] {elsclient.py:109} INFO - Sending GET request to https://api.elsevier.com/content/search/scopus?query=AU-ID%287103099833.0%29
[2023-06-01 00:27:33,060] {logging_mixin.py:115} INFO - SCOPUS ID:  57226563089.0
[2023-06-01 00:27:34,058] {elsclient.py:109} INFO - Sending GET request to https://api.elsevier.com/content/author/author_id/57226563089.0
[2023-06-01 00:27:34,560] {elsentity.py:81} WARNING - HTTP 400 Error from https://api.elsevier.com/content/author/author_id/57226563089.0
and using headers {'X-ELS-APIKey': '640ababb3eaaa3723c7cc11be848250b', 'User-Agent': 'elsapy-v0.5.1', 'Accept': 'application/json'}:
{"service-error":{"status":{"statusCode":"INVALID_INPUT","statusText":"Invalid authorId(s) submitted"}}}
[2023-06-01 00:27:35,566] {elsclient.py:109} INFO - Sending GET request to https://api.elsevier.com/content/search/scopus?query=AU-ID%2857226563089.0%29
[2023-06-01 00:27:36,034] {logging_mixin.py:115} INFO - SCOPUS ID:  57215079697.0
[2023-06-01 00:27:37,031] {elsclient.py:109} INFO - Sending GET request to https://api.elsevier.com/content/author/author_id/57215079697.0
[2023-06-01 00:27:37,442] {elsentity.py:81} WARNING - HTTP 400 Error from https://api.elsevier.com/content/author/author_id/57215079697.0
and using headers {'X-ELS-APIKey': '640ababb3eaaa3723c7cc11be848250b', 'User-Agent': 'elsapy-v0.5.1', 'Accept': 'application/json'}:
{"service-error":{"status":{"statusCode":"INVALID_INPUT","statusText":"Invalid authorId(s) submitted"}}}
[2023-06-01 00:27:38,443] {elsclient.py:109} INFO - Sending GET request to https://api.elsevier.com/content/search/scopus?query=AU-ID%2857215079697.0%29
[2023-06-01 00:27:38,940] {logging_mixin.py:115} INFO - SCOPUS ID:  57216526998.0
[2023-06-01 00:27:39,936] {elsclient.py:109} INFO - Sending GET request to https://api.elsevier.com/content/author/author_id/57216526998.0
[2023-06-01 00:27:40,411] {elsentity.py:81} WARNING - HTTP 400 Error from https://api.elsevier.com/content/author/author_id/57216526998.0
and using headers {'X-ELS-APIKey': '640ababb3eaaa3723c7cc11be848250b', 'User-Agent': 'elsapy-v0.5.1', 'Accept': 'application/json'}:
{"service-error":{"status":{"statusCode":"INVALID_INPUT","statusText":"Invalid authorId(s) submitted"}}}
[2023-06-01 00:27:41,412] {elsclient.py:109} INFO - Sending GET request to https://api.elsevier.com/content/search/scopus?query=AU-ID%2857216526998.0%29
[2023-06-01 00:27:41,877] {logging_mixin.py:115} INFO - SCOPUS ID:  24462330500.0
[2023-06-01 00:27:42,878] {elsclient.py:109} INFO - Sending GET request to https://api.elsevier.com/content/author/author_id/24462330500.0
[2023-06-01 00:27:43,892] {elsentity.py:81} WARNING - HTTP 400 Error from https://api.elsevier.com/content/author/author_id/24462330500.0
and using headers {'X-ELS-APIKey': '640ababb3eaaa3723c7cc11be848250b', 'User-Agent': 'elsapy-v0.5.1', 'Accept': 'application/json'}:
{"service-error":{"status":{"statusCode":"INVALID_INPUT","statusText":"Invalid authorId(s) submitted"}}}
[2023-06-01 00:27:44,896] {elsclient.py:109} INFO - Sending GET request to https://api.elsevier.com/content/search/scopus?query=AU-ID%2824462330500.0%29
[2023-06-01 00:27:45,345] {logging_mixin.py:115} INFO - SCOPUS ID:  nan
[2023-06-01 00:27:46,335] {elsclient.py:109} INFO - Sending GET request to https://api.elsevier.com/content/author/author_id/nan
[2023-06-01 00:27:46,711] {elsentity.py:81} WARNING - HTTP 400 Error from https://api.elsevier.com/content/author/author_id/nan
and using headers {'X-ELS-APIKey': '640ababb3eaaa3723c7cc11be848250b', 'User-Agent': 'elsapy-v0.5.1', 'Accept': 'application/json'}:
{"service-error":{"status":{"statusCode":"INVALID_INPUT","statusText":"Invalid authorId(s) submitted"}}}
[2023-06-01 00:27:47,714] {elsclient.py:109} INFO - Sending GET request to https://api.elsevier.com/content/search/scopus?query=AU-ID%28nan%29
[2023-06-01 00:27:48,195] {logging_mixin.py:115} INFO - SCOPUS ID:  13403648000.0
[2023-06-01 00:27:49,177] {elsclient.py:109} INFO - Sending GET request to https://api.elsevier.com/content/author/author_id/13403648000.0
[2023-06-01 00:27:49,598] {elsentity.py:81} WARNING - HTTP 400 Error from https://api.elsevier.com/content/author/author_id/13403648000.0
and using headers {'X-ELS-APIKey': '640ababb3eaaa3723c7cc11be848250b', 'User-Agent': 'elsapy-v0.5.1', 'Accept': 'application/json'}:
{"service-error":{"status":{"statusCode":"INVALID_INPUT","statusText":"Invalid authorId(s) submitted"}}}
[2023-06-01 00:27:50,601] {elsclient.py:109} INFO - Sending GET request to https://api.elsevier.com/content/search/scopus?query=AU-ID%2813403648000.0%29
[2023-06-01 00:27:51,101] {logging_mixin.py:115} INFO - SCOPUS ID:  56491243500.0
[2023-06-01 00:27:52,095] {elsclient.py:109} INFO - Sending GET request to https://api.elsevier.com/content/author/author_id/56491243500.0
[2023-06-01 00:27:52,489] {elsentity.py:81} WARNING - HTTP 400 Error from https://api.elsevier.com/content/author/author_id/56491243500.0
and using headers {'X-ELS-APIKey': '640ababb3eaaa3723c7cc11be848250b', 'User-Agent': 'elsapy-v0.5.1', 'Accept': 'application/json'}:
{"service-error":{"status":{"statusCode":"INVALID_INPUT","statusText":"Invalid authorId(s) submitted"}}}
[2023-06-01 00:27:53,490] {elsclient.py:109} INFO - Sending GET request to https://api.elsevier.com/content/search/scopus?query=AU-ID%2856491243500.0%29
[2023-06-01 00:27:53,998] {logging_mixin.py:115} INFO - SCOPUS ID:  20436488200.0
[2023-06-01 00:27:54,992] {elsclient.py:109} INFO - Sending GET request to https://api.elsevier.com/content/author/author_id/20436488200.0
[2023-06-01 00:27:55,399] {elsentity.py:81} WARNING - HTTP 400 Error from https://api.elsevier.com/content/author/author_id/20436488200.0
and using headers {'X-ELS-APIKey': '640ababb3eaaa3723c7cc11be848250b', 'User-Agent': 'elsapy-v0.5.1', 'Accept': 'application/json'}:
{"service-error":{"status":{"statusCode":"INVALID_INPUT","statusText":"Invalid authorId(s) submitted"}}}
[2023-06-01 00:27:56,400] {elsclient.py:109} INFO - Sending GET request to https://api.elsevier.com/content/search/scopus?query=AU-ID%2820436488200.0%29
[2023-06-01 00:27:56,881] {logging_mixin.py:115} INFO - SCOPUS ID:  57226445944.0
[2023-06-01 00:27:57,878] {elsclient.py:109} INFO - Sending GET request to https://api.elsevier.com/content/author/author_id/57226445944.0
[2023-06-01 00:27:58,295] {elsentity.py:81} WARNING - HTTP 400 Error from https://api.elsevier.com/content/author/author_id/57226445944.0
and using headers {'X-ELS-APIKey': '640ababb3eaaa3723c7cc11be848250b', 'User-Agent': 'elsapy-v0.5.1', 'Accept': 'application/json'}:
{"service-error":{"status":{"statusCode":"INVALID_INPUT","statusText":"Invalid authorId(s) submitted"}}}
[2023-06-01 00:27:59,296] {elsclient.py:109} INFO - Sending GET request to https://api.elsevier.com/content/search/scopus?query=AU-ID%2857226445944.0%29
[2023-06-01 00:27:59,860] {logging_mixin.py:115} INFO - SCOPUS ID:  57287763700.0
[2023-06-01 00:28:00,844] {elsclient.py:109} INFO - Sending GET request to https://api.elsevier.com/content/author/author_id/57287763700.0
[2023-06-01 00:28:01,217] {elsentity.py:81} WARNING - HTTP 400 Error from https://api.elsevier.com/content/author/author_id/57287763700.0
and using headers {'X-ELS-APIKey': '640ababb3eaaa3723c7cc11be848250b', 'User-Agent': 'elsapy-v0.5.1', 'Accept': 'application/json'}:
{"service-error":{"status":{"statusCode":"INVALID_INPUT","statusText":"Invalid authorId(s) submitted"}}}
[2023-06-01 00:28:02,217] {elsclient.py:109} INFO - Sending GET request to https://api.elsevier.com/content/search/scopus?query=AU-ID%2857287763700.0%29
[2023-06-01 00:28:02,688] {logging_mixin.py:115} INFO - SCOPUS ID:  57192414185.0
[2023-06-01 00:28:03,683] {elsclient.py:109} INFO - Sending GET request to https://api.elsevier.com/content/author/author_id/57192414185.0
[2023-06-01 00:28:04,044] {elsentity.py:81} WARNING - HTTP 400 Error from https://api.elsevier.com/content/author/author_id/57192414185.0
and using headers {'X-ELS-APIKey': '640ababb3eaaa3723c7cc11be848250b', 'User-Agent': 'elsapy-v0.5.1', 'Accept': 'application/json'}:
{"service-error":{"status":{"statusCode":"INVALID_INPUT","statusText":"Invalid authorId(s) submitted"}}}
[2023-06-01 00:28:05,052] {elsclient.py:109} INFO - Sending GET request to https://api.elsevier.com/content/search/scopus?query=AU-ID%2857192414185.0%29
[2023-06-01 00:28:05,568] {logging_mixin.py:115} INFO - SCOPUS ID:  57202787139.0
[2023-06-01 00:28:06,564] {elsclient.py:109} INFO - Sending GET request to https://api.elsevier.com/content/author/author_id/57202787139.0
[2023-06-01 00:28:06,972] {elsentity.py:81} WARNING - HTTP 400 Error from https://api.elsevier.com/content/author/author_id/57202787139.0
and using headers {'X-ELS-APIKey': '640ababb3eaaa3723c7cc11be848250b', 'User-Agent': 'elsapy-v0.5.1', 'Accept': 'application/json'}:
{"service-error":{"status":{"statusCode":"INVALID_INPUT","statusText":"Invalid authorId(s) submitted"}}}
[2023-06-01 00:28:07,974] {elsclient.py:109} INFO - Sending GET request to https://api.elsevier.com/content/search/scopus?query=AU-ID%2857202787139.0%29
[2023-06-01 00:28:08,490] {logging_mixin.py:115} INFO - SCOPUS ID:  57215083227.0
[2023-06-01 00:28:09,475] {elsclient.py:109} INFO - Sending GET request to https://api.elsevier.com/content/author/author_id/57215083227.0
[2023-06-01 00:28:09,931] {elsentity.py:81} WARNING - HTTP 400 Error from https://api.elsevier.com/content/author/author_id/57215083227.0
and using headers {'X-ELS-APIKey': '640ababb3eaaa3723c7cc11be848250b', 'User-Agent': 'elsapy-v0.5.1', 'Accept': 'application/json'}:
{"service-error":{"status":{"statusCode":"INVALID_INPUT","statusText":"Invalid authorId(s) submitted"}}}
[2023-06-01 00:28:10,933] {elsclient.py:109} INFO - Sending GET request to https://api.elsevier.com/content/search/scopus?query=AU-ID%2857215083227.0%29
[2023-06-01 00:28:11,408] {logging_mixin.py:115} INFO - SCOPUS ID:  36601412800.0
[2023-06-01 00:28:12,401] {elsclient.py:109} INFO - Sending GET request to https://api.elsevier.com/content/author/author_id/36601412800.0
[2023-06-01 00:28:12,817] {elsentity.py:81} WARNING - HTTP 400 Error from https://api.elsevier.com/content/author/author_id/36601412800.0
and using headers {'X-ELS-APIKey': '640ababb3eaaa3723c7cc11be848250b', 'User-Agent': 'elsapy-v0.5.1', 'Accept': 'application/json'}:
{"service-error":{"status":{"statusCode":"INVALID_INPUT","statusText":"Invalid authorId(s) submitted"}}}
[2023-06-01 00:28:13,822] {elsclient.py:109} INFO - Sending GET request to https://api.elsevier.com/content/search/scopus?query=AU-ID%2836601412800.0%29
[2023-06-01 00:28:14,246] {logging_mixin.py:115} INFO - SCOPUS ID:  36933974000.0
[2023-06-01 00:28:15,243] {elsclient.py:109} INFO - Sending GET request to https://api.elsevier.com/content/author/author_id/36933974000.0
[2023-06-01 00:28:15,687] {elsentity.py:81} WARNING - HTTP 400 Error from https://api.elsevier.com/content/author/author_id/36933974000.0
and using headers {'X-ELS-APIKey': '640ababb3eaaa3723c7cc11be848250b', 'User-Agent': 'elsapy-v0.5.1', 'Accept': 'application/json'}:
{"service-error":{"status":{"statusCode":"INVALID_INPUT","statusText":"Invalid authorId(s) submitted"}}}
[2023-06-01 00:28:16,692] {elsclient.py:109} INFO - Sending GET request to https://api.elsevier.com/content/search/scopus?query=AU-ID%2836933974000.0%29
[2023-06-01 00:28:17,135] {logging_mixin.py:115} INFO - SCOPUS ID:  6507268443.0
[2023-06-01 00:28:18,133] {elsclient.py:109} INFO - Sending GET request to https://api.elsevier.com/content/author/author_id/6507268443.0
[2023-06-01 00:28:18,537] {elsentity.py:81} WARNING - HTTP 400 Error from https://api.elsevier.com/content/author/author_id/6507268443.0
and using headers {'X-ELS-APIKey': '640ababb3eaaa3723c7cc11be848250b', 'User-Agent': 'elsapy-v0.5.1', 'Accept': 'application/json'}:
{"service-error":{"status":{"statusCode":"INVALID_INPUT","statusText":"Invalid authorId(s) submitted"}}}
[2023-06-01 00:28:19,539] {elsclient.py:109} INFO - Sending GET request to https://api.elsevier.com/content/search/scopus?query=AU-ID%286507268443.0%29
[2023-06-01 00:28:20,092] {logging_mixin.py:115} INFO - SCOPUS ID:  57195267579.0
[2023-06-01 00:28:21,086] {elsclient.py:109} INFO - Sending GET request to https://api.elsevier.com/content/author/author_id/57195267579.0
[2023-06-01 00:28:21,482] {elsentity.py:81} WARNING - HTTP 400 Error from https://api.elsevier.com/content/author/author_id/57195267579.0
and using headers {'X-ELS-APIKey': '640ababb3eaaa3723c7cc11be848250b', 'User-Agent': 'elsapy-v0.5.1', 'Accept': 'application/json'}:
{"service-error":{"status":{"statusCode":"INVALID_INPUT","statusText":"Invalid authorId(s) submitted"}}}
[2023-06-01 00:28:22,483] {elsclient.py:109} INFO - Sending GET request to https://api.elsevier.com/content/search/scopus?query=AU-ID%2857195267579.0%29
[2023-06-01 00:28:22,935] {logging_mixin.py:115} INFO - SCOPUS ID:  24069980200.0
[2023-06-01 00:28:23,931] {elsclient.py:109} INFO - Sending GET request to https://api.elsevier.com/content/author/author_id/24069980200.0
[2023-06-01 00:28:24,321] {elsentity.py:81} WARNING - HTTP 400 Error from https://api.elsevier.com/content/author/author_id/24069980200.0
and using headers {'X-ELS-APIKey': '640ababb3eaaa3723c7cc11be848250b', 'User-Agent': 'elsapy-v0.5.1', 'Accept': 'application/json'}:
{"service-error":{"status":{"statusCode":"INVALID_INPUT","statusText":"Invalid authorId(s) submitted"}}}
[2023-06-01 00:28:25,322] {elsclient.py:109} INFO - Sending GET request to https://api.elsevier.com/content/search/scopus?query=AU-ID%2824069980200.0%29
[2023-06-01 00:28:25,848] {logging_mixin.py:115} INFO - SCOPUS ID:  57215082906.0
[2023-06-01 00:28:26,833] {elsclient.py:109} INFO - Sending GET request to https://api.elsevier.com/content/author/author_id/57215082906.0
[2023-06-01 00:28:27,630] {elsentity.py:81} WARNING - HTTP 400 Error from https://api.elsevier.com/content/author/author_id/57215082906.0
and using headers {'X-ELS-APIKey': '640ababb3eaaa3723c7cc11be848250b', 'User-Agent': 'elsapy-v0.5.1', 'Accept': 'application/json'}:
{"service-error":{"status":{"statusCode":"INVALID_INPUT","statusText":"Invalid authorId(s) submitted"}}}
[2023-06-01 00:28:28,631] {elsclient.py:109} INFO - Sending GET request to https://api.elsevier.com/content/search/scopus?query=AU-ID%2857215082906.0%29
[2023-06-01 00:28:29,066] {logging_mixin.py:115} INFO - SCOPUS ID:  55391881200.0
[2023-06-01 00:28:30,064] {elsclient.py:109} INFO - Sending GET request to https://api.elsevier.com/content/author/author_id/55391881200.0
[2023-06-01 00:28:30,507] {elsentity.py:81} WARNING - HTTP 400 Error from https://api.elsevier.com/content/author/author_id/55391881200.0
and using headers {'X-ELS-APIKey': '640ababb3eaaa3723c7cc11be848250b', 'User-Agent': 'elsapy-v0.5.1', 'Accept': 'application/json'}:
{"service-error":{"status":{"statusCode":"INVALID_INPUT","statusText":"Invalid authorId(s) submitted"}}}
[2023-06-01 00:28:31,508] {elsclient.py:109} INFO - Sending GET request to https://api.elsevier.com/content/search/scopus?query=AU-ID%2855391881200.0%29
[2023-06-01 00:28:31,973] {logging_mixin.py:115} INFO - SCOPUS ID:  57215221073.0
[2023-06-01 00:28:32,966] {elsclient.py:109} INFO - Sending GET request to https://api.elsevier.com/content/author/author_id/57215221073.0
[2023-06-01 00:28:33,381] {elsentity.py:81} WARNING - HTTP 400 Error from https://api.elsevier.com/content/author/author_id/57215221073.0
and using headers {'X-ELS-APIKey': '640ababb3eaaa3723c7cc11be848250b', 'User-Agent': 'elsapy-v0.5.1', 'Accept': 'application/json'}:
{"service-error":{"status":{"statusCode":"INVALID_INPUT","statusText":"Invalid authorId(s) submitted"}}}
[2023-06-01 00:28:34,387] {elsclient.py:109} INFO - Sending GET request to https://api.elsevier.com/content/search/scopus?query=AU-ID%2857215221073.0%29
[2023-06-01 00:28:34,882] {logging_mixin.py:115} INFO - SCOPUS ID:  36883033600.0
[2023-06-01 00:28:35,874] {elsclient.py:109} INFO - Sending GET request to https://api.elsevier.com/content/author/author_id/36883033600.0
[2023-06-01 00:28:36,236] {elsentity.py:81} WARNING - HTTP 400 Error from https://api.elsevier.com/content/author/author_id/36883033600.0
and using headers {'X-ELS-APIKey': '640ababb3eaaa3723c7cc11be848250b', 'User-Agent': 'elsapy-v0.5.1', 'Accept': 'application/json'}:
{"service-error":{"status":{"statusCode":"INVALID_INPUT","statusText":"Invalid authorId(s) submitted"}}}
[2023-06-01 00:28:37,242] {elsclient.py:109} INFO - Sending GET request to https://api.elsevier.com/content/search/scopus?query=AU-ID%2836883033600.0%29
[2023-06-01 00:28:37,892] {logging_mixin.py:115} INFO - SCOPUS ID:  7004217890.0
[2023-06-01 00:28:38,877] {elsclient.py:109} INFO - Sending GET request to https://api.elsevier.com/content/author/author_id/7004217890.0
[2023-06-01 00:28:39,289] {elsentity.py:81} WARNING - HTTP 400 Error from https://api.elsevier.com/content/author/author_id/7004217890.0
and using headers {'X-ELS-APIKey': '640ababb3eaaa3723c7cc11be848250b', 'User-Agent': 'elsapy-v0.5.1', 'Accept': 'application/json'}:
{"service-error":{"status":{"statusCode":"INVALID_INPUT","statusText":"Invalid authorId(s) submitted"}}}
[2023-06-01 00:28:40,293] {elsclient.py:109} INFO - Sending GET request to https://api.elsevier.com/content/search/scopus?query=AU-ID%287004217890.0%29
[2023-06-01 00:28:40,783] {logging_mixin.py:115} INFO - SCOPUS ID:  nan
[2023-06-01 00:28:41,772] {elsclient.py:109} INFO - Sending GET request to https://api.elsevier.com/content/author/author_id/nan
[2023-06-01 00:28:42,492] {elsentity.py:81} WARNING - HTTP 400 Error from https://api.elsevier.com/content/author/author_id/nan
and using headers {'X-ELS-APIKey': '640ababb3eaaa3723c7cc11be848250b', 'User-Agent': 'elsapy-v0.5.1', 'Accept': 'application/json'}:
{"service-error":{"status":{"statusCode":"INVALID_INPUT","statusText":"Invalid authorId(s) submitted"}}}
[2023-06-01 00:28:43,498] {elsclient.py:109} INFO - Sending GET request to https://api.elsevier.com/content/search/scopus?query=AU-ID%28nan%29
[2023-06-01 00:28:44,035] {logging_mixin.py:115} INFO - SCOPUS ID:  8941520100.0
[2023-06-01 00:28:45,019] {elsclient.py:109} INFO - Sending GET request to https://api.elsevier.com/content/author/author_id/8941520100.0
[2023-06-01 00:28:45,427] {elsentity.py:81} WARNING - HTTP 400 Error from https://api.elsevier.com/content/author/author_id/8941520100.0
and using headers {'X-ELS-APIKey': '640ababb3eaaa3723c7cc11be848250b', 'User-Agent': 'elsapy-v0.5.1', 'Accept': 'application/json'}:
{"service-error":{"status":{"statusCode":"INVALID_INPUT","statusText":"Invalid authorId(s) submitted"}}}
[2023-06-01 00:28:46,429] {elsclient.py:109} INFO - Sending GET request to https://api.elsevier.com/content/search/scopus?query=AU-ID%288941520100.0%29
[2023-06-01 00:28:46,914] {logging_mixin.py:115} INFO - SCOPUS ID:  57202532348.0
[2023-06-01 00:28:47,915] {elsclient.py:109} INFO - Sending GET request to https://api.elsevier.com/content/author/author_id/57202532348.0
[2023-06-01 00:28:48,309] {elsentity.py:81} WARNING - HTTP 400 Error from https://api.elsevier.com/content/author/author_id/57202532348.0
and using headers {'X-ELS-APIKey': '640ababb3eaaa3723c7cc11be848250b', 'User-Agent': 'elsapy-v0.5.1', 'Accept': 'application/json'}:
{"service-error":{"status":{"statusCode":"INVALID_INPUT","statusText":"Invalid authorId(s) submitted"}}}
[2023-06-01 00:28:49,311] {elsclient.py:109} INFO - Sending GET request to https://api.elsevier.com/content/search/scopus?query=AU-ID%2857202532348.0%29
[2023-06-01 00:28:49,776] {logging_mixin.py:115} INFO - SCOPUS ID:  6507025689.0
[2023-06-01 00:28:50,759] {elsclient.py:109} INFO - Sending GET request to https://api.elsevier.com/content/author/author_id/6507025689.0
[2023-06-01 00:28:51,180] {elsentity.py:81} WARNING - HTTP 400 Error from https://api.elsevier.com/content/author/author_id/6507025689.0
and using headers {'X-ELS-APIKey': '640ababb3eaaa3723c7cc11be848250b', 'User-Agent': 'elsapy-v0.5.1', 'Accept': 'application/json'}:
{"service-error":{"status":{"statusCode":"INVALID_INPUT","statusText":"Invalid authorId(s) submitted"}}}
[2023-06-01 00:28:52,192] {elsclient.py:109} INFO - Sending GET request to https://api.elsevier.com/content/search/scopus?query=AU-ID%286507025689.0%29
[2023-06-01 00:28:52,664] {logging_mixin.py:115} INFO - SCOPUS ID:  57205856244.0
[2023-06-01 00:28:53,660] {elsclient.py:109} INFO - Sending GET request to https://api.elsevier.com/content/author/author_id/57205856244.0
[2023-06-01 00:28:54,104] {elsentity.py:81} WARNING - HTTP 400 Error from https://api.elsevier.com/content/author/author_id/57205856244.0
and using headers {'X-ELS-APIKey': '640ababb3eaaa3723c7cc11be848250b', 'User-Agent': 'elsapy-v0.5.1', 'Accept': 'application/json'}:
{"service-error":{"status":{"statusCode":"INVALID_INPUT","statusText":"Invalid authorId(s) submitted"}}}
[2023-06-01 00:28:55,109] {elsclient.py:109} INFO - Sending GET request to https://api.elsevier.com/content/search/scopus?query=AU-ID%2857205856244.0%29
[2023-06-01 00:28:55,620] {logging_mixin.py:115} INFO - SCOPUS ID:  57191888659.0
[2023-06-01 00:28:56,609] {elsclient.py:109} INFO - Sending GET request to https://api.elsevier.com/content/author/author_id/57191888659.0
[2023-06-01 00:28:57,011] {elsentity.py:81} WARNING - HTTP 400 Error from https://api.elsevier.com/content/author/author_id/57191888659.0
and using headers {'X-ELS-APIKey': '640ababb3eaaa3723c7cc11be848250b', 'User-Agent': 'elsapy-v0.5.1', 'Accept': 'application/json'}:
{"service-error":{"status":{"statusCode":"INVALID_INPUT","statusText":"Invalid authorId(s) submitted"}}}
[2023-06-01 00:28:58,011] {elsclient.py:109} INFO - Sending GET request to https://api.elsevier.com/content/search/scopus?query=AU-ID%2857191888659.0%29
[2023-06-01 00:28:58,476] {logging_mixin.py:115} INFO - SCOPUS ID:  nan
[2023-06-01 00:28:59,478] {elsclient.py:109} INFO - Sending GET request to https://api.elsevier.com/content/author/author_id/nan
[2023-06-01 00:28:59,918] {elsentity.py:81} WARNING - HTTP 400 Error from https://api.elsevier.com/content/author/author_id/nan
and using headers {'X-ELS-APIKey': '640ababb3eaaa3723c7cc11be848250b', 'User-Agent': 'elsapy-v0.5.1', 'Accept': 'application/json'}:
{"service-error":{"status":{"statusCode":"INVALID_INPUT","statusText":"Invalid authorId(s) submitted"}}}
[2023-06-01 00:29:00,919] {elsclient.py:109} INFO - Sending GET request to https://api.elsevier.com/content/search/scopus?query=AU-ID%28nan%29
[2023-06-01 00:29:01,392] {taskinstance.py:1420} INFO - Marking task as SUCCESS. dag_id=vic_investigacion_ETL, task_id=get_scopus_data, execution_date=20230601T002719, start_date=20230601T002721, end_date=20230601T002901
[2023-06-01 00:29:01,499] {local_task_job.py:156} INFO - Task exited with return code 0
[2023-06-01 00:29:01,527] {local_task_job.py:273} INFO - 0 downstream tasks scheduled from follow-on schedule check
