[2023-07-26 17:49:02,219] {taskinstance.py:1179} INFO - Dependencies all met for <TaskInstance: vic_investigacion_ETL.proyectos manual__2023-07-26T17:48:59.794284+00:00 [queued]>
[2023-07-26 17:49:02,230] {taskinstance.py:1179} INFO - Dependencies all met for <TaskInstance: vic_investigacion_ETL.proyectos manual__2023-07-26T17:48:59.794284+00:00 [queued]>
[2023-07-26 17:49:02,232] {taskinstance.py:1376} INFO - 
--------------------------------------------------------------------------------
[2023-07-26 17:49:02,233] {taskinstance.py:1377} INFO - Starting attempt 1 of 1
[2023-07-26 17:49:02,234] {taskinstance.py:1378} INFO - 
--------------------------------------------------------------------------------
[2023-07-26 17:49:02,249] {taskinstance.py:1397} INFO - Executing <Task(PrepareProyectos): proyectos> on 2023-07-26 17:48:59.794284+00:00
[2023-07-26 17:49:02,264] {standard_task_runner.py:52} INFO - Started process 231 to run task
[2023-07-26 17:49:02,273] {standard_task_runner.py:79} INFO - Running: ['***', 'tasks', 'run', 'vic_investigacion_ETL', 'proyectos', 'manual__2023-07-26T17:48:59.794284+00:00', '--job-id', '145', '--raw', '--subdir', 'DAGS_FOLDER/vic_investigacion_dag.py', '--cfg-path', '/tmp/tmp7s4l6de3', '--error-file', '/tmp/tmpfdzasr5u']
[2023-07-26 17:49:02,278] {standard_task_runner.py:80} INFO - Job 145: Subtask proyectos
[2023-07-26 17:49:02,423] {task_command.py:371} INFO - Running <TaskInstance: vic_investigacion_ETL.proyectos manual__2023-07-26T17:48:59.794284+00:00 [running]> on host 6c8a51d4a614
[2023-07-26 17:49:02,620] {taskinstance.py:1591} INFO - Exporting the following env vars:
AIRFLOW_CTX_DAG_OWNER=***
AIRFLOW_CTX_DAG_ID=vic_investigacion_ETL
AIRFLOW_CTX_TASK_ID=proyectos
AIRFLOW_CTX_EXECUTION_DATE=2023-07-26T17:48:59.794284+00:00
AIRFLOW_CTX_TRY_NUMBER=1
AIRFLOW_CTX_DAG_RUN_ID=manual__2023-07-26T17:48:59.794284+00:00
[2023-07-26 17:49:02,645] {logging_mixin.py:115} INFO - Reading Journals
[2023-07-26 17:49:15,452] {taskinstance.py:1420} INFO - Marking task as SUCCESS. dag_id=vic_investigacion_ETL, task_id=proyectos, execution_date=20230726T174859, start_date=20230726T174902, end_date=20230726T174915
[2023-07-26 17:49:15,601] {local_task_job.py:156} INFO - Task exited with return code 0
