[2023-04-14 17:17:30,496] {taskinstance.py:1179} INFO - Dependencies all met for <TaskInstance: vic_investigacion_ETL.get_wos_data manual__2023-04-14T17:17:29.430632+00:00 [queued]>
[2023-04-14 17:17:30,508] {taskinstance.py:1179} INFO - Dependencies all met for <TaskInstance: vic_investigacion_ETL.get_wos_data manual__2023-04-14T17:17:29.430632+00:00 [queued]>
[2023-04-14 17:17:30,510] {taskinstance.py:1376} INFO - 
--------------------------------------------------------------------------------
[2023-04-14 17:17:30,511] {taskinstance.py:1377} INFO - Starting attempt 1 of 1
[2023-04-14 17:17:30,512] {taskinstance.py:1378} INFO - 
--------------------------------------------------------------------------------
[2023-04-14 17:17:30,542] {taskinstance.py:1397} INFO - Executing <Task(PythonOperator): get_wos_data> on 2023-04-14 17:17:29.430632+00:00
[2023-04-14 17:17:30,552] {standard_task_runner.py:52} INFO - Started process 1081 to run task
[2023-04-14 17:17:30,561] {standard_task_runner.py:79} INFO - Running: ['***', 'tasks', 'run', 'vic_investigacion_ETL', 'get_wos_data', 'manual__2023-04-14T17:17:29.430632+00:00', '--job-id', '109', '--raw', '--subdir', 'DAGS_FOLDER/vic_investigacion_dag.py', '--cfg-path', '/tmp/tmp5zeu5jp3', '--error-file', '/tmp/tmp63qpty1y']
[2023-04-14 17:17:30,565] {standard_task_runner.py:80} INFO - Job 109: Subtask get_wos_data
[2023-04-14 17:17:30,662] {task_command.py:371} INFO - Running <TaskInstance: vic_investigacion_ETL.get_wos_data manual__2023-04-14T17:17:29.430632+00:00 [running]> on host d014c8b814c7
[2023-04-14 17:17:30,722] {taskinstance.py:1591} INFO - Exporting the following env vars:
AIRFLOW_CTX_DAG_OWNER=***
AIRFLOW_CTX_DAG_ID=vic_investigacion_ETL
AIRFLOW_CTX_TASK_ID=get_wos_data
AIRFLOW_CTX_EXECUTION_DATE=2023-04-14T17:17:29.430632+00:00
AIRFLOW_CTX_TRY_NUMBER=1
AIRFLOW_CTX_DAG_RUN_ID=manual__2023-04-14T17:17:29.430632+00:00
[2023-04-14 17:17:30,724] {logging_mixin.py:115} INFO - Getting WOS Data
[2023-04-14 17:17:30,725] {python.py:173} INFO - Done. Returned value was: None
[2023-04-14 17:17:30,738] {taskinstance.py:1420} INFO - Marking task as SUCCESS. dag_id=vic_investigacion_ETL, task_id=get_wos_data, execution_date=20230414T171729, start_date=20230414T171730, end_date=20230414T171730
[2023-04-14 17:17:30,773] {local_task_job.py:156} INFO - Task exited with return code 0
[2023-04-14 17:17:30,809] {local_task_job.py:273} INFO - 0 downstream tasks scheduled from follow-on schedule check
