[2023-06-01 00:49:15,102] {taskinstance.py:1179} INFO - Dependencies all met for <TaskInstance: vic_investigacion_ETL.get_scopus_data manual__2023-06-01T00:49:12.901499+00:00 [queued]>
[2023-06-01 00:49:15,120] {taskinstance.py:1179} INFO - Dependencies all met for <TaskInstance: vic_investigacion_ETL.get_scopus_data manual__2023-06-01T00:49:12.901499+00:00 [queued]>
[2023-06-01 00:49:15,121] {taskinstance.py:1376} INFO - 
--------------------------------------------------------------------------------
[2023-06-01 00:49:15,132] {taskinstance.py:1377} INFO - Starting attempt 1 of 1
[2023-06-01 00:49:15,135] {taskinstance.py:1378} INFO - 
--------------------------------------------------------------------------------
[2023-06-01 00:49:15,244] {taskinstance.py:1397} INFO - Executing <Task(ReadScopus): get_scopus_data> on 2023-06-01 00:49:12.901499+00:00
[2023-06-01 00:49:15,260] {standard_task_runner.py:52} INFO - Started process 995 to run task
[2023-06-01 00:49:15,285] {standard_task_runner.py:79} INFO - Running: ['***', 'tasks', 'run', 'vic_investigacion_ETL', 'get_scopus_data', 'manual__2023-06-01T00:49:12.901499+00:00', '--job-id', '112', '--raw', '--subdir', 'DAGS_FOLDER/vic_investigacion_dag.py', '--cfg-path', '/tmp/tmpwk9m6814', '--error-file', '/tmp/tmpi5g2ve3c']
[2023-06-01 00:49:15,290] {standard_task_runner.py:80} INFO - Job 112: Subtask get_scopus_data
[2023-06-01 00:49:15,482] {task_command.py:371} INFO - Running <TaskInstance: vic_investigacion_ETL.get_scopus_data manual__2023-06-01T00:49:12.901499+00:00 [running]> on host 5d9ccb732815
[2023-06-01 00:49:15,710] {taskinstance.py:1591} INFO - Exporting the following env vars:
AIRFLOW_CTX_DAG_OWNER=***
AIRFLOW_CTX_DAG_ID=vic_investigacion_ETL
AIRFLOW_CTX_TASK_ID=get_scopus_data
AIRFLOW_CTX_EXECUTION_DATE=2023-06-01T00:49:12.901499+00:00
AIRFLOW_CTX_TRY_NUMBER=1
AIRFLOW_CTX_DAG_RUN_ID=manual__2023-06-01T00:49:12.901499+00:00
[2023-06-01 00:49:15,718] {logging_mixin.py:115} INFO - Getting Scopus Data
[2023-06-01 00:49:15,721] {logging_mixin.py:115} INFO - The api key is:  640ababb3eaaa3723c7cc11be848250b
[2023-06-01 00:49:15,723] {logging_mixin.py:115} INFO - DAG PATH:  /opt/***
[2023-06-01 00:49:16,157] {logging_mixin.py:115} INFO -       Cedula  ...    Scopus_ID
0   52390079  ...  24832026300
1         -1  ...  57212998692
2   39785999  ...  20436581100
3   21065987  ...   7103099833
4   65771857  ...  57226563089
5   65771857  ...  57215079697
6   65771857  ...  57216526998
7   10141825  ...  24462330500
9   52704428  ...  13403648000
10  52772896  ...  56491243500
11  79115528  ...  20436488200
12  53036967  ...  57226445944
13  53036967  ...  57287763700
14  16655940  ...  57192414185
15  79127450  ...  57202787139
16  80084561  ...  57215083227
17  80084561  ...  36601412800
18  91261764  ...  36933974000
19  22429942  ...   6507268443
20  22429942  ...  57195267579
21  80413743  ...  24069980200
22  52622390  ...  57215082906
23  79384695  ...  55391881200
24  79384695  ...  57215221073
25  79384695  ...  36883033600
26  79384695  ...   7004217890
28  79622056  ...   8941520100
29  20243354  ...  57202532348
30   3072080  ...   6507025689
31  28604429  ...  57205856244
32  28604429  ...  57191888659

[31 rows x 10 columns]
[2023-06-01 00:49:16,159] {elsclient.py:109} INFO - Sending GET request to https://api.elsevier.com/content/author/author_id/24832026300
[2023-06-01 00:49:16,907] {elsentity.py:77} INFO - Data loaded for https://api.elsevier.com/content/author/author_id/24832026300
[2023-06-01 00:49:17,907] {elsclient.py:109} INFO - Sending GET request to https://api.elsevier.com/content/search/scopus?query=AU-ID%2824832026300%29
[2023-06-01 00:49:18,679] {utils.py:41} INFO - Converting prism:coverDate
[2023-06-01 00:49:19,678] {elsclient.py:109} INFO - Sending GET request to https://api.elsevier.com/content/author/author_id/57212998692
[2023-06-01 00:49:20,182] {elsentity.py:77} INFO - Data loaded for https://api.elsevier.com/content/author/author_id/57212998692
[2023-06-01 00:49:21,185] {elsclient.py:109} INFO - Sending GET request to https://api.elsevier.com/content/search/scopus?query=AU-ID%2857212998692%29
[2023-06-01 00:49:21,897] {utils.py:41} INFO - Converting prism:coverDate
[2023-06-01 00:49:22,897] {elsclient.py:109} INFO - Sending GET request to https://api.elsevier.com/content/author/author_id/20436581100
[2023-06-01 00:49:23,378] {elsentity.py:77} INFO - Data loaded for https://api.elsevier.com/content/author/author_id/20436581100
[2023-06-01 00:49:24,383] {elsclient.py:109} INFO - Sending GET request to https://api.elsevier.com/content/search/scopus?query=AU-ID%2820436581100%29
[2023-06-01 00:49:25,381] {utils.py:41} INFO - Converting prism:coverDate
[2023-06-01 00:49:26,384] {elsclient.py:109} INFO - Sending GET request to https://api.elsevier.com/content/author/author_id/7103099833
[2023-06-01 00:49:27,061] {elsentity.py:77} INFO - Data loaded for https://api.elsevier.com/content/author/author_id/7103099833
[2023-06-01 00:49:28,062] {elsclient.py:109} INFO - Sending GET request to https://api.elsevier.com/content/search/scopus?query=AU-ID%287103099833%29
[2023-06-01 00:49:28,925] {utils.py:41} INFO - Converting prism:coverDate
[2023-06-01 00:49:29,912] {elsclient.py:109} INFO - Sending GET request to https://api.elsevier.com/content/author/author_id/57226563089
[2023-06-01 00:49:30,402] {elsentity.py:77} INFO - Data loaded for https://api.elsevier.com/content/author/author_id/57226563089
[2023-06-01 00:49:31,403] {elsclient.py:109} INFO - Sending GET request to https://api.elsevier.com/content/search/scopus?query=AU-ID%2857226563089%29
[2023-06-01 00:49:32,211] {utils.py:41} INFO - Converting prism:coverDate
[2023-06-01 00:49:33,213] {elsclient.py:109} INFO - Sending GET request to https://api.elsevier.com/content/author/author_id/57215079697
[2023-06-01 00:49:33,694] {elsentity.py:77} INFO - Data loaded for https://api.elsevier.com/content/author/author_id/57215079697
[2023-06-01 00:49:34,695] {elsclient.py:109} INFO - Sending GET request to https://api.elsevier.com/content/search/scopus?query=AU-ID%2857215079697%29
[2023-06-01 00:49:36,804] {utils.py:41} INFO - Converting prism:coverDate
[2023-06-01 00:49:37,806] {elsclient.py:109} INFO - Sending GET request to https://api.elsevier.com/content/author/author_id/57216526998
[2023-06-01 00:49:38,274] {elsentity.py:77} INFO - Data loaded for https://api.elsevier.com/content/author/author_id/57216526998
[2023-06-01 00:49:39,274] {elsclient.py:109} INFO - Sending GET request to https://api.elsevier.com/content/search/scopus?query=AU-ID%2857216526998%29
[2023-06-01 00:49:40,136] {utils.py:41} INFO - Converting prism:coverDate
[2023-06-01 00:49:41,137] {elsclient.py:109} INFO - Sending GET request to https://api.elsevier.com/content/author/author_id/24462330500
[2023-06-01 00:49:41,611] {elsentity.py:77} INFO - Data loaded for https://api.elsevier.com/content/author/author_id/24462330500
[2023-06-01 00:49:42,617] {elsclient.py:109} INFO - Sending GET request to https://api.elsevier.com/content/search/scopus?query=AU-ID%2824462330500%29
[2023-06-01 00:49:43,767] {utils.py:41} INFO - Converting prism:coverDate
[2023-06-01 00:49:44,769] {elsclient.py:109} INFO - Sending GET request to https://api.elsevier.com/content/author/author_id/13403648000
[2023-06-01 00:49:45,288] {elsentity.py:77} INFO - Data loaded for https://api.elsevier.com/content/author/author_id/13403648000
[2023-06-01 00:49:46,288] {elsclient.py:109} INFO - Sending GET request to https://api.elsevier.com/content/search/scopus?query=AU-ID%2813403648000%29
[2023-06-01 00:49:46,839] {utils.py:41} INFO - Converting prism:coverDate
[2023-06-01 00:49:47,827] {elsclient.py:109} INFO - Sending GET request to https://api.elsevier.com/content/author/author_id/56491243500
[2023-06-01 00:49:48,364] {elsentity.py:77} INFO - Data loaded for https://api.elsevier.com/content/author/author_id/56491243500
[2023-06-01 00:49:49,365] {elsclient.py:109} INFO - Sending GET request to https://api.elsevier.com/content/search/scopus?query=AU-ID%2856491243500%29
[2023-06-01 00:49:50,211] {utils.py:41} INFO - Converting prism:coverDate
[2023-06-01 00:49:51,212] {elsclient.py:109} INFO - Sending GET request to https://api.elsevier.com/content/author/author_id/20436488200
[2023-06-01 00:49:51,691] {elsentity.py:77} INFO - Data loaded for https://api.elsevier.com/content/author/author_id/20436488200
[2023-06-01 00:49:52,695] {elsclient.py:109} INFO - Sending GET request to https://api.elsevier.com/content/search/scopus?query=AU-ID%2820436488200%29
[2023-06-01 00:49:53,499] {utils.py:41} INFO - Converting prism:coverDate
[2023-06-01 00:49:54,495] {elsclient.py:109} INFO - Sending GET request to https://api.elsevier.com/content/author/author_id/57226445944
[2023-06-01 00:49:54,911] {elsentity.py:77} INFO - Data loaded for https://api.elsevier.com/content/author/author_id/57226445944
[2023-06-01 00:49:55,912] {elsclient.py:109} INFO - Sending GET request to https://api.elsevier.com/content/search/scopus?query=AU-ID%2857226445944%29
[2023-06-01 00:49:56,405] {utils.py:41} INFO - Converting prism:coverDate
[2023-06-01 00:49:57,403] {elsclient.py:109} INFO - Sending GET request to https://api.elsevier.com/content/author/author_id/57287763700
[2023-06-01 00:49:57,877] {elsentity.py:77} INFO - Data loaded for https://api.elsevier.com/content/author/author_id/57287763700
[2023-06-01 00:49:58,878] {elsclient.py:109} INFO - Sending GET request to https://api.elsevier.com/content/search/scopus?query=AU-ID%2857287763700%29
[2023-06-01 00:49:59,855] {utils.py:41} INFO - Converting prism:coverDate
[2023-06-01 00:50:00,848] {elsclient.py:109} INFO - Sending GET request to https://api.elsevier.com/content/author/author_id/57192414185
[2023-06-01 00:50:01,377] {elsentity.py:77} INFO - Data loaded for https://api.elsevier.com/content/author/author_id/57192414185
[2023-06-01 00:50:02,379] {elsclient.py:109} INFO - Sending GET request to https://api.elsevier.com/content/search/scopus?query=AU-ID%2857192414185%29
[2023-06-01 00:50:03,126] {utils.py:41} INFO - Converting prism:coverDate
[2023-06-01 00:50:04,125] {elsclient.py:109} INFO - Sending GET request to https://api.elsevier.com/content/author/author_id/57202787139
[2023-06-01 00:50:04,773] {elsentity.py:77} INFO - Data loaded for https://api.elsevier.com/content/author/author_id/57202787139
[2023-06-01 00:50:05,773] {elsclient.py:109} INFO - Sending GET request to https://api.elsevier.com/content/search/scopus?query=AU-ID%2857202787139%29
[2023-06-01 00:50:06,500] {utils.py:41} INFO - Converting prism:coverDate
[2023-06-01 00:50:07,502] {elsclient.py:109} INFO - Sending GET request to https://api.elsevier.com/content/author/author_id/57215083227
[2023-06-01 00:50:07,977] {elsentity.py:77} INFO - Data loaded for https://api.elsevier.com/content/author/author_id/57215083227
[2023-06-01 00:50:08,982] {elsclient.py:109} INFO - Sending GET request to https://api.elsevier.com/content/search/scopus?query=AU-ID%2857215083227%29
[2023-06-01 00:50:10,308] {utils.py:41} INFO - Converting prism:coverDate
[2023-06-01 00:50:11,306] {elsclient.py:109} INFO - Sending GET request to https://api.elsevier.com/content/author/author_id/36601412800
[2023-06-01 00:50:11,775] {elsentity.py:77} INFO - Data loaded for https://api.elsevier.com/content/author/author_id/36601412800
[2023-06-01 00:50:12,784] {elsclient.py:109} INFO - Sending GET request to https://api.elsevier.com/content/search/scopus?query=AU-ID%2836601412800%29
[2023-06-01 00:50:14,006] {utils.py:41} INFO - Converting prism:coverDate
[2023-06-01 00:50:14,992] {elsclient.py:109} INFO - Sending GET request to https://api.elsevier.com/content/author/author_id/36933974000
[2023-06-01 00:50:15,458] {elsentity.py:77} INFO - Data loaded for https://api.elsevier.com/content/author/author_id/36933974000
[2023-06-01 00:50:16,458] {elsclient.py:109} INFO - Sending GET request to https://api.elsevier.com/content/search/scopus?query=AU-ID%2836933974000%29
[2023-06-01 00:50:17,061] {utils.py:41} INFO - Converting prism:coverDate
[2023-06-01 00:50:18,067] {elsclient.py:109} INFO - Sending GET request to https://api.elsevier.com/content/author/author_id/6507268443
[2023-06-01 00:50:18,669] {elsentity.py:77} INFO - Data loaded for https://api.elsevier.com/content/author/author_id/6507268443
[2023-06-01 00:50:19,669] {elsclient.py:109} INFO - Sending GET request to https://api.elsevier.com/content/search/scopus?query=AU-ID%286507268443%29
[2023-06-01 00:50:20,432] {utils.py:41} INFO - Converting prism:coverDate
[2023-06-01 00:50:21,427] {elsclient.py:109} INFO - Sending GET request to https://api.elsevier.com/content/author/author_id/57195267579
[2023-06-01 00:50:21,854] {elsentity.py:77} INFO - Data loaded for https://api.elsevier.com/content/author/author_id/57195267579
[2023-06-01 00:50:22,859] {elsclient.py:109} INFO - Sending GET request to https://api.elsevier.com/content/search/scopus?query=AU-ID%2857195267579%29
[2023-06-01 00:50:23,567] {utils.py:41} INFO - Converting prism:coverDate
[2023-06-01 00:50:24,567] {elsclient.py:109} INFO - Sending GET request to https://api.elsevier.com/content/author/author_id/24069980200
[2023-06-01 00:50:25,104] {elsentity.py:77} INFO - Data loaded for https://api.elsevier.com/content/author/author_id/24069980200
[2023-06-01 00:50:26,105] {elsclient.py:109} INFO - Sending GET request to https://api.elsevier.com/content/search/scopus?query=AU-ID%2824069980200%29
[2023-06-01 00:50:27,289] {utils.py:41} INFO - Converting prism:coverDate
[2023-06-01 00:50:28,289] {elsclient.py:109} INFO - Sending GET request to https://api.elsevier.com/content/author/author_id/57215082906
[2023-06-01 00:50:28,764] {elsentity.py:77} INFO - Data loaded for https://api.elsevier.com/content/author/author_id/57215082906
[2023-06-01 00:50:29,765] {elsclient.py:109} INFO - Sending GET request to https://api.elsevier.com/content/search/scopus?query=AU-ID%2857215082906%29
[2023-06-01 00:50:30,833] {utils.py:41} INFO - Converting prism:coverDate
[2023-06-01 00:50:31,824] {elsclient.py:109} INFO - Sending GET request to https://api.elsevier.com/content/author/author_id/55391881200
[2023-06-01 00:50:32,287] {elsentity.py:77} INFO - Data loaded for https://api.elsevier.com/content/author/author_id/55391881200
[2023-06-01 00:50:33,288] {elsclient.py:109} INFO - Sending GET request to https://api.elsevier.com/content/search/scopus?query=AU-ID%2855391881200%29
[2023-06-01 00:50:34,279] {utils.py:41} INFO - Converting prism:coverDate
[2023-06-01 00:50:35,282] {elsclient.py:109} INFO - Sending GET request to https://api.elsevier.com/content/author/author_id/57215221073
[2023-06-01 00:50:35,800] {elsentity.py:77} INFO - Data loaded for https://api.elsevier.com/content/author/author_id/57215221073
[2023-06-01 00:50:36,801] {elsclient.py:109} INFO - Sending GET request to https://api.elsevier.com/content/search/scopus?query=AU-ID%2857215221073%29
[2023-06-01 00:50:37,744] {utils.py:41} INFO - Converting prism:coverDate
[2023-06-01 00:50:38,739] {elsclient.py:109} INFO - Sending GET request to https://api.elsevier.com/content/author/author_id/36883033600
[2023-06-01 00:50:39,229] {elsentity.py:77} INFO - Data loaded for https://api.elsevier.com/content/author/author_id/36883033600
[2023-06-01 00:50:40,235] {elsclient.py:109} INFO - Sending GET request to https://api.elsevier.com/content/search/scopus?query=AU-ID%2836883033600%29
[2023-06-01 00:50:41,323] {utils.py:41} INFO - Converting prism:coverDate
[2023-06-01 00:50:42,324] {elsclient.py:109} INFO - Sending GET request to https://api.elsevier.com/content/author/author_id/7004217890
[2023-06-01 00:50:42,857] {elsentity.py:77} INFO - Data loaded for https://api.elsevier.com/content/author/author_id/7004217890
[2023-06-01 00:50:43,858] {elsclient.py:109} INFO - Sending GET request to https://api.elsevier.com/content/search/scopus?query=AU-ID%287004217890%29
[2023-06-01 00:50:45,229] {utils.py:41} INFO - Converting prism:coverDate
[2023-06-01 00:50:46,223] {elsclient.py:109} INFO - Sending GET request to https://api.elsevier.com/content/author/author_id/8941520100
[2023-06-01 00:50:46,838] {elsentity.py:77} INFO - Data loaded for https://api.elsevier.com/content/author/author_id/8941520100
[2023-06-01 00:50:47,843] {elsclient.py:109} INFO - Sending GET request to https://api.elsevier.com/content/search/scopus?query=AU-ID%288941520100%29
[2023-06-01 00:50:49,304] {utils.py:41} INFO - Converting prism:coverDate
[2023-06-01 00:50:50,302] {elsclient.py:109} INFO - Sending GET request to https://api.elsevier.com/content/author/author_id/57202532348
[2023-06-01 00:50:50,786] {elsentity.py:77} INFO - Data loaded for https://api.elsevier.com/content/author/author_id/57202532348
[2023-06-01 00:50:51,788] {elsclient.py:109} INFO - Sending GET request to https://api.elsevier.com/content/search/scopus?query=AU-ID%2857202532348%29
[2023-06-01 00:50:52,908] {utils.py:41} INFO - Converting prism:coverDate
[2023-06-01 00:50:53,899] {elsclient.py:109} INFO - Sending GET request to https://api.elsevier.com/content/author/author_id/6507025689
[2023-06-01 00:50:54,537] {elsentity.py:77} INFO - Data loaded for https://api.elsevier.com/content/author/author_id/6507025689
[2023-06-01 00:50:55,538] {elsclient.py:109} INFO - Sending GET request to https://api.elsevier.com/content/search/scopus?query=AU-ID%286507025689%29
[2023-06-01 00:50:56,681] {utils.py:41} INFO - Converting prism:coverDate
[2023-06-01 00:50:57,684] {elsclient.py:109} INFO - Sending GET request to https://api.elsevier.com/content/author/author_id/57205856244
[2023-06-01 00:50:58,273] {elsentity.py:77} INFO - Data loaded for https://api.elsevier.com/content/author/author_id/57205856244
[2023-06-01 00:50:59,273] {elsclient.py:109} INFO - Sending GET request to https://api.elsevier.com/content/search/scopus?query=AU-ID%2857205856244%29
[2023-06-01 00:51:00,263] {utils.py:41} INFO - Converting prism:coverDate
[2023-06-01 00:51:01,264] {elsclient.py:109} INFO - Sending GET request to https://api.elsevier.com/content/author/author_id/57191888659
[2023-06-01 00:51:01,710] {elsentity.py:77} INFO - Data loaded for https://api.elsevier.com/content/author/author_id/57191888659
[2023-06-01 00:51:02,712] {elsclient.py:109} INFO - Sending GET request to https://api.elsevier.com/content/search/scopus?query=AU-ID%2857191888659%29
[2023-06-01 00:51:03,254] {utils.py:41} INFO - Converting prism:coverDate
[2023-06-01 00:51:03,284] {taskinstance.py:1420} INFO - Marking task as SUCCESS. dag_id=vic_investigacion_ETL, task_id=get_scopus_data, execution_date=20230601T004912, start_date=20230601T004915, end_date=20230601T005103
[2023-06-01 00:51:03,414] {local_task_job.py:156} INFO - Task exited with return code 0
[2023-06-01 00:51:03,442] {local_task_job.py:273} INFO - 0 downstream tasks scheduled from follow-on schedule check
