[2023-06-01 01:21:53,666] {taskinstance.py:1179} INFO - Dependencies all met for <TaskInstance: vic_investigacion_ETL.get_cv_lac_data manual__2023-06-01T01:21:51.642707+00:00 [queued]>
[2023-06-01 01:21:53,678] {taskinstance.py:1179} INFO - Dependencies all met for <TaskInstance: vic_investigacion_ETL.get_cv_lac_data manual__2023-06-01T01:21:51.642707+00:00 [queued]>
[2023-06-01 01:21:53,679] {taskinstance.py:1376} INFO - 
--------------------------------------------------------------------------------
[2023-06-01 01:21:53,680] {taskinstance.py:1377} INFO - Starting attempt 1 of 1
[2023-06-01 01:21:53,681] {taskinstance.py:1378} INFO - 
--------------------------------------------------------------------------------
[2023-06-01 01:21:53,691] {taskinstance.py:1397} INFO - Executing <Task(ReadCvLAC): get_cv_lac_data> on 2023-06-01 01:21:51.642707+00:00
[2023-06-01 01:21:53,702] {standard_task_runner.py:52} INFO - Started process 2769 to run task
[2023-06-01 01:21:53,725] {standard_task_runner.py:79} INFO - Running: ['***', 'tasks', 'run', 'vic_investigacion_ETL', 'get_cv_lac_data', 'manual__2023-06-01T01:21:51.642707+00:00', '--job-id', '164', '--raw', '--subdir', 'DAGS_FOLDER/vic_investigacion_dag.py', '--cfg-path', '/tmp/tmp86ar24ks', '--error-file', '/tmp/tmp0s0iprvn']
[2023-06-01 01:21:53,729] {standard_task_runner.py:80} INFO - Job 164: Subtask get_cv_lac_data
[2023-06-01 01:21:53,869] {task_command.py:371} INFO - Running <TaskInstance: vic_investigacion_ETL.get_cv_lac_data manual__2023-06-01T01:21:51.642707+00:00 [running]> on host 5d9ccb732815
[2023-06-01 01:21:54,034] {taskinstance.py:1591} INFO - Exporting the following env vars:
AIRFLOW_CTX_DAG_OWNER=***
AIRFLOW_CTX_DAG_ID=vic_investigacion_ETL
AIRFLOW_CTX_TASK_ID=get_cv_lac_data
AIRFLOW_CTX_EXECUTION_DATE=2023-06-01T01:21:51.642707+00:00
AIRFLOW_CTX_TRY_NUMBER=1
AIRFLOW_CTX_DAG_RUN_ID=manual__2023-06-01T01:21:51.642707+00:00
[2023-06-01 01:21:54,037] {logging_mixin.py:115} INFO - Getting CV LAC Data
[2023-06-01 01:21:54,075] {taskinstance.py:1420} INFO - Marking task as SUCCESS. dag_id=vic_investigacion_ETL, task_id=get_cv_lac_data, execution_date=20230601T012151, start_date=20230601T012153, end_date=20230601T012154
[2023-06-01 01:21:54,140] {local_task_job.py:156} INFO - Task exited with return code 0
[2023-06-01 01:21:54,209] {local_task_job.py:273} INFO - 0 downstream tasks scheduled from follow-on schedule check
