[2023-04-24 20:39:55,517] {taskinstance.py:1179} INFO - Dependencies all met for <TaskInstance: vic_investigacion_ETL.prepare_cv_lac_data manual__2023-04-24T20:39:52.033408+00:00 [queued]>
[2023-04-24 20:39:55,526] {taskinstance.py:1179} INFO - Dependencies all met for <TaskInstance: vic_investigacion_ETL.prepare_cv_lac_data manual__2023-04-24T20:39:52.033408+00:00 [queued]>
[2023-04-24 20:39:55,527] {taskinstance.py:1376} INFO - 
--------------------------------------------------------------------------------
[2023-04-24 20:39:55,528] {taskinstance.py:1377} INFO - Starting attempt 1 of 1
[2023-04-24 20:39:55,529] {taskinstance.py:1378} INFO - 
--------------------------------------------------------------------------------
[2023-04-24 20:39:55,540] {taskinstance.py:1397} INFO - Executing <Task(PrepareCvLacData): prepare_cv_lac_data> on 2023-04-24 20:39:52.033408+00:00
[2023-04-24 20:39:55,548] {standard_task_runner.py:52} INFO - Started process 12738 to run task
[2023-04-24 20:39:55,555] {standard_task_runner.py:79} INFO - Running: ['***', 'tasks', 'run', 'vic_investigacion_ETL', 'prepare_cv_lac_data', 'manual__2023-04-24T20:39:52.033408+00:00', '--job-id', '453', '--raw', '--subdir', 'DAGS_FOLDER/vic_investigacion_dag.py', '--cfg-path', '/tmp/tmpshxdvwpn', '--error-file', '/tmp/tmpiki1lrla']
[2023-04-24 20:39:55,557] {standard_task_runner.py:80} INFO - Job 453: Subtask prepare_cv_lac_data
[2023-04-24 20:39:55,644] {task_command.py:371} INFO - Running <TaskInstance: vic_investigacion_ETL.prepare_cv_lac_data manual__2023-04-24T20:39:52.033408+00:00 [running]> on host b136a0a45498
[2023-04-24 20:39:55,877] {taskinstance.py:1591} INFO - Exporting the following env vars:
AIRFLOW_CTX_DAG_OWNER=***
AIRFLOW_CTX_DAG_ID=vic_investigacion_ETL
AIRFLOW_CTX_TASK_ID=prepare_cv_lac_data
AIRFLOW_CTX_EXECUTION_DATE=2023-04-24T20:39:52.033408+00:00
AIRFLOW_CTX_TRY_NUMBER=1
AIRFLOW_CTX_DAG_RUN_ID=manual__2023-04-24T20:39:52.033408+00:00
[2023-04-24 20:39:55,881] {logging_mixin.py:115} INFO - Preparing cv lac Data
[2023-04-24 20:39:55,894] {taskinstance.py:1420} INFO - Marking task as SUCCESS. dag_id=vic_investigacion_ETL, task_id=prepare_cv_lac_data, execution_date=20230424T203952, start_date=20230424T203955, end_date=20230424T203955
[2023-04-24 20:39:55,930] {local_task_job.py:156} INFO - Task exited with return code 0
