[2023-04-24 16:39:47,024] {taskinstance.py:1179} INFO - Dependencies all met for <TaskInstance: vic_investigacion_ETL.get_group_lac_data manual__2023-04-24T16:39:44.186697+00:00 [queued]>
[2023-04-24 16:39:47,040] {taskinstance.py:1179} INFO - Dependencies all met for <TaskInstance: vic_investigacion_ETL.get_group_lac_data manual__2023-04-24T16:39:44.186697+00:00 [queued]>
[2023-04-24 16:39:47,046] {taskinstance.py:1376} INFO - 
--------------------------------------------------------------------------------
[2023-04-24 16:39:47,047] {taskinstance.py:1377} INFO - Starting attempt 1 of 1
[2023-04-24 16:39:47,049] {taskinstance.py:1378} INFO - 
--------------------------------------------------------------------------------
[2023-04-24 16:39:47,060] {taskinstance.py:1397} INFO - Executing <Task(ReadGroupLAC): get_group_lac_data> on 2023-04-24 16:39:44.186697+00:00
[2023-04-24 16:39:47,073] {standard_task_runner.py:52} INFO - Started process 3836 to run task
[2023-04-24 16:39:47,090] {standard_task_runner.py:79} INFO - Running: ['***', 'tasks', 'run', 'vic_investigacion_ETL', 'get_group_lac_data', 'manual__2023-04-24T16:39:44.186697+00:00', '--job-id', '347', '--raw', '--subdir', 'DAGS_FOLDER/vic_investigacion_dag.py', '--cfg-path', '/tmp/tmpsksoar0b', '--error-file', '/tmp/tmp7mo11_ry']
[2023-04-24 16:39:47,096] {standard_task_runner.py:80} INFO - Job 347: Subtask get_group_lac_data
[2023-04-24 16:39:47,196] {task_command.py:371} INFO - Running <TaskInstance: vic_investigacion_ETL.get_group_lac_data manual__2023-04-24T16:39:44.186697+00:00 [running]> on host b136a0a45498
[2023-04-24 16:39:47,755] {taskinstance.py:1591} INFO - Exporting the following env vars:
AIRFLOW_CTX_DAG_OWNER=***
AIRFLOW_CTX_DAG_ID=vic_investigacion_ETL
AIRFLOW_CTX_TASK_ID=get_group_lac_data
AIRFLOW_CTX_EXECUTION_DATE=2023-04-24T16:39:44.186697+00:00
AIRFLOW_CTX_TRY_NUMBER=1
AIRFLOW_CTX_DAG_RUN_ID=manual__2023-04-24T16:39:44.186697+00:00
[2023-04-24 16:39:47,757] {logging_mixin.py:115} INFO - Getting Group LAC Data
[2023-04-24 16:39:47,780] {taskinstance.py:1420} INFO - Marking task as SUCCESS. dag_id=vic_investigacion_ETL, task_id=get_group_lac_data, execution_date=20230424T163944, start_date=20230424T163947, end_date=20230424T163947
[2023-04-24 16:39:47,842] {local_task_job.py:156} INFO - Task exited with return code 0
