[2023-04-24 16:30:20,440] {taskinstance.py:1179} INFO - Dependencies all met for <TaskInstance: vic_investigacion_ETL.get_cv_lac_data manual__2023-04-24T16:30:18.845614+00:00 [queued]>
[2023-04-24 16:30:20,453] {taskinstance.py:1179} INFO - Dependencies all met for <TaskInstance: vic_investigacion_ETL.get_cv_lac_data manual__2023-04-24T16:30:18.845614+00:00 [queued]>
[2023-04-24 16:30:20,455] {taskinstance.py:1376} INFO - 
--------------------------------------------------------------------------------
[2023-04-24 16:30:20,456] {taskinstance.py:1377} INFO - Starting attempt 1 of 1
[2023-04-24 16:30:20,456] {taskinstance.py:1378} INFO - 
--------------------------------------------------------------------------------
[2023-04-24 16:30:20,468] {taskinstance.py:1397} INFO - Executing <Task(ReadCvLAC): get_cv_lac_data> on 2023-04-24 16:30:18.845614+00:00
[2023-04-24 16:30:20,477] {standard_task_runner.py:52} INFO - Started process 3332 to run task
[2023-04-24 16:30:20,484] {standard_task_runner.py:79} INFO - Running: ['***', 'tasks', 'run', 'vic_investigacion_ETL', 'get_cv_lac_data', 'manual__2023-04-24T16:30:18.845614+00:00', '--job-id', '326', '--raw', '--subdir', 'DAGS_FOLDER/vic_investigacion_dag.py', '--cfg-path', '/tmp/tmpbjf6gzxm', '--error-file', '/tmp/tmpqxn2am1c']
[2023-04-24 16:30:20,488] {standard_task_runner.py:80} INFO - Job 326: Subtask get_cv_lac_data
[2023-04-24 16:30:20,612] {task_command.py:371} INFO - Running <TaskInstance: vic_investigacion_ETL.get_cv_lac_data manual__2023-04-24T16:30:18.845614+00:00 [running]> on host b136a0a45498
[2023-04-24 16:30:21,139] {taskinstance.py:1591} INFO - Exporting the following env vars:
AIRFLOW_CTX_DAG_OWNER=***
AIRFLOW_CTX_DAG_ID=vic_investigacion_ETL
AIRFLOW_CTX_TASK_ID=get_cv_lac_data
AIRFLOW_CTX_EXECUTION_DATE=2023-04-24T16:30:18.845614+00:00
AIRFLOW_CTX_TRY_NUMBER=1
AIRFLOW_CTX_DAG_RUN_ID=manual__2023-04-24T16:30:18.845614+00:00
[2023-04-24 16:30:21,140] {logging_mixin.py:115} INFO - Getting CV LAC Data
[2023-04-24 16:30:21,152] {taskinstance.py:1420} INFO - Marking task as SUCCESS. dag_id=vic_investigacion_ETL, task_id=get_cv_lac_data, execution_date=20230424T163018, start_date=20230424T163020, end_date=20230424T163021
[2023-04-24 16:30:21,190] {local_task_job.py:156} INFO - Task exited with return code 0
