[2023-04-24 15:27:54,822] {taskinstance.py:1179} INFO - Dependencies all met for <TaskInstance: vic_investigacion_ETL.upload_data_big_query manual__2023-04-24T15:27:38.841361+00:00 [queued]>
[2023-04-24 15:27:54,839] {taskinstance.py:1179} INFO - Dependencies all met for <TaskInstance: vic_investigacion_ETL.upload_data_big_query manual__2023-04-24T15:27:38.841361+00:00 [queued]>
[2023-04-24 15:27:54,840] {taskinstance.py:1376} INFO - 
--------------------------------------------------------------------------------
[2023-04-24 15:27:54,842] {taskinstance.py:1377} INFO - Starting attempt 1 of 1
[2023-04-24 15:27:54,843] {taskinstance.py:1378} INFO - 
--------------------------------------------------------------------------------
[2023-04-24 15:27:54,883] {taskinstance.py:1397} INFO - Executing <Task(ExportData): upload_data_big_query> on 2023-04-24 15:27:38.841361+00:00
[2023-04-24 15:27:54,976] {standard_task_runner.py:52} INFO - Started process 135 to run task
[2023-04-24 15:27:54,991] {standard_task_runner.py:79} INFO - Running: ['***', 'tasks', 'run', 'vic_investigacion_ETL', 'upload_data_big_query', 'manual__2023-04-24T15:27:38.841361+00:00', '--job-id', '253', '--raw', '--subdir', 'DAGS_FOLDER/vic_investigacion_dag.py', '--cfg-path', '/tmp/tmpym2xklj2', '--error-file', '/tmp/tmphvw49sov']
[2023-04-24 15:27:54,997] {standard_task_runner.py:80} INFO - Job 253: Subtask upload_data_big_query
[2023-04-24 15:27:55,114] {task_command.py:371} INFO - Running <TaskInstance: vic_investigacion_ETL.upload_data_big_query manual__2023-04-24T15:27:38.841361+00:00 [running]> on host b136a0a45498
[2023-04-24 15:27:55,223] {taskinstance.py:1591} INFO - Exporting the following env vars:
AIRFLOW_CTX_DAG_OWNER=***
AIRFLOW_CTX_DAG_ID=vic_investigacion_ETL
AIRFLOW_CTX_TASK_ID=upload_data_big_query
AIRFLOW_CTX_EXECUTION_DATE=2023-04-24T15:27:38.841361+00:00
AIRFLOW_CTX_TRY_NUMBER=1
AIRFLOW_CTX_DAG_RUN_ID=manual__2023-04-24T15:27:38.841361+00:00
[2023-04-24 15:27:55,228] {logging_mixin.py:115} INFO - Exporting Data
[2023-04-24 15:27:55,234] {logging_mixin.py:115} INFO - /opt/***/data/scopus/clean/clean_authors_core_data/afilliations_history.csv
[2023-04-24 15:27:57,588] {logging_mixin.py:115} INFO - --
[2023-04-24 15:27:57,596] {logging_mixin.py:115} INFO - /opt/***/data/scopus/clean/clean_authors_core_data/core_data.csv
[2023-04-24 15:28:00,815] {logging_mixin.py:115} INFO - LoadJob<project=viceinvestigacion, location=US, id=11cf432c-7a6e-4ebf-8103-43f19c0fea23>
[2023-04-24 15:28:00,821] {logging_mixin.py:115} INFO - /opt/***/data/scopus/clean/clean_authors_core_data/current_afilliations.csv
[2023-04-24 15:28:01,523] {logging_mixin.py:115} INFO - --
[2023-04-24 15:28:01,532] {logging_mixin.py:115} INFO - /opt/***/data/scopus/clean/clean_authors_core_data/products.csv
[2023-04-24 15:28:01,828] {logging_mixin.py:115} INFO - --
[2023-04-24 15:28:01,829] {logging_mixin.py:115} INFO - /opt/***/data/scopus/clean/clean_authors_core_data/subject_areas.csv
[2023-04-24 15:28:02,335] {logging_mixin.py:115} INFO - --
[2023-04-24 15:28:02,339] {logging_mixin.py:115} INFO - /opt/***/data/scopus/clean/clean_authors_products_data/clean_products.csv
[2023-04-24 15:28:07,645] {logging_mixin.py:115} INFO - LoadJob<project=viceinvestigacion, location=US, id=8698ed0f-a6aa-40be-aa99-e02bf3c71373>
[2023-04-24 15:28:07,690] {taskinstance.py:1420} INFO - Marking task as SUCCESS. dag_id=vic_investigacion_ETL, task_id=upload_data_big_query, execution_date=20230424T152738, start_date=20230424T152754, end_date=20230424T152807
[2023-04-24 15:28:07,849] {local_task_job.py:156} INFO - Task exited with return code 0
[2023-04-24 15:28:07,879] {local_task_job.py:273} INFO - 0 downstream tasks scheduled from follow-on schedule check
