[2023-05-31 23:39:16,923] {taskinstance.py:1179} INFO - Dependencies all met for <TaskInstance: vic_investigacion_ETL.prepare_cv_lac_data manual__2023-05-31T23:39:15.047278+00:00 [queued]>
[2023-05-31 23:39:16,955] {taskinstance.py:1179} INFO - Dependencies all met for <TaskInstance: vic_investigacion_ETL.prepare_cv_lac_data manual__2023-05-31T23:39:15.047278+00:00 [queued]>
[2023-05-31 23:39:16,956] {taskinstance.py:1376} INFO - 
--------------------------------------------------------------------------------
[2023-05-31 23:39:16,960] {taskinstance.py:1377} INFO - Starting attempt 1 of 1
[2023-05-31 23:39:16,962] {taskinstance.py:1378} INFO - 
--------------------------------------------------------------------------------
[2023-05-31 23:39:16,992] {taskinstance.py:1397} INFO - Executing <Task(PrepareCvLacData): prepare_cv_lac_data> on 2023-05-31 23:39:15.047278+00:00
[2023-05-31 23:39:17,007] {standard_task_runner.py:52} INFO - Started process 682 to run task
[2023-05-31 23:39:17,027] {standard_task_runner.py:79} INFO - Running: ['***', 'tasks', 'run', 'vic_investigacion_ETL', 'prepare_cv_lac_data', 'manual__2023-05-31T23:39:15.047278+00:00', '--job-id', '30', '--raw', '--subdir', 'DAGS_FOLDER/vic_investigacion_dag.py', '--cfg-path', '/tmp/tmpsona9azo', '--error-file', '/tmp/tmpatekx533']
[2023-05-31 23:39:17,032] {standard_task_runner.py:80} INFO - Job 30: Subtask prepare_cv_lac_data
[2023-05-31 23:39:17,170] {task_command.py:371} INFO - Running <TaskInstance: vic_investigacion_ETL.prepare_cv_lac_data manual__2023-05-31T23:39:15.047278+00:00 [running]> on host 5d9ccb732815
[2023-05-31 23:39:17,259] {taskinstance.py:1591} INFO - Exporting the following env vars:
AIRFLOW_CTX_DAG_OWNER=***
AIRFLOW_CTX_DAG_ID=vic_investigacion_ETL
AIRFLOW_CTX_TASK_ID=prepare_cv_lac_data
AIRFLOW_CTX_EXECUTION_DATE=2023-05-31T23:39:15.047278+00:00
AIRFLOW_CTX_TRY_NUMBER=1
AIRFLOW_CTX_DAG_RUN_ID=manual__2023-05-31T23:39:15.047278+00:00
[2023-05-31 23:39:17,262] {logging_mixin.py:115} INFO - Preparing cv lac Data
[2023-05-31 23:39:17,465] {taskinstance.py:1420} INFO - Marking task as SUCCESS. dag_id=vic_investigacion_ETL, task_id=prepare_cv_lac_data, execution_date=20230531T233915, start_date=20230531T233916, end_date=20230531T233917
[2023-05-31 23:39:17,523] {local_task_job.py:156} INFO - Task exited with return code 0
[2023-05-31 23:39:17,574] {local_task_job.py:273} INFO - 0 downstream tasks scheduled from follow-on schedule check
