[2023-04-17 15:09:23,155] {taskinstance.py:1179} INFO - Dependencies all met for <TaskInstance: vic_investigacion_ETL.upload_data_big_query manual__2023-04-17T15:09:19.303170+00:00 [queued]>
[2023-04-17 15:09:23,160] {taskinstance.py:1179} INFO - Dependencies all met for <TaskInstance: vic_investigacion_ETL.upload_data_big_query manual__2023-04-17T15:09:19.303170+00:00 [queued]>
[2023-04-17 15:09:23,161] {taskinstance.py:1376} INFO - 
--------------------------------------------------------------------------------
[2023-04-17 15:09:23,161] {taskinstance.py:1377} INFO - Starting attempt 1 of 1
[2023-04-17 15:09:23,162] {taskinstance.py:1378} INFO - 
--------------------------------------------------------------------------------
[2023-04-17 15:09:23,169] {taskinstance.py:1397} INFO - Executing <Task(PythonOperator): upload_data_big_query> on 2023-04-17 15:09:19.303170+00:00
[2023-04-17 15:09:23,173] {standard_task_runner.py:52} INFO - Started process 689 to run task
[2023-04-17 15:09:23,176] {standard_task_runner.py:79} INFO - Running: ['***', 'tasks', 'run', 'vic_investigacion_ETL', 'upload_data_big_query', 'manual__2023-04-17T15:09:19.303170+00:00', '--job-id', '191', '--raw', '--subdir', 'DAGS_FOLDER/vic_investigacion_dag.py', '--cfg-path', '/tmp/tmp058hztzc', '--error-file', '/tmp/tmp5lld28w7']
[2023-04-17 15:09:23,177] {standard_task_runner.py:80} INFO - Job 191: Subtask upload_data_big_query
[2023-04-17 15:09:23,237] {task_command.py:371} INFO - Running <TaskInstance: vic_investigacion_ETL.upload_data_big_query manual__2023-04-17T15:09:19.303170+00:00 [running]> on host 6051ec54e0cc
[2023-04-17 15:09:23,294] {taskinstance.py:1591} INFO - Exporting the following env vars:
AIRFLOW_CTX_DAG_OWNER=***
AIRFLOW_CTX_DAG_ID=vic_investigacion_ETL
AIRFLOW_CTX_TASK_ID=upload_data_big_query
AIRFLOW_CTX_EXECUTION_DATE=2023-04-17T15:09:19.303170+00:00
AIRFLOW_CTX_TRY_NUMBER=1
AIRFLOW_CTX_DAG_RUN_ID=manual__2023-04-17T15:09:19.303170+00:00
[2023-04-17 15:09:23,295] {logging_mixin.py:115} INFO - Uploading Data to big query
[2023-04-17 15:09:23,296] {python.py:173} INFO - Done. Returned value was: None
[2023-04-17 15:09:23,307] {taskinstance.py:1420} INFO - Marking task as SUCCESS. dag_id=vic_investigacion_ETL, task_id=upload_data_big_query, execution_date=20230417T150919, start_date=20230417T150923, end_date=20230417T150923
[2023-04-17 15:09:23,351] {local_task_job.py:156} INFO - Task exited with return code 0
[2023-04-17 15:09:23,375] {local_task_job.py:273} INFO - 0 downstream tasks scheduled from follow-on schedule check
