[2023-04-14 17:35:32,118] {processor.py:153} INFO - Started process (PID=947) to work on /opt/airflow/dags/preparing_data_operator.py
[2023-04-14 17:35:32,120] {processor.py:641} INFO - Processing file /opt/airflow/dags/preparing_data_operator.py for tasks to queue
[2023-04-14 17:35:32,121] {logging_mixin.py:115} INFO - [2023-04-14 17:35:32,121] {dagbag.py:508} INFO - Filling up the DagBag from /opt/airflow/dags/preparing_data_operator.py
[2023-04-14 17:35:32,337] {processor.py:653} WARNING - No viable dags retrieved from /opt/airflow/dags/preparing_data_operator.py
[2023-04-14 17:35:32,353] {processor.py:161} INFO - Processing /opt/airflow/dags/preparing_data_operator.py took 0.241 seconds
[2023-04-14 17:36:02,567] {processor.py:153} INFO - Started process (PID=973) to work on /opt/airflow/dags/preparing_data_operator.py
[2023-04-14 17:36:02,569] {processor.py:641} INFO - Processing file /opt/airflow/dags/preparing_data_operator.py for tasks to queue
[2023-04-14 17:36:02,571] {logging_mixin.py:115} INFO - [2023-04-14 17:36:02,571] {dagbag.py:508} INFO - Filling up the DagBag from /opt/airflow/dags/preparing_data_operator.py
[2023-04-14 17:36:02,782] {processor.py:653} WARNING - No viable dags retrieved from /opt/airflow/dags/preparing_data_operator.py
[2023-04-14 17:36:02,800] {processor.py:161} INFO - Processing /opt/airflow/dags/preparing_data_operator.py took 0.240 seconds
[2023-04-14 17:36:33,121] {processor.py:153} INFO - Started process (PID=1015) to work on /opt/airflow/dags/preparing_data_operator.py
[2023-04-14 17:36:33,125] {processor.py:641} INFO - Processing file /opt/airflow/dags/preparing_data_operator.py for tasks to queue
[2023-04-14 17:36:33,126] {logging_mixin.py:115} INFO - [2023-04-14 17:36:33,126] {dagbag.py:508} INFO - Filling up the DagBag from /opt/airflow/dags/preparing_data_operator.py
[2023-04-14 17:36:33,380] {processor.py:653} WARNING - No viable dags retrieved from /opt/airflow/dags/preparing_data_operator.py
[2023-04-14 17:36:33,409] {processor.py:161} INFO - Processing /opt/airflow/dags/preparing_data_operator.py took 0.293 seconds
[2023-04-14 17:37:03,975] {processor.py:153} INFO - Started process (PID=1050) to work on /opt/airflow/dags/preparing_data_operator.py
[2023-04-14 17:37:03,978] {processor.py:641} INFO - Processing file /opt/airflow/dags/preparing_data_operator.py for tasks to queue
[2023-04-14 17:37:03,979] {logging_mixin.py:115} INFO - [2023-04-14 17:37:03,979] {dagbag.py:508} INFO - Filling up the DagBag from /opt/airflow/dags/preparing_data_operator.py
[2023-04-14 17:37:04,126] {processor.py:653} WARNING - No viable dags retrieved from /opt/airflow/dags/preparing_data_operator.py
[2023-04-14 17:37:04,139] {processor.py:161} INFO - Processing /opt/airflow/dags/preparing_data_operator.py took 0.172 seconds
[2023-04-14 17:37:34,598] {processor.py:153} INFO - Started process (PID=1084) to work on /opt/airflow/dags/preparing_data_operator.py
[2023-04-14 17:37:34,601] {processor.py:641} INFO - Processing file /opt/airflow/dags/preparing_data_operator.py for tasks to queue
[2023-04-14 17:37:34,602] {logging_mixin.py:115} INFO - [2023-04-14 17:37:34,602] {dagbag.py:508} INFO - Filling up the DagBag from /opt/airflow/dags/preparing_data_operator.py
[2023-04-14 17:37:34,771] {processor.py:653} WARNING - No viable dags retrieved from /opt/airflow/dags/preparing_data_operator.py
[2023-04-14 17:37:34,792] {processor.py:161} INFO - Processing /opt/airflow/dags/preparing_data_operator.py took 0.200 seconds
[2023-04-14 17:38:05,200] {processor.py:153} INFO - Started process (PID=1118) to work on /opt/airflow/dags/preparing_data_operator.py
[2023-04-14 17:38:05,201] {processor.py:641} INFO - Processing file /opt/airflow/dags/preparing_data_operator.py for tasks to queue
[2023-04-14 17:38:05,202] {logging_mixin.py:115} INFO - [2023-04-14 17:38:05,202] {dagbag.py:508} INFO - Filling up the DagBag from /opt/airflow/dags/preparing_data_operator.py
[2023-04-14 17:38:05,450] {processor.py:653} WARNING - No viable dags retrieved from /opt/airflow/dags/preparing_data_operator.py
[2023-04-14 17:38:05,477] {processor.py:161} INFO - Processing /opt/airflow/dags/preparing_data_operator.py took 0.284 seconds
[2023-04-14 17:38:35,789] {processor.py:153} INFO - Started process (PID=1142) to work on /opt/airflow/dags/preparing_data_operator.py
[2023-04-14 17:38:35,790] {processor.py:641} INFO - Processing file /opt/airflow/dags/preparing_data_operator.py for tasks to queue
[2023-04-14 17:38:35,791] {logging_mixin.py:115} INFO - [2023-04-14 17:38:35,791] {dagbag.py:508} INFO - Filling up the DagBag from /opt/airflow/dags/preparing_data_operator.py
[2023-04-14 17:38:36,009] {processor.py:653} WARNING - No viable dags retrieved from /opt/airflow/dags/preparing_data_operator.py
[2023-04-14 17:38:36,032] {processor.py:161} INFO - Processing /opt/airflow/dags/preparing_data_operator.py took 0.250 seconds
[2023-04-14 17:39:06,536] {processor.py:153} INFO - Started process (PID=1174) to work on /opt/airflow/dags/preparing_data_operator.py
[2023-04-14 17:39:06,538] {processor.py:641} INFO - Processing file /opt/airflow/dags/preparing_data_operator.py for tasks to queue
[2023-04-14 17:39:06,540] {logging_mixin.py:115} INFO - [2023-04-14 17:39:06,540] {dagbag.py:508} INFO - Filling up the DagBag from /opt/airflow/dags/preparing_data_operator.py
[2023-04-14 17:39:06,767] {processor.py:653} WARNING - No viable dags retrieved from /opt/airflow/dags/preparing_data_operator.py
[2023-04-14 17:39:06,787] {processor.py:161} INFO - Processing /opt/airflow/dags/preparing_data_operator.py took 0.261 seconds
[2023-04-14 17:39:37,026] {processor.py:153} INFO - Started process (PID=1207) to work on /opt/airflow/dags/preparing_data_operator.py
[2023-04-14 17:39:37,029] {processor.py:641} INFO - Processing file /opt/airflow/dags/preparing_data_operator.py for tasks to queue
[2023-04-14 17:39:37,030] {logging_mixin.py:115} INFO - [2023-04-14 17:39:37,030] {dagbag.py:508} INFO - Filling up the DagBag from /opt/airflow/dags/preparing_data_operator.py
[2023-04-14 17:39:37,194] {processor.py:653} WARNING - No viable dags retrieved from /opt/airflow/dags/preparing_data_operator.py
[2023-04-14 17:39:37,212] {processor.py:161} INFO - Processing /opt/airflow/dags/preparing_data_operator.py took 0.193 seconds
[2023-04-14 17:40:07,548] {processor.py:153} INFO - Started process (PID=1239) to work on /opt/airflow/dags/preparing_data_operator.py
[2023-04-14 17:40:07,550] {processor.py:641} INFO - Processing file /opt/airflow/dags/preparing_data_operator.py for tasks to queue
[2023-04-14 17:40:07,552] {logging_mixin.py:115} INFO - [2023-04-14 17:40:07,552] {dagbag.py:508} INFO - Filling up the DagBag from /opt/airflow/dags/preparing_data_operator.py
[2023-04-14 17:40:07,738] {processor.py:653} WARNING - No viable dags retrieved from /opt/airflow/dags/preparing_data_operator.py
[2023-04-14 17:40:07,756] {processor.py:161} INFO - Processing /opt/airflow/dags/preparing_data_operator.py took 0.218 seconds
[2023-04-14 17:40:38,146] {processor.py:153} INFO - Started process (PID=1272) to work on /opt/airflow/dags/preparing_data_operator.py
[2023-04-14 17:40:38,147] {processor.py:641} INFO - Processing file /opt/airflow/dags/preparing_data_operator.py for tasks to queue
[2023-04-14 17:40:38,149] {logging_mixin.py:115} INFO - [2023-04-14 17:40:38,149] {dagbag.py:508} INFO - Filling up the DagBag from /opt/airflow/dags/preparing_data_operator.py
[2023-04-14 17:40:38,339] {processor.py:653} WARNING - No viable dags retrieved from /opt/airflow/dags/preparing_data_operator.py
[2023-04-14 17:40:38,370] {processor.py:161} INFO - Processing /opt/airflow/dags/preparing_data_operator.py took 0.231 seconds
[2023-04-14 17:41:08,815] {processor.py:153} INFO - Started process (PID=1296) to work on /opt/airflow/dags/preparing_data_operator.py
[2023-04-14 17:41:08,817] {processor.py:641} INFO - Processing file /opt/airflow/dags/preparing_data_operator.py for tasks to queue
[2023-04-14 17:41:08,818] {logging_mixin.py:115} INFO - [2023-04-14 17:41:08,817] {dagbag.py:508} INFO - Filling up the DagBag from /opt/airflow/dags/preparing_data_operator.py
[2023-04-14 17:41:09,043] {processor.py:653} WARNING - No viable dags retrieved from /opt/airflow/dags/preparing_data_operator.py
[2023-04-14 17:41:09,063] {processor.py:161} INFO - Processing /opt/airflow/dags/preparing_data_operator.py took 0.254 seconds
[2023-04-14 17:41:39,391] {processor.py:153} INFO - Started process (PID=1329) to work on /opt/airflow/dags/preparing_data_operator.py
[2023-04-14 17:41:39,392] {processor.py:641} INFO - Processing file /opt/airflow/dags/preparing_data_operator.py for tasks to queue
[2023-04-14 17:41:39,394] {logging_mixin.py:115} INFO - [2023-04-14 17:41:39,394] {dagbag.py:508} INFO - Filling up the DagBag from /opt/airflow/dags/preparing_data_operator.py
[2023-04-14 17:41:39,558] {processor.py:653} WARNING - No viable dags retrieved from /opt/airflow/dags/preparing_data_operator.py
[2023-04-14 17:41:39,573] {processor.py:161} INFO - Processing /opt/airflow/dags/preparing_data_operator.py took 0.188 seconds
[2023-04-14 17:42:09,855] {processor.py:153} INFO - Started process (PID=1362) to work on /opt/airflow/dags/preparing_data_operator.py
[2023-04-14 17:42:09,857] {processor.py:641} INFO - Processing file /opt/airflow/dags/preparing_data_operator.py for tasks to queue
[2023-04-14 17:42:09,858] {logging_mixin.py:115} INFO - [2023-04-14 17:42:09,858] {dagbag.py:508} INFO - Filling up the DagBag from /opt/airflow/dags/preparing_data_operator.py
[2023-04-14 17:42:10,059] {processor.py:653} WARNING - No viable dags retrieved from /opt/airflow/dags/preparing_data_operator.py
[2023-04-14 17:42:10,083] {processor.py:161} INFO - Processing /opt/airflow/dags/preparing_data_operator.py took 0.235 seconds
[2023-04-14 17:42:40,588] {processor.py:153} INFO - Started process (PID=1395) to work on /opt/airflow/dags/preparing_data_operator.py
[2023-04-14 17:42:40,590] {processor.py:641} INFO - Processing file /opt/airflow/dags/preparing_data_operator.py for tasks to queue
[2023-04-14 17:42:40,591] {logging_mixin.py:115} INFO - [2023-04-14 17:42:40,591] {dagbag.py:508} INFO - Filling up the DagBag from /opt/airflow/dags/preparing_data_operator.py
[2023-04-14 17:42:40,794] {processor.py:653} WARNING - No viable dags retrieved from /opt/airflow/dags/preparing_data_operator.py
[2023-04-14 17:42:40,814] {processor.py:161} INFO - Processing /opt/airflow/dags/preparing_data_operator.py took 0.237 seconds
[2023-04-14 17:43:11,094] {processor.py:153} INFO - Started process (PID=1427) to work on /opt/airflow/dags/preparing_data_operator.py
[2023-04-14 17:43:11,097] {processor.py:641} INFO - Processing file /opt/airflow/dags/preparing_data_operator.py for tasks to queue
[2023-04-14 17:43:11,098] {logging_mixin.py:115} INFO - [2023-04-14 17:43:11,098] {dagbag.py:508} INFO - Filling up the DagBag from /opt/airflow/dags/preparing_data_operator.py
[2023-04-14 17:43:11,248] {processor.py:653} WARNING - No viable dags retrieved from /opt/airflow/dags/preparing_data_operator.py
[2023-04-14 17:43:11,263] {processor.py:161} INFO - Processing /opt/airflow/dags/preparing_data_operator.py took 0.176 seconds
[2023-04-14 17:43:41,598] {processor.py:153} INFO - Started process (PID=1450) to work on /opt/airflow/dags/preparing_data_operator.py
[2023-04-14 17:43:41,601] {processor.py:641} INFO - Processing file /opt/airflow/dags/preparing_data_operator.py for tasks to queue
[2023-04-14 17:43:41,602] {logging_mixin.py:115} INFO - [2023-04-14 17:43:41,602] {dagbag.py:508} INFO - Filling up the DagBag from /opt/airflow/dags/preparing_data_operator.py
[2023-04-14 17:43:41,766] {processor.py:653} WARNING - No viable dags retrieved from /opt/airflow/dags/preparing_data_operator.py
[2023-04-14 17:43:41,780] {processor.py:161} INFO - Processing /opt/airflow/dags/preparing_data_operator.py took 0.186 seconds
[2023-04-14 17:44:12,082] {processor.py:153} INFO - Started process (PID=1483) to work on /opt/airflow/dags/preparing_data_operator.py
[2023-04-14 17:44:12,083] {processor.py:641} INFO - Processing file /opt/airflow/dags/preparing_data_operator.py for tasks to queue
[2023-04-14 17:44:12,085] {logging_mixin.py:115} INFO - [2023-04-14 17:44:12,085] {dagbag.py:508} INFO - Filling up the DagBag from /opt/airflow/dags/preparing_data_operator.py
[2023-04-14 17:44:12,285] {processor.py:653} WARNING - No viable dags retrieved from /opt/airflow/dags/preparing_data_operator.py
[2023-04-14 17:44:12,302] {processor.py:161} INFO - Processing /opt/airflow/dags/preparing_data_operator.py took 0.226 seconds
[2023-04-14 17:44:42,496] {processor.py:153} INFO - Started process (PID=1516) to work on /opt/airflow/dags/preparing_data_operator.py
[2023-04-14 17:44:42,497] {processor.py:641} INFO - Processing file /opt/airflow/dags/preparing_data_operator.py for tasks to queue
[2023-04-14 17:44:42,498] {logging_mixin.py:115} INFO - [2023-04-14 17:44:42,498] {dagbag.py:508} INFO - Filling up the DagBag from /opt/airflow/dags/preparing_data_operator.py
[2023-04-14 17:44:42,721] {processor.py:653} WARNING - No viable dags retrieved from /opt/airflow/dags/preparing_data_operator.py
[2023-04-14 17:44:42,743] {processor.py:161} INFO - Processing /opt/airflow/dags/preparing_data_operator.py took 0.252 seconds
[2023-04-14 17:45:12,926] {processor.py:153} INFO - Started process (PID=1549) to work on /opt/airflow/dags/preparing_data_operator.py
[2023-04-14 17:45:12,928] {processor.py:641} INFO - Processing file /opt/airflow/dags/preparing_data_operator.py for tasks to queue
[2023-04-14 17:45:12,929] {logging_mixin.py:115} INFO - [2023-04-14 17:45:12,929] {dagbag.py:508} INFO - Filling up the DagBag from /opt/airflow/dags/preparing_data_operator.py
[2023-04-14 17:45:13,053] {processor.py:653} WARNING - No viable dags retrieved from /opt/airflow/dags/preparing_data_operator.py
[2023-04-14 17:45:13,068] {processor.py:161} INFO - Processing /opt/airflow/dags/preparing_data_operator.py took 0.146 seconds
[2023-04-14 17:45:43,468] {processor.py:153} INFO - Started process (PID=1582) to work on /opt/airflow/dags/preparing_data_operator.py
[2023-04-14 17:45:43,470] {processor.py:641} INFO - Processing file /opt/airflow/dags/preparing_data_operator.py for tasks to queue
[2023-04-14 17:45:43,471] {logging_mixin.py:115} INFO - [2023-04-14 17:45:43,470] {dagbag.py:508} INFO - Filling up the DagBag from /opt/airflow/dags/preparing_data_operator.py
[2023-04-14 17:45:43,629] {processor.py:653} WARNING - No viable dags retrieved from /opt/airflow/dags/preparing_data_operator.py
[2023-04-14 17:45:43,646] {processor.py:161} INFO - Processing /opt/airflow/dags/preparing_data_operator.py took 0.183 seconds
[2023-04-14 17:46:13,988] {processor.py:153} INFO - Started process (PID=1606) to work on /opt/airflow/dags/preparing_data_operator.py
[2023-04-14 17:46:13,989] {processor.py:641} INFO - Processing file /opt/airflow/dags/preparing_data_operator.py for tasks to queue
[2023-04-14 17:46:13,991] {logging_mixin.py:115} INFO - [2023-04-14 17:46:13,991] {dagbag.py:508} INFO - Filling up the DagBag from /opt/airflow/dags/preparing_data_operator.py
[2023-04-14 17:46:14,166] {processor.py:653} WARNING - No viable dags retrieved from /opt/airflow/dags/preparing_data_operator.py
[2023-04-14 17:46:14,209] {processor.py:161} INFO - Processing /opt/airflow/dags/preparing_data_operator.py took 0.227 seconds
[2023-04-14 17:46:44,728] {processor.py:153} INFO - Started process (PID=1639) to work on /opt/airflow/dags/preparing_data_operator.py
[2023-04-14 17:46:44,731] {processor.py:641} INFO - Processing file /opt/airflow/dags/preparing_data_operator.py for tasks to queue
[2023-04-14 17:46:44,732] {logging_mixin.py:115} INFO - [2023-04-14 17:46:44,732] {dagbag.py:508} INFO - Filling up the DagBag from /opt/airflow/dags/preparing_data_operator.py
[2023-04-14 17:46:44,971] {processor.py:653} WARNING - No viable dags retrieved from /opt/airflow/dags/preparing_data_operator.py
[2023-04-14 17:46:44,994] {processor.py:161} INFO - Processing /opt/airflow/dags/preparing_data_operator.py took 0.278 seconds
[2023-04-14 17:47:15,348] {processor.py:153} INFO - Started process (PID=1672) to work on /opt/airflow/dags/preparing_data_operator.py
[2023-04-14 17:47:15,351] {processor.py:641} INFO - Processing file /opt/airflow/dags/preparing_data_operator.py for tasks to queue
[2023-04-14 17:47:15,354] {logging_mixin.py:115} INFO - [2023-04-14 17:47:15,354] {dagbag.py:508} INFO - Filling up the DagBag from /opt/airflow/dags/preparing_data_operator.py
[2023-04-14 17:47:15,486] {processor.py:653} WARNING - No viable dags retrieved from /opt/airflow/dags/preparing_data_operator.py
[2023-04-14 17:47:15,499] {processor.py:161} INFO - Processing /opt/airflow/dags/preparing_data_operator.py took 0.158 seconds
[2023-04-14 17:47:45,773] {processor.py:153} INFO - Started process (PID=1706) to work on /opt/airflow/dags/preparing_data_operator.py
[2023-04-14 17:47:45,775] {processor.py:641} INFO - Processing file /opt/airflow/dags/preparing_data_operator.py for tasks to queue
[2023-04-14 17:47:45,777] {logging_mixin.py:115} INFO - [2023-04-14 17:47:45,777] {dagbag.py:508} INFO - Filling up the DagBag from /opt/airflow/dags/preparing_data_operator.py
[2023-04-14 17:47:45,914] {processor.py:653} WARNING - No viable dags retrieved from /opt/airflow/dags/preparing_data_operator.py
[2023-04-14 17:47:45,927] {processor.py:161} INFO - Processing /opt/airflow/dags/preparing_data_operator.py took 0.161 seconds
[2023-04-14 17:48:16,219] {processor.py:153} INFO - Started process (PID=1738) to work on /opt/airflow/dags/preparing_data_operator.py
[2023-04-14 17:48:16,221] {processor.py:641} INFO - Processing file /opt/airflow/dags/preparing_data_operator.py for tasks to queue
[2023-04-14 17:48:16,222] {logging_mixin.py:115} INFO - [2023-04-14 17:48:16,222] {dagbag.py:508} INFO - Filling up the DagBag from /opt/airflow/dags/preparing_data_operator.py
[2023-04-14 17:48:16,439] {processor.py:653} WARNING - No viable dags retrieved from /opt/airflow/dags/preparing_data_operator.py
[2023-04-14 17:48:16,469] {processor.py:161} INFO - Processing /opt/airflow/dags/preparing_data_operator.py took 0.257 seconds
[2023-04-14 17:48:46,750] {processor.py:153} INFO - Started process (PID=1762) to work on /opt/airflow/dags/preparing_data_operator.py
[2023-04-14 17:48:46,752] {processor.py:641} INFO - Processing file /opt/airflow/dags/preparing_data_operator.py for tasks to queue
[2023-04-14 17:48:46,754] {logging_mixin.py:115} INFO - [2023-04-14 17:48:46,754] {dagbag.py:508} INFO - Filling up the DagBag from /opt/airflow/dags/preparing_data_operator.py
[2023-04-14 17:48:46,905] {processor.py:653} WARNING - No viable dags retrieved from /opt/airflow/dags/preparing_data_operator.py
[2023-04-14 17:48:46,920] {processor.py:161} INFO - Processing /opt/airflow/dags/preparing_data_operator.py took 0.178 seconds
[2023-04-14 17:49:17,206] {processor.py:153} INFO - Started process (PID=1794) to work on /opt/airflow/dags/preparing_data_operator.py
[2023-04-14 17:49:17,208] {processor.py:641} INFO - Processing file /opt/airflow/dags/preparing_data_operator.py for tasks to queue
[2023-04-14 17:49:17,209] {logging_mixin.py:115} INFO - [2023-04-14 17:49:17,209] {dagbag.py:508} INFO - Filling up the DagBag from /opt/airflow/dags/preparing_data_operator.py
[2023-04-14 17:49:17,342] {processor.py:653} WARNING - No viable dags retrieved from /opt/airflow/dags/preparing_data_operator.py
[2023-04-14 17:49:17,355] {processor.py:161} INFO - Processing /opt/airflow/dags/preparing_data_operator.py took 0.155 seconds
[2023-04-14 17:49:47,611] {processor.py:153} INFO - Started process (PID=1827) to work on /opt/airflow/dags/preparing_data_operator.py
[2023-04-14 17:49:47,613] {processor.py:641} INFO - Processing file /opt/airflow/dags/preparing_data_operator.py for tasks to queue
[2023-04-14 17:49:47,614] {logging_mixin.py:115} INFO - [2023-04-14 17:49:47,614] {dagbag.py:508} INFO - Filling up the DagBag from /opt/airflow/dags/preparing_data_operator.py
[2023-04-14 17:49:47,754] {processor.py:653} WARNING - No viable dags retrieved from /opt/airflow/dags/preparing_data_operator.py
[2023-04-14 17:49:47,768] {processor.py:161} INFO - Processing /opt/airflow/dags/preparing_data_operator.py took 0.162 seconds
[2023-04-14 17:50:18,002] {processor.py:153} INFO - Started process (PID=1860) to work on /opt/airflow/dags/preparing_data_operator.py
[2023-04-14 17:50:18,004] {processor.py:641} INFO - Processing file /opt/airflow/dags/preparing_data_operator.py for tasks to queue
[2023-04-14 17:50:18,005] {logging_mixin.py:115} INFO - [2023-04-14 17:50:18,005] {dagbag.py:508} INFO - Filling up the DagBag from /opt/airflow/dags/preparing_data_operator.py
[2023-04-14 17:50:18,165] {processor.py:653} WARNING - No viable dags retrieved from /opt/airflow/dags/preparing_data_operator.py
[2023-04-14 17:50:18,179] {processor.py:161} INFO - Processing /opt/airflow/dags/preparing_data_operator.py took 0.182 seconds
[2023-04-14 17:50:48,459] {processor.py:153} INFO - Started process (PID=1893) to work on /opt/airflow/dags/preparing_data_operator.py
[2023-04-14 17:50:48,460] {processor.py:641} INFO - Processing file /opt/airflow/dags/preparing_data_operator.py for tasks to queue
[2023-04-14 17:50:48,462] {logging_mixin.py:115} INFO - [2023-04-14 17:50:48,461] {dagbag.py:508} INFO - Filling up the DagBag from /opt/airflow/dags/preparing_data_operator.py
[2023-04-14 17:50:48,663] {processor.py:653} WARNING - No viable dags retrieved from /opt/airflow/dags/preparing_data_operator.py
[2023-04-14 17:50:48,688] {processor.py:161} INFO - Processing /opt/airflow/dags/preparing_data_operator.py took 0.235 seconds
[2023-04-14 17:51:19,160] {processor.py:153} INFO - Started process (PID=1918) to work on /opt/airflow/dags/preparing_data_operator.py
[2023-04-14 17:51:19,163] {processor.py:641} INFO - Processing file /opt/airflow/dags/preparing_data_operator.py for tasks to queue
[2023-04-14 17:51:19,165] {logging_mixin.py:115} INFO - [2023-04-14 17:51:19,164] {dagbag.py:508} INFO - Filling up the DagBag from /opt/airflow/dags/preparing_data_operator.py
[2023-04-14 17:51:19,331] {processor.py:653} WARNING - No viable dags retrieved from /opt/airflow/dags/preparing_data_operator.py
[2023-04-14 17:51:19,347] {processor.py:161} INFO - Processing /opt/airflow/dags/preparing_data_operator.py took 0.193 seconds
[2023-04-14 17:51:49,631] {processor.py:153} INFO - Started process (PID=1950) to work on /opt/airflow/dags/preparing_data_operator.py
[2023-04-14 17:51:49,633] {processor.py:641} INFO - Processing file /opt/airflow/dags/preparing_data_operator.py for tasks to queue
[2023-04-14 17:51:49,635] {logging_mixin.py:115} INFO - [2023-04-14 17:51:49,635] {dagbag.py:508} INFO - Filling up the DagBag from /opt/airflow/dags/preparing_data_operator.py
[2023-04-14 17:51:49,786] {processor.py:653} WARNING - No viable dags retrieved from /opt/airflow/dags/preparing_data_operator.py
[2023-04-14 17:51:49,802] {processor.py:161} INFO - Processing /opt/airflow/dags/preparing_data_operator.py took 0.177 seconds
[2023-04-14 17:52:20,128] {processor.py:153} INFO - Started process (PID=1983) to work on /opt/airflow/dags/preparing_data_operator.py
[2023-04-14 17:52:20,130] {processor.py:641} INFO - Processing file /opt/airflow/dags/preparing_data_operator.py for tasks to queue
[2023-04-14 17:52:20,132] {logging_mixin.py:115} INFO - [2023-04-14 17:52:20,132] {dagbag.py:508} INFO - Filling up the DagBag from /opt/airflow/dags/preparing_data_operator.py
[2023-04-14 17:52:20,273] {processor.py:653} WARNING - No viable dags retrieved from /opt/airflow/dags/preparing_data_operator.py
[2023-04-14 17:52:20,287] {processor.py:161} INFO - Processing /opt/airflow/dags/preparing_data_operator.py took 0.166 seconds
[2023-04-14 17:52:50,680] {processor.py:153} INFO - Started process (PID=2017) to work on /opt/airflow/dags/preparing_data_operator.py
[2023-04-14 17:52:50,683] {processor.py:641} INFO - Processing file /opt/airflow/dags/preparing_data_operator.py for tasks to queue
[2023-04-14 17:52:50,684] {logging_mixin.py:115} INFO - [2023-04-14 17:52:50,684] {dagbag.py:508} INFO - Filling up the DagBag from /opt/airflow/dags/preparing_data_operator.py
[2023-04-14 17:52:50,827] {processor.py:653} WARNING - No viable dags retrieved from /opt/airflow/dags/preparing_data_operator.py
[2023-04-14 17:52:50,841] {processor.py:161} INFO - Processing /opt/airflow/dags/preparing_data_operator.py took 0.169 seconds
[2023-04-14 17:53:21,132] {processor.py:153} INFO - Started process (PID=2050) to work on /opt/airflow/dags/preparing_data_operator.py
[2023-04-14 17:53:21,134] {processor.py:641} INFO - Processing file /opt/airflow/dags/preparing_data_operator.py for tasks to queue
[2023-04-14 17:53:21,135] {logging_mixin.py:115} INFO - [2023-04-14 17:53:21,135] {dagbag.py:508} INFO - Filling up the DagBag from /opt/airflow/dags/preparing_data_operator.py
[2023-04-14 17:53:21,304] {processor.py:653} WARNING - No viable dags retrieved from /opt/airflow/dags/preparing_data_operator.py
[2023-04-14 17:53:21,320] {processor.py:161} INFO - Processing /opt/airflow/dags/preparing_data_operator.py took 0.193 seconds
[2023-04-14 17:53:51,640] {processor.py:153} INFO - Started process (PID=2074) to work on /opt/airflow/dags/preparing_data_operator.py
[2023-04-14 17:53:51,642] {processor.py:641} INFO - Processing file /opt/airflow/dags/preparing_data_operator.py for tasks to queue
[2023-04-14 17:53:51,644] {logging_mixin.py:115} INFO - [2023-04-14 17:53:51,644] {dagbag.py:508} INFO - Filling up the DagBag from /opt/airflow/dags/preparing_data_operator.py
[2023-04-14 17:53:51,959] {processor.py:653} WARNING - No viable dags retrieved from /opt/airflow/dags/preparing_data_operator.py
[2023-04-14 17:53:51,993] {processor.py:161} INFO - Processing /opt/airflow/dags/preparing_data_operator.py took 0.366 seconds
[2023-04-14 17:54:22,457] {processor.py:153} INFO - Started process (PID=2107) to work on /opt/airflow/dags/preparing_data_operator.py
[2023-04-14 17:54:22,459] {processor.py:641} INFO - Processing file /opt/airflow/dags/preparing_data_operator.py for tasks to queue
[2023-04-14 17:54:22,460] {logging_mixin.py:115} INFO - [2023-04-14 17:54:22,460] {dagbag.py:508} INFO - Filling up the DagBag from /opt/airflow/dags/preparing_data_operator.py
[2023-04-14 17:54:22,659] {processor.py:653} WARNING - No viable dags retrieved from /opt/airflow/dags/preparing_data_operator.py
[2023-04-14 17:54:22,679] {processor.py:161} INFO - Processing /opt/airflow/dags/preparing_data_operator.py took 0.228 seconds
[2023-04-14 17:54:53,053] {processor.py:153} INFO - Started process (PID=2140) to work on /opt/airflow/dags/preparing_data_operator.py
[2023-04-14 17:54:53,056] {processor.py:641} INFO - Processing file /opt/airflow/dags/preparing_data_operator.py for tasks to queue
[2023-04-14 17:54:53,057] {logging_mixin.py:115} INFO - [2023-04-14 17:54:53,057] {dagbag.py:508} INFO - Filling up the DagBag from /opt/airflow/dags/preparing_data_operator.py
[2023-04-14 17:54:53,204] {processor.py:653} WARNING - No viable dags retrieved from /opt/airflow/dags/preparing_data_operator.py
[2023-04-14 17:54:53,221] {processor.py:161} INFO - Processing /opt/airflow/dags/preparing_data_operator.py took 0.173 seconds
[2023-04-14 17:55:23,480] {processor.py:153} INFO - Started process (PID=2173) to work on /opt/airflow/dags/preparing_data_operator.py
[2023-04-14 17:55:23,482] {processor.py:641} INFO - Processing file /opt/airflow/dags/preparing_data_operator.py for tasks to queue
[2023-04-14 17:55:23,484] {logging_mixin.py:115} INFO - [2023-04-14 17:55:23,484] {dagbag.py:508} INFO - Filling up the DagBag from /opt/airflow/dags/preparing_data_operator.py
[2023-04-14 17:55:23,663] {processor.py:653} WARNING - No viable dags retrieved from /opt/airflow/dags/preparing_data_operator.py
[2023-04-14 17:55:23,679] {processor.py:161} INFO - Processing /opt/airflow/dags/preparing_data_operator.py took 0.206 seconds
[2023-04-14 17:55:54,172] {processor.py:153} INFO - Started process (PID=2206) to work on /opt/airflow/dags/preparing_data_operator.py
[2023-04-14 17:55:54,175] {processor.py:641} INFO - Processing file /opt/airflow/dags/preparing_data_operator.py for tasks to queue
[2023-04-14 17:55:54,176] {logging_mixin.py:115} INFO - [2023-04-14 17:55:54,176] {dagbag.py:508} INFO - Filling up the DagBag from /opt/airflow/dags/preparing_data_operator.py
[2023-04-14 17:55:54,326] {processor.py:653} WARNING - No viable dags retrieved from /opt/airflow/dags/preparing_data_operator.py
[2023-04-14 17:55:54,341] {processor.py:161} INFO - Processing /opt/airflow/dags/preparing_data_operator.py took 0.177 seconds
[2023-04-14 17:56:24,581] {processor.py:153} INFO - Started process (PID=2239) to work on /opt/airflow/dags/preparing_data_operator.py
[2023-04-14 17:56:24,583] {processor.py:641} INFO - Processing file /opt/airflow/dags/preparing_data_operator.py for tasks to queue
[2023-04-14 17:56:24,584] {logging_mixin.py:115} INFO - [2023-04-14 17:56:24,584] {dagbag.py:508} INFO - Filling up the DagBag from /opt/airflow/dags/preparing_data_operator.py
[2023-04-14 17:56:24,767] {processor.py:653} WARNING - No viable dags retrieved from /opt/airflow/dags/preparing_data_operator.py
[2023-04-14 17:56:24,791] {processor.py:161} INFO - Processing /opt/airflow/dags/preparing_data_operator.py took 0.215 seconds
[2023-04-14 17:56:55,252] {processor.py:153} INFO - Started process (PID=2263) to work on /opt/airflow/dags/preparing_data_operator.py
[2023-04-14 17:56:55,255] {processor.py:641} INFO - Processing file /opt/airflow/dags/preparing_data_operator.py for tasks to queue
[2023-04-14 17:56:55,256] {logging_mixin.py:115} INFO - [2023-04-14 17:56:55,256] {dagbag.py:508} INFO - Filling up the DagBag from /opt/airflow/dags/preparing_data_operator.py
[2023-04-14 17:56:55,384] {processor.py:653} WARNING - No viable dags retrieved from /opt/airflow/dags/preparing_data_operator.py
[2023-04-14 17:56:55,397] {processor.py:161} INFO - Processing /opt/airflow/dags/preparing_data_operator.py took 0.152 seconds
[2023-04-14 17:57:25,625] {processor.py:153} INFO - Started process (PID=2296) to work on /opt/airflow/dags/preparing_data_operator.py
[2023-04-14 17:57:25,628] {processor.py:641} INFO - Processing file /opt/airflow/dags/preparing_data_operator.py for tasks to queue
[2023-04-14 17:57:25,629] {logging_mixin.py:115} INFO - [2023-04-14 17:57:25,629] {dagbag.py:508} INFO - Filling up the DagBag from /opt/airflow/dags/preparing_data_operator.py
[2023-04-14 17:57:25,786] {processor.py:653} WARNING - No viable dags retrieved from /opt/airflow/dags/preparing_data_operator.py
[2023-04-14 17:57:25,799] {processor.py:161} INFO - Processing /opt/airflow/dags/preparing_data_operator.py took 0.181 seconds
[2023-04-14 17:57:56,234] {processor.py:153} INFO - Started process (PID=2329) to work on /opt/airflow/dags/preparing_data_operator.py
[2023-04-14 17:57:56,236] {processor.py:641} INFO - Processing file /opt/airflow/dags/preparing_data_operator.py for tasks to queue
[2023-04-14 17:57:56,238] {logging_mixin.py:115} INFO - [2023-04-14 17:57:56,238] {dagbag.py:508} INFO - Filling up the DagBag from /opt/airflow/dags/preparing_data_operator.py
[2023-04-14 17:57:56,394] {processor.py:653} WARNING - No viable dags retrieved from /opt/airflow/dags/preparing_data_operator.py
[2023-04-14 17:57:56,410] {processor.py:161} INFO - Processing /opt/airflow/dags/preparing_data_operator.py took 0.179 seconds
[2023-04-14 17:58:26,743] {processor.py:153} INFO - Started process (PID=2362) to work on /opt/airflow/dags/preparing_data_operator.py
[2023-04-14 17:58:26,746] {processor.py:641} INFO - Processing file /opt/airflow/dags/preparing_data_operator.py for tasks to queue
[2023-04-14 17:58:26,748] {logging_mixin.py:115} INFO - [2023-04-14 17:58:26,748] {dagbag.py:508} INFO - Filling up the DagBag from /opt/airflow/dags/preparing_data_operator.py
[2023-04-14 17:58:26,887] {processor.py:653} WARNING - No viable dags retrieved from /opt/airflow/dags/preparing_data_operator.py
[2023-04-14 17:58:26,899] {processor.py:161} INFO - Processing /opt/airflow/dags/preparing_data_operator.py took 0.165 seconds
[2023-04-14 17:58:57,255] {processor.py:153} INFO - Started process (PID=2395) to work on /opt/airflow/dags/preparing_data_operator.py
[2023-04-14 17:58:57,257] {processor.py:641} INFO - Processing file /opt/airflow/dags/preparing_data_operator.py for tasks to queue
[2023-04-14 17:58:57,258] {logging_mixin.py:115} INFO - [2023-04-14 17:58:57,257] {dagbag.py:508} INFO - Filling up the DagBag from /opt/airflow/dags/preparing_data_operator.py
[2023-04-14 17:58:57,383] {processor.py:653} WARNING - No viable dags retrieved from /opt/airflow/dags/preparing_data_operator.py
[2023-04-14 17:58:57,397] {processor.py:161} INFO - Processing /opt/airflow/dags/preparing_data_operator.py took 0.146 seconds
[2023-04-14 17:59:27,899] {processor.py:153} INFO - Started process (PID=2419) to work on /opt/airflow/dags/preparing_data_operator.py
[2023-04-14 17:59:27,902] {processor.py:641} INFO - Processing file /opt/airflow/dags/preparing_data_operator.py for tasks to queue
[2023-04-14 17:59:27,904] {logging_mixin.py:115} INFO - [2023-04-14 17:59:27,904] {dagbag.py:508} INFO - Filling up the DagBag from /opt/airflow/dags/preparing_data_operator.py
[2023-04-14 17:59:28,044] {processor.py:653} WARNING - No viable dags retrieved from /opt/airflow/dags/preparing_data_operator.py
[2023-04-14 17:59:28,057] {processor.py:161} INFO - Processing /opt/airflow/dags/preparing_data_operator.py took 0.167 seconds
[2023-04-14 17:59:58,417] {processor.py:153} INFO - Started process (PID=2451) to work on /opt/airflow/dags/preparing_data_operator.py
[2023-04-14 17:59:58,420] {processor.py:641} INFO - Processing file /opt/airflow/dags/preparing_data_operator.py for tasks to queue
[2023-04-14 17:59:58,422] {logging_mixin.py:115} INFO - [2023-04-14 17:59:58,422] {dagbag.py:508} INFO - Filling up the DagBag from /opt/airflow/dags/preparing_data_operator.py
[2023-04-14 17:59:58,621] {processor.py:653} WARNING - No viable dags retrieved from /opt/airflow/dags/preparing_data_operator.py
[2023-04-14 17:59:58,636] {processor.py:161} INFO - Processing /opt/airflow/dags/preparing_data_operator.py took 0.230 seconds
[2023-04-14 18:00:29,006] {processor.py:153} INFO - Started process (PID=2484) to work on /opt/airflow/dags/preparing_data_operator.py
[2023-04-14 18:00:29,010] {processor.py:641} INFO - Processing file /opt/airflow/dags/preparing_data_operator.py for tasks to queue
[2023-04-14 18:00:29,011] {logging_mixin.py:115} INFO - [2023-04-14 18:00:29,011] {dagbag.py:508} INFO - Filling up the DagBag from /opt/airflow/dags/preparing_data_operator.py
[2023-04-14 18:00:29,148] {processor.py:653} WARNING - No viable dags retrieved from /opt/airflow/dags/preparing_data_operator.py
[2023-04-14 18:00:29,161] {processor.py:161} INFO - Processing /opt/airflow/dags/preparing_data_operator.py took 0.164 seconds
[2023-04-14 18:00:59,351] {processor.py:153} INFO - Started process (PID=2517) to work on /opt/airflow/dags/preparing_data_operator.py
[2023-04-14 18:00:59,354] {processor.py:641} INFO - Processing file /opt/airflow/dags/preparing_data_operator.py for tasks to queue
[2023-04-14 18:00:59,357] {logging_mixin.py:115} INFO - [2023-04-14 18:00:59,356] {dagbag.py:508} INFO - Filling up the DagBag from /opt/airflow/dags/preparing_data_operator.py
[2023-04-14 18:00:59,519] {processor.py:653} WARNING - No viable dags retrieved from /opt/airflow/dags/preparing_data_operator.py
[2023-04-14 18:00:59,533] {processor.py:161} INFO - Processing /opt/airflow/dags/preparing_data_operator.py took 0.190 seconds
[2023-04-14 18:01:29,894] {processor.py:153} INFO - Started process (PID=2550) to work on /opt/airflow/dags/preparing_data_operator.py
[2023-04-14 18:01:29,896] {processor.py:641} INFO - Processing file /opt/airflow/dags/preparing_data_operator.py for tasks to queue
[2023-04-14 18:01:29,897] {logging_mixin.py:115} INFO - [2023-04-14 18:01:29,897] {dagbag.py:508} INFO - Filling up the DagBag from /opt/airflow/dags/preparing_data_operator.py
[2023-04-14 18:01:30,030] {processor.py:653} WARNING - No viable dags retrieved from /opt/airflow/dags/preparing_data_operator.py
[2023-04-14 18:01:30,043] {processor.py:161} INFO - Processing /opt/airflow/dags/preparing_data_operator.py took 0.154 seconds
[2023-04-14 18:02:00,471] {processor.py:153} INFO - Started process (PID=2583) to work on /opt/airflow/dags/preparing_data_operator.py
[2023-04-14 18:02:00,472] {processor.py:641} INFO - Processing file /opt/airflow/dags/preparing_data_operator.py for tasks to queue
[2023-04-14 18:02:00,473] {logging_mixin.py:115} INFO - [2023-04-14 18:02:00,473] {dagbag.py:508} INFO - Filling up the DagBag from /opt/airflow/dags/preparing_data_operator.py
[2023-04-14 18:02:00,647] {processor.py:653} WARNING - No viable dags retrieved from /opt/airflow/dags/preparing_data_operator.py
[2023-04-14 18:02:00,672] {processor.py:161} INFO - Processing /opt/airflow/dags/preparing_data_operator.py took 0.204 seconds
[2023-04-14 18:02:31,112] {processor.py:153} INFO - Started process (PID=2607) to work on /opt/airflow/dags/preparing_data_operator.py
[2023-04-14 18:02:31,115] {processor.py:641} INFO - Processing file /opt/airflow/dags/preparing_data_operator.py for tasks to queue
[2023-04-14 18:02:31,117] {logging_mixin.py:115} INFO - [2023-04-14 18:02:31,117] {dagbag.py:508} INFO - Filling up the DagBag from /opt/airflow/dags/preparing_data_operator.py
[2023-04-14 18:02:31,295] {processor.py:653} WARNING - No viable dags retrieved from /opt/airflow/dags/preparing_data_operator.py
[2023-04-14 18:02:31,312] {processor.py:161} INFO - Processing /opt/airflow/dags/preparing_data_operator.py took 0.208 seconds
[2023-04-14 18:03:01,808] {processor.py:153} INFO - Started process (PID=2640) to work on /opt/airflow/dags/preparing_data_operator.py
[2023-04-14 18:03:01,809] {processor.py:641} INFO - Processing file /opt/airflow/dags/preparing_data_operator.py for tasks to queue
[2023-04-14 18:03:01,811] {logging_mixin.py:115} INFO - [2023-04-14 18:03:01,811] {dagbag.py:508} INFO - Filling up the DagBag from /opt/airflow/dags/preparing_data_operator.py
[2023-04-14 18:03:01,976] {processor.py:653} WARNING - No viable dags retrieved from /opt/airflow/dags/preparing_data_operator.py
[2023-04-14 18:03:01,992] {processor.py:161} INFO - Processing /opt/airflow/dags/preparing_data_operator.py took 0.191 seconds
[2023-04-14 18:03:32,278] {processor.py:153} INFO - Started process (PID=2673) to work on /opt/airflow/dags/preparing_data_operator.py
[2023-04-14 18:03:32,281] {processor.py:641} INFO - Processing file /opt/airflow/dags/preparing_data_operator.py for tasks to queue
[2023-04-14 18:03:32,283] {logging_mixin.py:115} INFO - [2023-04-14 18:03:32,283] {dagbag.py:508} INFO - Filling up the DagBag from /opt/airflow/dags/preparing_data_operator.py
[2023-04-14 18:03:32,419] {processor.py:653} WARNING - No viable dags retrieved from /opt/airflow/dags/preparing_data_operator.py
[2023-04-14 18:03:32,432] {processor.py:161} INFO - Processing /opt/airflow/dags/preparing_data_operator.py took 0.162 seconds
[2023-04-14 18:04:03,131] {processor.py:153} INFO - Started process (PID=2706) to work on /opt/airflow/dags/preparing_data_operator.py
[2023-04-14 18:04:03,133] {processor.py:641} INFO - Processing file /opt/airflow/dags/preparing_data_operator.py for tasks to queue
[2023-04-14 18:04:03,134] {logging_mixin.py:115} INFO - [2023-04-14 18:04:03,134] {dagbag.py:508} INFO - Filling up the DagBag from /opt/airflow/dags/preparing_data_operator.py
[2023-04-14 18:04:03,321] {processor.py:653} WARNING - No viable dags retrieved from /opt/airflow/dags/preparing_data_operator.py
[2023-04-14 18:04:03,340] {processor.py:161} INFO - Processing /opt/airflow/dags/preparing_data_operator.py took 0.216 seconds
[2023-04-14 18:04:33,616] {processor.py:153} INFO - Started process (PID=2739) to work on /opt/airflow/dags/preparing_data_operator.py
[2023-04-14 18:04:33,620] {processor.py:641} INFO - Processing file /opt/airflow/dags/preparing_data_operator.py for tasks to queue
[2023-04-14 18:04:33,621] {logging_mixin.py:115} INFO - [2023-04-14 18:04:33,621] {dagbag.py:508} INFO - Filling up the DagBag from /opt/airflow/dags/preparing_data_operator.py
[2023-04-14 18:04:33,759] {processor.py:653} WARNING - No viable dags retrieved from /opt/airflow/dags/preparing_data_operator.py
[2023-04-14 18:04:33,772] {processor.py:161} INFO - Processing /opt/airflow/dags/preparing_data_operator.py took 0.163 seconds
[2023-04-14 18:05:04,175] {processor.py:153} INFO - Started process (PID=2763) to work on /opt/airflow/dags/preparing_data_operator.py
[2023-04-14 18:05:04,179] {processor.py:641} INFO - Processing file /opt/airflow/dags/preparing_data_operator.py for tasks to queue
[2023-04-14 18:05:04,181] {logging_mixin.py:115} INFO - [2023-04-14 18:05:04,181] {dagbag.py:508} INFO - Filling up the DagBag from /opt/airflow/dags/preparing_data_operator.py
[2023-04-14 18:05:04,323] {processor.py:653} WARNING - No viable dags retrieved from /opt/airflow/dags/preparing_data_operator.py
[2023-04-14 18:05:04,338] {processor.py:161} INFO - Processing /opt/airflow/dags/preparing_data_operator.py took 0.165 seconds
[2023-04-14 18:05:34,787] {processor.py:153} INFO - Started process (PID=2796) to work on /opt/airflow/dags/preparing_data_operator.py
[2023-04-14 18:05:34,788] {processor.py:641} INFO - Processing file /opt/airflow/dags/preparing_data_operator.py for tasks to queue
[2023-04-14 18:05:34,789] {logging_mixin.py:115} INFO - [2023-04-14 18:05:34,789] {dagbag.py:508} INFO - Filling up the DagBag from /opt/airflow/dags/preparing_data_operator.py
[2023-04-14 18:05:34,918] {processor.py:653} WARNING - No viable dags retrieved from /opt/airflow/dags/preparing_data_operator.py
[2023-04-14 18:05:34,932] {processor.py:161} INFO - Processing /opt/airflow/dags/preparing_data_operator.py took 0.152 seconds
[2023-04-14 18:06:05,345] {processor.py:153} INFO - Started process (PID=2829) to work on /opt/airflow/dags/preparing_data_operator.py
[2023-04-14 18:06:05,347] {processor.py:641} INFO - Processing file /opt/airflow/dags/preparing_data_operator.py for tasks to queue
[2023-04-14 18:06:05,348] {logging_mixin.py:115} INFO - [2023-04-14 18:06:05,348] {dagbag.py:508} INFO - Filling up the DagBag from /opt/airflow/dags/preparing_data_operator.py
[2023-04-14 18:06:05,501] {processor.py:653} WARNING - No viable dags retrieved from /opt/airflow/dags/preparing_data_operator.py
[2023-04-14 18:06:05,517] {processor.py:161} INFO - Processing /opt/airflow/dags/preparing_data_operator.py took 0.181 seconds
[2023-04-14 18:06:35,793] {processor.py:153} INFO - Started process (PID=2862) to work on /opt/airflow/dags/preparing_data_operator.py
[2023-04-14 18:06:35,795] {processor.py:641} INFO - Processing file /opt/airflow/dags/preparing_data_operator.py for tasks to queue
[2023-04-14 18:06:35,796] {logging_mixin.py:115} INFO - [2023-04-14 18:06:35,796] {dagbag.py:508} INFO - Filling up the DagBag from /opt/airflow/dags/preparing_data_operator.py
[2023-04-14 18:06:35,954] {processor.py:653} WARNING - No viable dags retrieved from /opt/airflow/dags/preparing_data_operator.py
[2023-04-14 18:06:35,969] {processor.py:161} INFO - Processing /opt/airflow/dags/preparing_data_operator.py took 0.183 seconds
[2023-04-14 18:07:06,472] {processor.py:153} INFO - Started process (PID=2896) to work on /opt/airflow/dags/preparing_data_operator.py
[2023-04-14 18:07:06,474] {processor.py:641} INFO - Processing file /opt/airflow/dags/preparing_data_operator.py for tasks to queue
[2023-04-14 18:07:06,475] {logging_mixin.py:115} INFO - [2023-04-14 18:07:06,475] {dagbag.py:508} INFO - Filling up the DagBag from /opt/airflow/dags/preparing_data_operator.py
[2023-04-14 18:07:06,615] {processor.py:653} WARNING - No viable dags retrieved from /opt/airflow/dags/preparing_data_operator.py
[2023-04-14 18:07:06,629] {processor.py:161} INFO - Processing /opt/airflow/dags/preparing_data_operator.py took 0.164 seconds
[2023-04-14 18:07:36,957] {processor.py:153} INFO - Started process (PID=2929) to work on /opt/airflow/dags/preparing_data_operator.py
[2023-04-14 18:07:36,959] {processor.py:641} INFO - Processing file /opt/airflow/dags/preparing_data_operator.py for tasks to queue
[2023-04-14 18:07:36,960] {logging_mixin.py:115} INFO - [2023-04-14 18:07:36,960] {dagbag.py:508} INFO - Filling up the DagBag from /opt/airflow/dags/preparing_data_operator.py
[2023-04-14 18:07:37,172] {processor.py:653} WARNING - No viable dags retrieved from /opt/airflow/dags/preparing_data_operator.py
[2023-04-14 18:07:37,192] {processor.py:161} INFO - Processing /opt/airflow/dags/preparing_data_operator.py took 0.239 seconds
[2023-04-14 18:08:07,736] {processor.py:153} INFO - Started process (PID=2953) to work on /opt/airflow/dags/preparing_data_operator.py
[2023-04-14 18:08:07,738] {processor.py:641} INFO - Processing file /opt/airflow/dags/preparing_data_operator.py for tasks to queue
[2023-04-14 18:08:07,741] {logging_mixin.py:115} INFO - [2023-04-14 18:08:07,741] {dagbag.py:508} INFO - Filling up the DagBag from /opt/airflow/dags/preparing_data_operator.py
[2023-04-14 18:08:07,923] {processor.py:653} WARNING - No viable dags retrieved from /opt/airflow/dags/preparing_data_operator.py
[2023-04-14 18:08:07,962] {processor.py:161} INFO - Processing /opt/airflow/dags/preparing_data_operator.py took 0.234 seconds
[2023-04-14 18:08:38,305] {processor.py:153} INFO - Started process (PID=2986) to work on /opt/airflow/dags/preparing_data_operator.py
[2023-04-14 18:08:38,307] {processor.py:641} INFO - Processing file /opt/airflow/dags/preparing_data_operator.py for tasks to queue
[2023-04-14 18:08:38,308] {logging_mixin.py:115} INFO - [2023-04-14 18:08:38,308] {dagbag.py:508} INFO - Filling up the DagBag from /opt/airflow/dags/preparing_data_operator.py
[2023-04-14 18:08:38,451] {processor.py:653} WARNING - No viable dags retrieved from /opt/airflow/dags/preparing_data_operator.py
[2023-04-14 18:08:38,468] {processor.py:161} INFO - Processing /opt/airflow/dags/preparing_data_operator.py took 0.169 seconds
[2023-04-14 18:09:09,062] {processor.py:153} INFO - Started process (PID=3018) to work on /opt/airflow/dags/preparing_data_operator.py
[2023-04-14 18:09:09,064] {processor.py:641} INFO - Processing file /opt/airflow/dags/preparing_data_operator.py for tasks to queue
[2023-04-14 18:09:09,065] {logging_mixin.py:115} INFO - [2023-04-14 18:09:09,065] {dagbag.py:508} INFO - Filling up the DagBag from /opt/airflow/dags/preparing_data_operator.py
[2023-04-14 18:09:09,204] {processor.py:653} WARNING - No viable dags retrieved from /opt/airflow/dags/preparing_data_operator.py
[2023-04-14 18:09:09,220] {processor.py:161} INFO - Processing /opt/airflow/dags/preparing_data_operator.py took 0.165 seconds
[2023-04-14 18:09:39,537] {processor.py:153} INFO - Started process (PID=3051) to work on /opt/airflow/dags/preparing_data_operator.py
[2023-04-14 18:09:39,540] {processor.py:641} INFO - Processing file /opt/airflow/dags/preparing_data_operator.py for tasks to queue
[2023-04-14 18:09:39,542] {logging_mixin.py:115} INFO - [2023-04-14 18:09:39,542] {dagbag.py:508} INFO - Filling up the DagBag from /opt/airflow/dags/preparing_data_operator.py
[2023-04-14 18:09:39,681] {processor.py:653} WARNING - No viable dags retrieved from /opt/airflow/dags/preparing_data_operator.py
[2023-04-14 18:09:39,695] {processor.py:161} INFO - Processing /opt/airflow/dags/preparing_data_operator.py took 0.167 seconds
[2023-04-14 18:10:10,102] {processor.py:153} INFO - Started process (PID=3084) to work on /opt/airflow/dags/preparing_data_operator.py
[2023-04-14 18:10:10,106] {processor.py:641} INFO - Processing file /opt/airflow/dags/preparing_data_operator.py for tasks to queue
[2023-04-14 18:10:10,107] {logging_mixin.py:115} INFO - [2023-04-14 18:10:10,107] {dagbag.py:508} INFO - Filling up the DagBag from /opt/airflow/dags/preparing_data_operator.py
[2023-04-14 18:10:10,246] {processor.py:653} WARNING - No viable dags retrieved from /opt/airflow/dags/preparing_data_operator.py
[2023-04-14 18:10:10,265] {processor.py:161} INFO - Processing /opt/airflow/dags/preparing_data_operator.py took 0.171 seconds
[2023-04-14 18:10:40,650] {processor.py:153} INFO - Started process (PID=3108) to work on /opt/airflow/dags/preparing_data_operator.py
[2023-04-14 18:10:40,652] {processor.py:641} INFO - Processing file /opt/airflow/dags/preparing_data_operator.py for tasks to queue
[2023-04-14 18:10:40,653] {logging_mixin.py:115} INFO - [2023-04-14 18:10:40,653] {dagbag.py:508} INFO - Filling up the DagBag from /opt/airflow/dags/preparing_data_operator.py
[2023-04-14 18:10:40,800] {processor.py:653} WARNING - No viable dags retrieved from /opt/airflow/dags/preparing_data_operator.py
[2023-04-14 18:10:40,821] {processor.py:161} INFO - Processing /opt/airflow/dags/preparing_data_operator.py took 0.177 seconds
[2023-04-14 18:11:11,101] {processor.py:153} INFO - Started process (PID=3141) to work on /opt/airflow/dags/preparing_data_operator.py
[2023-04-14 18:11:11,104] {processor.py:641} INFO - Processing file /opt/airflow/dags/preparing_data_operator.py for tasks to queue
[2023-04-14 18:11:11,106] {logging_mixin.py:115} INFO - [2023-04-14 18:11:11,106] {dagbag.py:508} INFO - Filling up the DagBag from /opt/airflow/dags/preparing_data_operator.py
[2023-04-14 18:11:11,246] {processor.py:653} WARNING - No viable dags retrieved from /opt/airflow/dags/preparing_data_operator.py
[2023-04-14 18:11:11,260] {processor.py:161} INFO - Processing /opt/airflow/dags/preparing_data_operator.py took 0.167 seconds
[2023-04-14 18:11:41,566] {processor.py:153} INFO - Started process (PID=3175) to work on /opt/airflow/dags/preparing_data_operator.py
[2023-04-14 18:11:41,569] {processor.py:641} INFO - Processing file /opt/airflow/dags/preparing_data_operator.py for tasks to queue
[2023-04-14 18:11:41,570] {logging_mixin.py:115} INFO - [2023-04-14 18:11:41,570] {dagbag.py:508} INFO - Filling up the DagBag from /opt/airflow/dags/preparing_data_operator.py
[2023-04-14 18:11:41,710] {processor.py:653} WARNING - No viable dags retrieved from /opt/airflow/dags/preparing_data_operator.py
[2023-04-14 18:11:41,726] {processor.py:161} INFO - Processing /opt/airflow/dags/preparing_data_operator.py took 0.168 seconds
[2023-04-14 18:12:12,042] {processor.py:153} INFO - Started process (PID=3208) to work on /opt/airflow/dags/preparing_data_operator.py
[2023-04-14 18:12:12,044] {processor.py:641} INFO - Processing file /opt/airflow/dags/preparing_data_operator.py for tasks to queue
[2023-04-14 18:12:12,045] {logging_mixin.py:115} INFO - [2023-04-14 18:12:12,045] {dagbag.py:508} INFO - Filling up the DagBag from /opt/airflow/dags/preparing_data_operator.py
[2023-04-14 18:12:12,192] {processor.py:653} WARNING - No viable dags retrieved from /opt/airflow/dags/preparing_data_operator.py
[2023-04-14 18:12:12,207] {processor.py:161} INFO - Processing /opt/airflow/dags/preparing_data_operator.py took 0.171 seconds
[2023-04-14 18:12:42,585] {processor.py:153} INFO - Started process (PID=3241) to work on /opt/airflow/dags/preparing_data_operator.py
[2023-04-14 18:12:42,588] {processor.py:641} INFO - Processing file /opt/airflow/dags/preparing_data_operator.py for tasks to queue
[2023-04-14 18:12:42,590] {logging_mixin.py:115} INFO - [2023-04-14 18:12:42,590] {dagbag.py:508} INFO - Filling up the DagBag from /opt/airflow/dags/preparing_data_operator.py
[2023-04-14 18:12:42,737] {processor.py:653} WARNING - No viable dags retrieved from /opt/airflow/dags/preparing_data_operator.py
[2023-04-14 18:12:42,751] {processor.py:161} INFO - Processing /opt/airflow/dags/preparing_data_operator.py took 0.175 seconds
[2023-04-14 18:13:13,121] {processor.py:153} INFO - Started process (PID=3274) to work on /opt/airflow/dags/preparing_data_operator.py
[2023-04-14 18:13:13,122] {processor.py:641} INFO - Processing file /opt/airflow/dags/preparing_data_operator.py for tasks to queue
[2023-04-14 18:13:13,123] {logging_mixin.py:115} INFO - [2023-04-14 18:13:13,123] {dagbag.py:508} INFO - Filling up the DagBag from /opt/airflow/dags/preparing_data_operator.py
[2023-04-14 18:13:13,295] {processor.py:653} WARNING - No viable dags retrieved from /opt/airflow/dags/preparing_data_operator.py
[2023-04-14 18:13:13,310] {processor.py:161} INFO - Processing /opt/airflow/dags/preparing_data_operator.py took 0.194 seconds
[2023-04-14 18:13:43,623] {processor.py:153} INFO - Started process (PID=3298) to work on /opt/airflow/dags/preparing_data_operator.py
[2023-04-14 18:13:43,626] {processor.py:641} INFO - Processing file /opt/airflow/dags/preparing_data_operator.py for tasks to queue
[2023-04-14 18:13:43,628] {logging_mixin.py:115} INFO - [2023-04-14 18:13:43,628] {dagbag.py:508} INFO - Filling up the DagBag from /opt/airflow/dags/preparing_data_operator.py
[2023-04-14 18:13:43,785] {processor.py:653} WARNING - No viable dags retrieved from /opt/airflow/dags/preparing_data_operator.py
[2023-04-14 18:13:43,799] {processor.py:161} INFO - Processing /opt/airflow/dags/preparing_data_operator.py took 0.184 seconds
[2023-04-14 18:14:14,405] {processor.py:153} INFO - Started process (PID=3331) to work on /opt/airflow/dags/preparing_data_operator.py
[2023-04-14 18:14:14,408] {processor.py:641} INFO - Processing file /opt/airflow/dags/preparing_data_operator.py for tasks to queue
[2023-04-14 18:14:14,409] {logging_mixin.py:115} INFO - [2023-04-14 18:14:14,409] {dagbag.py:508} INFO - Filling up the DagBag from /opt/airflow/dags/preparing_data_operator.py
[2023-04-14 18:14:14,624] {processor.py:653} WARNING - No viable dags retrieved from /opt/airflow/dags/preparing_data_operator.py
[2023-04-14 18:14:14,644] {processor.py:161} INFO - Processing /opt/airflow/dags/preparing_data_operator.py took 0.249 seconds
[2023-04-14 18:14:44,934] {processor.py:153} INFO - Started process (PID=3364) to work on /opt/airflow/dags/preparing_data_operator.py
[2023-04-14 18:14:44,936] {processor.py:641} INFO - Processing file /opt/airflow/dags/preparing_data_operator.py for tasks to queue
[2023-04-14 18:14:44,937] {logging_mixin.py:115} INFO - [2023-04-14 18:14:44,937] {dagbag.py:508} INFO - Filling up the DagBag from /opt/airflow/dags/preparing_data_operator.py
[2023-04-14 18:14:45,153] {processor.py:653} WARNING - No viable dags retrieved from /opt/airflow/dags/preparing_data_operator.py
[2023-04-14 18:14:45,171] {processor.py:161} INFO - Processing /opt/airflow/dags/preparing_data_operator.py took 0.244 seconds
[2023-04-14 18:15:15,427] {processor.py:153} INFO - Started process (PID=3398) to work on /opt/airflow/dags/preparing_data_operator.py
[2023-04-14 18:15:15,430] {processor.py:641} INFO - Processing file /opt/airflow/dags/preparing_data_operator.py for tasks to queue
[2023-04-14 18:15:15,432] {logging_mixin.py:115} INFO - [2023-04-14 18:15:15,432] {dagbag.py:508} INFO - Filling up the DagBag from /opt/airflow/dags/preparing_data_operator.py
[2023-04-14 18:15:15,590] {processor.py:653} WARNING - No viable dags retrieved from /opt/airflow/dags/preparing_data_operator.py
[2023-04-14 18:15:15,605] {processor.py:161} INFO - Processing /opt/airflow/dags/preparing_data_operator.py took 0.186 seconds
[2023-04-14 18:15:45,943] {processor.py:153} INFO - Started process (PID=3431) to work on /opt/airflow/dags/preparing_data_operator.py
[2023-04-14 18:15:45,944] {processor.py:641} INFO - Processing file /opt/airflow/dags/preparing_data_operator.py for tasks to queue
[2023-04-14 18:15:45,946] {logging_mixin.py:115} INFO - [2023-04-14 18:15:45,946] {dagbag.py:508} INFO - Filling up the DagBag from /opt/airflow/dags/preparing_data_operator.py
[2023-04-14 18:15:46,069] {processor.py:653} WARNING - No viable dags retrieved from /opt/airflow/dags/preparing_data_operator.py
[2023-04-14 18:15:46,082] {processor.py:161} INFO - Processing /opt/airflow/dags/preparing_data_operator.py took 0.146 seconds
[2023-04-14 18:16:16,456] {processor.py:153} INFO - Started process (PID=3455) to work on /opt/airflow/dags/preparing_data_operator.py
[2023-04-14 18:16:16,458] {processor.py:641} INFO - Processing file /opt/airflow/dags/preparing_data_operator.py for tasks to queue
[2023-04-14 18:16:16,459] {logging_mixin.py:115} INFO - [2023-04-14 18:16:16,459] {dagbag.py:508} INFO - Filling up the DagBag from /opt/airflow/dags/preparing_data_operator.py
[2023-04-14 18:16:16,597] {processor.py:653} WARNING - No viable dags retrieved from /opt/airflow/dags/preparing_data_operator.py
[2023-04-14 18:16:16,611] {processor.py:161} INFO - Processing /opt/airflow/dags/preparing_data_operator.py took 0.162 seconds
[2023-04-14 18:16:46,919] {processor.py:153} INFO - Started process (PID=3487) to work on /opt/airflow/dags/preparing_data_operator.py
[2023-04-14 18:16:46,921] {processor.py:641} INFO - Processing file /opt/airflow/dags/preparing_data_operator.py for tasks to queue
[2023-04-14 18:16:46,922] {logging_mixin.py:115} INFO - [2023-04-14 18:16:46,922] {dagbag.py:508} INFO - Filling up the DagBag from /opt/airflow/dags/preparing_data_operator.py
[2023-04-14 18:16:47,082] {processor.py:653} WARNING - No viable dags retrieved from /opt/airflow/dags/preparing_data_operator.py
[2023-04-14 18:16:47,100] {processor.py:161} INFO - Processing /opt/airflow/dags/preparing_data_operator.py took 0.188 seconds
[2023-04-14 18:17:17,482] {processor.py:153} INFO - Started process (PID=3521) to work on /opt/airflow/dags/preparing_data_operator.py
[2023-04-14 18:17:17,484] {processor.py:641} INFO - Processing file /opt/airflow/dags/preparing_data_operator.py for tasks to queue
[2023-04-14 18:17:17,486] {logging_mixin.py:115} INFO - [2023-04-14 18:17:17,485] {dagbag.py:508} INFO - Filling up the DagBag from /opt/airflow/dags/preparing_data_operator.py
[2023-04-14 18:17:17,620] {processor.py:653} WARNING - No viable dags retrieved from /opt/airflow/dags/preparing_data_operator.py
[2023-04-14 18:17:17,634] {processor.py:161} INFO - Processing /opt/airflow/dags/preparing_data_operator.py took 0.157 seconds
[2023-04-14 18:17:48,194] {processor.py:153} INFO - Started process (PID=3554) to work on /opt/airflow/dags/preparing_data_operator.py
[2023-04-14 18:17:48,195] {processor.py:641} INFO - Processing file /opt/airflow/dags/preparing_data_operator.py for tasks to queue
[2023-04-14 18:17:48,197] {logging_mixin.py:115} INFO - [2023-04-14 18:17:48,196] {dagbag.py:508} INFO - Filling up the DagBag from /opt/airflow/dags/preparing_data_operator.py
[2023-04-14 18:17:48,329] {processor.py:653} WARNING - No viable dags retrieved from /opt/airflow/dags/preparing_data_operator.py
[2023-04-14 18:17:48,343] {processor.py:161} INFO - Processing /opt/airflow/dags/preparing_data_operator.py took 0.156 seconds
[2023-04-14 18:18:18,790] {processor.py:153} INFO - Started process (PID=3588) to work on /opt/airflow/dags/preparing_data_operator.py
[2023-04-14 18:18:18,792] {processor.py:641} INFO - Processing file /opt/airflow/dags/preparing_data_operator.py for tasks to queue
[2023-04-14 18:18:18,793] {logging_mixin.py:115} INFO - [2023-04-14 18:18:18,793] {dagbag.py:508} INFO - Filling up the DagBag from /opt/airflow/dags/preparing_data_operator.py
[2023-04-14 18:18:18,924] {processor.py:653} WARNING - No viable dags retrieved from /opt/airflow/dags/preparing_data_operator.py
[2023-04-14 18:18:18,937] {processor.py:161} INFO - Processing /opt/airflow/dags/preparing_data_operator.py took 0.153 seconds
[2023-04-14 18:18:49,355] {processor.py:153} INFO - Started process (PID=3621) to work on /opt/airflow/dags/preparing_data_operator.py
[2023-04-14 18:18:49,357] {processor.py:641} INFO - Processing file /opt/airflow/dags/preparing_data_operator.py for tasks to queue
[2023-04-14 18:18:49,358] {logging_mixin.py:115} INFO - [2023-04-14 18:18:49,358] {dagbag.py:508} INFO - Filling up the DagBag from /opt/airflow/dags/preparing_data_operator.py
[2023-04-14 18:18:49,557] {processor.py:653} WARNING - No viable dags retrieved from /opt/airflow/dags/preparing_data_operator.py
[2023-04-14 18:18:49,577] {processor.py:161} INFO - Processing /opt/airflow/dags/preparing_data_operator.py took 0.227 seconds
[2023-04-14 18:19:20,059] {processor.py:153} INFO - Started process (PID=3645) to work on /opt/airflow/dags/preparing_data_operator.py
[2023-04-14 18:19:20,060] {processor.py:641} INFO - Processing file /opt/airflow/dags/preparing_data_operator.py for tasks to queue
[2023-04-14 18:19:20,061] {logging_mixin.py:115} INFO - [2023-04-14 18:19:20,061] {dagbag.py:508} INFO - Filling up the DagBag from /opt/airflow/dags/preparing_data_operator.py
[2023-04-14 18:19:20,189] {processor.py:653} WARNING - No viable dags retrieved from /opt/airflow/dags/preparing_data_operator.py
[2023-04-14 18:19:20,202] {processor.py:161} INFO - Processing /opt/airflow/dags/preparing_data_operator.py took 0.152 seconds
[2023-04-14 18:19:50,622] {processor.py:153} INFO - Started process (PID=3678) to work on /opt/airflow/dags/preparing_data_operator.py
[2023-04-14 18:19:50,624] {processor.py:641} INFO - Processing file /opt/airflow/dags/preparing_data_operator.py for tasks to queue
[2023-04-14 18:19:50,626] {logging_mixin.py:115} INFO - [2023-04-14 18:19:50,626] {dagbag.py:508} INFO - Filling up the DagBag from /opt/airflow/dags/preparing_data_operator.py
[2023-04-14 18:19:50,766] {processor.py:653} WARNING - No viable dags retrieved from /opt/airflow/dags/preparing_data_operator.py
[2023-04-14 18:19:50,779] {processor.py:161} INFO - Processing /opt/airflow/dags/preparing_data_operator.py took 0.165 seconds
[2023-04-14 18:20:21,234] {processor.py:153} INFO - Started process (PID=3711) to work on /opt/airflow/dags/preparing_data_operator.py
[2023-04-14 18:20:21,237] {processor.py:641} INFO - Processing file /opt/airflow/dags/preparing_data_operator.py for tasks to queue
[2023-04-14 18:20:21,238] {logging_mixin.py:115} INFO - [2023-04-14 18:20:21,238] {dagbag.py:508} INFO - Filling up the DagBag from /opt/airflow/dags/preparing_data_operator.py
[2023-04-14 18:20:21,394] {processor.py:653} WARNING - No viable dags retrieved from /opt/airflow/dags/preparing_data_operator.py
[2023-04-14 18:20:21,412] {processor.py:161} INFO - Processing /opt/airflow/dags/preparing_data_operator.py took 0.187 seconds
[2023-04-14 18:20:51,801] {processor.py:153} INFO - Started process (PID=3744) to work on /opt/airflow/dags/preparing_data_operator.py
[2023-04-14 18:20:51,803] {processor.py:641} INFO - Processing file /opt/airflow/dags/preparing_data_operator.py for tasks to queue
[2023-04-14 18:20:51,805] {logging_mixin.py:115} INFO - [2023-04-14 18:20:51,805] {dagbag.py:508} INFO - Filling up the DagBag from /opt/airflow/dags/preparing_data_operator.py
[2023-04-14 18:20:51,950] {processor.py:653} WARNING - No viable dags retrieved from /opt/airflow/dags/preparing_data_operator.py
[2023-04-14 18:20:51,963] {processor.py:161} INFO - Processing /opt/airflow/dags/preparing_data_operator.py took 0.170 seconds
[2023-04-14 18:21:22,168] {processor.py:153} INFO - Started process (PID=3777) to work on /opt/airflow/dags/preparing_data_operator.py
[2023-04-14 18:21:22,171] {processor.py:641} INFO - Processing file /opt/airflow/dags/preparing_data_operator.py for tasks to queue
[2023-04-14 18:21:22,172] {logging_mixin.py:115} INFO - [2023-04-14 18:21:22,172] {dagbag.py:508} INFO - Filling up the DagBag from /opt/airflow/dags/preparing_data_operator.py
[2023-04-14 18:21:22,331] {processor.py:653} WARNING - No viable dags retrieved from /opt/airflow/dags/preparing_data_operator.py
[2023-04-14 18:21:22,347] {processor.py:161} INFO - Processing /opt/airflow/dags/preparing_data_operator.py took 0.183 seconds
[2023-04-14 18:21:52,804] {processor.py:153} INFO - Started process (PID=3801) to work on /opt/airflow/dags/preparing_data_operator.py
[2023-04-14 18:21:52,807] {processor.py:641} INFO - Processing file /opt/airflow/dags/preparing_data_operator.py for tasks to queue
[2023-04-14 18:21:52,808] {logging_mixin.py:115} INFO - [2023-04-14 18:21:52,808] {dagbag.py:508} INFO - Filling up the DagBag from /opt/airflow/dags/preparing_data_operator.py
[2023-04-14 18:21:52,937] {processor.py:653} WARNING - No viable dags retrieved from /opt/airflow/dags/preparing_data_operator.py
[2023-04-14 18:21:52,951] {processor.py:161} INFO - Processing /opt/airflow/dags/preparing_data_operator.py took 0.152 seconds
[2023-04-14 18:22:23,313] {processor.py:153} INFO - Started process (PID=3834) to work on /opt/airflow/dags/preparing_data_operator.py
[2023-04-14 18:22:23,316] {processor.py:641} INFO - Processing file /opt/airflow/dags/preparing_data_operator.py for tasks to queue
[2023-04-14 18:22:23,318] {logging_mixin.py:115} INFO - [2023-04-14 18:22:23,318] {dagbag.py:508} INFO - Filling up the DagBag from /opt/airflow/dags/preparing_data_operator.py
[2023-04-14 18:22:23,471] {processor.py:653} WARNING - No viable dags retrieved from /opt/airflow/dags/preparing_data_operator.py
[2023-04-14 18:22:23,484] {processor.py:161} INFO - Processing /opt/airflow/dags/preparing_data_operator.py took 0.177 seconds
[2023-04-14 18:22:53,845] {processor.py:153} INFO - Started process (PID=3867) to work on /opt/airflow/dags/preparing_data_operator.py
[2023-04-14 18:22:53,847] {processor.py:641} INFO - Processing file /opt/airflow/dags/preparing_data_operator.py for tasks to queue
[2023-04-14 18:22:53,848] {logging_mixin.py:115} INFO - [2023-04-14 18:22:53,848] {dagbag.py:508} INFO - Filling up the DagBag from /opt/airflow/dags/preparing_data_operator.py
[2023-04-14 18:22:53,996] {processor.py:653} WARNING - No viable dags retrieved from /opt/airflow/dags/preparing_data_operator.py
[2023-04-14 18:22:54,010] {processor.py:161} INFO - Processing /opt/airflow/dags/preparing_data_operator.py took 0.171 seconds
[2023-04-14 18:23:24,360] {processor.py:153} INFO - Started process (PID=3900) to work on /opt/airflow/dags/preparing_data_operator.py
[2023-04-14 18:23:24,362] {processor.py:641} INFO - Processing file /opt/airflow/dags/preparing_data_operator.py for tasks to queue
[2023-04-14 18:23:24,364] {logging_mixin.py:115} INFO - [2023-04-14 18:23:24,364] {dagbag.py:508} INFO - Filling up the DagBag from /opt/airflow/dags/preparing_data_operator.py
[2023-04-14 18:23:24,604] {processor.py:653} WARNING - No viable dags retrieved from /opt/airflow/dags/preparing_data_operator.py
[2023-04-14 18:23:24,625] {processor.py:161} INFO - Processing /opt/airflow/dags/preparing_data_operator.py took 0.273 seconds
[2023-04-14 18:23:55,038] {processor.py:153} INFO - Started process (PID=3933) to work on /opt/airflow/dags/preparing_data_operator.py
[2023-04-14 18:23:55,039] {processor.py:641} INFO - Processing file /opt/airflow/dags/preparing_data_operator.py for tasks to queue
[2023-04-14 18:23:55,040] {logging_mixin.py:115} INFO - [2023-04-14 18:23:55,040] {dagbag.py:508} INFO - Filling up the DagBag from /opt/airflow/dags/preparing_data_operator.py
[2023-04-14 18:23:55,179] {processor.py:653} WARNING - No viable dags retrieved from /opt/airflow/dags/preparing_data_operator.py
[2023-04-14 18:23:55,192] {processor.py:161} INFO - Processing /opt/airflow/dags/preparing_data_operator.py took 0.159 seconds
[2023-04-14 18:24:25,634] {processor.py:153} INFO - Started process (PID=3966) to work on /opt/airflow/dags/preparing_data_operator.py
[2023-04-14 18:24:25,636] {processor.py:641} INFO - Processing file /opt/airflow/dags/preparing_data_operator.py for tasks to queue
[2023-04-14 18:24:25,636] {logging_mixin.py:115} INFO - [2023-04-14 18:24:25,636] {dagbag.py:508} INFO - Filling up the DagBag from /opt/airflow/dags/preparing_data_operator.py
[2023-04-14 18:24:25,802] {processor.py:653} WARNING - No viable dags retrieved from /opt/airflow/dags/preparing_data_operator.py
[2023-04-14 18:24:25,817] {processor.py:161} INFO - Processing /opt/airflow/dags/preparing_data_operator.py took 0.187 seconds
[2023-04-14 18:24:56,257] {processor.py:153} INFO - Started process (PID=3991) to work on /opt/airflow/dags/preparing_data_operator.py
[2023-04-14 18:24:56,261] {processor.py:641} INFO - Processing file /opt/airflow/dags/preparing_data_operator.py for tasks to queue
[2023-04-14 18:24:56,263] {logging_mixin.py:115} INFO - [2023-04-14 18:24:56,262] {dagbag.py:508} INFO - Filling up the DagBag from /opt/airflow/dags/preparing_data_operator.py
[2023-04-14 18:24:56,414] {processor.py:653} WARNING - No viable dags retrieved from /opt/airflow/dags/preparing_data_operator.py
[2023-04-14 18:24:56,430] {processor.py:161} INFO - Processing /opt/airflow/dags/preparing_data_operator.py took 0.181 seconds
[2023-04-14 18:25:26,827] {processor.py:153} INFO - Started process (PID=4024) to work on /opt/airflow/dags/preparing_data_operator.py
[2023-04-14 18:25:26,830] {processor.py:641} INFO - Processing file /opt/airflow/dags/preparing_data_operator.py for tasks to queue
[2023-04-14 18:25:26,832] {logging_mixin.py:115} INFO - [2023-04-14 18:25:26,832] {dagbag.py:508} INFO - Filling up the DagBag from /opt/airflow/dags/preparing_data_operator.py
[2023-04-14 18:25:26,994] {processor.py:653} WARNING - No viable dags retrieved from /opt/airflow/dags/preparing_data_operator.py
[2023-04-14 18:25:27,010] {processor.py:161} INFO - Processing /opt/airflow/dags/preparing_data_operator.py took 0.190 seconds
[2023-04-14 18:25:57,422] {processor.py:153} INFO - Started process (PID=4056) to work on /opt/airflow/dags/preparing_data_operator.py
[2023-04-14 18:25:57,425] {processor.py:641} INFO - Processing file /opt/airflow/dags/preparing_data_operator.py for tasks to queue
[2023-04-14 18:25:57,427] {logging_mixin.py:115} INFO - [2023-04-14 18:25:57,427] {dagbag.py:508} INFO - Filling up the DagBag from /opt/airflow/dags/preparing_data_operator.py
[2023-04-14 18:25:57,596] {processor.py:653} WARNING - No viable dags retrieved from /opt/airflow/dags/preparing_data_operator.py
[2023-04-14 18:25:57,614] {processor.py:161} INFO - Processing /opt/airflow/dags/preparing_data_operator.py took 0.201 seconds
[2023-04-14 18:26:28,049] {processor.py:153} INFO - Started process (PID=4089) to work on /opt/airflow/dags/preparing_data_operator.py
[2023-04-14 18:26:28,051] {processor.py:641} INFO - Processing file /opt/airflow/dags/preparing_data_operator.py for tasks to queue
[2023-04-14 18:26:28,053] {logging_mixin.py:115} INFO - [2023-04-14 18:26:28,053] {dagbag.py:508} INFO - Filling up the DagBag from /opt/airflow/dags/preparing_data_operator.py
[2023-04-14 18:26:28,183] {processor.py:653} WARNING - No viable dags retrieved from /opt/airflow/dags/preparing_data_operator.py
[2023-04-14 18:26:28,196] {processor.py:161} INFO - Processing /opt/airflow/dags/preparing_data_operator.py took 0.156 seconds
[2023-04-14 18:26:58,784] {processor.py:153} INFO - Started process (PID=4122) to work on /opt/airflow/dags/preparing_data_operator.py
[2023-04-14 18:26:58,790] {processor.py:641} INFO - Processing file /opt/airflow/dags/preparing_data_operator.py for tasks to queue
[2023-04-14 18:26:58,792] {logging_mixin.py:115} INFO - [2023-04-14 18:26:58,792] {dagbag.py:508} INFO - Filling up the DagBag from /opt/airflow/dags/preparing_data_operator.py
[2023-04-14 18:26:58,983] {processor.py:653} WARNING - No viable dags retrieved from /opt/airflow/dags/preparing_data_operator.py
[2023-04-14 18:26:59,002] {processor.py:161} INFO - Processing /opt/airflow/dags/preparing_data_operator.py took 0.231 seconds
[2023-04-14 18:58:17,624] {processor.py:153} INFO - Started process (PID=4137) to work on /opt/airflow/dags/preparing_data_operator.py
[2023-04-14 18:58:17,625] {processor.py:641} INFO - Processing file /opt/airflow/dags/preparing_data_operator.py for tasks to queue
[2023-04-14 18:58:17,626] {logging_mixin.py:115} INFO - [2023-04-14 18:58:17,626] {dagbag.py:508} INFO - Filling up the DagBag from /opt/airflow/dags/preparing_data_operator.py
[2023-04-14 18:58:17,761] {processor.py:653} WARNING - No viable dags retrieved from /opt/airflow/dags/preparing_data_operator.py
[2023-04-14 18:58:17,780] {processor.py:161} INFO - Processing /opt/airflow/dags/preparing_data_operator.py took 0.159 seconds
[2023-04-14 19:15:13,150] {processor.py:153} INFO - Started process (PID=4162) to work on /opt/airflow/dags/preparing_data_operator.py
[2023-04-14 19:15:13,159] {processor.py:641} INFO - Processing file /opt/airflow/dags/preparing_data_operator.py for tasks to queue
[2023-04-14 19:15:13,160] {logging_mixin.py:115} INFO - [2023-04-14 19:15:13,160] {dagbag.py:508} INFO - Filling up the DagBag from /opt/airflow/dags/preparing_data_operator.py
[2023-04-14 19:15:13,517] {processor.py:653} WARNING - No viable dags retrieved from /opt/airflow/dags/preparing_data_operator.py
[2023-04-14 19:15:13,604] {processor.py:161} INFO - Processing /opt/airflow/dags/preparing_data_operator.py took 0.459 seconds
[2023-04-14 19:37:07,066] {processor.py:153} INFO - Started process (PID=4194) to work on /opt/airflow/dags/preparing_data_operator.py
[2023-04-14 19:37:07,069] {processor.py:641} INFO - Processing file /opt/airflow/dags/preparing_data_operator.py for tasks to queue
[2023-04-14 19:37:07,070] {logging_mixin.py:115} INFO - [2023-04-14 19:37:07,070] {dagbag.py:508} INFO - Filling up the DagBag from /opt/airflow/dags/preparing_data_operator.py
[2023-04-14 19:37:07,395] {processor.py:653} WARNING - No viable dags retrieved from /opt/airflow/dags/preparing_data_operator.py
[2023-04-14 19:37:07,435] {processor.py:161} INFO - Processing /opt/airflow/dags/preparing_data_operator.py took 0.379 seconds
[2023-04-14 20:42:02,141] {processor.py:153} INFO - Started process (PID=4227) to work on /opt/airflow/dags/preparing_data_operator.py
[2023-04-14 20:42:02,144] {processor.py:641} INFO - Processing file /opt/airflow/dags/preparing_data_operator.py for tasks to queue
[2023-04-14 20:42:02,147] {logging_mixin.py:115} INFO - [2023-04-14 20:42:02,146] {dagbag.py:508} INFO - Filling up the DagBag from /opt/airflow/dags/preparing_data_operator.py
[2023-04-14 20:42:02,690] {processor.py:653} WARNING - No viable dags retrieved from /opt/airflow/dags/preparing_data_operator.py
[2023-04-14 20:42:02,742] {processor.py:161} INFO - Processing /opt/airflow/dags/preparing_data_operator.py took 0.614 seconds
[2023-04-14 21:32:36,053] {processor.py:153} INFO - Started process (PID=4251) to work on /opt/airflow/dags/preparing_data_operator.py
[2023-04-14 21:32:36,057] {processor.py:641} INFO - Processing file /opt/airflow/dags/preparing_data_operator.py for tasks to queue
[2023-04-14 21:32:36,059] {logging_mixin.py:115} INFO - [2023-04-14 21:32:36,059] {dagbag.py:508} INFO - Filling up the DagBag from /opt/airflow/dags/preparing_data_operator.py
[2023-04-14 21:32:36,546] {processor.py:653} WARNING - No viable dags retrieved from /opt/airflow/dags/preparing_data_operator.py
[2023-04-14 21:32:36,592] {processor.py:161} INFO - Processing /opt/airflow/dags/preparing_data_operator.py took 0.563 seconds
[2023-04-14 22:36:37,220] {processor.py:153} INFO - Started process (PID=4285) to work on /opt/airflow/dags/preparing_data_operator.py
[2023-04-14 22:36:37,228] {processor.py:641} INFO - Processing file /opt/airflow/dags/preparing_data_operator.py for tasks to queue
[2023-04-14 22:36:37,231] {logging_mixin.py:115} INFO - [2023-04-14 22:36:37,231] {dagbag.py:508} INFO - Filling up the DagBag from /opt/airflow/dags/preparing_data_operator.py
[2023-04-14 22:36:37,657] {processor.py:653} WARNING - No viable dags retrieved from /opt/airflow/dags/preparing_data_operator.py
[2023-04-14 22:36:37,684] {processor.py:161} INFO - Processing /opt/airflow/dags/preparing_data_operator.py took 0.471 seconds
[2023-04-14 23:45:18,246] {processor.py:153} INFO - Started process (PID=4318) to work on /opt/airflow/dags/preparing_data_operator.py
[2023-04-14 23:45:18,252] {processor.py:641} INFO - Processing file /opt/airflow/dags/preparing_data_operator.py for tasks to queue
[2023-04-14 23:45:18,254] {logging_mixin.py:115} INFO - [2023-04-14 23:45:18,254] {dagbag.py:508} INFO - Filling up the DagBag from /opt/airflow/dags/preparing_data_operator.py
[2023-04-14 23:45:18,603] {processor.py:653} WARNING - No viable dags retrieved from /opt/airflow/dags/preparing_data_operator.py
[2023-04-14 23:45:18,657] {processor.py:161} INFO - Processing /opt/airflow/dags/preparing_data_operator.py took 0.424 seconds
