[2023-06-26 12:24:45,946] {taskinstance.py:1179} INFO - Dependencies all met for <TaskInstance: vic_investigacion_ETL.prepare_repositorio_inst manual__2023-06-26T12:24:44.318837+00:00 [queued]>
[2023-06-26 12:24:45,952] {taskinstance.py:1179} INFO - Dependencies all met for <TaskInstance: vic_investigacion_ETL.prepare_repositorio_inst manual__2023-06-26T12:24:44.318837+00:00 [queued]>
[2023-06-26 12:24:45,953] {taskinstance.py:1376} INFO - 
--------------------------------------------------------------------------------
[2023-06-26 12:24:45,953] {taskinstance.py:1377} INFO - Starting attempt 1 of 1
[2023-06-26 12:24:45,954] {taskinstance.py:1378} INFO - 
--------------------------------------------------------------------------------
[2023-06-26 12:24:45,961] {taskinstance.py:1397} INFO - Executing <Task(PrepareRepositorioInstitucional): prepare_repositorio_inst> on 2023-06-26 12:24:44.318837+00:00
[2023-06-26 12:24:45,965] {standard_task_runner.py:52} INFO - Started process 2289 to run task
[2023-06-26 12:24:45,969] {standard_task_runner.py:79} INFO - Running: ['***', 'tasks', 'run', 'vic_investigacion_ETL', 'prepare_repositorio_inst', 'manual__2023-06-26T12:24:44.318837+00:00', '--job-id', '10', '--raw', '--subdir', 'DAGS_FOLDER/vic_investigacion_dag.py', '--cfg-path', '/tmp/tmp8tvcjk9f', '--error-file', '/tmp/tmpjm4dvt_0']
[2023-06-26 12:24:45,971] {standard_task_runner.py:80} INFO - Job 10: Subtask prepare_repositorio_inst
[2023-06-26 12:24:46,035] {task_command.py:371} INFO - Running <TaskInstance: vic_investigacion_ETL.prepare_repositorio_inst manual__2023-06-26T12:24:44.318837+00:00 [running]> on host ce13f1e72365
[2023-06-26 12:24:46,089] {taskinstance.py:1591} INFO - Exporting the following env vars:
AIRFLOW_CTX_DAG_OWNER=***
AIRFLOW_CTX_DAG_ID=vic_investigacion_ETL
AIRFLOW_CTX_TASK_ID=prepare_repositorio_inst
AIRFLOW_CTX_EXECUTION_DATE=2023-06-26T12:24:44.318837+00:00
AIRFLOW_CTX_TRY_NUMBER=1
AIRFLOW_CTX_DAG_RUN_ID=manual__2023-06-26T12:24:44.318837+00:00
[2023-06-26 12:24:46,090] {logging_mixin.py:115} INFO - Preparing Repositorio Institucional
[2023-06-26 12:25:01,761] {taskinstance.py:1420} INFO - Marking task as SUCCESS. dag_id=vic_investigacion_ETL, task_id=prepare_repositorio_inst, execution_date=20230626T122444, start_date=20230626T122445, end_date=20230626T122501
[2023-06-26 12:25:01,837] {local_task_job.py:156} INFO - Task exited with return code 0
