[2023-04-24 17:09:47,861] {taskinstance.py:1179} INFO - Dependencies all met for <TaskInstance: vic_investigacion_ETL.join_all_data manual__2023-04-24T17:09:41.691813+00:00 [queued]>
[2023-04-24 17:09:47,868] {taskinstance.py:1179} INFO - Dependencies all met for <TaskInstance: vic_investigacion_ETL.join_all_data manual__2023-04-24T17:09:41.691813+00:00 [queued]>
[2023-04-24 17:09:47,869] {taskinstance.py:1376} INFO - 
--------------------------------------------------------------------------------
[2023-04-24 17:09:47,869] {taskinstance.py:1377} INFO - Starting attempt 1 of 1
[2023-04-24 17:09:47,870] {taskinstance.py:1378} INFO - 
--------------------------------------------------------------------------------
[2023-04-24 17:09:47,877] {taskinstance.py:1397} INFO - Executing <Task(JoinAllData): join_all_data> on 2023-04-24 17:09:41.691813+00:00
[2023-04-24 17:09:47,883] {standard_task_runner.py:52} INFO - Started process 5313 to run task
[2023-04-24 17:09:47,887] {standard_task_runner.py:79} INFO - Running: ['***', 'tasks', 'run', 'vic_investigacion_ETL', 'join_all_data', 'manual__2023-04-24T17:09:41.691813+00:00', '--job-id', '371', '--raw', '--subdir', 'DAGS_FOLDER/vic_investigacion_dag.py', '--cfg-path', '/tmp/tmprqqnex6_', '--error-file', '/tmp/tmpkfx7xc99']
[2023-04-24 17:09:47,889] {standard_task_runner.py:80} INFO - Job 371: Subtask join_all_data
[2023-04-24 17:09:47,959] {task_command.py:371} INFO - Running <TaskInstance: vic_investigacion_ETL.join_all_data manual__2023-04-24T17:09:41.691813+00:00 [running]> on host b136a0a45498
[2023-04-24 17:09:48,014] {taskinstance.py:1591} INFO - Exporting the following env vars:
AIRFLOW_CTX_DAG_OWNER=***
AIRFLOW_CTX_DAG_ID=vic_investigacion_ETL
AIRFLOW_CTX_TASK_ID=join_all_data
AIRFLOW_CTX_EXECUTION_DATE=2023-04-24T17:09:41.691813+00:00
AIRFLOW_CTX_TRY_NUMBER=1
AIRFLOW_CTX_DAG_RUN_ID=manual__2023-04-24T17:09:41.691813+00:00
[2023-04-24 17:09:48,015] {logging_mixin.py:115} INFO - Joining all data
[2023-04-24 17:09:48,157] {logging_mixin.py:115} INFO - Data joined
[2023-04-24 17:09:48,178] {taskinstance.py:1420} INFO - Marking task as SUCCESS. dag_id=vic_investigacion_ETL, task_id=join_all_data, execution_date=20230424T170941, start_date=20230424T170947, end_date=20230424T170948
[2023-04-24 17:09:48,306] {local_task_job.py:156} INFO - Task exited with return code 0
