[2023-04-14 17:02:06,776] {taskinstance.py:1179} INFO - Dependencies all met for <TaskInstance: vic_investigacion_ETL.upload_data_big_query manual__2023-04-14T17:02:02.571625+00:00 [queued]>
[2023-04-14 17:02:06,782] {taskinstance.py:1179} INFO - Dependencies all met for <TaskInstance: vic_investigacion_ETL.upload_data_big_query manual__2023-04-14T17:02:02.571625+00:00 [queued]>
[2023-04-14 17:02:06,782] {taskinstance.py:1376} INFO - 
--------------------------------------------------------------------------------
[2023-04-14 17:02:06,783] {taskinstance.py:1377} INFO - Starting attempt 1 of 1
[2023-04-14 17:02:06,783] {taskinstance.py:1378} INFO - 
--------------------------------------------------------------------------------
[2023-04-14 17:02:06,790] {taskinstance.py:1397} INFO - Executing <Task(PythonOperator): upload_data_big_query> on 2023-04-14 17:02:02.571625+00:00
[2023-04-14 17:02:06,795] {standard_task_runner.py:52} INFO - Started process 259 to run task
[2023-04-14 17:02:06,798] {standard_task_runner.py:79} INFO - Running: ['***', 'tasks', 'run', 'vic_investigacion_ETL', 'upload_data_big_query', 'manual__2023-04-14T17:02:02.571625+00:00', '--job-id', '89', '--raw', '--subdir', 'DAGS_FOLDER/vic_investigacion_dag.py', '--cfg-path', '/tmp/tmpls7f8kea', '--error-file', '/tmp/tmpcyw4aykn']
[2023-04-14 17:02:06,800] {standard_task_runner.py:80} INFO - Job 89: Subtask upload_data_big_query
[2023-04-14 17:02:06,855] {task_command.py:371} INFO - Running <TaskInstance: vic_investigacion_ETL.upload_data_big_query manual__2023-04-14T17:02:02.571625+00:00 [running]> on host d014c8b814c7
[2023-04-14 17:02:06,906] {taskinstance.py:1591} INFO - Exporting the following env vars:
AIRFLOW_CTX_DAG_OWNER=***
AIRFLOW_CTX_DAG_ID=vic_investigacion_ETL
AIRFLOW_CTX_TASK_ID=upload_data_big_query
AIRFLOW_CTX_EXECUTION_DATE=2023-04-14T17:02:02.571625+00:00
AIRFLOW_CTX_TRY_NUMBER=1
AIRFLOW_CTX_DAG_RUN_ID=manual__2023-04-14T17:02:02.571625+00:00
[2023-04-14 17:02:06,907] {logging_mixin.py:115} INFO - Uploading Data to big query
[2023-04-14 17:02:06,908] {python.py:173} INFO - Done. Returned value was: None
[2023-04-14 17:02:06,917] {taskinstance.py:1420} INFO - Marking task as SUCCESS. dag_id=vic_investigacion_ETL, task_id=upload_data_big_query, execution_date=20230414T170202, start_date=20230414T170206, end_date=20230414T170206
[2023-04-14 17:02:06,932] {local_task_job.py:156} INFO - Task exited with return code 0
[2023-04-14 17:02:06,956] {local_task_job.py:273} INFO - 0 downstream tasks scheduled from follow-on schedule check
