[2023-04-14 17:36:29,188] {taskinstance.py:1179} INFO - Dependencies all met for <TaskInstance: vic_investigacion_ETL.prepare_data manual__2023-04-14T17:36:26.773321+00:00 [queued]>
[2023-04-14 17:36:29,199] {taskinstance.py:1179} INFO - Dependencies all met for <TaskInstance: vic_investigacion_ETL.prepare_data manual__2023-04-14T17:36:26.773321+00:00 [queued]>
[2023-04-14 17:36:29,199] {taskinstance.py:1376} INFO - 
--------------------------------------------------------------------------------
[2023-04-14 17:36:29,200] {taskinstance.py:1377} INFO - Starting attempt 1 of 1
[2023-04-14 17:36:29,201] {taskinstance.py:1378} INFO - 
--------------------------------------------------------------------------------
[2023-04-14 17:36:29,209] {taskinstance.py:1397} INFO - Executing <Task(PreparingData): prepare_data> on 2023-04-14 17:36:26.773321+00:00
[2023-04-14 17:36:29,217] {standard_task_runner.py:52} INFO - Started process 922 to run task
[2023-04-14 17:36:29,221] {standard_task_runner.py:79} INFO - Running: ['***', 'tasks', 'run', 'vic_investigacion_ETL', 'prepare_data', 'manual__2023-04-14T17:36:26.773321+00:00', '--job-id', '158', '--raw', '--subdir', 'DAGS_FOLDER/vic_investigacion_dag.py', '--cfg-path', '/tmp/tmpcw1dge14', '--error-file', '/tmp/tmpg5f75358']
[2023-04-14 17:36:29,223] {standard_task_runner.py:80} INFO - Job 158: Subtask prepare_data
[2023-04-14 17:36:29,280] {task_command.py:371} INFO - Running <TaskInstance: vic_investigacion_ETL.prepare_data manual__2023-04-14T17:36:26.773321+00:00 [running]> on host 6051ec54e0cc
[2023-04-14 17:36:29,326] {taskinstance.py:1591} INFO - Exporting the following env vars:
AIRFLOW_CTX_DAG_OWNER=***
AIRFLOW_CTX_DAG_ID=vic_investigacion_ETL
AIRFLOW_CTX_TASK_ID=prepare_data
AIRFLOW_CTX_EXECUTION_DATE=2023-04-14T17:36:26.773321+00:00
AIRFLOW_CTX_TRY_NUMBER=1
AIRFLOW_CTX_DAG_RUN_ID=manual__2023-04-14T17:36:26.773321+00:00
[2023-04-14 17:36:29,327] {logging_mixin.py:115} INFO - Preparing Data
[2023-04-14 17:36:29,338] {taskinstance.py:1420} INFO - Marking task as SUCCESS. dag_id=vic_investigacion_ETL, task_id=prepare_data, execution_date=20230414T173626, start_date=20230414T173629, end_date=20230414T173629
[2023-04-14 17:36:29,353] {local_task_job.py:156} INFO - Task exited with return code 0
[2023-04-14 17:36:29,382] {local_task_job.py:273} INFO - 1 downstream tasks scheduled from follow-on schedule check
