[2023-07-26 16:34:23,467] {taskinstance.py:1179} INFO - Dependencies all met for <TaskInstance: vic_investigacion_ETL.journals manual__2023-07-26T16:34:21.319792+00:00 [queued]>
[2023-07-26 16:34:23,481] {taskinstance.py:1179} INFO - Dependencies all met for <TaskInstance: vic_investigacion_ETL.journals manual__2023-07-26T16:34:21.319792+00:00 [queued]>
[2023-07-26 16:34:23,482] {taskinstance.py:1376} INFO - 
--------------------------------------------------------------------------------
[2023-07-26 16:34:23,483] {taskinstance.py:1377} INFO - Starting attempt 1 of 1
[2023-07-26 16:34:23,488] {taskinstance.py:1378} INFO - 
--------------------------------------------------------------------------------
[2023-07-26 16:34:23,499] {taskinstance.py:1397} INFO - Executing <Task(PrepareJournals): journals> on 2023-07-26 16:34:21.319792+00:00
[2023-07-26 16:34:23,516] {standard_task_runner.py:52} INFO - Started process 136 to run task
[2023-07-26 16:34:23,524] {standard_task_runner.py:79} INFO - Running: ['***', 'tasks', 'run', 'vic_investigacion_ETL', 'journals', 'manual__2023-07-26T16:34:21.319792+00:00', '--job-id', '103', '--raw', '--subdir', 'DAGS_FOLDER/vic_investigacion_dag.py', '--cfg-path', '/tmp/tmpxrql0uwx', '--error-file', '/tmp/tmpp1jq03qp']
[2023-07-26 16:34:23,527] {standard_task_runner.py:80} INFO - Job 103: Subtask journals
[2023-07-26 16:34:23,611] {task_command.py:371} INFO - Running <TaskInstance: vic_investigacion_ETL.journals manual__2023-07-26T16:34:21.319792+00:00 [running]> on host 6c8a51d4a614
[2023-07-26 16:34:23,715] {taskinstance.py:1591} INFO - Exporting the following env vars:
AIRFLOW_CTX_DAG_OWNER=***
AIRFLOW_CTX_DAG_ID=vic_investigacion_ETL
AIRFLOW_CTX_TASK_ID=journals
AIRFLOW_CTX_EXECUTION_DATE=2023-07-26T16:34:21.319792+00:00
AIRFLOW_CTX_TRY_NUMBER=1
AIRFLOW_CTX_DAG_RUN_ID=manual__2023-07-26T16:34:21.319792+00:00
[2023-07-26 16:34:23,723] {logging_mixin.py:115} INFO - Reading Journals
[2023-07-26 16:34:49,757] {taskinstance.py:1420} INFO - Marking task as SUCCESS. dag_id=vic_investigacion_ETL, task_id=journals, execution_date=20230726T163421, start_date=20230726T163423, end_date=20230726T163449
[2023-07-26 16:34:49,909] {local_task_job.py:156} INFO - Task exited with return code 0
