[2023-07-26 17:30:43,372] {taskinstance.py:1179} INFO - Dependencies all met for <TaskInstance: vic_investigacion_ETL.proyectos manual__2023-07-26T17:30:40.993909+00:00 [queued]>
[2023-07-26 17:30:43,383] {taskinstance.py:1179} INFO - Dependencies all met for <TaskInstance: vic_investigacion_ETL.proyectos manual__2023-07-26T17:30:40.993909+00:00 [queued]>
[2023-07-26 17:30:43,385] {taskinstance.py:1376} INFO - 
--------------------------------------------------------------------------------
[2023-07-26 17:30:43,385] {taskinstance.py:1377} INFO - Starting attempt 1 of 1
[2023-07-26 17:30:43,386] {taskinstance.py:1378} INFO - 
--------------------------------------------------------------------------------
[2023-07-26 17:30:43,402] {taskinstance.py:1397} INFO - Executing <Task(PrepareProyectos): proyectos> on 2023-07-26 17:30:40.993909+00:00
[2023-07-26 17:30:43,410] {standard_task_runner.py:52} INFO - Started process 772 to run task
[2023-07-26 17:30:43,416] {standard_task_runner.py:79} INFO - Running: ['***', 'tasks', 'run', 'vic_investigacion_ETL', 'proyectos', 'manual__2023-07-26T17:30:40.993909+00:00', '--job-id', '129', '--raw', '--subdir', 'DAGS_FOLDER/vic_investigacion_dag.py', '--cfg-path', '/tmp/tmpngbmm_y4', '--error-file', '/tmp/tmpvmezpbg5']
[2023-07-26 17:30:43,420] {standard_task_runner.py:80} INFO - Job 129: Subtask proyectos
[2023-07-26 17:30:43,550] {task_command.py:371} INFO - Running <TaskInstance: vic_investigacion_ETL.proyectos manual__2023-07-26T17:30:40.993909+00:00 [running]> on host 6c8a51d4a614
[2023-07-26 17:30:43,744] {taskinstance.py:1591} INFO - Exporting the following env vars:
AIRFLOW_CTX_DAG_OWNER=***
AIRFLOW_CTX_DAG_ID=vic_investigacion_ETL
AIRFLOW_CTX_TASK_ID=proyectos
AIRFLOW_CTX_EXECUTION_DATE=2023-07-26T17:30:40.993909+00:00
AIRFLOW_CTX_TRY_NUMBER=1
AIRFLOW_CTX_DAG_RUN_ID=manual__2023-07-26T17:30:40.993909+00:00
[2023-07-26 17:30:43,747] {logging_mixin.py:115} INFO - Reading Journals
[2023-07-26 17:30:54,603] {taskinstance.py:1420} INFO - Marking task as SUCCESS. dag_id=vic_investigacion_ETL, task_id=proyectos, execution_date=20230726T173040, start_date=20230726T173043, end_date=20230726T173054
[2023-07-26 17:30:54,746] {local_task_job.py:156} INFO - Task exited with return code 0
