[2023-04-14 17:28:19,322] {taskinstance.py:1179} INFO - Dependencies all met for <TaskInstance: vic_investigacion_ETL.get_scopus_data manual__2023-04-14T17:28:18.317066+00:00 [queued]>
[2023-04-14 17:28:19,330] {taskinstance.py:1179} INFO - Dependencies all met for <TaskInstance: vic_investigacion_ETL.get_scopus_data manual__2023-04-14T17:28:18.317066+00:00 [queued]>
[2023-04-14 17:28:19,331] {taskinstance.py:1376} INFO - 
--------------------------------------------------------------------------------
[2023-04-14 17:28:19,332] {taskinstance.py:1377} INFO - Starting attempt 1 of 1
[2023-04-14 17:28:19,333] {taskinstance.py:1378} INFO - 
--------------------------------------------------------------------------------
[2023-04-14 17:28:19,343] {taskinstance.py:1397} INFO - Executing <Task(ReadScopus): get_scopus_data> on 2023-04-14 17:28:18.317066+00:00
[2023-04-14 17:28:19,352] {standard_task_runner.py:52} INFO - Started process 505 to run task
[2023-04-14 17:28:19,368] {standard_task_runner.py:79} INFO - Running: ['***', 'tasks', 'run', 'vic_investigacion_ETL', 'get_scopus_data', 'manual__2023-04-14T17:28:18.317066+00:00', '--job-id', '151', '--raw', '--subdir', 'DAGS_FOLDER/vic_investigacion_dag.py', '--cfg-path', '/tmp/tmpa_t3u0m2', '--error-file', '/tmp/tmpm4fjhf4a']
[2023-04-14 17:28:19,375] {standard_task_runner.py:80} INFO - Job 151: Subtask get_scopus_data
[2023-04-14 17:28:19,452] {task_command.py:371} INFO - Running <TaskInstance: vic_investigacion_ETL.get_scopus_data manual__2023-04-14T17:28:18.317066+00:00 [running]> on host 6051ec54e0cc
[2023-04-14 17:28:19,521] {taskinstance.py:1591} INFO - Exporting the following env vars:
AIRFLOW_CTX_DAG_OWNER=***
AIRFLOW_CTX_DAG_ID=vic_investigacion_ETL
AIRFLOW_CTX_TASK_ID=get_scopus_data
AIRFLOW_CTX_EXECUTION_DATE=2023-04-14T17:28:18.317066+00:00
AIRFLOW_CTX_TRY_NUMBER=1
AIRFLOW_CTX_DAG_RUN_ID=manual__2023-04-14T17:28:18.317066+00:00
[2023-04-14 17:28:19,524] {logging_mixin.py:115} INFO - Getting Scopus Data
[2023-04-14 17:28:19,525] {logging_mixin.py:115} INFO - The api key is:  640ababb3eaaa3723c7cc11be848250b
[2023-04-14 17:28:19,526] {logging_mixin.py:115} INFO - READIINGGGGGGGGGGG!!!!
[2023-04-14 17:28:19,527] {logging_mixin.py:115} INFO - DAG PATH:  /opt/***
[2023-04-14 17:28:19,634] {logging_mixin.py:115} INFO -        Cedula                       Nombre    Scopus_ID
0  52390079.0  Pomares Quimbaya Alexandra   24832026300
1         NaN  Carlos Andres Parra Acevedo  57212998692
[2023-04-14 17:28:19,866] {taskinstance.py:1420} INFO - Marking task as SUCCESS. dag_id=vic_investigacion_ETL, task_id=get_scopus_data, execution_date=20230414T172818, start_date=20230414T172819, end_date=20230414T172819
[2023-04-14 17:28:19,941] {local_task_job.py:156} INFO - Task exited with return code 0
[2023-04-14 17:28:19,974] {local_task_job.py:273} INFO - 1 downstream tasks scheduled from follow-on schedule check
