[2023-07-26 16:49:35,524] {taskinstance.py:1179} INFO - Dependencies all met for <TaskInstance: vic_investigacion_ETL.semilleros manual__2023-07-26T16:49:33.356769+00:00 [queued]>
[2023-07-26 16:49:35,534] {taskinstance.py:1179} INFO - Dependencies all met for <TaskInstance: vic_investigacion_ETL.semilleros manual__2023-07-26T16:49:33.356769+00:00 [queued]>
[2023-07-26 16:49:35,534] {taskinstance.py:1376} INFO - 
--------------------------------------------------------------------------------
[2023-07-26 16:49:35,535] {taskinstance.py:1377} INFO - Starting attempt 1 of 1
[2023-07-26 16:49:35,536] {taskinstance.py:1378} INFO - 
--------------------------------------------------------------------------------
[2023-07-26 16:49:35,546] {taskinstance.py:1397} INFO - Executing <Task(PrepareSemilleros): semilleros> on 2023-07-26 16:49:33.356769+00:00
[2023-07-26 16:49:35,564] {standard_task_runner.py:52} INFO - Started process 124 to run task
[2023-07-26 16:49:35,571] {standard_task_runner.py:79} INFO - Running: ['***', 'tasks', 'run', 'vic_investigacion_ETL', 'semilleros', 'manual__2023-07-26T16:49:33.356769+00:00', '--job-id', '107', '--raw', '--subdir', 'DAGS_FOLDER/vic_investigacion_dag.py', '--cfg-path', '/tmp/tmp5vd9d5fu', '--error-file', '/tmp/tmppw_yx7rx']
[2023-07-26 16:49:35,578] {standard_task_runner.py:80} INFO - Job 107: Subtask semilleros
[2023-07-26 16:49:35,699] {task_command.py:371} INFO - Running <TaskInstance: vic_investigacion_ETL.semilleros manual__2023-07-26T16:49:33.356769+00:00 [running]> on host 6c8a51d4a614
[2023-07-26 16:49:36,012] {taskinstance.py:1591} INFO - Exporting the following env vars:
AIRFLOW_CTX_DAG_OWNER=***
AIRFLOW_CTX_DAG_ID=vic_investigacion_ETL
AIRFLOW_CTX_TASK_ID=semilleros
AIRFLOW_CTX_EXECUTION_DATE=2023-07-26T16:49:33.356769+00:00
AIRFLOW_CTX_TRY_NUMBER=1
AIRFLOW_CTX_DAG_RUN_ID=manual__2023-07-26T16:49:33.356769+00:00
[2023-07-26 16:49:36,023] {logging_mixin.py:115} INFO - Reading Semilleros
[2023-07-26 16:49:38,183] {taskinstance.py:1420} INFO - Marking task as SUCCESS. dag_id=vic_investigacion_ETL, task_id=semilleros, execution_date=20230726T164933, start_date=20230726T164935, end_date=20230726T164938
[2023-07-26 16:49:38,668] {local_task_job.py:156} INFO - Task exited with return code 0
