[2023-04-24 18:13:02,230] {taskinstance.py:1179} INFO - Dependencies all met for <TaskInstance: vic_investigacion_ETL.prepare_wos_data manual__2023-04-24T18:12:56.581208+00:00 [queued]>
[2023-04-24 18:13:02,241] {taskinstance.py:1179} INFO - Dependencies all met for <TaskInstance: vic_investigacion_ETL.prepare_wos_data manual__2023-04-24T18:12:56.581208+00:00 [queued]>
[2023-04-24 18:13:02,242] {taskinstance.py:1376} INFO - 
--------------------------------------------------------------------------------
[2023-04-24 18:13:02,242] {taskinstance.py:1377} INFO - Starting attempt 1 of 1
[2023-04-24 18:13:02,243] {taskinstance.py:1378} INFO - 
--------------------------------------------------------------------------------
[2023-04-24 18:13:02,254] {taskinstance.py:1397} INFO - Executing <Task(PrepareWosData): prepare_wos_data> on 2023-04-24 18:12:56.581208+00:00
[2023-04-24 18:13:02,263] {standard_task_runner.py:52} INFO - Started process 8382 to run task
[2023-04-24 18:13:02,267] {standard_task_runner.py:79} INFO - Running: ['***', 'tasks', 'run', 'vic_investigacion_ETL', 'prepare_wos_data', 'manual__2023-04-24T18:12:56.581208+00:00', '--job-id', '418', '--raw', '--subdir', 'DAGS_FOLDER/vic_investigacion_dag.py', '--cfg-path', '/tmp/tmp2v55fa8p', '--error-file', '/tmp/tmpfkmu4nai']
[2023-04-24 18:13:02,271] {standard_task_runner.py:80} INFO - Job 418: Subtask prepare_wos_data
[2023-04-24 18:13:02,458] {task_command.py:371} INFO - Running <TaskInstance: vic_investigacion_ETL.prepare_wos_data manual__2023-04-24T18:12:56.581208+00:00 [running]> on host b136a0a45498
[2023-04-24 18:13:02,569] {taskinstance.py:1591} INFO - Exporting the following env vars:
AIRFLOW_CTX_DAG_OWNER=***
AIRFLOW_CTX_DAG_ID=vic_investigacion_ETL
AIRFLOW_CTX_TASK_ID=prepare_wos_data
AIRFLOW_CTX_EXECUTION_DATE=2023-04-24T18:12:56.581208+00:00
AIRFLOW_CTX_TRY_NUMBER=1
AIRFLOW_CTX_DAG_RUN_ID=manual__2023-04-24T18:12:56.581208+00:00
[2023-04-24 18:13:02,571] {logging_mixin.py:115} INFO - Preparing WOS Data
[2023-04-24 18:13:02,906] {taskinstance.py:1420} INFO - Marking task as SUCCESS. dag_id=vic_investigacion_ETL, task_id=prepare_wos_data, execution_date=20230424T181256, start_date=20230424T181302, end_date=20230424T181302
[2023-04-24 18:13:02,979] {local_task_job.py:156} INFO - Task exited with return code 0
