[2023-06-01 01:21:53,476] {taskinstance.py:1179} INFO - Dependencies all met for <TaskInstance: vic_investigacion_ETL.prepare_wos_data manual__2023-06-01T01:21:51.642707+00:00 [queued]>
[2023-06-01 01:21:53,498] {taskinstance.py:1179} INFO - Dependencies all met for <TaskInstance: vic_investigacion_ETL.prepare_wos_data manual__2023-06-01T01:21:51.642707+00:00 [queued]>
[2023-06-01 01:21:53,501] {taskinstance.py:1376} INFO - 
--------------------------------------------------------------------------------
[2023-06-01 01:21:53,502] {taskinstance.py:1377} INFO - Starting attempt 1 of 1
[2023-06-01 01:21:53,502] {taskinstance.py:1378} INFO - 
--------------------------------------------------------------------------------
[2023-06-01 01:21:53,520] {taskinstance.py:1397} INFO - Executing <Task(PrepareWosData): prepare_wos_data> on 2023-06-01 01:21:51.642707+00:00
[2023-06-01 01:21:53,536] {standard_task_runner.py:52} INFO - Started process 2765 to run task
[2023-06-01 01:21:53,556] {standard_task_runner.py:79} INFO - Running: ['***', 'tasks', 'run', 'vic_investigacion_ETL', 'prepare_wos_data', 'manual__2023-06-01T01:21:51.642707+00:00', '--job-id', '160', '--raw', '--subdir', 'DAGS_FOLDER/vic_investigacion_dag.py', '--cfg-path', '/tmp/tmp7ghapznv', '--error-file', '/tmp/tmp5pdxrr7k']
[2023-06-01 01:21:53,561] {standard_task_runner.py:80} INFO - Job 160: Subtask prepare_wos_data
[2023-06-01 01:21:53,691] {task_command.py:371} INFO - Running <TaskInstance: vic_investigacion_ETL.prepare_wos_data manual__2023-06-01T01:21:51.642707+00:00 [running]> on host 5d9ccb732815
[2023-06-01 01:21:53,944] {taskinstance.py:1591} INFO - Exporting the following env vars:
AIRFLOW_CTX_DAG_OWNER=***
AIRFLOW_CTX_DAG_ID=vic_investigacion_ETL
AIRFLOW_CTX_TASK_ID=prepare_wos_data
AIRFLOW_CTX_EXECUTION_DATE=2023-06-01T01:21:51.642707+00:00
AIRFLOW_CTX_TRY_NUMBER=1
AIRFLOW_CTX_DAG_RUN_ID=manual__2023-06-01T01:21:51.642707+00:00
[2023-06-01 01:21:53,947] {logging_mixin.py:115} INFO - Preparing WOS Data
[2023-06-01 01:21:53,994] {taskinstance.py:1420} INFO - Marking task as SUCCESS. dag_id=vic_investigacion_ETL, task_id=prepare_wos_data, execution_date=20230601T012151, start_date=20230601T012153, end_date=20230601T012153
[2023-06-01 01:21:54,044] {local_task_job.py:156} INFO - Task exited with return code 0
[2023-06-01 01:21:54,149] {local_task_job.py:273} INFO - 0 downstream tasks scheduled from follow-on schedule check
