[2023-07-26 16:18:55,441] {taskinstance.py:1179} INFO - Dependencies all met for <TaskInstance: vic_investigacion_ETL.journals manual__2023-07-26T16:18:53.986034+00:00 [queued]>
[2023-07-26 16:18:55,448] {taskinstance.py:1179} INFO - Dependencies all met for <TaskInstance: vic_investigacion_ETL.journals manual__2023-07-26T16:18:53.986034+00:00 [queued]>
[2023-07-26 16:18:55,449] {taskinstance.py:1376} INFO - 
--------------------------------------------------------------------------------
[2023-07-26 16:18:55,449] {taskinstance.py:1377} INFO - Starting attempt 1 of 1
[2023-07-26 16:18:55,449] {taskinstance.py:1378} INFO - 
--------------------------------------------------------------------------------
[2023-07-26 16:18:55,459] {taskinstance.py:1397} INFO - Executing <Task(PrepareJournals): journals> on 2023-07-26 16:18:53.986034+00:00
[2023-07-26 16:18:55,467] {standard_task_runner.py:52} INFO - Started process 2632 to run task
[2023-07-26 16:18:55,471] {standard_task_runner.py:79} INFO - Running: ['***', 'tasks', 'run', 'vic_investigacion_ETL', 'journals', 'manual__2023-07-26T16:18:53.986034+00:00', '--job-id', '88', '--raw', '--subdir', 'DAGS_FOLDER/vic_investigacion_dag.py', '--cfg-path', '/tmp/tmprdtc6y6s', '--error-file', '/tmp/tmpyicndxrx']
[2023-07-26 16:18:55,474] {standard_task_runner.py:80} INFO - Job 88: Subtask journals
[2023-07-26 16:18:55,567] {task_command.py:371} INFO - Running <TaskInstance: vic_investigacion_ETL.journals manual__2023-07-26T16:18:53.986034+00:00 [running]> on host f4f0af373b5a
[2023-07-26 16:18:55,642] {taskinstance.py:1591} INFO - Exporting the following env vars:
AIRFLOW_CTX_DAG_OWNER=***
AIRFLOW_CTX_DAG_ID=vic_investigacion_ETL
AIRFLOW_CTX_TASK_ID=journals
AIRFLOW_CTX_EXECUTION_DATE=2023-07-26T16:18:53.986034+00:00
AIRFLOW_CTX_TRY_NUMBER=1
AIRFLOW_CTX_DAG_RUN_ID=manual__2023-07-26T16:18:53.986034+00:00
[2023-07-26 16:18:55,648] {logging_mixin.py:115} INFO - Reading Journals
[2023-07-26 16:19:21,593] {taskinstance.py:1420} INFO - Marking task as SUCCESS. dag_id=vic_investigacion_ETL, task_id=journals, execution_date=20230726T161853, start_date=20230726T161855, end_date=20230726T161921
[2023-07-26 16:19:21,680] {local_task_job.py:156} INFO - Task exited with return code 0
