[2023-04-14 17:21:24,413] {taskinstance.py:1179} INFO - Dependencies all met for <TaskInstance: vic_investigacion_ETL.upload_data_big_query manual__2023-04-14T17:21:19.641323+00:00 [queued]>
[2023-04-14 17:21:24,419] {taskinstance.py:1179} INFO - Dependencies all met for <TaskInstance: vic_investigacion_ETL.upload_data_big_query manual__2023-04-14T17:21:19.641323+00:00 [queued]>
[2023-04-14 17:21:24,419] {taskinstance.py:1376} INFO - 
--------------------------------------------------------------------------------
[2023-04-14 17:21:24,420] {taskinstance.py:1377} INFO - Starting attempt 1 of 1
[2023-04-14 17:21:24,421] {taskinstance.py:1378} INFO - 
--------------------------------------------------------------------------------
[2023-04-14 17:21:24,428] {taskinstance.py:1397} INFO - Executing <Task(PythonOperator): upload_data_big_query> on 2023-04-14 17:21:19.641323+00:00
[2023-04-14 17:21:24,433] {standard_task_runner.py:52} INFO - Started process 133 to run task
[2023-04-14 17:21:24,436] {standard_task_runner.py:79} INFO - Running: ['***', 'tasks', 'run', 'vic_investigacion_ETL', 'upload_data_big_query', 'manual__2023-04-14T17:21:19.641323+00:00', '--job-id', '141', '--raw', '--subdir', 'DAGS_FOLDER/vic_investigacion_dag.py', '--cfg-path', '/tmp/tmpaxu_8yce', '--error-file', '/tmp/tmpj1_2_amf']
[2023-04-14 17:21:24,437] {standard_task_runner.py:80} INFO - Job 141: Subtask upload_data_big_query
[2023-04-14 17:21:24,487] {task_command.py:371} INFO - Running <TaskInstance: vic_investigacion_ETL.upload_data_big_query manual__2023-04-14T17:21:19.641323+00:00 [running]> on host 6051ec54e0cc
[2023-04-14 17:21:24,532] {taskinstance.py:1591} INFO - Exporting the following env vars:
AIRFLOW_CTX_DAG_OWNER=***
AIRFLOW_CTX_DAG_ID=vic_investigacion_ETL
AIRFLOW_CTX_TASK_ID=upload_data_big_query
AIRFLOW_CTX_EXECUTION_DATE=2023-04-14T17:21:19.641323+00:00
AIRFLOW_CTX_TRY_NUMBER=1
AIRFLOW_CTX_DAG_RUN_ID=manual__2023-04-14T17:21:19.641323+00:00
[2023-04-14 17:21:24,534] {logging_mixin.py:115} INFO - Uploading Data to big query
[2023-04-14 17:21:24,534] {python.py:173} INFO - Done. Returned value was: None
[2023-04-14 17:21:24,545] {taskinstance.py:1420} INFO - Marking task as SUCCESS. dag_id=vic_investigacion_ETL, task_id=upload_data_big_query, execution_date=20230414T172119, start_date=20230414T172124, end_date=20230414T172124
[2023-04-14 17:21:24,570] {local_task_job.py:156} INFO - Task exited with return code 0
[2023-04-14 17:21:24,594] {local_task_job.py:273} INFO - 0 downstream tasks scheduled from follow-on schedule check
