[2023-06-01 00:27:21,754] {taskinstance.py:1179} INFO - Dependencies all met for <TaskInstance: vic_investigacion_ETL.prepare_group_lac_data manual__2023-06-01T00:27:19.574013+00:00 [queued]>
[2023-06-01 00:27:21,773] {taskinstance.py:1179} INFO - Dependencies all met for <TaskInstance: vic_investigacion_ETL.prepare_group_lac_data manual__2023-06-01T00:27:19.574013+00:00 [queued]>
[2023-06-01 00:27:21,776] {taskinstance.py:1376} INFO - 
--------------------------------------------------------------------------------
[2023-06-01 00:27:21,780] {taskinstance.py:1377} INFO - Starting attempt 1 of 1
[2023-06-01 00:27:21,781] {taskinstance.py:1378} INFO - 
--------------------------------------------------------------------------------
[2023-06-01 00:27:21,799] {taskinstance.py:1397} INFO - Executing <Task(PrepareGroupLacData): prepare_group_lac_data> on 2023-06-01 00:27:19.574013+00:00
[2023-06-01 00:27:21,810] {standard_task_runner.py:52} INFO - Started process 3161 to run task
[2023-06-01 00:27:21,833] {standard_task_runner.py:79} INFO - Running: ['***', 'tasks', 'run', 'vic_investigacion_ETL', 'prepare_group_lac_data', 'manual__2023-06-01T00:27:19.574013+00:00', '--job-id', '64', '--raw', '--subdir', 'DAGS_FOLDER/vic_investigacion_dag.py', '--cfg-path', '/tmp/tmp1bb5sem_', '--error-file', '/tmp/tmp2ijh6sze']
[2023-06-01 00:27:21,844] {standard_task_runner.py:80} INFO - Job 64: Subtask prepare_group_lac_data
[2023-06-01 00:27:21,983] {task_command.py:371} INFO - Running <TaskInstance: vic_investigacion_ETL.prepare_group_lac_data manual__2023-06-01T00:27:19.574013+00:00 [running]> on host 5d9ccb732815
[2023-06-01 00:27:22,095] {taskinstance.py:1591} INFO - Exporting the following env vars:
AIRFLOW_CTX_DAG_OWNER=***
AIRFLOW_CTX_DAG_ID=vic_investigacion_ETL
AIRFLOW_CTX_TASK_ID=prepare_group_lac_data
AIRFLOW_CTX_EXECUTION_DATE=2023-06-01T00:27:19.574013+00:00
AIRFLOW_CTX_TRY_NUMBER=1
AIRFLOW_CTX_DAG_RUN_ID=manual__2023-06-01T00:27:19.574013+00:00
[2023-06-01 00:27:22,097] {logging_mixin.py:115} INFO - Preparing group lac Data
[2023-06-01 00:27:22,123] {taskinstance.py:1420} INFO - Marking task as SUCCESS. dag_id=vic_investigacion_ETL, task_id=prepare_group_lac_data, execution_date=20230601T002719, start_date=20230601T002721, end_date=20230601T002722
[2023-06-01 00:27:22,167] {local_task_job.py:156} INFO - Task exited with return code 0
[2023-06-01 00:27:22,233] {local_task_job.py:273} INFO - 0 downstream tasks scheduled from follow-on schedule check
