[2023-04-14 17:11:00,239] {taskinstance.py:1179} INFO - Dependencies all met for <TaskInstance: vic_investigacion_ETL.prepare_data manual__2023-04-14T17:10:58.032959+00:00 [queued]>
[2023-04-14 17:11:00,246] {taskinstance.py:1179} INFO - Dependencies all met for <TaskInstance: vic_investigacion_ETL.prepare_data manual__2023-04-14T17:10:58.032959+00:00 [queued]>
[2023-04-14 17:11:00,247] {taskinstance.py:1376} INFO - 
--------------------------------------------------------------------------------
[2023-04-14 17:11:00,247] {taskinstance.py:1377} INFO - Starting attempt 1 of 1
[2023-04-14 17:11:00,247] {taskinstance.py:1378} INFO - 
--------------------------------------------------------------------------------
[2023-04-14 17:11:00,255] {taskinstance.py:1397} INFO - Executing <Task(PythonOperator): prepare_data> on 2023-04-14 17:10:58.032959+00:00
[2023-04-14 17:11:00,259] {standard_task_runner.py:52} INFO - Started process 751 to run task
[2023-04-14 17:11:00,262] {standard_task_runner.py:79} INFO - Running: ['***', 'tasks', 'run', 'vic_investigacion_ETL', 'prepare_data', 'manual__2023-04-14T17:10:58.032959+00:00', '--job-id', '106', '--raw', '--subdir', 'DAGS_FOLDER/vic_investigacion_dag.py', '--cfg-path', '/tmp/tmpqh_n80nq', '--error-file', '/tmp/tmpz8ruwkfg']
[2023-04-14 17:11:00,264] {standard_task_runner.py:80} INFO - Job 106: Subtask prepare_data
[2023-04-14 17:11:00,326] {task_command.py:371} INFO - Running <TaskInstance: vic_investigacion_ETL.prepare_data manual__2023-04-14T17:10:58.032959+00:00 [running]> on host d014c8b814c7
[2023-04-14 17:11:00,375] {taskinstance.py:1591} INFO - Exporting the following env vars:
AIRFLOW_CTX_DAG_OWNER=***
AIRFLOW_CTX_DAG_ID=vic_investigacion_ETL
AIRFLOW_CTX_TASK_ID=prepare_data
AIRFLOW_CTX_EXECUTION_DATE=2023-04-14T17:10:58.032959+00:00
AIRFLOW_CTX_TRY_NUMBER=1
AIRFLOW_CTX_DAG_RUN_ID=manual__2023-04-14T17:10:58.032959+00:00
[2023-04-14 17:11:00,377] {logging_mixin.py:115} INFO - Preparing Data
[2023-04-14 17:11:00,377] {python.py:173} INFO - Done. Returned value was: None
[2023-04-14 17:11:00,389] {taskinstance.py:1420} INFO - Marking task as SUCCESS. dag_id=vic_investigacion_ETL, task_id=prepare_data, execution_date=20230414T171058, start_date=20230414T171100, end_date=20230414T171100
[2023-04-14 17:11:00,435] {local_task_job.py:156} INFO - Task exited with return code 0
[2023-04-14 17:11:00,464] {local_task_job.py:273} INFO - 0 downstream tasks scheduled from follow-on schedule check
