[2023-06-01 02:00:15,187] {taskinstance.py:1179} INFO - Dependencies all met for <TaskInstance: vic_investigacion_ETL.upload_data_big_query manual__2023-06-01T02:00:12.246287+00:00 [queued]>
[2023-06-01 02:00:15,200] {taskinstance.py:1179} INFO - Dependencies all met for <TaskInstance: vic_investigacion_ETL.upload_data_big_query manual__2023-06-01T02:00:12.246287+00:00 [queued]>
[2023-06-01 02:00:15,201] {taskinstance.py:1376} INFO - 
--------------------------------------------------------------------------------
[2023-06-01 02:00:15,202] {taskinstance.py:1377} INFO - Starting attempt 1 of 1
[2023-06-01 02:00:15,203] {taskinstance.py:1378} INFO - 
--------------------------------------------------------------------------------
[2023-06-01 02:00:15,222] {taskinstance.py:1397} INFO - Executing <Task(ExportData): upload_data_big_query> on 2023-06-01 02:00:12.246287+00:00
[2023-06-01 02:00:15,230] {standard_task_runner.py:52} INFO - Started process 4729 to run task
[2023-06-01 02:00:15,236] {standard_task_runner.py:79} INFO - Running: ['***', 'tasks', 'run', 'vic_investigacion_ETL', 'upload_data_big_query', 'manual__2023-06-01T02:00:12.246287+00:00', '--job-id', '189', '--raw', '--subdir', 'DAGS_FOLDER/vic_investigacion_dag.py', '--cfg-path', '/tmp/tmpve2u2xrv', '--error-file', '/tmp/tmpt029gso1']
[2023-06-01 02:00:15,240] {standard_task_runner.py:80} INFO - Job 189: Subtask upload_data_big_query
[2023-06-01 02:00:15,406] {task_command.py:371} INFO - Running <TaskInstance: vic_investigacion_ETL.upload_data_big_query manual__2023-06-01T02:00:12.246287+00:00 [running]> on host 5d9ccb732815
[2023-06-01 02:00:15,596] {taskinstance.py:1591} INFO - Exporting the following env vars:
AIRFLOW_CTX_DAG_OWNER=***
AIRFLOW_CTX_DAG_ID=vic_investigacion_ETL
AIRFLOW_CTX_TASK_ID=upload_data_big_query
AIRFLOW_CTX_EXECUTION_DATE=2023-06-01T02:00:12.246287+00:00
AIRFLOW_CTX_TRY_NUMBER=1
AIRFLOW_CTX_DAG_RUN_ID=manual__2023-06-01T02:00:12.246287+00:00
[2023-06-01 02:00:15,617] {logging_mixin.py:115} INFO - Exporting Data
[2023-06-01 02:00:15,632] {logging_mixin.py:115} INFO - /opt/***/data/scopus/to_upload_data/authors_join.csv
[2023-06-01 02:00:21,801] {logging_mixin.py:115} INFO - LoadJob<project=viceinvestigacion, location=US, id=b0cf013e-f7aa-423e-8c1c-babcacc9e35c>
[2023-06-01 02:00:21,807] {logging_mixin.py:115} INFO - /opt/***/data/scopus/to_upload_data/subject_areas.csv
[2023-06-01 02:00:25,127] {logging_mixin.py:115} INFO - LoadJob<project=viceinvestigacion, location=US, id=b2af9aaf-cde6-4d6d-a2fe-13950df7cb4c>
[2023-06-01 02:00:25,399] {taskinstance.py:1420} INFO - Marking task as SUCCESS. dag_id=vic_investigacion_ETL, task_id=upload_data_big_query, execution_date=20230601T020012, start_date=20230601T020015, end_date=20230601T020025
[2023-06-01 02:00:25,448] {local_task_job.py:156} INFO - Task exited with return code 0
[2023-06-01 02:00:25,471] {local_task_job.py:273} INFO - 0 downstream tasks scheduled from follow-on schedule check
