[2023-05-31 23:38:00,048] {taskinstance.py:1179} INFO - Dependencies all met for <TaskInstance: vic_investigacion_ETL.join_all_data manual__2023-05-31T23:37:58.328607+00:00 [queued]>
[2023-05-31 23:38:00,058] {taskinstance.py:1179} INFO - Dependencies all met for <TaskInstance: vic_investigacion_ETL.join_all_data manual__2023-05-31T23:37:58.328607+00:00 [queued]>
[2023-05-31 23:38:00,059] {taskinstance.py:1376} INFO - 
--------------------------------------------------------------------------------
[2023-05-31 23:38:00,060] {taskinstance.py:1377} INFO - Starting attempt 1 of 1
[2023-05-31 23:38:00,061] {taskinstance.py:1378} INFO - 
--------------------------------------------------------------------------------
[2023-05-31 23:38:00,078] {taskinstance.py:1397} INFO - Executing <Task(JoinAllData): join_all_data> on 2023-05-31 23:37:58.328607+00:00
[2023-05-31 23:38:00,089] {standard_task_runner.py:52} INFO - Started process 581 to run task
[2023-05-31 23:38:00,096] {standard_task_runner.py:79} INFO - Running: ['***', 'tasks', 'run', 'vic_investigacion_ETL', 'join_all_data', 'manual__2023-05-31T23:37:58.328607+00:00', '--job-id', '15', '--raw', '--subdir', 'DAGS_FOLDER/vic_investigacion_dag.py', '--cfg-path', '/tmp/tmps535vhnq', '--error-file', '/tmp/tmp2pvf11m3']
[2023-05-31 23:38:00,099] {standard_task_runner.py:80} INFO - Job 15: Subtask join_all_data
[2023-05-31 23:38:00,214] {task_command.py:371} INFO - Running <TaskInstance: vic_investigacion_ETL.join_all_data manual__2023-05-31T23:37:58.328607+00:00 [running]> on host 5d9ccb732815
[2023-05-31 23:38:00,349] {taskinstance.py:1591} INFO - Exporting the following env vars:
AIRFLOW_CTX_DAG_OWNER=***
AIRFLOW_CTX_DAG_ID=vic_investigacion_ETL
AIRFLOW_CTX_TASK_ID=join_all_data
AIRFLOW_CTX_EXECUTION_DATE=2023-05-31T23:37:58.328607+00:00
AIRFLOW_CTX_TRY_NUMBER=1
AIRFLOW_CTX_DAG_RUN_ID=manual__2023-05-31T23:37:58.328607+00:00
[2023-05-31 23:38:00,352] {logging_mixin.py:115} INFO - Joining all data
[2023-05-31 23:38:00,409] {logging_mixin.py:115} INFO - Data joined
[2023-05-31 23:38:00,485] {taskinstance.py:1420} INFO - Marking task as SUCCESS. dag_id=vic_investigacion_ETL, task_id=join_all_data, execution_date=20230531T233758, start_date=20230531T233800, end_date=20230531T233800
[2023-05-31 23:38:00,558] {local_task_job.py:156} INFO - Task exited with return code 0
[2023-05-31 23:38:00,605] {local_task_job.py:273} INFO - 0 downstream tasks scheduled from follow-on schedule check
