[2023-06-01 22:05:17,132] {taskinstance.py:1179} INFO - Dependencies all met for <TaskInstance: vic_investigacion_ETL.upload_data_big_query manual__2023-06-01T22:03:36.859978+00:00 [queued]>
[2023-06-01 22:05:17,139] {taskinstance.py:1179} INFO - Dependencies all met for <TaskInstance: vic_investigacion_ETL.upload_data_big_query manual__2023-06-01T22:03:36.859978+00:00 [queued]>
[2023-06-01 22:05:17,139] {taskinstance.py:1376} INFO - 
--------------------------------------------------------------------------------
[2023-06-01 22:05:17,140] {taskinstance.py:1377} INFO - Starting attempt 1 of 1
[2023-06-01 22:05:17,140] {taskinstance.py:1378} INFO - 
--------------------------------------------------------------------------------
[2023-06-01 22:05:17,148] {taskinstance.py:1397} INFO - Executing <Task(ExportData): upload_data_big_query> on 2023-06-01 22:03:36.859978+00:00
[2023-06-01 22:05:17,153] {standard_task_runner.py:52} INFO - Started process 29410 to run task
[2023-06-01 22:05:17,157] {standard_task_runner.py:79} INFO - Running: ['***', 'tasks', 'run', 'vic_investigacion_ETL', 'upload_data_big_query', 'manual__2023-06-01T22:03:36.859978+00:00', '--job-id', '279', '--raw', '--subdir', 'DAGS_FOLDER/vic_investigacion_dag.py', '--cfg-path', '/tmp/tmp7k294gw1', '--error-file', '/tmp/tmp85a04ovh']
[2023-06-01 22:05:17,159] {standard_task_runner.py:80} INFO - Job 279: Subtask upload_data_big_query
[2023-06-01 22:05:17,217] {task_command.py:371} INFO - Running <TaskInstance: vic_investigacion_ETL.upload_data_big_query manual__2023-06-01T22:03:36.859978+00:00 [running]> on host 5d9ccb732815
[2023-06-01 22:05:17,273] {taskinstance.py:1591} INFO - Exporting the following env vars:
AIRFLOW_CTX_DAG_OWNER=***
AIRFLOW_CTX_DAG_ID=vic_investigacion_ETL
AIRFLOW_CTX_TASK_ID=upload_data_big_query
AIRFLOW_CTX_EXECUTION_DATE=2023-06-01T22:03:36.859978+00:00
AIRFLOW_CTX_TRY_NUMBER=1
AIRFLOW_CTX_DAG_RUN_ID=manual__2023-06-01T22:03:36.859978+00:00
[2023-06-01 22:05:17,274] {logging_mixin.py:115} INFO - Exporting Data
[2023-06-01 22:05:17,276] {logging_mixin.py:115} INFO - /opt/***/data/scopus/to_upload_data/subject_areas.csv
[2023-06-01 22:05:23,261] {logging_mixin.py:115} INFO - LoadJob<project=viceinvestigacion, location=US, id=15510c62-aa22-47bb-9fa6-a19e97c4dbe2>
[2023-06-01 22:05:23,316] {taskinstance.py:1420} INFO - Marking task as SUCCESS. dag_id=vic_investigacion_ETL, task_id=upload_data_big_query, execution_date=20230601T220336, start_date=20230601T220517, end_date=20230601T220523
[2023-06-01 22:05:23,421] {local_task_job.py:156} INFO - Task exited with return code 0
[2023-06-01 22:05:23,446] {local_task_job.py:273} INFO - 0 downstream tasks scheduled from follow-on schedule check
