[2023-04-14 17:02:04,127] {taskinstance.py:1179} INFO - Dependencies all met for <TaskInstance: vic_investigacion_ETL.get_scopus_data manual__2023-04-14T17:02:02.571625+00:00 [queued]>
[2023-04-14 17:02:04,134] {taskinstance.py:1179} INFO - Dependencies all met for <TaskInstance: vic_investigacion_ETL.get_scopus_data manual__2023-04-14T17:02:02.571625+00:00 [queued]>
[2023-04-14 17:02:04,135] {taskinstance.py:1376} INFO - 
--------------------------------------------------------------------------------
[2023-04-14 17:02:04,135] {taskinstance.py:1377} INFO - Starting attempt 1 of 1
[2023-04-14 17:02:04,136] {taskinstance.py:1378} INFO - 
--------------------------------------------------------------------------------
[2023-04-14 17:02:04,144] {taskinstance.py:1397} INFO - Executing <Task(ReadScopus): get_scopus_data> on 2023-04-14 17:02:02.571625+00:00
[2023-04-14 17:02:04,150] {standard_task_runner.py:52} INFO - Started process 252 to run task
[2023-04-14 17:02:04,153] {standard_task_runner.py:79} INFO - Running: ['***', 'tasks', 'run', 'vic_investigacion_ETL', 'get_scopus_data', 'manual__2023-04-14T17:02:02.571625+00:00', '--job-id', '86', '--raw', '--subdir', 'DAGS_FOLDER/vic_investigacion_dag.py', '--cfg-path', '/tmp/tmp4n_vl2ce', '--error-file', '/tmp/tmperpzgblp']
[2023-04-14 17:02:04,156] {standard_task_runner.py:80} INFO - Job 86: Subtask get_scopus_data
[2023-04-14 17:02:04,215] {task_command.py:371} INFO - Running <TaskInstance: vic_investigacion_ETL.get_scopus_data manual__2023-04-14T17:02:02.571625+00:00 [running]> on host d014c8b814c7
[2023-04-14 17:02:04,287] {taskinstance.py:1591} INFO - Exporting the following env vars:
AIRFLOW_CTX_DAG_OWNER=***
AIRFLOW_CTX_DAG_ID=vic_investigacion_ETL
AIRFLOW_CTX_TASK_ID=get_scopus_data
AIRFLOW_CTX_EXECUTION_DATE=2023-04-14T17:02:02.571625+00:00
AIRFLOW_CTX_TRY_NUMBER=1
AIRFLOW_CTX_DAG_RUN_ID=manual__2023-04-14T17:02:02.571625+00:00
[2023-04-14 17:02:04,291] {logging_mixin.py:115} INFO - Getting Scopus Data
[2023-04-14 17:02:04,291] {logging_mixin.py:115} INFO - The api key is:  640ababb3eaaa3723c7cc11be848250b
[2023-04-14 17:02:04,292] {logging_mixin.py:115} INFO - READIINGGGGGGGGGGG!!!!
[2023-04-14 17:02:04,315] {taskinstance.py:1420} INFO - Marking task as SUCCESS. dag_id=vic_investigacion_ETL, task_id=get_scopus_data, execution_date=20230414T170202, start_date=20230414T170204, end_date=20230414T170204
[2023-04-14 17:02:04,367] {local_task_job.py:156} INFO - Task exited with return code 0
[2023-04-14 17:02:04,398] {local_task_job.py:273} INFO - 1 downstream tasks scheduled from follow-on schedule check
