[2023-05-31 23:29:33,207] {taskinstance.py:1179} INFO - Dependencies all met for <TaskInstance: vic_investigacion_ETL.prepare_cv_lac_data scheduled__2023-04-14T00:00:00+00:00 [queued]>
[2023-05-31 23:29:33,213] {taskinstance.py:1179} INFO - Dependencies all met for <TaskInstance: vic_investigacion_ETL.prepare_cv_lac_data scheduled__2023-04-14T00:00:00+00:00 [queued]>
[2023-05-31 23:29:33,214] {taskinstance.py:1376} INFO - 
--------------------------------------------------------------------------------
[2023-05-31 23:29:33,214] {taskinstance.py:1377} INFO - Starting attempt 1 of 1
[2023-05-31 23:29:33,215] {taskinstance.py:1378} INFO - 
--------------------------------------------------------------------------------
[2023-05-31 23:29:33,222] {taskinstance.py:1397} INFO - Executing <Task(PrepareCvLacData): prepare_cv_lac_data> on 2023-04-14 00:00:00+00:00
[2023-05-31 23:29:33,227] {standard_task_runner.py:52} INFO - Started process 141 to run task
[2023-05-31 23:29:33,230] {standard_task_runner.py:79} INFO - Running: ['***', 'tasks', 'run', 'vic_investigacion_ETL', 'prepare_cv_lac_data', 'scheduled__2023-04-14T00:00:00+00:00', '--job-id', '7', '--raw', '--subdir', 'DAGS_FOLDER/vic_investigacion_dag.py', '--cfg-path', '/tmp/tmp8kch_367', '--error-file', '/tmp/tmppzhp3tpc']
[2023-05-31 23:29:33,232] {standard_task_runner.py:80} INFO - Job 7: Subtask prepare_cv_lac_data
[2023-05-31 23:29:33,295] {task_command.py:371} INFO - Running <TaskInstance: vic_investigacion_ETL.prepare_cv_lac_data scheduled__2023-04-14T00:00:00+00:00 [running]> on host 5d9ccb732815
[2023-05-31 23:29:33,349] {taskinstance.py:1591} INFO - Exporting the following env vars:
AIRFLOW_CTX_DAG_OWNER=***
AIRFLOW_CTX_DAG_ID=vic_investigacion_ETL
AIRFLOW_CTX_TASK_ID=prepare_cv_lac_data
AIRFLOW_CTX_EXECUTION_DATE=2023-04-14T00:00:00+00:00
AIRFLOW_CTX_TRY_NUMBER=1
AIRFLOW_CTX_DAG_RUN_ID=scheduled__2023-04-14T00:00:00+00:00
[2023-05-31 23:29:33,351] {logging_mixin.py:115} INFO - Preparing cv lac Data
[2023-05-31 23:29:33,364] {taskinstance.py:1420} INFO - Marking task as SUCCESS. dag_id=vic_investigacion_ETL, task_id=prepare_cv_lac_data, execution_date=20230414T000000, start_date=20230531T232933, end_date=20230531T232933
[2023-05-31 23:29:33,402] {local_task_job.py:156} INFO - Task exited with return code 0
