[2023-07-26 16:49:35,485] {taskinstance.py:1179} INFO - Dependencies all met for <TaskInstance: vic_investigacion_ETL.journals manual__2023-07-26T16:49:33.356769+00:00 [queued]>
[2023-07-26 16:49:35,495] {taskinstance.py:1179} INFO - Dependencies all met for <TaskInstance: vic_investigacion_ETL.journals manual__2023-07-26T16:49:33.356769+00:00 [queued]>
[2023-07-26 16:49:35,495] {taskinstance.py:1376} INFO - 
--------------------------------------------------------------------------------
[2023-07-26 16:49:35,496] {taskinstance.py:1377} INFO - Starting attempt 1 of 1
[2023-07-26 16:49:35,497] {taskinstance.py:1378} INFO - 
--------------------------------------------------------------------------------
[2023-07-26 16:49:35,509] {taskinstance.py:1397} INFO - Executing <Task(PrepareJournals): journals> on 2023-07-26 16:49:33.356769+00:00
[2023-07-26 16:49:35,530] {standard_task_runner.py:52} INFO - Started process 123 to run task
[2023-07-26 16:49:35,535] {standard_task_runner.py:79} INFO - Running: ['***', 'tasks', 'run', 'vic_investigacion_ETL', 'journals', 'manual__2023-07-26T16:49:33.356769+00:00', '--job-id', '109', '--raw', '--subdir', 'DAGS_FOLDER/vic_investigacion_dag.py', '--cfg-path', '/tmp/tmpowee0bfd', '--error-file', '/tmp/tmpxxr_0ieu']
[2023-07-26 16:49:35,537] {standard_task_runner.py:80} INFO - Job 109: Subtask journals
[2023-07-26 16:49:35,663] {task_command.py:371} INFO - Running <TaskInstance: vic_investigacion_ETL.journals manual__2023-07-26T16:49:33.356769+00:00 [running]> on host 6c8a51d4a614
[2023-07-26 16:49:35,947] {taskinstance.py:1591} INFO - Exporting the following env vars:
AIRFLOW_CTX_DAG_OWNER=***
AIRFLOW_CTX_DAG_ID=vic_investigacion_ETL
AIRFLOW_CTX_TASK_ID=journals
AIRFLOW_CTX_EXECUTION_DATE=2023-07-26T16:49:33.356769+00:00
AIRFLOW_CTX_TRY_NUMBER=1
AIRFLOW_CTX_DAG_RUN_ID=manual__2023-07-26T16:49:33.356769+00:00
[2023-07-26 16:49:35,961] {logging_mixin.py:115} INFO - Reading Journals
[2023-07-26 16:50:04,511] {taskinstance.py:1420} INFO - Marking task as SUCCESS. dag_id=vic_investigacion_ETL, task_id=journals, execution_date=20230726T164933, start_date=20230726T164935, end_date=20230726T165004
[2023-07-26 16:50:04,749] {local_task_job.py:156} INFO - Task exited with return code 0
