[2023-06-01 01:12:26,733] {taskinstance.py:1179} INFO - Dependencies all met for <TaskInstance: vic_investigacion_ETL.prepare_group_lac_data manual__2023-06-01T01:12:24.758736+00:00 [queued]>
[2023-06-01 01:12:26,743] {taskinstance.py:1179} INFO - Dependencies all met for <TaskInstance: vic_investigacion_ETL.prepare_group_lac_data manual__2023-06-01T01:12:24.758736+00:00 [queued]>
[2023-06-01 01:12:26,746] {taskinstance.py:1376} INFO - 
--------------------------------------------------------------------------------
[2023-06-01 01:12:26,750] {taskinstance.py:1377} INFO - Starting attempt 1 of 1
[2023-06-01 01:12:26,755] {taskinstance.py:1378} INFO - 
--------------------------------------------------------------------------------
[2023-06-01 01:12:26,772] {taskinstance.py:1397} INFO - Executing <Task(PrepareGroupLacData): prepare_group_lac_data> on 2023-06-01 01:12:24.758736+00:00
[2023-06-01 01:12:26,781] {standard_task_runner.py:52} INFO - Started process 2167 to run task
[2023-06-01 01:12:26,792] {standard_task_runner.py:79} INFO - Running: ['***', 'tasks', 'run', 'vic_investigacion_ETL', 'prepare_group_lac_data', 'manual__2023-06-01T01:12:24.758736+00:00', '--job-id', '120', '--raw', '--subdir', 'DAGS_FOLDER/vic_investigacion_dag.py', '--cfg-path', '/tmp/tmpvvb1pmzy', '--error-file', '/tmp/tmptjxl06b2']
[2023-06-01 01:12:26,798] {standard_task_runner.py:80} INFO - Job 120: Subtask prepare_group_lac_data
[2023-06-01 01:12:26,932] {task_command.py:371} INFO - Running <TaskInstance: vic_investigacion_ETL.prepare_group_lac_data manual__2023-06-01T01:12:24.758736+00:00 [running]> on host 5d9ccb732815
[2023-06-01 01:12:27,047] {taskinstance.py:1591} INFO - Exporting the following env vars:
AIRFLOW_CTX_DAG_OWNER=***
AIRFLOW_CTX_DAG_ID=vic_investigacion_ETL
AIRFLOW_CTX_TASK_ID=prepare_group_lac_data
AIRFLOW_CTX_EXECUTION_DATE=2023-06-01T01:12:24.758736+00:00
AIRFLOW_CTX_TRY_NUMBER=1
AIRFLOW_CTX_DAG_RUN_ID=manual__2023-06-01T01:12:24.758736+00:00
[2023-06-01 01:12:27,053] {logging_mixin.py:115} INFO - Preparing group lac Data
[2023-06-01 01:12:27,075] {taskinstance.py:1420} INFO - Marking task as SUCCESS. dag_id=vic_investigacion_ETL, task_id=prepare_group_lac_data, execution_date=20230601T011224, start_date=20230601T011226, end_date=20230601T011227
[2023-06-01 01:12:27,133] {local_task_job.py:156} INFO - Task exited with return code 0
[2023-06-01 01:12:27,177] {local_task_job.py:273} INFO - 0 downstream tasks scheduled from follow-on schedule check
