[2023-04-24 20:29:29,752] {taskinstance.py:1179} INFO - Dependencies all met for <TaskInstance: vic_investigacion_ETL.get_group_lac_data manual__2023-04-24T20:29:27.815112+00:00 [queued]>
[2023-04-24 20:29:29,759] {taskinstance.py:1179} INFO - Dependencies all met for <TaskInstance: vic_investigacion_ETL.get_group_lac_data manual__2023-04-24T20:29:27.815112+00:00 [queued]>
[2023-04-24 20:29:29,760] {taskinstance.py:1376} INFO - 
--------------------------------------------------------------------------------
[2023-04-24 20:29:29,760] {taskinstance.py:1377} INFO - Starting attempt 1 of 1
[2023-04-24 20:29:29,761] {taskinstance.py:1378} INFO - 
--------------------------------------------------------------------------------
[2023-04-24 20:29:29,773] {taskinstance.py:1397} INFO - Executing <Task(ReadGroupLAC): get_group_lac_data> on 2023-04-24 20:29:27.815112+00:00
[2023-04-24 20:29:29,782] {standard_task_runner.py:52} INFO - Started process 12193 to run task
[2023-04-24 20:29:29,787] {standard_task_runner.py:79} INFO - Running: ['***', 'tasks', 'run', 'vic_investigacion_ETL', 'get_group_lac_data', 'manual__2023-04-24T20:29:27.815112+00:00', '--job-id', '433', '--raw', '--subdir', 'DAGS_FOLDER/vic_investigacion_dag.py', '--cfg-path', '/tmp/tmp2yayoc1h', '--error-file', '/tmp/tmpsxz749qt']
[2023-04-24 20:29:29,789] {standard_task_runner.py:80} INFO - Job 433: Subtask get_group_lac_data
[2023-04-24 20:29:29,891] {task_command.py:371} INFO - Running <TaskInstance: vic_investigacion_ETL.get_group_lac_data manual__2023-04-24T20:29:27.815112+00:00 [running]> on host b136a0a45498
[2023-04-24 20:29:30,000] {taskinstance.py:1591} INFO - Exporting the following env vars:
AIRFLOW_CTX_DAG_OWNER=***
AIRFLOW_CTX_DAG_ID=vic_investigacion_ETL
AIRFLOW_CTX_TASK_ID=get_group_lac_data
AIRFLOW_CTX_EXECUTION_DATE=2023-04-24T20:29:27.815112+00:00
AIRFLOW_CTX_TRY_NUMBER=1
AIRFLOW_CTX_DAG_RUN_ID=manual__2023-04-24T20:29:27.815112+00:00
[2023-04-24 20:29:30,005] {logging_mixin.py:115} INFO - Getting Group LAC Data
[2023-04-24 20:29:30,460] {taskinstance.py:1420} INFO - Marking task as SUCCESS. dag_id=vic_investigacion_ETL, task_id=get_group_lac_data, execution_date=20230424T202927, start_date=20230424T202929, end_date=20230424T202930
[2023-04-24 20:29:30,528] {local_task_job.py:156} INFO - Task exited with return code 0
