[2023-06-26 12:24:45,205] {taskinstance.py:1179} INFO - Dependencies all met for <TaskInstance: vic_investigacion_ETL.get_repositorio_inst manual__2023-06-26T12:24:44.318837+00:00 [queued]>
[2023-06-26 12:24:45,211] {taskinstance.py:1179} INFO - Dependencies all met for <TaskInstance: vic_investigacion_ETL.get_repositorio_inst manual__2023-06-26T12:24:44.318837+00:00 [queued]>
[2023-06-26 12:24:45,212] {taskinstance.py:1376} INFO - 
--------------------------------------------------------------------------------
[2023-06-26 12:24:45,213] {taskinstance.py:1377} INFO - Starting attempt 1 of 1
[2023-06-26 12:24:45,213] {taskinstance.py:1378} INFO - 
--------------------------------------------------------------------------------
[2023-06-26 12:24:45,221] {taskinstance.py:1397} INFO - Executing <Task(ReadRepositorioInstitucional): get_repositorio_inst> on 2023-06-26 12:24:44.318837+00:00
[2023-06-26 12:24:45,225] {standard_task_runner.py:52} INFO - Started process 2277 to run task
[2023-06-26 12:24:45,229] {standard_task_runner.py:79} INFO - Running: ['***', 'tasks', 'run', 'vic_investigacion_ETL', 'get_repositorio_inst', 'manual__2023-06-26T12:24:44.318837+00:00', '--job-id', '9', '--raw', '--subdir', 'DAGS_FOLDER/vic_investigacion_dag.py', '--cfg-path', '/tmp/tmpv7_sb4k0', '--error-file', '/tmp/tmpjt2xkdvd']
[2023-06-26 12:24:45,231] {standard_task_runner.py:80} INFO - Job 9: Subtask get_repositorio_inst
[2023-06-26 12:24:45,284] {task_command.py:371} INFO - Running <TaskInstance: vic_investigacion_ETL.get_repositorio_inst manual__2023-06-26T12:24:44.318837+00:00 [running]> on host ce13f1e72365
[2023-06-26 12:24:45,329] {taskinstance.py:1591} INFO - Exporting the following env vars:
AIRFLOW_CTX_DAG_OWNER=***
AIRFLOW_CTX_DAG_ID=vic_investigacion_ETL
AIRFLOW_CTX_TASK_ID=get_repositorio_inst
AIRFLOW_CTX_EXECUTION_DATE=2023-06-26T12:24:44.318837+00:00
AIRFLOW_CTX_TRY_NUMBER=1
AIRFLOW_CTX_DAG_RUN_ID=manual__2023-06-26T12:24:44.318837+00:00
[2023-06-26 12:24:45,331] {logging_mixin.py:115} INFO - Getting Repositorio Institucional
[2023-06-26 12:24:45,341] {taskinstance.py:1420} INFO - Marking task as SUCCESS. dag_id=vic_investigacion_ETL, task_id=get_repositorio_inst, execution_date=20230626T122444, start_date=20230626T122445, end_date=20230626T122445
[2023-06-26 12:24:45,365] {local_task_job.py:156} INFO - Task exited with return code 0
