[2023-08-05 13:58:48,434] {processor.py:153} INFO - Started process (PID=52) to work on /opt/airflow/dags/prepare_proyectos_operator.py
[2023-08-05 13:58:48,438] {processor.py:641} INFO - Processing file /opt/airflow/dags/prepare_proyectos_operator.py for tasks to queue
[2023-08-05 13:58:48,441] {logging_mixin.py:115} INFO - [2023-08-05 13:58:48,441] {dagbag.py:508} INFO - Filling up the DagBag from /opt/airflow/dags/prepare_proyectos_operator.py
[2023-08-05 13:58:48,688] {processor.py:653} WARNING - No viable dags retrieved from /opt/airflow/dags/prepare_proyectos_operator.py
[2023-08-05 13:58:48,709] {processor.py:161} INFO - Processing /opt/airflow/dags/prepare_proyectos_operator.py took 0.277 seconds
[2023-08-05 13:59:19,357] {processor.py:153} INFO - Started process (PID=109) to work on /opt/airflow/dags/prepare_proyectos_operator.py
[2023-08-05 13:59:19,360] {processor.py:641} INFO - Processing file /opt/airflow/dags/prepare_proyectos_operator.py for tasks to queue
[2023-08-05 13:59:19,362] {logging_mixin.py:115} INFO - [2023-08-05 13:59:19,362] {dagbag.py:508} INFO - Filling up the DagBag from /opt/airflow/dags/prepare_proyectos_operator.py
[2023-08-05 13:59:19,666] {processor.py:653} WARNING - No viable dags retrieved from /opt/airflow/dags/prepare_proyectos_operator.py
[2023-08-05 13:59:19,724] {processor.py:161} INFO - Processing /opt/airflow/dags/prepare_proyectos_operator.py took 0.369 seconds
[2023-08-05 13:59:49,910] {processor.py:153} INFO - Started process (PID=169) to work on /opt/airflow/dags/prepare_proyectos_operator.py
[2023-08-05 13:59:49,911] {processor.py:641} INFO - Processing file /opt/airflow/dags/prepare_proyectos_operator.py for tasks to queue
[2023-08-05 13:59:49,912] {logging_mixin.py:115} INFO - [2023-08-05 13:59:49,912] {dagbag.py:508} INFO - Filling up the DagBag from /opt/airflow/dags/prepare_proyectos_operator.py
[2023-08-05 13:59:50,133] {processor.py:653} WARNING - No viable dags retrieved from /opt/airflow/dags/prepare_proyectos_operator.py
[2023-08-05 13:59:50,156] {processor.py:161} INFO - Processing /opt/airflow/dags/prepare_proyectos_operator.py took 0.249 seconds
[2023-08-05 14:00:20,409] {processor.py:153} INFO - Started process (PID=228) to work on /opt/airflow/dags/prepare_proyectos_operator.py
[2023-08-05 14:00:20,410] {processor.py:641} INFO - Processing file /opt/airflow/dags/prepare_proyectos_operator.py for tasks to queue
[2023-08-05 14:00:20,411] {logging_mixin.py:115} INFO - [2023-08-05 14:00:20,411] {dagbag.py:508} INFO - Filling up the DagBag from /opt/airflow/dags/prepare_proyectos_operator.py
[2023-08-05 14:00:20,625] {processor.py:653} WARNING - No viable dags retrieved from /opt/airflow/dags/prepare_proyectos_operator.py
[2023-08-05 14:00:20,636] {processor.py:161} INFO - Processing /opt/airflow/dags/prepare_proyectos_operator.py took 0.229 seconds
[2023-08-05 14:00:51,106] {processor.py:153} INFO - Started process (PID=286) to work on /opt/airflow/dags/prepare_proyectos_operator.py
[2023-08-05 14:00:51,107] {processor.py:641} INFO - Processing file /opt/airflow/dags/prepare_proyectos_operator.py for tasks to queue
[2023-08-05 14:00:51,107] {logging_mixin.py:115} INFO - [2023-08-05 14:00:51,107] {dagbag.py:508} INFO - Filling up the DagBag from /opt/airflow/dags/prepare_proyectos_operator.py
[2023-08-05 14:00:51,312] {processor.py:653} WARNING - No viable dags retrieved from /opt/airflow/dags/prepare_proyectos_operator.py
[2023-08-05 14:00:51,322] {processor.py:161} INFO - Processing /opt/airflow/dags/prepare_proyectos_operator.py took 0.219 seconds
[2023-08-05 14:01:22,649] {processor.py:153} INFO - Started process (PID=345) to work on /opt/airflow/dags/prepare_proyectos_operator.py
[2023-08-05 14:01:22,650] {processor.py:641} INFO - Processing file /opt/airflow/dags/prepare_proyectos_operator.py for tasks to queue
[2023-08-05 14:01:22,651] {logging_mixin.py:115} INFO - [2023-08-05 14:01:22,651] {dagbag.py:508} INFO - Filling up the DagBag from /opt/airflow/dags/prepare_proyectos_operator.py
[2023-08-05 14:01:22,950] {processor.py:653} WARNING - No viable dags retrieved from /opt/airflow/dags/prepare_proyectos_operator.py
[2023-08-05 14:01:22,967] {processor.py:161} INFO - Processing /opt/airflow/dags/prepare_proyectos_operator.py took 0.321 seconds
[2023-08-05 14:01:53,630] {processor.py:153} INFO - Started process (PID=394) to work on /opt/airflow/dags/prepare_proyectos_operator.py
[2023-08-05 14:01:53,631] {processor.py:641} INFO - Processing file /opt/airflow/dags/prepare_proyectos_operator.py for tasks to queue
[2023-08-05 14:01:53,632] {logging_mixin.py:115} INFO - [2023-08-05 14:01:53,632] {dagbag.py:508} INFO - Filling up the DagBag from /opt/airflow/dags/prepare_proyectos_operator.py
[2023-08-05 14:01:53,889] {processor.py:653} WARNING - No viable dags retrieved from /opt/airflow/dags/prepare_proyectos_operator.py
[2023-08-05 14:01:53,902] {processor.py:161} INFO - Processing /opt/airflow/dags/prepare_proyectos_operator.py took 0.275 seconds
[2023-08-05 14:02:24,624] {processor.py:153} INFO - Started process (PID=453) to work on /opt/airflow/dags/prepare_proyectos_operator.py
[2023-08-05 14:02:24,626] {processor.py:641} INFO - Processing file /opt/airflow/dags/prepare_proyectos_operator.py for tasks to queue
[2023-08-05 14:02:24,626] {logging_mixin.py:115} INFO - [2023-08-05 14:02:24,626] {dagbag.py:508} INFO - Filling up the DagBag from /opt/airflow/dags/prepare_proyectos_operator.py
[2023-08-05 14:02:24,859] {processor.py:653} WARNING - No viable dags retrieved from /opt/airflow/dags/prepare_proyectos_operator.py
[2023-08-05 14:02:24,870] {processor.py:161} INFO - Processing /opt/airflow/dags/prepare_proyectos_operator.py took 0.248 seconds
[2023-08-05 14:02:55,315] {processor.py:153} INFO - Started process (PID=512) to work on /opt/airflow/dags/prepare_proyectos_operator.py
[2023-08-05 14:02:55,316] {processor.py:641} INFO - Processing file /opt/airflow/dags/prepare_proyectos_operator.py for tasks to queue
[2023-08-05 14:02:55,317] {logging_mixin.py:115} INFO - [2023-08-05 14:02:55,317] {dagbag.py:508} INFO - Filling up the DagBag from /opt/airflow/dags/prepare_proyectos_operator.py
[2023-08-05 14:02:55,550] {processor.py:653} WARNING - No viable dags retrieved from /opt/airflow/dags/prepare_proyectos_operator.py
[2023-08-05 14:02:55,562] {processor.py:161} INFO - Processing /opt/airflow/dags/prepare_proyectos_operator.py took 0.251 seconds
[2023-08-05 14:03:25,799] {processor.py:153} INFO - Started process (PID=572) to work on /opt/airflow/dags/prepare_proyectos_operator.py
[2023-08-05 14:03:25,800] {processor.py:641} INFO - Processing file /opt/airflow/dags/prepare_proyectos_operator.py for tasks to queue
[2023-08-05 14:03:25,800] {logging_mixin.py:115} INFO - [2023-08-05 14:03:25,800] {dagbag.py:508} INFO - Filling up the DagBag from /opt/airflow/dags/prepare_proyectos_operator.py
[2023-08-05 14:03:26,040] {processor.py:653} WARNING - No viable dags retrieved from /opt/airflow/dags/prepare_proyectos_operator.py
[2023-08-05 14:03:26,052] {processor.py:161} INFO - Processing /opt/airflow/dags/prepare_proyectos_operator.py took 0.256 seconds
[2023-08-05 14:03:56,628] {processor.py:153} INFO - Started process (PID=631) to work on /opt/airflow/dags/prepare_proyectos_operator.py
[2023-08-05 14:03:56,629] {processor.py:641} INFO - Processing file /opt/airflow/dags/prepare_proyectos_operator.py for tasks to queue
[2023-08-05 14:03:56,630] {logging_mixin.py:115} INFO - [2023-08-05 14:03:56,630] {dagbag.py:508} INFO - Filling up the DagBag from /opt/airflow/dags/prepare_proyectos_operator.py
[2023-08-05 14:03:56,898] {processor.py:653} WARNING - No viable dags retrieved from /opt/airflow/dags/prepare_proyectos_operator.py
[2023-08-05 14:03:56,921] {processor.py:161} INFO - Processing /opt/airflow/dags/prepare_proyectos_operator.py took 0.296 seconds
[2023-08-05 14:04:27,204] {processor.py:153} INFO - Started process (PID=681) to work on /opt/airflow/dags/prepare_proyectos_operator.py
[2023-08-05 14:04:27,205] {processor.py:641} INFO - Processing file /opt/airflow/dags/prepare_proyectos_operator.py for tasks to queue
[2023-08-05 14:04:27,206] {logging_mixin.py:115} INFO - [2023-08-05 14:04:27,206] {dagbag.py:508} INFO - Filling up the DagBag from /opt/airflow/dags/prepare_proyectos_operator.py
[2023-08-05 14:04:27,477] {processor.py:653} WARNING - No viable dags retrieved from /opt/airflow/dags/prepare_proyectos_operator.py
[2023-08-05 14:04:27,494] {processor.py:161} INFO - Processing /opt/airflow/dags/prepare_proyectos_operator.py took 0.292 seconds
[2023-08-05 14:04:58,516] {processor.py:153} INFO - Started process (PID=739) to work on /opt/airflow/dags/prepare_proyectos_operator.py
[2023-08-05 14:04:58,517] {processor.py:641} INFO - Processing file /opt/airflow/dags/prepare_proyectos_operator.py for tasks to queue
[2023-08-05 14:04:58,518] {logging_mixin.py:115} INFO - [2023-08-05 14:04:58,518] {dagbag.py:508} INFO - Filling up the DagBag from /opt/airflow/dags/prepare_proyectos_operator.py
[2023-08-05 14:04:58,828] {processor.py:653} WARNING - No viable dags retrieved from /opt/airflow/dags/prepare_proyectos_operator.py
[2023-08-05 14:04:58,847] {processor.py:161} INFO - Processing /opt/airflow/dags/prepare_proyectos_operator.py took 0.335 seconds
[2023-08-05 14:05:29,113] {processor.py:153} INFO - Started process (PID=797) to work on /opt/airflow/dags/prepare_proyectos_operator.py
[2023-08-05 14:05:29,114] {processor.py:641} INFO - Processing file /opt/airflow/dags/prepare_proyectos_operator.py for tasks to queue
[2023-08-05 14:05:29,115] {logging_mixin.py:115} INFO - [2023-08-05 14:05:29,115] {dagbag.py:508} INFO - Filling up the DagBag from /opt/airflow/dags/prepare_proyectos_operator.py
[2023-08-05 14:05:29,346] {processor.py:653} WARNING - No viable dags retrieved from /opt/airflow/dags/prepare_proyectos_operator.py
[2023-08-05 14:05:29,357] {processor.py:161} INFO - Processing /opt/airflow/dags/prepare_proyectos_operator.py took 0.247 seconds
[2023-08-05 14:05:59,900] {processor.py:153} INFO - Started process (PID=857) to work on /opt/airflow/dags/prepare_proyectos_operator.py
[2023-08-05 14:05:59,901] {processor.py:641} INFO - Processing file /opt/airflow/dags/prepare_proyectos_operator.py for tasks to queue
[2023-08-05 14:05:59,902] {logging_mixin.py:115} INFO - [2023-08-05 14:05:59,902] {dagbag.py:508} INFO - Filling up the DagBag from /opt/airflow/dags/prepare_proyectos_operator.py
[2023-08-05 14:06:00,139] {processor.py:653} WARNING - No viable dags retrieved from /opt/airflow/dags/prepare_proyectos_operator.py
[2023-08-05 14:06:00,151] {processor.py:161} INFO - Processing /opt/airflow/dags/prepare_proyectos_operator.py took 0.253 seconds
[2023-08-05 14:06:30,355] {processor.py:153} INFO - Started process (PID=915) to work on /opt/airflow/dags/prepare_proyectos_operator.py
[2023-08-05 14:06:30,356] {processor.py:641} INFO - Processing file /opt/airflow/dags/prepare_proyectos_operator.py for tasks to queue
[2023-08-05 14:06:30,357] {logging_mixin.py:115} INFO - [2023-08-05 14:06:30,357] {dagbag.py:508} INFO - Filling up the DagBag from /opt/airflow/dags/prepare_proyectos_operator.py
[2023-08-05 14:06:30,564] {processor.py:653} WARNING - No viable dags retrieved from /opt/airflow/dags/prepare_proyectos_operator.py
[2023-08-05 14:06:30,575] {processor.py:161} INFO - Processing /opt/airflow/dags/prepare_proyectos_operator.py took 0.223 seconds
[2023-08-05 14:07:00,909] {processor.py:153} INFO - Started process (PID=972) to work on /opt/airflow/dags/prepare_proyectos_operator.py
[2023-08-05 14:07:00,910] {processor.py:641} INFO - Processing file /opt/airflow/dags/prepare_proyectos_operator.py for tasks to queue
[2023-08-05 14:07:00,911] {logging_mixin.py:115} INFO - [2023-08-05 14:07:00,911] {dagbag.py:508} INFO - Filling up the DagBag from /opt/airflow/dags/prepare_proyectos_operator.py
[2023-08-05 14:07:01,121] {processor.py:653} WARNING - No viable dags retrieved from /opt/airflow/dags/prepare_proyectos_operator.py
[2023-08-05 14:07:01,131] {processor.py:161} INFO - Processing /opt/airflow/dags/prepare_proyectos_operator.py took 0.225 seconds
[2023-08-05 14:07:31,607] {processor.py:153} INFO - Started process (PID=1024) to work on /opt/airflow/dags/prepare_proyectos_operator.py
[2023-08-05 14:07:31,615] {processor.py:641} INFO - Processing file /opt/airflow/dags/prepare_proyectos_operator.py for tasks to queue
[2023-08-05 14:07:31,616] {logging_mixin.py:115} INFO - [2023-08-05 14:07:31,616] {dagbag.py:508} INFO - Filling up the DagBag from /opt/airflow/dags/prepare_proyectos_operator.py
[2023-08-05 14:07:31,835] {processor.py:653} WARNING - No viable dags retrieved from /opt/airflow/dags/prepare_proyectos_operator.py
[2023-08-05 14:07:31,846] {processor.py:161} INFO - Processing /opt/airflow/dags/prepare_proyectos_operator.py took 0.242 seconds
[2023-08-05 14:08:02,868] {processor.py:153} INFO - Started process (PID=1083) to work on /opt/airflow/dags/prepare_proyectos_operator.py
[2023-08-05 14:08:02,869] {processor.py:641} INFO - Processing file /opt/airflow/dags/prepare_proyectos_operator.py for tasks to queue
[2023-08-05 14:08:02,870] {logging_mixin.py:115} INFO - [2023-08-05 14:08:02,870] {dagbag.py:508} INFO - Filling up the DagBag from /opt/airflow/dags/prepare_proyectos_operator.py
[2023-08-05 14:08:03,084] {processor.py:653} WARNING - No viable dags retrieved from /opt/airflow/dags/prepare_proyectos_operator.py
[2023-08-05 14:08:03,095] {processor.py:161} INFO - Processing /opt/airflow/dags/prepare_proyectos_operator.py took 0.229 seconds
[2023-08-05 14:08:33,636] {processor.py:153} INFO - Started process (PID=1143) to work on /opt/airflow/dags/prepare_proyectos_operator.py
[2023-08-05 14:08:33,637] {processor.py:641} INFO - Processing file /opt/airflow/dags/prepare_proyectos_operator.py for tasks to queue
[2023-08-05 14:08:33,638] {logging_mixin.py:115} INFO - [2023-08-05 14:08:33,638] {dagbag.py:508} INFO - Filling up the DagBag from /opt/airflow/dags/prepare_proyectos_operator.py
[2023-08-05 14:08:33,867] {processor.py:653} WARNING - No viable dags retrieved from /opt/airflow/dags/prepare_proyectos_operator.py
[2023-08-05 14:08:33,879] {processor.py:161} INFO - Processing /opt/airflow/dags/prepare_proyectos_operator.py took 0.245 seconds
[2023-08-05 14:09:05,369] {processor.py:153} INFO - Started process (PID=1201) to work on /opt/airflow/dags/prepare_proyectos_operator.py
[2023-08-05 14:09:05,375] {processor.py:641} INFO - Processing file /opt/airflow/dags/prepare_proyectos_operator.py for tasks to queue
[2023-08-05 14:09:05,378] {logging_mixin.py:115} INFO - [2023-08-05 14:09:05,378] {dagbag.py:508} INFO - Filling up the DagBag from /opt/airflow/dags/prepare_proyectos_operator.py
[2023-08-05 14:09:05,614] {processor.py:653} WARNING - No viable dags retrieved from /opt/airflow/dags/prepare_proyectos_operator.py
[2023-08-05 14:09:05,627] {processor.py:161} INFO - Processing /opt/airflow/dags/prepare_proyectos_operator.py took 0.261 seconds
[2023-08-05 14:09:35,789] {processor.py:153} INFO - Started process (PID=1260) to work on /opt/airflow/dags/prepare_proyectos_operator.py
[2023-08-05 14:09:35,790] {processor.py:641} INFO - Processing file /opt/airflow/dags/prepare_proyectos_operator.py for tasks to queue
[2023-08-05 14:09:35,790] {logging_mixin.py:115} INFO - [2023-08-05 14:09:35,790] {dagbag.py:508} INFO - Filling up the DagBag from /opt/airflow/dags/prepare_proyectos_operator.py
[2023-08-05 14:09:36,005] {processor.py:653} WARNING - No viable dags retrieved from /opt/airflow/dags/prepare_proyectos_operator.py
[2023-08-05 14:09:36,018] {processor.py:161} INFO - Processing /opt/airflow/dags/prepare_proyectos_operator.py took 0.233 seconds
[2023-08-05 14:10:06,205] {processor.py:153} INFO - Started process (PID=1308) to work on /opt/airflow/dags/prepare_proyectos_operator.py
[2023-08-05 14:10:06,206] {processor.py:641} INFO - Processing file /opt/airflow/dags/prepare_proyectos_operator.py for tasks to queue
[2023-08-05 14:10:06,207] {logging_mixin.py:115} INFO - [2023-08-05 14:10:06,207] {dagbag.py:508} INFO - Filling up the DagBag from /opt/airflow/dags/prepare_proyectos_operator.py
[2023-08-05 14:10:06,408] {processor.py:653} WARNING - No viable dags retrieved from /opt/airflow/dags/prepare_proyectos_operator.py
[2023-08-05 14:10:06,420] {processor.py:161} INFO - Processing /opt/airflow/dags/prepare_proyectos_operator.py took 0.217 seconds
[2023-08-05 14:10:36,781] {processor.py:153} INFO - Started process (PID=1367) to work on /opt/airflow/dags/prepare_proyectos_operator.py
[2023-08-05 14:10:36,782] {processor.py:641} INFO - Processing file /opt/airflow/dags/prepare_proyectos_operator.py for tasks to queue
[2023-08-05 14:10:36,783] {logging_mixin.py:115} INFO - [2023-08-05 14:10:36,783] {dagbag.py:508} INFO - Filling up the DagBag from /opt/airflow/dags/prepare_proyectos_operator.py
[2023-08-05 14:10:37,008] {processor.py:653} WARNING - No viable dags retrieved from /opt/airflow/dags/prepare_proyectos_operator.py
[2023-08-05 14:10:37,022] {processor.py:161} INFO - Processing /opt/airflow/dags/prepare_proyectos_operator.py took 0.244 seconds
[2023-08-05 14:11:07,445] {processor.py:153} INFO - Started process (PID=1426) to work on /opt/airflow/dags/prepare_proyectos_operator.py
[2023-08-05 14:11:07,446] {processor.py:641} INFO - Processing file /opt/airflow/dags/prepare_proyectos_operator.py for tasks to queue
[2023-08-05 14:11:07,447] {logging_mixin.py:115} INFO - [2023-08-05 14:11:07,447] {dagbag.py:508} INFO - Filling up the DagBag from /opt/airflow/dags/prepare_proyectos_operator.py
[2023-08-05 14:11:07,673] {processor.py:653} WARNING - No viable dags retrieved from /opt/airflow/dags/prepare_proyectos_operator.py
[2023-08-05 14:11:07,686] {processor.py:161} INFO - Processing /opt/airflow/dags/prepare_proyectos_operator.py took 0.244 seconds
