[2023-08-05 13:58:49,961] {processor.py:153} INFO - Started process (PID=71) to work on /opt/airflow/dags/read_scopus_operator.py
[2023-08-05 13:58:49,968] {processor.py:641} INFO - Processing file /opt/airflow/dags/read_scopus_operator.py for tasks to queue
[2023-08-05 13:58:49,969] {logging_mixin.py:115} INFO - [2023-08-05 13:58:49,969] {dagbag.py:508} INFO - Filling up the DagBag from /opt/airflow/dags/read_scopus_operator.py
[2023-08-05 13:58:49,990] {logging_mixin.py:115} INFO - [2023-08-05 13:58:49,986] {log_util.py:40} INFO - Module loaded.
[2023-08-05 13:58:50,320] {logging_mixin.py:115} INFO - [2023-08-05 13:58:50,318] {log_util.py:40} INFO - Module loaded.
[2023-08-05 13:58:50,330] {logging_mixin.py:115} INFO - [2023-08-05 13:58:50,329] {log_util.py:40} INFO - Module loaded.
[2023-08-05 13:58:50,335] {logging_mixin.py:115} INFO - [2023-08-05 13:58:50,334] {log_util.py:40} INFO - Module loaded.
[2023-08-05 13:58:50,342] {logging_mixin.py:115} INFO - [2023-08-05 13:58:50,341] {log_util.py:40} INFO - Module loaded.
[2023-08-05 13:58:50,343] {processor.py:653} WARNING - No viable dags retrieved from /opt/airflow/dags/read_scopus_operator.py
[2023-08-05 13:58:50,357] {processor.py:161} INFO - Processing /opt/airflow/dags/read_scopus_operator.py took 0.404 seconds
[2023-08-05 13:59:21,346] {processor.py:153} INFO - Started process (PID=121) to work on /opt/airflow/dags/read_scopus_operator.py
[2023-08-05 13:59:21,353] {processor.py:641} INFO - Processing file /opt/airflow/dags/read_scopus_operator.py for tasks to queue
[2023-08-05 13:59:21,359] {logging_mixin.py:115} INFO - [2023-08-05 13:59:21,359] {dagbag.py:508} INFO - Filling up the DagBag from /opt/airflow/dags/read_scopus_operator.py
[2023-08-05 13:59:21,409] {logging_mixin.py:115} INFO - [2023-08-05 13:59:21,395] {log_util.py:40} INFO - Module loaded.
[2023-08-05 13:59:21,726] {logging_mixin.py:115} INFO - [2023-08-05 13:59:21,715] {log_util.py:40} INFO - Module loaded.
[2023-08-05 13:59:21,750] {logging_mixin.py:115} INFO - [2023-08-05 13:59:21,743] {log_util.py:40} INFO - Module loaded.
[2023-08-05 13:59:21,772] {logging_mixin.py:115} INFO - [2023-08-05 13:59:21,768] {log_util.py:40} INFO - Module loaded.
[2023-08-05 13:59:21,784] {logging_mixin.py:115} INFO - [2023-08-05 13:59:21,782] {log_util.py:40} INFO - Module loaded.
[2023-08-05 13:59:21,785] {processor.py:653} WARNING - No viable dags retrieved from /opt/airflow/dags/read_scopus_operator.py
[2023-08-05 13:59:21,807] {processor.py:161} INFO - Processing /opt/airflow/dags/read_scopus_operator.py took 0.465 seconds
[2023-08-05 13:59:51,973] {processor.py:153} INFO - Started process (PID=180) to work on /opt/airflow/dags/read_scopus_operator.py
[2023-08-05 13:59:51,974] {processor.py:641} INFO - Processing file /opt/airflow/dags/read_scopus_operator.py for tasks to queue
[2023-08-05 13:59:51,975] {logging_mixin.py:115} INFO - [2023-08-05 13:59:51,975] {dagbag.py:508} INFO - Filling up the DagBag from /opt/airflow/dags/read_scopus_operator.py
[2023-08-05 13:59:51,985] {logging_mixin.py:115} INFO - [2023-08-05 13:59:51,984] {log_util.py:40} INFO - Module loaded.
[2023-08-05 13:59:52,245] {logging_mixin.py:115} INFO - [2023-08-05 13:59:52,244] {log_util.py:40} INFO - Module loaded.
[2023-08-05 13:59:52,249] {logging_mixin.py:115} INFO - [2023-08-05 13:59:52,249] {log_util.py:40} INFO - Module loaded.
[2023-08-05 13:59:52,251] {logging_mixin.py:115} INFO - [2023-08-05 13:59:52,251] {log_util.py:40} INFO - Module loaded.
[2023-08-05 13:59:52,254] {logging_mixin.py:115} INFO - [2023-08-05 13:59:52,254] {log_util.py:40} INFO - Module loaded.
[2023-08-05 13:59:52,255] {processor.py:653} WARNING - No viable dags retrieved from /opt/airflow/dags/read_scopus_operator.py
[2023-08-05 13:59:52,271] {processor.py:161} INFO - Processing /opt/airflow/dags/read_scopus_operator.py took 0.300 seconds
[2023-08-05 14:00:22,443] {processor.py:153} INFO - Started process (PID=239) to work on /opt/airflow/dags/read_scopus_operator.py
[2023-08-05 14:00:22,444] {processor.py:641} INFO - Processing file /opt/airflow/dags/read_scopus_operator.py for tasks to queue
[2023-08-05 14:00:22,445] {logging_mixin.py:115} INFO - [2023-08-05 14:00:22,445] {dagbag.py:508} INFO - Filling up the DagBag from /opt/airflow/dags/read_scopus_operator.py
[2023-08-05 14:00:22,453] {logging_mixin.py:115} INFO - [2023-08-05 14:00:22,452] {log_util.py:40} INFO - Module loaded.
[2023-08-05 14:00:22,672] {logging_mixin.py:115} INFO - [2023-08-05 14:00:22,671] {log_util.py:40} INFO - Module loaded.
[2023-08-05 14:00:22,676] {logging_mixin.py:115} INFO - [2023-08-05 14:00:22,675] {log_util.py:40} INFO - Module loaded.
[2023-08-05 14:00:22,678] {logging_mixin.py:115} INFO - [2023-08-05 14:00:22,677] {log_util.py:40} INFO - Module loaded.
[2023-08-05 14:00:22,680] {logging_mixin.py:115} INFO - [2023-08-05 14:00:22,680] {log_util.py:40} INFO - Module loaded.
[2023-08-05 14:00:22,681] {processor.py:653} WARNING - No viable dags retrieved from /opt/airflow/dags/read_scopus_operator.py
[2023-08-05 14:00:22,690] {processor.py:161} INFO - Processing /opt/airflow/dags/read_scopus_operator.py took 0.250 seconds
[2023-08-05 14:00:52,839] {processor.py:153} INFO - Started process (PID=298) to work on /opt/airflow/dags/read_scopus_operator.py
[2023-08-05 14:00:52,840] {processor.py:641} INFO - Processing file /opt/airflow/dags/read_scopus_operator.py for tasks to queue
[2023-08-05 14:00:52,840] {logging_mixin.py:115} INFO - [2023-08-05 14:00:52,840] {dagbag.py:508} INFO - Filling up the DagBag from /opt/airflow/dags/read_scopus_operator.py
[2023-08-05 14:00:52,846] {logging_mixin.py:115} INFO - [2023-08-05 14:00:52,846] {log_util.py:40} INFO - Module loaded.
[2023-08-05 14:00:53,055] {logging_mixin.py:115} INFO - [2023-08-05 14:00:53,054] {log_util.py:40} INFO - Module loaded.
[2023-08-05 14:00:53,057] {logging_mixin.py:115} INFO - [2023-08-05 14:00:53,056] {log_util.py:40} INFO - Module loaded.
[2023-08-05 14:00:53,059] {logging_mixin.py:115} INFO - [2023-08-05 14:00:53,058] {log_util.py:40} INFO - Module loaded.
[2023-08-05 14:00:53,061] {logging_mixin.py:115} INFO - [2023-08-05 14:00:53,060] {log_util.py:40} INFO - Module loaded.
[2023-08-05 14:00:53,062] {processor.py:653} WARNING - No viable dags retrieved from /opt/airflow/dags/read_scopus_operator.py
[2023-08-05 14:00:53,072] {processor.py:161} INFO - Processing /opt/airflow/dags/read_scopus_operator.py took 0.236 seconds
[2023-08-05 14:01:23,845] {processor.py:153} INFO - Started process (PID=357) to work on /opt/airflow/dags/read_scopus_operator.py
[2023-08-05 14:01:23,846] {processor.py:641} INFO - Processing file /opt/airflow/dags/read_scopus_operator.py for tasks to queue
[2023-08-05 14:01:23,847] {logging_mixin.py:115} INFO - [2023-08-05 14:01:23,847] {dagbag.py:508} INFO - Filling up the DagBag from /opt/airflow/dags/read_scopus_operator.py
[2023-08-05 14:01:23,858] {logging_mixin.py:115} INFO - [2023-08-05 14:01:23,857] {log_util.py:40} INFO - Module loaded.
[2023-08-05 14:01:24,139] {logging_mixin.py:115} INFO - [2023-08-05 14:01:24,138] {log_util.py:40} INFO - Module loaded.
[2023-08-05 14:01:24,142] {logging_mixin.py:115} INFO - [2023-08-05 14:01:24,141] {log_util.py:40} INFO - Module loaded.
[2023-08-05 14:01:24,145] {logging_mixin.py:115} INFO - [2023-08-05 14:01:24,144] {log_util.py:40} INFO - Module loaded.
[2023-08-05 14:01:24,147] {logging_mixin.py:115} INFO - [2023-08-05 14:01:24,147] {log_util.py:40} INFO - Module loaded.
[2023-08-05 14:01:24,148] {processor.py:653} WARNING - No viable dags retrieved from /opt/airflow/dags/read_scopus_operator.py
[2023-08-05 14:01:24,160] {processor.py:161} INFO - Processing /opt/airflow/dags/read_scopus_operator.py took 0.319 seconds
[2023-08-05 14:01:54,744] {processor.py:153} INFO - Started process (PID=416) to work on /opt/airflow/dags/read_scopus_operator.py
[2023-08-05 14:01:54,745] {processor.py:641} INFO - Processing file /opt/airflow/dags/read_scopus_operator.py for tasks to queue
[2023-08-05 14:01:54,747] {logging_mixin.py:115} INFO - [2023-08-05 14:01:54,746] {dagbag.py:508} INFO - Filling up the DagBag from /opt/airflow/dags/read_scopus_operator.py
[2023-08-05 14:01:54,756] {logging_mixin.py:115} INFO - [2023-08-05 14:01:54,755] {log_util.py:40} INFO - Module loaded.
[2023-08-05 14:01:55,019] {logging_mixin.py:115} INFO - [2023-08-05 14:01:55,018] {log_util.py:40} INFO - Module loaded.
[2023-08-05 14:01:55,021] {logging_mixin.py:115} INFO - [2023-08-05 14:01:55,021] {log_util.py:40} INFO - Module loaded.
[2023-08-05 14:01:55,024] {logging_mixin.py:115} INFO - [2023-08-05 14:01:55,023] {log_util.py:40} INFO - Module loaded.
[2023-08-05 14:01:55,026] {logging_mixin.py:115} INFO - [2023-08-05 14:01:55,026] {log_util.py:40} INFO - Module loaded.
[2023-08-05 14:01:55,027] {processor.py:653} WARNING - No viable dags retrieved from /opt/airflow/dags/read_scopus_operator.py
[2023-08-05 14:01:55,038] {processor.py:161} INFO - Processing /opt/airflow/dags/read_scopus_operator.py took 0.297 seconds
[2023-08-05 14:02:25,522] {processor.py:153} INFO - Started process (PID=466) to work on /opt/airflow/dags/read_scopus_operator.py
[2023-08-05 14:02:25,523] {processor.py:641} INFO - Processing file /opt/airflow/dags/read_scopus_operator.py for tasks to queue
[2023-08-05 14:02:25,524] {logging_mixin.py:115} INFO - [2023-08-05 14:02:25,524] {dagbag.py:508} INFO - Filling up the DagBag from /opt/airflow/dags/read_scopus_operator.py
[2023-08-05 14:02:25,531] {logging_mixin.py:115} INFO - [2023-08-05 14:02:25,530] {log_util.py:40} INFO - Module loaded.
[2023-08-05 14:02:25,745] {logging_mixin.py:115} INFO - [2023-08-05 14:02:25,744] {log_util.py:40} INFO - Module loaded.
[2023-08-05 14:02:25,748] {logging_mixin.py:115} INFO - [2023-08-05 14:02:25,747] {log_util.py:40} INFO - Module loaded.
[2023-08-05 14:02:25,750] {logging_mixin.py:115} INFO - [2023-08-05 14:02:25,750] {log_util.py:40} INFO - Module loaded.
[2023-08-05 14:02:25,753] {logging_mixin.py:115} INFO - [2023-08-05 14:02:25,753] {log_util.py:40} INFO - Module loaded.
[2023-08-05 14:02:25,754] {processor.py:653} WARNING - No viable dags retrieved from /opt/airflow/dags/read_scopus_operator.py
[2023-08-05 14:02:25,766] {processor.py:161} INFO - Processing /opt/airflow/dags/read_scopus_operator.py took 0.246 seconds
[2023-08-05 14:02:56,353] {processor.py:153} INFO - Started process (PID=525) to work on /opt/airflow/dags/read_scopus_operator.py
[2023-08-05 14:02:56,354] {processor.py:641} INFO - Processing file /opt/airflow/dags/read_scopus_operator.py for tasks to queue
[2023-08-05 14:02:56,354] {logging_mixin.py:115} INFO - [2023-08-05 14:02:56,354] {dagbag.py:508} INFO - Filling up the DagBag from /opt/airflow/dags/read_scopus_operator.py
[2023-08-05 14:02:56,361] {logging_mixin.py:115} INFO - [2023-08-05 14:02:56,361] {log_util.py:40} INFO - Module loaded.
[2023-08-05 14:02:56,591] {logging_mixin.py:115} INFO - [2023-08-05 14:02:56,591] {log_util.py:40} INFO - Module loaded.
[2023-08-05 14:02:56,594] {logging_mixin.py:115} INFO - [2023-08-05 14:02:56,594] {log_util.py:40} INFO - Module loaded.
[2023-08-05 14:02:56,596] {logging_mixin.py:115} INFO - [2023-08-05 14:02:56,596] {log_util.py:40} INFO - Module loaded.
[2023-08-05 14:02:56,599] {logging_mixin.py:115} INFO - [2023-08-05 14:02:56,598] {log_util.py:40} INFO - Module loaded.
[2023-08-05 14:02:56,599] {processor.py:653} WARNING - No viable dags retrieved from /opt/airflow/dags/read_scopus_operator.py
[2023-08-05 14:02:56,611] {processor.py:161} INFO - Processing /opt/airflow/dags/read_scopus_operator.py took 0.261 seconds
[2023-08-05 14:03:26,748] {processor.py:153} INFO - Started process (PID=584) to work on /opt/airflow/dags/read_scopus_operator.py
[2023-08-05 14:03:26,749] {processor.py:641} INFO - Processing file /opt/airflow/dags/read_scopus_operator.py for tasks to queue
[2023-08-05 14:03:26,750] {logging_mixin.py:115} INFO - [2023-08-05 14:03:26,750] {dagbag.py:508} INFO - Filling up the DagBag from /opt/airflow/dags/read_scopus_operator.py
[2023-08-05 14:03:26,759] {logging_mixin.py:115} INFO - [2023-08-05 14:03:26,758] {log_util.py:40} INFO - Module loaded.
[2023-08-05 14:03:26,985] {logging_mixin.py:115} INFO - [2023-08-05 14:03:26,984] {log_util.py:40} INFO - Module loaded.
[2023-08-05 14:03:26,987] {logging_mixin.py:115} INFO - [2023-08-05 14:03:26,987] {log_util.py:40} INFO - Module loaded.
[2023-08-05 14:03:26,989] {logging_mixin.py:115} INFO - [2023-08-05 14:03:26,989] {log_util.py:40} INFO - Module loaded.
[2023-08-05 14:03:26,992] {logging_mixin.py:115} INFO - [2023-08-05 14:03:26,991] {log_util.py:40} INFO - Module loaded.
[2023-08-05 14:03:26,992] {processor.py:653} WARNING - No viable dags retrieved from /opt/airflow/dags/read_scopus_operator.py
[2023-08-05 14:03:27,002] {processor.py:161} INFO - Processing /opt/airflow/dags/read_scopus_operator.py took 0.257 seconds
[2023-08-05 14:03:57,978] {processor.py:153} INFO - Started process (PID=643) to work on /opt/airflow/dags/read_scopus_operator.py
[2023-08-05 14:03:57,980] {processor.py:641} INFO - Processing file /opt/airflow/dags/read_scopus_operator.py for tasks to queue
[2023-08-05 14:03:57,982] {logging_mixin.py:115} INFO - [2023-08-05 14:03:57,982] {dagbag.py:508} INFO - Filling up the DagBag from /opt/airflow/dags/read_scopus_operator.py
[2023-08-05 14:03:57,993] {logging_mixin.py:115} INFO - [2023-08-05 14:03:57,992] {log_util.py:40} INFO - Module loaded.
[2023-08-05 14:03:58,371] {logging_mixin.py:115} INFO - [2023-08-05 14:03:58,370] {log_util.py:40} INFO - Module loaded.
[2023-08-05 14:03:58,374] {logging_mixin.py:115} INFO - [2023-08-05 14:03:58,374] {log_util.py:40} INFO - Module loaded.
[2023-08-05 14:03:58,378] {logging_mixin.py:115} INFO - [2023-08-05 14:03:58,377] {log_util.py:40} INFO - Module loaded.
[2023-08-05 14:03:58,380] {logging_mixin.py:115} INFO - [2023-08-05 14:03:58,380] {log_util.py:40} INFO - Module loaded.
[2023-08-05 14:03:58,381] {processor.py:653} WARNING - No viable dags retrieved from /opt/airflow/dags/read_scopus_operator.py
[2023-08-05 14:03:58,395] {processor.py:161} INFO - Processing /opt/airflow/dags/read_scopus_operator.py took 0.420 seconds
[2023-08-05 14:04:28,604] {processor.py:153} INFO - Started process (PID=702) to work on /opt/airflow/dags/read_scopus_operator.py
[2023-08-05 14:04:28,605] {processor.py:641} INFO - Processing file /opt/airflow/dags/read_scopus_operator.py for tasks to queue
[2023-08-05 14:04:28,605] {logging_mixin.py:115} INFO - [2023-08-05 14:04:28,605] {dagbag.py:508} INFO - Filling up the DagBag from /opt/airflow/dags/read_scopus_operator.py
[2023-08-05 14:04:28,612] {logging_mixin.py:115} INFO - [2023-08-05 14:04:28,611] {log_util.py:40} INFO - Module loaded.
[2023-08-05 14:04:28,831] {logging_mixin.py:115} INFO - [2023-08-05 14:04:28,830] {log_util.py:40} INFO - Module loaded.
[2023-08-05 14:04:28,834] {logging_mixin.py:115} INFO - [2023-08-05 14:04:28,833] {log_util.py:40} INFO - Module loaded.
[2023-08-05 14:04:28,836] {logging_mixin.py:115} INFO - [2023-08-05 14:04:28,835] {log_util.py:40} INFO - Module loaded.
[2023-08-05 14:04:28,838] {logging_mixin.py:115} INFO - [2023-08-05 14:04:28,838] {log_util.py:40} INFO - Module loaded.
[2023-08-05 14:04:28,839] {processor.py:653} WARNING - No viable dags retrieved from /opt/airflow/dags/read_scopus_operator.py
[2023-08-05 14:04:28,849] {processor.py:161} INFO - Processing /opt/airflow/dags/read_scopus_operator.py took 0.248 seconds
[2023-08-05 14:04:59,732] {processor.py:153} INFO - Started process (PID=751) to work on /opt/airflow/dags/read_scopus_operator.py
[2023-08-05 14:04:59,733] {processor.py:641} INFO - Processing file /opt/airflow/dags/read_scopus_operator.py for tasks to queue
[2023-08-05 14:04:59,734] {logging_mixin.py:115} INFO - [2023-08-05 14:04:59,734] {dagbag.py:508} INFO - Filling up the DagBag from /opt/airflow/dags/read_scopus_operator.py
[2023-08-05 14:04:59,741] {logging_mixin.py:115} INFO - [2023-08-05 14:04:59,740] {log_util.py:40} INFO - Module loaded.
[2023-08-05 14:05:00,096] {logging_mixin.py:115} INFO - [2023-08-05 14:05:00,095] {log_util.py:40} INFO - Module loaded.
[2023-08-05 14:05:00,099] {logging_mixin.py:115} INFO - [2023-08-05 14:05:00,098] {log_util.py:40} INFO - Module loaded.
[2023-08-05 14:05:00,102] {logging_mixin.py:115} INFO - [2023-08-05 14:05:00,101] {log_util.py:40} INFO - Module loaded.
[2023-08-05 14:05:00,106] {logging_mixin.py:115} INFO - [2023-08-05 14:05:00,105] {log_util.py:40} INFO - Module loaded.
[2023-08-05 14:05:00,107] {processor.py:653} WARNING - No viable dags retrieved from /opt/airflow/dags/read_scopus_operator.py
[2023-08-05 14:05:00,119] {processor.py:161} INFO - Processing /opt/airflow/dags/read_scopus_operator.py took 0.390 seconds
[2023-08-05 14:05:30,226] {processor.py:153} INFO - Started process (PID=809) to work on /opt/airflow/dags/read_scopus_operator.py
[2023-08-05 14:05:30,227] {processor.py:641} INFO - Processing file /opt/airflow/dags/read_scopus_operator.py for tasks to queue
[2023-08-05 14:05:30,228] {logging_mixin.py:115} INFO - [2023-08-05 14:05:30,228] {dagbag.py:508} INFO - Filling up the DagBag from /opt/airflow/dags/read_scopus_operator.py
[2023-08-05 14:05:30,235] {logging_mixin.py:115} INFO - [2023-08-05 14:05:30,234] {log_util.py:40} INFO - Module loaded.
[2023-08-05 14:05:30,444] {logging_mixin.py:115} INFO - [2023-08-05 14:05:30,443] {log_util.py:40} INFO - Module loaded.
[2023-08-05 14:05:30,447] {logging_mixin.py:115} INFO - [2023-08-05 14:05:30,446] {log_util.py:40} INFO - Module loaded.
[2023-08-05 14:05:30,449] {logging_mixin.py:115} INFO - [2023-08-05 14:05:30,448] {log_util.py:40} INFO - Module loaded.
[2023-08-05 14:05:30,451] {logging_mixin.py:115} INFO - [2023-08-05 14:05:30,450] {log_util.py:40} INFO - Module loaded.
[2023-08-05 14:05:30,452] {processor.py:653} WARNING - No viable dags retrieved from /opt/airflow/dags/read_scopus_operator.py
[2023-08-05 14:05:30,462] {processor.py:161} INFO - Processing /opt/airflow/dags/read_scopus_operator.py took 0.238 seconds
[2023-08-05 14:06:00,794] {processor.py:153} INFO - Started process (PID=869) to work on /opt/airflow/dags/read_scopus_operator.py
[2023-08-05 14:06:00,796] {processor.py:641} INFO - Processing file /opt/airflow/dags/read_scopus_operator.py for tasks to queue
[2023-08-05 14:06:00,796] {logging_mixin.py:115} INFO - [2023-08-05 14:06:00,796] {dagbag.py:508} INFO - Filling up the DagBag from /opt/airflow/dags/read_scopus_operator.py
[2023-08-05 14:06:00,803] {logging_mixin.py:115} INFO - [2023-08-05 14:06:00,802] {log_util.py:40} INFO - Module loaded.
[2023-08-05 14:06:01,035] {logging_mixin.py:115} INFO - [2023-08-05 14:06:01,034] {log_util.py:40} INFO - Module loaded.
[2023-08-05 14:06:01,038] {logging_mixin.py:115} INFO - [2023-08-05 14:06:01,038] {log_util.py:40} INFO - Module loaded.
[2023-08-05 14:06:01,041] {logging_mixin.py:115} INFO - [2023-08-05 14:06:01,041] {log_util.py:40} INFO - Module loaded.
[2023-08-05 14:06:01,044] {logging_mixin.py:115} INFO - [2023-08-05 14:06:01,043] {log_util.py:40} INFO - Module loaded.
[2023-08-05 14:06:01,044] {processor.py:653} WARNING - No viable dags retrieved from /opt/airflow/dags/read_scopus_operator.py
[2023-08-05 14:06:01,055] {processor.py:161} INFO - Processing /opt/airflow/dags/read_scopus_operator.py took 0.263 seconds
[2023-08-05 14:06:31,160] {processor.py:153} INFO - Started process (PID=927) to work on /opt/airflow/dags/read_scopus_operator.py
[2023-08-05 14:06:31,161] {processor.py:641} INFO - Processing file /opt/airflow/dags/read_scopus_operator.py for tasks to queue
[2023-08-05 14:06:31,162] {logging_mixin.py:115} INFO - [2023-08-05 14:06:31,162] {dagbag.py:508} INFO - Filling up the DagBag from /opt/airflow/dags/read_scopus_operator.py
[2023-08-05 14:06:31,169] {logging_mixin.py:115} INFO - [2023-08-05 14:06:31,168] {log_util.py:40} INFO - Module loaded.
[2023-08-05 14:06:31,370] {logging_mixin.py:115} INFO - [2023-08-05 14:06:31,369] {log_util.py:40} INFO - Module loaded.
[2023-08-05 14:06:31,372] {logging_mixin.py:115} INFO - [2023-08-05 14:06:31,371] {log_util.py:40} INFO - Module loaded.
[2023-08-05 14:06:31,374] {logging_mixin.py:115} INFO - [2023-08-05 14:06:31,373] {log_util.py:40} INFO - Module loaded.
[2023-08-05 14:06:31,375] {logging_mixin.py:115} INFO - [2023-08-05 14:06:31,375] {log_util.py:40} INFO - Module loaded.
[2023-08-05 14:06:31,376] {processor.py:653} WARNING - No viable dags retrieved from /opt/airflow/dags/read_scopus_operator.py
[2023-08-05 14:06:31,386] {processor.py:161} INFO - Processing /opt/airflow/dags/read_scopus_operator.py took 0.229 seconds
[2023-08-05 14:07:01,853] {processor.py:153} INFO - Started process (PID=987) to work on /opt/airflow/dags/read_scopus_operator.py
[2023-08-05 14:07:01,854] {processor.py:641} INFO - Processing file /opt/airflow/dags/read_scopus_operator.py for tasks to queue
[2023-08-05 14:07:01,855] {logging_mixin.py:115} INFO - [2023-08-05 14:07:01,855] {dagbag.py:508} INFO - Filling up the DagBag from /opt/airflow/dags/read_scopus_operator.py
[2023-08-05 14:07:01,861] {logging_mixin.py:115} INFO - [2023-08-05 14:07:01,861] {log_util.py:40} INFO - Module loaded.
[2023-08-05 14:07:02,063] {logging_mixin.py:115} INFO - [2023-08-05 14:07:02,063] {log_util.py:40} INFO - Module loaded.
[2023-08-05 14:07:02,066] {logging_mixin.py:115} INFO - [2023-08-05 14:07:02,065] {log_util.py:40} INFO - Module loaded.
[2023-08-05 14:07:02,068] {logging_mixin.py:115} INFO - [2023-08-05 14:07:02,067] {log_util.py:40} INFO - Module loaded.
[2023-08-05 14:07:02,070] {logging_mixin.py:115} INFO - [2023-08-05 14:07:02,069] {log_util.py:40} INFO - Module loaded.
[2023-08-05 14:07:02,070] {processor.py:653} WARNING - No viable dags retrieved from /opt/airflow/dags/read_scopus_operator.py
[2023-08-05 14:07:02,080] {processor.py:161} INFO - Processing /opt/airflow/dags/read_scopus_operator.py took 0.229 seconds
[2023-08-05 14:07:32,502] {processor.py:153} INFO - Started process (PID=1037) to work on /opt/airflow/dags/read_scopus_operator.py
[2023-08-05 14:07:32,503] {processor.py:641} INFO - Processing file /opt/airflow/dags/read_scopus_operator.py for tasks to queue
[2023-08-05 14:07:32,504] {logging_mixin.py:115} INFO - [2023-08-05 14:07:32,504] {dagbag.py:508} INFO - Filling up the DagBag from /opt/airflow/dags/read_scopus_operator.py
[2023-08-05 14:07:32,511] {logging_mixin.py:115} INFO - [2023-08-05 14:07:32,510] {log_util.py:40} INFO - Module loaded.
[2023-08-05 14:07:32,715] {logging_mixin.py:115} INFO - [2023-08-05 14:07:32,714] {log_util.py:40} INFO - Module loaded.
[2023-08-05 14:07:32,717] {logging_mixin.py:115} INFO - [2023-08-05 14:07:32,717] {log_util.py:40} INFO - Module loaded.
[2023-08-05 14:07:32,721] {logging_mixin.py:115} INFO - [2023-08-05 14:07:32,720] {log_util.py:40} INFO - Module loaded.
[2023-08-05 14:07:32,724] {logging_mixin.py:115} INFO - [2023-08-05 14:07:32,723] {log_util.py:40} INFO - Module loaded.
[2023-08-05 14:07:32,725] {processor.py:653} WARNING - No viable dags retrieved from /opt/airflow/dags/read_scopus_operator.py
[2023-08-05 14:07:32,735] {processor.py:161} INFO - Processing /opt/airflow/dags/read_scopus_operator.py took 0.235 seconds
[2023-08-05 14:08:03,728] {processor.py:153} INFO - Started process (PID=1096) to work on /opt/airflow/dags/read_scopus_operator.py
[2023-08-05 14:08:03,729] {processor.py:641} INFO - Processing file /opt/airflow/dags/read_scopus_operator.py for tasks to queue
[2023-08-05 14:08:03,730] {logging_mixin.py:115} INFO - [2023-08-05 14:08:03,730] {dagbag.py:508} INFO - Filling up the DagBag from /opt/airflow/dags/read_scopus_operator.py
[2023-08-05 14:08:03,737] {logging_mixin.py:115} INFO - [2023-08-05 14:08:03,736] {log_util.py:40} INFO - Module loaded.
[2023-08-05 14:08:03,941] {logging_mixin.py:115} INFO - [2023-08-05 14:08:03,940] {log_util.py:40} INFO - Module loaded.
[2023-08-05 14:08:03,943] {logging_mixin.py:115} INFO - [2023-08-05 14:08:03,943] {log_util.py:40} INFO - Module loaded.
[2023-08-05 14:08:03,945] {logging_mixin.py:115} INFO - [2023-08-05 14:08:03,945] {log_util.py:40} INFO - Module loaded.
[2023-08-05 14:08:03,948] {logging_mixin.py:115} INFO - [2023-08-05 14:08:03,947] {log_util.py:40} INFO - Module loaded.
[2023-08-05 14:08:03,948] {processor.py:653} WARNING - No viable dags retrieved from /opt/airflow/dags/read_scopus_operator.py
[2023-08-05 14:08:03,959] {processor.py:161} INFO - Processing /opt/airflow/dags/read_scopus_operator.py took 0.234 seconds
[2023-08-05 14:08:34,532] {processor.py:153} INFO - Started process (PID=1155) to work on /opt/airflow/dags/read_scopus_operator.py
[2023-08-05 14:08:34,533] {processor.py:641} INFO - Processing file /opt/airflow/dags/read_scopus_operator.py for tasks to queue
[2023-08-05 14:08:34,534] {logging_mixin.py:115} INFO - [2023-08-05 14:08:34,534] {dagbag.py:508} INFO - Filling up the DagBag from /opt/airflow/dags/read_scopus_operator.py
[2023-08-05 14:08:34,540] {logging_mixin.py:115} INFO - [2023-08-05 14:08:34,540] {log_util.py:40} INFO - Module loaded.
[2023-08-05 14:08:34,744] {logging_mixin.py:115} INFO - [2023-08-05 14:08:34,744] {log_util.py:40} INFO - Module loaded.
[2023-08-05 14:08:34,747] {logging_mixin.py:115} INFO - [2023-08-05 14:08:34,746] {log_util.py:40} INFO - Module loaded.
[2023-08-05 14:08:34,749] {logging_mixin.py:115} INFO - [2023-08-05 14:08:34,748] {log_util.py:40} INFO - Module loaded.
[2023-08-05 14:08:34,751] {logging_mixin.py:115} INFO - [2023-08-05 14:08:34,751] {log_util.py:40} INFO - Module loaded.
[2023-08-05 14:08:34,752] {processor.py:653} WARNING - No viable dags retrieved from /opt/airflow/dags/read_scopus_operator.py
[2023-08-05 14:08:34,762] {processor.py:161} INFO - Processing /opt/airflow/dags/read_scopus_operator.py took 0.233 seconds
[2023-08-05 14:09:06,722] {processor.py:153} INFO - Started process (PID=1214) to work on /opt/airflow/dags/read_scopus_operator.py
[2023-08-05 14:09:06,726] {processor.py:641} INFO - Processing file /opt/airflow/dags/read_scopus_operator.py for tasks to queue
[2023-08-05 14:09:06,729] {logging_mixin.py:115} INFO - [2023-08-05 14:09:06,728] {dagbag.py:508} INFO - Filling up the DagBag from /opt/airflow/dags/read_scopus_operator.py
[2023-08-05 14:09:06,747] {logging_mixin.py:115} INFO - [2023-08-05 14:09:06,745] {log_util.py:40} INFO - Module loaded.
[2023-08-05 14:09:07,063] {logging_mixin.py:115} INFO - [2023-08-05 14:09:07,060] {log_util.py:40} INFO - Module loaded.
[2023-08-05 14:09:07,110] {logging_mixin.py:115} INFO - [2023-08-05 14:09:07,098] {log_util.py:40} INFO - Module loaded.
[2023-08-05 14:09:07,123] {logging_mixin.py:115} INFO - [2023-08-05 14:09:07,120] {log_util.py:40} INFO - Module loaded.
[2023-08-05 14:09:07,142] {logging_mixin.py:115} INFO - [2023-08-05 14:09:07,132] {log_util.py:40} INFO - Module loaded.
[2023-08-05 14:09:07,144] {processor.py:653} WARNING - No viable dags retrieved from /opt/airflow/dags/read_scopus_operator.py
[2023-08-05 14:09:07,170] {processor.py:161} INFO - Processing /opt/airflow/dags/read_scopus_operator.py took 0.453 seconds
[2023-08-05 14:09:37,625] {processor.py:153} INFO - Started process (PID=1273) to work on /opt/airflow/dags/read_scopus_operator.py
[2023-08-05 14:09:37,627] {processor.py:641} INFO - Processing file /opt/airflow/dags/read_scopus_operator.py for tasks to queue
[2023-08-05 14:09:37,627] {logging_mixin.py:115} INFO - [2023-08-05 14:09:37,627] {dagbag.py:508} INFO - Filling up the DagBag from /opt/airflow/dags/read_scopus_operator.py
[2023-08-05 14:09:37,635] {logging_mixin.py:115} INFO - [2023-08-05 14:09:37,634] {log_util.py:40} INFO - Module loaded.
[2023-08-05 14:09:37,850] {logging_mixin.py:115} INFO - [2023-08-05 14:09:37,850] {log_util.py:40} INFO - Module loaded.
[2023-08-05 14:09:37,853] {logging_mixin.py:115} INFO - [2023-08-05 14:09:37,853] {log_util.py:40} INFO - Module loaded.
[2023-08-05 14:09:37,856] {logging_mixin.py:115} INFO - [2023-08-05 14:09:37,855] {log_util.py:40} INFO - Module loaded.
[2023-08-05 14:09:37,858] {logging_mixin.py:115} INFO - [2023-08-05 14:09:37,857] {log_util.py:40} INFO - Module loaded.
[2023-08-05 14:09:37,858] {processor.py:653} WARNING - No viable dags retrieved from /opt/airflow/dags/read_scopus_operator.py
[2023-08-05 14:09:37,868] {processor.py:161} INFO - Processing /opt/airflow/dags/read_scopus_operator.py took 0.246 seconds
[2023-08-05 14:10:08,036] {processor.py:153} INFO - Started process (PID=1330) to work on /opt/airflow/dags/read_scopus_operator.py
[2023-08-05 14:10:08,037] {processor.py:641} INFO - Processing file /opt/airflow/dags/read_scopus_operator.py for tasks to queue
[2023-08-05 14:10:08,038] {logging_mixin.py:115} INFO - [2023-08-05 14:10:08,038] {dagbag.py:508} INFO - Filling up the DagBag from /opt/airflow/dags/read_scopus_operator.py
[2023-08-05 14:10:08,044] {logging_mixin.py:115} INFO - [2023-08-05 14:10:08,044] {log_util.py:40} INFO - Module loaded.
[2023-08-05 14:10:08,263] {logging_mixin.py:115} INFO - [2023-08-05 14:10:08,262] {log_util.py:40} INFO - Module loaded.
[2023-08-05 14:10:08,265] {logging_mixin.py:115} INFO - [2023-08-05 14:10:08,265] {log_util.py:40} INFO - Module loaded.
[2023-08-05 14:10:08,267] {logging_mixin.py:115} INFO - [2023-08-05 14:10:08,267] {log_util.py:40} INFO - Module loaded.
[2023-08-05 14:10:08,270] {logging_mixin.py:115} INFO - [2023-08-05 14:10:08,269] {log_util.py:40} INFO - Module loaded.
[2023-08-05 14:10:08,270] {processor.py:653} WARNING - No viable dags retrieved from /opt/airflow/dags/read_scopus_operator.py
[2023-08-05 14:10:08,280] {processor.py:161} INFO - Processing /opt/airflow/dags/read_scopus_operator.py took 0.247 seconds
[2023-08-05 14:10:38,646] {processor.py:153} INFO - Started process (PID=1379) to work on /opt/airflow/dags/read_scopus_operator.py
[2023-08-05 14:10:38,647] {processor.py:641} INFO - Processing file /opt/airflow/dags/read_scopus_operator.py for tasks to queue
[2023-08-05 14:10:38,648] {logging_mixin.py:115} INFO - [2023-08-05 14:10:38,648] {dagbag.py:508} INFO - Filling up the DagBag from /opt/airflow/dags/read_scopus_operator.py
[2023-08-05 14:10:38,654] {logging_mixin.py:115} INFO - [2023-08-05 14:10:38,654] {log_util.py:40} INFO - Module loaded.
[2023-08-05 14:10:38,873] {logging_mixin.py:115} INFO - [2023-08-05 14:10:38,872] {log_util.py:40} INFO - Module loaded.
[2023-08-05 14:10:38,876] {logging_mixin.py:115} INFO - [2023-08-05 14:10:38,875] {log_util.py:40} INFO - Module loaded.
[2023-08-05 14:10:38,878] {logging_mixin.py:115} INFO - [2023-08-05 14:10:38,877] {log_util.py:40} INFO - Module loaded.
[2023-08-05 14:10:38,880] {logging_mixin.py:115} INFO - [2023-08-05 14:10:38,880] {log_util.py:40} INFO - Module loaded.
[2023-08-05 14:10:38,881] {processor.py:653} WARNING - No viable dags retrieved from /opt/airflow/dags/read_scopus_operator.py
[2023-08-05 14:10:38,891] {processor.py:161} INFO - Processing /opt/airflow/dags/read_scopus_operator.py took 0.248 seconds
[2023-08-05 14:11:09,343] {processor.py:153} INFO - Started process (PID=1438) to work on /opt/airflow/dags/read_scopus_operator.py
[2023-08-05 14:11:09,344] {processor.py:641} INFO - Processing file /opt/airflow/dags/read_scopus_operator.py for tasks to queue
[2023-08-05 14:11:09,345] {logging_mixin.py:115} INFO - [2023-08-05 14:11:09,345] {dagbag.py:508} INFO - Filling up the DagBag from /opt/airflow/dags/read_scopus_operator.py
[2023-08-05 14:11:09,352] {logging_mixin.py:115} INFO - [2023-08-05 14:11:09,352] {log_util.py:40} INFO - Module loaded.
[2023-08-05 14:11:09,575] {logging_mixin.py:115} INFO - [2023-08-05 14:11:09,575] {log_util.py:40} INFO - Module loaded.
[2023-08-05 14:11:09,578] {logging_mixin.py:115} INFO - [2023-08-05 14:11:09,577] {log_util.py:40} INFO - Module loaded.
[2023-08-05 14:11:09,580] {logging_mixin.py:115} INFO - [2023-08-05 14:11:09,580] {log_util.py:40} INFO - Module loaded.
[2023-08-05 14:11:09,582] {logging_mixin.py:115} INFO - [2023-08-05 14:11:09,582] {log_util.py:40} INFO - Module loaded.
[2023-08-05 14:11:09,583] {processor.py:653} WARNING - No viable dags retrieved from /opt/airflow/dags/read_scopus_operator.py
[2023-08-05 14:11:09,595] {processor.py:161} INFO - Processing /opt/airflow/dags/read_scopus_operator.py took 0.255 seconds
