[2023-04-17 17:34:23,825] {taskinstance.py:1179} INFO - Dependencies all met for <TaskInstance: vic_investigacion_ETL.get_wos_data manual__2023-04-17T17:34:21.666875+00:00 [queued]>
[2023-04-17 17:34:23,834] {taskinstance.py:1179} INFO - Dependencies all met for <TaskInstance: vic_investigacion_ETL.get_wos_data manual__2023-04-17T17:34:21.666875+00:00 [queued]>
[2023-04-17 17:34:23,835] {taskinstance.py:1376} INFO - 
--------------------------------------------------------------------------------
[2023-04-17 17:34:23,837] {taskinstance.py:1377} INFO - Starting attempt 1 of 1
[2023-04-17 17:34:23,837] {taskinstance.py:1378} INFO - 
--------------------------------------------------------------------------------
[2023-04-17 17:34:23,847] {taskinstance.py:1397} INFO - Executing <Task(PythonOperator): get_wos_data> on 2023-04-17 17:34:21.666875+00:00
[2023-04-17 17:34:23,855] {standard_task_runner.py:52} INFO - Started process 349 to run task
[2023-04-17 17:34:23,861] {standard_task_runner.py:79} INFO - Running: ['***', 'tasks', 'run', 'vic_investigacion_ETL', 'get_wos_data', 'manual__2023-04-17T17:34:21.666875+00:00', '--job-id', '203', '--raw', '--subdir', 'DAGS_FOLDER/vic_investigacion_dag.py', '--cfg-path', '/tmp/tmp12cldnnc', '--error-file', '/tmp/tmpxbqj5pd5']
[2023-04-17 17:34:23,863] {standard_task_runner.py:80} INFO - Job 203: Subtask get_wos_data
[2023-04-17 17:34:23,971] {task_command.py:371} INFO - Running <TaskInstance: vic_investigacion_ETL.get_wos_data manual__2023-04-17T17:34:21.666875+00:00 [running]> on host 6071715564b2
[2023-04-17 17:34:24,038] {taskinstance.py:1591} INFO - Exporting the following env vars:
AIRFLOW_CTX_DAG_OWNER=***
AIRFLOW_CTX_DAG_ID=vic_investigacion_ETL
AIRFLOW_CTX_TASK_ID=get_wos_data
AIRFLOW_CTX_EXECUTION_DATE=2023-04-17T17:34:21.666875+00:00
AIRFLOW_CTX_TRY_NUMBER=1
AIRFLOW_CTX_DAG_RUN_ID=manual__2023-04-17T17:34:21.666875+00:00
[2023-04-17 17:34:24,040] {logging_mixin.py:115} INFO - Getting WOS Data
[2023-04-17 17:34:24,041] {python.py:173} INFO - Done. Returned value was: None
[2023-04-17 17:34:24,054] {taskinstance.py:1420} INFO - Marking task as SUCCESS. dag_id=vic_investigacion_ETL, task_id=get_wos_data, execution_date=20230417T173421, start_date=20230417T173423, end_date=20230417T173424
[2023-04-17 17:34:24,072] {local_task_job.py:156} INFO - Task exited with return code 0
