[2023-06-01 01:21:26,486] {taskinstance.py:1179} INFO - Dependencies all met for <TaskInstance: vic_investigacion_ETL.prepare_group_lac_data manual__2023-06-01T01:21:24.172305+00:00 [queued]>
[2023-06-01 01:21:26,495] {taskinstance.py:1179} INFO - Dependencies all met for <TaskInstance: vic_investigacion_ETL.prepare_group_lac_data manual__2023-06-01T01:21:24.172305+00:00 [queued]>
[2023-06-01 01:21:26,496] {taskinstance.py:1376} INFO - 
--------------------------------------------------------------------------------
[2023-06-01 01:21:26,498] {taskinstance.py:1377} INFO - Starting attempt 1 of 1
[2023-06-01 01:21:26,499] {taskinstance.py:1378} INFO - 
--------------------------------------------------------------------------------
[2023-06-01 01:21:26,515] {taskinstance.py:1397} INFO - Executing <Task(PrepareGroupLacData): prepare_group_lac_data> on 2023-06-01 01:21:24.172305+00:00
[2023-06-01 01:21:26,521] {standard_task_runner.py:52} INFO - Started process 2717 to run task
[2023-06-01 01:21:26,524] {standard_task_runner.py:79} INFO - Running: ['***', 'tasks', 'run', 'vic_investigacion_ETL', 'prepare_group_lac_data', 'manual__2023-06-01T01:21:24.172305+00:00', '--job-id', '157', '--raw', '--subdir', 'DAGS_FOLDER/vic_investigacion_dag.py', '--cfg-path', '/tmp/tmp8n06uv03', '--error-file', '/tmp/tmp6m78xzrx']
[2023-06-01 01:21:26,528] {standard_task_runner.py:80} INFO - Job 157: Subtask prepare_group_lac_data
[2023-06-01 01:21:26,620] {task_command.py:371} INFO - Running <TaskInstance: vic_investigacion_ETL.prepare_group_lac_data manual__2023-06-01T01:21:24.172305+00:00 [running]> on host 5d9ccb732815
[2023-06-01 01:21:26,728] {taskinstance.py:1591} INFO - Exporting the following env vars:
AIRFLOW_CTX_DAG_OWNER=***
AIRFLOW_CTX_DAG_ID=vic_investigacion_ETL
AIRFLOW_CTX_TASK_ID=prepare_group_lac_data
AIRFLOW_CTX_EXECUTION_DATE=2023-06-01T01:21:24.172305+00:00
AIRFLOW_CTX_TRY_NUMBER=1
AIRFLOW_CTX_DAG_RUN_ID=manual__2023-06-01T01:21:24.172305+00:00
[2023-06-01 01:21:26,730] {logging_mixin.py:115} INFO - Preparing group lac Data
[2023-06-01 01:21:26,762] {taskinstance.py:1420} INFO - Marking task as SUCCESS. dag_id=vic_investigacion_ETL, task_id=prepare_group_lac_data, execution_date=20230601T012124, start_date=20230601T012126, end_date=20230601T012126
[2023-06-01 01:21:26,826] {local_task_job.py:156} INFO - Task exited with return code 0
[2023-06-01 01:21:26,863] {local_task_job.py:273} INFO - 0 downstream tasks scheduled from follow-on schedule check
