[2023-07-26 16:34:51,006] {taskinstance.py:1179} INFO - Dependencies all met for <TaskInstance: vic_investigacion_ETL.upload_data_big_query manual__2023-07-26T16:34:21.319792+00:00 [queued]>
[2023-07-26 16:34:51,012] {taskinstance.py:1179} INFO - Dependencies all met for <TaskInstance: vic_investigacion_ETL.upload_data_big_query manual__2023-07-26T16:34:21.319792+00:00 [queued]>
[2023-07-26 16:34:51,012] {taskinstance.py:1376} INFO - 
--------------------------------------------------------------------------------
[2023-07-26 16:34:51,013] {taskinstance.py:1377} INFO - Starting attempt 1 of 1
[2023-07-26 16:34:51,013] {taskinstance.py:1378} INFO - 
--------------------------------------------------------------------------------
[2023-07-26 16:34:51,021] {taskinstance.py:1397} INFO - Executing <Task(ExportData): upload_data_big_query> on 2023-07-26 16:34:21.319792+00:00
[2023-07-26 16:34:51,026] {standard_task_runner.py:52} INFO - Started process 167 to run task
[2023-07-26 16:34:51,031] {standard_task_runner.py:79} INFO - Running: ['***', 'tasks', 'run', 'vic_investigacion_ETL', 'upload_data_big_query', 'manual__2023-07-26T16:34:21.319792+00:00', '--job-id', '104', '--raw', '--subdir', 'DAGS_FOLDER/vic_investigacion_dag.py', '--cfg-path', '/tmp/tmp0q5uep99', '--error-file', '/tmp/tmpajcbrw0w']
[2023-07-26 16:34:51,033] {standard_task_runner.py:80} INFO - Job 104: Subtask upload_data_big_query
[2023-07-26 16:34:51,095] {task_command.py:371} INFO - Running <TaskInstance: vic_investigacion_ETL.upload_data_big_query manual__2023-07-26T16:34:21.319792+00:00 [running]> on host 6c8a51d4a614
[2023-07-26 16:34:51,155] {taskinstance.py:1591} INFO - Exporting the following env vars:
AIRFLOW_CTX_DAG_OWNER=***
AIRFLOW_CTX_DAG_ID=vic_investigacion_ETL
AIRFLOW_CTX_TASK_ID=upload_data_big_query
AIRFLOW_CTX_EXECUTION_DATE=2023-07-26T16:34:21.319792+00:00
AIRFLOW_CTX_TRY_NUMBER=1
AIRFLOW_CTX_DAG_RUN_ID=manual__2023-07-26T16:34:21.319792+00:00
[2023-07-26 16:34:51,157] {logging_mixin.py:115} INFO - Exporting Data
[2023-07-26 16:34:51,159] {logging_mixin.py:115} INFO - 📝File name: journals, File Path: $/opt/***/data/to_upload/journals.csv
[2023-07-26 16:35:04,925] {logging_mixin.py:115} INFO - LoadJob<project=viceinvestigacion, location=US, id=91d6c1a2-f108-4bec-b078-c9b4dd7073b2>
[2023-07-26 16:35:04,929] {logging_mixin.py:115} INFO - 📝File name: produccion_validada, File Path: $/opt/***/data/to_upload/produccion_validada.csv
[2023-07-26 16:35:12,281] {logging_mixin.py:115} INFO - LoadJob<project=viceinvestigacion, location=US, id=5d4339b0-b09d-4d66-8625-db0a38eed36d>
[2023-07-26 16:35:12,282] {logging_mixin.py:115} INFO - 📝File name: profesores_core_data, File Path: $/opt/***/data/to_upload/profesores_core_data.csv
[2023-07-26 16:35:16,207] {logging_mixin.py:115} INFO - LoadJob<project=viceinvestigacion, location=US, id=8b7e9165-5951-4cb7-8c03-f188afa42f9c>
[2023-07-26 16:35:16,213] {logging_mixin.py:115} INFO - 📝File name: profesores_formacion, File Path: $/opt/***/data/to_upload/profesores_formacion.csv
[2023-07-26 16:35:20,342] {logging_mixin.py:115} INFO - LoadJob<project=viceinvestigacion, location=US, id=52d63110-d89f-4856-a161-6a844b9af2d0>
[2023-07-26 16:35:20,343] {logging_mixin.py:115} INFO - 📝File name: profesores_hijos, File Path: $/opt/***/data/to_upload/profesores_hijos.csv
[2023-07-26 16:35:23,488] {logging_mixin.py:115} INFO - LoadJob<project=viceinvestigacion, location=US, id=b044ebdb-c2f4-4ff5-8e9d-6f83f6c8a3f4>
[2023-07-26 16:35:23,494] {logging_mixin.py:115} INFO - 📝File name: profesores_validados, File Path: $/opt/***/data/to_upload/profesores_validados.csv
[2023-07-26 16:35:27,552] {logging_mixin.py:115} INFO - LoadJob<project=viceinvestigacion, location=US, id=d1c1f07c-7908-4077-b38c-bf4edf4daa46>
[2023-07-26 16:35:27,561] {logging_mixin.py:115} INFO - 📝File name: profesores_validados_scopus_ids, File Path: $/opt/***/data/to_upload/profesores_validados_scopus_ids.csv
[2023-07-26 16:35:30,638] {logging_mixin.py:115} INFO - LoadJob<project=viceinvestigacion, location=US, id=79b25b8b-13c8-4363-8701-e33e09031bda>
[2023-07-26 16:35:30,646] {logging_mixin.py:115} INFO - 📝File name: respositorio_inst, File Path: $/opt/***/data/to_upload/respositorio_inst.xlsx
[2023-07-26 16:36:08,372] {logging_mixin.py:115} INFO - LoadJob<project=viceinvestigacion, location=US, id=8e07c069-0d5f-474f-a8c1-a4f8e5c30e61>
[2023-07-26 16:36:08,734] {taskinstance.py:1420} INFO - Marking task as SUCCESS. dag_id=vic_investigacion_ETL, task_id=upload_data_big_query, execution_date=20230726T163421, start_date=20230726T163451, end_date=20230726T163608
[2023-07-26 16:36:08,973] {local_task_job.py:156} INFO - Task exited with return code 0
[2023-07-26 16:36:09,004] {local_task_job.py:273} INFO - 0 downstream tasks scheduled from follow-on schedule check
