[2023-06-28 18:59:01,730] {taskinstance.py:1179} INFO - Dependencies all met for <TaskInstance: vic_investigacion_ETL.upload_data_big_query manual__2023-06-28T18:58:34.453493+00:00 [queued]>
[2023-06-28 18:59:01,736] {taskinstance.py:1179} INFO - Dependencies all met for <TaskInstance: vic_investigacion_ETL.upload_data_big_query manual__2023-06-28T18:58:34.453493+00:00 [queued]>
[2023-06-28 18:59:01,736] {taskinstance.py:1376} INFO - 
--------------------------------------------------------------------------------
[2023-06-28 18:59:01,737] {taskinstance.py:1377} INFO - Starting attempt 1 of 1
[2023-06-28 18:59:01,737] {taskinstance.py:1378} INFO - 
--------------------------------------------------------------------------------
[2023-06-28 18:59:01,744] {taskinstance.py:1397} INFO - Executing <Task(ExportData): upload_data_big_query> on 2023-06-28 18:58:34.453493+00:00
[2023-06-28 18:59:01,749] {standard_task_runner.py:52} INFO - Started process 127 to run task
[2023-06-28 18:59:01,753] {standard_task_runner.py:79} INFO - Running: ['***', 'tasks', 'run', 'vic_investigacion_ETL', 'upload_data_big_query', 'manual__2023-06-28T18:58:34.453493+00:00', '--job-id', '18', '--raw', '--subdir', 'DAGS_FOLDER/vic_investigacion_dag.py', '--cfg-path', '/tmp/tmpfgnpgg6n', '--error-file', '/tmp/tmpsnskk1wq']
[2023-06-28 18:59:01,754] {standard_task_runner.py:80} INFO - Job 18: Subtask upload_data_big_query
[2023-06-28 18:59:01,807] {task_command.py:371} INFO - Running <TaskInstance: vic_investigacion_ETL.upload_data_big_query manual__2023-06-28T18:58:34.453493+00:00 [running]> on host ce13f1e72365
[2023-06-28 18:59:01,854] {taskinstance.py:1591} INFO - Exporting the following env vars:
AIRFLOW_CTX_DAG_OWNER=***
AIRFLOW_CTX_DAG_ID=vic_investigacion_ETL
AIRFLOW_CTX_TASK_ID=upload_data_big_query
AIRFLOW_CTX_EXECUTION_DATE=2023-06-28T18:58:34.453493+00:00
AIRFLOW_CTX_TRY_NUMBER=1
AIRFLOW_CTX_DAG_RUN_ID=manual__2023-06-28T18:58:34.453493+00:00
[2023-06-28 18:59:01,855] {logging_mixin.py:115} INFO - Exporting Data
[2023-06-28 18:59:01,858] {logging_mixin.py:115} INFO - /opt/***/data/to_upload/journals.xlsx
[2023-06-28 18:59:13,429] {logging_mixin.py:115} INFO - LoadJob<project=viceinvestigacion, location=US, id=0e33366b-8c27-4b35-b624-3e44f0c21f23>
[2023-06-28 18:59:13,431] {logging_mixin.py:115} INFO - /opt/***/data/to_upload/respositorio_inst.xlsx
[2023-06-28 18:59:43,198] {logging_mixin.py:115} INFO - LoadJob<project=viceinvestigacion, location=US, id=1cb4b103-b6f9-46f3-b9c2-28e3b0fad177>
[2023-06-28 18:59:43,489] {taskinstance.py:1420} INFO - Marking task as SUCCESS. dag_id=vic_investigacion_ETL, task_id=upload_data_big_query, execution_date=20230628T185834, start_date=20230628T185901, end_date=20230628T185943
[2023-06-28 18:59:43,798] {local_task_job.py:156} INFO - Task exited with return code 0
[2023-06-28 18:59:43,829] {local_task_job.py:273} INFO - 0 downstream tasks scheduled from follow-on schedule check
