[2023-04-24 16:27:45,330] {taskinstance.py:1179} INFO - Dependencies all met for <TaskInstance: vic_investigacion_ETL.prepare_group_lac_data manual__2023-04-24T16:27:41.942112+00:00 [queued]>
[2023-04-24 16:27:45,337] {taskinstance.py:1179} INFO - Dependencies all met for <TaskInstance: vic_investigacion_ETL.prepare_group_lac_data manual__2023-04-24T16:27:41.942112+00:00 [queued]>
[2023-04-24 16:27:45,338] {taskinstance.py:1376} INFO - 
--------------------------------------------------------------------------------
[2023-04-24 16:27:45,339] {taskinstance.py:1377} INFO - Starting attempt 1 of 1
[2023-04-24 16:27:45,339] {taskinstance.py:1378} INFO - 
--------------------------------------------------------------------------------
[2023-04-24 16:27:45,347] {taskinstance.py:1397} INFO - Executing <Task(PrepareGroupLacData): prepare_group_lac_data> on 2023-04-24 16:27:41.942112+00:00
[2023-04-24 16:27:45,352] {standard_task_runner.py:52} INFO - Started process 3185 to run task
[2023-04-24 16:27:45,356] {standard_task_runner.py:79} INFO - Running: ['***', 'tasks', 'run', 'vic_investigacion_ETL', 'prepare_group_lac_data', 'manual__2023-04-24T16:27:41.942112+00:00', '--job-id', '319', '--raw', '--subdir', 'DAGS_FOLDER/vic_investigacion_dag.py', '--cfg-path', '/tmp/tmpjtupbhru', '--error-file', '/tmp/tmpfknd76bg']
[2023-04-24 16:27:45,358] {standard_task_runner.py:80} INFO - Job 319: Subtask prepare_group_lac_data
[2023-04-24 16:27:45,422] {task_command.py:371} INFO - Running <TaskInstance: vic_investigacion_ETL.prepare_group_lac_data manual__2023-04-24T16:27:41.942112+00:00 [running]> on host b136a0a45498
[2023-04-24 16:27:45,475] {taskinstance.py:1591} INFO - Exporting the following env vars:
AIRFLOW_CTX_DAG_OWNER=***
AIRFLOW_CTX_DAG_ID=vic_investigacion_ETL
AIRFLOW_CTX_TASK_ID=prepare_group_lac_data
AIRFLOW_CTX_EXECUTION_DATE=2023-04-24T16:27:41.942112+00:00
AIRFLOW_CTX_TRY_NUMBER=1
AIRFLOW_CTX_DAG_RUN_ID=manual__2023-04-24T16:27:41.942112+00:00
[2023-04-24 16:27:45,477] {logging_mixin.py:115} INFO - Preparing group lac Data
[2023-04-24 16:27:45,500] {taskinstance.py:1420} INFO - Marking task as SUCCESS. dag_id=vic_investigacion_ETL, task_id=prepare_group_lac_data, execution_date=20230424T162741, start_date=20230424T162745, end_date=20230424T162745
[2023-04-24 16:27:45,532] {local_task_job.py:156} INFO - Task exited with return code 0
