[2023-05-31 23:38:00,121] {taskinstance.py:1179} INFO - Dependencies all met for <TaskInstance: vic_investigacion_ETL.prepare_group_lac_data manual__2023-05-31T23:37:58.328607+00:00 [queued]>
[2023-05-31 23:38:00,136] {taskinstance.py:1179} INFO - Dependencies all met for <TaskInstance: vic_investigacion_ETL.prepare_group_lac_data manual__2023-05-31T23:37:58.328607+00:00 [queued]>
[2023-05-31 23:38:00,137] {taskinstance.py:1376} INFO - 
--------------------------------------------------------------------------------
[2023-05-31 23:38:00,138] {taskinstance.py:1377} INFO - Starting attempt 1 of 1
[2023-05-31 23:38:00,141] {taskinstance.py:1378} INFO - 
--------------------------------------------------------------------------------
[2023-05-31 23:38:00,156] {taskinstance.py:1397} INFO - Executing <Task(PrepareGroupLacData): prepare_group_lac_data> on 2023-05-31 23:37:58.328607+00:00
[2023-05-31 23:38:00,162] {standard_task_runner.py:52} INFO - Started process 583 to run task
[2023-05-31 23:38:00,172] {standard_task_runner.py:79} INFO - Running: ['***', 'tasks', 'run', 'vic_investigacion_ETL', 'prepare_group_lac_data', 'manual__2023-05-31T23:37:58.328607+00:00', '--job-id', '16', '--raw', '--subdir', 'DAGS_FOLDER/vic_investigacion_dag.py', '--cfg-path', '/tmp/tmp5b2gnsvz', '--error-file', '/tmp/tmp7om67lg7']
[2023-05-31 23:38:00,178] {standard_task_runner.py:80} INFO - Job 16: Subtask prepare_group_lac_data
[2023-05-31 23:38:00,338] {task_command.py:371} INFO - Running <TaskInstance: vic_investigacion_ETL.prepare_group_lac_data manual__2023-05-31T23:37:58.328607+00:00 [running]> on host 5d9ccb732815
[2023-05-31 23:38:00,450] {taskinstance.py:1591} INFO - Exporting the following env vars:
AIRFLOW_CTX_DAG_OWNER=***
AIRFLOW_CTX_DAG_ID=vic_investigacion_ETL
AIRFLOW_CTX_TASK_ID=prepare_group_lac_data
AIRFLOW_CTX_EXECUTION_DATE=2023-05-31T23:37:58.328607+00:00
AIRFLOW_CTX_TRY_NUMBER=1
AIRFLOW_CTX_DAG_RUN_ID=manual__2023-05-31T23:37:58.328607+00:00
[2023-05-31 23:38:00,453] {logging_mixin.py:115} INFO - Preparing group lac Data
[2023-05-31 23:38:00,508] {taskinstance.py:1420} INFO - Marking task as SUCCESS. dag_id=vic_investigacion_ETL, task_id=prepare_group_lac_data, execution_date=20230531T233758, start_date=20230531T233800, end_date=20230531T233800
[2023-05-31 23:38:00,555] {local_task_job.py:156} INFO - Task exited with return code 0
[2023-05-31 23:38:00,596] {local_task_job.py:273} INFO - 0 downstream tasks scheduled from follow-on schedule check
