[2023-06-01 02:05:59,193] {taskinstance.py:1179} INFO - Dependencies all met for <TaskInstance: vic_investigacion_ETL.get_wos_data manual__2023-06-01T02:05:57.129557+00:00 [queued]>
[2023-06-01 02:05:59,212] {taskinstance.py:1179} INFO - Dependencies all met for <TaskInstance: vic_investigacion_ETL.get_wos_data manual__2023-06-01T02:05:57.129557+00:00 [queued]>
[2023-06-01 02:05:59,215] {taskinstance.py:1376} INFO - 
--------------------------------------------------------------------------------
[2023-06-01 02:05:59,216] {taskinstance.py:1377} INFO - Starting attempt 1 of 1
[2023-06-01 02:05:59,219] {taskinstance.py:1378} INFO - 
--------------------------------------------------------------------------------
[2023-06-01 02:05:59,238] {taskinstance.py:1397} INFO - Executing <Task(ReadWOS): get_wos_data> on 2023-06-01 02:05:57.129557+00:00
[2023-06-01 02:05:59,247] {standard_task_runner.py:52} INFO - Started process 5092 to run task
[2023-06-01 02:05:59,254] {standard_task_runner.py:79} INFO - Running: ['***', 'tasks', 'run', 'vic_investigacion_ETL', 'get_wos_data', 'manual__2023-06-01T02:05:57.129557+00:00', '--job-id', '217', '--raw', '--subdir', 'DAGS_FOLDER/vic_investigacion_dag.py', '--cfg-path', '/tmp/tmp24jcac0r', '--error-file', '/tmp/tmp8_yskvck']
[2023-06-01 02:05:59,257] {standard_task_runner.py:80} INFO - Job 217: Subtask get_wos_data
[2023-06-01 02:05:59,395] {task_command.py:371} INFO - Running <TaskInstance: vic_investigacion_ETL.get_wos_data manual__2023-06-01T02:05:57.129557+00:00 [running]> on host 5d9ccb732815
[2023-06-01 02:05:59,519] {taskinstance.py:1591} INFO - Exporting the following env vars:
AIRFLOW_CTX_DAG_OWNER=***
AIRFLOW_CTX_DAG_ID=vic_investigacion_ETL
AIRFLOW_CTX_TASK_ID=get_wos_data
AIRFLOW_CTX_EXECUTION_DATE=2023-06-01T02:05:57.129557+00:00
AIRFLOW_CTX_TRY_NUMBER=1
AIRFLOW_CTX_DAG_RUN_ID=manual__2023-06-01T02:05:57.129557+00:00
[2023-06-01 02:05:59,524] {logging_mixin.py:115} INFO - Getting WOS Data
[2023-06-01 02:05:59,549] {taskinstance.py:1420} INFO - Marking task as SUCCESS. dag_id=vic_investigacion_ETL, task_id=get_wos_data, execution_date=20230601T020557, start_date=20230601T020559, end_date=20230601T020559
[2023-06-01 02:05:59,590] {local_task_job.py:156} INFO - Task exited with return code 0
[2023-06-01 02:05:59,644] {local_task_job.py:273} INFO - 0 downstream tasks scheduled from follow-on schedule check
