[2023-07-26 17:18:24,139] {taskinstance.py:1179} INFO - Dependencies all met for <TaskInstance: vic_investigacion_ETL.semilleros manual__2023-07-26T17:18:22.074003+00:00 [queued]>
[2023-07-26 17:18:24,152] {taskinstance.py:1179} INFO - Dependencies all met for <TaskInstance: vic_investigacion_ETL.semilleros manual__2023-07-26T17:18:22.074003+00:00 [queued]>
[2023-07-26 17:18:24,153] {taskinstance.py:1376} INFO - 
--------------------------------------------------------------------------------
[2023-07-26 17:18:24,154] {taskinstance.py:1377} INFO - Starting attempt 1 of 1
[2023-07-26 17:18:24,156] {taskinstance.py:1378} INFO - 
--------------------------------------------------------------------------------
[2023-07-26 17:18:24,169] {taskinstance.py:1397} INFO - Executing <Task(PrepareSemilleros): semilleros> on 2023-07-26 17:18:22.074003+00:00
[2023-07-26 17:18:24,182] {standard_task_runner.py:52} INFO - Started process 150 to run task
[2023-07-26 17:18:24,187] {standard_task_runner.py:79} INFO - Running: ['***', 'tasks', 'run', 'vic_investigacion_ETL', 'semilleros', 'manual__2023-07-26T17:18:22.074003+00:00', '--job-id', '126', '--raw', '--subdir', 'DAGS_FOLDER/vic_investigacion_dag.py', '--cfg-path', '/tmp/tmpbskm3_f8', '--error-file', '/tmp/tmp7x_rq9ue']
[2023-07-26 17:18:24,191] {standard_task_runner.py:80} INFO - Job 126: Subtask semilleros
[2023-07-26 17:18:24,285] {task_command.py:371} INFO - Running <TaskInstance: vic_investigacion_ETL.semilleros manual__2023-07-26T17:18:22.074003+00:00 [running]> on host 6c8a51d4a614
[2023-07-26 17:18:24,467] {taskinstance.py:1591} INFO - Exporting the following env vars:
AIRFLOW_CTX_DAG_OWNER=***
AIRFLOW_CTX_DAG_ID=vic_investigacion_ETL
AIRFLOW_CTX_TASK_ID=semilleros
AIRFLOW_CTX_EXECUTION_DATE=2023-07-26T17:18:22.074003+00:00
AIRFLOW_CTX_TRY_NUMBER=1
AIRFLOW_CTX_DAG_RUN_ID=manual__2023-07-26T17:18:22.074003+00:00
[2023-07-26 17:18:24,477] {logging_mixin.py:115} INFO - Reading Semilleros
[2023-07-26 17:18:25,308] {taskinstance.py:1420} INFO - Marking task as SUCCESS. dag_id=vic_investigacion_ETL, task_id=semilleros, execution_date=20230726T171822, start_date=20230726T171824, end_date=20230726T171825
[2023-07-26 17:18:25,385] {local_task_job.py:156} INFO - Task exited with return code 0
