[2023-06-28 18:58:35,930] {taskinstance.py:1179} INFO - Dependencies all met for <TaskInstance: vic_investigacion_ETL.get_journals manual__2023-06-28T18:58:34.453493+00:00 [queued]>
[2023-06-28 18:58:35,938] {taskinstance.py:1179} INFO - Dependencies all met for <TaskInstance: vic_investigacion_ETL.get_journals manual__2023-06-28T18:58:34.453493+00:00 [queued]>
[2023-06-28 18:58:35,939] {taskinstance.py:1376} INFO - 
--------------------------------------------------------------------------------
[2023-06-28 18:58:35,939] {taskinstance.py:1377} INFO - Starting attempt 1 of 1
[2023-06-28 18:58:35,940] {taskinstance.py:1378} INFO - 
--------------------------------------------------------------------------------
[2023-06-28 18:58:35,948] {taskinstance.py:1397} INFO - Executing <Task(ReadJournals): get_journals> on 2023-06-28 18:58:34.453493+00:00
[2023-06-28 18:58:35,954] {standard_task_runner.py:52} INFO - Started process 98 to run task
[2023-06-28 18:58:35,959] {standard_task_runner.py:79} INFO - Running: ['***', 'tasks', 'run', 'vic_investigacion_ETL', 'get_journals', 'manual__2023-06-28T18:58:34.453493+00:00', '--job-id', '17', '--raw', '--subdir', 'DAGS_FOLDER/vic_investigacion_dag.py', '--cfg-path', '/tmp/tmph42z4_2s', '--error-file', '/tmp/tmp3xgnnox8']
[2023-06-28 18:58:35,962] {standard_task_runner.py:80} INFO - Job 17: Subtask get_journals
[2023-06-28 18:58:36,028] {task_command.py:371} INFO - Running <TaskInstance: vic_investigacion_ETL.get_journals manual__2023-06-28T18:58:34.453493+00:00 [running]> on host ce13f1e72365
[2023-06-28 18:58:36,085] {taskinstance.py:1591} INFO - Exporting the following env vars:
AIRFLOW_CTX_DAG_OWNER=***
AIRFLOW_CTX_DAG_ID=vic_investigacion_ETL
AIRFLOW_CTX_TASK_ID=get_journals
AIRFLOW_CTX_EXECUTION_DATE=2023-06-28T18:58:34.453493+00:00
AIRFLOW_CTX_TRY_NUMBER=1
AIRFLOW_CTX_DAG_RUN_ID=manual__2023-06-28T18:58:34.453493+00:00
[2023-06-28 18:58:36,087] {logging_mixin.py:115} INFO - Reading Journals
[2023-06-28 18:59:00,306] {taskinstance.py:1420} INFO - Marking task as SUCCESS. dag_id=vic_investigacion_ETL, task_id=get_journals, execution_date=20230628T185834, start_date=20230628T185835, end_date=20230628T185900
[2023-06-28 18:59:00,403] {local_task_job.py:156} INFO - Task exited with return code 0
