[2023-06-01 01:59:02,026] {taskinstance.py:1179} INFO - Dependencies all met for <TaskInstance: vic_investigacion_ETL.prepare_cv_lac_data manual__2023-06-01T01:58:59.752934+00:00 [queued]>
[2023-06-01 01:59:02,060] {taskinstance.py:1179} INFO - Dependencies all met for <TaskInstance: vic_investigacion_ETL.prepare_cv_lac_data manual__2023-06-01T01:58:59.752934+00:00 [queued]>
[2023-06-01 01:59:02,062] {taskinstance.py:1376} INFO - 
--------------------------------------------------------------------------------
[2023-06-01 01:59:02,064] {taskinstance.py:1377} INFO - Starting attempt 1 of 1
[2023-06-01 01:59:02,065] {taskinstance.py:1378} INFO - 
--------------------------------------------------------------------------------
[2023-06-01 01:59:02,088] {taskinstance.py:1397} INFO - Executing <Task(PrepareCvLacData): prepare_cv_lac_data> on 2023-06-01 01:58:59.752934+00:00
[2023-06-01 01:59:02,098] {standard_task_runner.py:52} INFO - Started process 4644 to run task
[2023-06-01 01:59:02,112] {standard_task_runner.py:79} INFO - Running: ['***', 'tasks', 'run', 'vic_investigacion_ETL', 'prepare_cv_lac_data', 'manual__2023-06-01T01:58:59.752934+00:00', '--job-id', '185', '--raw', '--subdir', 'DAGS_FOLDER/vic_investigacion_dag.py', '--cfg-path', '/tmp/tmppgj9poan', '--error-file', '/tmp/tmp7xnjb7jy']
[2023-06-01 01:59:02,117] {standard_task_runner.py:80} INFO - Job 185: Subtask prepare_cv_lac_data
[2023-06-01 01:59:02,202] {task_command.py:371} INFO - Running <TaskInstance: vic_investigacion_ETL.prepare_cv_lac_data manual__2023-06-01T01:58:59.752934+00:00 [running]> on host 5d9ccb732815
[2023-06-01 01:59:02,287] {taskinstance.py:1591} INFO - Exporting the following env vars:
AIRFLOW_CTX_DAG_OWNER=***
AIRFLOW_CTX_DAG_ID=vic_investigacion_ETL
AIRFLOW_CTX_TASK_ID=prepare_cv_lac_data
AIRFLOW_CTX_EXECUTION_DATE=2023-06-01T01:58:59.752934+00:00
AIRFLOW_CTX_TRY_NUMBER=1
AIRFLOW_CTX_DAG_RUN_ID=manual__2023-06-01T01:58:59.752934+00:00
[2023-06-01 01:59:02,290] {logging_mixin.py:115} INFO - Preparing cv lac Data
[2023-06-01 01:59:02,306] {taskinstance.py:1420} INFO - Marking task as SUCCESS. dag_id=vic_investigacion_ETL, task_id=prepare_cv_lac_data, execution_date=20230601T015859, start_date=20230601T015902, end_date=20230601T015902
[2023-06-01 01:59:02,370] {local_task_job.py:156} INFO - Task exited with return code 0
[2023-06-01 01:59:02,404] {local_task_job.py:273} INFO - 0 downstream tasks scheduled from follow-on schedule check
