[2023-04-17 17:30:11,604] {taskinstance.py:1179} INFO - Dependencies all met for <TaskInstance: vic_investigacion_ETL.upload_data_big_query manual__2023-04-17T17:30:05.735950+00:00 [queued]>
[2023-04-17 17:30:11,610] {taskinstance.py:1179} INFO - Dependencies all met for <TaskInstance: vic_investigacion_ETL.upload_data_big_query manual__2023-04-17T17:30:05.735950+00:00 [queued]>
[2023-04-17 17:30:11,610] {taskinstance.py:1376} INFO - 
--------------------------------------------------------------------------------
[2023-04-17 17:30:11,611] {taskinstance.py:1377} INFO - Starting attempt 1 of 1
[2023-04-17 17:30:11,611] {taskinstance.py:1378} INFO - 
--------------------------------------------------------------------------------
[2023-04-17 17:30:11,619] {taskinstance.py:1397} INFO - Executing <Task(ExportingData): upload_data_big_query> on 2023-04-17 17:30:05.735950+00:00
[2023-04-17 17:30:11,625] {standard_task_runner.py:52} INFO - Started process 131 to run task
[2023-04-17 17:30:11,629] {standard_task_runner.py:79} INFO - Running: ['***', 'tasks', 'run', 'vic_investigacion_ETL', 'upload_data_big_query', 'manual__2023-04-17T17:30:05.735950+00:00', '--job-id', '199', '--raw', '--subdir', 'DAGS_FOLDER/vic_investigacion_dag.py', '--cfg-path', '/tmp/tmpaol6fcq4', '--error-file', '/tmp/tmpk_ig21vh']
[2023-04-17 17:30:11,631] {standard_task_runner.py:80} INFO - Job 199: Subtask upload_data_big_query
[2023-04-17 17:30:11,682] {task_command.py:371} INFO - Running <TaskInstance: vic_investigacion_ETL.upload_data_big_query manual__2023-04-17T17:30:05.735950+00:00 [running]> on host 6071715564b2
[2023-04-17 17:30:11,729] {taskinstance.py:1591} INFO - Exporting the following env vars:
AIRFLOW_CTX_DAG_OWNER=***
AIRFLOW_CTX_DAG_ID=vic_investigacion_ETL
AIRFLOW_CTX_TASK_ID=upload_data_big_query
AIRFLOW_CTX_EXECUTION_DATE=2023-04-17T17:30:05.735950+00:00
AIRFLOW_CTX_TRY_NUMBER=1
AIRFLOW_CTX_DAG_RUN_ID=manual__2023-04-17T17:30:05.735950+00:00
[2023-04-17 17:30:11,730] {logging_mixin.py:115} INFO - Exporting Data
[2023-04-17 17:30:11,741] {taskinstance.py:1420} INFO - Marking task as SUCCESS. dag_id=vic_investigacion_ETL, task_id=upload_data_big_query, execution_date=20230417T173005, start_date=20230417T173011, end_date=20230417T173011
[2023-04-17 17:30:11,762] {local_task_job.py:156} INFO - Task exited with return code 0
[2023-04-17 17:30:11,793] {local_task_job.py:273} INFO - 0 downstream tasks scheduled from follow-on schedule check
