[2023-04-24 17:12:52,120] {taskinstance.py:1179} INFO - Dependencies all met for <TaskInstance: vic_investigacion_ETL.prepare_group_lac_data manual__2023-04-24T17:12:46.783653+00:00 [queued]>
[2023-04-24 17:12:52,146] {taskinstance.py:1179} INFO - Dependencies all met for <TaskInstance: vic_investigacion_ETL.prepare_group_lac_data manual__2023-04-24T17:12:46.783653+00:00 [queued]>
[2023-04-24 17:12:52,148] {taskinstance.py:1376} INFO - 
--------------------------------------------------------------------------------
[2023-04-24 17:12:52,149] {taskinstance.py:1377} INFO - Starting attempt 1 of 1
[2023-04-24 17:12:52,151] {taskinstance.py:1378} INFO - 
--------------------------------------------------------------------------------
[2023-04-24 17:12:52,171] {taskinstance.py:1397} INFO - Executing <Task(PrepareGroupLacData): prepare_group_lac_data> on 2023-04-24 17:12:46.783653+00:00
[2023-04-24 17:12:52,183] {standard_task_runner.py:52} INFO - Started process 5465 to run task
[2023-04-24 17:12:52,224] {standard_task_runner.py:79} INFO - Running: ['***', 'tasks', 'run', 'vic_investigacion_ETL', 'prepare_group_lac_data', 'manual__2023-04-24T17:12:46.783653+00:00', '--job-id', '379', '--raw', '--subdir', 'DAGS_FOLDER/vic_investigacion_dag.py', '--cfg-path', '/tmp/tmpfv2f0hpu', '--error-file', '/tmp/tmpiaw2y4zt']
[2023-04-24 17:12:52,232] {standard_task_runner.py:80} INFO - Job 379: Subtask prepare_group_lac_data
[2023-04-24 17:12:52,432] {task_command.py:371} INFO - Running <TaskInstance: vic_investigacion_ETL.prepare_group_lac_data manual__2023-04-24T17:12:46.783653+00:00 [running]> on host b136a0a45498
[2023-04-24 17:12:52,577] {taskinstance.py:1591} INFO - Exporting the following env vars:
AIRFLOW_CTX_DAG_OWNER=***
AIRFLOW_CTX_DAG_ID=vic_investigacion_ETL
AIRFLOW_CTX_TASK_ID=prepare_group_lac_data
AIRFLOW_CTX_EXECUTION_DATE=2023-04-24T17:12:46.783653+00:00
AIRFLOW_CTX_TRY_NUMBER=1
AIRFLOW_CTX_DAG_RUN_ID=manual__2023-04-24T17:12:46.783653+00:00
[2023-04-24 17:12:52,583] {logging_mixin.py:115} INFO - Preparing group lac Data
[2023-04-24 17:12:52,623] {taskinstance.py:1420} INFO - Marking task as SUCCESS. dag_id=vic_investigacion_ETL, task_id=prepare_group_lac_data, execution_date=20230424T171246, start_date=20230424T171252, end_date=20230424T171252
[2023-04-24 17:12:52,698] {local_task_job.py:156} INFO - Task exited with return code 0
