[2023-07-26 15:39:21,316] {taskinstance.py:1179} INFO - Dependencies all met for <TaskInstance: vic_investigacion_ETL.journals manual__2023-07-26T15:39:19.375789+00:00 [queued]>
[2023-07-26 15:39:21,328] {taskinstance.py:1179} INFO - Dependencies all met for <TaskInstance: vic_investigacion_ETL.journals manual__2023-07-26T15:39:19.375789+00:00 [queued]>
[2023-07-26 15:39:21,330] {taskinstance.py:1376} INFO - 
--------------------------------------------------------------------------------
[2023-07-26 15:39:21,332] {taskinstance.py:1377} INFO - Starting attempt 1 of 1
[2023-07-26 15:39:21,332] {taskinstance.py:1378} INFO - 
--------------------------------------------------------------------------------
[2023-07-26 15:39:21,344] {taskinstance.py:1397} INFO - Executing <Task(PrepareJournals): journals> on 2023-07-26 15:39:19.375789+00:00
[2023-07-26 15:39:21,351] {standard_task_runner.py:52} INFO - Started process 652 to run task
[2023-07-26 15:39:21,359] {standard_task_runner.py:79} INFO - Running: ['***', 'tasks', 'run', 'vic_investigacion_ETL', 'journals', 'manual__2023-07-26T15:39:19.375789+00:00', '--job-id', '76', '--raw', '--subdir', 'DAGS_FOLDER/vic_investigacion_dag.py', '--cfg-path', '/tmp/tmpj1u_08k9', '--error-file', '/tmp/tmpg8t3c721']
[2023-07-26 15:39:21,362] {standard_task_runner.py:80} INFO - Job 76: Subtask journals
[2023-07-26 15:39:21,453] {task_command.py:371} INFO - Running <TaskInstance: vic_investigacion_ETL.journals manual__2023-07-26T15:39:19.375789+00:00 [running]> on host f4f0af373b5a
[2023-07-26 15:39:21,553] {taskinstance.py:1591} INFO - Exporting the following env vars:
AIRFLOW_CTX_DAG_OWNER=***
AIRFLOW_CTX_DAG_ID=vic_investigacion_ETL
AIRFLOW_CTX_TASK_ID=journals
AIRFLOW_CTX_EXECUTION_DATE=2023-07-26T15:39:19.375789+00:00
AIRFLOW_CTX_TRY_NUMBER=1
AIRFLOW_CTX_DAG_RUN_ID=manual__2023-07-26T15:39:19.375789+00:00
[2023-07-26 15:39:21,560] {logging_mixin.py:115} INFO - Reading Journals
[2023-07-26 15:39:49,061] {taskinstance.py:1420} INFO - Marking task as SUCCESS. dag_id=vic_investigacion_ETL, task_id=journals, execution_date=20230726T153919, start_date=20230726T153921, end_date=20230726T153949
[2023-07-26 15:39:49,136] {local_task_job.py:156} INFO - Task exited with return code 0
