[2023-04-24 15:27:47,680] {taskinstance.py:1179} INFO - Dependencies all met for <TaskInstance: vic_investigacion_ETL.join_all_data manual__2023-04-24T15:27:38.841361+00:00 [queued]>
[2023-04-24 15:27:47,696] {taskinstance.py:1179} INFO - Dependencies all met for <TaskInstance: vic_investigacion_ETL.join_all_data manual__2023-04-24T15:27:38.841361+00:00 [queued]>
[2023-04-24 15:27:47,697] {taskinstance.py:1376} INFO - 
--------------------------------------------------------------------------------
[2023-04-24 15:27:47,698] {taskinstance.py:1377} INFO - Starting attempt 1 of 1
[2023-04-24 15:27:47,700] {taskinstance.py:1378} INFO - 
--------------------------------------------------------------------------------
[2023-04-24 15:27:47,719] {taskinstance.py:1397} INFO - Executing <Task(JoinAllData): join_all_data> on 2023-04-24 15:27:38.841361+00:00
[2023-04-24 15:27:47,747] {standard_task_runner.py:52} INFO - Started process 130 to run task
[2023-04-24 15:27:47,759] {standard_task_runner.py:79} INFO - Running: ['***', 'tasks', 'run', 'vic_investigacion_ETL', 'join_all_data', 'manual__2023-04-24T15:27:38.841361+00:00', '--job-id', '252', '--raw', '--subdir', 'DAGS_FOLDER/vic_investigacion_dag.py', '--cfg-path', '/tmp/tmpu4lcy4l_', '--error-file', '/tmp/tmp6dxdvl91']
[2023-04-24 15:27:47,772] {standard_task_runner.py:80} INFO - Job 252: Subtask join_all_data
[2023-04-24 15:27:47,937] {task_command.py:371} INFO - Running <TaskInstance: vic_investigacion_ETL.join_all_data manual__2023-04-24T15:27:38.841361+00:00 [running]> on host b136a0a45498
[2023-04-24 15:27:48,041] {taskinstance.py:1591} INFO - Exporting the following env vars:
AIRFLOW_CTX_DAG_OWNER=***
AIRFLOW_CTX_DAG_ID=vic_investigacion_ETL
AIRFLOW_CTX_TASK_ID=join_all_data
AIRFLOW_CTX_EXECUTION_DATE=2023-04-24T15:27:38.841361+00:00
AIRFLOW_CTX_TRY_NUMBER=1
AIRFLOW_CTX_DAG_RUN_ID=manual__2023-04-24T15:27:38.841361+00:00
[2023-04-24 15:27:48,044] {logging_mixin.py:115} INFO - Joining all data
[2023-04-24 15:27:48,068] {taskinstance.py:1420} INFO - Marking task as SUCCESS. dag_id=vic_investigacion_ETL, task_id=join_all_data, execution_date=20230424T152738, start_date=20230424T152747, end_date=20230424T152748
[2023-04-24 15:27:48,097] {local_task_job.py:156} INFO - Task exited with return code 0
