[2023-06-01 01:21:53,419] {taskinstance.py:1179} INFO - Dependencies all met for <TaskInstance: vic_investigacion_ETL.prepare_group_lac_data manual__2023-06-01T01:21:51.642707+00:00 [queued]>
[2023-06-01 01:21:53,437] {taskinstance.py:1179} INFO - Dependencies all met for <TaskInstance: vic_investigacion_ETL.prepare_group_lac_data manual__2023-06-01T01:21:51.642707+00:00 [queued]>
[2023-06-01 01:21:53,440] {taskinstance.py:1376} INFO - 
--------------------------------------------------------------------------------
[2023-06-01 01:21:53,441] {taskinstance.py:1377} INFO - Starting attempt 1 of 1
[2023-06-01 01:21:53,446] {taskinstance.py:1378} INFO - 
--------------------------------------------------------------------------------
[2023-06-01 01:21:53,466] {taskinstance.py:1397} INFO - Executing <Task(PrepareGroupLacData): prepare_group_lac_data> on 2023-06-01 01:21:51.642707+00:00
[2023-06-01 01:21:53,479] {standard_task_runner.py:52} INFO - Started process 2764 to run task
[2023-06-01 01:21:53,498] {standard_task_runner.py:79} INFO - Running: ['***', 'tasks', 'run', 'vic_investigacion_ETL', 'prepare_group_lac_data', 'manual__2023-06-01T01:21:51.642707+00:00', '--job-id', '159', '--raw', '--subdir', 'DAGS_FOLDER/vic_investigacion_dag.py', '--cfg-path', '/tmp/tmpqop72gq7', '--error-file', '/tmp/tmpic1edgy6']
[2023-06-01 01:21:53,508] {standard_task_runner.py:80} INFO - Job 159: Subtask prepare_group_lac_data
[2023-06-01 01:21:53,651] {task_command.py:371} INFO - Running <TaskInstance: vic_investigacion_ETL.prepare_group_lac_data manual__2023-06-01T01:21:51.642707+00:00 [running]> on host 5d9ccb732815
[2023-06-01 01:21:53,939] {taskinstance.py:1591} INFO - Exporting the following env vars:
AIRFLOW_CTX_DAG_OWNER=***
AIRFLOW_CTX_DAG_ID=vic_investigacion_ETL
AIRFLOW_CTX_TASK_ID=prepare_group_lac_data
AIRFLOW_CTX_EXECUTION_DATE=2023-06-01T01:21:51.642707+00:00
AIRFLOW_CTX_TRY_NUMBER=1
AIRFLOW_CTX_DAG_RUN_ID=manual__2023-06-01T01:21:51.642707+00:00
[2023-06-01 01:21:53,942] {logging_mixin.py:115} INFO - Preparing group lac Data
[2023-06-01 01:21:53,962] {taskinstance.py:1420} INFO - Marking task as SUCCESS. dag_id=vic_investigacion_ETL, task_id=prepare_group_lac_data, execution_date=20230601T012151, start_date=20230601T012153, end_date=20230601T012153
[2023-06-01 01:21:54,039] {local_task_job.py:156} INFO - Task exited with return code 0
[2023-06-01 01:21:54,184] {local_task_job.py:273} INFO - 0 downstream tasks scheduled from follow-on schedule check
