[2023-04-24 20:39:55,552] {taskinstance.py:1179} INFO - Dependencies all met for <TaskInstance: vic_investigacion_ETL.prepare_wos_data manual__2023-04-24T20:39:52.033408+00:00 [queued]>
[2023-04-24 20:39:55,562] {taskinstance.py:1179} INFO - Dependencies all met for <TaskInstance: vic_investigacion_ETL.prepare_wos_data manual__2023-04-24T20:39:52.033408+00:00 [queued]>
[2023-04-24 20:39:55,564] {taskinstance.py:1376} INFO - 
--------------------------------------------------------------------------------
[2023-04-24 20:39:55,565] {taskinstance.py:1377} INFO - Starting attempt 1 of 1
[2023-04-24 20:39:55,567] {taskinstance.py:1378} INFO - 
--------------------------------------------------------------------------------
[2023-04-24 20:39:55,578] {taskinstance.py:1397} INFO - Executing <Task(PrepareWosData): prepare_wos_data> on 2023-04-24 20:39:52.033408+00:00
[2023-04-24 20:39:55,585] {standard_task_runner.py:52} INFO - Started process 12739 to run task
[2023-04-24 20:39:55,592] {standard_task_runner.py:79} INFO - Running: ['***', 'tasks', 'run', 'vic_investigacion_ETL', 'prepare_wos_data', 'manual__2023-04-24T20:39:52.033408+00:00', '--job-id', '454', '--raw', '--subdir', 'DAGS_FOLDER/vic_investigacion_dag.py', '--cfg-path', '/tmp/tmpqqjtnisf', '--error-file', '/tmp/tmpv2cwjaxa']
[2023-04-24 20:39:55,594] {standard_task_runner.py:80} INFO - Job 454: Subtask prepare_wos_data
[2023-04-24 20:39:55,673] {task_command.py:371} INFO - Running <TaskInstance: vic_investigacion_ETL.prepare_wos_data manual__2023-04-24T20:39:52.033408+00:00 [running]> on host b136a0a45498
[2023-04-24 20:39:55,924] {taskinstance.py:1591} INFO - Exporting the following env vars:
AIRFLOW_CTX_DAG_OWNER=***
AIRFLOW_CTX_DAG_ID=vic_investigacion_ETL
AIRFLOW_CTX_TASK_ID=prepare_wos_data
AIRFLOW_CTX_EXECUTION_DATE=2023-04-24T20:39:52.033408+00:00
AIRFLOW_CTX_TRY_NUMBER=1
AIRFLOW_CTX_DAG_RUN_ID=manual__2023-04-24T20:39:52.033408+00:00
[2023-04-24 20:39:55,926] {logging_mixin.py:115} INFO - Preparing WOS Data
[2023-04-24 20:39:55,940] {taskinstance.py:1420} INFO - Marking task as SUCCESS. dag_id=vic_investigacion_ETL, task_id=prepare_wos_data, execution_date=20230424T203952, start_date=20230424T203955, end_date=20230424T203955
[2023-04-24 20:39:56,013] {local_task_job.py:156} INFO - Task exited with return code 0
