[2023-06-01 02:00:15,336] {taskinstance.py:1179} INFO - Dependencies all met for <TaskInstance: vic_investigacion_ETL.get_cv_lac_data manual__2023-06-01T02:00:12.246287+00:00 [queued]>
[2023-06-01 02:00:15,359] {taskinstance.py:1179} INFO - Dependencies all met for <TaskInstance: vic_investigacion_ETL.get_cv_lac_data manual__2023-06-01T02:00:12.246287+00:00 [queued]>
[2023-06-01 02:00:15,363] {taskinstance.py:1376} INFO - 
--------------------------------------------------------------------------------
[2023-06-01 02:00:15,365] {taskinstance.py:1377} INFO - Starting attempt 1 of 1
[2023-06-01 02:00:15,367] {taskinstance.py:1378} INFO - 
--------------------------------------------------------------------------------
[2023-06-01 02:00:15,405] {taskinstance.py:1397} INFO - Executing <Task(ReadCvLAC): get_cv_lac_data> on 2023-06-01 02:00:12.246287+00:00
[2023-06-01 02:00:15,413] {standard_task_runner.py:52} INFO - Started process 4732 to run task
[2023-06-01 02:00:15,419] {standard_task_runner.py:79} INFO - Running: ['***', 'tasks', 'run', 'vic_investigacion_ETL', 'get_cv_lac_data', 'manual__2023-06-01T02:00:12.246287+00:00', '--job-id', '192', '--raw', '--subdir', 'DAGS_FOLDER/vic_investigacion_dag.py', '--cfg-path', '/tmp/tmpsn3gnjgu', '--error-file', '/tmp/tmp9gene8iw']
[2023-06-01 02:00:15,435] {standard_task_runner.py:80} INFO - Job 192: Subtask get_cv_lac_data
[2023-06-01 02:00:15,659] {task_command.py:371} INFO - Running <TaskInstance: vic_investigacion_ETL.get_cv_lac_data manual__2023-06-01T02:00:12.246287+00:00 [running]> on host 5d9ccb732815
[2023-06-01 02:00:15,747] {taskinstance.py:1591} INFO - Exporting the following env vars:
AIRFLOW_CTX_DAG_OWNER=***
AIRFLOW_CTX_DAG_ID=vic_investigacion_ETL
AIRFLOW_CTX_TASK_ID=get_cv_lac_data
AIRFLOW_CTX_EXECUTION_DATE=2023-06-01T02:00:12.246287+00:00
AIRFLOW_CTX_TRY_NUMBER=1
AIRFLOW_CTX_DAG_RUN_ID=manual__2023-06-01T02:00:12.246287+00:00
[2023-06-01 02:00:15,749] {logging_mixin.py:115} INFO - Getting CV LAC Data
[2023-06-01 02:00:15,776] {taskinstance.py:1420} INFO - Marking task as SUCCESS. dag_id=vic_investigacion_ETL, task_id=get_cv_lac_data, execution_date=20230601T020012, start_date=20230601T020015, end_date=20230601T020015
[2023-06-01 02:00:15,843] {local_task_job.py:156} INFO - Task exited with return code 0
[2023-06-01 02:00:15,899] {local_task_job.py:273} INFO - 0 downstream tasks scheduled from follow-on schedule check
