[2023-05-31 23:37:59,963] {taskinstance.py:1179} INFO - Dependencies all met for <TaskInstance: vic_investigacion_ETL.prepare_wos_data manual__2023-05-31T23:37:58.328607+00:00 [queued]>
[2023-05-31 23:37:59,972] {taskinstance.py:1179} INFO - Dependencies all met for <TaskInstance: vic_investigacion_ETL.prepare_wos_data manual__2023-05-31T23:37:58.328607+00:00 [queued]>
[2023-05-31 23:37:59,973] {taskinstance.py:1376} INFO - 
--------------------------------------------------------------------------------
[2023-05-31 23:37:59,974] {taskinstance.py:1377} INFO - Starting attempt 1 of 1
[2023-05-31 23:37:59,975] {taskinstance.py:1378} INFO - 
--------------------------------------------------------------------------------
[2023-05-31 23:37:59,989] {taskinstance.py:1397} INFO - Executing <Task(PrepareWosData): prepare_wos_data> on 2023-05-31 23:37:58.328607+00:00
[2023-05-31 23:37:59,998] {standard_task_runner.py:52} INFO - Started process 579 to run task
[2023-05-31 23:38:00,016] {standard_task_runner.py:79} INFO - Running: ['***', 'tasks', 'run', 'vic_investigacion_ETL', 'prepare_wos_data', 'manual__2023-05-31T23:37:58.328607+00:00', '--job-id', '12', '--raw', '--subdir', 'DAGS_FOLDER/vic_investigacion_dag.py', '--cfg-path', '/tmp/tmpo3zk0cjl', '--error-file', '/tmp/tmpf9ou1ast']
[2023-05-31 23:38:00,024] {standard_task_runner.py:80} INFO - Job 12: Subtask prepare_wos_data
[2023-05-31 23:38:00,149] {task_command.py:371} INFO - Running <TaskInstance: vic_investigacion_ETL.prepare_wos_data manual__2023-05-31T23:37:58.328607+00:00 [running]> on host 5d9ccb732815
[2023-05-31 23:38:00,268] {taskinstance.py:1591} INFO - Exporting the following env vars:
AIRFLOW_CTX_DAG_OWNER=***
AIRFLOW_CTX_DAG_ID=vic_investigacion_ETL
AIRFLOW_CTX_TASK_ID=prepare_wos_data
AIRFLOW_CTX_EXECUTION_DATE=2023-05-31T23:37:58.328607+00:00
AIRFLOW_CTX_TRY_NUMBER=1
AIRFLOW_CTX_DAG_RUN_ID=manual__2023-05-31T23:37:58.328607+00:00
[2023-05-31 23:38:00,277] {logging_mixin.py:115} INFO - Preparing WOS Data
[2023-05-31 23:38:00,325] {taskinstance.py:1420} INFO - Marking task as SUCCESS. dag_id=vic_investigacion_ETL, task_id=prepare_wos_data, execution_date=20230531T233758, start_date=20230531T233759, end_date=20230531T233800
[2023-05-31 23:38:00,394] {local_task_job.py:156} INFO - Task exited with return code 0
[2023-05-31 23:38:00,460] {local_task_job.py:273} INFO - 0 downstream tasks scheduled from follow-on schedule check
