[2023-06-01 21:22:58,549] {taskinstance.py:1179} INFO - Dependencies all met for <TaskInstance: vic_investigacion_ETL.get_scopus_data manual__2023-06-01T21:22:57.354030+00:00 [queued]>
[2023-06-01 21:22:58,556] {taskinstance.py:1179} INFO - Dependencies all met for <TaskInstance: vic_investigacion_ETL.get_scopus_data manual__2023-06-01T21:22:57.354030+00:00 [queued]>
[2023-06-01 21:22:58,556] {taskinstance.py:1376} INFO - 
--------------------------------------------------------------------------------
[2023-06-01 21:22:58,557] {taskinstance.py:1377} INFO - Starting attempt 1 of 1
[2023-06-01 21:22:58,557] {taskinstance.py:1378} INFO - 
--------------------------------------------------------------------------------
[2023-06-01 21:22:58,565] {taskinstance.py:1397} INFO - Executing <Task(ReadScopus): get_scopus_data> on 2023-06-01 21:22:57.354030+00:00
[2023-06-01 21:22:58,571] {standard_task_runner.py:52} INFO - Started process 27311 to run task
[2023-06-01 21:22:58,576] {standard_task_runner.py:79} INFO - Running: ['***', 'tasks', 'run', 'vic_investigacion_ETL', 'get_scopus_data', 'manual__2023-06-01T21:22:57.354030+00:00', '--job-id', '264', '--raw', '--subdir', 'DAGS_FOLDER/vic_investigacion_dag.py', '--cfg-path', '/tmp/tmp22imagdl', '--error-file', '/tmp/tmpe3x59v3l']
[2023-06-01 21:22:58,579] {standard_task_runner.py:80} INFO - Job 264: Subtask get_scopus_data
[2023-06-01 21:22:58,639] {task_command.py:371} INFO - Running <TaskInstance: vic_investigacion_ETL.get_scopus_data manual__2023-06-01T21:22:57.354030+00:00 [running]> on host 5d9ccb732815
[2023-06-01 21:22:58,694] {taskinstance.py:1591} INFO - Exporting the following env vars:
AIRFLOW_CTX_DAG_OWNER=***
AIRFLOW_CTX_DAG_ID=vic_investigacion_ETL
AIRFLOW_CTX_TASK_ID=get_scopus_data
AIRFLOW_CTX_EXECUTION_DATE=2023-06-01T21:22:57.354030+00:00
AIRFLOW_CTX_TRY_NUMBER=1
AIRFLOW_CTX_DAG_RUN_ID=manual__2023-06-01T21:22:57.354030+00:00
[2023-06-01 21:22:58,696] {logging_mixin.py:115} INFO - Getting Scopus Data
[2023-06-01 21:22:58,697] {logging_mixin.py:115} INFO - The api key is:  640ababb3eaaa3723c7cc11be848250b
[2023-06-01 21:22:58,709] {taskinstance.py:1420} INFO - Marking task as SUCCESS. dag_id=vic_investigacion_ETL, task_id=get_scopus_data, execution_date=20230601T212257, start_date=20230601T212258, end_date=20230601T212258
[2023-06-01 21:22:58,749] {local_task_job.py:156} INFO - Task exited with return code 0
[2023-06-01 21:22:58,781] {local_task_job.py:273} INFO - 1 downstream tasks scheduled from follow-on schedule check
