[2023-08-01 23:42:52,136] {taskinstance.py:1179} INFO - Dependencies all met for <TaskInstance: vic_investigacion_ETL.revistas manual__2023-08-01T23:42:48.488920+00:00 [queued]>
[2023-08-01 23:42:52,158] {taskinstance.py:1179} INFO - Dependencies all met for <TaskInstance: vic_investigacion_ETL.revistas manual__2023-08-01T23:42:48.488920+00:00 [queued]>
[2023-08-01 23:42:52,160] {taskinstance.py:1376} INFO - 
--------------------------------------------------------------------------------
[2023-08-01 23:42:52,162] {taskinstance.py:1377} INFO - Starting attempt 1 of 1
[2023-08-01 23:42:52,163] {taskinstance.py:1378} INFO - 
--------------------------------------------------------------------------------
[2023-08-01 23:42:52,177] {taskinstance.py:1397} INFO - Executing <Task(PrepareRevistas): revistas> on 2023-08-01 23:42:48.488920+00:00
[2023-08-01 23:42:52,189] {standard_task_runner.py:52} INFO - Started process 2398 to run task
[2023-08-01 23:42:52,220] {standard_task_runner.py:79} INFO - Running: ['***', 'tasks', 'run', 'vic_investigacion_ETL', 'revistas', 'manual__2023-08-01T23:42:48.488920+00:00', '--job-id', '184', '--raw', '--subdir', 'DAGS_FOLDER/vic_investigacion_dag.py', '--cfg-path', '/tmp/tmpvuq19dth', '--error-file', '/tmp/tmpslo5ic5p']
[2023-08-01 23:42:52,230] {standard_task_runner.py:80} INFO - Job 184: Subtask revistas
[2023-08-01 23:42:52,446] {task_command.py:371} INFO - Running <TaskInstance: vic_investigacion_ETL.revistas manual__2023-08-01T23:42:48.488920+00:00 [running]> on host 6c8a51d4a614
[2023-08-01 23:42:52,763] {taskinstance.py:1591} INFO - Exporting the following env vars:
AIRFLOW_CTX_DAG_OWNER=***
AIRFLOW_CTX_DAG_ID=vic_investigacion_ETL
AIRFLOW_CTX_TASK_ID=revistas
AIRFLOW_CTX_EXECUTION_DATE=2023-08-01T23:42:48.488920+00:00
AIRFLOW_CTX_TRY_NUMBER=1
AIRFLOW_CTX_DAG_RUN_ID=manual__2023-08-01T23:42:48.488920+00:00
[2023-08-01 23:42:52,777] {logging_mixin.py:115} INFO - Reading Revistas
[2023-08-01 23:43:34,684] {taskinstance.py:1420} INFO - Marking task as SUCCESS. dag_id=vic_investigacion_ETL, task_id=revistas, execution_date=20230801T234248, start_date=20230801T234252, end_date=20230801T234334
[2023-08-01 23:43:34,822] {local_task_job.py:156} INFO - Task exited with return code 0
