[2023-06-07 13:34:37,982] {taskinstance.py:1179} INFO - Dependencies all met for <TaskInstance: vic_investigacion_ETL.upload_data_big_query manual__2023-06-07T13:34:33.516806+00:00 [queued]>
[2023-06-07 13:34:37,987] {taskinstance.py:1179} INFO - Dependencies all met for <TaskInstance: vic_investigacion_ETL.upload_data_big_query manual__2023-06-07T13:34:33.516806+00:00 [queued]>
[2023-06-07 13:34:37,988] {taskinstance.py:1376} INFO - 
--------------------------------------------------------------------------------
[2023-06-07 13:34:37,989] {taskinstance.py:1377} INFO - Starting attempt 1 of 1
[2023-06-07 13:34:37,989] {taskinstance.py:1378} INFO - 
--------------------------------------------------------------------------------
[2023-06-07 13:34:37,996] {taskinstance.py:1397} INFO - Executing <Task(ExportData): upload_data_big_query> on 2023-06-07 13:34:33.516806+00:00
[2023-06-07 13:34:38,001] {standard_task_runner.py:52} INFO - Started process 248 to run task
[2023-06-07 13:34:38,004] {standard_task_runner.py:79} INFO - Running: ['***', 'tasks', 'run', 'vic_investigacion_ETL', 'upload_data_big_query', 'manual__2023-06-07T13:34:33.516806+00:00', '--job-id', '316', '--raw', '--subdir', 'DAGS_FOLDER/vic_investigacion_dag.py', '--cfg-path', '/tmp/tmpxbiljys7', '--error-file', '/tmp/tmpo_5j8_oc']
[2023-06-07 13:34:38,006] {standard_task_runner.py:80} INFO - Job 316: Subtask upload_data_big_query
[2023-06-07 13:34:38,058] {task_command.py:371} INFO - Running <TaskInstance: vic_investigacion_ETL.upload_data_big_query manual__2023-06-07T13:34:33.516806+00:00 [running]> on host ad8fd2023d13
[2023-06-07 13:34:38,106] {taskinstance.py:1591} INFO - Exporting the following env vars:
AIRFLOW_CTX_DAG_OWNER=***
AIRFLOW_CTX_DAG_ID=vic_investigacion_ETL
AIRFLOW_CTX_TASK_ID=upload_data_big_query
AIRFLOW_CTX_EXECUTION_DATE=2023-06-07T13:34:33.516806+00:00
AIRFLOW_CTX_TRY_NUMBER=1
AIRFLOW_CTX_DAG_RUN_ID=manual__2023-06-07T13:34:33.516806+00:00
[2023-06-07 13:34:38,107] {logging_mixin.py:115} INFO - Exporting Data
[2023-06-07 13:34:44,508] {logging_mixin.py:115} INFO - LoadJob<project=viceinvestigacion, location=US, id=ccdb2929-8e7c-4336-8ef4-85a7f84f6d1d>
[2023-06-07 13:34:44,520] {taskinstance.py:1420} INFO - Marking task as SUCCESS. dag_id=vic_investigacion_ETL, task_id=upload_data_big_query, execution_date=20230607T133433, start_date=20230607T133437, end_date=20230607T133444
[2023-06-07 13:34:44,582] {local_task_job.py:156} INFO - Task exited with return code 0
[2023-06-07 13:34:44,608] {local_task_job.py:273} INFO - 0 downstream tasks scheduled from follow-on schedule check
