[2023-06-01 01:12:26,567] {taskinstance.py:1179} INFO - Dependencies all met for <TaskInstance: vic_investigacion_ETL.get_cv_lac_data manual__2023-06-01T01:12:24.758736+00:00 [queued]>
[2023-06-01 01:12:26,577] {taskinstance.py:1179} INFO - Dependencies all met for <TaskInstance: vic_investigacion_ETL.get_cv_lac_data manual__2023-06-01T01:12:24.758736+00:00 [queued]>
[2023-06-01 01:12:26,578] {taskinstance.py:1376} INFO - 
--------------------------------------------------------------------------------
[2023-06-01 01:12:26,580] {taskinstance.py:1377} INFO - Starting attempt 1 of 1
[2023-06-01 01:12:26,581] {taskinstance.py:1378} INFO - 
--------------------------------------------------------------------------------
[2023-06-01 01:12:26,604] {taskinstance.py:1397} INFO - Executing <Task(ReadCvLAC): get_cv_lac_data> on 2023-06-01 01:12:24.758736+00:00
[2023-06-01 01:12:26,612] {standard_task_runner.py:52} INFO - Started process 2163 to run task
[2023-06-01 01:12:26,621] {standard_task_runner.py:79} INFO - Running: ['***', 'tasks', 'run', 'vic_investigacion_ETL', 'get_cv_lac_data', 'manual__2023-06-01T01:12:24.758736+00:00', '--job-id', '117', '--raw', '--subdir', 'DAGS_FOLDER/vic_investigacion_dag.py', '--cfg-path', '/tmp/tmpmrwytizn', '--error-file', '/tmp/tmppg79_pp7']
[2023-06-01 01:12:26,624] {standard_task_runner.py:80} INFO - Job 117: Subtask get_cv_lac_data
[2023-06-01 01:12:26,734] {task_command.py:371} INFO - Running <TaskInstance: vic_investigacion_ETL.get_cv_lac_data manual__2023-06-01T01:12:24.758736+00:00 [running]> on host 5d9ccb732815
[2023-06-01 01:12:26,850] {taskinstance.py:1591} INFO - Exporting the following env vars:
AIRFLOW_CTX_DAG_OWNER=***
AIRFLOW_CTX_DAG_ID=vic_investigacion_ETL
AIRFLOW_CTX_TASK_ID=get_cv_lac_data
AIRFLOW_CTX_EXECUTION_DATE=2023-06-01T01:12:24.758736+00:00
AIRFLOW_CTX_TRY_NUMBER=1
AIRFLOW_CTX_DAG_RUN_ID=manual__2023-06-01T01:12:24.758736+00:00
[2023-06-01 01:12:26,852] {logging_mixin.py:115} INFO - Getting CV LAC Data
[2023-06-01 01:12:26,904] {taskinstance.py:1420} INFO - Marking task as SUCCESS. dag_id=vic_investigacion_ETL, task_id=get_cv_lac_data, execution_date=20230601T011224, start_date=20230601T011226, end_date=20230601T011226
[2023-06-01 01:12:26,955] {local_task_job.py:156} INFO - Task exited with return code 0
[2023-06-01 01:12:27,014] {local_task_job.py:273} INFO - 0 downstream tasks scheduled from follow-on schedule check
