[2023-04-14 17:00:01,608] {taskinstance.py:1179} INFO - Dependencies all met for <TaskInstance: vic_investigacion_ETL.get_group_lac_data manual__2023-04-14T16:59:59.262607+00:00 [queued]>
[2023-04-14 17:00:01,619] {taskinstance.py:1179} INFO - Dependencies all met for <TaskInstance: vic_investigacion_ETL.get_group_lac_data manual__2023-04-14T16:59:59.262607+00:00 [queued]>
[2023-04-14 17:00:01,620] {taskinstance.py:1376} INFO - 
--------------------------------------------------------------------------------
[2023-04-14 17:00:01,620] {taskinstance.py:1377} INFO - Starting attempt 1 of 1
[2023-04-14 17:00:01,621] {taskinstance.py:1378} INFO - 
--------------------------------------------------------------------------------
[2023-04-14 17:00:01,638] {taskinstance.py:1397} INFO - Executing <Task(PythonOperator): get_group_lac_data> on 2023-04-14 16:59:59.262607+00:00
[2023-04-14 17:00:01,650] {standard_task_runner.py:52} INFO - Started process 96 to run task
[2023-04-14 17:00:01,655] {standard_task_runner.py:79} INFO - Running: ['***', 'tasks', 'run', 'vic_investigacion_ETL', 'get_group_lac_data', 'manual__2023-04-14T16:59:59.262607+00:00', '--job-id', '70', '--raw', '--subdir', 'DAGS_FOLDER/vic_investigacion_dag.py', '--cfg-path', '/tmp/tmpwe4mc3gc', '--error-file', '/tmp/tmpt1hh_m6p']
[2023-04-14 17:00:01,658] {standard_task_runner.py:80} INFO - Job 70: Subtask get_group_lac_data
[2023-04-14 17:00:01,791] {task_command.py:371} INFO - Running <TaskInstance: vic_investigacion_ETL.get_group_lac_data manual__2023-04-14T16:59:59.262607+00:00 [running]> on host d014c8b814c7
[2023-04-14 17:00:01,885] {taskinstance.py:1591} INFO - Exporting the following env vars:
AIRFLOW_CTX_DAG_OWNER=***
AIRFLOW_CTX_DAG_ID=vic_investigacion_ETL
AIRFLOW_CTX_TASK_ID=get_group_lac_data
AIRFLOW_CTX_EXECUTION_DATE=2023-04-14T16:59:59.262607+00:00
AIRFLOW_CTX_TRY_NUMBER=1
AIRFLOW_CTX_DAG_RUN_ID=manual__2023-04-14T16:59:59.262607+00:00
[2023-04-14 17:00:01,893] {logging_mixin.py:115} INFO - Getting GROUP LAC Data
[2023-04-14 17:00:01,895] {python.py:173} INFO - Done. Returned value was: None
[2023-04-14 17:00:01,927] {taskinstance.py:1420} INFO - Marking task as SUCCESS. dag_id=vic_investigacion_ETL, task_id=get_group_lac_data, execution_date=20230414T165959, start_date=20230414T170001, end_date=20230414T170001
[2023-04-14 17:00:01,952] {local_task_job.py:156} INFO - Task exited with return code 0
[2023-04-14 17:00:02,023] {local_task_job.py:273} INFO - 0 downstream tasks scheduled from follow-on schedule check
