[2023-04-24 20:39:54,208] {taskinstance.py:1179} INFO - Dependencies all met for <TaskInstance: vic_investigacion_ETL.get_group_lac_data manual__2023-04-24T20:39:52.033408+00:00 [queued]>
[2023-04-24 20:39:54,214] {taskinstance.py:1179} INFO - Dependencies all met for <TaskInstance: vic_investigacion_ETL.get_group_lac_data manual__2023-04-24T20:39:52.033408+00:00 [queued]>
[2023-04-24 20:39:54,215] {taskinstance.py:1376} INFO - 
--------------------------------------------------------------------------------
[2023-04-24 20:39:54,215] {taskinstance.py:1377} INFO - Starting attempt 1 of 1
[2023-04-24 20:39:54,215] {taskinstance.py:1378} INFO - 
--------------------------------------------------------------------------------
[2023-04-24 20:39:54,223] {taskinstance.py:1397} INFO - Executing <Task(ReadGroupLAC): get_group_lac_data> on 2023-04-24 20:39:52.033408+00:00
[2023-04-24 20:39:54,229] {standard_task_runner.py:52} INFO - Started process 12721 to run task
[2023-04-24 20:39:54,233] {standard_task_runner.py:79} INFO - Running: ['***', 'tasks', 'run', 'vic_investigacion_ETL', 'get_group_lac_data', 'manual__2023-04-24T20:39:52.033408+00:00', '--job-id', '449', '--raw', '--subdir', 'DAGS_FOLDER/vic_investigacion_dag.py', '--cfg-path', '/tmp/tmp9vkzv6ml', '--error-file', '/tmp/tmpw6ts5har']
[2023-04-24 20:39:54,235] {standard_task_runner.py:80} INFO - Job 449: Subtask get_group_lac_data
[2023-04-24 20:39:54,335] {task_command.py:371} INFO - Running <TaskInstance: vic_investigacion_ETL.get_group_lac_data manual__2023-04-24T20:39:52.033408+00:00 [running]> on host b136a0a45498
[2023-04-24 20:39:54,820] {taskinstance.py:1591} INFO - Exporting the following env vars:
AIRFLOW_CTX_DAG_OWNER=***
AIRFLOW_CTX_DAG_ID=vic_investigacion_ETL
AIRFLOW_CTX_TASK_ID=get_group_lac_data
AIRFLOW_CTX_EXECUTION_DATE=2023-04-24T20:39:52.033408+00:00
AIRFLOW_CTX_TRY_NUMBER=1
AIRFLOW_CTX_DAG_RUN_ID=manual__2023-04-24T20:39:52.033408+00:00
[2023-04-24 20:39:54,821] {logging_mixin.py:115} INFO - Getting Group LAC Data
[2023-04-24 20:39:54,834] {taskinstance.py:1420} INFO - Marking task as SUCCESS. dag_id=vic_investigacion_ETL, task_id=get_group_lac_data, execution_date=20230424T203952, start_date=20230424T203954, end_date=20230424T203954
[2023-04-24 20:39:54,890] {local_task_job.py:156} INFO - Task exited with return code 0
