[2023-08-02 22:33:34,778] {taskinstance.py:1179} INFO - Dependencies all met for <TaskInstance: vic_investigacion_ETL.upload_data_big_query manual__2023-08-02T22:32:49.392259+00:00 [queued]>
[2023-08-02 22:33:34,785] {taskinstance.py:1179} INFO - Dependencies all met for <TaskInstance: vic_investigacion_ETL.upload_data_big_query manual__2023-08-02T22:32:49.392259+00:00 [queued]>
[2023-08-02 22:33:34,785] {taskinstance.py:1376} INFO - 
--------------------------------------------------------------------------------
[2023-08-02 22:33:34,786] {taskinstance.py:1377} INFO - Starting attempt 1 of 1
[2023-08-02 22:33:34,786] {taskinstance.py:1378} INFO - 
--------------------------------------------------------------------------------
[2023-08-02 22:33:34,795] {taskinstance.py:1397} INFO - Executing <Task(ExportData): upload_data_big_query> on 2023-08-02 22:32:49.392259+00:00
[2023-08-02 22:33:34,800] {standard_task_runner.py:52} INFO - Started process 773 to run task
[2023-08-02 22:33:34,804] {standard_task_runner.py:79} INFO - Running: ['***', 'tasks', 'run', 'vic_investigacion_ETL', 'upload_data_big_query', 'manual__2023-08-02T22:32:49.392259+00:00', '--job-id', '221', '--raw', '--subdir', 'DAGS_FOLDER/vic_investigacion_dag.py', '--cfg-path', '/tmp/tmphksj_yir', '--error-file', '/tmp/tmpwfs7uf9o']
[2023-08-02 22:33:34,806] {standard_task_runner.py:80} INFO - Job 221: Subtask upload_data_big_query
[2023-08-02 22:33:34,872] {task_command.py:371} INFO - Running <TaskInstance: vic_investigacion_ETL.upload_data_big_query manual__2023-08-02T22:32:49.392259+00:00 [running]> on host 6c8a51d4a614
[2023-08-02 22:33:34,940] {taskinstance.py:1591} INFO - Exporting the following env vars:
AIRFLOW_CTX_DAG_OWNER=***
AIRFLOW_CTX_DAG_ID=vic_investigacion_ETL
AIRFLOW_CTX_TASK_ID=upload_data_big_query
AIRFLOW_CTX_EXECUTION_DATE=2023-08-02T22:32:49.392259+00:00
AIRFLOW_CTX_TRY_NUMBER=1
AIRFLOW_CTX_DAG_RUN_ID=manual__2023-08-02T22:32:49.392259+00:00
[2023-08-02 22:33:34,942] {logging_mixin.py:115} INFO - Exporting Data
[2023-08-02 22:33:34,945] {logging_mixin.py:115} INFO - 📝File name: produccion_validada, File Path: $/opt/***/data/to_upload/rewrite/produccion_validada.csv
[2023-08-02 22:33:41,463] {logging_mixin.py:115} INFO - LoadJob<project=viceinvestigacion, location=US, id=60d1d3f7-d8a1-4264-9d64-6302cea85203>
[2023-08-02 22:33:41,465] {logging_mixin.py:115} INFO - 📝File name: profesores_core_data, File Path: $/opt/***/data/to_upload/rewrite/profesores_core_data.csv
[2023-08-02 22:33:50,244] {logging_mixin.py:115} INFO - LoadJob<project=viceinvestigacion, location=US, id=1461936e-7953-4920-bfdf-43d064374517>
[2023-08-02 22:33:50,248] {logging_mixin.py:115} INFO - 📝File name: profesores_hijos, File Path: $/opt/***/data/to_upload/rewrite/profesores_hijos.csv
[2023-08-02 22:33:56,489] {logging_mixin.py:115} INFO - LoadJob<project=viceinvestigacion, location=US, id=4e26e3bd-382f-48d3-befb-44fe26236262>
[2023-08-02 22:33:56,493] {logging_mixin.py:115} INFO - 📝File name: profesores_validados, File Path: $/opt/***/data/to_upload/rewrite/profesores_validados.csv
[2023-08-02 22:34:02,883] {logging_mixin.py:115} INFO - LoadJob<project=viceinvestigacion, location=US, id=207fdebe-08d8-4277-9ec3-bf6d972c3dd5>
[2023-08-02 22:34:02,885] {logging_mixin.py:115} INFO - 📝File name: profesores_validados_scopus_ids, File Path: $/opt/***/data/to_upload/rewrite/profesores_validados_scopus_ids.csv
[2023-08-02 22:34:07,020] {logging_mixin.py:115} INFO - LoadJob<project=viceinvestigacion, location=US, id=9fcbd8b0-c284-433e-a4a4-8f39d9078be6>
[2023-08-02 22:34:07,022] {logging_mixin.py:115} INFO - 📝File name: proyectos, File Path: $/opt/***/data/to_upload/rewrite/proyectos.csv
[2023-08-02 22:34:11,523] {logging_mixin.py:115} INFO - LoadJob<project=viceinvestigacion, location=US, id=7659db6f-56a3-4baf-8a2a-5ec83800418c>
[2023-08-02 22:34:11,526] {logging_mixin.py:115} INFO - 📝File name: respositorio_inst, File Path: $/opt/***/data/to_upload/rewrite/respositorio_inst.csv
[2023-08-02 22:34:27,645] {logging_mixin.py:115} INFO - LoadJob<project=viceinvestigacion, location=US, id=cdc84173-4743-495f-9ee9-ce6cedcc265f>
[2023-08-02 22:34:27,648] {logging_mixin.py:115} INFO - 📝File name: semilleros, File Path: $/opt/***/data/to_upload/rewrite/semilleros.csv
[2023-08-02 22:34:31,480] {logging_mixin.py:115} INFO - LoadJob<project=viceinvestigacion, location=US, id=4d7b7aae-20f4-4dd3-8ec8-e5e9c8f62cfa>
[2023-08-02 22:34:31,484] {logging_mixin.py:115} INFO - 📝File name: profesores_formacion, File Path: $/opt/***/data/to_upload/append/profesores_formacion.csv
[2023-08-02 22:34:36,926] {logging_mixin.py:115} INFO - LoadJob<project=viceinvestigacion, location=US, id=4e0ab106-ef68-4a92-9905-b0f292a53023>
[2023-08-02 22:34:36,940] {logging_mixin.py:115} INFO - 📝File name: revistas, File Path: $/opt/***/data/to_upload/append/revistas.csv
[2023-08-02 22:34:44,468] {logging_mixin.py:115} INFO - LoadJob<project=viceinvestigacion, location=US, id=a5c5b119-f3ce-4762-a41b-aa887e9bd97a>
[2023-08-02 22:34:44,609] {taskinstance.py:1420} INFO - Marking task as SUCCESS. dag_id=vic_investigacion_ETL, task_id=upload_data_big_query, execution_date=20230802T223249, start_date=20230802T223334, end_date=20230802T223444
[2023-08-02 22:34:45,011] {local_task_job.py:156} INFO - Task exited with return code 0
[2023-08-02 22:34:45,048] {local_task_job.py:273} INFO - 0 downstream tasks scheduled from follow-on schedule check
