[2023-07-26 15:51:15,488] {taskinstance.py:1179} INFO - Dependencies all met for <TaskInstance: vic_investigacion_ETL.upload_data_big_query manual__2023-07-26T15:50:47.994484+00:00 [queued]>
[2023-07-26 15:51:15,494] {taskinstance.py:1179} INFO - Dependencies all met for <TaskInstance: vic_investigacion_ETL.upload_data_big_query manual__2023-07-26T15:50:47.994484+00:00 [queued]>
[2023-07-26 15:51:15,494] {taskinstance.py:1376} INFO - 
--------------------------------------------------------------------------------
[2023-07-26 15:51:15,495] {taskinstance.py:1377} INFO - Starting attempt 1 of 1
[2023-07-26 15:51:15,496] {taskinstance.py:1378} INFO - 
--------------------------------------------------------------------------------
[2023-07-26 15:51:15,504] {taskinstance.py:1397} INFO - Executing <Task(ExportData): upload_data_big_query> on 2023-07-26 15:50:47.994484+00:00
[2023-07-26 15:51:15,509] {standard_task_runner.py:52} INFO - Started process 1248 to run task
[2023-07-26 15:51:15,513] {standard_task_runner.py:79} INFO - Running: ['***', 'tasks', 'run', 'vic_investigacion_ETL', 'upload_data_big_query', 'manual__2023-07-26T15:50:47.994484+00:00', '--job-id', '82', '--raw', '--subdir', 'DAGS_FOLDER/vic_investigacion_dag.py', '--cfg-path', '/tmp/tmp64qrg5vn', '--error-file', '/tmp/tmpk9ya5k07']
[2023-07-26 15:51:15,514] {standard_task_runner.py:80} INFO - Job 82: Subtask upload_data_big_query
[2023-07-26 15:51:15,578] {task_command.py:371} INFO - Running <TaskInstance: vic_investigacion_ETL.upload_data_big_query manual__2023-07-26T15:50:47.994484+00:00 [running]> on host f4f0af373b5a
[2023-07-26 15:51:15,633] {taskinstance.py:1591} INFO - Exporting the following env vars:
AIRFLOW_CTX_DAG_OWNER=***
AIRFLOW_CTX_DAG_ID=vic_investigacion_ETL
AIRFLOW_CTX_TASK_ID=upload_data_big_query
AIRFLOW_CTX_EXECUTION_DATE=2023-07-26T15:50:47.994484+00:00
AIRFLOW_CTX_TRY_NUMBER=1
AIRFLOW_CTX_DAG_RUN_ID=manual__2023-07-26T15:50:47.994484+00:00
[2023-07-26 15:51:15,635] {logging_mixin.py:115} INFO - Exporting Data
[2023-07-26 15:51:15,636] {logging_mixin.py:115} INFO - 📝File name: journals, File Path: $/opt/***/data/to_upload/journals.csv
[2023-07-26 15:51:26,432] {logging_mixin.py:115} INFO - LoadJob<project=viceinvestigacion, location=US, id=61064696-fede-490d-b1fb-6f895398e7a8>
[2023-07-26 15:51:26,434] {logging_mixin.py:115} INFO - 📝File name: produccion_validada, File Path: $/opt/***/data/to_upload/produccion_validada.csv
[2023-07-26 15:51:32,450] {logging_mixin.py:115} INFO - LoadJob<project=viceinvestigacion, location=US, id=699eb3c3-bcf9-43a6-b27b-3cd75c34d830>
[2023-07-26 15:51:32,453] {logging_mixin.py:115} INFO - 📝File name: profesores_core_data, File Path: $/opt/***/data/to_upload/profesores_core_data.csv
[2023-07-26 15:51:35,841] {logging_mixin.py:115} INFO - LoadJob<project=viceinvestigacion, location=US, id=04c9cf6f-8676-44ac-98f5-827c3a6eee99>
[2023-07-26 15:51:35,844] {logging_mixin.py:115} INFO - 📝File name: profesores_formacion, File Path: $/opt/***/data/to_upload/profesores_formacion.csv
[2023-07-26 15:51:36,051] {warnings.py:110} WARNING - /opt/***/dags/export_data_operator.py:28: DtypeWarning: Columns (2) have mixed types.Specify dtype option on import or set low_memory=False.
  self.export_data()

[2023-07-26 15:51:36,492] {logging_mixin.py:115} INFO - --
[2023-07-26 15:51:36,492] {logging_mixin.py:115} INFO - 📝File name: profesores_hijos, File Path: $/opt/***/data/to_upload/profesores_hijos.csv
[2023-07-26 15:51:39,995] {logging_mixin.py:115} INFO - LoadJob<project=viceinvestigacion, location=US, id=be30d88a-f87b-4a46-9df2-dc9b05b7276b>
[2023-07-26 15:51:39,998] {logging_mixin.py:115} INFO - 📝File name: profesores_validados, File Path: $/opt/***/data/to_upload/profesores_validados.csv
[2023-07-26 15:51:43,620] {logging_mixin.py:115} INFO - LoadJob<project=viceinvestigacion, location=US, id=8885048e-06fd-4321-9e9d-82d84e14d5ce>
[2023-07-26 15:51:43,623] {logging_mixin.py:115} INFO - 📝File name: profesores_validados_scopus_ids, File Path: $/opt/***/data/to_upload/profesores_validados_scopus_ids.csv
[2023-07-26 15:51:47,047] {logging_mixin.py:115} INFO - LoadJob<project=viceinvestigacion, location=US, id=2b7f01b3-3444-4511-8e2e-e3009b097ec8>
[2023-07-26 15:51:47,049] {logging_mixin.py:115} INFO - 📝File name: respositorio_inst, File Path: $/opt/***/data/to_upload/respositorio_inst.xlsx
[2023-07-26 15:52:16,757] {logging_mixin.py:115} INFO - LoadJob<project=viceinvestigacion, location=US, id=6d8eb6c7-b353-4e3b-b821-e2c06efb4880>
[2023-07-26 15:52:17,077] {taskinstance.py:1420} INFO - Marking task as SUCCESS. dag_id=vic_investigacion_ETL, task_id=upload_data_big_query, execution_date=20230726T155047, start_date=20230726T155115, end_date=20230726T155217
[2023-07-26 15:52:17,347] {local_task_job.py:156} INFO - Task exited with return code 0
[2023-07-26 15:52:17,378] {local_task_job.py:273} INFO - 0 downstream tasks scheduled from follow-on schedule check
