[2023-04-24 17:12:49,250] {taskinstance.py:1179} INFO - Dependencies all met for <TaskInstance: vic_investigacion_ETL.get_group_lac_data manual__2023-04-24T17:12:46.783653+00:00 [queued]>
[2023-04-24 17:12:49,265] {taskinstance.py:1179} INFO - Dependencies all met for <TaskInstance: vic_investigacion_ETL.get_group_lac_data manual__2023-04-24T17:12:46.783653+00:00 [queued]>
[2023-04-24 17:12:49,266] {taskinstance.py:1376} INFO - 
--------------------------------------------------------------------------------
[2023-04-24 17:12:49,268] {taskinstance.py:1377} INFO - Starting attempt 1 of 1
[2023-04-24 17:12:49,268] {taskinstance.py:1378} INFO - 
--------------------------------------------------------------------------------
[2023-04-24 17:12:49,280] {taskinstance.py:1397} INFO - Executing <Task(ReadGroupLAC): get_group_lac_data> on 2023-04-24 17:12:46.783653+00:00
[2023-04-24 17:12:49,289] {standard_task_runner.py:52} INFO - Started process 5444 to run task
[2023-04-24 17:12:49,295] {standard_task_runner.py:79} INFO - Running: ['***', 'tasks', 'run', 'vic_investigacion_ETL', 'get_group_lac_data', 'manual__2023-04-24T17:12:46.783653+00:00', '--job-id', '376', '--raw', '--subdir', 'DAGS_FOLDER/vic_investigacion_dag.py', '--cfg-path', '/tmp/tmpxpuuhibu', '--error-file', '/tmp/tmp8qdlcdoi']
[2023-04-24 17:12:49,300] {standard_task_runner.py:80} INFO - Job 376: Subtask get_group_lac_data
[2023-04-24 17:12:49,429] {task_command.py:371} INFO - Running <TaskInstance: vic_investigacion_ETL.get_group_lac_data manual__2023-04-24T17:12:46.783653+00:00 [running]> on host b136a0a45498
[2023-04-24 17:12:49,524] {taskinstance.py:1591} INFO - Exporting the following env vars:
AIRFLOW_CTX_DAG_OWNER=***
AIRFLOW_CTX_DAG_ID=vic_investigacion_ETL
AIRFLOW_CTX_TASK_ID=get_group_lac_data
AIRFLOW_CTX_EXECUTION_DATE=2023-04-24T17:12:46.783653+00:00
AIRFLOW_CTX_TRY_NUMBER=1
AIRFLOW_CTX_DAG_RUN_ID=manual__2023-04-24T17:12:46.783653+00:00
[2023-04-24 17:12:49,526] {logging_mixin.py:115} INFO - Getting Group LAC Data
[2023-04-24 17:12:49,547] {taskinstance.py:1420} INFO - Marking task as SUCCESS. dag_id=vic_investigacion_ETL, task_id=get_group_lac_data, execution_date=20230424T171246, start_date=20230424T171249, end_date=20230424T171249
[2023-04-24 17:12:49,591] {local_task_job.py:156} INFO - Task exited with return code 0
