[2023-07-04 23:08:20,137] {taskinstance.py:1179} INFO - Dependencies all met for <TaskInstance: vic_investigacion_ETL.upload_data_big_query manual__2023-07-04T23:08:16.427844+00:00 [queued]>
[2023-07-04 23:08:20,144] {taskinstance.py:1179} INFO - Dependencies all met for <TaskInstance: vic_investigacion_ETL.upload_data_big_query manual__2023-07-04T23:08:16.427844+00:00 [queued]>
[2023-07-04 23:08:20,145] {taskinstance.py:1376} INFO - 
--------------------------------------------------------------------------------
[2023-07-04 23:08:20,146] {taskinstance.py:1377} INFO - Starting attempt 1 of 1
[2023-07-04 23:08:20,146] {taskinstance.py:1378} INFO - 
--------------------------------------------------------------------------------
[2023-07-04 23:08:20,155] {taskinstance.py:1397} INFO - Executing <Task(ExportData): upload_data_big_query> on 2023-07-04 23:08:16.427844+00:00
[2023-07-04 23:08:20,160] {standard_task_runner.py:52} INFO - Started process 431 to run task
[2023-07-04 23:08:20,164] {standard_task_runner.py:79} INFO - Running: ['***', 'tasks', 'run', 'vic_investigacion_ETL', 'upload_data_big_query', 'manual__2023-07-04T23:08:16.427844+00:00', '--job-id', '30', '--raw', '--subdir', 'DAGS_FOLDER/vic_investigacion_dag.py', '--cfg-path', '/tmp/tmps0pqcpfj', '--error-file', '/tmp/tmpsnl7fkjp']
[2023-07-04 23:08:20,169] {standard_task_runner.py:80} INFO - Job 30: Subtask upload_data_big_query
[2023-07-04 23:08:20,230] {task_command.py:371} INFO - Running <TaskInstance: vic_investigacion_ETL.upload_data_big_query manual__2023-07-04T23:08:16.427844+00:00 [running]> on host f4f0af373b5a
[2023-07-04 23:08:20,288] {taskinstance.py:1591} INFO - Exporting the following env vars:
AIRFLOW_CTX_DAG_OWNER=***
AIRFLOW_CTX_DAG_ID=vic_investigacion_ETL
AIRFLOW_CTX_TASK_ID=upload_data_big_query
AIRFLOW_CTX_EXECUTION_DATE=2023-07-04T23:08:16.427844+00:00
AIRFLOW_CTX_TRY_NUMBER=1
AIRFLOW_CTX_DAG_RUN_ID=manual__2023-07-04T23:08:16.427844+00:00
[2023-07-04 23:08:20,290] {logging_mixin.py:115} INFO - Exporting Data
[2023-07-04 23:08:20,293] {logging_mixin.py:115} INFO - /opt/***/data/to_upload/journals.xlsx
[2023-07-04 23:08:26,646] {logging_mixin.py:115} INFO - LoadJob<project=viceinvestigacion, location=US, id=87cc0789-5e04-41be-8856-9322e72d0988>
[2023-07-04 23:08:26,648] {logging_mixin.py:115} INFO - /opt/***/data/to_upload/produccion_validados.csv
[2023-07-04 23:08:28,010] {logging_mixin.py:115} INFO - --
[2023-07-04 23:08:28,046] {taskinstance.py:1420} INFO - Marking task as SUCCESS. dag_id=vic_investigacion_ETL, task_id=upload_data_big_query, execution_date=20230704T230816, start_date=20230704T230820, end_date=20230704T230828
[2023-07-04 23:08:28,158] {local_task_job.py:156} INFO - Task exited with return code 0
[2023-07-04 23:08:28,180] {local_task_job.py:273} INFO - 0 downstream tasks scheduled from follow-on schedule check
