[2023-08-03 18:05:16,597] {taskinstance.py:1179} INFO - Dependencies all met for <TaskInstance: vic_investigacion_ETL.contratos manual__2023-08-03T18:05:13.451532+00:00 [queued]>
[2023-08-03 18:05:16,617] {taskinstance.py:1179} INFO - Dependencies all met for <TaskInstance: vic_investigacion_ETL.contratos manual__2023-08-03T18:05:13.451532+00:00 [queued]>
[2023-08-03 18:05:16,619] {taskinstance.py:1376} INFO - 
--------------------------------------------------------------------------------
[2023-08-03 18:05:16,620] {taskinstance.py:1377} INFO - Starting attempt 1 of 1
[2023-08-03 18:05:16,621] {taskinstance.py:1378} INFO - 
--------------------------------------------------------------------------------
[2023-08-03 18:05:16,641] {taskinstance.py:1397} INFO - Executing <Task(PrepareContratos): contratos> on 2023-08-03 18:05:13.451532+00:00
[2023-08-03 18:05:16,661] {standard_task_runner.py:52} INFO - Started process 138 to run task
[2023-08-03 18:05:16,673] {standard_task_runner.py:79} INFO - Running: ['***', 'tasks', 'run', 'vic_investigacion_ETL', 'contratos', 'manual__2023-08-03T18:05:13.451532+00:00', '--job-id', '228', '--raw', '--subdir', 'DAGS_FOLDER/vic_investigacion_dag.py', '--cfg-path', '/tmp/tmp1xci_3r4', '--error-file', '/tmp/tmpvvst8tps']
[2023-08-03 18:05:16,681] {standard_task_runner.py:80} INFO - Job 228: Subtask contratos
[2023-08-03 18:05:16,909] {task_command.py:371} INFO - Running <TaskInstance: vic_investigacion_ETL.contratos manual__2023-08-03T18:05:13.451532+00:00 [running]> on host 6c8a51d4a614
[2023-08-03 18:05:17,168] {taskinstance.py:1591} INFO - Exporting the following env vars:
AIRFLOW_CTX_DAG_OWNER=***
AIRFLOW_CTX_DAG_ID=vic_investigacion_ETL
AIRFLOW_CTX_TASK_ID=contratos
AIRFLOW_CTX_EXECUTION_DATE=2023-08-03T18:05:13.451532+00:00
AIRFLOW_CTX_TRY_NUMBER=1
AIRFLOW_CTX_DAG_RUN_ID=manual__2023-08-03T18:05:13.451532+00:00
[2023-08-03 18:05:17,183] {logging_mixin.py:115} INFO - Preparing contratos
[2023-08-03 18:07:57,109] {taskinstance.py:1420} INFO - Marking task as SUCCESS. dag_id=vic_investigacion_ETL, task_id=contratos, execution_date=20230803T180513, start_date=20230803T180516, end_date=20230803T180757
[2023-08-03 18:07:57,871] {local_task_job.py:156} INFO - Task exited with return code 0
