[2023-04-17 15:04:28,809] {taskinstance.py:1179} INFO - Dependencies all met for <TaskInstance: vic_investigacion_ETL.get_wos_data manual__2023-04-17T15:04:27.534649+00:00 [queued]>
[2023-04-17 15:04:28,819] {taskinstance.py:1179} INFO - Dependencies all met for <TaskInstance: vic_investigacion_ETL.get_wos_data manual__2023-04-17T15:04:27.534649+00:00 [queued]>
[2023-04-17 15:04:28,821] {taskinstance.py:1376} INFO - 
--------------------------------------------------------------------------------
[2023-04-17 15:04:28,822] {taskinstance.py:1377} INFO - Starting attempt 1 of 1
[2023-04-17 15:04:28,822] {taskinstance.py:1378} INFO - 
--------------------------------------------------------------------------------
[2023-04-17 15:04:28,836] {taskinstance.py:1397} INFO - Executing <Task(PythonOperator): get_wos_data> on 2023-04-17 15:04:27.534649+00:00
[2023-04-17 15:04:28,843] {standard_task_runner.py:52} INFO - Started process 392 to run task
[2023-04-17 15:04:28,857] {standard_task_runner.py:79} INFO - Running: ['***', 'tasks', 'run', 'vic_investigacion_ETL', 'get_wos_data', 'manual__2023-04-17T15:04:27.534649+00:00', '--job-id', '170', '--raw', '--subdir', 'DAGS_FOLDER/vic_investigacion_dag.py', '--cfg-path', '/tmp/tmp1jxn4naw', '--error-file', '/tmp/tmprop3v1ff']
[2023-04-17 15:04:28,862] {standard_task_runner.py:80} INFO - Job 170: Subtask get_wos_data
[2023-04-17 15:04:28,970] {task_command.py:371} INFO - Running <TaskInstance: vic_investigacion_ETL.get_wos_data manual__2023-04-17T15:04:27.534649+00:00 [running]> on host 6051ec54e0cc
[2023-04-17 15:04:29,053] {taskinstance.py:1591} INFO - Exporting the following env vars:
AIRFLOW_CTX_DAG_OWNER=***
AIRFLOW_CTX_DAG_ID=vic_investigacion_ETL
AIRFLOW_CTX_TASK_ID=get_wos_data
AIRFLOW_CTX_EXECUTION_DATE=2023-04-17T15:04:27.534649+00:00
AIRFLOW_CTX_TRY_NUMBER=1
AIRFLOW_CTX_DAG_RUN_ID=manual__2023-04-17T15:04:27.534649+00:00
[2023-04-17 15:04:29,057] {logging_mixin.py:115} INFO - Getting WOS Data
[2023-04-17 15:04:29,058] {python.py:173} INFO - Done. Returned value was: None
[2023-04-17 15:04:29,070] {taskinstance.py:1420} INFO - Marking task as SUCCESS. dag_id=vic_investigacion_ETL, task_id=get_wos_data, execution_date=20230417T150427, start_date=20230417T150428, end_date=20230417T150429
[2023-04-17 15:04:29,105] {local_task_job.py:156} INFO - Task exited with return code 0
[2023-04-17 15:04:29,321] {local_task_job.py:273} INFO - 1 downstream tasks scheduled from follow-on schedule check
