[2023-04-24 16:30:24,578] {taskinstance.py:1179} INFO - Dependencies all met for <TaskInstance: vic_investigacion_ETL.upload_data_big_query manual__2023-04-24T16:30:18.845614+00:00 [queued]>
[2023-04-24 16:30:24,590] {taskinstance.py:1179} INFO - Dependencies all met for <TaskInstance: vic_investigacion_ETL.upload_data_big_query manual__2023-04-24T16:30:18.845614+00:00 [queued]>
[2023-04-24 16:30:24,591] {taskinstance.py:1376} INFO - 
--------------------------------------------------------------------------------
[2023-04-24 16:30:24,592] {taskinstance.py:1377} INFO - Starting attempt 1 of 1
[2023-04-24 16:30:24,593] {taskinstance.py:1378} INFO - 
--------------------------------------------------------------------------------
[2023-04-24 16:30:24,603] {taskinstance.py:1397} INFO - Executing <Task(ExportData): upload_data_big_query> on 2023-04-24 16:30:18.845614+00:00
[2023-04-24 16:30:24,611] {standard_task_runner.py:52} INFO - Started process 3351 to run task
[2023-04-24 16:30:24,616] {standard_task_runner.py:79} INFO - Running: ['***', 'tasks', 'run', 'vic_investigacion_ETL', 'upload_data_big_query', 'manual__2023-04-24T16:30:18.845614+00:00', '--job-id', '333', '--raw', '--subdir', 'DAGS_FOLDER/vic_investigacion_dag.py', '--cfg-path', '/tmp/tmp_8qk9pbg', '--error-file', '/tmp/tmp8649cqys']
[2023-04-24 16:30:24,618] {standard_task_runner.py:80} INFO - Job 333: Subtask upload_data_big_query
[2023-04-24 16:30:24,683] {task_command.py:371} INFO - Running <TaskInstance: vic_investigacion_ETL.upload_data_big_query manual__2023-04-24T16:30:18.845614+00:00 [running]> on host b136a0a45498
[2023-04-24 16:30:24,743] {taskinstance.py:1591} INFO - Exporting the following env vars:
AIRFLOW_CTX_DAG_OWNER=***
AIRFLOW_CTX_DAG_ID=vic_investigacion_ETL
AIRFLOW_CTX_TASK_ID=upload_data_big_query
AIRFLOW_CTX_EXECUTION_DATE=2023-04-24T16:30:18.845614+00:00
AIRFLOW_CTX_TRY_NUMBER=1
AIRFLOW_CTX_DAG_RUN_ID=manual__2023-04-24T16:30:18.845614+00:00
[2023-04-24 16:30:24,745] {logging_mixin.py:115} INFO - Exporting Data
[2023-04-24 16:30:24,758] {logging_mixin.py:115} INFO - Scopus_id          int64
orcid             object
document-count     int64
cited-by-count     int64
citation-count     int64
pick_date         object
dtype: object
[2023-04-24 16:30:28,828] {logging_mixin.py:115} INFO - LoadJob<project=viceinvestigacion, location=US, id=378e0129-efa7-46d0-863d-27bbd99934ae>
[2023-04-24 16:30:28,863] {taskinstance.py:1420} INFO - Marking task as SUCCESS. dag_id=vic_investigacion_ETL, task_id=upload_data_big_query, execution_date=20230424T163018, start_date=20230424T163024, end_date=20230424T163028
[2023-04-24 16:30:28,917] {local_task_job.py:156} INFO - Task exited with return code 0
[2023-04-24 16:30:28,950] {local_task_job.py:273} INFO - 0 downstream tasks scheduled from follow-on schedule check
