[2023-04-24 16:24:24,099] {taskinstance.py:1179} INFO - Dependencies all met for <TaskInstance: vic_investigacion_ETL.prepare_cv_lac_data manual__2023-04-24T16:24:19.356730+00:00 [queued]>
[2023-04-24 16:24:24,106] {taskinstance.py:1179} INFO - Dependencies all met for <TaskInstance: vic_investigacion_ETL.prepare_cv_lac_data manual__2023-04-24T16:24:19.356730+00:00 [queued]>
[2023-04-24 16:24:24,107] {taskinstance.py:1376} INFO - 
--------------------------------------------------------------------------------
[2023-04-24 16:24:24,108] {taskinstance.py:1377} INFO - Starting attempt 1 of 1
[2023-04-24 16:24:24,109] {taskinstance.py:1378} INFO - 
--------------------------------------------------------------------------------
[2023-04-24 16:24:24,120] {taskinstance.py:1397} INFO - Executing <Task(PrepareCvLacData): prepare_cv_lac_data> on 2023-04-24 16:24:19.356730+00:00
[2023-04-24 16:24:24,132] {standard_task_runner.py:52} INFO - Started process 2974 to run task
[2023-04-24 16:24:24,137] {standard_task_runner.py:79} INFO - Running: ['***', 'tasks', 'run', 'vic_investigacion_ETL', 'prepare_cv_lac_data', 'manual__2023-04-24T16:24:19.356730+00:00', '--job-id', '301', '--raw', '--subdir', 'DAGS_FOLDER/vic_investigacion_dag.py', '--cfg-path', '/tmp/tmp9hu5qdsk', '--error-file', '/tmp/tmp71jzcf8d']
[2023-04-24 16:24:24,139] {standard_task_runner.py:80} INFO - Job 301: Subtask prepare_cv_lac_data
[2023-04-24 16:24:24,227] {task_command.py:371} INFO - Running <TaskInstance: vic_investigacion_ETL.prepare_cv_lac_data manual__2023-04-24T16:24:19.356730+00:00 [running]> on host b136a0a45498
[2023-04-24 16:24:24,309] {taskinstance.py:1591} INFO - Exporting the following env vars:
AIRFLOW_CTX_DAG_OWNER=***
AIRFLOW_CTX_DAG_ID=vic_investigacion_ETL
AIRFLOW_CTX_TASK_ID=prepare_cv_lac_data
AIRFLOW_CTX_EXECUTION_DATE=2023-04-24T16:24:19.356730+00:00
AIRFLOW_CTX_TRY_NUMBER=1
AIRFLOW_CTX_DAG_RUN_ID=manual__2023-04-24T16:24:19.356730+00:00
[2023-04-24 16:24:24,311] {logging_mixin.py:115} INFO - Preparing cv lac Data
[2023-04-24 16:24:24,328] {taskinstance.py:1420} INFO - Marking task as SUCCESS. dag_id=vic_investigacion_ETL, task_id=prepare_cv_lac_data, execution_date=20230424T162419, start_date=20230424T162424, end_date=20230424T162424
[2023-04-24 16:24:24,348] {local_task_job.py:156} INFO - Task exited with return code 0
