[2023-04-17 17:24:00,080] {processor.py:153} INFO - Started process (PID=8978) to work on /opt/airflow/dags/exporting_data_operator.py
[2023-04-17 17:24:00,081] {processor.py:641} INFO - Processing file /opt/airflow/dags/exporting_data_operator.py for tasks to queue
[2023-04-17 17:24:00,084] {logging_mixin.py:115} INFO - [2023-04-17 17:24:00,084] {dagbag.py:508} INFO - Filling up the DagBag from /opt/airflow/dags/exporting_data_operator.py
[2023-04-17 17:24:00,253] {processor.py:653} WARNING - No viable dags retrieved from /opt/airflow/dags/exporting_data_operator.py
[2023-04-17 17:24:00,267] {processor.py:161} INFO - Processing /opt/airflow/dags/exporting_data_operator.py took 0.191 seconds
[2023-04-17 17:24:30,764] {processor.py:153} INFO - Started process (PID=9013) to work on /opt/airflow/dags/exporting_data_operator.py
[2023-04-17 17:24:30,766] {processor.py:641} INFO - Processing file /opt/airflow/dags/exporting_data_operator.py for tasks to queue
[2023-04-17 17:24:30,767] {logging_mixin.py:115} INFO - [2023-04-17 17:24:30,767] {dagbag.py:508} INFO - Filling up the DagBag from /opt/airflow/dags/exporting_data_operator.py
[2023-04-17 17:24:30,905] {processor.py:653} WARNING - No viable dags retrieved from /opt/airflow/dags/exporting_data_operator.py
[2023-04-17 17:24:30,919] {processor.py:161} INFO - Processing /opt/airflow/dags/exporting_data_operator.py took 0.160 seconds
[2023-04-17 17:24:39,833] {processor.py:153} INFO - Started process (PID=9025) to work on /opt/airflow/dags/exporting_data_operator.py
[2023-04-17 17:24:39,834] {processor.py:641} INFO - Processing file /opt/airflow/dags/exporting_data_operator.py for tasks to queue
[2023-04-17 17:24:39,835] {logging_mixin.py:115} INFO - [2023-04-17 17:24:39,835] {dagbag.py:508} INFO - Filling up the DagBag from /opt/airflow/dags/exporting_data_operator.py
[2023-04-17 17:24:40,041] {processor.py:653} WARNING - No viable dags retrieved from /opt/airflow/dags/exporting_data_operator.py
[2023-04-17 17:24:40,063] {processor.py:161} INFO - Processing /opt/airflow/dags/exporting_data_operator.py took 0.236 seconds
[2023-04-17 17:25:10,384] {processor.py:153} INFO - Started process (PID=9059) to work on /opt/airflow/dags/exporting_data_operator.py
[2023-04-17 17:25:10,387] {processor.py:641} INFO - Processing file /opt/airflow/dags/exporting_data_operator.py for tasks to queue
[2023-04-17 17:25:10,388] {logging_mixin.py:115} INFO - [2023-04-17 17:25:10,388] {dagbag.py:508} INFO - Filling up the DagBag from /opt/airflow/dags/exporting_data_operator.py
[2023-04-17 17:25:10,626] {processor.py:653} WARNING - No viable dags retrieved from /opt/airflow/dags/exporting_data_operator.py
[2023-04-17 17:25:10,644] {processor.py:161} INFO - Processing /opt/airflow/dags/exporting_data_operator.py took 0.269 seconds
[2023-04-17 17:25:40,952] {processor.py:153} INFO - Started process (PID=9092) to work on /opt/airflow/dags/exporting_data_operator.py
[2023-04-17 17:25:40,953] {processor.py:641} INFO - Processing file /opt/airflow/dags/exporting_data_operator.py for tasks to queue
[2023-04-17 17:25:40,954] {logging_mixin.py:115} INFO - [2023-04-17 17:25:40,954] {dagbag.py:508} INFO - Filling up the DagBag from /opt/airflow/dags/exporting_data_operator.py
[2023-04-17 17:25:41,150] {processor.py:653} WARNING - No viable dags retrieved from /opt/airflow/dags/exporting_data_operator.py
[2023-04-17 17:25:41,166] {processor.py:161} INFO - Processing /opt/airflow/dags/exporting_data_operator.py took 0.217 seconds
[2023-04-17 17:26:11,587] {processor.py:153} INFO - Started process (PID=9117) to work on /opt/airflow/dags/exporting_data_operator.py
[2023-04-17 17:26:11,588] {processor.py:641} INFO - Processing file /opt/airflow/dags/exporting_data_operator.py for tasks to queue
[2023-04-17 17:26:11,590] {logging_mixin.py:115} INFO - [2023-04-17 17:26:11,590] {dagbag.py:508} INFO - Filling up the DagBag from /opt/airflow/dags/exporting_data_operator.py
[2023-04-17 17:26:11,761] {processor.py:653} WARNING - No viable dags retrieved from /opt/airflow/dags/exporting_data_operator.py
[2023-04-17 17:26:11,779] {processor.py:161} INFO - Processing /opt/airflow/dags/exporting_data_operator.py took 0.200 seconds
[2023-04-17 17:26:42,177] {processor.py:153} INFO - Started process (PID=9151) to work on /opt/airflow/dags/exporting_data_operator.py
[2023-04-17 17:26:42,178] {processor.py:641} INFO - Processing file /opt/airflow/dags/exporting_data_operator.py for tasks to queue
[2023-04-17 17:26:42,179] {logging_mixin.py:115} INFO - [2023-04-17 17:26:42,179] {dagbag.py:508} INFO - Filling up the DagBag from /opt/airflow/dags/exporting_data_operator.py
[2023-04-17 17:26:42,408] {processor.py:653} WARNING - No viable dags retrieved from /opt/airflow/dags/exporting_data_operator.py
[2023-04-17 17:26:42,430] {processor.py:161} INFO - Processing /opt/airflow/dags/exporting_data_operator.py took 0.260 seconds
[2023-04-17 17:27:12,675] {processor.py:153} INFO - Started process (PID=9185) to work on /opt/airflow/dags/exporting_data_operator.py
[2023-04-17 17:27:12,676] {processor.py:641} INFO - Processing file /opt/airflow/dags/exporting_data_operator.py for tasks to queue
[2023-04-17 17:27:12,677] {logging_mixin.py:115} INFO - [2023-04-17 17:27:12,677] {dagbag.py:508} INFO - Filling up the DagBag from /opt/airflow/dags/exporting_data_operator.py
[2023-04-17 17:27:12,845] {processor.py:653} WARNING - No viable dags retrieved from /opt/airflow/dags/exporting_data_operator.py
[2023-04-17 17:27:12,859] {processor.py:161} INFO - Processing /opt/airflow/dags/exporting_data_operator.py took 0.189 seconds
[2023-04-17 17:27:43,196] {processor.py:153} INFO - Started process (PID=9220) to work on /opt/airflow/dags/exporting_data_operator.py
[2023-04-17 17:27:43,199] {processor.py:641} INFO - Processing file /opt/airflow/dags/exporting_data_operator.py for tasks to queue
[2023-04-17 17:27:43,201] {logging_mixin.py:115} INFO - [2023-04-17 17:27:43,201] {dagbag.py:508} INFO - Filling up the DagBag from /opt/airflow/dags/exporting_data_operator.py
[2023-04-17 17:27:43,339] {processor.py:653} WARNING - No viable dags retrieved from /opt/airflow/dags/exporting_data_operator.py
[2023-04-17 17:27:43,352] {processor.py:161} INFO - Processing /opt/airflow/dags/exporting_data_operator.py took 0.163 seconds
[2023-04-17 17:27:46,261] {processor.py:153} INFO - Started process (PID=9222) to work on /opt/airflow/dags/exporting_data_operator.py
[2023-04-17 17:27:46,262] {processor.py:641} INFO - Processing file /opt/airflow/dags/exporting_data_operator.py for tasks to queue
[2023-04-17 17:27:46,263] {logging_mixin.py:115} INFO - [2023-04-17 17:27:46,263] {dagbag.py:508} INFO - Filling up the DagBag from /opt/airflow/dags/exporting_data_operator.py
[2023-04-17 17:27:46,871] {processor.py:653} WARNING - No viable dags retrieved from /opt/airflow/dags/exporting_data_operator.py
[2023-04-17 17:27:46,890] {processor.py:161} INFO - Processing /opt/airflow/dags/exporting_data_operator.py took 0.633 seconds
[2023-04-17 17:28:17,825] {processor.py:153} INFO - Started process (PID=9256) to work on /opt/airflow/dags/exporting_data_operator.py
[2023-04-17 17:28:17,828] {processor.py:641} INFO - Processing file /opt/airflow/dags/exporting_data_operator.py for tasks to queue
[2023-04-17 17:28:17,830] {logging_mixin.py:115} INFO - [2023-04-17 17:28:17,830] {dagbag.py:508} INFO - Filling up the DagBag from /opt/airflow/dags/exporting_data_operator.py
[2023-04-17 17:28:18,049] {processor.py:653} WARNING - No viable dags retrieved from /opt/airflow/dags/exporting_data_operator.py
[2023-04-17 17:28:18,069] {processor.py:161} INFO - Processing /opt/airflow/dags/exporting_data_operator.py took 0.249 seconds
[2023-04-17 17:29:13,624] {processor.py:153} INFO - Started process (PID=51) to work on /opt/airflow/dags/exporting_data_operator.py
[2023-04-17 17:29:13,626] {processor.py:641} INFO - Processing file /opt/airflow/dags/exporting_data_operator.py for tasks to queue
[2023-04-17 17:29:13,628] {logging_mixin.py:115} INFO - [2023-04-17 17:29:13,628] {dagbag.py:508} INFO - Filling up the DagBag from /opt/airflow/dags/exporting_data_operator.py
[2023-04-17 17:29:15,003] {processor.py:653} WARNING - No viable dags retrieved from /opt/airflow/dags/exporting_data_operator.py
[2023-04-17 17:29:15,031] {processor.py:161} INFO - Processing /opt/airflow/dags/exporting_data_operator.py took 1.410 seconds
[2023-04-17 17:29:45,320] {processor.py:153} INFO - Started process (PID=86) to work on /opt/airflow/dags/exporting_data_operator.py
[2023-04-17 17:29:45,322] {processor.py:641} INFO - Processing file /opt/airflow/dags/exporting_data_operator.py for tasks to queue
[2023-04-17 17:29:45,324] {logging_mixin.py:115} INFO - [2023-04-17 17:29:45,324] {dagbag.py:508} INFO - Filling up the DagBag from /opt/airflow/dags/exporting_data_operator.py
[2023-04-17 17:29:45,692] {processor.py:653} WARNING - No viable dags retrieved from /opt/airflow/dags/exporting_data_operator.py
[2023-04-17 17:29:45,707] {processor.py:161} INFO - Processing /opt/airflow/dags/exporting_data_operator.py took 0.392 seconds
[2023-04-17 17:30:16,110] {processor.py:153} INFO - Started process (PID=118) to work on /opt/airflow/dags/exporting_data_operator.py
[2023-04-17 17:30:16,113] {processor.py:641} INFO - Processing file /opt/airflow/dags/exporting_data_operator.py for tasks to queue
[2023-04-17 17:30:16,115] {logging_mixin.py:115} INFO - [2023-04-17 17:30:16,114] {dagbag.py:508} INFO - Filling up the DagBag from /opt/airflow/dags/exporting_data_operator.py
[2023-04-17 17:30:16,394] {processor.py:653} WARNING - No viable dags retrieved from /opt/airflow/dags/exporting_data_operator.py
[2023-04-17 17:30:16,406] {processor.py:161} INFO - Processing /opt/airflow/dags/exporting_data_operator.py took 0.306 seconds
[2023-04-17 17:30:46,779] {processor.py:153} INFO - Started process (PID=153) to work on /opt/airflow/dags/exporting_data_operator.py
[2023-04-17 17:30:46,782] {processor.py:641} INFO - Processing file /opt/airflow/dags/exporting_data_operator.py for tasks to queue
[2023-04-17 17:30:46,784] {logging_mixin.py:115} INFO - [2023-04-17 17:30:46,784] {dagbag.py:508} INFO - Filling up the DagBag from /opt/airflow/dags/exporting_data_operator.py
[2023-04-17 17:30:47,068] {processor.py:653} WARNING - No viable dags retrieved from /opt/airflow/dags/exporting_data_operator.py
[2023-04-17 17:30:47,081] {processor.py:161} INFO - Processing /opt/airflow/dags/exporting_data_operator.py took 0.313 seconds
[2023-04-17 17:31:17,486] {processor.py:153} INFO - Started process (PID=188) to work on /opt/airflow/dags/exporting_data_operator.py
[2023-04-17 17:31:17,489] {processor.py:641} INFO - Processing file /opt/airflow/dags/exporting_data_operator.py for tasks to queue
[2023-04-17 17:31:17,491] {logging_mixin.py:115} INFO - [2023-04-17 17:31:17,490] {dagbag.py:508} INFO - Filling up the DagBag from /opt/airflow/dags/exporting_data_operator.py
[2023-04-17 17:31:17,788] {processor.py:653} WARNING - No viable dags retrieved from /opt/airflow/dags/exporting_data_operator.py
[2023-04-17 17:31:17,801] {processor.py:161} INFO - Processing /opt/airflow/dags/exporting_data_operator.py took 0.324 seconds
[2023-04-17 17:31:48,140] {processor.py:153} INFO - Started process (PID=224) to work on /opt/airflow/dags/exporting_data_operator.py
[2023-04-17 17:31:48,141] {processor.py:641} INFO - Processing file /opt/airflow/dags/exporting_data_operator.py for tasks to queue
[2023-04-17 17:31:48,143] {logging_mixin.py:115} INFO - [2023-04-17 17:31:48,143] {dagbag.py:508} INFO - Filling up the DagBag from /opt/airflow/dags/exporting_data_operator.py
[2023-04-17 17:31:48,468] {processor.py:653} WARNING - No viable dags retrieved from /opt/airflow/dags/exporting_data_operator.py
[2023-04-17 17:31:48,483] {processor.py:161} INFO - Processing /opt/airflow/dags/exporting_data_operator.py took 0.349 seconds
[2023-04-17 17:32:18,899] {processor.py:153} INFO - Started process (PID=250) to work on /opt/airflow/dags/exporting_data_operator.py
[2023-04-17 17:32:18,901] {processor.py:641} INFO - Processing file /opt/airflow/dags/exporting_data_operator.py for tasks to queue
[2023-04-17 17:32:18,902] {logging_mixin.py:115} INFO - [2023-04-17 17:32:18,902] {dagbag.py:508} INFO - Filling up the DagBag from /opt/airflow/dags/exporting_data_operator.py
[2023-04-17 17:32:19,235] {processor.py:653} WARNING - No viable dags retrieved from /opt/airflow/dags/exporting_data_operator.py
[2023-04-17 17:32:19,249] {processor.py:161} INFO - Processing /opt/airflow/dags/exporting_data_operator.py took 0.358 seconds
[2023-04-17 17:32:49,670] {processor.py:153} INFO - Started process (PID=286) to work on /opt/airflow/dags/exporting_data_operator.py
[2023-04-17 17:32:49,672] {processor.py:641} INFO - Processing file /opt/airflow/dags/exporting_data_operator.py for tasks to queue
[2023-04-17 17:32:49,674] {logging_mixin.py:115} INFO - [2023-04-17 17:32:49,674] {dagbag.py:508} INFO - Filling up the DagBag from /opt/airflow/dags/exporting_data_operator.py
[2023-04-17 17:32:50,009] {processor.py:653} WARNING - No viable dags retrieved from /opt/airflow/dags/exporting_data_operator.py
[2023-04-17 17:32:50,023] {processor.py:161} INFO - Processing /opt/airflow/dags/exporting_data_operator.py took 0.362 seconds
[2023-04-17 17:33:20,400] {processor.py:153} INFO - Started process (PID=321) to work on /opt/airflow/dags/exporting_data_operator.py
[2023-04-17 17:33:20,402] {processor.py:641} INFO - Processing file /opt/airflow/dags/exporting_data_operator.py for tasks to queue
[2023-04-17 17:33:20,404] {logging_mixin.py:115} INFO - [2023-04-17 17:33:20,404] {dagbag.py:508} INFO - Filling up the DagBag from /opt/airflow/dags/exporting_data_operator.py
[2023-04-17 17:33:20,782] {processor.py:653} WARNING - No viable dags retrieved from /opt/airflow/dags/exporting_data_operator.py
[2023-04-17 17:33:20,800] {processor.py:161} INFO - Processing /opt/airflow/dags/exporting_data_operator.py took 0.407 seconds
[2023-04-17 17:33:51,165] {processor.py:153} INFO - Started process (PID=356) to work on /opt/airflow/dags/exporting_data_operator.py
[2023-04-17 17:33:51,167] {processor.py:641} INFO - Processing file /opt/airflow/dags/exporting_data_operator.py for tasks to queue
[2023-04-17 17:33:51,168] {logging_mixin.py:115} INFO - [2023-04-17 17:33:51,168] {dagbag.py:508} INFO - Filling up the DagBag from /opt/airflow/dags/exporting_data_operator.py
[2023-04-17 17:33:51,438] {processor.py:653} WARNING - No viable dags retrieved from /opt/airflow/dags/exporting_data_operator.py
[2023-04-17 17:33:51,450] {processor.py:161} INFO - Processing /opt/airflow/dags/exporting_data_operator.py took 0.291 seconds
[2023-04-17 17:34:09,981] {processor.py:153} INFO - Started process (PID=382) to work on /opt/airflow/dags/exporting_data_operator.py
[2023-04-17 17:34:09,983] {processor.py:641} INFO - Processing file /opt/airflow/dags/exporting_data_operator.py for tasks to queue
[2023-04-17 17:34:09,984] {logging_mixin.py:115} INFO - [2023-04-17 17:34:09,984] {dagbag.py:508} INFO - Filling up the DagBag from /opt/airflow/dags/exporting_data_operator.py
[2023-04-17 17:34:10,239] {processor.py:653} WARNING - No viable dags retrieved from /opt/airflow/dags/exporting_data_operator.py
[2023-04-17 17:34:10,256] {processor.py:161} INFO - Processing /opt/airflow/dags/exporting_data_operator.py took 0.280 seconds
[2023-04-17 17:34:18,099] {processor.py:153} INFO - Started process (PID=384) to work on /opt/airflow/dags/exporting_data_operator.py
[2023-04-17 17:34:18,101] {processor.py:641} INFO - Processing file /opt/airflow/dags/exporting_data_operator.py for tasks to queue
[2023-04-17 17:34:18,103] {logging_mixin.py:115} INFO - [2023-04-17 17:34:18,103] {dagbag.py:508} INFO - Filling up the DagBag from /opt/airflow/dags/exporting_data_operator.py
[2023-04-17 17:34:18,395] {processor.py:653} WARNING - No viable dags retrieved from /opt/airflow/dags/exporting_data_operator.py
[2023-04-17 17:34:18,415] {processor.py:161} INFO - Processing /opt/airflow/dags/exporting_data_operator.py took 0.326 seconds
[2023-04-17 17:34:48,943] {processor.py:153} INFO - Started process (PID=425) to work on /opt/airflow/dags/exporting_data_operator.py
[2023-04-17 17:34:48,944] {processor.py:641} INFO - Processing file /opt/airflow/dags/exporting_data_operator.py for tasks to queue
[2023-04-17 17:34:48,946] {logging_mixin.py:115} INFO - [2023-04-17 17:34:48,946] {dagbag.py:508} INFO - Filling up the DagBag from /opt/airflow/dags/exporting_data_operator.py
[2023-04-17 17:34:49,239] {processor.py:653} WARNING - No viable dags retrieved from /opt/airflow/dags/exporting_data_operator.py
[2023-04-17 17:34:49,282] {processor.py:161} INFO - Processing /opt/airflow/dags/exporting_data_operator.py took 0.345 seconds
[2023-04-17 17:35:19,475] {processor.py:153} INFO - Started process (PID=460) to work on /opt/airflow/dags/exporting_data_operator.py
[2023-04-17 17:35:19,478] {processor.py:641} INFO - Processing file /opt/airflow/dags/exporting_data_operator.py for tasks to queue
[2023-04-17 17:35:19,480] {logging_mixin.py:115} INFO - [2023-04-17 17:35:19,479] {dagbag.py:508} INFO - Filling up the DagBag from /opt/airflow/dags/exporting_data_operator.py
[2023-04-17 17:35:19,736] {processor.py:653} WARNING - No viable dags retrieved from /opt/airflow/dags/exporting_data_operator.py
[2023-04-17 17:35:19,755] {processor.py:161} INFO - Processing /opt/airflow/dags/exporting_data_operator.py took 0.285 seconds
[2023-04-17 17:35:49,950] {processor.py:153} INFO - Started process (PID=495) to work on /opt/airflow/dags/exporting_data_operator.py
[2023-04-17 17:35:49,952] {processor.py:641} INFO - Processing file /opt/airflow/dags/exporting_data_operator.py for tasks to queue
[2023-04-17 17:35:49,953] {logging_mixin.py:115} INFO - [2023-04-17 17:35:49,953] {dagbag.py:508} INFO - Filling up the DagBag from /opt/airflow/dags/exporting_data_operator.py
[2023-04-17 17:35:50,220] {processor.py:653} WARNING - No viable dags retrieved from /opt/airflow/dags/exporting_data_operator.py
[2023-04-17 17:35:50,235] {processor.py:161} INFO - Processing /opt/airflow/dags/exporting_data_operator.py took 0.294 seconds
[2023-04-17 17:36:10,666] {processor.py:153} INFO - Started process (PID=521) to work on /opt/airflow/dags/exporting_data_operator.py
[2023-04-17 17:36:10,667] {processor.py:641} INFO - Processing file /opt/airflow/dags/exporting_data_operator.py for tasks to queue
[2023-04-17 17:36:10,668] {logging_mixin.py:115} INFO - [2023-04-17 17:36:10,668] {dagbag.py:508} INFO - Filling up the DagBag from /opt/airflow/dags/exporting_data_operator.py
[2023-04-17 17:36:10,968] {processor.py:653} WARNING - No viable dags retrieved from /opt/airflow/dags/exporting_data_operator.py
[2023-04-17 17:36:10,991] {processor.py:161} INFO - Processing /opt/airflow/dags/exporting_data_operator.py took 0.328 seconds
[2023-04-17 17:36:41,487] {processor.py:153} INFO - Started process (PID=553) to work on /opt/airflow/dags/exporting_data_operator.py
[2023-04-17 17:36:41,490] {processor.py:641} INFO - Processing file /opt/airflow/dags/exporting_data_operator.py for tasks to queue
[2023-04-17 17:36:41,492] {logging_mixin.py:115} INFO - [2023-04-17 17:36:41,492] {dagbag.py:508} INFO - Filling up the DagBag from /opt/airflow/dags/exporting_data_operator.py
[2023-04-17 17:36:41,688] {processor.py:653} WARNING - No viable dags retrieved from /opt/airflow/dags/exporting_data_operator.py
[2023-04-17 17:36:41,701] {processor.py:161} INFO - Processing /opt/airflow/dags/exporting_data_operator.py took 0.221 seconds
[2023-04-17 17:37:12,203] {processor.py:153} INFO - Started process (PID=588) to work on /opt/airflow/dags/exporting_data_operator.py
[2023-04-17 17:37:12,205] {processor.py:641} INFO - Processing file /opt/airflow/dags/exporting_data_operator.py for tasks to queue
[2023-04-17 17:37:12,207] {logging_mixin.py:115} INFO - [2023-04-17 17:37:12,207] {dagbag.py:508} INFO - Filling up the DagBag from /opt/airflow/dags/exporting_data_operator.py
[2023-04-17 17:37:12,431] {processor.py:653} WARNING - No viable dags retrieved from /opt/airflow/dags/exporting_data_operator.py
[2023-04-17 17:37:12,446] {processor.py:161} INFO - Processing /opt/airflow/dags/exporting_data_operator.py took 0.249 seconds
[2023-04-17 17:37:14,355] {processor.py:153} INFO - Started process (PID=590) to work on /opt/airflow/dags/exporting_data_operator.py
[2023-04-17 17:37:14,356] {processor.py:641} INFO - Processing file /opt/airflow/dags/exporting_data_operator.py for tasks to queue
[2023-04-17 17:37:14,358] {logging_mixin.py:115} INFO - [2023-04-17 17:37:14,358] {dagbag.py:508} INFO - Filling up the DagBag from /opt/airflow/dags/exporting_data_operator.py
[2023-04-17 17:37:14,602] {processor.py:653} WARNING - No viable dags retrieved from /opt/airflow/dags/exporting_data_operator.py
[2023-04-17 17:37:14,625] {processor.py:161} INFO - Processing /opt/airflow/dags/exporting_data_operator.py took 0.272 seconds
[2023-04-17 17:37:44,935] {processor.py:153} INFO - Started process (PID=631) to work on /opt/airflow/dags/exporting_data_operator.py
[2023-04-17 17:37:44,937] {processor.py:641} INFO - Processing file /opt/airflow/dags/exporting_data_operator.py for tasks to queue
[2023-04-17 17:37:44,938] {logging_mixin.py:115} INFO - [2023-04-17 17:37:44,938] {dagbag.py:508} INFO - Filling up the DagBag from /opt/airflow/dags/exporting_data_operator.py
[2023-04-17 17:37:45,176] {processor.py:653} WARNING - No viable dags retrieved from /opt/airflow/dags/exporting_data_operator.py
[2023-04-17 17:37:45,197] {processor.py:161} INFO - Processing /opt/airflow/dags/exporting_data_operator.py took 0.269 seconds
[2023-04-17 17:38:15,592] {processor.py:153} INFO - Started process (PID=666) to work on /opt/airflow/dags/exporting_data_operator.py
[2023-04-17 17:38:15,593] {processor.py:641} INFO - Processing file /opt/airflow/dags/exporting_data_operator.py for tasks to queue
[2023-04-17 17:38:15,594] {logging_mixin.py:115} INFO - [2023-04-17 17:38:15,594] {dagbag.py:508} INFO - Filling up the DagBag from /opt/airflow/dags/exporting_data_operator.py
[2023-04-17 17:38:15,809] {processor.py:653} WARNING - No viable dags retrieved from /opt/airflow/dags/exporting_data_operator.py
[2023-04-17 17:38:15,831] {processor.py:161} INFO - Processing /opt/airflow/dags/exporting_data_operator.py took 0.242 seconds
[2023-04-17 17:38:46,202] {processor.py:153} INFO - Started process (PID=702) to work on /opt/airflow/dags/exporting_data_operator.py
[2023-04-17 17:38:46,203] {processor.py:641} INFO - Processing file /opt/airflow/dags/exporting_data_operator.py for tasks to queue
[2023-04-17 17:38:46,204] {logging_mixin.py:115} INFO - [2023-04-17 17:38:46,204] {dagbag.py:508} INFO - Filling up the DagBag from /opt/airflow/dags/exporting_data_operator.py
[2023-04-17 17:38:46,469] {processor.py:653} WARNING - No viable dags retrieved from /opt/airflow/dags/exporting_data_operator.py
[2023-04-17 17:38:46,488] {processor.py:161} INFO - Processing /opt/airflow/dags/exporting_data_operator.py took 0.289 seconds
[2023-04-17 17:38:54,285] {processor.py:153} INFO - Started process (PID=704) to work on /opt/airflow/dags/exporting_data_operator.py
[2023-04-17 17:38:54,286] {processor.py:641} INFO - Processing file /opt/airflow/dags/exporting_data_operator.py for tasks to queue
[2023-04-17 17:38:54,288] {logging_mixin.py:115} INFO - [2023-04-17 17:38:54,288] {dagbag.py:508} INFO - Filling up the DagBag from /opt/airflow/dags/exporting_data_operator.py
[2023-04-17 17:38:54,638] {processor.py:653} WARNING - No viable dags retrieved from /opt/airflow/dags/exporting_data_operator.py
[2023-04-17 17:38:54,667] {processor.py:161} INFO - Processing /opt/airflow/dags/exporting_data_operator.py took 0.391 seconds
[2023-04-17 17:39:25,399] {processor.py:153} INFO - Started process (PID=745) to work on /opt/airflow/dags/exporting_data_operator.py
[2023-04-17 17:39:25,400] {processor.py:641} INFO - Processing file /opt/airflow/dags/exporting_data_operator.py for tasks to queue
[2023-04-17 17:39:25,402] {logging_mixin.py:115} INFO - [2023-04-17 17:39:25,402] {dagbag.py:508} INFO - Filling up the DagBag from /opt/airflow/dags/exporting_data_operator.py
[2023-04-17 17:39:25,645] {processor.py:653} WARNING - No viable dags retrieved from /opt/airflow/dags/exporting_data_operator.py
[2023-04-17 17:39:25,660] {processor.py:161} INFO - Processing /opt/airflow/dags/exporting_data_operator.py took 0.268 seconds
[2023-04-17 17:39:56,154] {processor.py:153} INFO - Started process (PID=780) to work on /opt/airflow/dags/exporting_data_operator.py
[2023-04-17 17:39:56,156] {processor.py:641} INFO - Processing file /opt/airflow/dags/exporting_data_operator.py for tasks to queue
[2023-04-17 17:39:56,157] {logging_mixin.py:115} INFO - [2023-04-17 17:39:56,157] {dagbag.py:508} INFO - Filling up the DagBag from /opt/airflow/dags/exporting_data_operator.py
[2023-04-17 17:39:56,423] {processor.py:653} WARNING - No viable dags retrieved from /opt/airflow/dags/exporting_data_operator.py
[2023-04-17 17:39:56,443] {processor.py:161} INFO - Processing /opt/airflow/dags/exporting_data_operator.py took 0.293 seconds
[2023-04-17 17:40:26,625] {processor.py:153} INFO - Started process (PID=815) to work on /opt/airflow/dags/exporting_data_operator.py
[2023-04-17 17:40:26,632] {processor.py:641} INFO - Processing file /opt/airflow/dags/exporting_data_operator.py for tasks to queue
[2023-04-17 17:40:26,635] {logging_mixin.py:115} INFO - [2023-04-17 17:40:26,634] {dagbag.py:508} INFO - Filling up the DagBag from /opt/airflow/dags/exporting_data_operator.py
[2023-04-17 17:40:26,892] {processor.py:653} WARNING - No viable dags retrieved from /opt/airflow/dags/exporting_data_operator.py
[2023-04-17 17:40:26,908] {processor.py:161} INFO - Processing /opt/airflow/dags/exporting_data_operator.py took 0.294 seconds
[2023-04-17 17:40:32,875] {processor.py:153} INFO - Started process (PID=821) to work on /opt/airflow/dags/exporting_data_operator.py
[2023-04-17 17:40:32,877] {processor.py:641} INFO - Processing file /opt/airflow/dags/exporting_data_operator.py for tasks to queue
[2023-04-17 17:40:32,878] {logging_mixin.py:115} INFO - [2023-04-17 17:40:32,878] {dagbag.py:508} INFO - Filling up the DagBag from /opt/airflow/dags/exporting_data_operator.py
[2023-04-17 17:40:33,125] {processor.py:653} WARNING - No viable dags retrieved from /opt/airflow/dags/exporting_data_operator.py
[2023-04-17 17:40:33,144] {processor.py:161} INFO - Processing /opt/airflow/dags/exporting_data_operator.py took 0.276 seconds
[2023-04-17 17:41:03,842] {processor.py:153} INFO - Started process (PID=856) to work on /opt/airflow/dags/exporting_data_operator.py
[2023-04-17 17:41:03,845] {processor.py:641} INFO - Processing file /opt/airflow/dags/exporting_data_operator.py for tasks to queue
[2023-04-17 17:41:03,849] {logging_mixin.py:115} INFO - [2023-04-17 17:41:03,849] {dagbag.py:508} INFO - Filling up the DagBag from /opt/airflow/dags/exporting_data_operator.py
[2023-04-17 17:41:04,170] {processor.py:653} WARNING - No viable dags retrieved from /opt/airflow/dags/exporting_data_operator.py
[2023-04-17 17:41:04,194] {processor.py:161} INFO - Processing /opt/airflow/dags/exporting_data_operator.py took 0.373 seconds
[2023-04-17 17:41:34,636] {processor.py:153} INFO - Started process (PID=892) to work on /opt/airflow/dags/exporting_data_operator.py
[2023-04-17 17:41:34,638] {processor.py:641} INFO - Processing file /opt/airflow/dags/exporting_data_operator.py for tasks to queue
[2023-04-17 17:41:34,640] {logging_mixin.py:115} INFO - [2023-04-17 17:41:34,640] {dagbag.py:508} INFO - Filling up the DagBag from /opt/airflow/dags/exporting_data_operator.py
[2023-04-17 17:41:34,836] {processor.py:653} WARNING - No viable dags retrieved from /opt/airflow/dags/exporting_data_operator.py
[2023-04-17 17:41:34,848] {processor.py:161} INFO - Processing /opt/airflow/dags/exporting_data_operator.py took 0.224 seconds
[2023-04-17 17:42:05,326] {processor.py:153} INFO - Started process (PID=928) to work on /opt/airflow/dags/exporting_data_operator.py
[2023-04-17 17:42:05,328] {processor.py:641} INFO - Processing file /opt/airflow/dags/exporting_data_operator.py for tasks to queue
[2023-04-17 17:42:05,329] {logging_mixin.py:115} INFO - [2023-04-17 17:42:05,329] {dagbag.py:508} INFO - Filling up the DagBag from /opt/airflow/dags/exporting_data_operator.py
[2023-04-17 17:42:05,563] {processor.py:653} WARNING - No viable dags retrieved from /opt/airflow/dags/exporting_data_operator.py
[2023-04-17 17:42:05,577] {processor.py:161} INFO - Processing /opt/airflow/dags/exporting_data_operator.py took 0.260 seconds
[2023-04-17 17:42:36,830] {processor.py:153} INFO - Started process (PID=954) to work on /opt/airflow/dags/exporting_data_operator.py
[2023-04-17 17:42:36,833] {processor.py:641} INFO - Processing file /opt/airflow/dags/exporting_data_operator.py for tasks to queue
[2023-04-17 17:42:36,839] {logging_mixin.py:115} INFO - [2023-04-17 17:42:36,839] {dagbag.py:508} INFO - Filling up the DagBag from /opt/airflow/dags/exporting_data_operator.py
[2023-04-17 17:42:37,723] {processor.py:653} WARNING - No viable dags retrieved from /opt/airflow/dags/exporting_data_operator.py
[2023-04-17 17:42:37,850] {processor.py:161} INFO - Processing /opt/airflow/dags/exporting_data_operator.py took 1.043 seconds
[2023-04-17 17:43:08,651] {processor.py:153} INFO - Started process (PID=989) to work on /opt/airflow/dags/exporting_data_operator.py
[2023-04-17 17:43:08,657] {processor.py:641} INFO - Processing file /opt/airflow/dags/exporting_data_operator.py for tasks to queue
[2023-04-17 17:43:08,661] {logging_mixin.py:115} INFO - [2023-04-17 17:43:08,661] {dagbag.py:508} INFO - Filling up the DagBag from /opt/airflow/dags/exporting_data_operator.py
[2023-04-17 17:43:09,079] {processor.py:653} WARNING - No viable dags retrieved from /opt/airflow/dags/exporting_data_operator.py
[2023-04-17 17:43:09,130] {processor.py:161} INFO - Processing /opt/airflow/dags/exporting_data_operator.py took 0.497 seconds
[2023-04-17 17:43:39,486] {processor.py:153} INFO - Started process (PID=1023) to work on /opt/airflow/dags/exporting_data_operator.py
[2023-04-17 17:43:39,487] {processor.py:641} INFO - Processing file /opt/airflow/dags/exporting_data_operator.py for tasks to queue
[2023-04-17 17:43:39,488] {logging_mixin.py:115} INFO - [2023-04-17 17:43:39,488] {dagbag.py:508} INFO - Filling up the DagBag from /opt/airflow/dags/exporting_data_operator.py
[2023-04-17 17:43:39,826] {processor.py:653} WARNING - No viable dags retrieved from /opt/airflow/dags/exporting_data_operator.py
[2023-04-17 17:43:39,858] {processor.py:161} INFO - Processing /opt/airflow/dags/exporting_data_operator.py took 0.376 seconds
[2023-04-17 21:12:59,764] {processor.py:153} INFO - Started process (PID=42) to work on /opt/airflow/dags/exporting_data_operator.py
[2023-04-17 21:12:59,772] {processor.py:641} INFO - Processing file /opt/airflow/dags/exporting_data_operator.py for tasks to queue
[2023-04-17 21:12:59,774] {logging_mixin.py:115} INFO - [2023-04-17 21:12:59,774] {dagbag.py:508} INFO - Filling up the DagBag from /opt/airflow/dags/exporting_data_operator.py
[2023-04-17 21:13:00,375] {processor.py:653} WARNING - No viable dags retrieved from /opt/airflow/dags/exporting_data_operator.py
[2023-04-17 21:13:00,411] {processor.py:161} INFO - Processing /opt/airflow/dags/exporting_data_operator.py took 0.657 seconds
[2023-04-17 21:13:31,333] {processor.py:153} INFO - Started process (PID=77) to work on /opt/airflow/dags/exporting_data_operator.py
[2023-04-17 21:13:31,334] {processor.py:641} INFO - Processing file /opt/airflow/dags/exporting_data_operator.py for tasks to queue
[2023-04-17 21:13:31,335] {logging_mixin.py:115} INFO - [2023-04-17 21:13:31,335] {dagbag.py:508} INFO - Filling up the DagBag from /opt/airflow/dags/exporting_data_operator.py
[2023-04-17 21:13:31,796] {processor.py:653} WARNING - No viable dags retrieved from /opt/airflow/dags/exporting_data_operator.py
[2023-04-17 21:13:31,811] {processor.py:161} INFO - Processing /opt/airflow/dags/exporting_data_operator.py took 0.485 seconds
[2023-04-17 21:14:02,388] {processor.py:153} INFO - Started process (PID=113) to work on /opt/airflow/dags/exporting_data_operator.py
[2023-04-17 21:14:02,390] {processor.py:641} INFO - Processing file /opt/airflow/dags/exporting_data_operator.py for tasks to queue
[2023-04-17 21:14:02,391] {logging_mixin.py:115} INFO - [2023-04-17 21:14:02,391] {dagbag.py:508} INFO - Filling up the DagBag from /opt/airflow/dags/exporting_data_operator.py
[2023-04-17 21:14:02,857] {processor.py:653} WARNING - No viable dags retrieved from /opt/airflow/dags/exporting_data_operator.py
[2023-04-17 21:14:02,897] {processor.py:161} INFO - Processing /opt/airflow/dags/exporting_data_operator.py took 0.513 seconds
[2023-04-17 21:14:33,428] {processor.py:153} INFO - Started process (PID=149) to work on /opt/airflow/dags/exporting_data_operator.py
[2023-04-17 21:14:33,429] {processor.py:641} INFO - Processing file /opt/airflow/dags/exporting_data_operator.py for tasks to queue
[2023-04-17 21:14:33,431] {logging_mixin.py:115} INFO - [2023-04-17 21:14:33,431] {dagbag.py:508} INFO - Filling up the DagBag from /opt/airflow/dags/exporting_data_operator.py
[2023-04-17 21:14:33,945] {processor.py:653} WARNING - No viable dags retrieved from /opt/airflow/dags/exporting_data_operator.py
[2023-04-17 21:14:33,968] {processor.py:161} INFO - Processing /opt/airflow/dags/exporting_data_operator.py took 0.546 seconds
[2023-04-17 21:15:04,782] {processor.py:153} INFO - Started process (PID=190) to work on /opt/airflow/dags/exporting_data_operator.py
[2023-04-17 21:15:04,784] {processor.py:641} INFO - Processing file /opt/airflow/dags/exporting_data_operator.py for tasks to queue
[2023-04-17 21:15:04,786] {logging_mixin.py:115} INFO - [2023-04-17 21:15:04,786] {dagbag.py:508} INFO - Filling up the DagBag from /opt/airflow/dags/exporting_data_operator.py
[2023-04-17 21:15:05,328] {processor.py:653} WARNING - No viable dags retrieved from /opt/airflow/dags/exporting_data_operator.py
[2023-04-17 21:15:05,343] {processor.py:161} INFO - Processing /opt/airflow/dags/exporting_data_operator.py took 0.568 seconds
[2023-04-17 21:15:35,993] {processor.py:153} INFO - Started process (PID=217) to work on /opt/airflow/dags/exporting_data_operator.py
[2023-04-17 21:15:35,997] {processor.py:641} INFO - Processing file /opt/airflow/dags/exporting_data_operator.py for tasks to queue
[2023-04-17 21:15:35,998] {logging_mixin.py:115} INFO - [2023-04-17 21:15:35,998] {dagbag.py:508} INFO - Filling up the DagBag from /opt/airflow/dags/exporting_data_operator.py
[2023-04-17 21:15:36,462] {processor.py:653} WARNING - No viable dags retrieved from /opt/airflow/dags/exporting_data_operator.py
[2023-04-17 21:15:36,478] {processor.py:161} INFO - Processing /opt/airflow/dags/exporting_data_operator.py took 0.493 seconds
[2023-04-17 21:16:07,545] {processor.py:153} INFO - Started process (PID=258) to work on /opt/airflow/dags/exporting_data_operator.py
[2023-04-17 21:16:07,548] {processor.py:641} INFO - Processing file /opt/airflow/dags/exporting_data_operator.py for tasks to queue
[2023-04-17 21:16:07,549] {logging_mixin.py:115} INFO - [2023-04-17 21:16:07,549] {dagbag.py:508} INFO - Filling up the DagBag from /opt/airflow/dags/exporting_data_operator.py
[2023-04-17 21:16:07,889] {processor.py:653} WARNING - No viable dags retrieved from /opt/airflow/dags/exporting_data_operator.py
[2023-04-17 21:16:07,900] {processor.py:161} INFO - Processing /opt/airflow/dags/exporting_data_operator.py took 0.359 seconds
[2023-04-17 21:16:38,358] {processor.py:153} INFO - Started process (PID=293) to work on /opt/airflow/dags/exporting_data_operator.py
[2023-04-17 21:16:38,361] {processor.py:641} INFO - Processing file /opt/airflow/dags/exporting_data_operator.py for tasks to queue
[2023-04-17 21:16:38,362] {logging_mixin.py:115} INFO - [2023-04-17 21:16:38,362] {dagbag.py:508} INFO - Filling up the DagBag from /opt/airflow/dags/exporting_data_operator.py
[2023-04-17 21:16:38,821] {processor.py:653} WARNING - No viable dags retrieved from /opt/airflow/dags/exporting_data_operator.py
[2023-04-17 21:16:38,832] {processor.py:161} INFO - Processing /opt/airflow/dags/exporting_data_operator.py took 0.491 seconds
[2023-04-17 21:17:09,225] {processor.py:153} INFO - Started process (PID=331) to work on /opt/airflow/dags/exporting_data_operator.py
[2023-04-17 21:17:09,227] {processor.py:641} INFO - Processing file /opt/airflow/dags/exporting_data_operator.py for tasks to queue
[2023-04-17 21:17:09,228] {logging_mixin.py:115} INFO - [2023-04-17 21:17:09,228] {dagbag.py:508} INFO - Filling up the DagBag from /opt/airflow/dags/exporting_data_operator.py
[2023-04-17 21:17:09,584] {processor.py:653} WARNING - No viable dags retrieved from /opt/airflow/dags/exporting_data_operator.py
[2023-04-17 21:17:09,598] {processor.py:161} INFO - Processing /opt/airflow/dags/exporting_data_operator.py took 0.376 seconds
[2023-04-17 21:17:39,756] {processor.py:153} INFO - Started process (PID=366) to work on /opt/airflow/dags/exporting_data_operator.py
[2023-04-17 21:17:39,758] {processor.py:641} INFO - Processing file /opt/airflow/dags/exporting_data_operator.py for tasks to queue
[2023-04-17 21:17:39,758] {logging_mixin.py:115} INFO - [2023-04-17 21:17:39,758] {dagbag.py:508} INFO - Filling up the DagBag from /opt/airflow/dags/exporting_data_operator.py
[2023-04-17 21:17:40,106] {processor.py:653} WARNING - No viable dags retrieved from /opt/airflow/dags/exporting_data_operator.py
[2023-04-17 21:17:40,117] {processor.py:161} INFO - Processing /opt/airflow/dags/exporting_data_operator.py took 0.364 seconds
[2023-04-17 21:18:10,432] {processor.py:153} INFO - Started process (PID=400) to work on /opt/airflow/dags/exporting_data_operator.py
[2023-04-17 21:18:10,433] {processor.py:641} INFO - Processing file /opt/airflow/dags/exporting_data_operator.py for tasks to queue
[2023-04-17 21:18:10,434] {logging_mixin.py:115} INFO - [2023-04-17 21:18:10,434] {dagbag.py:508} INFO - Filling up the DagBag from /opt/airflow/dags/exporting_data_operator.py
[2023-04-17 21:18:10,906] {processor.py:653} WARNING - No viable dags retrieved from /opt/airflow/dags/exporting_data_operator.py
[2023-04-17 21:18:10,919] {processor.py:161} INFO - Processing /opt/airflow/dags/exporting_data_operator.py took 0.490 seconds
[2023-04-17 21:18:41,042] {processor.py:153} INFO - Started process (PID=430) to work on /opt/airflow/dags/exporting_data_operator.py
[2023-04-17 21:18:41,048] {processor.py:641} INFO - Processing file /opt/airflow/dags/exporting_data_operator.py for tasks to queue
[2023-04-17 21:18:41,051] {logging_mixin.py:115} INFO - [2023-04-17 21:18:41,051] {dagbag.py:508} INFO - Filling up the DagBag from /opt/airflow/dags/exporting_data_operator.py
[2023-04-17 21:18:41,689] {processor.py:653} WARNING - No viable dags retrieved from /opt/airflow/dags/exporting_data_operator.py
[2023-04-17 21:18:41,707] {processor.py:161} INFO - Processing /opt/airflow/dags/exporting_data_operator.py took 0.675 seconds
[2023-04-17 21:19:12,171] {processor.py:153} INFO - Started process (PID=472) to work on /opt/airflow/dags/exporting_data_operator.py
[2023-04-17 21:19:12,173] {processor.py:641} INFO - Processing file /opt/airflow/dags/exporting_data_operator.py for tasks to queue
[2023-04-17 21:19:12,174] {logging_mixin.py:115} INFO - [2023-04-17 21:19:12,174] {dagbag.py:508} INFO - Filling up the DagBag from /opt/airflow/dags/exporting_data_operator.py
[2023-04-17 21:19:12,648] {processor.py:653} WARNING - No viable dags retrieved from /opt/airflow/dags/exporting_data_operator.py
[2023-04-17 21:19:12,680] {processor.py:161} INFO - Processing /opt/airflow/dags/exporting_data_operator.py took 0.516 seconds
[2023-04-17 21:19:43,237] {processor.py:153} INFO - Started process (PID=507) to work on /opt/airflow/dags/exporting_data_operator.py
[2023-04-17 21:19:43,239] {processor.py:641} INFO - Processing file /opt/airflow/dags/exporting_data_operator.py for tasks to queue
[2023-04-17 21:19:43,240] {logging_mixin.py:115} INFO - [2023-04-17 21:19:43,240] {dagbag.py:508} INFO - Filling up the DagBag from /opt/airflow/dags/exporting_data_operator.py
[2023-04-17 21:19:43,713] {processor.py:653} WARNING - No viable dags retrieved from /opt/airflow/dags/exporting_data_operator.py
[2023-04-17 21:19:43,725] {processor.py:161} INFO - Processing /opt/airflow/dags/exporting_data_operator.py took 0.495 seconds
[2023-04-17 21:21:55,877] {processor.py:153} INFO - Started process (PID=534) to work on /opt/airflow/dags/exporting_data_operator.py
[2023-04-17 21:21:55,878] {processor.py:641} INFO - Processing file /opt/airflow/dags/exporting_data_operator.py for tasks to queue
[2023-04-17 21:21:55,880] {logging_mixin.py:115} INFO - [2023-04-17 21:21:55,880] {dagbag.py:508} INFO - Filling up the DagBag from /opt/airflow/dags/exporting_data_operator.py
[2023-04-17 21:21:56,427] {processor.py:653} WARNING - No viable dags retrieved from /opt/airflow/dags/exporting_data_operator.py
[2023-04-17 21:21:56,478] {processor.py:161} INFO - Processing /opt/airflow/dags/exporting_data_operator.py took 0.622 seconds
[2023-04-17 21:22:27,074] {processor.py:153} INFO - Started process (PID=569) to work on /opt/airflow/dags/exporting_data_operator.py
[2023-04-17 21:22:27,075] {processor.py:641} INFO - Processing file /opt/airflow/dags/exporting_data_operator.py for tasks to queue
[2023-04-17 21:22:27,077] {logging_mixin.py:115} INFO - [2023-04-17 21:22:27,077] {dagbag.py:508} INFO - Filling up the DagBag from /opt/airflow/dags/exporting_data_operator.py
[2023-04-17 21:22:27,590] {processor.py:653} WARNING - No viable dags retrieved from /opt/airflow/dags/exporting_data_operator.py
[2023-04-17 21:22:27,621] {processor.py:161} INFO - Processing /opt/airflow/dags/exporting_data_operator.py took 0.552 seconds
[2023-04-17 21:22:58,280] {processor.py:153} INFO - Started process (PID=603) to work on /opt/airflow/dags/exporting_data_operator.py
[2023-04-17 21:22:58,283] {processor.py:641} INFO - Processing file /opt/airflow/dags/exporting_data_operator.py for tasks to queue
[2023-04-17 21:22:58,284] {logging_mixin.py:115} INFO - [2023-04-17 21:22:58,284] {dagbag.py:508} INFO - Filling up the DagBag from /opt/airflow/dags/exporting_data_operator.py
[2023-04-17 21:22:58,732] {processor.py:653} WARNING - No viable dags retrieved from /opt/airflow/dags/exporting_data_operator.py
[2023-04-17 21:22:58,747] {processor.py:161} INFO - Processing /opt/airflow/dags/exporting_data_operator.py took 0.474 seconds
[2023-04-17 21:23:29,396] {processor.py:153} INFO - Started process (PID=638) to work on /opt/airflow/dags/exporting_data_operator.py
[2023-04-17 21:23:29,399] {processor.py:641} INFO - Processing file /opt/airflow/dags/exporting_data_operator.py for tasks to queue
[2023-04-17 21:23:29,401] {logging_mixin.py:115} INFO - [2023-04-17 21:23:29,401] {dagbag.py:508} INFO - Filling up the DagBag from /opt/airflow/dags/exporting_data_operator.py
[2023-04-17 21:23:29,871] {processor.py:653} WARNING - No viable dags retrieved from /opt/airflow/dags/exporting_data_operator.py
[2023-04-17 21:23:29,894] {processor.py:161} INFO - Processing /opt/airflow/dags/exporting_data_operator.py took 0.505 seconds
[2023-04-17 21:24:00,547] {processor.py:153} INFO - Started process (PID=673) to work on /opt/airflow/dags/exporting_data_operator.py
[2023-04-17 21:24:00,548] {processor.py:641} INFO - Processing file /opt/airflow/dags/exporting_data_operator.py for tasks to queue
[2023-04-17 21:24:00,549] {logging_mixin.py:115} INFO - [2023-04-17 21:24:00,549] {dagbag.py:508} INFO - Filling up the DagBag from /opt/airflow/dags/exporting_data_operator.py
[2023-04-17 21:24:01,040] {processor.py:653} WARNING - No viable dags retrieved from /opt/airflow/dags/exporting_data_operator.py
[2023-04-17 21:24:01,057] {processor.py:161} INFO - Processing /opt/airflow/dags/exporting_data_operator.py took 0.513 seconds
[2023-04-17 21:24:31,993] {processor.py:153} INFO - Started process (PID=707) to work on /opt/airflow/dags/exporting_data_operator.py
[2023-04-17 21:24:31,996] {processor.py:641} INFO - Processing file /opt/airflow/dags/exporting_data_operator.py for tasks to queue
[2023-04-17 21:24:31,998] {logging_mixin.py:115} INFO - [2023-04-17 21:24:31,998] {dagbag.py:508} INFO - Filling up the DagBag from /opt/airflow/dags/exporting_data_operator.py
[2023-04-17 21:24:32,732] {processor.py:653} WARNING - No viable dags retrieved from /opt/airflow/dags/exporting_data_operator.py
[2023-04-17 21:24:32,749] {processor.py:161} INFO - Processing /opt/airflow/dags/exporting_data_operator.py took 0.781 seconds
[2023-04-17 21:25:03,348] {processor.py:153} INFO - Started process (PID=734) to work on /opt/airflow/dags/exporting_data_operator.py
[2023-04-17 21:25:03,354] {processor.py:641} INFO - Processing file /opt/airflow/dags/exporting_data_operator.py for tasks to queue
[2023-04-17 21:25:03,357] {logging_mixin.py:115} INFO - [2023-04-17 21:25:03,357] {dagbag.py:508} INFO - Filling up the DagBag from /opt/airflow/dags/exporting_data_operator.py
[2023-04-17 21:25:03,875] {processor.py:653} WARNING - No viable dags retrieved from /opt/airflow/dags/exporting_data_operator.py
[2023-04-17 21:25:03,892] {processor.py:161} INFO - Processing /opt/airflow/dags/exporting_data_operator.py took 0.557 seconds
[2023-04-17 21:25:34,526] {processor.py:153} INFO - Started process (PID=770) to work on /opt/airflow/dags/exporting_data_operator.py
[2023-04-17 21:25:34,528] {processor.py:641} INFO - Processing file /opt/airflow/dags/exporting_data_operator.py for tasks to queue
[2023-04-17 21:25:34,529] {logging_mixin.py:115} INFO - [2023-04-17 21:25:34,529] {dagbag.py:508} INFO - Filling up the DagBag from /opt/airflow/dags/exporting_data_operator.py
[2023-04-17 21:25:35,020] {processor.py:653} WARNING - No viable dags retrieved from /opt/airflow/dags/exporting_data_operator.py
[2023-04-17 21:25:35,039] {processor.py:161} INFO - Processing /opt/airflow/dags/exporting_data_operator.py took 0.516 seconds
[2023-04-17 21:26:05,610] {processor.py:153} INFO - Started process (PID=805) to work on /opt/airflow/dags/exporting_data_operator.py
[2023-04-17 21:26:05,613] {processor.py:641} INFO - Processing file /opt/airflow/dags/exporting_data_operator.py for tasks to queue
[2023-04-17 21:26:05,614] {logging_mixin.py:115} INFO - [2023-04-17 21:26:05,614] {dagbag.py:508} INFO - Filling up the DagBag from /opt/airflow/dags/exporting_data_operator.py
[2023-04-17 21:26:06,048] {processor.py:653} WARNING - No viable dags retrieved from /opt/airflow/dags/exporting_data_operator.py
[2023-04-17 21:26:06,065] {processor.py:161} INFO - Processing /opt/airflow/dags/exporting_data_operator.py took 0.460 seconds
[2023-04-17 21:26:36,644] {processor.py:153} INFO - Started process (PID=840) to work on /opt/airflow/dags/exporting_data_operator.py
[2023-04-17 21:26:36,647] {processor.py:641} INFO - Processing file /opt/airflow/dags/exporting_data_operator.py for tasks to queue
[2023-04-17 21:26:36,648] {logging_mixin.py:115} INFO - [2023-04-17 21:26:36,648] {dagbag.py:508} INFO - Filling up the DagBag from /opt/airflow/dags/exporting_data_operator.py
[2023-04-17 21:26:37,162] {processor.py:653} WARNING - No viable dags retrieved from /opt/airflow/dags/exporting_data_operator.py
[2023-04-17 21:26:37,183] {processor.py:161} INFO - Processing /opt/airflow/dags/exporting_data_operator.py took 0.545 seconds
[2023-04-17 21:27:07,873] {processor.py:153} INFO - Started process (PID=875) to work on /opt/airflow/dags/exporting_data_operator.py
[2023-04-17 21:27:07,875] {processor.py:641} INFO - Processing file /opt/airflow/dags/exporting_data_operator.py for tasks to queue
[2023-04-17 21:27:07,876] {logging_mixin.py:115} INFO - [2023-04-17 21:27:07,876] {dagbag.py:508} INFO - Filling up the DagBag from /opt/airflow/dags/exporting_data_operator.py
[2023-04-17 21:27:08,336] {processor.py:653} WARNING - No viable dags retrieved from /opt/airflow/dags/exporting_data_operator.py
[2023-04-17 21:27:08,354] {processor.py:161} INFO - Processing /opt/airflow/dags/exporting_data_operator.py took 0.485 seconds
[2023-04-17 21:27:38,911] {processor.py:153} INFO - Started process (PID=911) to work on /opt/airflow/dags/exporting_data_operator.py
[2023-04-17 21:27:38,913] {processor.py:641} INFO - Processing file /opt/airflow/dags/exporting_data_operator.py for tasks to queue
[2023-04-17 21:27:38,914] {logging_mixin.py:115} INFO - [2023-04-17 21:27:38,914] {dagbag.py:508} INFO - Filling up the DagBag from /opt/airflow/dags/exporting_data_operator.py
[2023-04-17 21:27:39,460] {processor.py:653} WARNING - No viable dags retrieved from /opt/airflow/dags/exporting_data_operator.py
[2023-04-17 21:27:39,474] {processor.py:161} INFO - Processing /opt/airflow/dags/exporting_data_operator.py took 0.569 seconds
[2023-04-17 21:28:10,048] {processor.py:153} INFO - Started process (PID=937) to work on /opt/airflow/dags/exporting_data_operator.py
[2023-04-17 21:28:10,050] {processor.py:641} INFO - Processing file /opt/airflow/dags/exporting_data_operator.py for tasks to queue
[2023-04-17 21:28:10,052] {logging_mixin.py:115} INFO - [2023-04-17 21:28:10,052] {dagbag.py:508} INFO - Filling up the DagBag from /opt/airflow/dags/exporting_data_operator.py
[2023-04-17 21:28:10,568] {processor.py:653} WARNING - No viable dags retrieved from /opt/airflow/dags/exporting_data_operator.py
[2023-04-17 21:28:10,591] {processor.py:161} INFO - Processing /opt/airflow/dags/exporting_data_operator.py took 0.546 seconds
[2023-04-17 21:28:41,151] {processor.py:153} INFO - Started process (PID=972) to work on /opt/airflow/dags/exporting_data_operator.py
[2023-04-17 21:28:41,153] {processor.py:641} INFO - Processing file /opt/airflow/dags/exporting_data_operator.py for tasks to queue
[2023-04-17 21:28:41,154] {logging_mixin.py:115} INFO - [2023-04-17 21:28:41,154] {dagbag.py:508} INFO - Filling up the DagBag from /opt/airflow/dags/exporting_data_operator.py
[2023-04-17 21:28:41,627] {processor.py:653} WARNING - No viable dags retrieved from /opt/airflow/dags/exporting_data_operator.py
[2023-04-17 21:28:41,648] {processor.py:161} INFO - Processing /opt/airflow/dags/exporting_data_operator.py took 0.500 seconds
[2023-04-17 21:33:16,301] {processor.py:153} INFO - Started process (PID=52) to work on /opt/airflow/dags/exporting_data_operator.py
[2023-04-17 21:33:16,303] {processor.py:641} INFO - Processing file /opt/airflow/dags/exporting_data_operator.py for tasks to queue
[2023-04-17 21:33:16,307] {logging_mixin.py:115} INFO - [2023-04-17 21:33:16,307] {dagbag.py:508} INFO - Filling up the DagBag from /opt/airflow/dags/exporting_data_operator.py
[2023-04-17 21:33:17,430] {processor.py:653} WARNING - No viable dags retrieved from /opt/airflow/dags/exporting_data_operator.py
[2023-04-17 21:33:17,472] {processor.py:161} INFO - Processing /opt/airflow/dags/exporting_data_operator.py took 1.175 seconds
[2023-04-17 21:33:48,355] {processor.py:153} INFO - Started process (PID=78) to work on /opt/airflow/dags/exporting_data_operator.py
[2023-04-17 21:33:48,358] {processor.py:641} INFO - Processing file /opt/airflow/dags/exporting_data_operator.py for tasks to queue
[2023-04-17 21:33:48,361] {logging_mixin.py:115} INFO - [2023-04-17 21:33:48,361] {dagbag.py:508} INFO - Filling up the DagBag from /opt/airflow/dags/exporting_data_operator.py
[2023-04-17 21:33:48,790] {processor.py:653} WARNING - No viable dags retrieved from /opt/airflow/dags/exporting_data_operator.py
[2023-04-17 21:33:48,813] {processor.py:161} INFO - Processing /opt/airflow/dags/exporting_data_operator.py took 0.467 seconds
[2023-04-17 21:34:19,259] {processor.py:153} INFO - Started process (PID=112) to work on /opt/airflow/dags/exporting_data_operator.py
[2023-04-17 21:34:19,260] {processor.py:641} INFO - Processing file /opt/airflow/dags/exporting_data_operator.py for tasks to queue
[2023-04-17 21:34:19,261] {logging_mixin.py:115} INFO - [2023-04-17 21:34:19,261] {dagbag.py:508} INFO - Filling up the DagBag from /opt/airflow/dags/exporting_data_operator.py
[2023-04-17 21:34:19,560] {processor.py:653} WARNING - No viable dags retrieved from /opt/airflow/dags/exporting_data_operator.py
[2023-04-17 21:34:19,587] {processor.py:161} INFO - Processing /opt/airflow/dags/exporting_data_operator.py took 0.331 seconds
[2023-04-17 21:34:50,017] {processor.py:153} INFO - Started process (PID=147) to work on /opt/airflow/dags/exporting_data_operator.py
[2023-04-17 21:34:50,019] {processor.py:641} INFO - Processing file /opt/airflow/dags/exporting_data_operator.py for tasks to queue
[2023-04-17 21:34:50,021] {logging_mixin.py:115} INFO - [2023-04-17 21:34:50,021] {dagbag.py:508} INFO - Filling up the DagBag from /opt/airflow/dags/exporting_data_operator.py
[2023-04-17 21:34:50,338] {processor.py:653} WARNING - No viable dags retrieved from /opt/airflow/dags/exporting_data_operator.py
[2023-04-17 21:34:50,361] {processor.py:161} INFO - Processing /opt/airflow/dags/exporting_data_operator.py took 0.350 seconds
[2023-04-17 21:35:20,805] {processor.py:153} INFO - Started process (PID=182) to work on /opt/airflow/dags/exporting_data_operator.py
[2023-04-17 21:35:20,808] {processor.py:641} INFO - Processing file /opt/airflow/dags/exporting_data_operator.py for tasks to queue
[2023-04-17 21:35:20,809] {logging_mixin.py:115} INFO - [2023-04-17 21:35:20,809] {dagbag.py:508} INFO - Filling up the DagBag from /opt/airflow/dags/exporting_data_operator.py
[2023-04-17 21:35:21,059] {processor.py:653} WARNING - No viable dags retrieved from /opt/airflow/dags/exporting_data_operator.py
[2023-04-17 21:35:21,078] {processor.py:161} INFO - Processing /opt/airflow/dags/exporting_data_operator.py took 0.276 seconds
[2023-04-17 21:35:51,482] {processor.py:153} INFO - Started process (PID=223) to work on /opt/airflow/dags/exporting_data_operator.py
[2023-04-17 21:35:51,492] {processor.py:641} INFO - Processing file /opt/airflow/dags/exporting_data_operator.py for tasks to queue
[2023-04-17 21:35:51,494] {logging_mixin.py:115} INFO - [2023-04-17 21:35:51,494] {dagbag.py:508} INFO - Filling up the DagBag from /opt/airflow/dags/exporting_data_operator.py
[2023-04-17 21:35:51,868] {processor.py:653} WARNING - No viable dags retrieved from /opt/airflow/dags/exporting_data_operator.py
[2023-04-17 21:35:51,889] {processor.py:161} INFO - Processing /opt/airflow/dags/exporting_data_operator.py took 0.414 seconds
[2023-04-17 21:36:22,416] {processor.py:153} INFO - Started process (PID=249) to work on /opt/airflow/dags/exporting_data_operator.py
[2023-04-17 21:36:22,419] {processor.py:641} INFO - Processing file /opt/airflow/dags/exporting_data_operator.py for tasks to queue
[2023-04-17 21:36:22,420] {logging_mixin.py:115} INFO - [2023-04-17 21:36:22,420] {dagbag.py:508} INFO - Filling up the DagBag from /opt/airflow/dags/exporting_data_operator.py
[2023-04-17 21:36:22,798] {processor.py:653} WARNING - No viable dags retrieved from /opt/airflow/dags/exporting_data_operator.py
[2023-04-17 21:36:22,824] {processor.py:161} INFO - Processing /opt/airflow/dags/exporting_data_operator.py took 0.413 seconds
[2023-04-17 21:36:53,345] {processor.py:153} INFO - Started process (PID=284) to work on /opt/airflow/dags/exporting_data_operator.py
[2023-04-17 21:36:53,346] {processor.py:641} INFO - Processing file /opt/airflow/dags/exporting_data_operator.py for tasks to queue
[2023-04-17 21:36:53,347] {logging_mixin.py:115} INFO - [2023-04-17 21:36:53,347] {dagbag.py:508} INFO - Filling up the DagBag from /opt/airflow/dags/exporting_data_operator.py
[2023-04-17 21:36:53,683] {processor.py:653} WARNING - No viable dags retrieved from /opt/airflow/dags/exporting_data_operator.py
[2023-04-17 21:36:53,716] {processor.py:161} INFO - Processing /opt/airflow/dags/exporting_data_operator.py took 0.375 seconds
[2023-04-17 21:37:24,193] {processor.py:153} INFO - Started process (PID=319) to work on /opt/airflow/dags/exporting_data_operator.py
[2023-04-17 21:37:24,195] {processor.py:641} INFO - Processing file /opt/airflow/dags/exporting_data_operator.py for tasks to queue
[2023-04-17 21:37:24,197] {logging_mixin.py:115} INFO - [2023-04-17 21:37:24,196] {dagbag.py:508} INFO - Filling up the DagBag from /opt/airflow/dags/exporting_data_operator.py
[2023-04-17 21:37:24,485] {processor.py:653} WARNING - No viable dags retrieved from /opt/airflow/dags/exporting_data_operator.py
[2023-04-17 21:37:24,526] {processor.py:161} INFO - Processing /opt/airflow/dags/exporting_data_operator.py took 0.339 seconds
[2023-04-17 21:37:54,944] {processor.py:153} INFO - Started process (PID=354) to work on /opt/airflow/dags/exporting_data_operator.py
[2023-04-17 21:37:54,946] {processor.py:641} INFO - Processing file /opt/airflow/dags/exporting_data_operator.py for tasks to queue
[2023-04-17 21:37:54,948] {logging_mixin.py:115} INFO - [2023-04-17 21:37:54,947] {dagbag.py:508} INFO - Filling up the DagBag from /opt/airflow/dags/exporting_data_operator.py
[2023-04-17 21:37:55,259] {processor.py:653} WARNING - No viable dags retrieved from /opt/airflow/dags/exporting_data_operator.py
[2023-04-17 21:37:55,282] {processor.py:161} INFO - Processing /opt/airflow/dags/exporting_data_operator.py took 0.344 seconds
[2023-04-17 21:38:25,806] {processor.py:153} INFO - Started process (PID=389) to work on /opt/airflow/dags/exporting_data_operator.py
[2023-04-17 21:38:25,808] {processor.py:641} INFO - Processing file /opt/airflow/dags/exporting_data_operator.py for tasks to queue
[2023-04-17 21:38:25,810] {logging_mixin.py:115} INFO - [2023-04-17 21:38:25,810] {dagbag.py:508} INFO - Filling up the DagBag from /opt/airflow/dags/exporting_data_operator.py
[2023-04-17 21:38:26,098] {processor.py:653} WARNING - No viable dags retrieved from /opt/airflow/dags/exporting_data_operator.py
[2023-04-17 21:38:26,118] {processor.py:161} INFO - Processing /opt/airflow/dags/exporting_data_operator.py took 0.318 seconds
[2023-04-17 21:38:56,550] {processor.py:153} INFO - Started process (PID=424) to work on /opt/airflow/dags/exporting_data_operator.py
[2023-04-17 21:38:56,552] {processor.py:641} INFO - Processing file /opt/airflow/dags/exporting_data_operator.py for tasks to queue
[2023-04-17 21:38:56,553] {logging_mixin.py:115} INFO - [2023-04-17 21:38:56,553] {dagbag.py:508} INFO - Filling up the DagBag from /opt/airflow/dags/exporting_data_operator.py
[2023-04-17 21:38:56,864] {processor.py:653} WARNING - No viable dags retrieved from /opt/airflow/dags/exporting_data_operator.py
[2023-04-17 21:38:56,898] {processor.py:161} INFO - Processing /opt/airflow/dags/exporting_data_operator.py took 0.353 seconds
[2023-04-17 21:39:27,354] {processor.py:153} INFO - Started process (PID=450) to work on /opt/airflow/dags/exporting_data_operator.py
[2023-04-17 21:39:27,356] {processor.py:641} INFO - Processing file /opt/airflow/dags/exporting_data_operator.py for tasks to queue
[2023-04-17 21:39:27,359] {logging_mixin.py:115} INFO - [2023-04-17 21:39:27,359] {dagbag.py:508} INFO - Filling up the DagBag from /opt/airflow/dags/exporting_data_operator.py
[2023-04-17 21:39:27,666] {processor.py:653} WARNING - No viable dags retrieved from /opt/airflow/dags/exporting_data_operator.py
[2023-04-17 21:39:27,699] {processor.py:161} INFO - Processing /opt/airflow/dags/exporting_data_operator.py took 0.360 seconds
[2023-04-17 21:40:01,624] {processor.py:153} INFO - Started process (PID=492) to work on /opt/airflow/dags/exporting_data_operator.py
[2023-04-17 21:40:01,628] {processor.py:641} INFO - Processing file /opt/airflow/dags/exporting_data_operator.py for tasks to queue
[2023-04-17 21:40:01,635] {logging_mixin.py:115} INFO - [2023-04-17 21:40:01,635] {dagbag.py:508} INFO - Filling up the DagBag from /opt/airflow/dags/exporting_data_operator.py
[2023-04-17 21:40:02,097] {processor.py:653} WARNING - No viable dags retrieved from /opt/airflow/dags/exporting_data_operator.py
[2023-04-17 21:40:02,128] {processor.py:161} INFO - Processing /opt/airflow/dags/exporting_data_operator.py took 0.512 seconds
[2023-04-17 21:40:32,576] {processor.py:153} INFO - Started process (PID=520) to work on /opt/airflow/dags/exporting_data_operator.py
[2023-04-17 21:40:32,577] {processor.py:641} INFO - Processing file /opt/airflow/dags/exporting_data_operator.py for tasks to queue
[2023-04-17 21:40:32,578] {logging_mixin.py:115} INFO - [2023-04-17 21:40:32,578] {dagbag.py:508} INFO - Filling up the DagBag from /opt/airflow/dags/exporting_data_operator.py
[2023-04-17 21:40:32,824] {processor.py:653} WARNING - No viable dags retrieved from /opt/airflow/dags/exporting_data_operator.py
[2023-04-17 21:40:32,840] {processor.py:161} INFO - Processing /opt/airflow/dags/exporting_data_operator.py took 0.267 seconds
[2023-04-17 21:41:03,261] {processor.py:153} INFO - Started process (PID=555) to work on /opt/airflow/dags/exporting_data_operator.py
[2023-04-17 21:41:03,263] {processor.py:641} INFO - Processing file /opt/airflow/dags/exporting_data_operator.py for tasks to queue
[2023-04-17 21:41:03,265] {logging_mixin.py:115} INFO - [2023-04-17 21:41:03,265] {dagbag.py:508} INFO - Filling up the DagBag from /opt/airflow/dags/exporting_data_operator.py
[2023-04-17 21:41:03,549] {processor.py:653} WARNING - No viable dags retrieved from /opt/airflow/dags/exporting_data_operator.py
[2023-04-17 21:41:03,567] {processor.py:161} INFO - Processing /opt/airflow/dags/exporting_data_operator.py took 0.311 seconds
[2023-04-17 21:41:34,065] {processor.py:153} INFO - Started process (PID=590) to work on /opt/airflow/dags/exporting_data_operator.py
[2023-04-17 21:41:34,067] {processor.py:641} INFO - Processing file /opt/airflow/dags/exporting_data_operator.py for tasks to queue
[2023-04-17 21:41:34,068] {logging_mixin.py:115} INFO - [2023-04-17 21:41:34,068] {dagbag.py:508} INFO - Filling up the DagBag from /opt/airflow/dags/exporting_data_operator.py
[2023-04-17 21:41:34,350] {processor.py:653} WARNING - No viable dags retrieved from /opt/airflow/dags/exporting_data_operator.py
[2023-04-17 21:41:34,369] {processor.py:161} INFO - Processing /opt/airflow/dags/exporting_data_operator.py took 0.310 seconds
[2023-04-17 21:42:04,878] {processor.py:153} INFO - Started process (PID=626) to work on /opt/airflow/dags/exporting_data_operator.py
[2023-04-17 21:42:04,879] {processor.py:641} INFO - Processing file /opt/airflow/dags/exporting_data_operator.py for tasks to queue
[2023-04-17 21:42:04,881] {logging_mixin.py:115} INFO - [2023-04-17 21:42:04,880] {dagbag.py:508} INFO - Filling up the DagBag from /opt/airflow/dags/exporting_data_operator.py
[2023-04-17 21:42:05,155] {processor.py:653} WARNING - No viable dags retrieved from /opt/airflow/dags/exporting_data_operator.py
[2023-04-17 21:42:05,175] {processor.py:161} INFO - Processing /opt/airflow/dags/exporting_data_operator.py took 0.301 seconds
[2023-04-17 21:42:35,595] {processor.py:153} INFO - Started process (PID=661) to work on /opt/airflow/dags/exporting_data_operator.py
[2023-04-17 21:42:35,599] {processor.py:641} INFO - Processing file /opt/airflow/dags/exporting_data_operator.py for tasks to queue
[2023-04-17 21:42:35,603] {logging_mixin.py:115} INFO - [2023-04-17 21:42:35,603] {dagbag.py:508} INFO - Filling up the DagBag from /opt/airflow/dags/exporting_data_operator.py
[2023-04-17 21:42:35,973] {processor.py:653} WARNING - No viable dags retrieved from /opt/airflow/dags/exporting_data_operator.py
[2023-04-17 21:42:35,994] {processor.py:161} INFO - Processing /opt/airflow/dags/exporting_data_operator.py took 0.413 seconds
[2023-04-17 21:43:06,451] {processor.py:153} INFO - Started process (PID=688) to work on /opt/airflow/dags/exporting_data_operator.py
[2023-04-17 21:43:06,454] {processor.py:641} INFO - Processing file /opt/airflow/dags/exporting_data_operator.py for tasks to queue
[2023-04-17 21:43:06,456] {logging_mixin.py:115} INFO - [2023-04-17 21:43:06,456] {dagbag.py:508} INFO - Filling up the DagBag from /opt/airflow/dags/exporting_data_operator.py
[2023-04-17 21:43:06,779] {processor.py:653} WARNING - No viable dags retrieved from /opt/airflow/dags/exporting_data_operator.py
[2023-04-17 21:43:06,800] {processor.py:161} INFO - Processing /opt/airflow/dags/exporting_data_operator.py took 0.355 seconds
[2023-04-17 21:43:37,288] {processor.py:153} INFO - Started process (PID=723) to work on /opt/airflow/dags/exporting_data_operator.py
[2023-04-17 21:43:37,291] {processor.py:641} INFO - Processing file /opt/airflow/dags/exporting_data_operator.py for tasks to queue
[2023-04-17 21:43:37,293] {logging_mixin.py:115} INFO - [2023-04-17 21:43:37,293] {dagbag.py:508} INFO - Filling up the DagBag from /opt/airflow/dags/exporting_data_operator.py
[2023-04-17 21:43:37,558] {processor.py:653} WARNING - No viable dags retrieved from /opt/airflow/dags/exporting_data_operator.py
[2023-04-17 21:43:37,578] {processor.py:161} INFO - Processing /opt/airflow/dags/exporting_data_operator.py took 0.300 seconds
[2023-04-17 21:44:08,021] {processor.py:153} INFO - Started process (PID=758) to work on /opt/airflow/dags/exporting_data_operator.py
[2023-04-17 21:44:08,023] {processor.py:641} INFO - Processing file /opt/airflow/dags/exporting_data_operator.py for tasks to queue
[2023-04-17 21:44:08,025] {logging_mixin.py:115} INFO - [2023-04-17 21:44:08,025] {dagbag.py:508} INFO - Filling up the DagBag from /opt/airflow/dags/exporting_data_operator.py
[2023-04-17 21:44:08,293] {processor.py:653} WARNING - No viable dags retrieved from /opt/airflow/dags/exporting_data_operator.py
[2023-04-17 21:44:08,319] {processor.py:161} INFO - Processing /opt/airflow/dags/exporting_data_operator.py took 0.306 seconds
[2023-04-17 21:44:38,799] {processor.py:153} INFO - Started process (PID=794) to work on /opt/airflow/dags/exporting_data_operator.py
[2023-04-17 21:44:38,801] {processor.py:641} INFO - Processing file /opt/airflow/dags/exporting_data_operator.py for tasks to queue
[2023-04-17 21:44:38,802] {logging_mixin.py:115} INFO - [2023-04-17 21:44:38,802] {dagbag.py:508} INFO - Filling up the DagBag from /opt/airflow/dags/exporting_data_operator.py
[2023-04-17 21:44:39,078] {processor.py:653} WARNING - No viable dags retrieved from /opt/airflow/dags/exporting_data_operator.py
[2023-04-17 21:44:39,098] {processor.py:161} INFO - Processing /opt/airflow/dags/exporting_data_operator.py took 0.307 seconds
[2023-04-17 21:45:09,543] {processor.py:153} INFO - Started process (PID=829) to work on /opt/airflow/dags/exporting_data_operator.py
[2023-04-17 21:45:09,545] {processor.py:641} INFO - Processing file /opt/airflow/dags/exporting_data_operator.py for tasks to queue
[2023-04-17 21:45:09,545] {logging_mixin.py:115} INFO - [2023-04-17 21:45:09,545] {dagbag.py:508} INFO - Filling up the DagBag from /opt/airflow/dags/exporting_data_operator.py
[2023-04-17 21:45:09,846] {processor.py:653} WARNING - No viable dags retrieved from /opt/airflow/dags/exporting_data_operator.py
[2023-04-17 21:45:09,866] {processor.py:161} INFO - Processing /opt/airflow/dags/exporting_data_operator.py took 0.327 seconds
[2023-04-17 21:45:40,417] {processor.py:153} INFO - Started process (PID=855) to work on /opt/airflow/dags/exporting_data_operator.py
[2023-04-17 21:45:40,419] {processor.py:641} INFO - Processing file /opt/airflow/dags/exporting_data_operator.py for tasks to queue
[2023-04-17 21:45:40,421] {logging_mixin.py:115} INFO - [2023-04-17 21:45:40,421] {dagbag.py:508} INFO - Filling up the DagBag from /opt/airflow/dags/exporting_data_operator.py
[2023-04-17 21:45:40,711] {processor.py:653} WARNING - No viable dags retrieved from /opt/airflow/dags/exporting_data_operator.py
[2023-04-17 21:45:40,731] {processor.py:161} INFO - Processing /opt/airflow/dags/exporting_data_operator.py took 0.323 seconds
[2023-04-17 21:46:11,207] {processor.py:153} INFO - Started process (PID=890) to work on /opt/airflow/dags/exporting_data_operator.py
[2023-04-17 21:46:11,210] {processor.py:641} INFO - Processing file /opt/airflow/dags/exporting_data_operator.py for tasks to queue
[2023-04-17 21:46:11,212] {logging_mixin.py:115} INFO - [2023-04-17 21:46:11,212] {dagbag.py:508} INFO - Filling up the DagBag from /opt/airflow/dags/exporting_data_operator.py
[2023-04-17 21:46:11,513] {processor.py:653} WARNING - No viable dags retrieved from /opt/airflow/dags/exporting_data_operator.py
[2023-04-17 21:46:11,540] {processor.py:161} INFO - Processing /opt/airflow/dags/exporting_data_operator.py took 0.341 seconds
[2023-04-17 21:46:42,116] {processor.py:153} INFO - Started process (PID=925) to work on /opt/airflow/dags/exporting_data_operator.py
[2023-04-17 21:46:42,118] {processor.py:641} INFO - Processing file /opt/airflow/dags/exporting_data_operator.py for tasks to queue
[2023-04-17 21:46:42,120] {logging_mixin.py:115} INFO - [2023-04-17 21:46:42,120] {dagbag.py:508} INFO - Filling up the DagBag from /opt/airflow/dags/exporting_data_operator.py
[2023-04-17 21:46:42,404] {processor.py:653} WARNING - No viable dags retrieved from /opt/airflow/dags/exporting_data_operator.py
[2023-04-17 21:46:42,428] {processor.py:161} INFO - Processing /opt/airflow/dags/exporting_data_operator.py took 0.317 seconds
[2023-04-17 21:47:12,889] {processor.py:153} INFO - Started process (PID=959) to work on /opt/airflow/dags/exporting_data_operator.py
[2023-04-17 21:47:12,893] {processor.py:641} INFO - Processing file /opt/airflow/dags/exporting_data_operator.py for tasks to queue
[2023-04-17 21:47:12,895] {logging_mixin.py:115} INFO - [2023-04-17 21:47:12,895] {dagbag.py:508} INFO - Filling up the DagBag from /opt/airflow/dags/exporting_data_operator.py
[2023-04-17 21:47:13,197] {processor.py:653} WARNING - No viable dags retrieved from /opt/airflow/dags/exporting_data_operator.py
[2023-04-17 21:47:13,228] {processor.py:161} INFO - Processing /opt/airflow/dags/exporting_data_operator.py took 0.346 seconds
[2023-04-17 21:47:43,687] {processor.py:153} INFO - Started process (PID=994) to work on /opt/airflow/dags/exporting_data_operator.py
[2023-04-17 21:47:43,689] {processor.py:641} INFO - Processing file /opt/airflow/dags/exporting_data_operator.py for tasks to queue
[2023-04-17 21:47:43,690] {logging_mixin.py:115} INFO - [2023-04-17 21:47:43,690] {dagbag.py:508} INFO - Filling up the DagBag from /opt/airflow/dags/exporting_data_operator.py
[2023-04-17 21:47:44,006] {processor.py:653} WARNING - No viable dags retrieved from /opt/airflow/dags/exporting_data_operator.py
[2023-04-17 21:47:44,053] {processor.py:161} INFO - Processing /opt/airflow/dags/exporting_data_operator.py took 0.370 seconds
[2023-04-17 21:48:14,511] {processor.py:153} INFO - Started process (PID=1029) to work on /opt/airflow/dags/exporting_data_operator.py
[2023-04-17 21:48:14,513] {processor.py:641} INFO - Processing file /opt/airflow/dags/exporting_data_operator.py for tasks to queue
[2023-04-17 21:48:14,514] {logging_mixin.py:115} INFO - [2023-04-17 21:48:14,514] {dagbag.py:508} INFO - Filling up the DagBag from /opt/airflow/dags/exporting_data_operator.py
[2023-04-17 21:48:14,791] {processor.py:653} WARNING - No viable dags retrieved from /opt/airflow/dags/exporting_data_operator.py
[2023-04-17 21:48:14,815] {processor.py:161} INFO - Processing /opt/airflow/dags/exporting_data_operator.py took 0.310 seconds
[2023-04-17 21:48:45,321] {processor.py:153} INFO - Started process (PID=1055) to work on /opt/airflow/dags/exporting_data_operator.py
[2023-04-17 21:48:45,323] {processor.py:641} INFO - Processing file /opt/airflow/dags/exporting_data_operator.py for tasks to queue
[2023-04-17 21:48:45,326] {logging_mixin.py:115} INFO - [2023-04-17 21:48:45,326] {dagbag.py:508} INFO - Filling up the DagBag from /opt/airflow/dags/exporting_data_operator.py
[2023-04-17 21:48:45,652] {processor.py:653} WARNING - No viable dags retrieved from /opt/airflow/dags/exporting_data_operator.py
[2023-04-17 21:48:45,680] {processor.py:161} INFO - Processing /opt/airflow/dags/exporting_data_operator.py took 0.363 seconds
[2023-04-17 21:49:16,149] {processor.py:153} INFO - Started process (PID=1090) to work on /opt/airflow/dags/exporting_data_operator.py
[2023-04-17 21:49:16,150] {processor.py:641} INFO - Processing file /opt/airflow/dags/exporting_data_operator.py for tasks to queue
[2023-04-17 21:49:16,151] {logging_mixin.py:115} INFO - [2023-04-17 21:49:16,151] {dagbag.py:508} INFO - Filling up the DagBag from /opt/airflow/dags/exporting_data_operator.py
[2023-04-17 21:49:16,440] {processor.py:653} WARNING - No viable dags retrieved from /opt/airflow/dags/exporting_data_operator.py
[2023-04-17 21:49:16,461] {processor.py:161} INFO - Processing /opt/airflow/dags/exporting_data_operator.py took 0.319 seconds
[2023-04-17 21:49:46,915] {processor.py:153} INFO - Started process (PID=1125) to work on /opt/airflow/dags/exporting_data_operator.py
[2023-04-17 21:49:46,917] {processor.py:641} INFO - Processing file /opt/airflow/dags/exporting_data_operator.py for tasks to queue
[2023-04-17 21:49:46,918] {logging_mixin.py:115} INFO - [2023-04-17 21:49:46,918] {dagbag.py:508} INFO - Filling up the DagBag from /opt/airflow/dags/exporting_data_operator.py
[2023-04-17 21:49:47,187] {processor.py:653} WARNING - No viable dags retrieved from /opt/airflow/dags/exporting_data_operator.py
[2023-04-17 21:49:47,209] {processor.py:161} INFO - Processing /opt/airflow/dags/exporting_data_operator.py took 0.300 seconds
[2023-04-17 21:50:17,632] {processor.py:153} INFO - Started process (PID=1159) to work on /opt/airflow/dags/exporting_data_operator.py
[2023-04-17 21:50:17,634] {processor.py:641} INFO - Processing file /opt/airflow/dags/exporting_data_operator.py for tasks to queue
[2023-04-17 21:50:17,636] {logging_mixin.py:115} INFO - [2023-04-17 21:50:17,636] {dagbag.py:508} INFO - Filling up the DagBag from /opt/airflow/dags/exporting_data_operator.py
[2023-04-17 21:50:17,959] {processor.py:653} WARNING - No viable dags retrieved from /opt/airflow/dags/exporting_data_operator.py
[2023-04-17 21:50:17,982] {processor.py:161} INFO - Processing /opt/airflow/dags/exporting_data_operator.py took 0.355 seconds
[2023-04-17 21:50:48,484] {processor.py:153} INFO - Started process (PID=1194) to work on /opt/airflow/dags/exporting_data_operator.py
[2023-04-17 21:50:48,486] {processor.py:641} INFO - Processing file /opt/airflow/dags/exporting_data_operator.py for tasks to queue
[2023-04-17 21:50:48,487] {logging_mixin.py:115} INFO - [2023-04-17 21:50:48,487] {dagbag.py:508} INFO - Filling up the DagBag from /opt/airflow/dags/exporting_data_operator.py
[2023-04-17 21:50:48,834] {processor.py:653} WARNING - No viable dags retrieved from /opt/airflow/dags/exporting_data_operator.py
[2023-04-17 21:50:48,885] {processor.py:161} INFO - Processing /opt/airflow/dags/exporting_data_operator.py took 0.407 seconds
[2023-04-17 21:51:19,445] {processor.py:153} INFO - Started process (PID=1229) to work on /opt/airflow/dags/exporting_data_operator.py
[2023-04-17 21:51:19,448] {processor.py:641} INFO - Processing file /opt/airflow/dags/exporting_data_operator.py for tasks to queue
[2023-04-17 21:51:19,450] {logging_mixin.py:115} INFO - [2023-04-17 21:51:19,450] {dagbag.py:508} INFO - Filling up the DagBag from /opt/airflow/dags/exporting_data_operator.py
[2023-04-17 21:51:19,725] {processor.py:653} WARNING - No viable dags retrieved from /opt/airflow/dags/exporting_data_operator.py
[2023-04-17 21:51:19,746] {processor.py:161} INFO - Processing /opt/airflow/dags/exporting_data_operator.py took 0.311 seconds
[2023-04-17 21:51:50,290] {processor.py:153} INFO - Started process (PID=1255) to work on /opt/airflow/dags/exporting_data_operator.py
[2023-04-17 21:51:50,292] {processor.py:641} INFO - Processing file /opt/airflow/dags/exporting_data_operator.py for tasks to queue
[2023-04-17 21:51:50,294] {logging_mixin.py:115} INFO - [2023-04-17 21:51:50,294] {dagbag.py:508} INFO - Filling up the DagBag from /opt/airflow/dags/exporting_data_operator.py
[2023-04-17 21:51:50,596] {processor.py:653} WARNING - No viable dags retrieved from /opt/airflow/dags/exporting_data_operator.py
[2023-04-17 21:51:50,618] {processor.py:161} INFO - Processing /opt/airflow/dags/exporting_data_operator.py took 0.332 seconds
[2023-04-17 21:52:21,065] {processor.py:153} INFO - Started process (PID=1290) to work on /opt/airflow/dags/exporting_data_operator.py
[2023-04-17 21:52:21,067] {processor.py:641} INFO - Processing file /opt/airflow/dags/exporting_data_operator.py for tasks to queue
[2023-04-17 21:52:21,069] {logging_mixin.py:115} INFO - [2023-04-17 21:52:21,069] {dagbag.py:508} INFO - Filling up the DagBag from /opt/airflow/dags/exporting_data_operator.py
[2023-04-17 21:52:21,364] {processor.py:653} WARNING - No viable dags retrieved from /opt/airflow/dags/exporting_data_operator.py
[2023-04-17 21:52:21,412] {processor.py:161} INFO - Processing /opt/airflow/dags/exporting_data_operator.py took 0.355 seconds
[2023-04-17 21:52:51,825] {processor.py:153} INFO - Started process (PID=1325) to work on /opt/airflow/dags/exporting_data_operator.py
[2023-04-17 21:52:51,826] {processor.py:641} INFO - Processing file /opt/airflow/dags/exporting_data_operator.py for tasks to queue
[2023-04-17 21:52:51,827] {logging_mixin.py:115} INFO - [2023-04-17 21:52:51,827] {dagbag.py:508} INFO - Filling up the DagBag from /opt/airflow/dags/exporting_data_operator.py
[2023-04-17 21:52:52,108] {processor.py:653} WARNING - No viable dags retrieved from /opt/airflow/dags/exporting_data_operator.py
[2023-04-17 21:52:52,130] {processor.py:161} INFO - Processing /opt/airflow/dags/exporting_data_operator.py took 0.309 seconds
[2023-04-17 21:53:22,575] {processor.py:153} INFO - Started process (PID=1360) to work on /opt/airflow/dags/exporting_data_operator.py
[2023-04-17 21:53:22,577] {processor.py:641} INFO - Processing file /opt/airflow/dags/exporting_data_operator.py for tasks to queue
[2023-04-17 21:53:22,578] {logging_mixin.py:115} INFO - [2023-04-17 21:53:22,578] {dagbag.py:508} INFO - Filling up the DagBag from /opt/airflow/dags/exporting_data_operator.py
[2023-04-17 21:53:22,852] {processor.py:653} WARNING - No viable dags retrieved from /opt/airflow/dags/exporting_data_operator.py
[2023-04-17 21:53:22,871] {processor.py:161} INFO - Processing /opt/airflow/dags/exporting_data_operator.py took 0.302 seconds
[2023-04-17 21:53:53,299] {processor.py:153} INFO - Started process (PID=1395) to work on /opt/airflow/dags/exporting_data_operator.py
[2023-04-17 21:53:53,301] {processor.py:641} INFO - Processing file /opt/airflow/dags/exporting_data_operator.py for tasks to queue
[2023-04-17 21:53:53,302] {logging_mixin.py:115} INFO - [2023-04-17 21:53:53,302] {dagbag.py:508} INFO - Filling up the DagBag from /opt/airflow/dags/exporting_data_operator.py
[2023-04-17 21:53:53,583] {processor.py:653} WARNING - No viable dags retrieved from /opt/airflow/dags/exporting_data_operator.py
[2023-04-17 21:53:53,605] {processor.py:161} INFO - Processing /opt/airflow/dags/exporting_data_operator.py took 0.311 seconds
[2023-04-17 21:54:24,036] {processor.py:153} INFO - Started process (PID=1430) to work on /opt/airflow/dags/exporting_data_operator.py
[2023-04-17 21:54:24,038] {processor.py:641} INFO - Processing file /opt/airflow/dags/exporting_data_operator.py for tasks to queue
[2023-04-17 21:54:24,039] {logging_mixin.py:115} INFO - [2023-04-17 21:54:24,039] {dagbag.py:508} INFO - Filling up the DagBag from /opt/airflow/dags/exporting_data_operator.py
[2023-04-17 21:54:24,334] {processor.py:653} WARNING - No viable dags retrieved from /opt/airflow/dags/exporting_data_operator.py
[2023-04-17 21:54:24,356] {processor.py:161} INFO - Processing /opt/airflow/dags/exporting_data_operator.py took 0.323 seconds
[2023-04-17 21:54:54,855] {processor.py:153} INFO - Started process (PID=1456) to work on /opt/airflow/dags/exporting_data_operator.py
[2023-04-17 21:54:54,856] {processor.py:641} INFO - Processing file /opt/airflow/dags/exporting_data_operator.py for tasks to queue
[2023-04-17 21:54:54,858] {logging_mixin.py:115} INFO - [2023-04-17 21:54:54,858] {dagbag.py:508} INFO - Filling up the DagBag from /opt/airflow/dags/exporting_data_operator.py
[2023-04-17 21:54:55,143] {processor.py:653} WARNING - No viable dags retrieved from /opt/airflow/dags/exporting_data_operator.py
[2023-04-17 21:54:55,170] {processor.py:161} INFO - Processing /opt/airflow/dags/exporting_data_operator.py took 0.321 seconds
[2023-04-17 21:55:25,607] {processor.py:153} INFO - Started process (PID=1491) to work on /opt/airflow/dags/exporting_data_operator.py
[2023-04-17 21:55:25,609] {processor.py:641} INFO - Processing file /opt/airflow/dags/exporting_data_operator.py for tasks to queue
[2023-04-17 21:55:25,611] {logging_mixin.py:115} INFO - [2023-04-17 21:55:25,610] {dagbag.py:508} INFO - Filling up the DagBag from /opt/airflow/dags/exporting_data_operator.py
[2023-04-17 21:55:25,871] {processor.py:653} WARNING - No viable dags retrieved from /opt/airflow/dags/exporting_data_operator.py
[2023-04-17 21:55:25,905] {processor.py:161} INFO - Processing /opt/airflow/dags/exporting_data_operator.py took 0.302 seconds
[2023-04-17 21:55:56,372] {processor.py:153} INFO - Started process (PID=1526) to work on /opt/airflow/dags/exporting_data_operator.py
[2023-04-17 21:55:56,374] {processor.py:641} INFO - Processing file /opt/airflow/dags/exporting_data_operator.py for tasks to queue
[2023-04-17 21:55:56,375] {logging_mixin.py:115} INFO - [2023-04-17 21:55:56,375] {dagbag.py:508} INFO - Filling up the DagBag from /opt/airflow/dags/exporting_data_operator.py
[2023-04-17 21:55:56,747] {processor.py:653} WARNING - No viable dags retrieved from /opt/airflow/dags/exporting_data_operator.py
[2023-04-17 21:55:56,772] {processor.py:161} INFO - Processing /opt/airflow/dags/exporting_data_operator.py took 0.406 seconds
[2023-04-17 21:56:27,229] {processor.py:153} INFO - Started process (PID=1561) to work on /opt/airflow/dags/exporting_data_operator.py
[2023-04-17 21:56:27,230] {processor.py:641} INFO - Processing file /opt/airflow/dags/exporting_data_operator.py for tasks to queue
[2023-04-17 21:56:27,231] {logging_mixin.py:115} INFO - [2023-04-17 21:56:27,231] {dagbag.py:508} INFO - Filling up the DagBag from /opt/airflow/dags/exporting_data_operator.py
[2023-04-17 21:56:27,543] {processor.py:653} WARNING - No viable dags retrieved from /opt/airflow/dags/exporting_data_operator.py
[2023-04-17 21:56:27,567] {processor.py:161} INFO - Processing /opt/airflow/dags/exporting_data_operator.py took 0.344 seconds
[2023-04-17 21:57:05,967] {processor.py:153} INFO - Started process (PID=1596) to work on /opt/airflow/dags/exporting_data_operator.py
[2023-04-17 21:57:05,968] {processor.py:641} INFO - Processing file /opt/airflow/dags/exporting_data_operator.py for tasks to queue
[2023-04-17 21:57:05,969] {logging_mixin.py:115} INFO - [2023-04-17 21:57:05,969] {dagbag.py:508} INFO - Filling up the DagBag from /opt/airflow/dags/exporting_data_operator.py
[2023-04-17 21:57:06,241] {processor.py:653} WARNING - No viable dags retrieved from /opt/airflow/dags/exporting_data_operator.py
[2023-04-17 21:57:06,260] {processor.py:161} INFO - Processing /opt/airflow/dags/exporting_data_operator.py took 0.296 seconds
[2023-04-17 22:06:06,988] {processor.py:153} INFO - Started process (PID=1622) to work on /opt/airflow/dags/exporting_data_operator.py
[2023-04-17 22:06:06,990] {processor.py:641} INFO - Processing file /opt/airflow/dags/exporting_data_operator.py for tasks to queue
[2023-04-17 22:06:06,991] {logging_mixin.py:115} INFO - [2023-04-17 22:06:06,991] {dagbag.py:508} INFO - Filling up the DagBag from /opt/airflow/dags/exporting_data_operator.py
[2023-04-17 22:06:09,850] {logging_mixin.py:115} INFO - [2023-04-17 22:06:09,850] {process_utils.py:240} INFO - Waiting up to 5 seconds for processes to exit...
