[2023-08-03 18:05:17,178] {taskinstance.py:1179} INFO - Dependencies all met for <TaskInstance: vic_investigacion_ETL.proyectos manual__2023-08-03T18:05:13.451532+00:00 [queued]>
[2023-08-03 18:05:17,234] {taskinstance.py:1179} INFO - Dependencies all met for <TaskInstance: vic_investigacion_ETL.proyectos manual__2023-08-03T18:05:13.451532+00:00 [queued]>
[2023-08-03 18:05:17,241] {taskinstance.py:1376} INFO - 
--------------------------------------------------------------------------------
[2023-08-03 18:05:17,246] {taskinstance.py:1377} INFO - Starting attempt 1 of 1
[2023-08-03 18:05:17,248] {taskinstance.py:1378} INFO - 
--------------------------------------------------------------------------------
[2023-08-03 18:05:17,303] {taskinstance.py:1397} INFO - Executing <Task(PrepareProyectos): proyectos> on 2023-08-03 18:05:13.451532+00:00
[2023-08-03 18:05:17,320] {standard_task_runner.py:52} INFO - Started process 145 to run task
[2023-08-03 18:05:17,384] {standard_task_runner.py:79} INFO - Running: ['***', 'tasks', 'run', 'vic_investigacion_ETL', 'proyectos', 'manual__2023-08-03T18:05:13.451532+00:00', '--job-id', '235', '--raw', '--subdir', 'DAGS_FOLDER/vic_investigacion_dag.py', '--cfg-path', '/tmp/tmp8mz2aul5', '--error-file', '/tmp/tmpb2vmhd4s']
[2023-08-03 18:05:17,442] {standard_task_runner.py:80} INFO - Job 235: Subtask proyectos
[2023-08-03 18:05:18,363] {task_command.py:371} INFO - Running <TaskInstance: vic_investigacion_ETL.proyectos manual__2023-08-03T18:05:13.451532+00:00 [running]> on host 6c8a51d4a614
[2023-08-03 18:05:18,630] {taskinstance.py:1591} INFO - Exporting the following env vars:
AIRFLOW_CTX_DAG_OWNER=***
AIRFLOW_CTX_DAG_ID=vic_investigacion_ETL
AIRFLOW_CTX_TASK_ID=proyectos
AIRFLOW_CTX_EXECUTION_DATE=2023-08-03T18:05:13.451532+00:00
AIRFLOW_CTX_TRY_NUMBER=1
AIRFLOW_CTX_DAG_RUN_ID=manual__2023-08-03T18:05:13.451532+00:00
[2023-08-03 18:05:18,647] {logging_mixin.py:115} INFO - Reading Journals
[2023-08-03 18:05:36,865] {taskinstance.py:1420} INFO - Marking task as SUCCESS. dag_id=vic_investigacion_ETL, task_id=proyectos, execution_date=20230803T180513, start_date=20230803T180517, end_date=20230803T180536
[2023-08-03 18:05:37,385] {local_task_job.py:156} INFO - Task exited with return code 0
