[2023-04-14 17:05:11,034] {taskinstance.py:1179} INFO - Dependencies all met for <TaskInstance: vic_investigacion_ETL.get_group_lac_data manual__2023-04-14T17:05:09.939789+00:00 [queued]>
[2023-04-14 17:05:11,042] {taskinstance.py:1179} INFO - Dependencies all met for <TaskInstance: vic_investigacion_ETL.get_group_lac_data manual__2023-04-14T17:05:09.939789+00:00 [queued]>
[2023-04-14 17:05:11,042] {taskinstance.py:1376} INFO - 
--------------------------------------------------------------------------------
[2023-04-14 17:05:11,043] {taskinstance.py:1377} INFO - Starting attempt 1 of 1
[2023-04-14 17:05:11,044] {taskinstance.py:1378} INFO - 
--------------------------------------------------------------------------------
[2023-04-14 17:05:11,052] {taskinstance.py:1397} INFO - Executing <Task(PythonOperator): get_group_lac_data> on 2023-04-14 17:05:09.939789+00:00
[2023-04-14 17:05:11,057] {standard_task_runner.py:52} INFO - Started process 422 to run task
[2023-04-14 17:05:11,062] {standard_task_runner.py:79} INFO - Running: ['***', 'tasks', 'run', 'vic_investigacion_ETL', 'get_group_lac_data', 'manual__2023-04-14T17:05:09.939789+00:00', '--job-id', '91', '--raw', '--subdir', 'DAGS_FOLDER/vic_investigacion_dag.py', '--cfg-path', '/tmp/tmpv_ijfehe', '--error-file', '/tmp/tmpkhc0rdmo']
[2023-04-14 17:05:11,064] {standard_task_runner.py:80} INFO - Job 91: Subtask get_group_lac_data
[2023-04-14 17:05:11,156] {task_command.py:371} INFO - Running <TaskInstance: vic_investigacion_ETL.get_group_lac_data manual__2023-04-14T17:05:09.939789+00:00 [running]> on host d014c8b814c7
[2023-04-14 17:05:11,230] {taskinstance.py:1591} INFO - Exporting the following env vars:
AIRFLOW_CTX_DAG_OWNER=***
AIRFLOW_CTX_DAG_ID=vic_investigacion_ETL
AIRFLOW_CTX_TASK_ID=get_group_lac_data
AIRFLOW_CTX_EXECUTION_DATE=2023-04-14T17:05:09.939789+00:00
AIRFLOW_CTX_TRY_NUMBER=1
AIRFLOW_CTX_DAG_RUN_ID=manual__2023-04-14T17:05:09.939789+00:00
[2023-04-14 17:05:11,232] {logging_mixin.py:115} INFO - Getting GROUP LAC Data
[2023-04-14 17:05:11,233] {python.py:173} INFO - Done. Returned value was: None
[2023-04-14 17:05:11,246] {taskinstance.py:1420} INFO - Marking task as SUCCESS. dag_id=vic_investigacion_ETL, task_id=get_group_lac_data, execution_date=20230414T170509, start_date=20230414T170511, end_date=20230414T170511
[2023-04-14 17:05:11,274] {local_task_job.py:156} INFO - Task exited with return code 0
[2023-04-14 17:05:11,311] {local_task_job.py:273} INFO - 0 downstream tasks scheduled from follow-on schedule check
