[2023-06-01 01:19:09,885] {taskinstance.py:1179} INFO - Dependencies all met for <TaskInstance: vic_investigacion_ETL.prepare_wos_data manual__2023-06-01T01:19:08.171602+00:00 [queued]>
[2023-06-01 01:19:09,896] {taskinstance.py:1179} INFO - Dependencies all met for <TaskInstance: vic_investigacion_ETL.prepare_wos_data manual__2023-06-01T01:19:08.171602+00:00 [queued]>
[2023-06-01 01:19:09,897] {taskinstance.py:1376} INFO - 
--------------------------------------------------------------------------------
[2023-06-01 01:19:09,899] {taskinstance.py:1377} INFO - Starting attempt 1 of 1
[2023-06-01 01:19:09,900] {taskinstance.py:1378} INFO - 
--------------------------------------------------------------------------------
[2023-06-01 01:19:09,915] {taskinstance.py:1397} INFO - Executing <Task(PrepareWosData): prepare_wos_data> on 2023-06-01 01:19:08.171602+00:00
[2023-06-01 01:19:09,923] {standard_task_runner.py:52} INFO - Started process 2579 to run task
[2023-06-01 01:19:09,934] {standard_task_runner.py:79} INFO - Running: ['***', 'tasks', 'run', 'vic_investigacion_ETL', 'prepare_wos_data', 'manual__2023-06-01T01:19:08.171602+00:00', '--job-id', '145', '--raw', '--subdir', 'DAGS_FOLDER/vic_investigacion_dag.py', '--cfg-path', '/tmp/tmprllaglrc', '--error-file', '/tmp/tmpaz5do0yv']
[2023-06-01 01:19:09,940] {standard_task_runner.py:80} INFO - Job 145: Subtask prepare_wos_data
[2023-06-01 01:19:10,061] {task_command.py:371} INFO - Running <TaskInstance: vic_investigacion_ETL.prepare_wos_data manual__2023-06-01T01:19:08.171602+00:00 [running]> on host 5d9ccb732815
[2023-06-01 01:19:10,180] {taskinstance.py:1591} INFO - Exporting the following env vars:
AIRFLOW_CTX_DAG_OWNER=***
AIRFLOW_CTX_DAG_ID=vic_investigacion_ETL
AIRFLOW_CTX_TASK_ID=prepare_wos_data
AIRFLOW_CTX_EXECUTION_DATE=2023-06-01T01:19:08.171602+00:00
AIRFLOW_CTX_TRY_NUMBER=1
AIRFLOW_CTX_DAG_RUN_ID=manual__2023-06-01T01:19:08.171602+00:00
[2023-06-01 01:19:10,188] {logging_mixin.py:115} INFO - Preparing WOS Data
[2023-06-01 01:19:10,233] {taskinstance.py:1420} INFO - Marking task as SUCCESS. dag_id=vic_investigacion_ETL, task_id=prepare_wos_data, execution_date=20230601T011908, start_date=20230601T011909, end_date=20230601T011910
[2023-06-01 01:19:10,269] {local_task_job.py:156} INFO - Task exited with return code 0
[2023-06-01 01:19:10,340] {local_task_job.py:273} INFO - 0 downstream tasks scheduled from follow-on schedule check
