[2023-04-24 16:24:26,625] {taskinstance.py:1179} INFO - Dependencies all met for <TaskInstance: vic_investigacion_ETL.upload_data_big_query manual__2023-04-24T16:24:19.356730+00:00 [queued]>
[2023-04-24 16:24:26,633] {taskinstance.py:1179} INFO - Dependencies all met for <TaskInstance: vic_investigacion_ETL.upload_data_big_query manual__2023-04-24T16:24:19.356730+00:00 [queued]>
[2023-04-24 16:24:26,634] {taskinstance.py:1376} INFO - 
--------------------------------------------------------------------------------
[2023-04-24 16:24:26,636] {taskinstance.py:1377} INFO - Starting attempt 1 of 1
[2023-04-24 16:24:26,637] {taskinstance.py:1378} INFO - 
--------------------------------------------------------------------------------
[2023-04-24 16:24:26,645] {taskinstance.py:1397} INFO - Executing <Task(ExportData): upload_data_big_query> on 2023-04-24 16:24:19.356730+00:00
[2023-04-24 16:24:26,650] {standard_task_runner.py:52} INFO - Started process 2983 to run task
[2023-04-24 16:24:26,654] {standard_task_runner.py:79} INFO - Running: ['***', 'tasks', 'run', 'vic_investigacion_ETL', 'upload_data_big_query', 'manual__2023-04-24T16:24:19.356730+00:00', '--job-id', '303', '--raw', '--subdir', 'DAGS_FOLDER/vic_investigacion_dag.py', '--cfg-path', '/tmp/tmpm2oytyr3', '--error-file', '/tmp/tmpetxnno74']
[2023-04-24 16:24:26,655] {standard_task_runner.py:80} INFO - Job 303: Subtask upload_data_big_query
[2023-04-24 16:24:26,714] {task_command.py:371} INFO - Running <TaskInstance: vic_investigacion_ETL.upload_data_big_query manual__2023-04-24T16:24:19.356730+00:00 [running]> on host b136a0a45498
[2023-04-24 16:24:26,767] {taskinstance.py:1591} INFO - Exporting the following env vars:
AIRFLOW_CTX_DAG_OWNER=***
AIRFLOW_CTX_DAG_ID=vic_investigacion_ETL
AIRFLOW_CTX_TASK_ID=upload_data_big_query
AIRFLOW_CTX_EXECUTION_DATE=2023-04-24T16:24:19.356730+00:00
AIRFLOW_CTX_TRY_NUMBER=1
AIRFLOW_CTX_DAG_RUN_ID=manual__2023-04-24T16:24:19.356730+00:00
[2023-04-24 16:24:26,768] {logging_mixin.py:115} INFO - Exporting Data
[2023-04-24 16:24:38,513] {logging_mixin.py:115} INFO - LoadJob<project=viceinvestigacion, location=US, id=6a607a16-f373-41a7-a87a-74a5f04b628d>
[2023-04-24 16:24:38,564] {taskinstance.py:1420} INFO - Marking task as SUCCESS. dag_id=vic_investigacion_ETL, task_id=upload_data_big_query, execution_date=20230424T162419, start_date=20230424T162426, end_date=20230424T162438
[2023-04-24 16:24:38,727] {local_task_job.py:156} INFO - Task exited with return code 0
[2023-04-24 16:24:38,782] {local_task_job.py:273} INFO - 0 downstream tasks scheduled from follow-on schedule check
