[2023-07-26 15:39:49,861] {taskinstance.py:1179} INFO - Dependencies all met for <TaskInstance: vic_investigacion_ETL.upload_data_big_query manual__2023-07-26T15:39:19.375789+00:00 [queued]>
[2023-07-26 15:39:49,872] {taskinstance.py:1179} INFO - Dependencies all met for <TaskInstance: vic_investigacion_ETL.upload_data_big_query manual__2023-07-26T15:39:19.375789+00:00 [queued]>
[2023-07-26 15:39:49,873] {taskinstance.py:1376} INFO - 
--------------------------------------------------------------------------------
[2023-07-26 15:39:49,873] {taskinstance.py:1377} INFO - Starting attempt 1 of 1
[2023-07-26 15:39:49,874] {taskinstance.py:1378} INFO - 
--------------------------------------------------------------------------------
[2023-07-26 15:39:49,889] {taskinstance.py:1397} INFO - Executing <Task(ExportData): upload_data_big_query> on 2023-07-26 15:39:19.375789+00:00
[2023-07-26 15:39:49,894] {standard_task_runner.py:52} INFO - Started process 673 to run task
[2023-07-26 15:39:49,898] {standard_task_runner.py:79} INFO - Running: ['***', 'tasks', 'run', 'vic_investigacion_ETL', 'upload_data_big_query', 'manual__2023-07-26T15:39:19.375789+00:00', '--job-id', '77', '--raw', '--subdir', 'DAGS_FOLDER/vic_investigacion_dag.py', '--cfg-path', '/tmp/tmp_8ajj7bn', '--error-file', '/tmp/tmpfqy1h6rr']
[2023-07-26 15:39:49,900] {standard_task_runner.py:80} INFO - Job 77: Subtask upload_data_big_query
[2023-07-26 15:39:49,958] {task_command.py:371} INFO - Running <TaskInstance: vic_investigacion_ETL.upload_data_big_query manual__2023-07-26T15:39:19.375789+00:00 [running]> on host f4f0af373b5a
[2023-07-26 15:39:50,009] {taskinstance.py:1591} INFO - Exporting the following env vars:
AIRFLOW_CTX_DAG_OWNER=***
AIRFLOW_CTX_DAG_ID=vic_investigacion_ETL
AIRFLOW_CTX_TASK_ID=upload_data_big_query
AIRFLOW_CTX_EXECUTION_DATE=2023-07-26T15:39:19.375789+00:00
AIRFLOW_CTX_TRY_NUMBER=1
AIRFLOW_CTX_DAG_RUN_ID=manual__2023-07-26T15:39:19.375789+00:00
[2023-07-26 15:39:50,010] {logging_mixin.py:115} INFO - Exporting Data
[2023-07-26 15:39:50,013] {logging_mixin.py:115} INFO - 📝File name: journals, File Path: $/opt/***/data/to_upload/journals.csv
[2023-07-26 15:40:00,742] {logging_mixin.py:115} INFO - LoadJob<project=viceinvestigacion, location=US, id=20fc4dae-a0a6-4e26-a66e-9500dff37f45>
[2023-07-26 15:40:00,751] {logging_mixin.py:115} INFO - 📝File name: produccion_validada, File Path: $/opt/***/data/to_upload/produccion_validada.csv
[2023-07-26 15:40:07,908] {logging_mixin.py:115} INFO - LoadJob<project=viceinvestigacion, location=US, id=4a85d955-a2ad-47f4-a3a7-7e7b6df2c72a>
[2023-07-26 15:40:07,915] {logging_mixin.py:115} INFO - 📝File name: profesores_core_data, File Path: $/opt/***/data/to_upload/profesores_core_data.csv
[2023-07-26 15:40:11,410] {logging_mixin.py:115} INFO - LoadJob<project=viceinvestigacion, location=US, id=deda008e-4106-4ee7-9b29-b0c38644ebf5>
[2023-07-26 15:40:11,411] {logging_mixin.py:115} INFO - 📝File name: profesores_formacion, File Path: $/opt/***/data/to_upload/profesores_formacion.csv
[2023-07-26 15:40:11,716] {warnings.py:110} WARNING - /opt/***/dags/export_data_operator.py:28: DtypeWarning: Columns (2) have mixed types.Specify dtype option on import or set low_memory=False.
  self.export_data()

[2023-07-26 15:40:12,016] {logging_mixin.py:115} INFO - --
[2023-07-26 15:40:12,017] {logging_mixin.py:115} INFO - 📝File name: profesores_hijos, File Path: $/opt/***/data/to_upload/profesores_hijos.csv
[2023-07-26 15:40:12,904] {logging_mixin.py:115} INFO - --
[2023-07-26 15:40:12,905] {logging_mixin.py:115} INFO - 📝File name: profesores_validados, File Path: $/opt/***/data/to_upload/profesores_validados.csv
[2023-07-26 15:40:16,634] {logging_mixin.py:115} INFO - LoadJob<project=viceinvestigacion, location=US, id=9b938b9c-e03b-43a9-b636-b821bedc1fad>
[2023-07-26 15:40:16,638] {logging_mixin.py:115} INFO - 📝File name: profesores_validados_scopus_ids, File Path: $/opt/***/data/to_upload/profesores_validados_scopus_ids.csv
[2023-07-26 15:40:20,499] {logging_mixin.py:115} INFO - LoadJob<project=viceinvestigacion, location=US, id=a670358f-c695-4edc-ace3-ba3d58d5a7f9>
[2023-07-26 15:40:20,503] {logging_mixin.py:115} INFO - 📝File name: respositorio_inst, File Path: $/opt/***/data/to_upload/respositorio_inst.xlsx
[2023-07-26 15:40:56,870] {logging_mixin.py:115} INFO - LoadJob<project=viceinvestigacion, location=US, id=de7f2ad0-9a42-4920-8664-df6c3edba542>
[2023-07-26 15:40:57,298] {taskinstance.py:1420} INFO - Marking task as SUCCESS. dag_id=vic_investigacion_ETL, task_id=upload_data_big_query, execution_date=20230726T153919, start_date=20230726T153949, end_date=20230726T154057
[2023-07-26 15:40:57,658] {local_task_job.py:156} INFO - Task exited with return code 0
[2023-07-26 15:40:57,693] {local_task_job.py:273} INFO - 0 downstream tasks scheduled from follow-on schedule check
