[2023-06-07 19:09:46,249] {taskinstance.py:1179} INFO - Dependencies all met for <TaskInstance: vic_investigacion_ETL.upload_data_big_query manual__2023-06-07T19:09:41.496759+00:00 [queued]>
[2023-06-07 19:09:46,256] {taskinstance.py:1179} INFO - Dependencies all met for <TaskInstance: vic_investigacion_ETL.upload_data_big_query manual__2023-06-07T19:09:41.496759+00:00 [queued]>
[2023-06-07 19:09:46,257] {taskinstance.py:1376} INFO - 
--------------------------------------------------------------------------------
[2023-06-07 19:09:46,257] {taskinstance.py:1377} INFO - Starting attempt 1 of 1
[2023-06-07 19:09:46,258] {taskinstance.py:1378} INFO - 
--------------------------------------------------------------------------------
[2023-06-07 19:09:46,267] {taskinstance.py:1397} INFO - Executing <Task(ExportData): upload_data_big_query> on 2023-06-07 19:09:41.496759+00:00
[2023-06-07 19:09:46,273] {standard_task_runner.py:52} INFO - Started process 159 to run task
[2023-06-07 19:09:46,276] {standard_task_runner.py:79} INFO - Running: ['***', 'tasks', 'run', 'vic_investigacion_ETL', 'upload_data_big_query', 'manual__2023-06-07T19:09:41.496759+00:00', '--job-id', '344', '--raw', '--subdir', 'DAGS_FOLDER/vic_investigacion_dag.py', '--cfg-path', '/tmp/tmprwzb8ixk', '--error-file', '/tmp/tmpo_4js5ys']
[2023-06-07 19:09:46,278] {standard_task_runner.py:80} INFO - Job 344: Subtask upload_data_big_query
[2023-06-07 19:09:46,335] {task_command.py:371} INFO - Running <TaskInstance: vic_investigacion_ETL.upload_data_big_query manual__2023-06-07T19:09:41.496759+00:00 [running]> on host 1f25aadc2672
[2023-06-07 19:09:46,389] {taskinstance.py:1591} INFO - Exporting the following env vars:
AIRFLOW_CTX_DAG_OWNER=***
AIRFLOW_CTX_DAG_ID=vic_investigacion_ETL
AIRFLOW_CTX_TASK_ID=upload_data_big_query
AIRFLOW_CTX_EXECUTION_DATE=2023-06-07T19:09:41.496759+00:00
AIRFLOW_CTX_TRY_NUMBER=1
AIRFLOW_CTX_DAG_RUN_ID=manual__2023-06-07T19:09:41.496759+00:00
[2023-06-07 19:09:46,391] {logging_mixin.py:115} INFO - Exporting Data
[2023-06-07 19:09:46,393] {logging_mixin.py:115} INFO - /opt/***/data/scopus/to_upload_data/core_data.csv
[2023-06-07 19:09:53,087] {logging_mixin.py:115} INFO - LoadJob<project=viceinvestigacion, location=US, id=d2b07fed-10dd-4059-baa1-a7a492fa57cc>
[2023-06-07 19:09:53,090] {logging_mixin.py:115} INFO - /opt/***/data/scopus/to_upload_data/products.csv
[2023-06-07 19:09:56,892] {logging_mixin.py:115} INFO - LoadJob<project=viceinvestigacion, location=US, id=74f32519-926e-4d23-8423-cbda75ec29bc>
[2023-06-07 19:09:56,895] {logging_mixin.py:115} INFO - /opt/***/data/scopus/to_upload_data/subject_areas.csv
[2023-06-07 19:10:00,280] {logging_mixin.py:115} INFO - LoadJob<project=viceinvestigacion, location=US, id=35fbd7fa-13c2-4635-a45b-6f37e39b2446>
[2023-06-07 19:10:00,339] {taskinstance.py:1420} INFO - Marking task as SUCCESS. dag_id=vic_investigacion_ETL, task_id=upload_data_big_query, execution_date=20230607T190941, start_date=20230607T190946, end_date=20230607T191000
[2023-06-07 19:10:00,480] {local_task_job.py:156} INFO - Task exited with return code 0
[2023-06-07 19:10:00,542] {local_task_job.py:273} INFO - 0 downstream tasks scheduled from follow-on schedule check
