[2023-04-24 15:31:14,112] {taskinstance.py:1179} INFO - Dependencies all met for <TaskInstance: vic_investigacion_ETL.upload_data_big_query manual__2023-04-24T15:31:05.253597+00:00 [queued]>
[2023-04-24 15:31:14,123] {taskinstance.py:1179} INFO - Dependencies all met for <TaskInstance: vic_investigacion_ETL.upload_data_big_query manual__2023-04-24T15:31:05.253597+00:00 [queued]>
[2023-04-24 15:31:14,124] {taskinstance.py:1376} INFO - 
--------------------------------------------------------------------------------
[2023-04-24 15:31:14,125] {taskinstance.py:1377} INFO - Starting attempt 1 of 1
[2023-04-24 15:31:14,126] {taskinstance.py:1378} INFO - 
--------------------------------------------------------------------------------
[2023-04-24 15:31:14,136] {taskinstance.py:1397} INFO - Executing <Task(ExportData): upload_data_big_query> on 2023-04-24 15:31:05.253597+00:00
[2023-04-24 15:31:14,146] {standard_task_runner.py:52} INFO - Started process 319 to run task
[2023-04-24 15:31:14,152] {standard_task_runner.py:79} INFO - Running: ['***', 'tasks', 'run', 'vic_investigacion_ETL', 'upload_data_big_query', 'manual__2023-04-24T15:31:05.253597+00:00', '--job-id', '263', '--raw', '--subdir', 'DAGS_FOLDER/vic_investigacion_dag.py', '--cfg-path', '/tmp/tmpybnkqomq', '--error-file', '/tmp/tmphquzmt24']
[2023-04-24 15:31:14,155] {standard_task_runner.py:80} INFO - Job 263: Subtask upload_data_big_query
[2023-04-24 15:31:14,249] {task_command.py:371} INFO - Running <TaskInstance: vic_investigacion_ETL.upload_data_big_query manual__2023-04-24T15:31:05.253597+00:00 [running]> on host b136a0a45498
[2023-04-24 15:31:14,311] {taskinstance.py:1591} INFO - Exporting the following env vars:
AIRFLOW_CTX_DAG_OWNER=***
AIRFLOW_CTX_DAG_ID=vic_investigacion_ETL
AIRFLOW_CTX_TASK_ID=upload_data_big_query
AIRFLOW_CTX_EXECUTION_DATE=2023-04-24T15:31:05.253597+00:00
AIRFLOW_CTX_TRY_NUMBER=1
AIRFLOW_CTX_DAG_RUN_ID=manual__2023-04-24T15:31:05.253597+00:00
[2023-04-24 15:31:14,313] {logging_mixin.py:115} INFO - Exporting Data
[2023-04-24 15:31:14,316] {logging_mixin.py:115} INFO - /opt/***/data/scopus/clean/clean_authors_core_data/afilliations_history.csv
[2023-04-24 15:31:15,861] {logging_mixin.py:115} INFO - --
[2023-04-24 15:31:15,862] {logging_mixin.py:115} INFO - /opt/***/data/scopus/clean/clean_authors_core_data/core_data.csv
[2023-04-24 15:31:22,019] {logging_mixin.py:115} INFO - LoadJob<project=viceinvestigacion, location=US, id=0419edfb-a443-4bb3-8a08-e396b3b82498>
[2023-04-24 15:31:22,021] {logging_mixin.py:115} INFO - /opt/***/data/scopus/clean/clean_authors_core_data/current_afilliations.csv
[2023-04-24 15:31:22,497] {logging_mixin.py:115} INFO - --
[2023-04-24 15:31:22,506] {logging_mixin.py:115} INFO - /opt/***/data/scopus/clean/clean_authors_core_data/subject_areas.csv
[2023-04-24 15:31:22,973] {logging_mixin.py:115} INFO - --
[2023-04-24 15:31:22,976] {logging_mixin.py:115} INFO - /opt/***/data/scopus/clean/clean_authors_products_data/clean_products.csv
[2023-04-24 15:31:26,281] {logging_mixin.py:115} INFO - LoadJob<project=viceinvestigacion, location=US, id=b3731447-7432-4a61-a92f-59917b01b5c8>
[2023-04-24 15:31:26,302] {taskinstance.py:1420} INFO - Marking task as SUCCESS. dag_id=vic_investigacion_ETL, task_id=upload_data_big_query, execution_date=20230424T153105, start_date=20230424T153114, end_date=20230424T153126
[2023-04-24 15:31:26,438] {local_task_job.py:156} INFO - Task exited with return code 0
[2023-04-24 15:31:26,478] {local_task_job.py:273} INFO - 0 downstream tasks scheduled from follow-on schedule check
