[2023-04-17 15:08:46,836] {taskinstance.py:1179} INFO - Dependencies all met for <TaskInstance: vic_investigacion_ETL.get_group_lac_data manual__2023-04-17T15:08:45.337646+00:00 [queued]>
[2023-04-17 15:08:46,844] {taskinstance.py:1179} INFO - Dependencies all met for <TaskInstance: vic_investigacion_ETL.get_group_lac_data manual__2023-04-17T15:08:45.337646+00:00 [queued]>
[2023-04-17 15:08:46,845] {taskinstance.py:1376} INFO - 
--------------------------------------------------------------------------------
[2023-04-17 15:08:46,846] {taskinstance.py:1377} INFO - Starting attempt 1 of 1
[2023-04-17 15:08:46,846] {taskinstance.py:1378} INFO - 
--------------------------------------------------------------------------------
[2023-04-17 15:08:46,860] {taskinstance.py:1397} INFO - Executing <Task(PythonOperator): get_group_lac_data> on 2023-04-17 15:08:45.337646+00:00
[2023-04-17 15:08:46,871] {standard_task_runner.py:52} INFO - Started process 637 to run task
[2023-04-17 15:08:46,879] {standard_task_runner.py:79} INFO - Running: ['***', 'tasks', 'run', 'vic_investigacion_ETL', 'get_group_lac_data', 'manual__2023-04-17T15:08:45.337646+00:00', '--job-id', '180', '--raw', '--subdir', 'DAGS_FOLDER/vic_investigacion_dag.py', '--cfg-path', '/tmp/tmp4itf6inj', '--error-file', '/tmp/tmp1vi8_izr']
[2023-04-17 15:08:46,882] {standard_task_runner.py:80} INFO - Job 180: Subtask get_group_lac_data
[2023-04-17 15:08:46,984] {task_command.py:371} INFO - Running <TaskInstance: vic_investigacion_ETL.get_group_lac_data manual__2023-04-17T15:08:45.337646+00:00 [running]> on host 6051ec54e0cc
[2023-04-17 15:08:47,059] {taskinstance.py:1591} INFO - Exporting the following env vars:
AIRFLOW_CTX_DAG_OWNER=***
AIRFLOW_CTX_DAG_ID=vic_investigacion_ETL
AIRFLOW_CTX_TASK_ID=get_group_lac_data
AIRFLOW_CTX_EXECUTION_DATE=2023-04-17T15:08:45.337646+00:00
AIRFLOW_CTX_TRY_NUMBER=1
AIRFLOW_CTX_DAG_RUN_ID=manual__2023-04-17T15:08:45.337646+00:00
[2023-04-17 15:08:47,061] {logging_mixin.py:115} INFO - Getting GROUP LAC Data
[2023-04-17 15:08:47,063] {python.py:173} INFO - Done. Returned value was: None
[2023-04-17 15:08:47,082] {taskinstance.py:1420} INFO - Marking task as SUCCESS. dag_id=vic_investigacion_ETL, task_id=get_group_lac_data, execution_date=20230417T150845, start_date=20230417T150846, end_date=20230417T150847
[2023-04-17 15:08:47,132] {local_task_job.py:156} INFO - Task exited with return code 0
[2023-04-17 15:08:47,176] {local_task_job.py:273} INFO - 0 downstream tasks scheduled from follow-on schedule check
