[2023-04-14 17:21:23,150] {taskinstance.py:1179} INFO - Dependencies all met for <TaskInstance: vic_investigacion_ETL.prepare_data manual__2023-04-14T17:21:19.641323+00:00 [queued]>
[2023-04-14 17:21:23,156] {taskinstance.py:1179} INFO - Dependencies all met for <TaskInstance: vic_investigacion_ETL.prepare_data manual__2023-04-14T17:21:19.641323+00:00 [queued]>
[2023-04-14 17:21:23,157] {taskinstance.py:1376} INFO - 
--------------------------------------------------------------------------------
[2023-04-14 17:21:23,157] {taskinstance.py:1377} INFO - Starting attempt 1 of 1
[2023-04-14 17:21:23,158] {taskinstance.py:1378} INFO - 
--------------------------------------------------------------------------------
[2023-04-14 17:21:23,165] {taskinstance.py:1397} INFO - Executing <Task(PythonOperator): prepare_data> on 2023-04-14 17:21:19.641323+00:00
[2023-04-14 17:21:23,172] {standard_task_runner.py:52} INFO - Started process 121 to run task
[2023-04-14 17:21:23,175] {standard_task_runner.py:79} INFO - Running: ['***', 'tasks', 'run', 'vic_investigacion_ETL', 'prepare_data', 'manual__2023-04-14T17:21:19.641323+00:00', '--job-id', '140', '--raw', '--subdir', 'DAGS_FOLDER/vic_investigacion_dag.py', '--cfg-path', '/tmp/tmps53g_wr7', '--error-file', '/tmp/tmpl4b13oun']
[2023-04-14 17:21:23,177] {standard_task_runner.py:80} INFO - Job 140: Subtask prepare_data
[2023-04-14 17:21:23,229] {task_command.py:371} INFO - Running <TaskInstance: vic_investigacion_ETL.prepare_data manual__2023-04-14T17:21:19.641323+00:00 [running]> on host 6051ec54e0cc
[2023-04-14 17:21:23,276] {taskinstance.py:1591} INFO - Exporting the following env vars:
AIRFLOW_CTX_DAG_OWNER=***
AIRFLOW_CTX_DAG_ID=vic_investigacion_ETL
AIRFLOW_CTX_TASK_ID=prepare_data
AIRFLOW_CTX_EXECUTION_DATE=2023-04-14T17:21:19.641323+00:00
AIRFLOW_CTX_TRY_NUMBER=1
AIRFLOW_CTX_DAG_RUN_ID=manual__2023-04-14T17:21:19.641323+00:00
[2023-04-14 17:21:23,277] {logging_mixin.py:115} INFO - Preparing Data
[2023-04-14 17:21:23,278] {python.py:173} INFO - Done. Returned value was: None
[2023-04-14 17:21:23,288] {taskinstance.py:1420} INFO - Marking task as SUCCESS. dag_id=vic_investigacion_ETL, task_id=prepare_data, execution_date=20230414T172119, start_date=20230414T172123, end_date=20230414T172123
[2023-04-14 17:21:23,309] {local_task_job.py:156} INFO - Task exited with return code 0
[2023-04-14 17:21:23,338] {local_task_job.py:273} INFO - 1 downstream tasks scheduled from follow-on schedule check
