[2023-07-26 16:55:07,968] {taskinstance.py:1179} INFO - Dependencies all met for <TaskInstance: vic_investigacion_ETL.semilleros manual__2023-07-26T16:55:06.019068+00:00 [queued]>
[2023-07-26 16:55:07,976] {taskinstance.py:1179} INFO - Dependencies all met for <TaskInstance: vic_investigacion_ETL.semilleros manual__2023-07-26T16:55:06.019068+00:00 [queued]>
[2023-07-26 16:55:07,976] {taskinstance.py:1376} INFO - 
--------------------------------------------------------------------------------
[2023-07-26 16:55:07,977] {taskinstance.py:1377} INFO - Starting attempt 1 of 1
[2023-07-26 16:55:07,978] {taskinstance.py:1378} INFO - 
--------------------------------------------------------------------------------
[2023-07-26 16:55:07,992] {taskinstance.py:1397} INFO - Executing <Task(PrepareSemilleros): semilleros> on 2023-07-26 16:55:06.019068+00:00
[2023-07-26 16:55:08,003] {standard_task_runner.py:52} INFO - Started process 411 to run task
[2023-07-26 16:55:08,010] {standard_task_runner.py:79} INFO - Running: ['***', 'tasks', 'run', 'vic_investigacion_ETL', 'semilleros', 'manual__2023-07-26T16:55:06.019068+00:00', '--job-id', '114', '--raw', '--subdir', 'DAGS_FOLDER/vic_investigacion_dag.py', '--cfg-path', '/tmp/tmpgifb2yqe', '--error-file', '/tmp/tmpd476yui9']
[2023-07-26 16:55:08,013] {standard_task_runner.py:80} INFO - Job 114: Subtask semilleros
[2023-07-26 16:55:08,150] {task_command.py:371} INFO - Running <TaskInstance: vic_investigacion_ETL.semilleros manual__2023-07-26T16:55:06.019068+00:00 [running]> on host 6c8a51d4a614
[2023-07-26 16:55:08,288] {taskinstance.py:1591} INFO - Exporting the following env vars:
AIRFLOW_CTX_DAG_OWNER=***
AIRFLOW_CTX_DAG_ID=vic_investigacion_ETL
AIRFLOW_CTX_TASK_ID=semilleros
AIRFLOW_CTX_EXECUTION_DATE=2023-07-26T16:55:06.019068+00:00
AIRFLOW_CTX_TRY_NUMBER=1
AIRFLOW_CTX_DAG_RUN_ID=manual__2023-07-26T16:55:06.019068+00:00
[2023-07-26 16:55:08,296] {logging_mixin.py:115} INFO - Reading Semilleros
[2023-07-26 16:55:09,141] {taskinstance.py:1420} INFO - Marking task as SUCCESS. dag_id=vic_investigacion_ETL, task_id=semilleros, execution_date=20230726T165506, start_date=20230726T165507, end_date=20230726T165509
[2023-07-26 16:55:09,203] {local_task_job.py:156} INFO - Task exited with return code 0
