[2023-04-14 17:18:52,577] {taskinstance.py:1179} INFO - Dependencies all met for <TaskInstance: vic_investigacion_ETL.get_group_lac_data manual__2023-04-14T17:18:50.529633+00:00 [queued]>
[2023-04-14 17:18:52,592] {taskinstance.py:1179} INFO - Dependencies all met for <TaskInstance: vic_investigacion_ETL.get_group_lac_data manual__2023-04-14T17:18:50.529633+00:00 [queued]>
[2023-04-14 17:18:52,595] {taskinstance.py:1376} INFO - 
--------------------------------------------------------------------------------
[2023-04-14 17:18:52,597] {taskinstance.py:1377} INFO - Starting attempt 1 of 1
[2023-04-14 17:18:52,604] {taskinstance.py:1378} INFO - 
--------------------------------------------------------------------------------
[2023-04-14 17:18:52,622] {taskinstance.py:1397} INFO - Executing <Task(PythonOperator): get_group_lac_data> on 2023-04-14 17:18:50.529633+00:00
[2023-04-14 17:18:52,632] {standard_task_runner.py:52} INFO - Started process 89 to run task
[2023-04-14 17:18:52,637] {standard_task_runner.py:79} INFO - Running: ['***', 'tasks', 'run', 'vic_investigacion_ETL', 'get_group_lac_data', 'manual__2023-04-14T17:18:50.529633+00:00', '--job-id', '125', '--raw', '--subdir', 'DAGS_FOLDER/vic_investigacion_dag.py', '--cfg-path', '/tmp/tmp7i46e22g', '--error-file', '/tmp/tmp5prfh1sk']
[2023-04-14 17:18:52,641] {standard_task_runner.py:80} INFO - Job 125: Subtask get_group_lac_data
[2023-04-14 17:18:52,751] {task_command.py:371} INFO - Running <TaskInstance: vic_investigacion_ETL.get_group_lac_data manual__2023-04-14T17:18:50.529633+00:00 [running]> on host 9a187b96ec59
[2023-04-14 17:18:52,827] {taskinstance.py:1591} INFO - Exporting the following env vars:
AIRFLOW_CTX_DAG_OWNER=***
AIRFLOW_CTX_DAG_ID=vic_investigacion_ETL
AIRFLOW_CTX_TASK_ID=get_group_lac_data
AIRFLOW_CTX_EXECUTION_DATE=2023-04-14T17:18:50.529633+00:00
AIRFLOW_CTX_TRY_NUMBER=1
AIRFLOW_CTX_DAG_RUN_ID=manual__2023-04-14T17:18:50.529633+00:00
[2023-04-14 17:18:52,829] {logging_mixin.py:115} INFO - Getting GROUP LAC Data
[2023-04-14 17:18:52,830] {python.py:173} INFO - Done. Returned value was: None
[2023-04-14 17:18:52,842] {taskinstance.py:1420} INFO - Marking task as SUCCESS. dag_id=vic_investigacion_ETL, task_id=get_group_lac_data, execution_date=20230414T171850, start_date=20230414T171852, end_date=20230414T171852
[2023-04-14 17:18:52,896] {local_task_job.py:156} INFO - Task exited with return code 0
[2023-04-14 17:18:52,934] {local_task_job.py:273} INFO - 0 downstream tasks scheduled from follow-on schedule check
