[2023-04-24 17:39:45,762] {taskinstance.py:1179} INFO - Dependencies all met for <TaskInstance: vic_investigacion_ETL.get_group_lac_data manual__2023-04-24T17:39:43.016828+00:00 [queued]>
[2023-04-24 17:39:45,773] {taskinstance.py:1179} INFO - Dependencies all met for <TaskInstance: vic_investigacion_ETL.get_group_lac_data manual__2023-04-24T17:39:43.016828+00:00 [queued]>
[2023-04-24 17:39:45,775] {taskinstance.py:1376} INFO - 
--------------------------------------------------------------------------------
[2023-04-24 17:39:45,775] {taskinstance.py:1377} INFO - Starting attempt 1 of 1
[2023-04-24 17:39:45,776] {taskinstance.py:1378} INFO - 
--------------------------------------------------------------------------------
[2023-04-24 17:39:45,788] {taskinstance.py:1397} INFO - Executing <Task(ReadGroupLAC): get_group_lac_data> on 2023-04-24 17:39:43.016828+00:00
[2023-04-24 17:39:45,806] {standard_task_runner.py:52} INFO - Started process 6779 to run task
[2023-04-24 17:39:45,813] {standard_task_runner.py:79} INFO - Running: ['***', 'tasks', 'run', 'vic_investigacion_ETL', 'get_group_lac_data', 'manual__2023-04-24T17:39:43.016828+00:00', '--job-id', '402', '--raw', '--subdir', 'DAGS_FOLDER/vic_investigacion_dag.py', '--cfg-path', '/tmp/tmp4bjg71t_', '--error-file', '/tmp/tmpi_t2qb9p']
[2023-04-24 17:39:45,816] {standard_task_runner.py:80} INFO - Job 402: Subtask get_group_lac_data
[2023-04-24 17:39:45,943] {task_command.py:371} INFO - Running <TaskInstance: vic_investigacion_ETL.get_group_lac_data manual__2023-04-24T17:39:43.016828+00:00 [running]> on host b136a0a45498
[2023-04-24 17:39:46,045] {taskinstance.py:1591} INFO - Exporting the following env vars:
AIRFLOW_CTX_DAG_OWNER=***
AIRFLOW_CTX_DAG_ID=vic_investigacion_ETL
AIRFLOW_CTX_TASK_ID=get_group_lac_data
AIRFLOW_CTX_EXECUTION_DATE=2023-04-24T17:39:43.016828+00:00
AIRFLOW_CTX_TRY_NUMBER=1
AIRFLOW_CTX_DAG_RUN_ID=manual__2023-04-24T17:39:43.016828+00:00
[2023-04-24 17:39:46,048] {logging_mixin.py:115} INFO - Getting Group LAC Data
[2023-04-24 17:39:46,618] {taskinstance.py:1420} INFO - Marking task as SUCCESS. dag_id=vic_investigacion_ETL, task_id=get_group_lac_data, execution_date=20230424T173943, start_date=20230424T173945, end_date=20230424T173946
[2023-04-24 17:39:46,683] {local_task_job.py:156} INFO - Task exited with return code 0
