[2023-08-01 23:45:38,981] {taskinstance.py:1179} INFO - Dependencies all met for <TaskInstance: vic_investigacion_ETL.semilleros manual__2023-08-01T23:45:35.326016+00:00 [queued]>
[2023-08-01 23:45:39,004] {taskinstance.py:1179} INFO - Dependencies all met for <TaskInstance: vic_investigacion_ETL.semilleros manual__2023-08-01T23:45:35.326016+00:00 [queued]>
[2023-08-01 23:45:39,007] {taskinstance.py:1376} INFO - 
--------------------------------------------------------------------------------
[2023-08-01 23:45:39,013] {taskinstance.py:1377} INFO - Starting attempt 1 of 1
[2023-08-01 23:45:39,019] {taskinstance.py:1378} INFO - 
--------------------------------------------------------------------------------
[2023-08-01 23:45:39,037] {taskinstance.py:1397} INFO - Executing <Task(PrepareSemilleros): semilleros> on 2023-08-01 23:45:35.326016+00:00
[2023-08-01 23:45:39,049] {standard_task_runner.py:52} INFO - Started process 2554 to run task
[2023-08-01 23:45:39,056] {standard_task_runner.py:79} INFO - Running: ['***', 'tasks', 'run', 'vic_investigacion_ETL', 'semilleros', 'manual__2023-08-01T23:45:35.326016+00:00', '--job-id', '193', '--raw', '--subdir', 'DAGS_FOLDER/vic_investigacion_dag.py', '--cfg-path', '/tmp/tmpmdes1k4s', '--error-file', '/tmp/tmp8xqw1tx6']
[2023-08-01 23:45:39,059] {standard_task_runner.py:80} INFO - Job 193: Subtask semilleros
[2023-08-01 23:45:39,230] {task_command.py:371} INFO - Running <TaskInstance: vic_investigacion_ETL.semilleros manual__2023-08-01T23:45:35.326016+00:00 [running]> on host 6c8a51d4a614
[2023-08-01 23:45:39,375] {taskinstance.py:1591} INFO - Exporting the following env vars:
AIRFLOW_CTX_DAG_OWNER=***
AIRFLOW_CTX_DAG_ID=vic_investigacion_ETL
AIRFLOW_CTX_TASK_ID=semilleros
AIRFLOW_CTX_EXECUTION_DATE=2023-08-01T23:45:35.326016+00:00
AIRFLOW_CTX_TRY_NUMBER=1
AIRFLOW_CTX_DAG_RUN_ID=manual__2023-08-01T23:45:35.326016+00:00
[2023-08-01 23:45:39,382] {logging_mixin.py:115} INFO - Reading Semilleros
[2023-08-01 23:45:42,693] {taskinstance.py:1420} INFO - Marking task as SUCCESS. dag_id=vic_investigacion_ETL, task_id=semilleros, execution_date=20230801T234535, start_date=20230801T234538, end_date=20230801T234542
[2023-08-01 23:45:43,942] {local_task_job.py:156} INFO - Task exited with return code 0
