[2023-07-26 17:30:43,599] {taskinstance.py:1179} INFO - Dependencies all met for <TaskInstance: vic_investigacion_ETL.repositorio_institucional manual__2023-07-26T17:30:40.993909+00:00 [queued]>
[2023-07-26 17:30:43,626] {taskinstance.py:1179} INFO - Dependencies all met for <TaskInstance: vic_investigacion_ETL.repositorio_institucional manual__2023-07-26T17:30:40.993909+00:00 [queued]>
[2023-07-26 17:30:43,627] {taskinstance.py:1376} INFO - 
--------------------------------------------------------------------------------
[2023-07-26 17:30:43,628] {taskinstance.py:1377} INFO - Starting attempt 1 of 1
[2023-07-26 17:30:43,630] {taskinstance.py:1378} INFO - 
--------------------------------------------------------------------------------
[2023-07-26 17:30:43,670] {taskinstance.py:1397} INFO - Executing <Task(PrepareRepositorioInstitucional): repositorio_institucional> on 2023-07-26 17:30:40.993909+00:00
[2023-07-26 17:30:43,696] {standard_task_runner.py:52} INFO - Started process 776 to run task
[2023-07-26 17:30:43,705] {standard_task_runner.py:79} INFO - Running: ['***', 'tasks', 'run', 'vic_investigacion_ETL', 'repositorio_institucional', 'manual__2023-07-26T17:30:40.993909+00:00', '--job-id', '134', '--raw', '--subdir', 'DAGS_FOLDER/vic_investigacion_dag.py', '--cfg-path', '/tmp/tmp9ab_2s9l', '--error-file', '/tmp/tmp5i5znrep']
[2023-07-26 17:30:43,710] {standard_task_runner.py:80} INFO - Job 134: Subtask repositorio_institucional
[2023-07-26 17:30:43,912] {task_command.py:371} INFO - Running <TaskInstance: vic_investigacion_ETL.repositorio_institucional manual__2023-07-26T17:30:40.993909+00:00 [running]> on host 6c8a51d4a614
[2023-07-26 17:30:44,135] {taskinstance.py:1591} INFO - Exporting the following env vars:
AIRFLOW_CTX_DAG_OWNER=***
AIRFLOW_CTX_DAG_ID=vic_investigacion_ETL
AIRFLOW_CTX_TASK_ID=repositorio_institucional
AIRFLOW_CTX_EXECUTION_DATE=2023-07-26T17:30:40.993909+00:00
AIRFLOW_CTX_TRY_NUMBER=1
AIRFLOW_CTX_DAG_RUN_ID=manual__2023-07-26T17:30:40.993909+00:00
[2023-07-26 17:30:44,149] {logging_mixin.py:115} INFO - Preparing Repositorio Institucional
[2023-07-26 17:31:09,626] {taskinstance.py:1420} INFO - Marking task as SUCCESS. dag_id=vic_investigacion_ETL, task_id=repositorio_institucional, execution_date=20230726T173040, start_date=20230726T173043, end_date=20230726T173109
[2023-07-26 17:31:09,835] {local_task_job.py:156} INFO - Task exited with return code 0
