[2023-04-24 16:27:44,218] {taskinstance.py:1179} INFO - Dependencies all met for <TaskInstance: vic_investigacion_ETL.get_scopus_data manual__2023-04-24T16:27:41.942112+00:00 [queued]>
[2023-04-24 16:27:44,228] {taskinstance.py:1179} INFO - Dependencies all met for <TaskInstance: vic_investigacion_ETL.get_scopus_data manual__2023-04-24T16:27:41.942112+00:00 [queued]>
[2023-04-24 16:27:44,229] {taskinstance.py:1376} INFO - 
--------------------------------------------------------------------------------
[2023-04-24 16:27:44,230] {taskinstance.py:1377} INFO - Starting attempt 1 of 1
[2023-04-24 16:27:44,231] {taskinstance.py:1378} INFO - 
--------------------------------------------------------------------------------
[2023-04-24 16:27:44,244] {taskinstance.py:1397} INFO - Executing <Task(ReadScopus): get_scopus_data> on 2023-04-24 16:27:41.942112+00:00
[2023-04-24 16:27:44,263] {standard_task_runner.py:52} INFO - Started process 3176 to run task
[2023-04-24 16:27:44,271] {standard_task_runner.py:79} INFO - Running: ['***', 'tasks', 'run', 'vic_investigacion_ETL', 'get_scopus_data', 'manual__2023-04-24T16:27:41.942112+00:00', '--job-id', '316', '--raw', '--subdir', 'DAGS_FOLDER/vic_investigacion_dag.py', '--cfg-path', '/tmp/tmpqndm7qf7', '--error-file', '/tmp/tmp2x6922wc']
[2023-04-24 16:27:44,273] {standard_task_runner.py:80} INFO - Job 316: Subtask get_scopus_data
[2023-04-24 16:27:44,385] {task_command.py:371} INFO - Running <TaskInstance: vic_investigacion_ETL.get_scopus_data manual__2023-04-24T16:27:41.942112+00:00 [running]> on host b136a0a45498
[2023-04-24 16:27:44,459] {taskinstance.py:1591} INFO - Exporting the following env vars:
AIRFLOW_CTX_DAG_OWNER=***
AIRFLOW_CTX_DAG_ID=vic_investigacion_ETL
AIRFLOW_CTX_TASK_ID=get_scopus_data
AIRFLOW_CTX_EXECUTION_DATE=2023-04-24T16:27:41.942112+00:00
AIRFLOW_CTX_TRY_NUMBER=1
AIRFLOW_CTX_DAG_RUN_ID=manual__2023-04-24T16:27:41.942112+00:00
[2023-04-24 16:27:44,464] {logging_mixin.py:115} INFO - Getting Scopus Data
[2023-04-24 16:27:44,466] {logging_mixin.py:115} INFO - The api key is:  640ababb3eaaa3723c7cc11be848250b
[2023-04-24 16:27:44,473] {logging_mixin.py:115} INFO - DAG PATH:  /opt/***
[2023-04-24 16:27:44,976] {logging_mixin.py:115} INFO -        Cedula                       Nombre    Scopus_ID
0  52390079.0  Pomares Quimbaya Alexandra   24832026300
1         NaN  Carlos Andres Parra Acevedo  57212998692
[2023-04-24 16:27:44,989] {taskinstance.py:1420} INFO - Marking task as SUCCESS. dag_id=vic_investigacion_ETL, task_id=get_scopus_data, execution_date=20230424T162741, start_date=20230424T162744, end_date=20230424T162744
[2023-04-24 16:27:45,049] {local_task_job.py:156} INFO - Task exited with return code 0
