[2023-04-14 17:28:21,225] {taskinstance.py:1179} INFO - Dependencies all met for <TaskInstance: vic_investigacion_ETL.prepare_data manual__2023-04-14T17:28:18.317066+00:00 [queued]>
[2023-04-14 17:28:21,231] {taskinstance.py:1179} INFO - Dependencies all met for <TaskInstance: vic_investigacion_ETL.prepare_data manual__2023-04-14T17:28:18.317066+00:00 [queued]>
[2023-04-14 17:28:21,231] {taskinstance.py:1376} INFO - 
--------------------------------------------------------------------------------
[2023-04-14 17:28:21,232] {taskinstance.py:1377} INFO - Starting attempt 1 of 1
[2023-04-14 17:28:21,232] {taskinstance.py:1378} INFO - 
--------------------------------------------------------------------------------
[2023-04-14 17:28:21,239] {taskinstance.py:1397} INFO - Executing <Task(PythonOperator): prepare_data> on 2023-04-14 17:28:18.317066+00:00
[2023-04-14 17:28:21,244] {standard_task_runner.py:52} INFO - Started process 508 to run task
[2023-04-14 17:28:21,247] {standard_task_runner.py:79} INFO - Running: ['***', 'tasks', 'run', 'vic_investigacion_ETL', 'prepare_data', 'manual__2023-04-14T17:28:18.317066+00:00', '--job-id', '152', '--raw', '--subdir', 'DAGS_FOLDER/vic_investigacion_dag.py', '--cfg-path', '/tmp/tmp1hk767tg', '--error-file', '/tmp/tmp2ne5habb']
[2023-04-14 17:28:21,249] {standard_task_runner.py:80} INFO - Job 152: Subtask prepare_data
[2023-04-14 17:28:21,299] {task_command.py:371} INFO - Running <TaskInstance: vic_investigacion_ETL.prepare_data manual__2023-04-14T17:28:18.317066+00:00 [running]> on host 6051ec54e0cc
[2023-04-14 17:28:21,347] {taskinstance.py:1591} INFO - Exporting the following env vars:
AIRFLOW_CTX_DAG_OWNER=***
AIRFLOW_CTX_DAG_ID=vic_investigacion_ETL
AIRFLOW_CTX_TASK_ID=prepare_data
AIRFLOW_CTX_EXECUTION_DATE=2023-04-14T17:28:18.317066+00:00
AIRFLOW_CTX_TRY_NUMBER=1
AIRFLOW_CTX_DAG_RUN_ID=manual__2023-04-14T17:28:18.317066+00:00
[2023-04-14 17:28:21,348] {logging_mixin.py:115} INFO - Preparing Data
[2023-04-14 17:28:21,349] {python.py:173} INFO - Done. Returned value was: None
[2023-04-14 17:28:21,359] {taskinstance.py:1420} INFO - Marking task as SUCCESS. dag_id=vic_investigacion_ETL, task_id=prepare_data, execution_date=20230414T172818, start_date=20230414T172821, end_date=20230414T172821
[2023-04-14 17:28:21,382] {local_task_job.py:156} INFO - Task exited with return code 0
[2023-04-14 17:28:21,409] {local_task_job.py:273} INFO - 1 downstream tasks scheduled from follow-on schedule check
