[2023-06-07 13:50:34,126] {taskinstance.py:1179} INFO - Dependencies all met for <TaskInstance: vic_investigacion_ETL.upload_data_big_query manual__2023-06-07T13:50:30.555991+00:00 [queued]>
[2023-06-07 13:50:34,133] {taskinstance.py:1179} INFO - Dependencies all met for <TaskInstance: vic_investigacion_ETL.upload_data_big_query manual__2023-06-07T13:50:30.555991+00:00 [queued]>
[2023-06-07 13:50:34,134] {taskinstance.py:1376} INFO - 
--------------------------------------------------------------------------------
[2023-06-07 13:50:34,134] {taskinstance.py:1377} INFO - Starting attempt 1 of 1
[2023-06-07 13:50:34,135] {taskinstance.py:1378} INFO - 
--------------------------------------------------------------------------------
[2023-06-07 13:50:34,142] {taskinstance.py:1397} INFO - Executing <Task(ExportData): upload_data_big_query> on 2023-06-07 13:50:30.555991+00:00
[2023-06-07 13:50:34,147] {standard_task_runner.py:52} INFO - Started process 1050 to run task
[2023-06-07 13:50:34,150] {standard_task_runner.py:79} INFO - Running: ['***', 'tasks', 'run', 'vic_investigacion_ETL', 'upload_data_big_query', 'manual__2023-06-07T13:50:30.555991+00:00', '--job-id', '322', '--raw', '--subdir', 'DAGS_FOLDER/vic_investigacion_dag.py', '--cfg-path', '/tmp/tmpxb7_psss', '--error-file', '/tmp/tmp98rgn8mz']
[2023-06-07 13:50:34,152] {standard_task_runner.py:80} INFO - Job 322: Subtask upload_data_big_query
[2023-06-07 13:50:34,206] {task_command.py:371} INFO - Running <TaskInstance: vic_investigacion_ETL.upload_data_big_query manual__2023-06-07T13:50:30.555991+00:00 [running]> on host ad8fd2023d13
[2023-06-07 13:50:34,256] {taskinstance.py:1591} INFO - Exporting the following env vars:
AIRFLOW_CTX_DAG_OWNER=***
AIRFLOW_CTX_DAG_ID=vic_investigacion_ETL
AIRFLOW_CTX_TASK_ID=upload_data_big_query
AIRFLOW_CTX_EXECUTION_DATE=2023-06-07T13:50:30.555991+00:00
AIRFLOW_CTX_TRY_NUMBER=1
AIRFLOW_CTX_DAG_RUN_ID=manual__2023-06-07T13:50:30.555991+00:00
[2023-06-07 13:50:34,257] {logging_mixin.py:115} INFO - Exporting Data
[2023-06-07 13:50:34,259] {logging_mixin.py:115} INFO - /opt/***/data/scopus/to_upload_data/core_data.csv
[2023-06-07 13:50:34,266] {logging_mixin.py:115} INFO - --
[2023-06-07 13:50:34,266] {logging_mixin.py:115} INFO - /opt/***/data/scopus/to_upload_data/subject_areas.csv
[2023-06-07 13:50:34,269] {logging_mixin.py:115} INFO - --
[2023-06-07 13:50:34,280] {taskinstance.py:1420} INFO - Marking task as SUCCESS. dag_id=vic_investigacion_ETL, task_id=upload_data_big_query, execution_date=20230607T135030, start_date=20230607T135034, end_date=20230607T135034
[2023-06-07 13:50:34,327] {local_task_job.py:156} INFO - Task exited with return code 0
[2023-06-07 13:50:34,354] {local_task_job.py:273} INFO - 0 downstream tasks scheduled from follow-on schedule check
