[2023-04-24 17:12:54,043] {taskinstance.py:1179} INFO - Dependencies all met for <TaskInstance: vic_investigacion_ETL.join_all_data manual__2023-04-24T17:12:46.783653+00:00 [queued]>
[2023-04-24 17:12:54,052] {taskinstance.py:1179} INFO - Dependencies all met for <TaskInstance: vic_investigacion_ETL.join_all_data manual__2023-04-24T17:12:46.783653+00:00 [queued]>
[2023-04-24 17:12:54,052] {taskinstance.py:1376} INFO - 
--------------------------------------------------------------------------------
[2023-04-24 17:12:54,053] {taskinstance.py:1377} INFO - Starting attempt 1 of 1
[2023-04-24 17:12:54,054] {taskinstance.py:1378} INFO - 
--------------------------------------------------------------------------------
[2023-04-24 17:12:54,063] {taskinstance.py:1397} INFO - Executing <Task(JoinAllData): join_all_data> on 2023-04-24 17:12:46.783653+00:00
[2023-04-24 17:12:54,086] {standard_task_runner.py:52} INFO - Started process 5469 to run task
[2023-04-24 17:12:54,091] {standard_task_runner.py:79} INFO - Running: ['***', 'tasks', 'run', 'vic_investigacion_ETL', 'join_all_data', 'manual__2023-04-24T17:12:46.783653+00:00', '--job-id', '381', '--raw', '--subdir', 'DAGS_FOLDER/vic_investigacion_dag.py', '--cfg-path', '/tmp/tmphjq3rqr7', '--error-file', '/tmp/tmp2xil3r70']
[2023-04-24 17:12:54,094] {standard_task_runner.py:80} INFO - Job 381: Subtask join_all_data
[2023-04-24 17:12:54,174] {task_command.py:371} INFO - Running <TaskInstance: vic_investigacion_ETL.join_all_data manual__2023-04-24T17:12:46.783653+00:00 [running]> on host b136a0a45498
[2023-04-24 17:12:54,253] {taskinstance.py:1591} INFO - Exporting the following env vars:
AIRFLOW_CTX_DAG_OWNER=***
AIRFLOW_CTX_DAG_ID=vic_investigacion_ETL
AIRFLOW_CTX_TASK_ID=join_all_data
AIRFLOW_CTX_EXECUTION_DATE=2023-04-24T17:12:46.783653+00:00
AIRFLOW_CTX_TRY_NUMBER=1
AIRFLOW_CTX_DAG_RUN_ID=manual__2023-04-24T17:12:46.783653+00:00
[2023-04-24 17:12:54,255] {logging_mixin.py:115} INFO - Joining all data
[2023-04-24 17:12:54,280] {logging_mixin.py:115} INFO - Data joined
[2023-04-24 17:12:54,482] {taskinstance.py:1420} INFO - Marking task as SUCCESS. dag_id=vic_investigacion_ETL, task_id=join_all_data, execution_date=20230424T171246, start_date=20230424T171254, end_date=20230424T171254
[2023-04-24 17:12:54,535] {local_task_job.py:156} INFO - Task exited with return code 0
