[2023-06-01 00:14:34,059] {taskinstance.py:1179} INFO - Dependencies all met for <TaskInstance: vic_investigacion_ETL.prepare_wos_data manual__2023-06-01T00:14:31.815409+00:00 [queued]>
[2023-06-01 00:14:34,079] {taskinstance.py:1179} INFO - Dependencies all met for <TaskInstance: vic_investigacion_ETL.prepare_wos_data manual__2023-06-01T00:14:31.815409+00:00 [queued]>
[2023-06-01 00:14:34,080] {taskinstance.py:1376} INFO - 
--------------------------------------------------------------------------------
[2023-06-01 00:14:34,082] {taskinstance.py:1377} INFO - Starting attempt 1 of 1
[2023-06-01 00:14:34,085] {taskinstance.py:1378} INFO - 
--------------------------------------------------------------------------------
[2023-06-01 00:14:34,099] {taskinstance.py:1397} INFO - Executing <Task(PrepareWosData): prepare_wos_data> on 2023-06-01 00:14:31.815409+00:00
[2023-06-01 00:14:34,124] {standard_task_runner.py:52} INFO - Started process 2449 to run task
[2023-06-01 00:14:34,135] {standard_task_runner.py:79} INFO - Running: ['***', 'tasks', 'run', 'vic_investigacion_ETL', 'prepare_wos_data', 'manual__2023-06-01T00:14:31.815409+00:00', '--job-id', '36', '--raw', '--subdir', 'DAGS_FOLDER/vic_investigacion_dag.py', '--cfg-path', '/tmp/tmpxgl1tusa', '--error-file', '/tmp/tmp9h5pfmim']
[2023-06-01 00:14:34,140] {standard_task_runner.py:80} INFO - Job 36: Subtask prepare_wos_data
[2023-06-01 00:14:34,279] {task_command.py:371} INFO - Running <TaskInstance: vic_investigacion_ETL.prepare_wos_data manual__2023-06-01T00:14:31.815409+00:00 [running]> on host 5d9ccb732815
[2023-06-01 00:14:34,468] {taskinstance.py:1591} INFO - Exporting the following env vars:
AIRFLOW_CTX_DAG_OWNER=***
AIRFLOW_CTX_DAG_ID=vic_investigacion_ETL
AIRFLOW_CTX_TASK_ID=prepare_wos_data
AIRFLOW_CTX_EXECUTION_DATE=2023-06-01T00:14:31.815409+00:00
AIRFLOW_CTX_TRY_NUMBER=1
AIRFLOW_CTX_DAG_RUN_ID=manual__2023-06-01T00:14:31.815409+00:00
[2023-06-01 00:14:34,475] {logging_mixin.py:115} INFO - Preparing WOS Data
[2023-06-01 00:14:34,777] {taskinstance.py:1420} INFO - Marking task as SUCCESS. dag_id=vic_investigacion_ETL, task_id=prepare_wos_data, execution_date=20230601T001431, start_date=20230601T001434, end_date=20230601T001434
[2023-06-01 00:14:34,819] {local_task_job.py:156} INFO - Task exited with return code 0
[2023-06-01 00:14:34,904] {local_task_job.py:273} INFO - 0 downstream tasks scheduled from follow-on schedule check
