[2023-04-24 16:35:59,786] {taskinstance.py:1179} INFO - Dependencies all met for <TaskInstance: vic_investigacion_ETL.get_group_lac_data manual__2023-04-24T16:35:56.575083+00:00 [queued]>
[2023-04-24 16:35:59,820] {taskinstance.py:1179} INFO - Dependencies all met for <TaskInstance: vic_investigacion_ETL.get_group_lac_data manual__2023-04-24T16:35:56.575083+00:00 [queued]>
[2023-04-24 16:35:59,822] {taskinstance.py:1376} INFO - 
--------------------------------------------------------------------------------
[2023-04-24 16:35:59,825] {taskinstance.py:1377} INFO - Starting attempt 1 of 1
[2023-04-24 16:35:59,830] {taskinstance.py:1378} INFO - 
--------------------------------------------------------------------------------
[2023-04-24 16:35:59,871] {taskinstance.py:1397} INFO - Executing <Task(ReadGroupLAC): get_group_lac_data> on 2023-04-24 16:35:56.575083+00:00
[2023-04-24 16:35:59,899] {standard_task_runner.py:52} INFO - Started process 3636 to run task
[2023-04-24 16:35:59,918] {standard_task_runner.py:79} INFO - Running: ['***', 'tasks', 'run', 'vic_investigacion_ETL', 'get_group_lac_data', 'manual__2023-04-24T16:35:56.575083+00:00', '--job-id', '335', '--raw', '--subdir', 'DAGS_FOLDER/vic_investigacion_dag.py', '--cfg-path', '/tmp/tmpdlk5fkls', '--error-file', '/tmp/tmpkfjkb0xq']
[2023-04-24 16:35:59,929] {standard_task_runner.py:80} INFO - Job 335: Subtask get_group_lac_data
[2023-04-24 16:36:00,092] {task_command.py:371} INFO - Running <TaskInstance: vic_investigacion_ETL.get_group_lac_data manual__2023-04-24T16:35:56.575083+00:00 [running]> on host b136a0a45498
[2023-04-24 16:36:00,968] {taskinstance.py:1591} INFO - Exporting the following env vars:
AIRFLOW_CTX_DAG_OWNER=***
AIRFLOW_CTX_DAG_ID=vic_investigacion_ETL
AIRFLOW_CTX_TASK_ID=get_group_lac_data
AIRFLOW_CTX_EXECUTION_DATE=2023-04-24T16:35:56.575083+00:00
AIRFLOW_CTX_TRY_NUMBER=1
AIRFLOW_CTX_DAG_RUN_ID=manual__2023-04-24T16:35:56.575083+00:00
[2023-04-24 16:36:00,979] {logging_mixin.py:115} INFO - Getting Group LAC Data
[2023-04-24 16:36:01,053] {taskinstance.py:1420} INFO - Marking task as SUCCESS. dag_id=vic_investigacion_ETL, task_id=get_group_lac_data, execution_date=20230424T163556, start_date=20230424T163559, end_date=20230424T163601
[2023-04-24 16:36:01,167] {local_task_job.py:156} INFO - Task exited with return code 0
