[2023-04-14 17:23:41,423] {taskinstance.py:1179} INFO - Dependencies all met for <TaskInstance: vic_investigacion_ETL.get_wos_data manual__2023-04-14T17:23:39.692019+00:00 [queued]>
[2023-04-14 17:23:41,433] {taskinstance.py:1179} INFO - Dependencies all met for <TaskInstance: vic_investigacion_ETL.get_wos_data manual__2023-04-14T17:23:39.692019+00:00 [queued]>
[2023-04-14 17:23:41,435] {taskinstance.py:1376} INFO - 
--------------------------------------------------------------------------------
[2023-04-14 17:23:41,436] {taskinstance.py:1377} INFO - Starting attempt 1 of 1
[2023-04-14 17:23:41,437] {taskinstance.py:1378} INFO - 
--------------------------------------------------------------------------------
[2023-04-14 17:23:41,448] {taskinstance.py:1397} INFO - Executing <Task(PythonOperator): get_wos_data> on 2023-04-14 17:23:39.692019+00:00
[2023-04-14 17:23:41,456] {standard_task_runner.py:52} INFO - Started process 253 to run task
[2023-04-14 17:23:41,462] {standard_task_runner.py:79} INFO - Running: ['***', 'tasks', 'run', 'vic_investigacion_ETL', 'get_wos_data', 'manual__2023-04-14T17:23:39.692019+00:00', '--job-id', '145', '--raw', '--subdir', 'DAGS_FOLDER/vic_investigacion_dag.py', '--cfg-path', '/tmp/tmpabrr9m2f', '--error-file', '/tmp/tmpkh2ydgwg']
[2023-04-14 17:23:41,465] {standard_task_runner.py:80} INFO - Job 145: Subtask get_wos_data
[2023-04-14 17:23:41,554] {task_command.py:371} INFO - Running <TaskInstance: vic_investigacion_ETL.get_wos_data manual__2023-04-14T17:23:39.692019+00:00 [running]> on host 6051ec54e0cc
[2023-04-14 17:23:41,620] {taskinstance.py:1591} INFO - Exporting the following env vars:
AIRFLOW_CTX_DAG_OWNER=***
AIRFLOW_CTX_DAG_ID=vic_investigacion_ETL
AIRFLOW_CTX_TASK_ID=get_wos_data
AIRFLOW_CTX_EXECUTION_DATE=2023-04-14T17:23:39.692019+00:00
AIRFLOW_CTX_TRY_NUMBER=1
AIRFLOW_CTX_DAG_RUN_ID=manual__2023-04-14T17:23:39.692019+00:00
[2023-04-14 17:23:41,621] {logging_mixin.py:115} INFO - Getting WOS Data
[2023-04-14 17:23:41,622] {python.py:173} INFO - Done. Returned value was: None
[2023-04-14 17:23:41,634] {taskinstance.py:1420} INFO - Marking task as SUCCESS. dag_id=vic_investigacion_ETL, task_id=get_wos_data, execution_date=20230414T172339, start_date=20230414T172341, end_date=20230414T172341
[2023-04-14 17:23:41,674] {local_task_job.py:156} INFO - Task exited with return code 0
[2023-04-14 17:23:41,705] {local_task_job.py:273} INFO - 0 downstream tasks scheduled from follow-on schedule check
