[2023-07-26 15:27:51,282] {processor.py:153} INFO - Started process (PID=65) to work on /opt/airflow/dags/read_proyectos.py
[2023-07-26 15:27:51,289] {processor.py:641} INFO - Processing file /opt/airflow/dags/read_proyectos.py for tasks to queue
[2023-07-26 15:27:51,293] {logging_mixin.py:115} INFO - [2023-07-26 15:27:51,293] {dagbag.py:508} INFO - Filling up the DagBag from /opt/airflow/dags/read_proyectos.py
[2023-07-26 15:27:51,971] {processor.py:653} WARNING - No viable dags retrieved from /opt/airflow/dags/read_proyectos.py
[2023-07-26 15:27:51,997] {processor.py:161} INFO - Processing /opt/airflow/dags/read_proyectos.py took 0.725 seconds
[2023-07-26 15:28:22,478] {processor.py:153} INFO - Started process (PID=121) to work on /opt/airflow/dags/read_proyectos.py
[2023-07-26 15:28:22,480] {processor.py:641} INFO - Processing file /opt/airflow/dags/read_proyectos.py for tasks to queue
[2023-07-26 15:28:22,481] {logging_mixin.py:115} INFO - [2023-07-26 15:28:22,481] {dagbag.py:508} INFO - Filling up the DagBag from /opt/airflow/dags/read_proyectos.py
[2023-07-26 15:28:22,952] {processor.py:653} WARNING - No viable dags retrieved from /opt/airflow/dags/read_proyectos.py
[2023-07-26 15:28:22,968] {processor.py:161} INFO - Processing /opt/airflow/dags/read_proyectos.py took 0.493 seconds
[2023-07-26 15:28:53,068] {processor.py:153} INFO - Started process (PID=172) to work on /opt/airflow/dags/read_proyectos.py
[2023-07-26 15:28:53,069] {processor.py:641} INFO - Processing file /opt/airflow/dags/read_proyectos.py for tasks to queue
[2023-07-26 15:28:53,070] {logging_mixin.py:115} INFO - [2023-07-26 15:28:53,070] {dagbag.py:508} INFO - Filling up the DagBag from /opt/airflow/dags/read_proyectos.py
[2023-07-26 15:28:53,353] {processor.py:653} WARNING - No viable dags retrieved from /opt/airflow/dags/read_proyectos.py
[2023-07-26 15:28:53,366] {processor.py:161} INFO - Processing /opt/airflow/dags/read_proyectos.py took 0.300 seconds
[2023-07-26 15:29:24,197] {processor.py:153} INFO - Started process (PID=226) to work on /opt/airflow/dags/read_proyectos.py
[2023-07-26 15:29:24,199] {processor.py:641} INFO - Processing file /opt/airflow/dags/read_proyectos.py for tasks to queue
[2023-07-26 15:29:24,200] {logging_mixin.py:115} INFO - [2023-07-26 15:29:24,200] {dagbag.py:508} INFO - Filling up the DagBag from /opt/airflow/dags/read_proyectos.py
[2023-07-26 15:29:24,613] {processor.py:653} WARNING - No viable dags retrieved from /opt/airflow/dags/read_proyectos.py
[2023-07-26 15:29:24,632] {processor.py:161} INFO - Processing /opt/airflow/dags/read_proyectos.py took 0.440 seconds
[2023-07-26 15:29:56,774] {processor.py:153} INFO - Started process (PID=280) to work on /opt/airflow/dags/read_proyectos.py
[2023-07-26 15:29:56,777] {processor.py:641} INFO - Processing file /opt/airflow/dags/read_proyectos.py for tasks to queue
[2023-07-26 15:29:56,781] {logging_mixin.py:115} INFO - [2023-07-26 15:29:56,781] {dagbag.py:508} INFO - Filling up the DagBag from /opt/airflow/dags/read_proyectos.py
[2023-07-26 15:29:57,308] {processor.py:653} WARNING - No viable dags retrieved from /opt/airflow/dags/read_proyectos.py
[2023-07-26 15:29:57,332] {processor.py:161} INFO - Processing /opt/airflow/dags/read_proyectos.py took 0.564 seconds
[2023-07-26 15:30:28,058] {processor.py:153} INFO - Started process (PID=325) to work on /opt/airflow/dags/read_proyectos.py
[2023-07-26 15:30:28,060] {processor.py:641} INFO - Processing file /opt/airflow/dags/read_proyectos.py for tasks to queue
[2023-07-26 15:30:28,061] {logging_mixin.py:115} INFO - [2023-07-26 15:30:28,061] {dagbag.py:508} INFO - Filling up the DagBag from /opt/airflow/dags/read_proyectos.py
[2023-07-26 15:30:28,305] {processor.py:653} WARNING - No viable dags retrieved from /opt/airflow/dags/read_proyectos.py
[2023-07-26 15:30:28,317] {processor.py:161} INFO - Processing /opt/airflow/dags/read_proyectos.py took 0.265 seconds
[2023-07-26 15:30:58,887] {processor.py:153} INFO - Started process (PID=380) to work on /opt/airflow/dags/read_proyectos.py
[2023-07-26 15:30:58,889] {processor.py:641} INFO - Processing file /opt/airflow/dags/read_proyectos.py for tasks to queue
[2023-07-26 15:30:58,891] {logging_mixin.py:115} INFO - [2023-07-26 15:30:58,890] {dagbag.py:508} INFO - Filling up the DagBag from /opt/airflow/dags/read_proyectos.py
[2023-07-26 15:30:59,165] {processor.py:653} WARNING - No viable dags retrieved from /opt/airflow/dags/read_proyectos.py
[2023-07-26 15:30:59,177] {processor.py:161} INFO - Processing /opt/airflow/dags/read_proyectos.py took 0.296 seconds
[2023-07-26 15:31:29,511] {processor.py:153} INFO - Started process (PID=435) to work on /opt/airflow/dags/read_proyectos.py
[2023-07-26 15:31:29,513] {processor.py:641} INFO - Processing file /opt/airflow/dags/read_proyectos.py for tasks to queue
[2023-07-26 15:31:29,514] {logging_mixin.py:115} INFO - [2023-07-26 15:31:29,514] {dagbag.py:508} INFO - Filling up the DagBag from /opt/airflow/dags/read_proyectos.py
[2023-07-26 15:31:29,768] {processor.py:653} WARNING - No viable dags retrieved from /opt/airflow/dags/read_proyectos.py
[2023-07-26 15:31:29,784] {processor.py:161} INFO - Processing /opt/airflow/dags/read_proyectos.py took 0.276 seconds
[2023-07-26 15:32:00,426] {processor.py:153} INFO - Started process (PID=490) to work on /opt/airflow/dags/read_proyectos.py
[2023-07-26 15:32:00,428] {processor.py:641} INFO - Processing file /opt/airflow/dags/read_proyectos.py for tasks to queue
[2023-07-26 15:32:00,430] {logging_mixin.py:115} INFO - [2023-07-26 15:32:00,429] {dagbag.py:508} INFO - Filling up the DagBag from /opt/airflow/dags/read_proyectos.py
[2023-07-26 15:32:00,711] {processor.py:653} WARNING - No viable dags retrieved from /opt/airflow/dags/read_proyectos.py
[2023-07-26 15:32:00,723] {processor.py:161} INFO - Processing /opt/airflow/dags/read_proyectos.py took 0.305 seconds
[2023-07-26 15:32:31,058] {processor.py:153} INFO - Started process (PID=546) to work on /opt/airflow/dags/read_proyectos.py
[2023-07-26 15:32:31,059] {processor.py:641} INFO - Processing file /opt/airflow/dags/read_proyectos.py for tasks to queue
[2023-07-26 15:32:31,062] {logging_mixin.py:115} INFO - [2023-07-26 15:32:31,062] {dagbag.py:508} INFO - Filling up the DagBag from /opt/airflow/dags/read_proyectos.py
[2023-07-26 15:32:31,302] {processor.py:653} WARNING - No viable dags retrieved from /opt/airflow/dags/read_proyectos.py
[2023-07-26 15:32:31,314] {processor.py:161} INFO - Processing /opt/airflow/dags/read_proyectos.py took 0.261 seconds
[2023-07-26 15:33:01,562] {processor.py:153} INFO - Started process (PID=592) to work on /opt/airflow/dags/read_proyectos.py
[2023-07-26 15:33:01,563] {processor.py:641} INFO - Processing file /opt/airflow/dags/read_proyectos.py for tasks to queue
[2023-07-26 15:33:01,564] {logging_mixin.py:115} INFO - [2023-07-26 15:33:01,564] {dagbag.py:508} INFO - Filling up the DagBag from /opt/airflow/dags/read_proyectos.py
[2023-07-26 15:33:01,794] {processor.py:653} WARNING - No viable dags retrieved from /opt/airflow/dags/read_proyectos.py
[2023-07-26 15:33:01,812] {processor.py:161} INFO - Processing /opt/airflow/dags/read_proyectos.py took 0.253 seconds
[2023-07-26 15:33:32,112] {processor.py:153} INFO - Started process (PID=648) to work on /opt/airflow/dags/read_proyectos.py
[2023-07-26 15:33:32,113] {processor.py:641} INFO - Processing file /opt/airflow/dags/read_proyectos.py for tasks to queue
[2023-07-26 15:33:32,114] {logging_mixin.py:115} INFO - [2023-07-26 15:33:32,114] {dagbag.py:508} INFO - Filling up the DagBag from /opt/airflow/dags/read_proyectos.py
[2023-07-26 15:33:32,355] {processor.py:653} WARNING - No viable dags retrieved from /opt/airflow/dags/read_proyectos.py
[2023-07-26 15:33:32,366] {processor.py:161} INFO - Processing /opt/airflow/dags/read_proyectos.py took 0.258 seconds
[2023-07-26 15:34:02,813] {processor.py:153} INFO - Started process (PID=703) to work on /opt/airflow/dags/read_proyectos.py
[2023-07-26 15:34:02,815] {processor.py:641} INFO - Processing file /opt/airflow/dags/read_proyectos.py for tasks to queue
[2023-07-26 15:34:02,816] {logging_mixin.py:115} INFO - [2023-07-26 15:34:02,816] {dagbag.py:508} INFO - Filling up the DagBag from /opt/airflow/dags/read_proyectos.py
[2023-07-26 15:34:03,079] {processor.py:653} WARNING - No viable dags retrieved from /opt/airflow/dags/read_proyectos.py
[2023-07-26 15:34:03,093] {processor.py:161} INFO - Processing /opt/airflow/dags/read_proyectos.py took 0.283 seconds
[2023-07-26 15:34:33,615] {processor.py:153} INFO - Started process (PID=758) to work on /opt/airflow/dags/read_proyectos.py
[2023-07-26 15:34:33,616] {processor.py:641} INFO - Processing file /opt/airflow/dags/read_proyectos.py for tasks to queue
[2023-07-26 15:34:33,617] {logging_mixin.py:115} INFO - [2023-07-26 15:34:33,617] {dagbag.py:508} INFO - Filling up the DagBag from /opt/airflow/dags/read_proyectos.py
[2023-07-26 15:34:33,845] {processor.py:653} WARNING - No viable dags retrieved from /opt/airflow/dags/read_proyectos.py
[2023-07-26 15:34:33,858] {processor.py:161} INFO - Processing /opt/airflow/dags/read_proyectos.py took 0.247 seconds
[2023-07-26 15:35:04,452] {processor.py:153} INFO - Started process (PID=812) to work on /opt/airflow/dags/read_proyectos.py
[2023-07-26 15:35:04,454] {processor.py:641} INFO - Processing file /opt/airflow/dags/read_proyectos.py for tasks to queue
[2023-07-26 15:35:04,455] {logging_mixin.py:115} INFO - [2023-07-26 15:35:04,455] {dagbag.py:508} INFO - Filling up the DagBag from /opt/airflow/dags/read_proyectos.py
[2023-07-26 15:35:04,697] {processor.py:653} WARNING - No viable dags retrieved from /opt/airflow/dags/read_proyectos.py
[2023-07-26 15:35:04,709] {processor.py:161} INFO - Processing /opt/airflow/dags/read_proyectos.py took 0.262 seconds
[2023-07-26 15:35:35,220] {processor.py:153} INFO - Started process (PID=867) to work on /opt/airflow/dags/read_proyectos.py
[2023-07-26 15:35:35,222] {processor.py:641} INFO - Processing file /opt/airflow/dags/read_proyectos.py for tasks to queue
[2023-07-26 15:35:35,225] {logging_mixin.py:115} INFO - [2023-07-26 15:35:35,225] {dagbag.py:508} INFO - Filling up the DagBag from /opt/airflow/dags/read_proyectos.py
[2023-07-26 15:35:35,698] {processor.py:653} WARNING - No viable dags retrieved from /opt/airflow/dags/read_proyectos.py
[2023-07-26 15:35:35,723] {processor.py:161} INFO - Processing /opt/airflow/dags/read_proyectos.py took 0.509 seconds
[2023-07-26 15:36:06,209] {processor.py:153} INFO - Started process (PID=914) to work on /opt/airflow/dags/read_proyectos.py
[2023-07-26 15:36:06,211] {processor.py:641} INFO - Processing file /opt/airflow/dags/read_proyectos.py for tasks to queue
[2023-07-26 15:36:06,212] {logging_mixin.py:115} INFO - [2023-07-26 15:36:06,212] {dagbag.py:508} INFO - Filling up the DagBag from /opt/airflow/dags/read_proyectos.py
[2023-07-26 15:36:06,609] {processor.py:653} WARNING - No viable dags retrieved from /opt/airflow/dags/read_proyectos.py
[2023-07-26 15:36:06,631] {processor.py:161} INFO - Processing /opt/airflow/dags/read_proyectos.py took 0.430 seconds
[2023-07-26 15:36:37,165] {processor.py:153} INFO - Started process (PID=969) to work on /opt/airflow/dags/read_proyectos.py
[2023-07-26 15:36:37,167] {processor.py:641} INFO - Processing file /opt/airflow/dags/read_proyectos.py for tasks to queue
[2023-07-26 15:36:37,167] {logging_mixin.py:115} INFO - [2023-07-26 15:36:37,167] {dagbag.py:508} INFO - Filling up the DagBag from /opt/airflow/dags/read_proyectos.py
[2023-07-26 15:36:37,394] {processor.py:653} WARNING - No viable dags retrieved from /opt/airflow/dags/read_proyectos.py
[2023-07-26 15:36:37,408] {processor.py:161} INFO - Processing /opt/airflow/dags/read_proyectos.py took 0.245 seconds
[2023-07-26 15:37:07,812] {processor.py:153} INFO - Started process (PID=1024) to work on /opt/airflow/dags/read_proyectos.py
[2023-07-26 15:37:07,815] {processor.py:641} INFO - Processing file /opt/airflow/dags/read_proyectos.py for tasks to queue
[2023-07-26 15:37:07,817] {logging_mixin.py:115} INFO - [2023-07-26 15:37:07,817] {dagbag.py:508} INFO - Filling up the DagBag from /opt/airflow/dags/read_proyectos.py
[2023-07-26 15:37:08,045] {processor.py:653} WARNING - No viable dags retrieved from /opt/airflow/dags/read_proyectos.py
[2023-07-26 15:37:08,058] {processor.py:161} INFO - Processing /opt/airflow/dags/read_proyectos.py took 0.253 seconds
[2023-07-26 15:37:38,623] {processor.py:153} INFO - Started process (PID=1079) to work on /opt/airflow/dags/read_proyectos.py
[2023-07-26 15:37:38,624] {processor.py:641} INFO - Processing file /opt/airflow/dags/read_proyectos.py for tasks to queue
[2023-07-26 15:37:38,625] {logging_mixin.py:115} INFO - [2023-07-26 15:37:38,625] {dagbag.py:508} INFO - Filling up the DagBag from /opt/airflow/dags/read_proyectos.py
[2023-07-26 15:37:38,863] {processor.py:653} WARNING - No viable dags retrieved from /opt/airflow/dags/read_proyectos.py
[2023-07-26 15:37:38,876] {processor.py:161} INFO - Processing /opt/airflow/dags/read_proyectos.py took 0.259 seconds
[2023-07-26 15:38:09,316] {processor.py:153} INFO - Started process (PID=1134) to work on /opt/airflow/dags/read_proyectos.py
[2023-07-26 15:38:09,318] {processor.py:641} INFO - Processing file /opt/airflow/dags/read_proyectos.py for tasks to queue
[2023-07-26 15:38:09,319] {logging_mixin.py:115} INFO - [2023-07-26 15:38:09,319] {dagbag.py:508} INFO - Filling up the DagBag from /opt/airflow/dags/read_proyectos.py
[2023-07-26 15:38:09,553] {processor.py:653} WARNING - No viable dags retrieved from /opt/airflow/dags/read_proyectos.py
[2023-07-26 15:38:09,567] {processor.py:161} INFO - Processing /opt/airflow/dags/read_proyectos.py took 0.254 seconds
[2023-07-26 15:38:39,813] {processor.py:153} INFO - Started process (PID=1180) to work on /opt/airflow/dags/read_proyectos.py
[2023-07-26 15:38:39,815] {processor.py:641} INFO - Processing file /opt/airflow/dags/read_proyectos.py for tasks to queue
[2023-07-26 15:38:39,816] {logging_mixin.py:115} INFO - [2023-07-26 15:38:39,816] {dagbag.py:508} INFO - Filling up the DagBag from /opt/airflow/dags/read_proyectos.py
[2023-07-26 15:38:40,031] {processor.py:653} WARNING - No viable dags retrieved from /opt/airflow/dags/read_proyectos.py
[2023-07-26 15:38:40,042] {processor.py:161} INFO - Processing /opt/airflow/dags/read_proyectos.py took 0.233 seconds
[2023-07-26 15:39:10,388] {processor.py:153} INFO - Started process (PID=1235) to work on /opt/airflow/dags/read_proyectos.py
[2023-07-26 15:39:10,389] {processor.py:641} INFO - Processing file /opt/airflow/dags/read_proyectos.py for tasks to queue
[2023-07-26 15:39:10,390] {logging_mixin.py:115} INFO - [2023-07-26 15:39:10,390] {dagbag.py:508} INFO - Filling up the DagBag from /opt/airflow/dags/read_proyectos.py
[2023-07-26 15:39:10,655] {processor.py:653} WARNING - No viable dags retrieved from /opt/airflow/dags/read_proyectos.py
[2023-07-26 15:39:10,666] {processor.py:161} INFO - Processing /opt/airflow/dags/read_proyectos.py took 0.283 seconds
[2023-07-26 15:39:40,728] {processor.py:153} INFO - Started process (PID=1297) to work on /opt/airflow/dags/read_proyectos.py
[2023-07-26 15:39:40,730] {processor.py:641} INFO - Processing file /opt/airflow/dags/read_proyectos.py for tasks to queue
[2023-07-26 15:39:40,732] {logging_mixin.py:115} INFO - [2023-07-26 15:39:40,732] {dagbag.py:508} INFO - Filling up the DagBag from /opt/airflow/dags/read_proyectos.py
[2023-07-26 15:39:40,980] {processor.py:653} WARNING - No viable dags retrieved from /opt/airflow/dags/read_proyectos.py
[2023-07-26 15:39:40,991] {processor.py:161} INFO - Processing /opt/airflow/dags/read_proyectos.py took 0.267 seconds
[2023-07-26 15:40:12,118] {processor.py:153} INFO - Started process (PID=1353) to work on /opt/airflow/dags/read_proyectos.py
[2023-07-26 15:40:12,119] {processor.py:641} INFO - Processing file /opt/airflow/dags/read_proyectos.py for tasks to queue
[2023-07-26 15:40:12,120] {logging_mixin.py:115} INFO - [2023-07-26 15:40:12,120] {dagbag.py:508} INFO - Filling up the DagBag from /opt/airflow/dags/read_proyectos.py
[2023-07-26 15:40:12,352] {processor.py:653} WARNING - No viable dags retrieved from /opt/airflow/dags/read_proyectos.py
[2023-07-26 15:40:12,362] {processor.py:161} INFO - Processing /opt/airflow/dags/read_proyectos.py took 0.247 seconds
[2023-07-26 15:40:43,018] {processor.py:153} INFO - Started process (PID=1408) to work on /opt/airflow/dags/read_proyectos.py
[2023-07-26 15:40:43,020] {processor.py:641} INFO - Processing file /opt/airflow/dags/read_proyectos.py for tasks to queue
[2023-07-26 15:40:43,020] {logging_mixin.py:115} INFO - [2023-07-26 15:40:43,020] {dagbag.py:508} INFO - Filling up the DagBag from /opt/airflow/dags/read_proyectos.py
[2023-07-26 15:40:43,265] {processor.py:653} WARNING - No viable dags retrieved from /opt/airflow/dags/read_proyectos.py
[2023-07-26 15:40:43,279] {processor.py:161} INFO - Processing /opt/airflow/dags/read_proyectos.py took 0.264 seconds
[2023-07-26 15:41:14,259] {processor.py:153} INFO - Started process (PID=1464) to work on /opt/airflow/dags/read_proyectos.py
[2023-07-26 15:41:14,260] {processor.py:641} INFO - Processing file /opt/airflow/dags/read_proyectos.py for tasks to queue
[2023-07-26 15:41:14,261] {logging_mixin.py:115} INFO - [2023-07-26 15:41:14,261] {dagbag.py:508} INFO - Filling up the DagBag from /opt/airflow/dags/read_proyectos.py
[2023-07-26 15:41:14,563] {processor.py:653} WARNING - No viable dags retrieved from /opt/airflow/dags/read_proyectos.py
[2023-07-26 15:41:14,578] {processor.py:161} INFO - Processing /opt/airflow/dags/read_proyectos.py took 0.322 seconds
[2023-07-26 15:41:44,874] {processor.py:153} INFO - Started process (PID=1510) to work on /opt/airflow/dags/read_proyectos.py
[2023-07-26 15:41:44,875] {processor.py:641} INFO - Processing file /opt/airflow/dags/read_proyectos.py for tasks to queue
[2023-07-26 15:41:44,876] {logging_mixin.py:115} INFO - [2023-07-26 15:41:44,876] {dagbag.py:508} INFO - Filling up the DagBag from /opt/airflow/dags/read_proyectos.py
[2023-07-26 15:41:45,105] {processor.py:653} WARNING - No viable dags retrieved from /opt/airflow/dags/read_proyectos.py
[2023-07-26 15:41:45,116] {processor.py:161} INFO - Processing /opt/airflow/dags/read_proyectos.py took 0.246 seconds
[2023-07-26 15:42:15,383] {processor.py:153} INFO - Started process (PID=1565) to work on /opt/airflow/dags/read_proyectos.py
[2023-07-26 15:42:15,384] {processor.py:641} INFO - Processing file /opt/airflow/dags/read_proyectos.py for tasks to queue
[2023-07-26 15:42:15,385] {logging_mixin.py:115} INFO - [2023-07-26 15:42:15,385] {dagbag.py:508} INFO - Filling up the DagBag from /opt/airflow/dags/read_proyectos.py
[2023-07-26 15:42:15,618] {processor.py:653} WARNING - No viable dags retrieved from /opt/airflow/dags/read_proyectos.py
[2023-07-26 15:42:15,631] {processor.py:161} INFO - Processing /opt/airflow/dags/read_proyectos.py took 0.251 seconds
[2023-07-26 15:42:45,979] {processor.py:153} INFO - Started process (PID=1620) to work on /opt/airflow/dags/read_proyectos.py
[2023-07-26 15:42:45,980] {processor.py:641} INFO - Processing file /opt/airflow/dags/read_proyectos.py for tasks to queue
[2023-07-26 15:42:45,982] {logging_mixin.py:115} INFO - [2023-07-26 15:42:45,982] {dagbag.py:508} INFO - Filling up the DagBag from /opt/airflow/dags/read_proyectos.py
[2023-07-26 15:42:46,294] {processor.py:653} WARNING - No viable dags retrieved from /opt/airflow/dags/read_proyectos.py
[2023-07-26 15:42:46,309] {processor.py:161} INFO - Processing /opt/airflow/dags/read_proyectos.py took 0.336 seconds
[2023-07-26 15:43:16,588] {processor.py:153} INFO - Started process (PID=1675) to work on /opt/airflow/dags/read_proyectos.py
[2023-07-26 15:43:16,589] {processor.py:641} INFO - Processing file /opt/airflow/dags/read_proyectos.py for tasks to queue
[2023-07-26 15:43:16,589] {logging_mixin.py:115} INFO - [2023-07-26 15:43:16,589] {dagbag.py:508} INFO - Filling up the DagBag from /opt/airflow/dags/read_proyectos.py
[2023-07-26 15:43:16,815] {processor.py:653} WARNING - No viable dags retrieved from /opt/airflow/dags/read_proyectos.py
[2023-07-26 15:43:16,827] {processor.py:161} INFO - Processing /opt/airflow/dags/read_proyectos.py took 0.242 seconds
[2023-07-26 15:43:47,224] {processor.py:153} INFO - Started process (PID=1728) to work on /opt/airflow/dags/read_proyectos.py
[2023-07-26 15:43:47,227] {processor.py:641} INFO - Processing file /opt/airflow/dags/read_proyectos.py for tasks to queue
[2023-07-26 15:43:47,229] {logging_mixin.py:115} INFO - [2023-07-26 15:43:47,229] {dagbag.py:508} INFO - Filling up the DagBag from /opt/airflow/dags/read_proyectos.py
[2023-07-26 15:43:47,492] {processor.py:653} WARNING - No viable dags retrieved from /opt/airflow/dags/read_proyectos.py
[2023-07-26 15:43:47,506] {processor.py:161} INFO - Processing /opt/airflow/dags/read_proyectos.py took 0.285 seconds
[2023-07-26 15:44:17,970] {processor.py:153} INFO - Started process (PID=1776) to work on /opt/airflow/dags/read_proyectos.py
[2023-07-26 15:44:17,971] {processor.py:641} INFO - Processing file /opt/airflow/dags/read_proyectos.py for tasks to queue
[2023-07-26 15:44:17,971] {logging_mixin.py:115} INFO - [2023-07-26 15:44:17,971] {dagbag.py:508} INFO - Filling up the DagBag from /opt/airflow/dags/read_proyectos.py
[2023-07-26 15:44:18,206] {processor.py:653} WARNING - No viable dags retrieved from /opt/airflow/dags/read_proyectos.py
[2023-07-26 15:44:18,219] {processor.py:161} INFO - Processing /opt/airflow/dags/read_proyectos.py took 0.252 seconds
[2023-07-26 15:44:48,684] {processor.py:153} INFO - Started process (PID=1831) to work on /opt/airflow/dags/read_proyectos.py
[2023-07-26 15:44:48,685] {processor.py:641} INFO - Processing file /opt/airflow/dags/read_proyectos.py for tasks to queue
[2023-07-26 15:44:48,686] {logging_mixin.py:115} INFO - [2023-07-26 15:44:48,686] {dagbag.py:508} INFO - Filling up the DagBag from /opt/airflow/dags/read_proyectos.py
[2023-07-26 15:44:48,914] {processor.py:653} WARNING - No viable dags retrieved from /opt/airflow/dags/read_proyectos.py
[2023-07-26 15:44:48,925] {processor.py:161} INFO - Processing /opt/airflow/dags/read_proyectos.py took 0.243 seconds
[2023-07-26 15:45:19,371] {processor.py:153} INFO - Started process (PID=1886) to work on /opt/airflow/dags/read_proyectos.py
[2023-07-26 15:45:19,372] {processor.py:641} INFO - Processing file /opt/airflow/dags/read_proyectos.py for tasks to queue
[2023-07-26 15:45:19,373] {logging_mixin.py:115} INFO - [2023-07-26 15:45:19,373] {dagbag.py:508} INFO - Filling up the DagBag from /opt/airflow/dags/read_proyectos.py
[2023-07-26 15:45:19,631] {processor.py:653} WARNING - No viable dags retrieved from /opt/airflow/dags/read_proyectos.py
[2023-07-26 15:45:19,642] {processor.py:161} INFO - Processing /opt/airflow/dags/read_proyectos.py took 0.274 seconds
[2023-07-26 15:45:50,333] {processor.py:153} INFO - Started process (PID=1941) to work on /opt/airflow/dags/read_proyectos.py
[2023-07-26 15:45:50,334] {processor.py:641} INFO - Processing file /opt/airflow/dags/read_proyectos.py for tasks to queue
[2023-07-26 15:45:50,335] {logging_mixin.py:115} INFO - [2023-07-26 15:45:50,335] {dagbag.py:508} INFO - Filling up the DagBag from /opt/airflow/dags/read_proyectos.py
[2023-07-26 15:45:50,560] {processor.py:653} WARNING - No viable dags retrieved from /opt/airflow/dags/read_proyectos.py
[2023-07-26 15:45:50,572] {processor.py:161} INFO - Processing /opt/airflow/dags/read_proyectos.py took 0.242 seconds
[2023-07-26 15:46:21,128] {processor.py:153} INFO - Started process (PID=1996) to work on /opt/airflow/dags/read_proyectos.py
[2023-07-26 15:46:21,130] {processor.py:641} INFO - Processing file /opt/airflow/dags/read_proyectos.py for tasks to queue
[2023-07-26 15:46:21,130] {logging_mixin.py:115} INFO - [2023-07-26 15:46:21,130] {dagbag.py:508} INFO - Filling up the DagBag from /opt/airflow/dags/read_proyectos.py
[2023-07-26 15:46:21,368] {processor.py:653} WARNING - No viable dags retrieved from /opt/airflow/dags/read_proyectos.py
[2023-07-26 15:46:21,379] {processor.py:161} INFO - Processing /opt/airflow/dags/read_proyectos.py took 0.255 seconds
[2023-07-26 15:46:52,013] {processor.py:153} INFO - Started process (PID=2041) to work on /opt/airflow/dags/read_proyectos.py
[2023-07-26 15:46:52,014] {processor.py:641} INFO - Processing file /opt/airflow/dags/read_proyectos.py for tasks to queue
[2023-07-26 15:46:52,015] {logging_mixin.py:115} INFO - [2023-07-26 15:46:52,015] {dagbag.py:508} INFO - Filling up the DagBag from /opt/airflow/dags/read_proyectos.py
[2023-07-26 15:46:52,323] {processor.py:653} WARNING - No viable dags retrieved from /opt/airflow/dags/read_proyectos.py
[2023-07-26 15:46:52,338] {processor.py:161} INFO - Processing /opt/airflow/dags/read_proyectos.py took 0.329 seconds
[2023-07-26 15:47:22,676] {processor.py:153} INFO - Started process (PID=2096) to work on /opt/airflow/dags/read_proyectos.py
[2023-07-26 15:47:22,677] {processor.py:641} INFO - Processing file /opt/airflow/dags/read_proyectos.py for tasks to queue
[2023-07-26 15:47:22,678] {logging_mixin.py:115} INFO - [2023-07-26 15:47:22,677] {dagbag.py:508} INFO - Filling up the DagBag from /opt/airflow/dags/read_proyectos.py
[2023-07-26 15:47:22,905] {processor.py:653} WARNING - No viable dags retrieved from /opt/airflow/dags/read_proyectos.py
[2023-07-26 15:47:22,918] {processor.py:161} INFO - Processing /opt/airflow/dags/read_proyectos.py took 0.245 seconds
[2023-07-26 15:47:53,285] {processor.py:153} INFO - Started process (PID=2152) to work on /opt/airflow/dags/read_proyectos.py
[2023-07-26 15:47:53,287] {processor.py:641} INFO - Processing file /opt/airflow/dags/read_proyectos.py for tasks to queue
[2023-07-26 15:47:53,287] {logging_mixin.py:115} INFO - [2023-07-26 15:47:53,287] {dagbag.py:508} INFO - Filling up the DagBag from /opt/airflow/dags/read_proyectos.py
[2023-07-26 15:47:53,534] {processor.py:653} WARNING - No viable dags retrieved from /opt/airflow/dags/read_proyectos.py
[2023-07-26 15:47:53,548] {processor.py:161} INFO - Processing /opt/airflow/dags/read_proyectos.py took 0.265 seconds
[2023-07-26 15:48:23,996] {processor.py:153} INFO - Started process (PID=2206) to work on /opt/airflow/dags/read_proyectos.py
[2023-07-26 15:48:23,997] {processor.py:641} INFO - Processing file /opt/airflow/dags/read_proyectos.py for tasks to queue
[2023-07-26 15:48:23,998] {logging_mixin.py:115} INFO - [2023-07-26 15:48:23,998] {dagbag.py:508} INFO - Filling up the DagBag from /opt/airflow/dags/read_proyectos.py
[2023-07-26 15:48:24,224] {processor.py:653} WARNING - No viable dags retrieved from /opt/airflow/dags/read_proyectos.py
[2023-07-26 15:48:24,236] {processor.py:161} INFO - Processing /opt/airflow/dags/read_proyectos.py took 0.244 seconds
[2023-07-26 15:48:54,528] {processor.py:153} INFO - Started process (PID=2261) to work on /opt/airflow/dags/read_proyectos.py
[2023-07-26 15:48:54,529] {processor.py:641} INFO - Processing file /opt/airflow/dags/read_proyectos.py for tasks to queue
[2023-07-26 15:48:54,531] {logging_mixin.py:115} INFO - [2023-07-26 15:48:54,530] {dagbag.py:508} INFO - Filling up the DagBag from /opt/airflow/dags/read_proyectos.py
[2023-07-26 15:48:54,806] {processor.py:653} WARNING - No viable dags retrieved from /opt/airflow/dags/read_proyectos.py
[2023-07-26 15:48:54,818] {processor.py:161} INFO - Processing /opt/airflow/dags/read_proyectos.py took 0.296 seconds
[2023-07-26 15:49:25,411] {processor.py:153} INFO - Started process (PID=2307) to work on /opt/airflow/dags/read_proyectos.py
[2023-07-26 15:49:25,413] {processor.py:641} INFO - Processing file /opt/airflow/dags/read_proyectos.py for tasks to queue
[2023-07-26 15:49:25,413] {logging_mixin.py:115} INFO - [2023-07-26 15:49:25,413] {dagbag.py:508} INFO - Filling up the DagBag from /opt/airflow/dags/read_proyectos.py
[2023-07-26 15:49:25,647] {processor.py:653} WARNING - No viable dags retrieved from /opt/airflow/dags/read_proyectos.py
[2023-07-26 15:49:25,677] {processor.py:161} INFO - Processing /opt/airflow/dags/read_proyectos.py took 0.269 seconds
[2023-07-26 15:49:56,258] {processor.py:153} INFO - Started process (PID=2361) to work on /opt/airflow/dags/read_proyectos.py
[2023-07-26 15:49:56,261] {processor.py:641} INFO - Processing file /opt/airflow/dags/read_proyectos.py for tasks to queue
[2023-07-26 15:49:56,262] {logging_mixin.py:115} INFO - [2023-07-26 15:49:56,262] {dagbag.py:508} INFO - Filling up the DagBag from /opt/airflow/dags/read_proyectos.py
[2023-07-26 15:49:56,468] {processor.py:653} WARNING - No viable dags retrieved from /opt/airflow/dags/read_proyectos.py
[2023-07-26 15:49:56,481] {processor.py:161} INFO - Processing /opt/airflow/dags/read_proyectos.py took 0.227 seconds
[2023-07-26 15:50:27,032] {processor.py:153} INFO - Started process (PID=2417) to work on /opt/airflow/dags/read_proyectos.py
[2023-07-26 15:50:27,033] {processor.py:641} INFO - Processing file /opt/airflow/dags/read_proyectos.py for tasks to queue
[2023-07-26 15:50:27,034] {logging_mixin.py:115} INFO - [2023-07-26 15:50:27,034] {dagbag.py:508} INFO - Filling up the DagBag from /opt/airflow/dags/read_proyectos.py
[2023-07-26 15:50:27,264] {processor.py:653} WARNING - No viable dags retrieved from /opt/airflow/dags/read_proyectos.py
[2023-07-26 15:50:27,275] {processor.py:161} INFO - Processing /opt/airflow/dags/read_proyectos.py took 0.245 seconds
[2023-07-26 15:50:57,662] {processor.py:153} INFO - Started process (PID=2479) to work on /opt/airflow/dags/read_proyectos.py
[2023-07-26 15:50:57,664] {processor.py:641} INFO - Processing file /opt/airflow/dags/read_proyectos.py for tasks to queue
[2023-07-26 15:50:57,665] {logging_mixin.py:115} INFO - [2023-07-26 15:50:57,665] {dagbag.py:508} INFO - Filling up the DagBag from /opt/airflow/dags/read_proyectos.py
[2023-07-26 15:50:57,965] {processor.py:653} WARNING - No viable dags retrieved from /opt/airflow/dags/read_proyectos.py
[2023-07-26 15:50:57,979] {processor.py:161} INFO - Processing /opt/airflow/dags/read_proyectos.py took 0.321 seconds
[2023-07-26 15:51:28,405] {processor.py:153} INFO - Started process (PID=2533) to work on /opt/airflow/dags/read_proyectos.py
[2023-07-26 15:51:28,407] {processor.py:641} INFO - Processing file /opt/airflow/dags/read_proyectos.py for tasks to queue
[2023-07-26 15:51:28,408] {logging_mixin.py:115} INFO - [2023-07-26 15:51:28,408] {dagbag.py:508} INFO - Filling up the DagBag from /opt/airflow/dags/read_proyectos.py
[2023-07-26 15:51:28,650] {processor.py:653} WARNING - No viable dags retrieved from /opt/airflow/dags/read_proyectos.py
[2023-07-26 15:51:28,661] {processor.py:161} INFO - Processing /opt/airflow/dags/read_proyectos.py took 0.260 seconds
[2023-07-26 15:51:59,640] {processor.py:153} INFO - Started process (PID=2578) to work on /opt/airflow/dags/read_proyectos.py
[2023-07-26 15:51:59,641] {processor.py:641} INFO - Processing file /opt/airflow/dags/read_proyectos.py for tasks to queue
[2023-07-26 15:51:59,642] {logging_mixin.py:115} INFO - [2023-07-26 15:51:59,642] {dagbag.py:508} INFO - Filling up the DagBag from /opt/airflow/dags/read_proyectos.py
[2023-07-26 15:51:59,919] {processor.py:653} WARNING - No viable dags retrieved from /opt/airflow/dags/read_proyectos.py
[2023-07-26 15:51:59,934] {processor.py:161} INFO - Processing /opt/airflow/dags/read_proyectos.py took 0.298 seconds
[2023-07-26 15:52:30,316] {processor.py:153} INFO - Started process (PID=2632) to work on /opt/airflow/dags/read_proyectos.py
[2023-07-26 15:52:30,317] {processor.py:641} INFO - Processing file /opt/airflow/dags/read_proyectos.py for tasks to queue
[2023-07-26 15:52:30,319] {logging_mixin.py:115} INFO - [2023-07-26 15:52:30,319] {dagbag.py:508} INFO - Filling up the DagBag from /opt/airflow/dags/read_proyectos.py
[2023-07-26 15:52:30,563] {processor.py:653} WARNING - No viable dags retrieved from /opt/airflow/dags/read_proyectos.py
[2023-07-26 15:52:30,578] {processor.py:161} INFO - Processing /opt/airflow/dags/read_proyectos.py took 0.264 seconds
[2023-07-26 15:53:01,034] {processor.py:153} INFO - Started process (PID=2687) to work on /opt/airflow/dags/read_proyectos.py
[2023-07-26 15:53:01,035] {processor.py:641} INFO - Processing file /opt/airflow/dags/read_proyectos.py for tasks to queue
[2023-07-26 15:53:01,036] {logging_mixin.py:115} INFO - [2023-07-26 15:53:01,036] {dagbag.py:508} INFO - Filling up the DagBag from /opt/airflow/dags/read_proyectos.py
[2023-07-26 15:53:01,278] {processor.py:653} WARNING - No viable dags retrieved from /opt/airflow/dags/read_proyectos.py
[2023-07-26 15:53:01,291] {processor.py:161} INFO - Processing /opt/airflow/dags/read_proyectos.py took 0.263 seconds
[2023-07-26 15:53:31,711] {processor.py:153} INFO - Started process (PID=2742) to work on /opt/airflow/dags/read_proyectos.py
[2023-07-26 15:53:31,712] {processor.py:641} INFO - Processing file /opt/airflow/dags/read_proyectos.py for tasks to queue
[2023-07-26 15:53:31,713] {logging_mixin.py:115} INFO - [2023-07-26 15:53:31,713] {dagbag.py:508} INFO - Filling up the DagBag from /opt/airflow/dags/read_proyectos.py
[2023-07-26 15:53:31,943] {processor.py:653} WARNING - No viable dags retrieved from /opt/airflow/dags/read_proyectos.py
[2023-07-26 15:53:31,956] {processor.py:161} INFO - Processing /opt/airflow/dags/read_proyectos.py took 0.251 seconds
[2023-07-26 15:54:02,335] {processor.py:153} INFO - Started process (PID=2797) to work on /opt/airflow/dags/read_proyectos.py
[2023-07-26 15:54:02,335] {processor.py:641} INFO - Processing file /opt/airflow/dags/read_proyectos.py for tasks to queue
[2023-07-26 15:54:02,336] {logging_mixin.py:115} INFO - [2023-07-26 15:54:02,336] {dagbag.py:508} INFO - Filling up the DagBag from /opt/airflow/dags/read_proyectos.py
[2023-07-26 15:54:02,547] {processor.py:653} WARNING - No viable dags retrieved from /opt/airflow/dags/read_proyectos.py
[2023-07-26 15:54:02,561] {processor.py:161} INFO - Processing /opt/airflow/dags/read_proyectos.py took 0.231 seconds
[2023-07-26 15:54:33,390] {processor.py:153} INFO - Started process (PID=2843) to work on /opt/airflow/dags/read_proyectos.py
[2023-07-26 15:54:33,391] {processor.py:641} INFO - Processing file /opt/airflow/dags/read_proyectos.py for tasks to queue
[2023-07-26 15:54:33,392] {logging_mixin.py:115} INFO - [2023-07-26 15:54:33,392] {dagbag.py:508} INFO - Filling up the DagBag from /opt/airflow/dags/read_proyectos.py
[2023-07-26 15:54:33,628] {processor.py:653} WARNING - No viable dags retrieved from /opt/airflow/dags/read_proyectos.py
[2023-07-26 15:54:33,642] {processor.py:161} INFO - Processing /opt/airflow/dags/read_proyectos.py took 0.254 seconds
[2023-07-26 15:55:03,995] {processor.py:153} INFO - Started process (PID=2898) to work on /opt/airflow/dags/read_proyectos.py
[2023-07-26 15:55:03,996] {processor.py:641} INFO - Processing file /opt/airflow/dags/read_proyectos.py for tasks to queue
[2023-07-26 15:55:03,996] {logging_mixin.py:115} INFO - [2023-07-26 15:55:03,996] {dagbag.py:508} INFO - Filling up the DagBag from /opt/airflow/dags/read_proyectos.py
[2023-07-26 15:55:04,297] {processor.py:653} WARNING - No viable dags retrieved from /opt/airflow/dags/read_proyectos.py
[2023-07-26 15:55:04,313] {processor.py:161} INFO - Processing /opt/airflow/dags/read_proyectos.py took 0.321 seconds
[2023-07-26 15:55:34,761] {processor.py:153} INFO - Started process (PID=2954) to work on /opt/airflow/dags/read_proyectos.py
[2023-07-26 15:55:34,762] {processor.py:641} INFO - Processing file /opt/airflow/dags/read_proyectos.py for tasks to queue
[2023-07-26 15:55:34,763] {logging_mixin.py:115} INFO - [2023-07-26 15:55:34,763] {dagbag.py:508} INFO - Filling up the DagBag from /opt/airflow/dags/read_proyectos.py
[2023-07-26 15:55:35,019] {processor.py:653} WARNING - No viable dags retrieved from /opt/airflow/dags/read_proyectos.py
[2023-07-26 15:55:35,040] {processor.py:161} INFO - Processing /opt/airflow/dags/read_proyectos.py took 0.283 seconds
[2023-07-26 15:56:05,468] {processor.py:153} INFO - Started process (PID=3009) to work on /opt/airflow/dags/read_proyectos.py
[2023-07-26 15:56:05,469] {processor.py:641} INFO - Processing file /opt/airflow/dags/read_proyectos.py for tasks to queue
[2023-07-26 15:56:05,470] {logging_mixin.py:115} INFO - [2023-07-26 15:56:05,470] {dagbag.py:508} INFO - Filling up the DagBag from /opt/airflow/dags/read_proyectos.py
[2023-07-26 15:56:05,717] {processor.py:653} WARNING - No viable dags retrieved from /opt/airflow/dags/read_proyectos.py
[2023-07-26 15:56:05,730] {processor.py:161} INFO - Processing /opt/airflow/dags/read_proyectos.py took 0.265 seconds
[2023-07-26 15:56:36,366] {processor.py:153} INFO - Started process (PID=3065) to work on /opt/airflow/dags/read_proyectos.py
[2023-07-26 15:56:36,367] {processor.py:641} INFO - Processing file /opt/airflow/dags/read_proyectos.py for tasks to queue
[2023-07-26 15:56:36,368] {logging_mixin.py:115} INFO - [2023-07-26 15:56:36,368] {dagbag.py:508} INFO - Filling up the DagBag from /opt/airflow/dags/read_proyectos.py
[2023-07-26 15:56:36,632] {processor.py:653} WARNING - No viable dags retrieved from /opt/airflow/dags/read_proyectos.py
[2023-07-26 15:56:36,646] {processor.py:161} INFO - Processing /opt/airflow/dags/read_proyectos.py took 0.283 seconds
[2023-07-26 15:57:07,735] {processor.py:153} INFO - Started process (PID=3120) to work on /opt/airflow/dags/read_proyectos.py
[2023-07-26 15:57:07,737] {processor.py:641} INFO - Processing file /opt/airflow/dags/read_proyectos.py for tasks to queue
[2023-07-26 15:57:07,739] {logging_mixin.py:115} INFO - [2023-07-26 15:57:07,739] {dagbag.py:508} INFO - Filling up the DagBag from /opt/airflow/dags/read_proyectos.py
[2023-07-26 15:57:08,034] {processor.py:653} WARNING - No viable dags retrieved from /opt/airflow/dags/read_proyectos.py
[2023-07-26 15:57:08,048] {processor.py:161} INFO - Processing /opt/airflow/dags/read_proyectos.py took 0.318 seconds
[2023-07-26 15:57:38,534] {processor.py:153} INFO - Started process (PID=3166) to work on /opt/airflow/dags/read_proyectos.py
[2023-07-26 15:57:38,535] {processor.py:641} INFO - Processing file /opt/airflow/dags/read_proyectos.py for tasks to queue
[2023-07-26 15:57:38,536] {logging_mixin.py:115} INFO - [2023-07-26 15:57:38,536] {dagbag.py:508} INFO - Filling up the DagBag from /opt/airflow/dags/read_proyectos.py
[2023-07-26 15:57:38,778] {processor.py:653} WARNING - No viable dags retrieved from /opt/airflow/dags/read_proyectos.py
[2023-07-26 15:57:38,790] {processor.py:161} INFO - Processing /opt/airflow/dags/read_proyectos.py took 0.259 seconds
[2023-07-26 15:58:09,121] {processor.py:153} INFO - Started process (PID=3221) to work on /opt/airflow/dags/read_proyectos.py
[2023-07-26 15:58:09,122] {processor.py:641} INFO - Processing file /opt/airflow/dags/read_proyectos.py for tasks to queue
[2023-07-26 15:58:09,122] {logging_mixin.py:115} INFO - [2023-07-26 15:58:09,122] {dagbag.py:508} INFO - Filling up the DagBag from /opt/airflow/dags/read_proyectos.py
[2023-07-26 15:58:09,366] {processor.py:653} WARNING - No viable dags retrieved from /opt/airflow/dags/read_proyectos.py
[2023-07-26 15:58:09,379] {processor.py:161} INFO - Processing /opt/airflow/dags/read_proyectos.py took 0.261 seconds
[2023-07-26 15:58:39,767] {processor.py:153} INFO - Started process (PID=3275) to work on /opt/airflow/dags/read_proyectos.py
[2023-07-26 15:58:39,768] {processor.py:641} INFO - Processing file /opt/airflow/dags/read_proyectos.py for tasks to queue
[2023-07-26 15:58:39,768] {logging_mixin.py:115} INFO - [2023-07-26 15:58:39,768] {dagbag.py:508} INFO - Filling up the DagBag from /opt/airflow/dags/read_proyectos.py
[2023-07-26 15:58:40,014] {processor.py:653} WARNING - No viable dags retrieved from /opt/airflow/dags/read_proyectos.py
[2023-07-26 15:58:40,027] {processor.py:161} INFO - Processing /opt/airflow/dags/read_proyectos.py took 0.264 seconds
[2023-07-26 15:59:10,592] {processor.py:153} INFO - Started process (PID=3330) to work on /opt/airflow/dags/read_proyectos.py
[2023-07-26 15:59:10,597] {processor.py:641} INFO - Processing file /opt/airflow/dags/read_proyectos.py for tasks to queue
[2023-07-26 15:59:10,598] {logging_mixin.py:115} INFO - [2023-07-26 15:59:10,598] {dagbag.py:508} INFO - Filling up the DagBag from /opt/airflow/dags/read_proyectos.py
[2023-07-26 15:59:10,841] {processor.py:653} WARNING - No viable dags retrieved from /opt/airflow/dags/read_proyectos.py
[2023-07-26 15:59:10,854] {processor.py:161} INFO - Processing /opt/airflow/dags/read_proyectos.py took 0.265 seconds
[2023-07-26 15:59:41,466] {processor.py:153} INFO - Started process (PID=3385) to work on /opt/airflow/dags/read_proyectos.py
[2023-07-26 15:59:41,467] {processor.py:641} INFO - Processing file /opt/airflow/dags/read_proyectos.py for tasks to queue
[2023-07-26 15:59:41,468] {logging_mixin.py:115} INFO - [2023-07-26 15:59:41,468] {dagbag.py:508} INFO - Filling up the DagBag from /opt/airflow/dags/read_proyectos.py
[2023-07-26 15:59:41,699] {processor.py:653} WARNING - No viable dags retrieved from /opt/airflow/dags/read_proyectos.py
[2023-07-26 15:59:41,711] {processor.py:161} INFO - Processing /opt/airflow/dags/read_proyectos.py took 0.249 seconds
[2023-07-26 16:00:13,154] {processor.py:153} INFO - Started process (PID=3440) to work on /opt/airflow/dags/read_proyectos.py
[2023-07-26 16:00:13,156] {processor.py:641} INFO - Processing file /opt/airflow/dags/read_proyectos.py for tasks to queue
[2023-07-26 16:00:13,157] {logging_mixin.py:115} INFO - [2023-07-26 16:00:13,157] {dagbag.py:508} INFO - Filling up the DagBag from /opt/airflow/dags/read_proyectos.py
[2023-07-26 16:00:13,466] {processor.py:653} WARNING - No viable dags retrieved from /opt/airflow/dags/read_proyectos.py
[2023-07-26 16:00:13,487] {processor.py:161} INFO - Processing /opt/airflow/dags/read_proyectos.py took 0.336 seconds
[2023-07-26 16:00:44,401] {processor.py:153} INFO - Started process (PID=3486) to work on /opt/airflow/dags/read_proyectos.py
[2023-07-26 16:00:44,402] {processor.py:641} INFO - Processing file /opt/airflow/dags/read_proyectos.py for tasks to queue
[2023-07-26 16:00:44,403] {logging_mixin.py:115} INFO - [2023-07-26 16:00:44,403] {dagbag.py:508} INFO - Filling up the DagBag from /opt/airflow/dags/read_proyectos.py
[2023-07-26 16:00:44,638] {processor.py:653} WARNING - No viable dags retrieved from /opt/airflow/dags/read_proyectos.py
[2023-07-26 16:00:44,651] {processor.py:161} INFO - Processing /opt/airflow/dags/read_proyectos.py took 0.253 seconds
[2023-07-26 16:01:15,517] {processor.py:153} INFO - Started process (PID=3541) to work on /opt/airflow/dags/read_proyectos.py
[2023-07-26 16:01:15,518] {processor.py:641} INFO - Processing file /opt/airflow/dags/read_proyectos.py for tasks to queue
[2023-07-26 16:01:15,519] {logging_mixin.py:115} INFO - [2023-07-26 16:01:15,519] {dagbag.py:508} INFO - Filling up the DagBag from /opt/airflow/dags/read_proyectos.py
[2023-07-26 16:01:15,755] {processor.py:653} WARNING - No viable dags retrieved from /opt/airflow/dags/read_proyectos.py
[2023-07-26 16:01:15,767] {processor.py:161} INFO - Processing /opt/airflow/dags/read_proyectos.py took 0.254 seconds
[2023-07-26 16:01:46,635] {processor.py:153} INFO - Started process (PID=3596) to work on /opt/airflow/dags/read_proyectos.py
[2023-07-26 16:01:46,636] {processor.py:641} INFO - Processing file /opt/airflow/dags/read_proyectos.py for tasks to queue
[2023-07-26 16:01:46,637] {logging_mixin.py:115} INFO - [2023-07-26 16:01:46,637] {dagbag.py:508} INFO - Filling up the DagBag from /opt/airflow/dags/read_proyectos.py
[2023-07-26 16:01:46,950] {processor.py:653} WARNING - No viable dags retrieved from /opt/airflow/dags/read_proyectos.py
[2023-07-26 16:01:46,965] {processor.py:161} INFO - Processing /opt/airflow/dags/read_proyectos.py took 0.332 seconds
[2023-07-26 16:02:17,560] {processor.py:153} INFO - Started process (PID=3651) to work on /opt/airflow/dags/read_proyectos.py
[2023-07-26 16:02:17,561] {processor.py:641} INFO - Processing file /opt/airflow/dags/read_proyectos.py for tasks to queue
[2023-07-26 16:02:17,562] {logging_mixin.py:115} INFO - [2023-07-26 16:02:17,562] {dagbag.py:508} INFO - Filling up the DagBag from /opt/airflow/dags/read_proyectos.py
[2023-07-26 16:02:17,796] {processor.py:653} WARNING - No viable dags retrieved from /opt/airflow/dags/read_proyectos.py
[2023-07-26 16:02:17,808] {processor.py:161} INFO - Processing /opt/airflow/dags/read_proyectos.py took 0.251 seconds
[2023-07-26 16:02:48,208] {processor.py:153} INFO - Started process (PID=3706) to work on /opt/airflow/dags/read_proyectos.py
[2023-07-26 16:02:48,209] {processor.py:641} INFO - Processing file /opt/airflow/dags/read_proyectos.py for tasks to queue
[2023-07-26 16:02:48,210] {logging_mixin.py:115} INFO - [2023-07-26 16:02:48,210] {dagbag.py:508} INFO - Filling up the DagBag from /opt/airflow/dags/read_proyectos.py
[2023-07-26 16:02:48,446] {processor.py:653} WARNING - No viable dags retrieved from /opt/airflow/dags/read_proyectos.py
[2023-07-26 16:02:48,458] {processor.py:161} INFO - Processing /opt/airflow/dags/read_proyectos.py took 0.252 seconds
[2023-07-26 16:03:19,375] {processor.py:153} INFO - Started process (PID=3761) to work on /opt/airflow/dags/read_proyectos.py
[2023-07-26 16:03:19,378] {processor.py:641} INFO - Processing file /opt/airflow/dags/read_proyectos.py for tasks to queue
[2023-07-26 16:03:19,379] {logging_mixin.py:115} INFO - [2023-07-26 16:03:19,379] {dagbag.py:508} INFO - Filling up the DagBag from /opt/airflow/dags/read_proyectos.py
[2023-07-26 16:03:19,633] {processor.py:653} WARNING - No viable dags retrieved from /opt/airflow/dags/read_proyectos.py
[2023-07-26 16:03:19,645] {processor.py:161} INFO - Processing /opt/airflow/dags/read_proyectos.py took 0.275 seconds
[2023-07-26 16:03:50,158] {processor.py:153} INFO - Started process (PID=3810) to work on /opt/airflow/dags/read_proyectos.py
[2023-07-26 16:03:50,159] {processor.py:641} INFO - Processing file /opt/airflow/dags/read_proyectos.py for tasks to queue
[2023-07-26 16:03:50,160] {logging_mixin.py:115} INFO - [2023-07-26 16:03:50,160] {dagbag.py:508} INFO - Filling up the DagBag from /opt/airflow/dags/read_proyectos.py
[2023-07-26 16:03:50,393] {processor.py:653} WARNING - No viable dags retrieved from /opt/airflow/dags/read_proyectos.py
[2023-07-26 16:03:50,404] {processor.py:161} INFO - Processing /opt/airflow/dags/read_proyectos.py took 0.250 seconds
[2023-07-26 16:04:20,725] {processor.py:153} INFO - Started process (PID=3864) to work on /opt/airflow/dags/read_proyectos.py
[2023-07-26 16:04:20,726] {processor.py:641} INFO - Processing file /opt/airflow/dags/read_proyectos.py for tasks to queue
[2023-07-26 16:04:20,727] {logging_mixin.py:115} INFO - [2023-07-26 16:04:20,727] {dagbag.py:508} INFO - Filling up the DagBag from /opt/airflow/dags/read_proyectos.py
[2023-07-26 16:04:20,967] {processor.py:653} WARNING - No viable dags retrieved from /opt/airflow/dags/read_proyectos.py
[2023-07-26 16:04:20,979] {processor.py:161} INFO - Processing /opt/airflow/dags/read_proyectos.py took 0.257 seconds
[2023-07-26 16:04:51,529] {processor.py:153} INFO - Started process (PID=3919) to work on /opt/airflow/dags/read_proyectos.py
[2023-07-26 16:04:51,530] {processor.py:641} INFO - Processing file /opt/airflow/dags/read_proyectos.py for tasks to queue
[2023-07-26 16:04:51,531] {logging_mixin.py:115} INFO - [2023-07-26 16:04:51,531] {dagbag.py:508} INFO - Filling up the DagBag from /opt/airflow/dags/read_proyectos.py
[2023-07-26 16:04:51,830] {processor.py:653} WARNING - No viable dags retrieved from /opt/airflow/dags/read_proyectos.py
[2023-07-26 16:04:51,843] {processor.py:161} INFO - Processing /opt/airflow/dags/read_proyectos.py took 0.319 seconds
[2023-07-26 16:05:22,968] {processor.py:153} INFO - Started process (PID=3982) to work on /opt/airflow/dags/read_proyectos.py
[2023-07-26 16:05:22,973] {processor.py:641} INFO - Processing file /opt/airflow/dags/read_proyectos.py for tasks to queue
[2023-07-26 16:05:22,978] {logging_mixin.py:115} INFO - [2023-07-26 16:05:22,978] {dagbag.py:508} INFO - Filling up the DagBag from /opt/airflow/dags/read_proyectos.py
[2023-07-26 16:05:23,606] {processor.py:653} WARNING - No viable dags retrieved from /opt/airflow/dags/read_proyectos.py
[2023-07-26 16:05:23,651] {processor.py:161} INFO - Processing /opt/airflow/dags/read_proyectos.py took 0.688 seconds
[2023-07-26 16:05:54,024] {processor.py:153} INFO - Started process (PID=4036) to work on /opt/airflow/dags/read_proyectos.py
[2023-07-26 16:05:54,026] {processor.py:641} INFO - Processing file /opt/airflow/dags/read_proyectos.py for tasks to queue
[2023-07-26 16:05:54,027] {logging_mixin.py:115} INFO - [2023-07-26 16:05:54,027] {dagbag.py:508} INFO - Filling up the DagBag from /opt/airflow/dags/read_proyectos.py
[2023-07-26 16:05:54,255] {processor.py:653} WARNING - No viable dags retrieved from /opt/airflow/dags/read_proyectos.py
[2023-07-26 16:05:54,269] {processor.py:161} INFO - Processing /opt/airflow/dags/read_proyectos.py took 0.251 seconds
[2023-07-26 16:06:24,880] {processor.py:153} INFO - Started process (PID=4091) to work on /opt/airflow/dags/read_proyectos.py
[2023-07-26 16:06:24,881] {processor.py:641} INFO - Processing file /opt/airflow/dags/read_proyectos.py for tasks to queue
[2023-07-26 16:06:24,882] {logging_mixin.py:115} INFO - [2023-07-26 16:06:24,882] {dagbag.py:508} INFO - Filling up the DagBag from /opt/airflow/dags/read_proyectos.py
[2023-07-26 16:06:25,104] {processor.py:653} WARNING - No viable dags retrieved from /opt/airflow/dags/read_proyectos.py
[2023-07-26 16:06:25,116] {processor.py:161} INFO - Processing /opt/airflow/dags/read_proyectos.py took 0.240 seconds
[2023-07-26 16:06:55,409] {processor.py:153} INFO - Started process (PID=4137) to work on /opt/airflow/dags/read_proyectos.py
[2023-07-26 16:06:55,409] {processor.py:641} INFO - Processing file /opt/airflow/dags/read_proyectos.py for tasks to queue
[2023-07-26 16:06:55,410] {logging_mixin.py:115} INFO - [2023-07-26 16:06:55,410] {dagbag.py:508} INFO - Filling up the DagBag from /opt/airflow/dags/read_proyectos.py
[2023-07-26 16:06:55,660] {processor.py:653} WARNING - No viable dags retrieved from /opt/airflow/dags/read_proyectos.py
[2023-07-26 16:06:55,673] {processor.py:161} INFO - Processing /opt/airflow/dags/read_proyectos.py took 0.267 seconds
[2023-07-26 16:07:25,833] {processor.py:153} INFO - Started process (PID=4191) to work on /opt/airflow/dags/read_proyectos.py
[2023-07-26 16:07:25,834] {processor.py:641} INFO - Processing file /opt/airflow/dags/read_proyectos.py for tasks to queue
[2023-07-26 16:07:25,834] {logging_mixin.py:115} INFO - [2023-07-26 16:07:25,834] {dagbag.py:508} INFO - Filling up the DagBag from /opt/airflow/dags/read_proyectos.py
[2023-07-26 16:07:26,041] {processor.py:653} WARNING - No viable dags retrieved from /opt/airflow/dags/read_proyectos.py
[2023-07-26 16:07:26,052] {processor.py:161} INFO - Processing /opt/airflow/dags/read_proyectos.py took 0.222 seconds
[2023-07-26 16:07:56,214] {processor.py:153} INFO - Started process (PID=4246) to work on /opt/airflow/dags/read_proyectos.py
[2023-07-26 16:07:56,215] {processor.py:641} INFO - Processing file /opt/airflow/dags/read_proyectos.py for tasks to queue
[2023-07-26 16:07:56,216] {logging_mixin.py:115} INFO - [2023-07-26 16:07:56,216] {dagbag.py:508} INFO - Filling up the DagBag from /opt/airflow/dags/read_proyectos.py
[2023-07-26 16:07:56,424] {processor.py:653} WARNING - No viable dags retrieved from /opt/airflow/dags/read_proyectos.py
[2023-07-26 16:07:56,435] {processor.py:161} INFO - Processing /opt/airflow/dags/read_proyectos.py took 0.224 seconds
[2023-07-26 16:08:26,959] {processor.py:153} INFO - Started process (PID=4301) to work on /opt/airflow/dags/read_proyectos.py
[2023-07-26 16:08:26,960] {processor.py:641} INFO - Processing file /opt/airflow/dags/read_proyectos.py for tasks to queue
[2023-07-26 16:08:26,962] {logging_mixin.py:115} INFO - [2023-07-26 16:08:26,962] {dagbag.py:508} INFO - Filling up the DagBag from /opt/airflow/dags/read_proyectos.py
[2023-07-26 16:08:27,201] {processor.py:653} WARNING - No viable dags retrieved from /opt/airflow/dags/read_proyectos.py
[2023-07-26 16:08:27,217] {processor.py:161} INFO - Processing /opt/airflow/dags/read_proyectos.py took 0.262 seconds
[2023-07-26 16:08:58,129] {processor.py:153} INFO - Started process (PID=4359) to work on /opt/airflow/dags/read_proyectos.py
[2023-07-26 16:08:58,131] {processor.py:641} INFO - Processing file /opt/airflow/dags/read_proyectos.py for tasks to queue
[2023-07-26 16:08:58,132] {logging_mixin.py:115} INFO - [2023-07-26 16:08:58,132] {dagbag.py:508} INFO - Filling up the DagBag from /opt/airflow/dags/read_proyectos.py
[2023-07-26 16:08:58,382] {processor.py:653} WARNING - No viable dags retrieved from /opt/airflow/dags/read_proyectos.py
[2023-07-26 16:08:58,394] {processor.py:161} INFO - Processing /opt/airflow/dags/read_proyectos.py took 0.267 seconds
[2023-07-26 16:09:28,543] {processor.py:153} INFO - Started process (PID=4404) to work on /opt/airflow/dags/read_proyectos.py
[2023-07-26 16:09:28,544] {processor.py:641} INFO - Processing file /opt/airflow/dags/read_proyectos.py for tasks to queue
[2023-07-26 16:09:28,545] {logging_mixin.py:115} INFO - [2023-07-26 16:09:28,545] {dagbag.py:508} INFO - Filling up the DagBag from /opt/airflow/dags/read_proyectos.py
[2023-07-26 16:09:28,764] {processor.py:653} WARNING - No viable dags retrieved from /opt/airflow/dags/read_proyectos.py
[2023-07-26 16:09:28,780] {processor.py:161} INFO - Processing /opt/airflow/dags/read_proyectos.py took 0.240 seconds
[2023-07-26 16:09:59,474] {processor.py:153} INFO - Started process (PID=4460) to work on /opt/airflow/dags/read_proyectos.py
[2023-07-26 16:09:59,475] {processor.py:641} INFO - Processing file /opt/airflow/dags/read_proyectos.py for tasks to queue
[2023-07-26 16:09:59,475] {logging_mixin.py:115} INFO - [2023-07-26 16:09:59,475] {dagbag.py:508} INFO - Filling up the DagBag from /opt/airflow/dags/read_proyectos.py
[2023-07-26 16:09:59,724] {processor.py:653} WARNING - No viable dags retrieved from /opt/airflow/dags/read_proyectos.py
[2023-07-26 16:09:59,736] {processor.py:161} INFO - Processing /opt/airflow/dags/read_proyectos.py took 0.266 seconds
[2023-07-26 16:10:29,915] {processor.py:153} INFO - Started process (PID=4515) to work on /opt/airflow/dags/read_proyectos.py
[2023-07-26 16:10:29,916] {processor.py:641} INFO - Processing file /opt/airflow/dags/read_proyectos.py for tasks to queue
[2023-07-26 16:10:29,917] {logging_mixin.py:115} INFO - [2023-07-26 16:10:29,917] {dagbag.py:508} INFO - Filling up the DagBag from /opt/airflow/dags/read_proyectos.py
[2023-07-26 16:10:30,146] {processor.py:653} WARNING - No viable dags retrieved from /opt/airflow/dags/read_proyectos.py
[2023-07-26 16:10:30,158] {processor.py:161} INFO - Processing /opt/airflow/dags/read_proyectos.py took 0.246 seconds
[2023-07-26 16:11:01,262] {processor.py:153} INFO - Started process (PID=4570) to work on /opt/airflow/dags/read_proyectos.py
[2023-07-26 16:11:01,263] {processor.py:641} INFO - Processing file /opt/airflow/dags/read_proyectos.py for tasks to queue
[2023-07-26 16:11:01,263] {logging_mixin.py:115} INFO - [2023-07-26 16:11:01,263] {dagbag.py:508} INFO - Filling up the DagBag from /opt/airflow/dags/read_proyectos.py
[2023-07-26 16:11:01,520] {processor.py:653} WARNING - No viable dags retrieved from /opt/airflow/dags/read_proyectos.py
[2023-07-26 16:11:01,533] {processor.py:161} INFO - Processing /opt/airflow/dags/read_proyectos.py took 0.275 seconds
[2023-07-26 16:11:32,022] {processor.py:153} INFO - Started process (PID=4624) to work on /opt/airflow/dags/read_proyectos.py
[2023-07-26 16:11:32,024] {processor.py:641} INFO - Processing file /opt/airflow/dags/read_proyectos.py for tasks to queue
[2023-07-26 16:11:32,024] {logging_mixin.py:115} INFO - [2023-07-26 16:11:32,024] {dagbag.py:508} INFO - Filling up the DagBag from /opt/airflow/dags/read_proyectos.py
[2023-07-26 16:11:32,251] {processor.py:653} WARNING - No viable dags retrieved from /opt/airflow/dags/read_proyectos.py
[2023-07-26 16:11:32,262] {processor.py:161} INFO - Processing /opt/airflow/dags/read_proyectos.py took 0.243 seconds
[2023-07-26 16:12:03,202] {processor.py:153} INFO - Started process (PID=4679) to work on /opt/airflow/dags/read_proyectos.py
[2023-07-26 16:12:03,203] {processor.py:641} INFO - Processing file /opt/airflow/dags/read_proyectos.py for tasks to queue
[2023-07-26 16:12:03,205] {logging_mixin.py:115} INFO - [2023-07-26 16:12:03,205] {dagbag.py:508} INFO - Filling up the DagBag from /opt/airflow/dags/read_proyectos.py
[2023-07-26 16:12:03,471] {processor.py:653} WARNING - No viable dags retrieved from /opt/airflow/dags/read_proyectos.py
[2023-07-26 16:12:03,482] {processor.py:161} INFO - Processing /opt/airflow/dags/read_proyectos.py took 0.285 seconds
[2023-07-26 16:12:34,056] {processor.py:153} INFO - Started process (PID=4725) to work on /opt/airflow/dags/read_proyectos.py
[2023-07-26 16:12:34,058] {processor.py:641} INFO - Processing file /opt/airflow/dags/read_proyectos.py for tasks to queue
[2023-07-26 16:12:34,058] {logging_mixin.py:115} INFO - [2023-07-26 16:12:34,058] {dagbag.py:508} INFO - Filling up the DagBag from /opt/airflow/dags/read_proyectos.py
[2023-07-26 16:12:34,300] {processor.py:653} WARNING - No viable dags retrieved from /opt/airflow/dags/read_proyectos.py
[2023-07-26 16:12:34,312] {processor.py:161} INFO - Processing /opt/airflow/dags/read_proyectos.py took 0.258 seconds
[2023-07-26 16:13:04,800] {processor.py:153} INFO - Started process (PID=4780) to work on /opt/airflow/dags/read_proyectos.py
[2023-07-26 16:13:04,801] {processor.py:641} INFO - Processing file /opt/airflow/dags/read_proyectos.py for tasks to queue
[2023-07-26 16:13:04,801] {logging_mixin.py:115} INFO - [2023-07-26 16:13:04,801] {dagbag.py:508} INFO - Filling up the DagBag from /opt/airflow/dags/read_proyectos.py
[2023-07-26 16:13:05,034] {processor.py:653} WARNING - No viable dags retrieved from /opt/airflow/dags/read_proyectos.py
[2023-07-26 16:13:05,046] {processor.py:161} INFO - Processing /opt/airflow/dags/read_proyectos.py took 0.249 seconds
[2023-07-26 16:13:35,681] {processor.py:153} INFO - Started process (PID=4833) to work on /opt/airflow/dags/read_proyectos.py
[2023-07-26 16:13:35,682] {processor.py:641} INFO - Processing file /opt/airflow/dags/read_proyectos.py for tasks to queue
[2023-07-26 16:13:35,683] {logging_mixin.py:115} INFO - [2023-07-26 16:13:35,683] {dagbag.py:508} INFO - Filling up the DagBag from /opt/airflow/dags/read_proyectos.py
[2023-07-26 16:13:35,923] {processor.py:653} WARNING - No viable dags retrieved from /opt/airflow/dags/read_proyectos.py
[2023-07-26 16:13:35,940] {processor.py:161} INFO - Processing /opt/airflow/dags/read_proyectos.py took 0.261 seconds
[2023-07-26 16:14:06,260] {processor.py:153} INFO - Started process (PID=4891) to work on /opt/airflow/dags/read_proyectos.py
[2023-07-26 16:14:06,262] {processor.py:641} INFO - Processing file /opt/airflow/dags/read_proyectos.py for tasks to queue
[2023-07-26 16:14:06,262] {logging_mixin.py:115} INFO - [2023-07-26 16:14:06,262] {dagbag.py:508} INFO - Filling up the DagBag from /opt/airflow/dags/read_proyectos.py
[2023-07-26 16:14:06,517] {processor.py:653} WARNING - No viable dags retrieved from /opt/airflow/dags/read_proyectos.py
[2023-07-26 16:14:06,531] {processor.py:161} INFO - Processing /opt/airflow/dags/read_proyectos.py took 0.274 seconds
[2023-07-26 16:14:36,921] {processor.py:153} INFO - Started process (PID=4946) to work on /opt/airflow/dags/read_proyectos.py
[2023-07-26 16:14:36,923] {processor.py:641} INFO - Processing file /opt/airflow/dags/read_proyectos.py for tasks to queue
[2023-07-26 16:14:36,923] {logging_mixin.py:115} INFO - [2023-07-26 16:14:36,923] {dagbag.py:508} INFO - Filling up the DagBag from /opt/airflow/dags/read_proyectos.py
[2023-07-26 16:14:37,182] {processor.py:653} WARNING - No viable dags retrieved from /opt/airflow/dags/read_proyectos.py
[2023-07-26 16:14:37,195] {processor.py:161} INFO - Processing /opt/airflow/dags/read_proyectos.py took 0.277 seconds
[2023-07-26 16:15:07,424] {processor.py:153} INFO - Started process (PID=4998) to work on /opt/airflow/dags/read_proyectos.py
[2023-07-26 16:15:07,426] {processor.py:641} INFO - Processing file /opt/airflow/dags/read_proyectos.py for tasks to queue
[2023-07-26 16:15:07,426] {logging_mixin.py:115} INFO - [2023-07-26 16:15:07,426] {dagbag.py:508} INFO - Filling up the DagBag from /opt/airflow/dags/read_proyectos.py
[2023-07-26 16:15:07,710] {processor.py:653} WARNING - No viable dags retrieved from /opt/airflow/dags/read_proyectos.py
[2023-07-26 16:15:07,726] {processor.py:161} INFO - Processing /opt/airflow/dags/read_proyectos.py took 0.305 seconds
[2023-07-26 16:15:38,647] {processor.py:153} INFO - Started process (PID=5048) to work on /opt/airflow/dags/read_proyectos.py
[2023-07-26 16:15:38,648] {processor.py:641} INFO - Processing file /opt/airflow/dags/read_proyectos.py for tasks to queue
[2023-07-26 16:15:38,649] {logging_mixin.py:115} INFO - [2023-07-26 16:15:38,649] {dagbag.py:508} INFO - Filling up the DagBag from /opt/airflow/dags/read_proyectos.py
[2023-07-26 16:15:38,881] {processor.py:653} WARNING - No viable dags retrieved from /opt/airflow/dags/read_proyectos.py
[2023-07-26 16:15:38,904] {processor.py:161} INFO - Processing /opt/airflow/dags/read_proyectos.py took 0.260 seconds
[2023-07-26 16:16:09,347] {processor.py:153} INFO - Started process (PID=5103) to work on /opt/airflow/dags/read_proyectos.py
[2023-07-26 16:16:09,348] {processor.py:641} INFO - Processing file /opt/airflow/dags/read_proyectos.py for tasks to queue
[2023-07-26 16:16:09,349] {logging_mixin.py:115} INFO - [2023-07-26 16:16:09,349] {dagbag.py:508} INFO - Filling up the DagBag from /opt/airflow/dags/read_proyectos.py
[2023-07-26 16:16:09,603] {processor.py:653} WARNING - No viable dags retrieved from /opt/airflow/dags/read_proyectos.py
[2023-07-26 16:16:09,619] {processor.py:161} INFO - Processing /opt/airflow/dags/read_proyectos.py took 0.276 seconds
[2023-07-26 16:16:40,316] {processor.py:153} INFO - Started process (PID=5162) to work on /opt/airflow/dags/read_proyectos.py
[2023-07-26 16:16:40,318] {processor.py:641} INFO - Processing file /opt/airflow/dags/read_proyectos.py for tasks to queue
[2023-07-26 16:16:40,319] {logging_mixin.py:115} INFO - [2023-07-26 16:16:40,319] {dagbag.py:508} INFO - Filling up the DagBag from /opt/airflow/dags/read_proyectos.py
[2023-07-26 16:16:40,566] {processor.py:653} WARNING - No viable dags retrieved from /opt/airflow/dags/read_proyectos.py
[2023-07-26 16:16:40,580] {processor.py:161} INFO - Processing /opt/airflow/dags/read_proyectos.py took 0.267 seconds
[2023-07-26 16:17:11,062] {processor.py:153} INFO - Started process (PID=5219) to work on /opt/airflow/dags/read_proyectos.py
[2023-07-26 16:17:11,064] {processor.py:641} INFO - Processing file /opt/airflow/dags/read_proyectos.py for tasks to queue
[2023-07-26 16:17:11,065] {logging_mixin.py:115} INFO - [2023-07-26 16:17:11,065] {dagbag.py:508} INFO - Filling up the DagBag from /opt/airflow/dags/read_proyectos.py
[2023-07-26 16:17:11,298] {processor.py:653} WARNING - No viable dags retrieved from /opt/airflow/dags/read_proyectos.py
[2023-07-26 16:17:11,310] {processor.py:161} INFO - Processing /opt/airflow/dags/read_proyectos.py took 0.251 seconds
[2023-07-26 16:17:42,398] {processor.py:153} INFO - Started process (PID=5275) to work on /opt/airflow/dags/read_proyectos.py
[2023-07-26 16:17:42,399] {processor.py:641} INFO - Processing file /opt/airflow/dags/read_proyectos.py for tasks to queue
[2023-07-26 16:17:42,400] {logging_mixin.py:115} INFO - [2023-07-26 16:17:42,400] {dagbag.py:508} INFO - Filling up the DagBag from /opt/airflow/dags/read_proyectos.py
[2023-07-26 16:17:42,644] {processor.py:653} WARNING - No viable dags retrieved from /opt/airflow/dags/read_proyectos.py
[2023-07-26 16:17:42,660] {processor.py:161} INFO - Processing /opt/airflow/dags/read_proyectos.py took 0.265 seconds
[2023-07-26 16:18:13,044] {processor.py:153} INFO - Started process (PID=5331) to work on /opt/airflow/dags/read_proyectos.py
[2023-07-26 16:18:13,045] {processor.py:641} INFO - Processing file /opt/airflow/dags/read_proyectos.py for tasks to queue
[2023-07-26 16:18:13,046] {logging_mixin.py:115} INFO - [2023-07-26 16:18:13,046] {dagbag.py:508} INFO - Filling up the DagBag from /opt/airflow/dags/read_proyectos.py
[2023-07-26 16:18:13,352] {processor.py:653} WARNING - No viable dags retrieved from /opt/airflow/dags/read_proyectos.py
[2023-07-26 16:18:13,374] {processor.py:161} INFO - Processing /opt/airflow/dags/read_proyectos.py took 0.333 seconds
[2023-07-26 16:18:43,567] {processor.py:153} INFO - Started process (PID=5377) to work on /opt/airflow/dags/read_proyectos.py
[2023-07-26 16:18:43,568] {processor.py:641} INFO - Processing file /opt/airflow/dags/read_proyectos.py for tasks to queue
[2023-07-26 16:18:43,569] {logging_mixin.py:115} INFO - [2023-07-26 16:18:43,569] {dagbag.py:508} INFO - Filling up the DagBag from /opt/airflow/dags/read_proyectos.py
[2023-07-26 16:18:43,816] {processor.py:653} WARNING - No viable dags retrieved from /opt/airflow/dags/read_proyectos.py
[2023-07-26 16:18:43,829] {processor.py:161} INFO - Processing /opt/airflow/dags/read_proyectos.py took 0.265 seconds
[2023-07-26 16:19:14,405] {processor.py:153} INFO - Started process (PID=5438) to work on /opt/airflow/dags/read_proyectos.py
[2023-07-26 16:19:14,406] {processor.py:641} INFO - Processing file /opt/airflow/dags/read_proyectos.py for tasks to queue
[2023-07-26 16:19:14,407] {logging_mixin.py:115} INFO - [2023-07-26 16:19:14,407] {dagbag.py:508} INFO - Filling up the DagBag from /opt/airflow/dags/read_proyectos.py
[2023-07-26 16:19:14,696] {processor.py:653} WARNING - No viable dags retrieved from /opt/airflow/dags/read_proyectos.py
[2023-07-26 16:19:14,711] {processor.py:161} INFO - Processing /opt/airflow/dags/read_proyectos.py took 0.309 seconds
[2023-07-26 16:19:45,087] {processor.py:153} INFO - Started process (PID=5494) to work on /opt/airflow/dags/read_proyectos.py
[2023-07-26 16:19:45,089] {processor.py:641} INFO - Processing file /opt/airflow/dags/read_proyectos.py for tasks to queue
[2023-07-26 16:19:45,089] {logging_mixin.py:115} INFO - [2023-07-26 16:19:45,089] {dagbag.py:508} INFO - Filling up the DagBag from /opt/airflow/dags/read_proyectos.py
[2023-07-26 16:19:45,315] {processor.py:653} WARNING - No viable dags retrieved from /opt/airflow/dags/read_proyectos.py
[2023-07-26 16:19:45,325] {processor.py:161} INFO - Processing /opt/airflow/dags/read_proyectos.py took 0.241 seconds
[2023-07-26 16:20:15,665] {processor.py:153} INFO - Started process (PID=5549) to work on /opt/airflow/dags/read_proyectos.py
[2023-07-26 16:20:15,667] {processor.py:641} INFO - Processing file /opt/airflow/dags/read_proyectos.py for tasks to queue
[2023-07-26 16:20:15,668] {logging_mixin.py:115} INFO - [2023-07-26 16:20:15,667] {dagbag.py:508} INFO - Filling up the DagBag from /opt/airflow/dags/read_proyectos.py
[2023-07-26 16:20:15,899] {processor.py:653} WARNING - No viable dags retrieved from /opt/airflow/dags/read_proyectos.py
[2023-07-26 16:20:15,911] {processor.py:161} INFO - Processing /opt/airflow/dags/read_proyectos.py took 0.249 seconds
[2023-07-26 16:20:46,553] {processor.py:153} INFO - Started process (PID=5604) to work on /opt/airflow/dags/read_proyectos.py
[2023-07-26 16:20:46,554] {processor.py:641} INFO - Processing file /opt/airflow/dags/read_proyectos.py for tasks to queue
[2023-07-26 16:20:46,555] {logging_mixin.py:115} INFO - [2023-07-26 16:20:46,555] {dagbag.py:508} INFO - Filling up the DagBag from /opt/airflow/dags/read_proyectos.py
[2023-07-26 16:20:46,818] {processor.py:653} WARNING - No viable dags retrieved from /opt/airflow/dags/read_proyectos.py
[2023-07-26 16:20:46,839] {processor.py:161} INFO - Processing /opt/airflow/dags/read_proyectos.py took 0.289 seconds
[2023-07-26 16:21:17,332] {processor.py:153} INFO - Started process (PID=5650) to work on /opt/airflow/dags/read_proyectos.py
[2023-07-26 16:21:17,333] {processor.py:641} INFO - Processing file /opt/airflow/dags/read_proyectos.py for tasks to queue
[2023-07-26 16:21:17,334] {logging_mixin.py:115} INFO - [2023-07-26 16:21:17,334] {dagbag.py:508} INFO - Filling up the DagBag from /opt/airflow/dags/read_proyectos.py
[2023-07-26 16:21:17,568] {processor.py:653} WARNING - No viable dags retrieved from /opt/airflow/dags/read_proyectos.py
[2023-07-26 16:21:17,579] {processor.py:161} INFO - Processing /opt/airflow/dags/read_proyectos.py took 0.249 seconds
[2023-07-26 16:21:47,679] {processor.py:153} INFO - Started process (PID=5705) to work on /opt/airflow/dags/read_proyectos.py
[2023-07-26 16:21:47,680] {processor.py:641} INFO - Processing file /opt/airflow/dags/read_proyectos.py for tasks to queue
[2023-07-26 16:21:47,681] {logging_mixin.py:115} INFO - [2023-07-26 16:21:47,681] {dagbag.py:508} INFO - Filling up the DagBag from /opt/airflow/dags/read_proyectos.py
[2023-07-26 16:21:47,909] {processor.py:653} WARNING - No viable dags retrieved from /opt/airflow/dags/read_proyectos.py
[2023-07-26 16:21:47,922] {processor.py:161} INFO - Processing /opt/airflow/dags/read_proyectos.py took 0.246 seconds
[2023-07-26 16:22:18,616] {processor.py:153} INFO - Started process (PID=5760) to work on /opt/airflow/dags/read_proyectos.py
[2023-07-26 16:22:18,619] {processor.py:641} INFO - Processing file /opt/airflow/dags/read_proyectos.py for tasks to queue
[2023-07-26 16:22:18,620] {logging_mixin.py:115} INFO - [2023-07-26 16:22:18,620] {dagbag.py:508} INFO - Filling up the DagBag from /opt/airflow/dags/read_proyectos.py
[2023-07-26 16:22:18,924] {processor.py:653} WARNING - No viable dags retrieved from /opt/airflow/dags/read_proyectos.py
[2023-07-26 16:22:18,938] {processor.py:161} INFO - Processing /opt/airflow/dags/read_proyectos.py took 0.324 seconds
[2023-07-26 16:22:49,326] {processor.py:153} INFO - Started process (PID=5814) to work on /opt/airflow/dags/read_proyectos.py
[2023-07-26 16:22:49,328] {processor.py:641} INFO - Processing file /opt/airflow/dags/read_proyectos.py for tasks to queue
[2023-07-26 16:22:49,328] {logging_mixin.py:115} INFO - [2023-07-26 16:22:49,328] {dagbag.py:508} INFO - Filling up the DagBag from /opt/airflow/dags/read_proyectos.py
[2023-07-26 16:22:49,564] {processor.py:653} WARNING - No viable dags retrieved from /opt/airflow/dags/read_proyectos.py
[2023-07-26 16:22:49,576] {processor.py:161} INFO - Processing /opt/airflow/dags/read_proyectos.py took 0.253 seconds
[2023-07-26 16:23:19,879] {processor.py:153} INFO - Started process (PID=5869) to work on /opt/airflow/dags/read_proyectos.py
[2023-07-26 16:23:19,880] {processor.py:641} INFO - Processing file /opt/airflow/dags/read_proyectos.py for tasks to queue
[2023-07-26 16:23:19,881] {logging_mixin.py:115} INFO - [2023-07-26 16:23:19,881] {dagbag.py:508} INFO - Filling up the DagBag from /opt/airflow/dags/read_proyectos.py
[2023-07-26 16:23:20,119] {processor.py:653} WARNING - No viable dags retrieved from /opt/airflow/dags/read_proyectos.py
[2023-07-26 16:23:20,133] {processor.py:161} INFO - Processing /opt/airflow/dags/read_proyectos.py took 0.257 seconds
[2023-07-26 16:23:50,673] {processor.py:153} INFO - Started process (PID=5915) to work on /opt/airflow/dags/read_proyectos.py
[2023-07-26 16:23:50,674] {processor.py:641} INFO - Processing file /opt/airflow/dags/read_proyectos.py for tasks to queue
[2023-07-26 16:23:50,675] {logging_mixin.py:115} INFO - [2023-07-26 16:23:50,675] {dagbag.py:508} INFO - Filling up the DagBag from /opt/airflow/dags/read_proyectos.py
[2023-07-26 16:23:50,923] {processor.py:653} WARNING - No viable dags retrieved from /opt/airflow/dags/read_proyectos.py
[2023-07-26 16:23:50,938] {processor.py:161} INFO - Processing /opt/airflow/dags/read_proyectos.py took 0.269 seconds
[2023-07-26 16:24:21,148] {processor.py:153} INFO - Started process (PID=5970) to work on /opt/airflow/dags/read_proyectos.py
[2023-07-26 16:24:21,149] {processor.py:641} INFO - Processing file /opt/airflow/dags/read_proyectos.py for tasks to queue
[2023-07-26 16:24:21,150] {logging_mixin.py:115} INFO - [2023-07-26 16:24:21,150] {dagbag.py:508} INFO - Filling up the DagBag from /opt/airflow/dags/read_proyectos.py
[2023-07-26 16:24:21,375] {processor.py:653} WARNING - No viable dags retrieved from /opt/airflow/dags/read_proyectos.py
[2023-07-26 16:24:21,386] {processor.py:161} INFO - Processing /opt/airflow/dags/read_proyectos.py took 0.241 seconds
[2023-07-26 16:24:51,816] {processor.py:153} INFO - Started process (PID=6032) to work on /opt/airflow/dags/read_proyectos.py
[2023-07-26 16:24:51,817] {processor.py:641} INFO - Processing file /opt/airflow/dags/read_proyectos.py for tasks to queue
[2023-07-26 16:24:51,818] {logging_mixin.py:115} INFO - [2023-07-26 16:24:51,818] {dagbag.py:508} INFO - Filling up the DagBag from /opt/airflow/dags/read_proyectos.py
[2023-07-26 16:24:52,159] {processor.py:653} WARNING - No viable dags retrieved from /opt/airflow/dags/read_proyectos.py
[2023-07-26 16:24:52,173] {processor.py:161} INFO - Processing /opt/airflow/dags/read_proyectos.py took 0.360 seconds
[2023-07-26 16:25:22,351] {processor.py:153} INFO - Started process (PID=6087) to work on /opt/airflow/dags/read_proyectos.py
[2023-07-26 16:25:22,352] {processor.py:641} INFO - Processing file /opt/airflow/dags/read_proyectos.py for tasks to queue
[2023-07-26 16:25:22,353] {logging_mixin.py:115} INFO - [2023-07-26 16:25:22,353] {dagbag.py:508} INFO - Filling up the DagBag from /opt/airflow/dags/read_proyectos.py
[2023-07-26 16:25:22,580] {processor.py:653} WARNING - No viable dags retrieved from /opt/airflow/dags/read_proyectos.py
[2023-07-26 16:25:22,595] {processor.py:161} INFO - Processing /opt/airflow/dags/read_proyectos.py took 0.247 seconds
[2023-07-26 16:25:53,858] {processor.py:153} INFO - Started process (PID=6141) to work on /opt/airflow/dags/read_proyectos.py
[2023-07-26 16:25:53,860] {processor.py:641} INFO - Processing file /opt/airflow/dags/read_proyectos.py for tasks to queue
[2023-07-26 16:25:53,861] {logging_mixin.py:115} INFO - [2023-07-26 16:25:53,861] {dagbag.py:508} INFO - Filling up the DagBag from /opt/airflow/dags/read_proyectos.py
[2023-07-26 16:25:54,181] {processor.py:653} WARNING - No viable dags retrieved from /opt/airflow/dags/read_proyectos.py
[2023-07-26 16:25:54,194] {processor.py:161} INFO - Processing /opt/airflow/dags/read_proyectos.py took 0.341 seconds
[2023-07-26 16:26:25,101] {processor.py:153} INFO - Started process (PID=6188) to work on /opt/airflow/dags/read_proyectos.py
[2023-07-26 16:26:25,102] {processor.py:641} INFO - Processing file /opt/airflow/dags/read_proyectos.py for tasks to queue
[2023-07-26 16:26:25,103] {logging_mixin.py:115} INFO - [2023-07-26 16:26:25,103] {dagbag.py:508} INFO - Filling up the DagBag from /opt/airflow/dags/read_proyectos.py
[2023-07-26 16:26:25,380] {processor.py:653} WARNING - No viable dags retrieved from /opt/airflow/dags/read_proyectos.py
[2023-07-26 16:26:25,399] {processor.py:161} INFO - Processing /opt/airflow/dags/read_proyectos.py took 0.302 seconds
[2023-07-26 16:26:55,681] {processor.py:153} INFO - Started process (PID=6242) to work on /opt/airflow/dags/read_proyectos.py
[2023-07-26 16:26:55,682] {processor.py:641} INFO - Processing file /opt/airflow/dags/read_proyectos.py for tasks to queue
[2023-07-26 16:26:55,683] {logging_mixin.py:115} INFO - [2023-07-26 16:26:55,683] {dagbag.py:508} INFO - Filling up the DagBag from /opt/airflow/dags/read_proyectos.py
[2023-07-26 16:26:55,922] {processor.py:653} WARNING - No viable dags retrieved from /opt/airflow/dags/read_proyectos.py
[2023-07-26 16:26:55,934] {processor.py:161} INFO - Processing /opt/airflow/dags/read_proyectos.py took 0.257 seconds
[2023-07-26 16:27:26,503] {processor.py:153} INFO - Started process (PID=6297) to work on /opt/airflow/dags/read_proyectos.py
[2023-07-26 16:27:26,504] {processor.py:641} INFO - Processing file /opt/airflow/dags/read_proyectos.py for tasks to queue
[2023-07-26 16:27:26,505] {logging_mixin.py:115} INFO - [2023-07-26 16:27:26,505] {dagbag.py:508} INFO - Filling up the DagBag from /opt/airflow/dags/read_proyectos.py
[2023-07-26 16:27:26,742] {processor.py:653} WARNING - No viable dags retrieved from /opt/airflow/dags/read_proyectos.py
[2023-07-26 16:27:26,758] {processor.py:161} INFO - Processing /opt/airflow/dags/read_proyectos.py took 0.258 seconds
[2023-07-26 16:27:57,359] {processor.py:153} INFO - Started process (PID=6352) to work on /opt/airflow/dags/read_proyectos.py
[2023-07-26 16:27:57,360] {processor.py:641} INFO - Processing file /opt/airflow/dags/read_proyectos.py for tasks to queue
[2023-07-26 16:27:57,360] {logging_mixin.py:115} INFO - [2023-07-26 16:27:57,360] {dagbag.py:508} INFO - Filling up the DagBag from /opt/airflow/dags/read_proyectos.py
[2023-07-26 16:27:57,587] {processor.py:653} WARNING - No viable dags retrieved from /opt/airflow/dags/read_proyectos.py
[2023-07-26 16:27:57,599] {processor.py:161} INFO - Processing /opt/airflow/dags/read_proyectos.py took 0.243 seconds
[2023-07-26 16:28:28,338] {processor.py:153} INFO - Started process (PID=6407) to work on /opt/airflow/dags/read_proyectos.py
[2023-07-26 16:28:28,339] {processor.py:641} INFO - Processing file /opt/airflow/dags/read_proyectos.py for tasks to queue
[2023-07-26 16:28:28,340] {logging_mixin.py:115} INFO - [2023-07-26 16:28:28,340] {dagbag.py:508} INFO - Filling up the DagBag from /opt/airflow/dags/read_proyectos.py
[2023-07-26 16:28:28,679] {processor.py:653} WARNING - No viable dags retrieved from /opt/airflow/dags/read_proyectos.py
[2023-07-26 16:28:28,698] {processor.py:161} INFO - Processing /opt/airflow/dags/read_proyectos.py took 0.364 seconds
[2023-07-26 16:28:59,217] {processor.py:153} INFO - Started process (PID=6454) to work on /opt/airflow/dags/read_proyectos.py
[2023-07-26 16:28:59,220] {processor.py:641} INFO - Processing file /opt/airflow/dags/read_proyectos.py for tasks to queue
[2023-07-26 16:28:59,222] {logging_mixin.py:115} INFO - [2023-07-26 16:28:59,222] {dagbag.py:508} INFO - Filling up the DagBag from /opt/airflow/dags/read_proyectos.py
[2023-07-26 16:28:59,471] {processor.py:653} WARNING - No viable dags retrieved from /opt/airflow/dags/read_proyectos.py
[2023-07-26 16:28:59,484] {processor.py:161} INFO - Processing /opt/airflow/dags/read_proyectos.py took 0.270 seconds
[2023-07-26 16:29:30,185] {processor.py:153} INFO - Started process (PID=6510) to work on /opt/airflow/dags/read_proyectos.py
[2023-07-26 16:29:30,186] {processor.py:641} INFO - Processing file /opt/airflow/dags/read_proyectos.py for tasks to queue
[2023-07-26 16:29:30,187] {logging_mixin.py:115} INFO - [2023-07-26 16:29:30,187] {dagbag.py:508} INFO - Filling up the DagBag from /opt/airflow/dags/read_proyectos.py
[2023-07-26 16:29:30,422] {processor.py:653} WARNING - No viable dags retrieved from /opt/airflow/dags/read_proyectos.py
[2023-07-26 16:29:30,433] {processor.py:161} INFO - Processing /opt/airflow/dags/read_proyectos.py took 0.253 seconds
[2023-07-26 16:30:00,854] {processor.py:153} INFO - Started process (PID=6565) to work on /opt/airflow/dags/read_proyectos.py
[2023-07-26 16:30:00,855] {processor.py:641} INFO - Processing file /opt/airflow/dags/read_proyectos.py for tasks to queue
[2023-07-26 16:30:00,856] {logging_mixin.py:115} INFO - [2023-07-26 16:30:00,856] {dagbag.py:508} INFO - Filling up the DagBag from /opt/airflow/dags/read_proyectos.py
[2023-07-26 16:30:01,084] {processor.py:653} WARNING - No viable dags retrieved from /opt/airflow/dags/read_proyectos.py
[2023-07-26 16:30:01,095] {processor.py:161} INFO - Processing /opt/airflow/dags/read_proyectos.py took 0.244 seconds
[2023-07-26 16:30:31,395] {processor.py:153} INFO - Started process (PID=6620) to work on /opt/airflow/dags/read_proyectos.py
[2023-07-26 16:30:31,396] {processor.py:641} INFO - Processing file /opt/airflow/dags/read_proyectos.py for tasks to queue
[2023-07-26 16:30:31,397] {logging_mixin.py:115} INFO - [2023-07-26 16:30:31,397] {dagbag.py:508} INFO - Filling up the DagBag from /opt/airflow/dags/read_proyectos.py
[2023-07-26 16:30:31,628] {processor.py:653} WARNING - No viable dags retrieved from /opt/airflow/dags/read_proyectos.py
[2023-07-26 16:30:31,639] {processor.py:161} INFO - Processing /opt/airflow/dags/read_proyectos.py took 0.247 seconds
[2023-07-26 16:31:02,217] {processor.py:153} INFO - Started process (PID=6675) to work on /opt/airflow/dags/read_proyectos.py
[2023-07-26 16:31:02,219] {processor.py:641} INFO - Processing file /opt/airflow/dags/read_proyectos.py for tasks to queue
[2023-07-26 16:31:02,220] {logging_mixin.py:115} INFO - [2023-07-26 16:31:02,220] {dagbag.py:508} INFO - Filling up the DagBag from /opt/airflow/dags/read_proyectos.py
[2023-07-26 16:31:02,448] {processor.py:653} WARNING - No viable dags retrieved from /opt/airflow/dags/read_proyectos.py
[2023-07-26 16:31:02,460] {processor.py:161} INFO - Processing /opt/airflow/dags/read_proyectos.py took 0.245 seconds
[2023-07-26 16:31:33,072] {processor.py:153} INFO - Started process (PID=6724) to work on /opt/airflow/dags/read_proyectos.py
[2023-07-26 16:31:33,073] {processor.py:641} INFO - Processing file /opt/airflow/dags/read_proyectos.py for tasks to queue
[2023-07-26 16:31:33,074] {logging_mixin.py:115} INFO - [2023-07-26 16:31:33,074] {dagbag.py:508} INFO - Filling up the DagBag from /opt/airflow/dags/read_proyectos.py
[2023-07-26 16:31:33,307] {processor.py:653} WARNING - No viable dags retrieved from /opt/airflow/dags/read_proyectos.py
[2023-07-26 16:31:33,318] {processor.py:161} INFO - Processing /opt/airflow/dags/read_proyectos.py took 0.250 seconds
[2023-07-26 16:33:14,281] {processor.py:153} INFO - Started process (PID=65) to work on /opt/airflow/dags/read_proyectos.py
[2023-07-26 16:33:14,283] {processor.py:641} INFO - Processing file /opt/airflow/dags/read_proyectos.py for tasks to queue
[2023-07-26 16:33:14,284] {logging_mixin.py:115} INFO - [2023-07-26 16:33:14,284] {dagbag.py:508} INFO - Filling up the DagBag from /opt/airflow/dags/read_proyectos.py
[2023-07-26 16:33:14,536] {processor.py:653} WARNING - No viable dags retrieved from /opt/airflow/dags/read_proyectos.py
[2023-07-26 16:33:14,562] {processor.py:161} INFO - Processing /opt/airflow/dags/read_proyectos.py took 0.285 seconds
[2023-07-26 16:33:44,655] {processor.py:153} INFO - Started process (PID=119) to work on /opt/airflow/dags/read_proyectos.py
[2023-07-26 16:33:44,656] {processor.py:641} INFO - Processing file /opt/airflow/dags/read_proyectos.py for tasks to queue
[2023-07-26 16:33:44,657] {logging_mixin.py:115} INFO - [2023-07-26 16:33:44,657] {dagbag.py:508} INFO - Filling up the DagBag from /opt/airflow/dags/read_proyectos.py
[2023-07-26 16:33:44,788] {processor.py:653} WARNING - No viable dags retrieved from /opt/airflow/dags/read_proyectos.py
[2023-07-26 16:33:44,804] {processor.py:161} INFO - Processing /opt/airflow/dags/read_proyectos.py took 0.152 seconds
[2023-07-26 16:34:15,514] {processor.py:153} INFO - Started process (PID=175) to work on /opt/airflow/dags/read_proyectos.py
[2023-07-26 16:34:15,515] {processor.py:641} INFO - Processing file /opt/airflow/dags/read_proyectos.py for tasks to queue
[2023-07-26 16:34:15,515] {logging_mixin.py:115} INFO - [2023-07-26 16:34:15,515] {dagbag.py:508} INFO - Filling up the DagBag from /opt/airflow/dags/read_proyectos.py
[2023-07-26 16:34:15,653] {processor.py:653} WARNING - No viable dags retrieved from /opt/airflow/dags/read_proyectos.py
[2023-07-26 16:34:15,666] {processor.py:161} INFO - Processing /opt/airflow/dags/read_proyectos.py took 0.155 seconds
[2023-07-26 16:34:46,537] {processor.py:153} INFO - Started process (PID=226) to work on /opt/airflow/dags/read_proyectos.py
[2023-07-26 16:34:46,538] {processor.py:641} INFO - Processing file /opt/airflow/dags/read_proyectos.py for tasks to queue
[2023-07-26 16:34:46,539] {logging_mixin.py:115} INFO - [2023-07-26 16:34:46,539] {dagbag.py:508} INFO - Filling up the DagBag from /opt/airflow/dags/read_proyectos.py
[2023-07-26 16:34:46,675] {processor.py:653} WARNING - No viable dags retrieved from /opt/airflow/dags/read_proyectos.py
[2023-07-26 16:34:46,691] {processor.py:161} INFO - Processing /opt/airflow/dags/read_proyectos.py took 0.156 seconds
[2023-07-26 16:35:17,470] {processor.py:153} INFO - Started process (PID=281) to work on /opt/airflow/dags/read_proyectos.py
[2023-07-26 16:35:17,471] {processor.py:641} INFO - Processing file /opt/airflow/dags/read_proyectos.py for tasks to queue
[2023-07-26 16:35:17,472] {logging_mixin.py:115} INFO - [2023-07-26 16:35:17,472] {dagbag.py:508} INFO - Filling up the DagBag from /opt/airflow/dags/read_proyectos.py
[2023-07-26 16:35:17,607] {processor.py:653} WARNING - No viable dags retrieved from /opt/airflow/dags/read_proyectos.py
[2023-07-26 16:35:17,620] {processor.py:161} INFO - Processing /opt/airflow/dags/read_proyectos.py took 0.153 seconds
[2023-07-26 16:35:48,613] {processor.py:153} INFO - Started process (PID=337) to work on /opt/airflow/dags/read_proyectos.py
[2023-07-26 16:35:48,615] {processor.py:641} INFO - Processing file /opt/airflow/dags/read_proyectos.py for tasks to queue
[2023-07-26 16:35:48,615] {logging_mixin.py:115} INFO - [2023-07-26 16:35:48,615] {dagbag.py:508} INFO - Filling up the DagBag from /opt/airflow/dags/read_proyectos.py
[2023-07-26 16:35:48,784] {processor.py:653} WARNING - No viable dags retrieved from /opt/airflow/dags/read_proyectos.py
[2023-07-26 16:35:48,804] {processor.py:161} INFO - Processing /opt/airflow/dags/read_proyectos.py took 0.194 seconds
[2023-07-26 16:36:18,849] {processor.py:153} INFO - Started process (PID=391) to work on /opt/airflow/dags/read_proyectos.py
[2023-07-26 16:36:18,851] {processor.py:641} INFO - Processing file /opt/airflow/dags/read_proyectos.py for tasks to queue
[2023-07-26 16:36:18,851] {logging_mixin.py:115} INFO - [2023-07-26 16:36:18,851] {dagbag.py:508} INFO - Filling up the DagBag from /opt/airflow/dags/read_proyectos.py
[2023-07-26 16:36:18,991] {processor.py:653} WARNING - No viable dags retrieved from /opt/airflow/dags/read_proyectos.py
[2023-07-26 16:36:19,011] {processor.py:161} INFO - Processing /opt/airflow/dags/read_proyectos.py took 0.164 seconds
[2023-07-26 16:36:49,838] {processor.py:153} INFO - Started process (PID=446) to work on /opt/airflow/dags/read_proyectos.py
[2023-07-26 16:36:49,840] {processor.py:641} INFO - Processing file /opt/airflow/dags/read_proyectos.py for tasks to queue
[2023-07-26 16:36:49,841] {logging_mixin.py:115} INFO - [2023-07-26 16:36:49,841] {dagbag.py:508} INFO - Filling up the DagBag from /opt/airflow/dags/read_proyectos.py
[2023-07-26 16:36:50,026] {processor.py:653} WARNING - No viable dags retrieved from /opt/airflow/dags/read_proyectos.py
[2023-07-26 16:36:50,043] {processor.py:161} INFO - Processing /opt/airflow/dags/read_proyectos.py took 0.210 seconds
[2023-07-26 16:37:20,862] {processor.py:153} INFO - Started process (PID=500) to work on /opt/airflow/dags/read_proyectos.py
[2023-07-26 16:37:20,864] {processor.py:641} INFO - Processing file /opt/airflow/dags/read_proyectos.py for tasks to queue
[2023-07-26 16:37:20,865] {logging_mixin.py:115} INFO - [2023-07-26 16:37:20,865] {dagbag.py:508} INFO - Filling up the DagBag from /opt/airflow/dags/read_proyectos.py
[2023-07-26 16:37:21,024] {processor.py:653} WARNING - No viable dags retrieved from /opt/airflow/dags/read_proyectos.py
[2023-07-26 16:37:21,043] {processor.py:161} INFO - Processing /opt/airflow/dags/read_proyectos.py took 0.183 seconds
[2023-07-26 16:37:51,938] {processor.py:153} INFO - Started process (PID=546) to work on /opt/airflow/dags/read_proyectos.py
[2023-07-26 16:37:51,939] {processor.py:641} INFO - Processing file /opt/airflow/dags/read_proyectos.py for tasks to queue
[2023-07-26 16:37:51,940] {logging_mixin.py:115} INFO - [2023-07-26 16:37:51,940] {dagbag.py:508} INFO - Filling up the DagBag from /opt/airflow/dags/read_proyectos.py
[2023-07-26 16:37:52,076] {processor.py:653} WARNING - No viable dags retrieved from /opt/airflow/dags/read_proyectos.py
[2023-07-26 16:37:52,089] {processor.py:161} INFO - Processing /opt/airflow/dags/read_proyectos.py took 0.155 seconds
[2023-07-26 16:38:22,309] {processor.py:153} INFO - Started process (PID=600) to work on /opt/airflow/dags/read_proyectos.py
[2023-07-26 16:38:22,311] {processor.py:641} INFO - Processing file /opt/airflow/dags/read_proyectos.py for tasks to queue
[2023-07-26 16:38:22,312] {logging_mixin.py:115} INFO - [2023-07-26 16:38:22,312] {dagbag.py:508} INFO - Filling up the DagBag from /opt/airflow/dags/read_proyectos.py
[2023-07-26 16:38:22,449] {processor.py:653} WARNING - No viable dags retrieved from /opt/airflow/dags/read_proyectos.py
[2023-07-26 16:38:22,465] {processor.py:161} INFO - Processing /opt/airflow/dags/read_proyectos.py took 0.159 seconds
[2023-07-26 16:38:53,259] {processor.py:153} INFO - Started process (PID=656) to work on /opt/airflow/dags/read_proyectos.py
[2023-07-26 16:38:53,260] {processor.py:641} INFO - Processing file /opt/airflow/dags/read_proyectos.py for tasks to queue
[2023-07-26 16:38:53,261] {logging_mixin.py:115} INFO - [2023-07-26 16:38:53,261] {dagbag.py:508} INFO - Filling up the DagBag from /opt/airflow/dags/read_proyectos.py
[2023-07-26 16:38:53,395] {processor.py:653} WARNING - No viable dags retrieved from /opt/airflow/dags/read_proyectos.py
[2023-07-26 16:38:53,412] {processor.py:161} INFO - Processing /opt/airflow/dags/read_proyectos.py took 0.156 seconds
[2023-07-26 16:39:23,873] {processor.py:153} INFO - Started process (PID=711) to work on /opt/airflow/dags/read_proyectos.py
[2023-07-26 16:39:23,874] {processor.py:641} INFO - Processing file /opt/airflow/dags/read_proyectos.py for tasks to queue
[2023-07-26 16:39:23,875] {logging_mixin.py:115} INFO - [2023-07-26 16:39:23,875] {dagbag.py:508} INFO - Filling up the DagBag from /opt/airflow/dags/read_proyectos.py
[2023-07-26 16:39:24,008] {processor.py:653} WARNING - No viable dags retrieved from /opt/airflow/dags/read_proyectos.py
[2023-07-26 16:39:24,023] {processor.py:161} INFO - Processing /opt/airflow/dags/read_proyectos.py took 0.152 seconds
[2023-07-26 16:39:54,853] {processor.py:153} INFO - Started process (PID=764) to work on /opt/airflow/dags/read_proyectos.py
[2023-07-26 16:39:54,854] {processor.py:641} INFO - Processing file /opt/airflow/dags/read_proyectos.py for tasks to queue
[2023-07-26 16:39:54,855] {logging_mixin.py:115} INFO - [2023-07-26 16:39:54,855] {dagbag.py:508} INFO - Filling up the DagBag from /opt/airflow/dags/read_proyectos.py
[2023-07-26 16:39:55,068] {processor.py:653} WARNING - No viable dags retrieved from /opt/airflow/dags/read_proyectos.py
[2023-07-26 16:39:55,105] {processor.py:161} INFO - Processing /opt/airflow/dags/read_proyectos.py took 0.257 seconds
[2023-07-26 16:40:25,759] {processor.py:153} INFO - Started process (PID=811) to work on /opt/airflow/dags/read_proyectos.py
[2023-07-26 16:40:25,760] {processor.py:641} INFO - Processing file /opt/airflow/dags/read_proyectos.py for tasks to queue
[2023-07-26 16:40:25,761] {logging_mixin.py:115} INFO - [2023-07-26 16:40:25,761] {dagbag.py:508} INFO - Filling up the DagBag from /opt/airflow/dags/read_proyectos.py
[2023-07-26 16:40:25,894] {processor.py:653} WARNING - No viable dags retrieved from /opt/airflow/dags/read_proyectos.py
[2023-07-26 16:40:25,912] {processor.py:161} INFO - Processing /opt/airflow/dags/read_proyectos.py took 0.156 seconds
[2023-07-26 16:40:56,253] {processor.py:153} INFO - Started process (PID=866) to work on /opt/airflow/dags/read_proyectos.py
[2023-07-26 16:40:56,254] {processor.py:641} INFO - Processing file /opt/airflow/dags/read_proyectos.py for tasks to queue
[2023-07-26 16:40:56,255] {logging_mixin.py:115} INFO - [2023-07-26 16:40:56,255] {dagbag.py:508} INFO - Filling up the DagBag from /opt/airflow/dags/read_proyectos.py
[2023-07-26 16:40:56,410] {processor.py:653} WARNING - No viable dags retrieved from /opt/airflow/dags/read_proyectos.py
[2023-07-26 16:40:56,425] {processor.py:161} INFO - Processing /opt/airflow/dags/read_proyectos.py took 0.174 seconds
[2023-07-26 16:41:26,778] {processor.py:153} INFO - Started process (PID=921) to work on /opt/airflow/dags/read_proyectos.py
[2023-07-26 16:41:26,780] {processor.py:641} INFO - Processing file /opt/airflow/dags/read_proyectos.py for tasks to queue
[2023-07-26 16:41:26,781] {logging_mixin.py:115} INFO - [2023-07-26 16:41:26,781] {dagbag.py:508} INFO - Filling up the DagBag from /opt/airflow/dags/read_proyectos.py
[2023-07-26 16:41:26,960] {processor.py:653} WARNING - No viable dags retrieved from /opt/airflow/dags/read_proyectos.py
[2023-07-26 16:41:26,987] {processor.py:161} INFO - Processing /opt/airflow/dags/read_proyectos.py took 0.212 seconds
[2023-07-26 16:41:57,842] {processor.py:153} INFO - Started process (PID=976) to work on /opt/airflow/dags/read_proyectos.py
[2023-07-26 16:41:57,843] {processor.py:641} INFO - Processing file /opt/airflow/dags/read_proyectos.py for tasks to queue
[2023-07-26 16:41:57,844] {logging_mixin.py:115} INFO - [2023-07-26 16:41:57,844] {dagbag.py:508} INFO - Filling up the DagBag from /opt/airflow/dags/read_proyectos.py
[2023-07-26 16:41:57,984] {processor.py:653} WARNING - No viable dags retrieved from /opt/airflow/dags/read_proyectos.py
[2023-07-26 16:41:57,999] {processor.py:161} INFO - Processing /opt/airflow/dags/read_proyectos.py took 0.160 seconds
[2023-07-26 16:42:28,598] {processor.py:153} INFO - Started process (PID=1025) to work on /opt/airflow/dags/read_proyectos.py
[2023-07-26 16:42:28,601] {processor.py:641} INFO - Processing file /opt/airflow/dags/read_proyectos.py for tasks to queue
[2023-07-26 16:42:28,602] {logging_mixin.py:115} INFO - [2023-07-26 16:42:28,602] {dagbag.py:508} INFO - Filling up the DagBag from /opt/airflow/dags/read_proyectos.py
[2023-07-26 16:42:28,813] {processor.py:653} WARNING - No viable dags retrieved from /opt/airflow/dags/read_proyectos.py
[2023-07-26 16:42:28,835] {processor.py:161} INFO - Processing /opt/airflow/dags/read_proyectos.py took 0.241 seconds
