[2023-09-02 18:03:35,548] {processor.py:153} INFO - Started process (PID=43) to work on /opt/airflow/dags/prepare_contratos_operator.py
[2023-09-02 18:03:35,549] {processor.py:641} INFO - Processing file /opt/airflow/dags/prepare_contratos_operator.py for tasks to queue
[2023-09-02 18:03:35,551] {logging_mixin.py:115} INFO - [2023-09-02 18:03:35,551] {dagbag.py:508} INFO - Filling up the DagBag from /opt/airflow/dags/prepare_contratos_operator.py
[2023-09-02 18:03:35,563] {logging_mixin.py:115} INFO - [2023-09-02 18:03:35,563] {log_util.py:40} INFO - Module loaded.
[2023-09-02 18:03:36,069] {logging_mixin.py:115} INFO - [2023-09-02 18:03:36,068] {log_util.py:40} INFO - Module loaded.
[2023-09-02 18:03:36,072] {logging_mixin.py:115} INFO - [2023-09-02 18:03:36,071] {log_util.py:40} INFO - Module loaded.
[2023-09-02 18:03:36,074] {logging_mixin.py:115} INFO - [2023-09-02 18:03:36,073] {log_util.py:40} INFO - Module loaded.
[2023-09-02 18:03:36,077] {logging_mixin.py:115} INFO - [2023-09-02 18:03:36,076] {log_util.py:40} INFO - Module loaded.
[2023-09-02 18:03:36,078] {processor.py:653} WARNING - No viable dags retrieved from /opt/airflow/dags/prepare_contratos_operator.py
[2023-09-02 18:03:36,093] {processor.py:161} INFO - Processing /opt/airflow/dags/prepare_contratos_operator.py took 0.547 seconds
[2023-09-02 18:04:06,864] {processor.py:153} INFO - Started process (PID=101) to work on /opt/airflow/dags/prepare_contratos_operator.py
[2023-09-02 18:04:06,865] {processor.py:641} INFO - Processing file /opt/airflow/dags/prepare_contratos_operator.py for tasks to queue
[2023-09-02 18:04:06,866] {logging_mixin.py:115} INFO - [2023-09-02 18:04:06,866] {dagbag.py:508} INFO - Filling up the DagBag from /opt/airflow/dags/prepare_contratos_operator.py
[2023-09-02 18:04:06,877] {logging_mixin.py:115} INFO - [2023-09-02 18:04:06,877] {log_util.py:40} INFO - Module loaded.
[2023-09-02 18:04:07,231] {logging_mixin.py:115} INFO - [2023-09-02 18:04:07,231] {log_util.py:40} INFO - Module loaded.
[2023-09-02 18:04:07,234] {logging_mixin.py:115} INFO - [2023-09-02 18:04:07,233] {log_util.py:40} INFO - Module loaded.
[2023-09-02 18:04:07,239] {logging_mixin.py:115} INFO - [2023-09-02 18:04:07,238] {log_util.py:40} INFO - Module loaded.
[2023-09-02 18:04:07,241] {logging_mixin.py:115} INFO - [2023-09-02 18:04:07,241] {log_util.py:40} INFO - Module loaded.
[2023-09-02 18:04:07,242] {processor.py:653} WARNING - No viable dags retrieved from /opt/airflow/dags/prepare_contratos_operator.py
[2023-09-02 18:04:07,259] {processor.py:161} INFO - Processing /opt/airflow/dags/prepare_contratos_operator.py took 0.401 seconds
[2023-09-02 18:04:37,413] {processor.py:153} INFO - Started process (PID=160) to work on /opt/airflow/dags/prepare_contratos_operator.py
[2023-09-02 18:04:37,415] {processor.py:641} INFO - Processing file /opt/airflow/dags/prepare_contratos_operator.py for tasks to queue
[2023-09-02 18:04:37,416] {logging_mixin.py:115} INFO - [2023-09-02 18:04:37,416] {dagbag.py:508} INFO - Filling up the DagBag from /opt/airflow/dags/prepare_contratos_operator.py
[2023-09-02 18:04:37,427] {logging_mixin.py:115} INFO - [2023-09-02 18:04:37,426] {log_util.py:40} INFO - Module loaded.
[2023-09-02 18:04:37,703] {logging_mixin.py:115} INFO - [2023-09-02 18:04:37,702] {log_util.py:40} INFO - Module loaded.
[2023-09-02 18:04:37,705] {logging_mixin.py:115} INFO - [2023-09-02 18:04:37,705] {log_util.py:40} INFO - Module loaded.
[2023-09-02 18:04:37,707] {logging_mixin.py:115} INFO - [2023-09-02 18:04:37,707] {log_util.py:40} INFO - Module loaded.
[2023-09-02 18:04:37,710] {logging_mixin.py:115} INFO - [2023-09-02 18:04:37,709] {log_util.py:40} INFO - Module loaded.
[2023-09-02 18:04:37,711] {processor.py:653} WARNING - No viable dags retrieved from /opt/airflow/dags/prepare_contratos_operator.py
[2023-09-02 18:04:37,723] {processor.py:161} INFO - Processing /opt/airflow/dags/prepare_contratos_operator.py took 0.315 seconds
[2023-09-02 18:05:07,917] {processor.py:153} INFO - Started process (PID=219) to work on /opt/airflow/dags/prepare_contratos_operator.py
[2023-09-02 18:05:07,918] {processor.py:641} INFO - Processing file /opt/airflow/dags/prepare_contratos_operator.py for tasks to queue
[2023-09-02 18:05:07,919] {logging_mixin.py:115} INFO - [2023-09-02 18:05:07,919] {dagbag.py:508} INFO - Filling up the DagBag from /opt/airflow/dags/prepare_contratos_operator.py
[2023-09-02 18:05:07,928] {logging_mixin.py:115} INFO - [2023-09-02 18:05:07,928] {log_util.py:40} INFO - Module loaded.
[2023-09-02 18:05:08,230] {logging_mixin.py:115} INFO - [2023-09-02 18:05:08,230] {log_util.py:40} INFO - Module loaded.
[2023-09-02 18:05:08,233] {logging_mixin.py:115} INFO - [2023-09-02 18:05:08,233] {log_util.py:40} INFO - Module loaded.
[2023-09-02 18:05:08,236] {logging_mixin.py:115} INFO - [2023-09-02 18:05:08,235] {log_util.py:40} INFO - Module loaded.
[2023-09-02 18:05:08,239] {logging_mixin.py:115} INFO - [2023-09-02 18:05:08,238] {log_util.py:40} INFO - Module loaded.
[2023-09-02 18:05:08,240] {processor.py:653} WARNING - No viable dags retrieved from /opt/airflow/dags/prepare_contratos_operator.py
[2023-09-02 18:05:08,253] {processor.py:161} INFO - Processing /opt/airflow/dags/prepare_contratos_operator.py took 0.340 seconds
[2023-09-02 18:05:38,532] {processor.py:153} INFO - Started process (PID=278) to work on /opt/airflow/dags/prepare_contratos_operator.py
[2023-09-02 18:05:38,551] {processor.py:641} INFO - Processing file /opt/airflow/dags/prepare_contratos_operator.py for tasks to queue
[2023-09-02 18:05:38,580] {logging_mixin.py:115} INFO - [2023-09-02 18:05:38,579] {dagbag.py:508} INFO - Filling up the DagBag from /opt/airflow/dags/prepare_contratos_operator.py
[2023-09-02 18:05:38,613] {logging_mixin.py:115} INFO - [2023-09-02 18:05:38,606] {log_util.py:40} INFO - Module loaded.
[2023-09-02 18:05:38,945] {logging_mixin.py:115} INFO - [2023-09-02 18:05:38,944] {log_util.py:40} INFO - Module loaded.
[2023-09-02 18:05:38,948] {logging_mixin.py:115} INFO - [2023-09-02 18:05:38,948] {log_util.py:40} INFO - Module loaded.
[2023-09-02 18:05:38,951] {logging_mixin.py:115} INFO - [2023-09-02 18:05:38,950] {log_util.py:40} INFO - Module loaded.
[2023-09-02 18:05:38,953] {logging_mixin.py:115} INFO - [2023-09-02 18:05:38,953] {log_util.py:40} INFO - Module loaded.
[2023-09-02 18:05:38,954] {processor.py:653} WARNING - No viable dags retrieved from /opt/airflow/dags/prepare_contratos_operator.py
[2023-09-02 18:05:38,970] {processor.py:161} INFO - Processing /opt/airflow/dags/prepare_contratos_operator.py took 0.446 seconds
[2023-09-02 18:06:09,191] {processor.py:153} INFO - Started process (PID=330) to work on /opt/airflow/dags/prepare_contratos_operator.py
[2023-09-02 18:06:09,193] {processor.py:641} INFO - Processing file /opt/airflow/dags/prepare_contratos_operator.py for tasks to queue
[2023-09-02 18:06:09,194] {logging_mixin.py:115} INFO - [2023-09-02 18:06:09,194] {dagbag.py:508} INFO - Filling up the DagBag from /opt/airflow/dags/prepare_contratos_operator.py
[2023-09-02 18:06:09,206] {logging_mixin.py:115} INFO - [2023-09-02 18:06:09,205] {log_util.py:40} INFO - Module loaded.
[2023-09-02 18:06:09,534] {logging_mixin.py:115} INFO - [2023-09-02 18:06:09,533] {log_util.py:40} INFO - Module loaded.
[2023-09-02 18:06:09,538] {logging_mixin.py:115} INFO - [2023-09-02 18:06:09,538] {log_util.py:40} INFO - Module loaded.
[2023-09-02 18:06:09,544] {logging_mixin.py:115} INFO - [2023-09-02 18:06:09,542] {log_util.py:40} INFO - Module loaded.
[2023-09-02 18:06:09,549] {logging_mixin.py:115} INFO - [2023-09-02 18:06:09,548] {log_util.py:40} INFO - Module loaded.
[2023-09-02 18:06:09,550] {processor.py:653} WARNING - No viable dags retrieved from /opt/airflow/dags/prepare_contratos_operator.py
[2023-09-02 18:06:09,567] {processor.py:161} INFO - Processing /opt/airflow/dags/prepare_contratos_operator.py took 0.379 seconds
[2023-09-02 18:06:39,677] {processor.py:153} INFO - Started process (PID=389) to work on /opt/airflow/dags/prepare_contratos_operator.py
[2023-09-02 18:06:39,689] {processor.py:641} INFO - Processing file /opt/airflow/dags/prepare_contratos_operator.py for tasks to queue
[2023-09-02 18:06:39,696] {logging_mixin.py:115} INFO - [2023-09-02 18:06:39,696] {dagbag.py:508} INFO - Filling up the DagBag from /opt/airflow/dags/prepare_contratos_operator.py
[2023-09-02 18:06:39,720] {logging_mixin.py:115} INFO - [2023-09-02 18:06:39,719] {log_util.py:40} INFO - Module loaded.
[2023-09-02 18:06:40,230] {logging_mixin.py:115} INFO - [2023-09-02 18:06:40,230] {log_util.py:40} INFO - Module loaded.
[2023-09-02 18:06:40,233] {logging_mixin.py:115} INFO - [2023-09-02 18:06:40,233] {log_util.py:40} INFO - Module loaded.
[2023-09-02 18:06:40,236] {logging_mixin.py:115} INFO - [2023-09-02 18:06:40,235] {log_util.py:40} INFO - Module loaded.
[2023-09-02 18:06:40,238] {logging_mixin.py:115} INFO - [2023-09-02 18:06:40,237] {log_util.py:40} INFO - Module loaded.
[2023-09-02 18:06:40,239] {processor.py:653} WARNING - No viable dags retrieved from /opt/airflow/dags/prepare_contratos_operator.py
[2023-09-02 18:06:40,253] {processor.py:161} INFO - Processing /opt/airflow/dags/prepare_contratos_operator.py took 0.584 seconds
[2023-09-02 18:07:10,576] {processor.py:153} INFO - Started process (PID=449) to work on /opt/airflow/dags/prepare_contratos_operator.py
[2023-09-02 18:07:10,577] {processor.py:641} INFO - Processing file /opt/airflow/dags/prepare_contratos_operator.py for tasks to queue
[2023-09-02 18:07:10,579] {logging_mixin.py:115} INFO - [2023-09-02 18:07:10,579] {dagbag.py:508} INFO - Filling up the DagBag from /opt/airflow/dags/prepare_contratos_operator.py
[2023-09-02 18:07:10,591] {logging_mixin.py:115} INFO - [2023-09-02 18:07:10,589] {log_util.py:40} INFO - Module loaded.
[2023-09-02 18:07:10,997] {logging_mixin.py:115} INFO - [2023-09-02 18:07:10,996] {log_util.py:40} INFO - Module loaded.
[2023-09-02 18:07:11,000] {logging_mixin.py:115} INFO - [2023-09-02 18:07:10,999] {log_util.py:40} INFO - Module loaded.
[2023-09-02 18:07:11,003] {logging_mixin.py:115} INFO - [2023-09-02 18:07:11,002] {log_util.py:40} INFO - Module loaded.
[2023-09-02 18:07:11,005] {logging_mixin.py:115} INFO - [2023-09-02 18:07:11,005] {log_util.py:40} INFO - Module loaded.
[2023-09-02 18:07:11,007] {processor.py:653} WARNING - No viable dags retrieved from /opt/airflow/dags/prepare_contratos_operator.py
[2023-09-02 18:07:11,022] {processor.py:161} INFO - Processing /opt/airflow/dags/prepare_contratos_operator.py took 0.451 seconds
[2023-09-02 18:07:41,402] {processor.py:153} INFO - Started process (PID=508) to work on /opt/airflow/dags/prepare_contratos_operator.py
[2023-09-02 18:07:41,403] {processor.py:641} INFO - Processing file /opt/airflow/dags/prepare_contratos_operator.py for tasks to queue
[2023-09-02 18:07:41,404] {logging_mixin.py:115} INFO - [2023-09-02 18:07:41,404] {dagbag.py:508} INFO - Filling up the DagBag from /opt/airflow/dags/prepare_contratos_operator.py
[2023-09-02 18:07:41,417] {logging_mixin.py:115} INFO - [2023-09-02 18:07:41,415] {log_util.py:40} INFO - Module loaded.
[2023-09-02 18:07:42,002] {logging_mixin.py:115} INFO - [2023-09-02 18:07:42,001] {log_util.py:40} INFO - Module loaded.
[2023-09-02 18:07:42,005] {logging_mixin.py:115} INFO - [2023-09-02 18:07:42,004] {log_util.py:40} INFO - Module loaded.
[2023-09-02 18:07:42,007] {logging_mixin.py:115} INFO - [2023-09-02 18:07:42,007] {log_util.py:40} INFO - Module loaded.
[2023-09-02 18:07:42,011] {logging_mixin.py:115} INFO - [2023-09-02 18:07:42,010] {log_util.py:40} INFO - Module loaded.
[2023-09-02 18:07:42,012] {processor.py:653} WARNING - No viable dags retrieved from /opt/airflow/dags/prepare_contratos_operator.py
[2023-09-02 18:07:42,030] {processor.py:161} INFO - Processing /opt/airflow/dags/prepare_contratos_operator.py took 0.633 seconds
[2023-09-02 18:08:12,277] {processor.py:153} INFO - Started process (PID=567) to work on /opt/airflow/dags/prepare_contratos_operator.py
[2023-09-02 18:08:12,278] {processor.py:641} INFO - Processing file /opt/airflow/dags/prepare_contratos_operator.py for tasks to queue
[2023-09-02 18:08:12,279] {logging_mixin.py:115} INFO - [2023-09-02 18:08:12,279] {dagbag.py:508} INFO - Filling up the DagBag from /opt/airflow/dags/prepare_contratos_operator.py
[2023-09-02 18:08:12,293] {logging_mixin.py:115} INFO - [2023-09-02 18:08:12,292] {log_util.py:40} INFO - Module loaded.
[2023-09-02 18:08:12,848] {logging_mixin.py:115} INFO - [2023-09-02 18:08:12,847] {log_util.py:40} INFO - Module loaded.
[2023-09-02 18:08:12,852] {logging_mixin.py:115} INFO - [2023-09-02 18:08:12,851] {log_util.py:40} INFO - Module loaded.
[2023-09-02 18:08:12,856] {logging_mixin.py:115} INFO - [2023-09-02 18:08:12,855] {log_util.py:40} INFO - Module loaded.
[2023-09-02 18:08:12,863] {logging_mixin.py:115} INFO - [2023-09-02 18:08:12,861] {log_util.py:40} INFO - Module loaded.
[2023-09-02 18:08:12,864] {processor.py:653} WARNING - No viable dags retrieved from /opt/airflow/dags/prepare_contratos_operator.py
[2023-09-02 18:08:12,882] {processor.py:161} INFO - Processing /opt/airflow/dags/prepare_contratos_operator.py took 0.611 seconds
[2023-09-02 18:08:43,010] {processor.py:153} INFO - Started process (PID=625) to work on /opt/airflow/dags/prepare_contratos_operator.py
[2023-09-02 18:08:43,012] {processor.py:641} INFO - Processing file /opt/airflow/dags/prepare_contratos_operator.py for tasks to queue
[2023-09-02 18:08:43,013] {logging_mixin.py:115} INFO - [2023-09-02 18:08:43,013] {dagbag.py:508} INFO - Filling up the DagBag from /opt/airflow/dags/prepare_contratos_operator.py
[2023-09-02 18:08:43,024] {logging_mixin.py:115} INFO - [2023-09-02 18:08:43,023] {log_util.py:40} INFO - Module loaded.
[2023-09-02 18:08:43,456] {logging_mixin.py:115} INFO - [2023-09-02 18:08:43,456] {log_util.py:40} INFO - Module loaded.
[2023-09-02 18:08:43,459] {logging_mixin.py:115} INFO - [2023-09-02 18:08:43,458] {log_util.py:40} INFO - Module loaded.
[2023-09-02 18:08:43,461] {logging_mixin.py:115} INFO - [2023-09-02 18:08:43,461] {log_util.py:40} INFO - Module loaded.
[2023-09-02 18:08:43,464] {logging_mixin.py:115} INFO - [2023-09-02 18:08:43,464] {log_util.py:40} INFO - Module loaded.
[2023-09-02 18:08:43,465] {processor.py:653} WARNING - No viable dags retrieved from /opt/airflow/dags/prepare_contratos_operator.py
[2023-09-02 18:08:43,481] {processor.py:161} INFO - Processing /opt/airflow/dags/prepare_contratos_operator.py took 0.482 seconds
[2023-09-02 18:09:13,579] {processor.py:153} INFO - Started process (PID=675) to work on /opt/airflow/dags/prepare_contratos_operator.py
[2023-09-02 18:09:13,582] {processor.py:641} INFO - Processing file /opt/airflow/dags/prepare_contratos_operator.py for tasks to queue
[2023-09-02 18:09:13,583] {logging_mixin.py:115} INFO - [2023-09-02 18:09:13,582] {dagbag.py:508} INFO - Filling up the DagBag from /opt/airflow/dags/prepare_contratos_operator.py
[2023-09-02 18:09:13,591] {logging_mixin.py:115} INFO - [2023-09-02 18:09:13,590] {log_util.py:40} INFO - Module loaded.
[2023-09-02 18:09:13,797] {logging_mixin.py:115} INFO - [2023-09-02 18:09:13,796] {log_util.py:40} INFO - Module loaded.
[2023-09-02 18:09:13,800] {logging_mixin.py:115} INFO - [2023-09-02 18:09:13,799] {log_util.py:40} INFO - Module loaded.
[2023-09-02 18:09:13,802] {logging_mixin.py:115} INFO - [2023-09-02 18:09:13,802] {log_util.py:40} INFO - Module loaded.
[2023-09-02 18:09:13,805] {logging_mixin.py:115} INFO - [2023-09-02 18:09:13,804] {log_util.py:40} INFO - Module loaded.
[2023-09-02 18:09:13,806] {processor.py:653} WARNING - No viable dags retrieved from /opt/airflow/dags/prepare_contratos_operator.py
[2023-09-02 18:09:13,816] {processor.py:161} INFO - Processing /opt/airflow/dags/prepare_contratos_operator.py took 0.241 seconds
[2023-09-02 18:09:44,568] {processor.py:153} INFO - Started process (PID=733) to work on /opt/airflow/dags/prepare_contratos_operator.py
[2023-09-02 18:09:44,571] {processor.py:641} INFO - Processing file /opt/airflow/dags/prepare_contratos_operator.py for tasks to queue
[2023-09-02 18:09:44,573] {logging_mixin.py:115} INFO - [2023-09-02 18:09:44,573] {dagbag.py:508} INFO - Filling up the DagBag from /opt/airflow/dags/prepare_contratos_operator.py
[2023-09-02 18:09:44,594] {logging_mixin.py:115} INFO - [2023-09-02 18:09:44,593] {log_util.py:40} INFO - Module loaded.
[2023-09-02 18:09:45,035] {logging_mixin.py:115} INFO - [2023-09-02 18:09:45,034] {log_util.py:40} INFO - Module loaded.
[2023-09-02 18:09:45,038] {logging_mixin.py:115} INFO - [2023-09-02 18:09:45,037] {log_util.py:40} INFO - Module loaded.
[2023-09-02 18:09:45,040] {logging_mixin.py:115} INFO - [2023-09-02 18:09:45,039] {log_util.py:40} INFO - Module loaded.
[2023-09-02 18:09:45,043] {logging_mixin.py:115} INFO - [2023-09-02 18:09:45,042] {log_util.py:40} INFO - Module loaded.
[2023-09-02 18:09:45,044] {processor.py:653} WARNING - No viable dags retrieved from /opt/airflow/dags/prepare_contratos_operator.py
[2023-09-02 18:09:45,060] {processor.py:161} INFO - Processing /opt/airflow/dags/prepare_contratos_operator.py took 0.501 seconds
[2023-09-02 18:10:16,070] {processor.py:153} INFO - Started process (PID=793) to work on /opt/airflow/dags/prepare_contratos_operator.py
[2023-09-02 18:10:16,072] {processor.py:641} INFO - Processing file /opt/airflow/dags/prepare_contratos_operator.py for tasks to queue
[2023-09-02 18:10:16,073] {logging_mixin.py:115} INFO - [2023-09-02 18:10:16,073] {dagbag.py:508} INFO - Filling up the DagBag from /opt/airflow/dags/prepare_contratos_operator.py
[2023-09-02 18:10:16,080] {logging_mixin.py:115} INFO - [2023-09-02 18:10:16,079] {log_util.py:40} INFO - Module loaded.
[2023-09-02 18:10:16,294] {logging_mixin.py:115} INFO - [2023-09-02 18:10:16,294] {log_util.py:40} INFO - Module loaded.
[2023-09-02 18:10:16,297] {logging_mixin.py:115} INFO - [2023-09-02 18:10:16,296] {log_util.py:40} INFO - Module loaded.
[2023-09-02 18:10:16,300] {logging_mixin.py:115} INFO - [2023-09-02 18:10:16,299] {log_util.py:40} INFO - Module loaded.
[2023-09-02 18:10:16,302] {logging_mixin.py:115} INFO - [2023-09-02 18:10:16,302] {log_util.py:40} INFO - Module loaded.
[2023-09-02 18:10:16,303] {processor.py:653} WARNING - No viable dags retrieved from /opt/airflow/dags/prepare_contratos_operator.py
[2023-09-02 18:10:16,315] {processor.py:161} INFO - Processing /opt/airflow/dags/prepare_contratos_operator.py took 0.247 seconds
[2023-09-02 18:10:47,236] {processor.py:153} INFO - Started process (PID=852) to work on /opt/airflow/dags/prepare_contratos_operator.py
[2023-09-02 18:10:47,237] {processor.py:641} INFO - Processing file /opt/airflow/dags/prepare_contratos_operator.py for tasks to queue
[2023-09-02 18:10:47,239] {logging_mixin.py:115} INFO - [2023-09-02 18:10:47,239] {dagbag.py:508} INFO - Filling up the DagBag from /opt/airflow/dags/prepare_contratos_operator.py
[2023-09-02 18:10:47,250] {logging_mixin.py:115} INFO - [2023-09-02 18:10:47,249] {log_util.py:40} INFO - Module loaded.
[2023-09-02 18:10:47,764] {logging_mixin.py:115} INFO - [2023-09-02 18:10:47,762] {log_util.py:40} INFO - Module loaded.
[2023-09-02 18:10:47,768] {logging_mixin.py:115} INFO - [2023-09-02 18:10:47,767] {log_util.py:40} INFO - Module loaded.
[2023-09-02 18:10:47,770] {logging_mixin.py:115} INFO - [2023-09-02 18:10:47,770] {log_util.py:40} INFO - Module loaded.
[2023-09-02 18:10:47,776] {logging_mixin.py:115} INFO - [2023-09-02 18:10:47,775] {log_util.py:40} INFO - Module loaded.
[2023-09-02 18:10:47,778] {processor.py:653} WARNING - No viable dags retrieved from /opt/airflow/dags/prepare_contratos_operator.py
[2023-09-02 18:10:47,795] {processor.py:161} INFO - Processing /opt/airflow/dags/prepare_contratos_operator.py took 0.564 seconds
[2023-09-02 18:11:18,327] {processor.py:153} INFO - Started process (PID=911) to work on /opt/airflow/dags/prepare_contratos_operator.py
[2023-09-02 18:11:18,328] {processor.py:641} INFO - Processing file /opt/airflow/dags/prepare_contratos_operator.py for tasks to queue
[2023-09-02 18:11:18,329] {logging_mixin.py:115} INFO - [2023-09-02 18:11:18,329] {dagbag.py:508} INFO - Filling up the DagBag from /opt/airflow/dags/prepare_contratos_operator.py
[2023-09-02 18:11:18,338] {logging_mixin.py:115} INFO - [2023-09-02 18:11:18,337] {log_util.py:40} INFO - Module loaded.
[2023-09-02 18:11:18,709] {logging_mixin.py:115} INFO - [2023-09-02 18:11:18,709] {log_util.py:40} INFO - Module loaded.
[2023-09-02 18:11:18,713] {logging_mixin.py:115} INFO - [2023-09-02 18:11:18,712] {log_util.py:40} INFO - Module loaded.
[2023-09-02 18:11:18,716] {logging_mixin.py:115} INFO - [2023-09-02 18:11:18,715] {log_util.py:40} INFO - Module loaded.
[2023-09-02 18:11:18,717] {logging_mixin.py:115} INFO - [2023-09-02 18:11:18,717] {log_util.py:40} INFO - Module loaded.
[2023-09-02 18:11:18,719] {processor.py:653} WARNING - No viable dags retrieved from /opt/airflow/dags/prepare_contratos_operator.py
[2023-09-02 18:11:18,735] {processor.py:161} INFO - Processing /opt/airflow/dags/prepare_contratos_operator.py took 0.412 seconds
[2023-09-02 18:11:49,145] {processor.py:153} INFO - Started process (PID=960) to work on /opt/airflow/dags/prepare_contratos_operator.py
[2023-09-02 18:11:49,148] {processor.py:641} INFO - Processing file /opt/airflow/dags/prepare_contratos_operator.py for tasks to queue
[2023-09-02 18:11:49,149] {logging_mixin.py:115} INFO - [2023-09-02 18:11:49,149] {dagbag.py:508} INFO - Filling up the DagBag from /opt/airflow/dags/prepare_contratos_operator.py
[2023-09-02 18:11:49,162] {logging_mixin.py:115} INFO - [2023-09-02 18:11:49,162] {log_util.py:40} INFO - Module loaded.
[2023-09-02 18:11:49,621] {logging_mixin.py:115} INFO - [2023-09-02 18:11:49,619] {log_util.py:40} INFO - Module loaded.
[2023-09-02 18:11:49,624] {logging_mixin.py:115} INFO - [2023-09-02 18:11:49,624] {log_util.py:40} INFO - Module loaded.
[2023-09-02 18:11:49,627] {logging_mixin.py:115} INFO - [2023-09-02 18:11:49,626] {log_util.py:40} INFO - Module loaded.
[2023-09-02 18:11:49,630] {logging_mixin.py:115} INFO - [2023-09-02 18:11:49,629] {log_util.py:40} INFO - Module loaded.
[2023-09-02 18:11:49,631] {processor.py:653} WARNING - No viable dags retrieved from /opt/airflow/dags/prepare_contratos_operator.py
[2023-09-02 18:11:49,651] {processor.py:161} INFO - Processing /opt/airflow/dags/prepare_contratos_operator.py took 0.513 seconds
