[2023-09-02 18:03:35,546] {processor.py:153} INFO - Started process (PID=42) to work on /opt/airflow/dags/vic_investigacion_dag.py
[2023-09-02 18:03:35,547] {processor.py:641} INFO - Processing file /opt/airflow/dags/vic_investigacion_dag.py for tasks to queue
[2023-09-02 18:03:35,548] {logging_mixin.py:115} INFO - [2023-09-02 18:03:35,548] {dagbag.py:508} INFO - Filling up the DagBag from /opt/airflow/dags/vic_investigacion_dag.py
[2023-09-02 18:03:35,562] {logging_mixin.py:115} INFO - [2023-09-02 18:03:35,561] {log_util.py:40} INFO - Module loaded.
[2023-09-02 18:03:36,069] {logging_mixin.py:115} INFO - [2023-09-02 18:03:36,068] {log_util.py:40} INFO - Module loaded.
[2023-09-02 18:03:36,071] {logging_mixin.py:115} INFO - [2023-09-02 18:03:36,071] {log_util.py:40} INFO - Module loaded.
[2023-09-02 18:03:36,074] {logging_mixin.py:115} INFO - [2023-09-02 18:03:36,073] {log_util.py:40} INFO - Module loaded.
[2023-09-02 18:03:36,077] {logging_mixin.py:115} INFO - [2023-09-02 18:03:36,076] {log_util.py:40} INFO - Module loaded.
[2023-09-02 18:03:36,221] {processor.py:651} INFO - DAG(s) dict_keys(['vic_investigacion_ETL']) retrieved from /opt/airflow/dags/vic_investigacion_dag.py
[2023-09-02 18:03:36,284] {logging_mixin.py:115} INFO - [2023-09-02 18:03:36,284] {dag.py:2420} INFO - Sync 1 DAGs
[2023-09-02 18:03:36,301] {logging_mixin.py:115} INFO - [2023-09-02 18:03:36,301] {dag.py:2972} INFO - Setting next_dagrun for vic_investigacion_ETL to None, run_after=None
[2023-09-02 18:03:36,312] {processor.py:161} INFO - Processing /opt/airflow/dags/vic_investigacion_dag.py took 0.771 seconds
[2023-09-02 18:04:06,864] {processor.py:153} INFO - Started process (PID=100) to work on /opt/airflow/dags/vic_investigacion_dag.py
[2023-09-02 18:04:06,865] {processor.py:641} INFO - Processing file /opt/airflow/dags/vic_investigacion_dag.py for tasks to queue
[2023-09-02 18:04:06,866] {logging_mixin.py:115} INFO - [2023-09-02 18:04:06,866] {dagbag.py:508} INFO - Filling up the DagBag from /opt/airflow/dags/vic_investigacion_dag.py
[2023-09-02 18:04:06,879] {logging_mixin.py:115} INFO - [2023-09-02 18:04:06,878] {log_util.py:40} INFO - Module loaded.
[2023-09-02 18:04:07,232] {logging_mixin.py:115} INFO - [2023-09-02 18:04:07,231] {log_util.py:40} INFO - Module loaded.
[2023-09-02 18:04:07,237] {logging_mixin.py:115} INFO - [2023-09-02 18:04:07,235] {log_util.py:40} INFO - Module loaded.
[2023-09-02 18:04:07,240] {logging_mixin.py:115} INFO - [2023-09-02 18:04:07,239] {log_util.py:40} INFO - Module loaded.
[2023-09-02 18:04:07,242] {logging_mixin.py:115} INFO - [2023-09-02 18:04:07,242] {log_util.py:40} INFO - Module loaded.
[2023-09-02 18:04:07,338] {processor.py:651} INFO - DAG(s) dict_keys(['vic_investigacion_ETL']) retrieved from /opt/airflow/dags/vic_investigacion_dag.py
[2023-09-02 18:04:07,375] {logging_mixin.py:115} INFO - [2023-09-02 18:04:07,375] {dag.py:2420} INFO - Sync 1 DAGs
[2023-09-02 18:04:07,389] {logging_mixin.py:115} INFO - [2023-09-02 18:04:07,389] {dag.py:2972} INFO - Setting next_dagrun for vic_investigacion_ETL to None, run_after=None
[2023-09-02 18:04:07,397] {processor.py:161} INFO - Processing /opt/airflow/dags/vic_investigacion_dag.py took 0.539 seconds
[2023-09-02 18:04:37,583] {processor.py:153} INFO - Started process (PID=161) to work on /opt/airflow/dags/vic_investigacion_dag.py
[2023-09-02 18:04:37,584] {processor.py:641} INFO - Processing file /opt/airflow/dags/vic_investigacion_dag.py for tasks to queue
[2023-09-02 18:04:37,585] {logging_mixin.py:115} INFO - [2023-09-02 18:04:37,585] {dagbag.py:508} INFO - Filling up the DagBag from /opt/airflow/dags/vic_investigacion_dag.py
[2023-09-02 18:04:37,594] {logging_mixin.py:115} INFO - [2023-09-02 18:04:37,594] {log_util.py:40} INFO - Module loaded.
[2023-09-02 18:04:37,832] {logging_mixin.py:115} INFO - [2023-09-02 18:04:37,832] {log_util.py:40} INFO - Module loaded.
[2023-09-02 18:04:37,835] {logging_mixin.py:115} INFO - [2023-09-02 18:04:37,834] {log_util.py:40} INFO - Module loaded.
[2023-09-02 18:04:37,837] {logging_mixin.py:115} INFO - [2023-09-02 18:04:37,837] {log_util.py:40} INFO - Module loaded.
[2023-09-02 18:04:37,841] {logging_mixin.py:115} INFO - [2023-09-02 18:04:37,841] {log_util.py:40} INFO - Module loaded.
[2023-09-02 18:04:37,927] {processor.py:651} INFO - DAG(s) dict_keys(['vic_investigacion_ETL']) retrieved from /opt/airflow/dags/vic_investigacion_dag.py
[2023-09-02 18:04:38,023] {logging_mixin.py:115} INFO - [2023-09-02 18:04:38,022] {dag.py:2420} INFO - Sync 1 DAGs
[2023-09-02 18:04:38,044] {logging_mixin.py:115} INFO - [2023-09-02 18:04:38,044] {dag.py:2972} INFO - Setting next_dagrun for vic_investigacion_ETL to None, run_after=None
[2023-09-02 18:04:38,055] {processor.py:161} INFO - Processing /opt/airflow/dags/vic_investigacion_dag.py took 0.474 seconds
[2023-09-02 18:05:08,144] {processor.py:153} INFO - Started process (PID=221) to work on /opt/airflow/dags/vic_investigacion_dag.py
[2023-09-02 18:05:08,145] {processor.py:641} INFO - Processing file /opt/airflow/dags/vic_investigacion_dag.py for tasks to queue
[2023-09-02 18:05:08,146] {logging_mixin.py:115} INFO - [2023-09-02 18:05:08,146] {dagbag.py:508} INFO - Filling up the DagBag from /opt/airflow/dags/vic_investigacion_dag.py
[2023-09-02 18:05:08,155] {logging_mixin.py:115} INFO - [2023-09-02 18:05:08,154] {log_util.py:40} INFO - Module loaded.
[2023-09-02 18:05:08,402] {logging_mixin.py:115} INFO - [2023-09-02 18:05:08,402] {log_util.py:40} INFO - Module loaded.
[2023-09-02 18:05:08,405] {logging_mixin.py:115} INFO - [2023-09-02 18:05:08,404] {log_util.py:40} INFO - Module loaded.
[2023-09-02 18:05:08,407] {logging_mixin.py:115} INFO - [2023-09-02 18:05:08,407] {log_util.py:40} INFO - Module loaded.
[2023-09-02 18:05:08,410] {logging_mixin.py:115} INFO - [2023-09-02 18:05:08,409] {log_util.py:40} INFO - Module loaded.
[2023-09-02 18:05:08,501] {processor.py:651} INFO - DAG(s) dict_keys(['vic_investigacion_ETL']) retrieved from /opt/airflow/dags/vic_investigacion_dag.py
[2023-09-02 18:05:08,540] {logging_mixin.py:115} INFO - [2023-09-02 18:05:08,540] {dag.py:2420} INFO - Sync 1 DAGs
[2023-09-02 18:05:08,552] {logging_mixin.py:115} INFO - [2023-09-02 18:05:08,552] {dag.py:2972} INFO - Setting next_dagrun for vic_investigacion_ETL to None, run_after=None
[2023-09-02 18:05:08,560] {processor.py:161} INFO - Processing /opt/airflow/dags/vic_investigacion_dag.py took 0.419 seconds
[2023-09-02 18:05:38,629] {processor.py:153} INFO - Started process (PID=279) to work on /opt/airflow/dags/vic_investigacion_dag.py
[2023-09-02 18:05:38,630] {processor.py:641} INFO - Processing file /opt/airflow/dags/vic_investigacion_dag.py for tasks to queue
[2023-09-02 18:05:38,632] {logging_mixin.py:115} INFO - [2023-09-02 18:05:38,632] {dagbag.py:508} INFO - Filling up the DagBag from /opt/airflow/dags/vic_investigacion_dag.py
[2023-09-02 18:05:38,642] {logging_mixin.py:115} INFO - [2023-09-02 18:05:38,642] {log_util.py:40} INFO - Module loaded.
[2023-09-02 18:05:38,944] {logging_mixin.py:115} INFO - [2023-09-02 18:05:38,944] {log_util.py:40} INFO - Module loaded.
[2023-09-02 18:05:38,947] {logging_mixin.py:115} INFO - [2023-09-02 18:05:38,947] {log_util.py:40} INFO - Module loaded.
[2023-09-02 18:05:38,950] {logging_mixin.py:115} INFO - [2023-09-02 18:05:38,949] {log_util.py:40} INFO - Module loaded.
[2023-09-02 18:05:38,952] {logging_mixin.py:115} INFO - [2023-09-02 18:05:38,952] {log_util.py:40} INFO - Module loaded.
[2023-09-02 18:05:39,033] {processor.py:651} INFO - DAG(s) dict_keys(['vic_investigacion_ETL']) retrieved from /opt/airflow/dags/vic_investigacion_dag.py
[2023-09-02 18:05:39,074] {logging_mixin.py:115} INFO - [2023-09-02 18:05:39,074] {dag.py:2420} INFO - Sync 1 DAGs
[2023-09-02 18:05:39,087] {logging_mixin.py:115} INFO - [2023-09-02 18:05:39,087] {dag.py:2972} INFO - Setting next_dagrun for vic_investigacion_ETL to None, run_after=None
[2023-09-02 18:05:39,096] {processor.py:161} INFO - Processing /opt/airflow/dags/vic_investigacion_dag.py took 0.472 seconds
[2023-09-02 18:06:09,191] {processor.py:153} INFO - Started process (PID=329) to work on /opt/airflow/dags/vic_investigacion_dag.py
[2023-09-02 18:06:09,193] {processor.py:641} INFO - Processing file /opt/airflow/dags/vic_investigacion_dag.py for tasks to queue
[2023-09-02 18:06:09,194] {logging_mixin.py:115} INFO - [2023-09-02 18:06:09,194] {dagbag.py:508} INFO - Filling up the DagBag from /opt/airflow/dags/vic_investigacion_dag.py
[2023-09-02 18:06:09,207] {logging_mixin.py:115} INFO - [2023-09-02 18:06:09,205] {log_util.py:40} INFO - Module loaded.
[2023-09-02 18:06:09,534] {logging_mixin.py:115} INFO - [2023-09-02 18:06:09,533] {log_util.py:40} INFO - Module loaded.
[2023-09-02 18:06:09,537] {logging_mixin.py:115} INFO - [2023-09-02 18:06:09,536] {log_util.py:40} INFO - Module loaded.
[2023-09-02 18:06:09,541] {logging_mixin.py:115} INFO - [2023-09-02 18:06:09,540] {log_util.py:40} INFO - Module loaded.
[2023-09-02 18:06:09,547] {logging_mixin.py:115} INFO - [2023-09-02 18:06:09,545] {log_util.py:40} INFO - Module loaded.
[2023-09-02 18:06:09,638] {processor.py:651} INFO - DAG(s) dict_keys(['vic_investigacion_ETL']) retrieved from /opt/airflow/dags/vic_investigacion_dag.py
[2023-09-02 18:06:09,674] {logging_mixin.py:115} INFO - [2023-09-02 18:06:09,674] {dag.py:2420} INFO - Sync 1 DAGs
[2023-09-02 18:06:09,686] {logging_mixin.py:115} INFO - [2023-09-02 18:06:09,685] {dag.py:2972} INFO - Setting next_dagrun for vic_investigacion_ETL to None, run_after=None
[2023-09-02 18:06:09,696] {processor.py:161} INFO - Processing /opt/airflow/dags/vic_investigacion_dag.py took 0.511 seconds
[2023-09-02 18:06:39,872] {processor.py:153} INFO - Started process (PID=390) to work on /opt/airflow/dags/vic_investigacion_dag.py
[2023-09-02 18:06:39,874] {processor.py:641} INFO - Processing file /opt/airflow/dags/vic_investigacion_dag.py for tasks to queue
[2023-09-02 18:06:39,875] {logging_mixin.py:115} INFO - [2023-09-02 18:06:39,875] {dagbag.py:508} INFO - Filling up the DagBag from /opt/airflow/dags/vic_investigacion_dag.py
[2023-09-02 18:06:39,889] {logging_mixin.py:115} INFO - [2023-09-02 18:06:39,888] {log_util.py:40} INFO - Module loaded.
[2023-09-02 18:06:40,293] {logging_mixin.py:115} INFO - [2023-09-02 18:06:40,293] {log_util.py:40} INFO - Module loaded.
[2023-09-02 18:06:40,297] {logging_mixin.py:115} INFO - [2023-09-02 18:06:40,296] {log_util.py:40} INFO - Module loaded.
[2023-09-02 18:06:40,301] {logging_mixin.py:115} INFO - [2023-09-02 18:06:40,300] {log_util.py:40} INFO - Module loaded.
[2023-09-02 18:06:40,304] {logging_mixin.py:115} INFO - [2023-09-02 18:06:40,303] {log_util.py:40} INFO - Module loaded.
[2023-09-02 18:06:40,402] {processor.py:651} INFO - DAG(s) dict_keys(['vic_investigacion_ETL']) retrieved from /opt/airflow/dags/vic_investigacion_dag.py
[2023-09-02 18:06:40,445] {logging_mixin.py:115} INFO - [2023-09-02 18:06:40,444] {dag.py:2420} INFO - Sync 1 DAGs
[2023-09-02 18:06:40,458] {logging_mixin.py:115} INFO - [2023-09-02 18:06:40,458] {dag.py:2972} INFO - Setting next_dagrun for vic_investigacion_ETL to None, run_after=None
[2023-09-02 18:06:40,468] {processor.py:161} INFO - Processing /opt/airflow/dags/vic_investigacion_dag.py took 0.601 seconds
[2023-09-02 18:07:10,576] {processor.py:153} INFO - Started process (PID=448) to work on /opt/airflow/dags/vic_investigacion_dag.py
[2023-09-02 18:07:10,577] {processor.py:641} INFO - Processing file /opt/airflow/dags/vic_investigacion_dag.py for tasks to queue
[2023-09-02 18:07:10,579] {logging_mixin.py:115} INFO - [2023-09-02 18:07:10,579] {dagbag.py:508} INFO - Filling up the DagBag from /opt/airflow/dags/vic_investigacion_dag.py
[2023-09-02 18:07:10,590] {logging_mixin.py:115} INFO - [2023-09-02 18:07:10,590] {log_util.py:40} INFO - Module loaded.
[2023-09-02 18:07:10,998] {logging_mixin.py:115} INFO - [2023-09-02 18:07:10,996] {log_util.py:40} INFO - Module loaded.
[2023-09-02 18:07:11,001] {logging_mixin.py:115} INFO - [2023-09-02 18:07:11,000] {log_util.py:40} INFO - Module loaded.
[2023-09-02 18:07:11,004] {logging_mixin.py:115} INFO - [2023-09-02 18:07:11,004] {log_util.py:40} INFO - Module loaded.
[2023-09-02 18:07:11,007] {logging_mixin.py:115} INFO - [2023-09-02 18:07:11,006] {log_util.py:40} INFO - Module loaded.
[2023-09-02 18:07:11,102] {processor.py:651} INFO - DAG(s) dict_keys(['vic_investigacion_ETL']) retrieved from /opt/airflow/dags/vic_investigacion_dag.py
[2023-09-02 18:07:11,137] {logging_mixin.py:115} INFO - [2023-09-02 18:07:11,137] {dag.py:2420} INFO - Sync 1 DAGs
[2023-09-02 18:07:11,147] {logging_mixin.py:115} INFO - [2023-09-02 18:07:11,147] {dag.py:2972} INFO - Setting next_dagrun for vic_investigacion_ETL to None, run_after=None
[2023-09-02 18:07:11,156] {processor.py:161} INFO - Processing /opt/airflow/dags/vic_investigacion_dag.py took 0.585 seconds
[2023-09-02 18:07:41,402] {processor.py:153} INFO - Started process (PID=507) to work on /opt/airflow/dags/vic_investigacion_dag.py
[2023-09-02 18:07:41,403] {processor.py:641} INFO - Processing file /opt/airflow/dags/vic_investigacion_dag.py for tasks to queue
[2023-09-02 18:07:41,404] {logging_mixin.py:115} INFO - [2023-09-02 18:07:41,404] {dagbag.py:508} INFO - Filling up the DagBag from /opt/airflow/dags/vic_investigacion_dag.py
[2023-09-02 18:07:41,416] {logging_mixin.py:115} INFO - [2023-09-02 18:07:41,415] {log_util.py:40} INFO - Module loaded.
[2023-09-02 18:07:42,002] {logging_mixin.py:115} INFO - [2023-09-02 18:07:42,001] {log_util.py:40} INFO - Module loaded.
[2023-09-02 18:07:42,005] {logging_mixin.py:115} INFO - [2023-09-02 18:07:42,004] {log_util.py:40} INFO - Module loaded.
[2023-09-02 18:07:42,007] {logging_mixin.py:115} INFO - [2023-09-02 18:07:42,006] {log_util.py:40} INFO - Module loaded.
[2023-09-02 18:07:42,010] {logging_mixin.py:115} INFO - [2023-09-02 18:07:42,009] {log_util.py:40} INFO - Module loaded.
[2023-09-02 18:07:42,112] {processor.py:651} INFO - DAG(s) dict_keys(['vic_investigacion_ETL']) retrieved from /opt/airflow/dags/vic_investigacion_dag.py
[2023-09-02 18:07:42,149] {logging_mixin.py:115} INFO - [2023-09-02 18:07:42,148] {dag.py:2420} INFO - Sync 1 DAGs
[2023-09-02 18:07:42,161] {logging_mixin.py:115} INFO - [2023-09-02 18:07:42,161] {dag.py:2972} INFO - Setting next_dagrun for vic_investigacion_ETL to None, run_after=None
[2023-09-02 18:07:42,168] {processor.py:161} INFO - Processing /opt/airflow/dags/vic_investigacion_dag.py took 0.772 seconds
[2023-09-02 18:08:12,277] {processor.py:153} INFO - Started process (PID=566) to work on /opt/airflow/dags/vic_investigacion_dag.py
[2023-09-02 18:08:12,278] {processor.py:641} INFO - Processing file /opt/airflow/dags/vic_investigacion_dag.py for tasks to queue
[2023-09-02 18:08:12,279] {logging_mixin.py:115} INFO - [2023-09-02 18:08:12,279] {dagbag.py:508} INFO - Filling up the DagBag from /opt/airflow/dags/vic_investigacion_dag.py
[2023-09-02 18:08:12,294] {logging_mixin.py:115} INFO - [2023-09-02 18:08:12,292] {log_util.py:40} INFO - Module loaded.
[2023-09-02 18:08:12,849] {logging_mixin.py:115} INFO - [2023-09-02 18:08:12,848] {log_util.py:40} INFO - Module loaded.
[2023-09-02 18:08:12,854] {logging_mixin.py:115} INFO - [2023-09-02 18:08:12,853] {log_util.py:40} INFO - Module loaded.
[2023-09-02 18:08:12,858] {logging_mixin.py:115} INFO - [2023-09-02 18:08:12,857] {log_util.py:40} INFO - Module loaded.
[2023-09-02 18:08:12,866] {logging_mixin.py:115} INFO - [2023-09-02 18:08:12,865] {log_util.py:40} INFO - Module loaded.
[2023-09-02 18:08:12,983] {processor.py:651} INFO - DAG(s) dict_keys(['vic_investigacion_ETL']) retrieved from /opt/airflow/dags/vic_investigacion_dag.py
[2023-09-02 18:08:13,028] {logging_mixin.py:115} INFO - [2023-09-02 18:08:13,027] {dag.py:2420} INFO - Sync 1 DAGs
[2023-09-02 18:08:13,042] {logging_mixin.py:115} INFO - [2023-09-02 18:08:13,042] {dag.py:2972} INFO - Setting next_dagrun for vic_investigacion_ETL to None, run_after=None
[2023-09-02 18:08:13,054] {processor.py:161} INFO - Processing /opt/airflow/dags/vic_investigacion_dag.py took 0.783 seconds
[2023-09-02 18:08:43,532] {processor.py:153} INFO - Started process (PID=627) to work on /opt/airflow/dags/vic_investigacion_dag.py
[2023-09-02 18:08:43,533] {processor.py:641} INFO - Processing file /opt/airflow/dags/vic_investigacion_dag.py for tasks to queue
[2023-09-02 18:08:43,534] {logging_mixin.py:115} INFO - [2023-09-02 18:08:43,534] {dagbag.py:508} INFO - Filling up the DagBag from /opt/airflow/dags/vic_investigacion_dag.py
[2023-09-02 18:08:43,547] {logging_mixin.py:115} INFO - [2023-09-02 18:08:43,546] {log_util.py:40} INFO - Module loaded.
[2023-09-02 18:08:43,905] {logging_mixin.py:115} INFO - [2023-09-02 18:08:43,905] {log_util.py:40} INFO - Module loaded.
[2023-09-02 18:08:43,908] {logging_mixin.py:115} INFO - [2023-09-02 18:08:43,908] {log_util.py:40} INFO - Module loaded.
[2023-09-02 18:08:43,911] {logging_mixin.py:115} INFO - [2023-09-02 18:08:43,910] {log_util.py:40} INFO - Module loaded.
[2023-09-02 18:08:43,914] {logging_mixin.py:115} INFO - [2023-09-02 18:08:43,913] {log_util.py:40} INFO - Module loaded.
[2023-09-02 18:08:43,987] {processor.py:651} INFO - DAG(s) dict_keys(['vic_investigacion_ETL']) retrieved from /opt/airflow/dags/vic_investigacion_dag.py
[2023-09-02 18:08:44,023] {logging_mixin.py:115} INFO - [2023-09-02 18:08:44,023] {dag.py:2420} INFO - Sync 1 DAGs
[2023-09-02 18:08:44,033] {logging_mixin.py:115} INFO - [2023-09-02 18:08:44,033] {dag.py:2972} INFO - Setting next_dagrun for vic_investigacion_ETL to None, run_after=None
[2023-09-02 18:08:44,041] {processor.py:161} INFO - Processing /opt/airflow/dags/vic_investigacion_dag.py took 0.512 seconds
[2023-09-02 18:09:14,596] {processor.py:153} INFO - Started process (PID=677) to work on /opt/airflow/dags/vic_investigacion_dag.py
[2023-09-02 18:09:14,598] {processor.py:641} INFO - Processing file /opt/airflow/dags/vic_investigacion_dag.py for tasks to queue
[2023-09-02 18:09:14,599] {logging_mixin.py:115} INFO - [2023-09-02 18:09:14,599] {dagbag.py:508} INFO - Filling up the DagBag from /opt/airflow/dags/vic_investigacion_dag.py
[2023-09-02 18:09:14,608] {logging_mixin.py:115} INFO - [2023-09-02 18:09:14,608] {log_util.py:40} INFO - Module loaded.
[2023-09-02 18:09:14,823] {logging_mixin.py:115} INFO - [2023-09-02 18:09:14,823] {log_util.py:40} INFO - Module loaded.
[2023-09-02 18:09:14,826] {logging_mixin.py:115} INFO - [2023-09-02 18:09:14,826] {log_util.py:40} INFO - Module loaded.
[2023-09-02 18:09:14,829] {logging_mixin.py:115} INFO - [2023-09-02 18:09:14,829] {log_util.py:40} INFO - Module loaded.
[2023-09-02 18:09:14,832] {logging_mixin.py:115} INFO - [2023-09-02 18:09:14,831] {log_util.py:40} INFO - Module loaded.
[2023-09-02 18:09:14,920] {processor.py:651} INFO - DAG(s) dict_keys(['vic_investigacion_ETL']) retrieved from /opt/airflow/dags/vic_investigacion_dag.py
[2023-09-02 18:09:14,954] {logging_mixin.py:115} INFO - [2023-09-02 18:09:14,953] {dag.py:2420} INFO - Sync 1 DAGs
[2023-09-02 18:09:14,964] {logging_mixin.py:115} INFO - [2023-09-02 18:09:14,963] {dag.py:2972} INFO - Setting next_dagrun for vic_investigacion_ETL to None, run_after=None
[2023-09-02 18:09:14,971] {processor.py:161} INFO - Processing /opt/airflow/dags/vic_investigacion_dag.py took 0.378 seconds
[2023-09-02 18:09:45,111] {processor.py:153} INFO - Started process (PID=735) to work on /opt/airflow/dags/vic_investigacion_dag.py
[2023-09-02 18:09:45,112] {processor.py:641} INFO - Processing file /opt/airflow/dags/vic_investigacion_dag.py for tasks to queue
[2023-09-02 18:09:45,113] {logging_mixin.py:115} INFO - [2023-09-02 18:09:45,113] {dagbag.py:508} INFO - Filling up the DagBag from /opt/airflow/dags/vic_investigacion_dag.py
[2023-09-02 18:09:45,123] {logging_mixin.py:115} INFO - [2023-09-02 18:09:45,123] {log_util.py:40} INFO - Module loaded.
[2023-09-02 18:09:45,540] {logging_mixin.py:115} INFO - [2023-09-02 18:09:45,539] {log_util.py:40} INFO - Module loaded.
[2023-09-02 18:09:45,543] {logging_mixin.py:115} INFO - [2023-09-02 18:09:45,543] {log_util.py:40} INFO - Module loaded.
[2023-09-02 18:09:45,547] {logging_mixin.py:115} INFO - [2023-09-02 18:09:45,546] {log_util.py:40} INFO - Module loaded.
[2023-09-02 18:09:45,550] {logging_mixin.py:115} INFO - [2023-09-02 18:09:45,550] {log_util.py:40} INFO - Module loaded.
[2023-09-02 18:09:45,647] {processor.py:651} INFO - DAG(s) dict_keys(['vic_investigacion_ETL']) retrieved from /opt/airflow/dags/vic_investigacion_dag.py
[2023-09-02 18:09:45,699] {logging_mixin.py:115} INFO - [2023-09-02 18:09:45,698] {dag.py:2420} INFO - Sync 1 DAGs
[2023-09-02 18:09:45,715] {logging_mixin.py:115} INFO - [2023-09-02 18:09:45,715] {dag.py:2972} INFO - Setting next_dagrun for vic_investigacion_ETL to None, run_after=None
[2023-09-02 18:09:45,727] {processor.py:161} INFO - Processing /opt/airflow/dags/vic_investigacion_dag.py took 0.619 seconds
[2023-09-02 18:10:16,070] {processor.py:153} INFO - Started process (PID=792) to work on /opt/airflow/dags/vic_investigacion_dag.py
[2023-09-02 18:10:16,072] {processor.py:641} INFO - Processing file /opt/airflow/dags/vic_investigacion_dag.py for tasks to queue
[2023-09-02 18:10:16,073] {logging_mixin.py:115} INFO - [2023-09-02 18:10:16,073] {dagbag.py:508} INFO - Filling up the DagBag from /opt/airflow/dags/vic_investigacion_dag.py
[2023-09-02 18:10:16,080] {logging_mixin.py:115} INFO - [2023-09-02 18:10:16,079] {log_util.py:40} INFO - Module loaded.
[2023-09-02 18:10:16,296] {logging_mixin.py:115} INFO - [2023-09-02 18:10:16,296] {log_util.py:40} INFO - Module loaded.
[2023-09-02 18:10:16,299] {logging_mixin.py:115} INFO - [2023-09-02 18:10:16,298] {log_util.py:40} INFO - Module loaded.
[2023-09-02 18:10:16,301] {logging_mixin.py:115} INFO - [2023-09-02 18:10:16,300] {log_util.py:40} INFO - Module loaded.
[2023-09-02 18:10:16,303] {logging_mixin.py:115} INFO - [2023-09-02 18:10:16,303] {log_util.py:40} INFO - Module loaded.
[2023-09-02 18:10:16,374] {processor.py:651} INFO - DAG(s) dict_keys(['vic_investigacion_ETL']) retrieved from /opt/airflow/dags/vic_investigacion_dag.py
[2023-09-02 18:10:16,408] {logging_mixin.py:115} INFO - [2023-09-02 18:10:16,408] {dag.py:2420} INFO - Sync 1 DAGs
[2023-09-02 18:10:16,417] {logging_mixin.py:115} INFO - [2023-09-02 18:10:16,417] {dag.py:2972} INFO - Setting next_dagrun for vic_investigacion_ETL to None, run_after=None
[2023-09-02 18:10:16,425] {processor.py:161} INFO - Processing /opt/airflow/dags/vic_investigacion_dag.py took 0.358 seconds
[2023-09-02 18:10:47,236] {processor.py:153} INFO - Started process (PID=851) to work on /opt/airflow/dags/vic_investigacion_dag.py
[2023-09-02 18:10:47,237] {processor.py:641} INFO - Processing file /opt/airflow/dags/vic_investigacion_dag.py for tasks to queue
[2023-09-02 18:10:47,239] {logging_mixin.py:115} INFO - [2023-09-02 18:10:47,239] {dagbag.py:508} INFO - Filling up the DagBag from /opt/airflow/dags/vic_investigacion_dag.py
[2023-09-02 18:10:47,250] {logging_mixin.py:115} INFO - [2023-09-02 18:10:47,249] {log_util.py:40} INFO - Module loaded.
[2023-09-02 18:10:47,763] {logging_mixin.py:115} INFO - [2023-09-02 18:10:47,762] {log_util.py:40} INFO - Module loaded.
[2023-09-02 18:10:47,766] {logging_mixin.py:115} INFO - [2023-09-02 18:10:47,765] {log_util.py:40} INFO - Module loaded.
[2023-09-02 18:10:47,769] {logging_mixin.py:115} INFO - [2023-09-02 18:10:47,768] {log_util.py:40} INFO - Module loaded.
[2023-09-02 18:10:47,772] {logging_mixin.py:115} INFO - [2023-09-02 18:10:47,771] {log_util.py:40} INFO - Module loaded.
[2023-09-02 18:10:47,879] {processor.py:651} INFO - DAG(s) dict_keys(['vic_investigacion_ETL']) retrieved from /opt/airflow/dags/vic_investigacion_dag.py
[2023-09-02 18:10:47,930] {logging_mixin.py:115} INFO - [2023-09-02 18:10:47,929] {dag.py:2420} INFO - Sync 1 DAGs
[2023-09-02 18:10:47,948] {logging_mixin.py:115} INFO - [2023-09-02 18:10:47,948] {dag.py:2972} INFO - Setting next_dagrun for vic_investigacion_ETL to None, run_after=None
[2023-09-02 18:10:47,958] {processor.py:161} INFO - Processing /opt/airflow/dags/vic_investigacion_dag.py took 0.728 seconds
[2023-09-02 18:11:18,327] {processor.py:153} INFO - Started process (PID=910) to work on /opt/airflow/dags/vic_investigacion_dag.py
[2023-09-02 18:11:18,328] {processor.py:641} INFO - Processing file /opt/airflow/dags/vic_investigacion_dag.py for tasks to queue
[2023-09-02 18:11:18,329] {logging_mixin.py:115} INFO - [2023-09-02 18:11:18,329] {dagbag.py:508} INFO - Filling up the DagBag from /opt/airflow/dags/vic_investigacion_dag.py
[2023-09-02 18:11:18,338] {logging_mixin.py:115} INFO - [2023-09-02 18:11:18,337] {log_util.py:40} INFO - Module loaded.
[2023-09-02 18:11:18,710] {logging_mixin.py:115} INFO - [2023-09-02 18:11:18,709] {log_util.py:40} INFO - Module loaded.
[2023-09-02 18:11:18,713] {logging_mixin.py:115} INFO - [2023-09-02 18:11:18,712] {log_util.py:40} INFO - Module loaded.
[2023-09-02 18:11:18,715] {logging_mixin.py:115} INFO - [2023-09-02 18:11:18,714] {log_util.py:40} INFO - Module loaded.
[2023-09-02 18:11:18,718] {logging_mixin.py:115} INFO - [2023-09-02 18:11:18,717] {log_util.py:40} INFO - Module loaded.
[2023-09-02 18:11:18,830] {processor.py:651} INFO - DAG(s) dict_keys(['vic_investigacion_ETL']) retrieved from /opt/airflow/dags/vic_investigacion_dag.py
[2023-09-02 18:11:18,877] {logging_mixin.py:115} INFO - [2023-09-02 18:11:18,876] {dag.py:2420} INFO - Sync 1 DAGs
[2023-09-02 18:11:18,890] {logging_mixin.py:115} INFO - [2023-09-02 18:11:18,890] {dag.py:2972} INFO - Setting next_dagrun for vic_investigacion_ETL to None, run_after=None
[2023-09-02 18:11:18,900] {processor.py:161} INFO - Processing /opt/airflow/dags/vic_investigacion_dag.py took 0.577 seconds
[2023-09-02 18:11:49,145] {processor.py:153} INFO - Started process (PID=959) to work on /opt/airflow/dags/vic_investigacion_dag.py
[2023-09-02 18:11:49,148] {processor.py:641} INFO - Processing file /opt/airflow/dags/vic_investigacion_dag.py for tasks to queue
[2023-09-02 18:11:49,149] {logging_mixin.py:115} INFO - [2023-09-02 18:11:49,149] {dagbag.py:508} INFO - Filling up the DagBag from /opt/airflow/dags/vic_investigacion_dag.py
[2023-09-02 18:11:49,164] {logging_mixin.py:115} INFO - [2023-09-02 18:11:49,164] {log_util.py:40} INFO - Module loaded.
[2023-09-02 18:11:49,620] {logging_mixin.py:115} INFO - [2023-09-02 18:11:49,619] {log_util.py:40} INFO - Module loaded.
[2023-09-02 18:11:49,623] {logging_mixin.py:115} INFO - [2023-09-02 18:11:49,623] {log_util.py:40} INFO - Module loaded.
[2023-09-02 18:11:49,626] {logging_mixin.py:115} INFO - [2023-09-02 18:11:49,625] {log_util.py:40} INFO - Module loaded.
[2023-09-02 18:11:49,628] {logging_mixin.py:115} INFO - [2023-09-02 18:11:49,627] {log_util.py:40} INFO - Module loaded.
[2023-09-02 18:11:49,733] {processor.py:651} INFO - DAG(s) dict_keys(['vic_investigacion_ETL']) retrieved from /opt/airflow/dags/vic_investigacion_dag.py
[2023-09-02 18:11:49,772] {logging_mixin.py:115} INFO - [2023-09-02 18:11:49,771] {dag.py:2420} INFO - Sync 1 DAGs
[2023-09-02 18:11:49,784] {logging_mixin.py:115} INFO - [2023-09-02 18:11:49,784] {dag.py:2972} INFO - Setting next_dagrun for vic_investigacion_ETL to None, run_after=None
[2023-09-02 18:11:49,793] {processor.py:161} INFO - Processing /opt/airflow/dags/vic_investigacion_dag.py took 0.656 seconds
